{"_path":"syslog","_write_ts":"2018-03-24T17:24:39.012994Z","ts":"2018-03-24T17:24:39.012994Z","uid":"CBs8sZ2kIbw2QgSdy4","id.orig_h":"10.47.22.25","id.orig_p":58947,"id.resp_h":"10.47.2.153","id.resp_p":514,"proto":"udp","facility":"LOCAL0","severity":"NOTICE","message":"1 2018-03-24T09:08:29-07:00 Kramer.jerry.land EvntSLog - - - Special privileges assigned to new logon. Subject: Security ID: S-1-5-21-1311969832-1707640848-2310541705-501 Account Name: Guest Account Domain: JERRY Logon ID: 0x3c6b248 Privileges: SeSecurityPrivilege SeBackupPrivilege SeRestorePrivilege SeTakeOwnershipPrivilege SeDebugPrivilege SeSystemEnvironmentPrivilege SeLoadDriverPrivilege SeImpersonatePrivilege SeEnableDelegationPrivilege"}
{"_path":"syslog","_write_ts":"2018-03-24T17:24:39.012996Z","ts":"2018-03-24T17:24:39.012996Z","uid":"CBs8sZ2kIbw2QgSdy4","id.orig_h":"10.47.22.25","id.orig_p":58947,"id.resp_h":"10.47.2.153","id.resp_p":514,"proto":"udp","facility":"LOCAL0","severity":"NOTICE","message":"1 2018-03-24T09:08:29-07:00 Kramer.jerry.land EvntSLog - - - Special privileges assigned to new logon. Subject: Security ID: S-1-5-21-1311969832-1707640848-2310541705-501 Account Name: Guest Account Domain: JERRY Logon ID: 0x3c6b248 Privileges: SeSecurityPrivilege SeBackupPrivilege SeRestorePrivilege SeTakeOwnershipPrivilege SeDebugPrivilege SeSystemEnvironmentPrivilege SeLoadDriverPrivilege SeImpersonatePrivilege SeEnableDelegationPrivilege"}
{"_path":"syslog","_write_ts":"2018-03-24T17:24:39.012998Z","ts":"2018-03-24T17:24:39.012998Z","uid":"CBs8sZ2kIbw2QgSdy4","id.orig_h":"10.47.22.25","id.orig_p":58947,"id.resp_h":"10.47.2.153","id.resp_p":514,"proto":"udp","facility":"LOCAL0","severity":"NOTICE","message":"1 2018-03-24T09:08:29-07:00 Kramer.jerry.land EvntSLog - - - Special privileges assigned to new logon. Subject: Security ID: S-1-5-21-1311969832-1707640848-2310541705-501 Account Name: Guest Account Domain: JERRY Logon ID: 0x3c6b248 Privileges: SeSecurityPrivilege SeBackupPrivilege SeRestorePrivilege SeTakeOwnershipPrivilege SeDebugPrivilege SeSystemEnvironmentPrivilege SeLoadDriverPrivilege SeImpersonatePrivilege SeEnableDelegationPrivilege"}
{"_path":"syslog","_write_ts":"2018-03-24T17:24:39.028062Z","ts":"2018-03-24T17:24:39.028062Z","uid":"CBs8sZ2kIbw2QgSdy4","id.orig_h":"10.47.22.25","id.orig_p":58947,"id.resp_h":"10.47.2.153","id.resp_p":514,"proto":"udp","facility":"LOCAL0","severity":"NOTICE","message":"1 2018-03-24T09:08:29-07:00 Kramer.jerry.land EvntSLog - - - An account was logged off. Subject: Security ID: S-1-5-21-1311969832-1707640848-2310541705-501 Account Name: Guest Account Domain: JERRY Logon ID: 0x3c6b248 Logon Type: 3 This event is generated when a logon session is destroyed. It may be positively correlated with a logon event using the Logon ID value. Logon IDs are only unique between reboots on the same computer."}
{"_path":"syslog","_write_ts":"2018-03-24T17:24:39.028066Z","ts":"2018-03-24T17:24:39.028066Z","uid":"CBs8sZ2kIbw2QgSdy4","id.orig_h":"10.47.22.25","id.orig_p":58947,"id.resp_h":"10.47.2.153","id.resp_p":514,"proto":"udp","facility":"LOCAL0","severity":"NOTICE","message":"1 2018-03-24T09:08:29-07:00 Kramer.jerry.land EvntSLog - - - An account was logged off. Subject: Security ID: S-1-5-21-1311969832-1707640848-2310541705-501 Account Name: Guest Account Domain: JERRY Logon ID: 0x3c6b248 Logon Type: 3 This event is generated when a logon session is destroyed. It may be positively correlated with a logon event using the Logon ID value. Logon IDs are only unique between reboots on the same computer."}
{"_path":"syslog","_write_ts":"2018-03-24T17:24:39.028068Z","ts":"2018-03-24T17:24:39.028068Z","uid":"CBs8sZ2kIbw2QgSdy4","id.orig_h":"10.47.22.25","id.orig_p":58947,"id.resp_h":"10.47.2.153","id.resp_p":514,"proto":"udp","facility":"LOCAL0","severity":"NOTICE","message":"1 2018-03-24T09:08:29-07:00 Kramer.jerry.land EvntSLog - - - An account was logged off. Subject: Security ID: S-1-5-21-1311969832-1707640848-2310541705-501 Account Name: Guest Account Domain: JERRY Logon ID: 0x3c6b248 Logon Type: 3 This event is generated when a logon session is destroyed. It may be positively correlated with a logon event using the Logon ID value. Logon IDs are only unique between reboots on the same computer."}
{"_path":"syslog","_write_ts":"2018-03-24T17:24:39.028074Z","ts":"2018-03-24T17:24:39.028074Z","uid":"CBs8sZ2kIbw2QgSdy4","id.orig_h":"10.47.22.25","id.orig_p":58947,"id.resp_h":"10.47.2.153","id.resp_p":514,"proto":"udp","facility":"LOCAL0","severity":"NOTICE","message":"1 2018-03-24T09:08:29-07:00 Kramer.jerry.land EvntSLog - - - An account was logged off. Subject: Security ID: S-1-5-21-1311969832-1707640848-2310541705-501 Account Name: Guest Account Domain: JERRY Logon ID: 0x3c6b248 Logon Type: 3 This event is generated when a logon session is destroyed. It may be positively correlated with a logon event using the Logon ID value. Logon IDs are only unique between reboots on the same computer."}
{"_path":"syslog","_write_ts":"2018-03-24T17:24:52.202349Z","ts":"2018-03-24T17:24:52.202349Z","uid":"CBs8sZ2kIbw2QgSdy4","id.orig_h":"10.47.22.25","id.orig_p":58947,"id.resp_h":"10.47.2.153","id.resp_p":514,"proto":"udp","facility":"LOCAL0","severity":"NOTICE","message":"1 2018-03-24T09:08:42-07:00 Kramer.jerry.land EvntSLog - - - The domain controller attempted to validate the credentials for an account. Authentication Package: MICROSOFT_AUTHENTICATION_PACKAGE_V1_0 Logon Account: Guest Source Workstation: WORKSTATION Error Code: 0x0"}
{"_path":"syslog","_write_ts":"2018-03-24T17:24:52.202353Z","ts":"2018-03-24T17:24:52.202353Z","uid":"CBs8sZ2kIbw2QgSdy4","id.orig_h":"10.47.22.25","id.orig_p":58947,"id.resp_h":"10.47.2.153","id.resp_p":514,"proto":"udp","facility":"LOCAL0","severity":"NOTICE","message":"1 2018-03-24T09:08:42-07:00 Kramer.jerry.land EvntSLog - - - The domain controller attempted to validate the credentials for an account. Authentication Package: MICROSOFT_AUTHENTICATION_PACKAGE_V1_0 Logon Account: Guest Source Workstation: WORKSTATION Error Code: 0x0"}
{"_path":"syslog","_write_ts":"2018-03-24T17:24:52.202359Z","ts":"2018-03-24T17:24:52.202359Z","uid":"CBs8sZ2kIbw2QgSdy4","id.orig_h":"10.47.22.25","id.orig_p":58947,"id.resp_h":"10.47.2.153","id.resp_p":514,"proto":"udp","facility":"LOCAL0","severity":"NOTICE","message":"1 2018-03-24T09:08:42-07:00 Kramer.jerry.land EvntSLog - - - The domain controller attempted to validate the credentials for an account. Authentication Package: MICROSOFT_AUTHENTICATION_PACKAGE_V1_0 Logon Account: Guest Source Workstation: WORKSTATION Error Code: 0x0"}
{"_path":"syslog","_write_ts":"2018-03-24T17:24:52.202360Z","ts":"2018-03-24T17:24:52.202360Z","uid":"CBs8sZ2kIbw2QgSdy4","id.orig_h":"10.47.22.25","id.orig_p":58947,"id.resp_h":"10.47.2.153","id.resp_p":514,"proto":"udp","facility":"LOCAL0","severity":"NOTICE","message":"1 2018-03-24T09:08:42-07:00 Kramer.jerry.land EvntSLog - - - The domain controller attempted to validate the credentials for an account. Authentication Package: MICROSOFT_AUTHENTICATION_PACKAGE_V1_0 Logon Account: Guest Source Workstation: WORKSTATION Error Code: 0x0"}
{"_path":"syslog","_write_ts":"2018-03-24T17:24:52.209071Z","ts":"2018-03-24T17:24:52.209071Z","uid":"CBs8sZ2kIbw2QgSdy4","id.orig_h":"10.47.22.25","id.orig_p":58947,"id.resp_h":"10.47.2.153","id.resp_p":514,"proto":"udp","facility":"LOCAL0","severity":"NOTICE","message":"1 2018-03-24T09:08:42-07:00 Kramer.jerry.land EvntSLog - - - Special privileges assigned to new logon. Subject: Security ID: S-1-5-21-1311969832-1707640848-2310541705-501 Account Name: Guest Account Domain: JERRY Logon ID: 0x3c6c612 Privileges: SeSecurityPrivilege SeBackupPrivilege SeRestorePrivilege SeTakeOwnershipPrivilege SeDebugPrivilege SeSystemEnvironmentPrivilege SeLoadDriverPrivilege SeImpersonatePrivilege SeEnableDelegationPrivilege"}
{"_path":"syslog","_write_ts":"2018-03-24T17:24:52.209072Z","ts":"2018-03-24T17:24:52.209072Z","uid":"CBs8sZ2kIbw2QgSdy4","id.orig_h":"10.47.22.25","id.orig_p":58947,"id.resp_h":"10.47.2.153","id.resp_p":514,"proto":"udp","facility":"LOCAL0","severity":"NOTICE","message":"1 2018-03-24T09:08:42-07:00 Kramer.jerry.land EvntSLog - - - Special privileges assigned to new logon. Subject: Security ID: S-1-5-21-1311969832-1707640848-2310541705-501 Account Name: Guest Account Domain: JERRY Logon ID: 0x3c6c612 Privileges: SeSecurityPrivilege SeBackupPrivilege SeRestorePrivilege SeTakeOwnershipPrivilege SeDebugPrivilege SeSystemEnvironmentPrivilege SeLoadDriverPrivilege SeImpersonatePrivilege SeEnableDelegationPrivilege"}
{"_path":"syslog","_write_ts":"2018-03-24T17:24:52.209118Z","ts":"2018-03-24T17:24:52.209118Z","uid":"CBs8sZ2kIbw2QgSdy4","id.orig_h":"10.47.22.25","id.orig_p":58947,"id.resp_h":"10.47.2.153","id.resp_p":514,"proto":"udp","facility":"LOCAL0","severity":"NOTICE","message":"1 2018-03-24T09:08:42-07:00 Kramer.jerry.land EvntSLog - - - Special privileges assigned to new logon. Subject: Security ID: S-1-5-21-1311969832-1707640848-2310541705-501 Account Name: Guest Account Domain: JERRY Logon ID: 0x3c6c612 Privileges: SeSecurityPrivilege SeBackupPrivilege SeRestorePrivilege SeTakeOwnershipPrivilege SeDebugPrivilege SeSystemEnvironmentPrivilege SeLoadDriverPrivilege SeImpersonatePrivilege SeEnableDelegationPrivilege"}
{"_path":"syslog","_write_ts":"2018-03-24T17:24:52.209121Z","ts":"2018-03-24T17:24:52.209121Z","uid":"CBs8sZ2kIbw2QgSdy4","id.orig_h":"10.47.22.25","id.orig_p":58947,"id.resp_h":"10.47.2.153","id.resp_p":514,"proto":"udp","facility":"LOCAL0","severity":"NOTICE","message":"1 2018-03-24T09:08:42-07:00 Kramer.jerry.land EvntSLog - - - Special privileges assigned to new logon. Subject: Security ID: S-1-5-21-1311969832-1707640848-2310541705-501 Account Name: Guest Account Domain: JERRY Logon ID: 0x3c6c612 Privileges: SeSecurityPrivilege SeBackupPrivilege SeRestorePrivilege SeTakeOwnershipPrivilege SeDebugPrivilege SeSystemEnvironmentPrivilege SeLoadDriverPrivilege SeImpersonatePrivilege SeEnableDelegationPrivilege"}
{"_path":"syslog","_write_ts":"2018-03-24T17:24:52.224714Z","ts":"2018-03-24T17:24:52.224714Z","uid":"CBs8sZ2kIbw2QgSdy4","id.orig_h":"10.47.22.25","id.orig_p":58947,"id.resp_h":"10.47.2.153","id.resp_p":514,"proto":"udp","facility":"LOCAL0","severity":"NOTICE","message":"1 2018-03-24T09:08:42-07:00 Kramer.jerry.land EvntSLog - - - An account was logged off. Subject: Security ID: S-1-5-21-1311969832-1707640848-2310541705-501 Account Name: Guest Account Domain: JERRY Logon ID: 0x3c6c612 Logon Type: 3 This event is generated when a logon session is destroyed. It may be positively correlated with a logon event using the Logon ID value. Logon IDs are only unique between reboots on the same computer."}
{"_path":"syslog","_write_ts":"2018-03-24T17:24:52.224718Z","ts":"2018-03-24T17:24:52.224718Z","uid":"CBs8sZ2kIbw2QgSdy4","id.orig_h":"10.47.22.25","id.orig_p":58947,"id.resp_h":"10.47.2.153","id.resp_p":514,"proto":"udp","facility":"LOCAL0","severity":"NOTICE","message":"1 2018-03-24T09:08:42-07:00 Kramer.jerry.land EvntSLog - - - An account was logged off. Subject: Security ID: S-1-5-21-1311969832-1707640848-2310541705-501 Account Name: Guest Account Domain: JERRY Logon ID: 0x3c6c612 Logon Type: 3 This event is generated when a logon session is destroyed. It may be positively correlated with a logon event using the Logon ID value. Logon IDs are only unique between reboots on the same computer."}
{"_path":"syslog","_write_ts":"2018-03-24T17:24:52.224720Z","ts":"2018-03-24T17:24:52.224720Z","uid":"CBs8sZ2kIbw2QgSdy4","id.orig_h":"10.47.22.25","id.orig_p":58947,"id.resp_h":"10.47.2.153","id.resp_p":514,"proto":"udp","facility":"LOCAL0","severity":"NOTICE","message":"1 2018-03-24T09:08:42-07:00 Kramer.jerry.land EvntSLog - - - An account was logged off. Subject: Security ID: S-1-5-21-1311969832-1707640848-2310541705-501 Account Name: Guest Account Domain: JERRY Logon ID: 0x3c6c612 Logon Type: 3 This event is generated when a logon session is destroyed. It may be positively correlated with a logon event using the Logon ID value. Logon IDs are only unique between reboots on the same computer."}
{"_path":"syslog","_write_ts":"2018-03-24T17:24:52.224722Z","ts":"2018-03-24T17:24:52.224722Z","uid":"CBs8sZ2kIbw2QgSdy4","id.orig_h":"10.47.22.25","id.orig_p":58947,"id.resp_h":"10.47.2.153","id.resp_p":514,"proto":"udp","facility":"LOCAL0","severity":"NOTICE","message":"1 2018-03-24T09:08:42-07:00 Kramer.jerry.land EvntSLog - - - An account was logged off. Subject: Security ID: S-1-5-21-1311969832-1707640848-2310541705-501 Account Name: Guest Account Domain: JERRY Logon ID: 0x3c6c612 Logon Type: 3 This event is generated when a logon session is destroyed. It may be positively correlated with a logon event using the Logon ID value. Logon IDs are only unique between reboots on the same computer."}
{"_path":"syslog","_write_ts":"2018-03-24T17:24:54.206138Z","ts":"2018-03-24T17:24:54.206138Z","uid":"CBs8sZ2kIbw2QgSdy4","id.orig_h":"10.47.22.25","id.orig_p":58947,"id.resp_h":"10.47.2.153","id.resp_p":514,"proto":"udp","facility":"LOCAL0","severity":"NOTICE","message":"1 2018-03-24T09:08:44-07:00 Kramer.jerry.land EvntSLog - - - The domain controller attempted to validate the credentials for an account. Authentication Package: MICROSOFT_AUTHENTICATION_PACKAGE_V1_0 Logon Account: Guest Source Workstation: NcEt4ZK5thmu6HSf Error Code: 0x0"}
{"_path":"syslog","_write_ts":"2018-03-24T17:24:54.206142Z","ts":"2018-03-24T17:24:54.206142Z","uid":"CBs8sZ2kIbw2QgSdy4","id.orig_h":"10.47.22.25","id.orig_p":58947,"id.resp_h":"10.47.2.153","id.resp_p":514,"proto":"udp","facility":"LOCAL0","severity":"NOTICE","message":"1 2018-03-24T09:08:44-07:00 Kramer.jerry.land EvntSLog - - - The domain controller attempted to validate the credentials for an account. Authentication Package: MICROSOFT_AUTHENTICATION_PACKAGE_V1_0 Logon Account: Guest Source Workstation: NcEt4ZK5thmu6HSf Error Code: 0x0"}
{"_path":"syslog","_write_ts":"2018-03-24T17:24:54.206144Z","ts":"2018-03-24T17:24:54.206144Z","uid":"CBs8sZ2kIbw2QgSdy4","id.orig_h":"10.47.22.25","id.orig_p":58947,"id.resp_h":"10.47.2.153","id.resp_p":514,"proto":"udp","facility":"LOCAL0","severity":"NOTICE","message":"1 2018-03-24T09:08:44-07:00 Kramer.jerry.land EvntSLog - - - The domain controller attempted to validate the credentials for an account. Authentication Package: MICROSOFT_AUTHENTICATION_PACKAGE_V1_0 Logon Account: Guest Source Workstation: NcEt4ZK5thmu6HSf Error Code: 0x0"}
{"_path":"syslog","_write_ts":"2018-03-24T17:24:54.206146Z","ts":"2018-03-24T17:24:54.206146Z","uid":"CBs8sZ2kIbw2QgSdy4","id.orig_h":"10.47.22.25","id.orig_p":58947,"id.resp_h":"10.47.2.153","id.resp_p":514,"proto":"udp","facility":"LOCAL0","severity":"NOTICE","message":"1 2018-03-24T09:08:44-07:00 Kramer.jerry.land EvntSLog - - - The domain controller attempted to validate the credentials for an account. Authentication Package: MICROSOFT_AUTHENTICATION_PACKAGE_V1_0 Logon Account: Guest Source Workstation: NcEt4ZK5thmu6HSf Error Code: 0x0"}
{"_path":"syslog","_write_ts":"2018-03-24T17:24:54.221959Z","ts":"2018-03-24T17:24:54.221959Z","uid":"CBs8sZ2kIbw2QgSdy4","id.orig_h":"10.47.22.25","id.orig_p":58947,"id.resp_h":"10.47.2.153","id.resp_p":514,"proto":"udp","facility":"LOCAL0","severity":"NOTICE","message":"1 2018-03-24T09:08:44-07:00 Kramer.jerry.land EvntSLog - - - Special privileges assigned to new logon. Subject: Security ID: S-1-5-21-1311969832-1707640848-2310541705-501 Account Name: Guest Account Domain: JERRY Logon ID: 0x3c6ca19 Privileges: SeSecurityPrivilege SeBackupPrivilege SeRestorePrivilege SeTakeOwnershipPrivilege SeDebugPrivilege SeSystemEnvironmentPrivilege SeLoadDriverPrivilege SeImpersonatePrivilege SeEnableDelegationPrivilege"}
{"_path":"syslog","_write_ts":"2018-03-24T17:24:54.221961Z","ts":"2018-03-24T17:24:54.221961Z","uid":"CBs8sZ2kIbw2QgSdy4","id.orig_h":"10.47.22.25","id.orig_p":58947,"id.resp_h":"10.47.2.153","id.resp_p":514,"proto":"udp","facility":"LOCAL0","severity":"NOTICE","message":"1 2018-03-24T09:08:44-07:00 Kramer.jerry.land EvntSLog - - - Special privileges assigned to new logon. Subject: Security ID: S-1-5-21-1311969832-1707640848-2310541705-501 Account Name: Guest Account Domain: JERRY Logon ID: 0x3c6ca19 Privileges: SeSecurityPrivilege SeBackupPrivilege SeRestorePrivilege SeTakeOwnershipPrivilege SeDebugPrivilege SeSystemEnvironmentPrivilege SeLoadDriverPrivilege SeImpersonatePrivilege SeEnableDelegationPrivilege"}
{"_path":"syslog","_write_ts":"2018-03-24T17:24:54.221963Z","ts":"2018-03-24T17:24:54.221963Z","uid":"CBs8sZ2kIbw2QgSdy4","id.orig_h":"10.47.22.25","id.orig_p":58947,"id.resp_h":"10.47.2.153","id.resp_p":514,"proto":"udp","facility":"LOCAL0","severity":"NOTICE","message":"1 2018-03-24T09:08:44-07:00 Kramer.jerry.land EvntSLog - - - Special privileges assigned to new logon. Subject: Security ID: S-1-5-21-1311969832-1707640848-2310541705-501 Account Name: Guest Account Domain: JERRY Logon ID: 0x3c6ca19 Privileges: SeSecurityPrivilege SeBackupPrivilege SeRestorePrivilege SeTakeOwnershipPrivilege SeDebugPrivilege SeSystemEnvironmentPrivilege SeLoadDriverPrivilege SeImpersonatePrivilege SeEnableDelegationPrivilege"}
{"_path":"syslog","_write_ts":"2018-03-24T17:24:54.221965Z","ts":"2018-03-24T17:24:54.221965Z","uid":"CBs8sZ2kIbw2QgSdy4","id.orig_h":"10.47.22.25","id.orig_p":58947,"id.resp_h":"10.47.2.153","id.resp_p":514,"proto":"udp","facility":"LOCAL0","severity":"NOTICE","message":"1 2018-03-24T09:08:44-07:00 Kramer.jerry.land EvntSLog - - - Special privileges assigned to new logon. Subject: Security ID: S-1-5-21-1311969832-1707640848-2310541705-501 Account Name: Guest Account Domain: JERRY Logon ID: 0x3c6ca19 Privileges: SeSecurityPrivilege SeBackupPrivilege SeRestorePrivilege SeTakeOwnershipPrivilege SeDebugPrivilege SeSystemEnvironmentPrivilege SeLoadDriverPrivilege SeImpersonatePrivilege SeEnableDelegationPrivilege"}
{"_path":"syslog","_write_ts":"2018-03-24T17:24:54.237334Z","ts":"2018-03-24T17:24:54.237334Z","uid":"CBs8sZ2kIbw2QgSdy4","id.orig_h":"10.47.22.25","id.orig_p":58947,"id.resp_h":"10.47.2.153","id.resp_p":514,"proto":"udp","facility":"LOCAL0","severity":"NOTICE","message":"1 2018-03-24T09:08:44-07:00 Kramer.jerry.land EvntSLog - - - An account was logged off. Subject: Security ID: S-1-5-21-1311969832-1707640848-2310541705-501 Account Name: Guest Account Domain: JERRY Logon ID: 0x3c6ca19 Logon Type: 3 This event is generated when a logon session is destroyed. It may be positively correlated with a logon event using the Logon ID value. Logon IDs are only unique between reboots on the same computer."}
{"_path":"syslog","_write_ts":"2018-03-24T17:24:54.237336Z","ts":"2018-03-24T17:24:54.237336Z","uid":"CBs8sZ2kIbw2QgSdy4","id.orig_h":"10.47.22.25","id.orig_p":58947,"id.resp_h":"10.47.2.153","id.resp_p":514,"proto":"udp","facility":"LOCAL0","severity":"NOTICE","message":"1 2018-03-24T09:08:44-07:00 Kramer.jerry.land EvntSLog - - - An account was logged off. Subject: Security ID: S-1-5-21-1311969832-1707640848-2310541705-501 Account Name: Guest Account Domain: JERRY Logon ID: 0x3c6ca19 Logon Type: 3 This event is generated when a logon session is destroyed. It may be positively correlated with a logon event using the Logon ID value. Logon IDs are only unique between reboots on the same computer."}
{"_path":"syslog","_write_ts":"2018-03-24T17:24:54.237338Z","ts":"2018-03-24T17:24:54.237338Z","uid":"CBs8sZ2kIbw2QgSdy4","id.orig_h":"10.47.22.25","id.orig_p":58947,"id.resp_h":"10.47.2.153","id.resp_p":514,"proto":"udp","facility":"LOCAL0","severity":"NOTICE","message":"1 2018-03-24T09:08:44-07:00 Kramer.jerry.land EvntSLog - - - An account was logged off. Subject: Security ID: S-1-5-21-1311969832-1707640848-2310541705-501 Account Name: Guest Account Domain: JERRY Logon ID: 0x3c6ca19 Logon Type: 3 This event is generated when a logon session is destroyed. It may be positively correlated with a logon event using the Logon ID value. Logon IDs are only unique between reboots on the same computer."}
{"_path":"syslog","_write_ts":"2018-03-24T17:24:54.237340Z","ts":"2018-03-24T17:24:54.237340Z","uid":"CBs8sZ2kIbw2QgSdy4","id.orig_h":"10.47.22.25","id.orig_p":58947,"id.resp_h":"10.47.2.153","id.resp_p":514,"proto":"udp","facility":"LOCAL0","severity":"NOTICE","message":"1 2018-03-24T09:08:44-07:00 Kramer.jerry.land EvntSLog - - - An account was logged off. Subject: Security ID: S-1-5-21-1311969832-1707640848-2310541705-501 Account Name: Guest Account Domain: JERRY Logon ID: 0x3c6ca19 Logon Type: 3 This event is generated when a logon session is destroyed. It may be positively correlated with a logon event using the Logon ID value. Logon IDs are only unique between reboots on the same computer."}
{"_path":"syslog","_write_ts":"2018-03-24T17:25:07.388850Z","ts":"2018-03-24T17:25:07.388850Z","uid":"CBs8sZ2kIbw2QgSdy4","id.orig_h":"10.47.22.25","id.orig_p":58947,"id.resp_h":"10.47.2.153","id.resp_p":514,"proto":"udp","facility":"LOCAL0","severity":"NOTICE","message":"1 2018-03-24T09:08:57-07:00 Kramer.jerry.land EvntSLog - - - The domain controller attempted to validate the credentials for an account. Authentication Package: MICROSOFT_AUTHENTICATION_PACKAGE_V1_0 Logon Account: Guest Source Workstation: WORKSTATION Error Code: 0x0"}
{"_path":"syslog","_write_ts":"2018-03-24T17:25:07.388856Z","ts":"2018-03-24T17:25:07.388856Z","uid":"CBs8sZ2kIbw2QgSdy4","id.orig_h":"10.47.22.25","id.orig_p":58947,"id.resp_h":"10.47.2.153","id.resp_p":514,"proto":"udp","facility":"LOCAL0","severity":"NOTICE","message":"1 2018-03-24T09:08:57-07:00 Kramer.jerry.land EvntSLog - - - The domain controller attempted to validate the credentials for an account. Authentication Package: MICROSOFT_AUTHENTICATION_PACKAGE_V1_0 Logon Account: Guest Source Workstation: WORKSTATION Error Code: 0x0"}
{"_path":"syslog","_write_ts":"2018-03-24T17:25:07.389030Z","ts":"2018-03-24T17:25:07.389030Z","uid":"CBs8sZ2kIbw2QgSdy4","id.orig_h":"10.47.22.25","id.orig_p":58947,"id.resp_h":"10.47.2.153","id.resp_p":514,"proto":"udp","facility":"LOCAL0","severity":"NOTICE","message":"1 2018-03-24T09:08:57-07:00 Kramer.jerry.land EvntSLog - - - The domain controller attempted to validate the credentials for an account. Authentication Package: MICROSOFT_AUTHENTICATION_PACKAGE_V1_0 Logon Account: Guest Source Workstation: WORKSTATION Error Code: 0x0"}
{"_path":"syslog","_write_ts":"2018-03-24T17:25:07.389034Z","ts":"2018-03-24T17:25:07.389034Z","uid":"CBs8sZ2kIbw2QgSdy4","id.orig_h":"10.47.22.25","id.orig_p":58947,"id.resp_h":"10.47.2.153","id.resp_p":514,"proto":"udp","facility":"LOCAL0","severity":"NOTICE","message":"1 2018-03-24T09:08:57-07:00 Kramer.jerry.land EvntSLog - - - The domain controller attempted to validate the credentials for an account. Authentication Package: MICROSOFT_AUTHENTICATION_PACKAGE_V1_0 Logon Account: Guest Source Workstation: WORKSTATION Error Code: 0x0"}
{"_path":"syslog","_write_ts":"2018-03-24T17:25:07.404442Z","ts":"2018-03-24T17:25:07.404442Z","uid":"CBs8sZ2kIbw2QgSdy4","id.orig_h":"10.47.22.25","id.orig_p":58947,"id.resp_h":"10.47.2.153","id.resp_p":514,"proto":"udp","facility":"LOCAL0","severity":"NOTICE","message":"1 2018-03-24T09:08:57-07:00 Kramer.jerry.land EvntSLog - - - Special privileges assigned to new logon. Subject: Security ID: S-1-5-21-1311969832-1707640848-2310541705-501 Account Name: Guest Account Domain: JERRY Logon ID: 0x3c6e528 Privileges: SeSecurityPrivilege SeBackupPrivilege SeRestorePrivilege SeTakeOwnershipPrivilege SeDebugPrivilege SeSystemEnvironmentPrivilege SeLoadDriverPrivilege SeImpersonatePrivilege SeEnableDelegationPrivilege"}
{"_path":"syslog","_write_ts":"2018-03-24T17:25:07.404448Z","ts":"2018-03-24T17:25:07.404448Z","uid":"CBs8sZ2kIbw2QgSdy4","id.orig_h":"10.47.22.25","id.orig_p":58947,"id.resp_h":"10.47.2.153","id.resp_p":514,"proto":"udp","facility":"LOCAL0","severity":"NOTICE","message":"1 2018-03-24T09:08:57-07:00 Kramer.jerry.land EvntSLog - - - Special privileges assigned to new logon. Subject: Security ID: S-1-5-21-1311969832-1707640848-2310541705-501 Account Name: Guest Account Domain: JERRY Logon ID: 0x3c6e528 Privileges: SeSecurityPrivilege SeBackupPrivilege SeRestorePrivilege SeTakeOwnershipPrivilege SeDebugPrivilege SeSystemEnvironmentPrivilege SeLoadDriverPrivilege SeImpersonatePrivilege SeEnableDelegationPrivilege"}
{"_path":"syslog","_write_ts":"2018-03-24T17:25:07.404452Z","ts":"2018-03-24T17:25:07.404452Z","uid":"CBs8sZ2kIbw2QgSdy4","id.orig_h":"10.47.22.25","id.orig_p":58947,"id.resp_h":"10.47.2.153","id.resp_p":514,"proto":"udp","facility":"LOCAL0","severity":"NOTICE","message":"1 2018-03-24T09:08:57-07:00 Kramer.jerry.land EvntSLog - - - Special privileges assigned to new logon. Subject: Security ID: S-1-5-21-1311969832-1707640848-2310541705-501 Account Name: Guest Account Domain: JERRY Logon ID: 0x3c6e528 Privileges: SeSecurityPrivilege SeBackupPrivilege SeRestorePrivilege SeTakeOwnershipPrivilege SeDebugPrivilege SeSystemEnvironmentPrivilege SeLoadDriverPrivilege SeImpersonatePrivilege SeEnableDelegationPrivilege"}
{"_path":"syslog","_write_ts":"2018-03-24T17:25:07.404454Z","ts":"2018-03-24T17:25:07.404454Z","uid":"CBs8sZ2kIbw2QgSdy4","id.orig_h":"10.47.22.25","id.orig_p":58947,"id.resp_h":"10.47.2.153","id.resp_p":514,"proto":"udp","facility":"LOCAL0","severity":"NOTICE","message":"1 2018-03-24T09:08:57-07:00 Kramer.jerry.land EvntSLog - - - Special privileges assigned to new logon. Subject: Security ID: S-1-5-21-1311969832-1707640848-2310541705-501 Account Name: Guest Account Domain: JERRY Logon ID: 0x3c6e528 Privileges: SeSecurityPrivilege SeBackupPrivilege SeRestorePrivilege SeTakeOwnershipPrivilege SeDebugPrivilege SeSystemEnvironmentPrivilege SeLoadDriverPrivilege SeImpersonatePrivilege SeEnableDelegationPrivilege"}
{"_path":"syslog","_write_ts":"2018-03-24T17:25:07.420140Z","ts":"2018-03-24T17:25:07.420140Z","uid":"CBs8sZ2kIbw2QgSdy4","id.orig_h":"10.47.22.25","id.orig_p":58947,"id.resp_h":"10.47.2.153","id.resp_p":514,"proto":"udp","facility":"LOCAL0","severity":"NOTICE","message":"1 2018-03-24T09:08:57-07:00 Kramer.jerry.land EvntSLog - - - An account was logged off. Subject: Security ID: S-1-5-21-1311969832-1707640848-2310541705-501 Account Name: Guest Account Domain: JERRY Logon ID: 0x3c6e528 Logon Type: 3 This event is generated when a logon session is destroyed. It may be positively correlated with a logon event using the Logon ID value. Logon IDs are only unique between reboots on the same computer."}
{"_path":"syslog","_write_ts":"2018-03-24T17:25:07.420142Z","ts":"2018-03-24T17:25:07.420142Z","uid":"CBs8sZ2kIbw2QgSdy4","id.orig_h":"10.47.22.25","id.orig_p":58947,"id.resp_h":"10.47.2.153","id.resp_p":514,"proto":"udp","facility":"LOCAL0","severity":"NOTICE","message":"1 2018-03-24T09:08:57-07:00 Kramer.jerry.land EvntSLog - - - An account was logged off. Subject: Security ID: S-1-5-21-1311969832-1707640848-2310541705-501 Account Name: Guest Account Domain: JERRY Logon ID: 0x3c6e528 Logon Type: 3 This event is generated when a logon session is destroyed. It may be positively correlated with a logon event using the Logon ID value. Logon IDs are only unique between reboots on the same computer."}
{"_path":"syslog","_write_ts":"2018-03-24T17:25:07.420144Z","ts":"2018-03-24T17:25:07.420144Z","uid":"CBs8sZ2kIbw2QgSdy4","id.orig_h":"10.47.22.25","id.orig_p":58947,"id.resp_h":"10.47.2.153","id.resp_p":514,"proto":"udp","facility":"LOCAL0","severity":"NOTICE","message":"1 2018-03-24T09:08:57-07:00 Kramer.jerry.land EvntSLog - - - An account was logged off. Subject: Security ID: S-1-5-21-1311969832-1707640848-2310541705-501 Account Name: Guest Account Domain: JERRY Logon ID: 0x3c6e528 Logon Type: 3 This event is generated when a logon session is destroyed. It may be positively correlated with a logon event using the Logon ID value. Logon IDs are only unique between reboots on the same computer."}
{"_path":"syslog","_write_ts":"2018-03-24T17:25:07.420146Z","ts":"2018-03-24T17:25:07.420146Z","uid":"CBs8sZ2kIbw2QgSdy4","id.orig_h":"10.47.22.25","id.orig_p":58947,"id.resp_h":"10.47.2.153","id.resp_p":514,"proto":"udp","facility":"LOCAL0","severity":"NOTICE","message":"1 2018-03-24T09:08:57-07:00 Kramer.jerry.land EvntSLog - - - An account was logged off. Subject: Security ID: S-1-5-21-1311969832-1707640848-2310541705-501 Account Name: Guest Account Domain: JERRY Logon ID: 0x3c6e528 Logon Type: 3 This event is generated when a logon session is destroyed. It may be positively correlated with a logon event using the Logon ID value. Logon IDs are only unique between reboots on the same computer."}
{"_path":"syslog","_write_ts":"2018-03-24T17:25:09.418481Z","ts":"2018-03-24T17:25:09.418481Z","uid":"CBs8sZ2kIbw2QgSdy4","id.orig_h":"10.47.22.25","id.orig_p":58947,"id.resp_h":"10.47.2.153","id.resp_p":514,"proto":"udp","facility":"LOCAL0","severity":"NOTICE","message":"1 2018-03-24T09:08:59-07:00 Kramer.jerry.land EvntSLog - - - The domain controller attempted to validate the credentials for an account. Authentication Package: MICROSOFT_AUTHENTICATION_PACKAGE_V1_0 Logon Account: Guest Source Workstation: BLAbvv01keJ6vKZ9 Error Code: 0x0"}
{"_path":"syslog","_write_ts":"2018-03-24T17:25:09.418484Z","ts":"2018-03-24T17:25:09.418484Z","uid":"CBs8sZ2kIbw2QgSdy4","id.orig_h":"10.47.22.25","id.orig_p":58947,"id.resp_h":"10.47.2.153","id.resp_p":514,"proto":"udp","facility":"LOCAL0","severity":"NOTICE","message":"1 2018-03-24T09:08:59-07:00 Kramer.jerry.land EvntSLog - - - The domain controller attempted to validate the credentials for an account. Authentication Package: MICROSOFT_AUTHENTICATION_PACKAGE_V1_0 Logon Account: Guest Source Workstation: BLAbvv01keJ6vKZ9 Error Code: 0x0"}
{"_path":"syslog","_write_ts":"2018-03-24T17:25:09.418521Z","ts":"2018-03-24T17:25:09.418521Z","uid":"CBs8sZ2kIbw2QgSdy4","id.orig_h":"10.47.22.25","id.orig_p":58947,"id.resp_h":"10.47.2.153","id.resp_p":514,"proto":"udp","facility":"LOCAL0","severity":"NOTICE","message":"1 2018-03-24T09:08:59-07:00 Kramer.jerry.land EvntSLog - - - The domain controller attempted to validate the credentials for an account. Authentication Package: MICROSOFT_AUTHENTICATION_PACKAGE_V1_0 Logon Account: Guest Source Workstation: BLAbvv01keJ6vKZ9 Error Code: 0x0"}
{"_path":"syslog","_write_ts":"2018-03-24T17:25:09.418524Z","ts":"2018-03-24T17:25:09.418524Z","uid":"CBs8sZ2kIbw2QgSdy4","id.orig_h":"10.47.22.25","id.orig_p":58947,"id.resp_h":"10.47.2.153","id.resp_p":514,"proto":"udp","facility":"LOCAL0","severity":"NOTICE","message":"1 2018-03-24T09:08:59-07:00 Kramer.jerry.land EvntSLog - - - The domain controller attempted to validate the credentials for an account. Authentication Package: MICROSOFT_AUTHENTICATION_PACKAGE_V1_0 Logon Account: Guest Source Workstation: BLAbvv01keJ6vKZ9 Error Code: 0x0"}
{"_path":"syslog","_write_ts":"2018-03-24T17:25:09.434332Z","ts":"2018-03-24T17:25:09.434332Z","uid":"CBs8sZ2kIbw2QgSdy4","id.orig_h":"10.47.22.25","id.orig_p":58947,"id.resp_h":"10.47.2.153","id.resp_p":514,"proto":"udp","facility":"LOCAL0","severity":"NOTICE","message":"1 2018-03-24T09:08:59-07:00 Kramer.jerry.land EvntSLog - - - Special privileges assigned to new logon. Subject: Security ID: S-1-5-21-1311969832-1707640848-2310541705-501 Account Name: Guest Account Domain: JERRY Logon ID: 0x3c6e941 Privileges: SeSecurityPrivilege SeBackupPrivilege SeRestorePrivilege SeTakeOwnershipPrivilege SeDebugPrivilege SeSystemEnvironmentPrivilege SeLoadDriverPrivilege SeImpersonatePrivilege SeEnableDelegationPrivilege"}
{"_path":"syslog","_write_ts":"2018-03-24T17:25:09.434335Z","ts":"2018-03-24T17:25:09.434335Z","uid":"CBs8sZ2kIbw2QgSdy4","id.orig_h":"10.47.22.25","id.orig_p":58947,"id.resp_h":"10.47.2.153","id.resp_p":514,"proto":"udp","facility":"LOCAL0","severity":"NOTICE","message":"1 2018-03-24T09:08:59-07:00 Kramer.jerry.land EvntSLog - - - Special privileges assigned to new logon. Subject: Security ID: S-1-5-21-1311969832-1707640848-2310541705-501 Account Name: Guest Account Domain: JERRY Logon ID: 0x3c6e941 Privileges: SeSecurityPrivilege SeBackupPrivilege SeRestorePrivilege SeTakeOwnershipPrivilege SeDebugPrivilege SeSystemEnvironmentPrivilege SeLoadDriverPrivilege SeImpersonatePrivilege SeEnableDelegationPrivilege"}
{"_path":"syslog","_write_ts":"2018-03-24T17:25:09.434337Z","ts":"2018-03-24T17:25:09.434337Z","uid":"CBs8sZ2kIbw2QgSdy4","id.orig_h":"10.47.22.25","id.orig_p":58947,"id.resp_h":"10.47.2.153","id.resp_p":514,"proto":"udp","facility":"LOCAL0","severity":"NOTICE","message":"1 2018-03-24T09:08:59-07:00 Kramer.jerry.land EvntSLog - - - Special privileges assigned to new logon. Subject: Security ID: S-1-5-21-1311969832-1707640848-2310541705-501 Account Name: Guest Account Domain: JERRY Logon ID: 0x3c6e941 Privileges: SeSecurityPrivilege SeBackupPrivilege SeRestorePrivilege SeTakeOwnershipPrivilege SeDebugPrivilege SeSystemEnvironmentPrivilege SeLoadDriverPrivilege SeImpersonatePrivilege SeEnableDelegationPrivilege"}
{"_path":"syslog","_write_ts":"2018-03-24T17:25:09.434339Z","ts":"2018-03-24T17:25:09.434339Z","uid":"CBs8sZ2kIbw2QgSdy4","id.orig_h":"10.47.22.25","id.orig_p":58947,"id.resp_h":"10.47.2.153","id.resp_p":514,"proto":"udp","facility":"LOCAL0","severity":"NOTICE","message":"1 2018-03-24T09:08:59-07:00 Kramer.jerry.land EvntSLog - - - Special privileges assigned to new logon. Subject: Security ID: S-1-5-21-1311969832-1707640848-2310541705-501 Account Name: Guest Account Domain: JERRY Logon ID: 0x3c6e941 Privileges: SeSecurityPrivilege SeBackupPrivilege SeRestorePrivilege SeTakeOwnershipPrivilege SeDebugPrivilege SeSystemEnvironmentPrivilege SeLoadDriverPrivilege SeImpersonatePrivilege SeEnableDelegationPrivilege"}
{"_path":"syslog","_write_ts":"2018-03-24T17:25:09.450545Z","ts":"2018-03-24T17:25:09.450545Z","uid":"CBs8sZ2kIbw2QgSdy4","id.orig_h":"10.47.22.25","id.orig_p":58947,"id.resp_h":"10.47.2.153","id.resp_p":514,"proto":"udp","facility":"LOCAL0","severity":"NOTICE","message":"1 2018-03-24T09:08:59-07:00 Kramer.jerry.land EvntSLog - - - An account was logged off. Subject: Security ID: S-1-5-21-1311969832-1707640848-2310541705-501 Account Name: Guest Account Domain: JERRY Logon ID: 0x3c6e941 Logon Type: 3 This event is generated when a logon session is destroyed. It may be positively correlated with a logon event using the Logon ID value. Logon IDs are only unique between reboots on the same computer."}
{"_path":"syslog","_write_ts":"2018-03-24T17:25:09.450548Z","ts":"2018-03-24T17:25:09.450548Z","uid":"CBs8sZ2kIbw2QgSdy4","id.orig_h":"10.47.22.25","id.orig_p":58947,"id.resp_h":"10.47.2.153","id.resp_p":514,"proto":"udp","facility":"LOCAL0","severity":"NOTICE","message":"1 2018-03-24T09:08:59-07:00 Kramer.jerry.land EvntSLog - - - An account was logged off. Subject: Security ID: S-1-5-21-1311969832-1707640848-2310541705-501 Account Name: Guest Account Domain: JERRY Logon ID: 0x3c6e941 Logon Type: 3 This event is generated when a logon session is destroyed. It may be positively correlated with a logon event using the Logon ID value. Logon IDs are only unique between reboots on the same computer."}
{"_path":"syslog","_write_ts":"2018-03-24T17:25:09.450550Z","ts":"2018-03-24T17:25:09.450550Z","uid":"CBs8sZ2kIbw2QgSdy4","id.orig_h":"10.47.22.25","id.orig_p":58947,"id.resp_h":"10.47.2.153","id.resp_p":514,"proto":"udp","facility":"LOCAL0","severity":"NOTICE","message":"1 2018-03-24T09:08:59-07:00 Kramer.jerry.land EvntSLog - - - An account was logged off. Subject: Security ID: S-1-5-21-1311969832-1707640848-2310541705-501 Account Name: Guest Account Domain: JERRY Logon ID: 0x3c6e941 Logon Type: 3 This event is generated when a logon session is destroyed. It may be positively correlated with a logon event using the Logon ID value. Logon IDs are only unique between reboots on the same computer."}
{"_path":"syslog","_write_ts":"2018-03-24T17:25:09.450551Z","ts":"2018-03-24T17:25:09.450551Z","uid":"CBs8sZ2kIbw2QgSdy4","id.orig_h":"10.47.22.25","id.orig_p":58947,"id.resp_h":"10.47.2.153","id.resp_p":514,"proto":"udp","facility":"LOCAL0","severity":"NOTICE","message":"1 2018-03-24T09:08:59-07:00 Kramer.jerry.land EvntSLog - - - An account was logged off. Subject: Security ID: S-1-5-21-1311969832-1707640848-2310541705-501 Account Name: Guest Account Domain: JERRY Logon ID: 0x3c6e941 Logon Type: 3 This event is generated when a logon session is destroyed. It may be positively correlated with a logon event using the Logon ID value. Logon IDs are only unique between reboots on the same computer."}
{"_path":"syslog","_write_ts":"2018-03-24T17:25:21.586901Z","ts":"2018-03-24T17:25:21.586901Z","uid":"CBs8sZ2kIbw2QgSdy4","id.orig_h":"10.47.22.25","id.orig_p":58947,"id.resp_h":"10.47.2.153","id.resp_p":514,"proto":"udp","facility":"LOCAL0","severity":"NOTICE","message":"1 2018-03-24T09:09:12-07:00 Kramer.jerry.land EvntSLog - - - The domain controller attempted to validate the credentials for an account. Authentication Package: MICROSOFT_AUTHENTICATION_PACKAGE_V1_0 Logon Account: Guest Source Workstation: WORKSTATION Error Code: 0x0"}
{"_path":"syslog","_write_ts":"2018-03-24T17:25:21.586905Z","ts":"2018-03-24T17:25:21.586905Z","uid":"CBs8sZ2kIbw2QgSdy4","id.orig_h":"10.47.22.25","id.orig_p":58947,"id.resp_h":"10.47.2.153","id.resp_p":514,"proto":"udp","facility":"LOCAL0","severity":"NOTICE","message":"1 2018-03-24T09:09:12-07:00 Kramer.jerry.land EvntSLog - - - The domain controller attempted to validate the credentials for an account. Authentication Package: MICROSOFT_AUTHENTICATION_PACKAGE_V1_0 Logon Account: Guest Source Workstation: WORKSTATION Error Code: 0x0"}
{"_path":"syslog","_write_ts":"2018-03-24T17:25:21.586907Z","ts":"2018-03-24T17:25:21.586907Z","uid":"CBs8sZ2kIbw2QgSdy4","id.orig_h":"10.47.22.25","id.orig_p":58947,"id.resp_h":"10.47.2.153","id.resp_p":514,"proto":"udp","facility":"LOCAL0","severity":"NOTICE","message":"1 2018-03-24T09:09:12-07:00 Kramer.jerry.land EvntSLog - - - The domain controller attempted to validate the credentials for an account. Authentication Package: MICROSOFT_AUTHENTICATION_PACKAGE_V1_0 Logon Account: Guest Source Workstation: WORKSTATION Error Code: 0x0"}
{"_path":"syslog","_write_ts":"2018-03-24T17:25:21.586909Z","ts":"2018-03-24T17:25:21.586909Z","uid":"CBs8sZ2kIbw2QgSdy4","id.orig_h":"10.47.22.25","id.orig_p":58947,"id.resp_h":"10.47.2.153","id.resp_p":514,"proto":"udp","facility":"LOCAL0","severity":"NOTICE","message":"1 2018-03-24T09:09:12-07:00 Kramer.jerry.land EvntSLog - - - The domain controller attempted to validate the credentials for an account. Authentication Package: MICROSOFT_AUTHENTICATION_PACKAGE_V1_0 Logon Account: Guest Source Workstation: WORKSTATION Error Code: 0x0"}
{"_path":"syslog","_write_ts":"2018-03-24T17:25:21.602614Z","ts":"2018-03-24T17:25:21.602614Z","uid":"CBs8sZ2kIbw2QgSdy4","id.orig_h":"10.47.22.25","id.orig_p":58947,"id.resp_h":"10.47.2.153","id.resp_p":514,"proto":"udp","facility":"LOCAL0","severity":"NOTICE","message":"1 2018-03-24T09:09:12-07:00 Kramer.jerry.land EvntSLog - - - Special privileges assigned to new logon. Subject: Security ID: S-1-5-21-1311969832-1707640848-2310541705-501 Account Name: Guest Account Domain: JERRY Logon ID: 0x3c702d5 Privileges: SeSecurityPrivilege SeBackupPrivilege SeRestorePrivilege SeTakeOwnershipPrivilege SeDebugPrivilege SeSystemEnvironmentPrivilege SeLoadDriverPrivilege SeImpersonatePrivilege SeEnableDelegationPrivilege"}
{"_path":"syslog","_write_ts":"2018-03-24T17:25:21.602618Z","ts":"2018-03-24T17:25:21.602618Z","uid":"CBs8sZ2kIbw2QgSdy4","id.orig_h":"10.47.22.25","id.orig_p":58947,"id.resp_h":"10.47.2.153","id.resp_p":514,"proto":"udp","facility":"LOCAL0","severity":"NOTICE","message":"1 2018-03-24T09:09:12-07:00 Kramer.jerry.land EvntSLog - - - Special privileges assigned to new logon. Subject: Security ID: S-1-5-21-1311969832-1707640848-2310541705-501 Account Name: Guest Account Domain: JERRY Logon ID: 0x3c702d5 Privileges: SeSecurityPrivilege SeBackupPrivilege SeRestorePrivilege SeTakeOwnershipPrivilege SeDebugPrivilege SeSystemEnvironmentPrivilege SeLoadDriverPrivilege SeImpersonatePrivilege SeEnableDelegationPrivilege"}
{"_path":"syslog","_write_ts":"2018-03-24T17:25:21.602620Z","ts":"2018-03-24T17:25:21.602620Z","uid":"CBs8sZ2kIbw2QgSdy4","id.orig_h":"10.47.22.25","id.orig_p":58947,"id.resp_h":"10.47.2.153","id.resp_p":514,"proto":"udp","facility":"LOCAL0","severity":"NOTICE","message":"1 2018-03-24T09:09:12-07:00 Kramer.jerry.land EvntSLog - - - Special privileges assigned to new logon. Subject: Security ID: S-1-5-21-1311969832-1707640848-2310541705-501 Account Name: Guest Account Domain: JERRY Logon ID: 0x3c702d5 Privileges: SeSecurityPrivilege SeBackupPrivilege SeRestorePrivilege SeTakeOwnershipPrivilege SeDebugPrivilege SeSystemEnvironmentPrivilege SeLoadDriverPrivilege SeImpersonatePrivilege SeEnableDelegationPrivilege"}
{"_path":"syslog","_write_ts":"2018-03-24T17:25:21.602622Z","ts":"2018-03-24T17:25:21.602622Z","uid":"CBs8sZ2kIbw2QgSdy4","id.orig_h":"10.47.22.25","id.orig_p":58947,"id.resp_h":"10.47.2.153","id.resp_p":514,"proto":"udp","facility":"LOCAL0","severity":"NOTICE","message":"1 2018-03-24T09:09:12-07:00 Kramer.jerry.land EvntSLog - - - Special privileges assigned to new logon. Subject: Security ID: S-1-5-21-1311969832-1707640848-2310541705-501 Account Name: Guest Account Domain: JERRY Logon ID: 0x3c702d5 Privileges: SeSecurityPrivilege SeBackupPrivilege SeRestorePrivilege SeTakeOwnershipPrivilege SeDebugPrivilege SeSystemEnvironmentPrivilege SeLoadDriverPrivilege SeImpersonatePrivilege SeEnableDelegationPrivilege"}
{"_path":"syslog","_write_ts":"2018-03-24T17:25:21.617928Z","ts":"2018-03-24T17:25:21.617928Z","uid":"CBs8sZ2kIbw2QgSdy4","id.orig_h":"10.47.22.25","id.orig_p":58947,"id.resp_h":"10.47.2.153","id.resp_p":514,"proto":"udp","facility":"LOCAL0","severity":"NOTICE","message":"1 2018-03-24T09:09:12-07:00 Kramer.jerry.land EvntSLog - - - An account was logged off. Subject: Security ID: S-1-5-21-1311969832-1707640848-2310541705-501 Account Name: Guest Account Domain: JERRY Logon ID: 0x3c702d5 Logon Type: 3 This event is generated when a logon session is destroyed. It may be positively correlated with a logon event using the Logon ID value. Logon IDs are only unique between reboots on the same computer."}
{"_path":"syslog","_write_ts":"2018-03-24T17:25:21.617934Z","ts":"2018-03-24T17:25:21.617934Z","uid":"CBs8sZ2kIbw2QgSdy4","id.orig_h":"10.47.22.25","id.orig_p":58947,"id.resp_h":"10.47.2.153","id.resp_p":514,"proto":"udp","facility":"LOCAL0","severity":"NOTICE","message":"1 2018-03-24T09:09:12-07:00 Kramer.jerry.land EvntSLog - - - An account was logged off. Subject: Security ID: S-1-5-21-1311969832-1707640848-2310541705-501 Account Name: Guest Account Domain: JERRY Logon ID: 0x3c702d5 Logon Type: 3 This event is generated when a logon session is destroyed. It may be positively correlated with a logon event using the Logon ID value. Logon IDs are only unique between reboots on the same computer."}
{"_path":"syslog","_write_ts":"2018-03-24T17:25:21.617940Z","ts":"2018-03-24T17:25:21.617940Z","uid":"CBs8sZ2kIbw2QgSdy4","id.orig_h":"10.47.22.25","id.orig_p":58947,"id.resp_h":"10.47.2.153","id.resp_p":514,"proto":"udp","facility":"LOCAL0","severity":"NOTICE","message":"1 2018-03-24T09:09:12-07:00 Kramer.jerry.land EvntSLog - - - An account was logged off. Subject: Security ID: S-1-5-21-1311969832-1707640848-2310541705-501 Account Name: Guest Account Domain: JERRY Logon ID: 0x3c702d5 Logon Type: 3 This event is generated when a logon session is destroyed. It may be positively correlated with a logon event using the Logon ID value. Logon IDs are only unique between reboots on the same computer."}
{"_path":"syslog","_write_ts":"2018-03-24T17:25:21.618027Z","ts":"2018-03-24T17:25:21.618027Z","uid":"CBs8sZ2kIbw2QgSdy4","id.orig_h":"10.47.22.25","id.orig_p":58947,"id.resp_h":"10.47.2.153","id.resp_p":514,"proto":"udp","facility":"LOCAL0","severity":"NOTICE","message":"1 2018-03-24T09:09:12-07:00 Kramer.jerry.land EvntSLog - - - An account was logged off. Subject: Security ID: S-1-5-21-1311969832-1707640848-2310541705-501 Account Name: Guest Account Domain: JERRY Logon ID: 0x3c702d5 Logon Type: 3 This event is generated when a logon session is destroyed. It may be positively correlated with a logon event using the Logon ID value. Logon IDs are only unique between reboots on the same computer."}
{"_path":"syslog","_write_ts":"2018-03-24T17:25:23.614438Z","ts":"2018-03-24T17:25:23.614438Z","uid":"CBs8sZ2kIbw2QgSdy4","id.orig_h":"10.47.22.25","id.orig_p":58947,"id.resp_h":"10.47.2.153","id.resp_p":514,"proto":"udp","facility":"LOCAL0","severity":"NOTICE","message":"1 2018-03-24T09:09:14-07:00 Kramer.jerry.land EvntSLog - - - The domain controller attempted to validate the credentials for an account. Authentication Package: MICROSOFT_AUTHENTICATION_PACKAGE_V1_0 Logon Account: Guest Source Workstation: vnEYi6tgXBE0pzxM Error Code: 0x0"}
{"_path":"syslog","_write_ts":"2018-03-24T17:25:23.614443Z","ts":"2018-03-24T17:25:23.614443Z","uid":"CBs8sZ2kIbw2QgSdy4","id.orig_h":"10.47.22.25","id.orig_p":58947,"id.resp_h":"10.47.2.153","id.resp_p":514,"proto":"udp","facility":"LOCAL0","severity":"NOTICE","message":"1 2018-03-24T09:09:14-07:00 Kramer.jerry.land EvntSLog - - - The domain controller attempted to validate the credentials for an account. Authentication Package: MICROSOFT_AUTHENTICATION_PACKAGE_V1_0 Logon Account: Guest Source Workstation: vnEYi6tgXBE0pzxM Error Code: 0x0"}
{"_path":"syslog","_write_ts":"2018-03-24T17:25:23.614448Z","ts":"2018-03-24T17:25:23.614448Z","uid":"CBs8sZ2kIbw2QgSdy4","id.orig_h":"10.47.22.25","id.orig_p":58947,"id.resp_h":"10.47.2.153","id.resp_p":514,"proto":"udp","facility":"LOCAL0","severity":"NOTICE","message":"1 2018-03-24T09:09:14-07:00 Kramer.jerry.land EvntSLog - - - The domain controller attempted to validate the credentials for an account. Authentication Package: MICROSOFT_AUTHENTICATION_PACKAGE_V1_0 Logon Account: Guest Source Workstation: vnEYi6tgXBE0pzxM Error Code: 0x0"}
{"_path":"syslog","_write_ts":"2018-03-24T17:25:23.614450Z","ts":"2018-03-24T17:25:23.614450Z","uid":"CBs8sZ2kIbw2QgSdy4","id.orig_h":"10.47.22.25","id.orig_p":58947,"id.resp_h":"10.47.2.153","id.resp_p":514,"proto":"udp","facility":"LOCAL0","severity":"NOTICE","message":"1 2018-03-24T09:09:14-07:00 Kramer.jerry.land EvntSLog - - - The domain controller attempted to validate the credentials for an account. Authentication Package: MICROSOFT_AUTHENTICATION_PACKAGE_V1_0 Logon Account: Guest Source Workstation: vnEYi6tgXBE0pzxM Error Code: 0x0"}
{"_path":"syslog","_write_ts":"2018-03-24T17:25:23.630473Z","ts":"2018-03-24T17:25:23.630473Z","uid":"CBs8sZ2kIbw2QgSdy4","id.orig_h":"10.47.22.25","id.orig_p":58947,"id.resp_h":"10.47.2.153","id.resp_p":514,"proto":"udp","facility":"LOCAL0","severity":"NOTICE","message":"1 2018-03-24T09:09:14-07:00 Kramer.jerry.land EvntSLog - - - Special privileges assigned to new logon. Subject: Security ID: S-1-5-21-1311969832-1707640848-2310541705-501 Account Name: Guest Account Domain: JERRY Logon ID: 0x3c70663 Privileges: SeSecurityPrivilege SeBackupPrivilege SeRestorePrivilege SeTakeOwnershipPrivilege SeDebugPrivilege SeSystemEnvironmentPrivilege SeLoadDriverPrivilege SeImpersonatePrivilege SeEnableDelegationPrivilege"}
{"_path":"syslog","_write_ts":"2018-03-24T17:25:23.630475Z","ts":"2018-03-24T17:25:23.630475Z","uid":"CBs8sZ2kIbw2QgSdy4","id.orig_h":"10.47.22.25","id.orig_p":58947,"id.resp_h":"10.47.2.153","id.resp_p":514,"proto":"udp","facility":"LOCAL0","severity":"NOTICE","message":"1 2018-03-24T09:09:14-07:00 Kramer.jerry.land EvntSLog - - - Special privileges assigned to new logon. Subject: Security ID: S-1-5-21-1311969832-1707640848-2310541705-501 Account Name: Guest Account Domain: JERRY Logon ID: 0x3c70663 Privileges: SeSecurityPrivilege SeBackupPrivilege SeRestorePrivilege SeTakeOwnershipPrivilege SeDebugPrivilege SeSystemEnvironmentPrivilege SeLoadDriverPrivilege SeImpersonatePrivilege SeEnableDelegationPrivilege"}
{"_path":"syslog","_write_ts":"2018-03-24T17:25:23.630513Z","ts":"2018-03-24T17:25:23.630513Z","uid":"CBs8sZ2kIbw2QgSdy4","id.orig_h":"10.47.22.25","id.orig_p":58947,"id.resp_h":"10.47.2.153","id.resp_p":514,"proto":"udp","facility":"LOCAL0","severity":"NOTICE","message":"1 2018-03-24T09:09:14-07:00 Kramer.jerry.land EvntSLog - - - Special privileges assigned to new logon. Subject: Security ID: S-1-5-21-1311969832-1707640848-2310541705-501 Account Name: Guest Account Domain: JERRY Logon ID: 0x3c70663 Privileges: SeSecurityPrivilege SeBackupPrivilege SeRestorePrivilege SeTakeOwnershipPrivilege SeDebugPrivilege SeSystemEnvironmentPrivilege SeLoadDriverPrivilege SeImpersonatePrivilege SeEnableDelegationPrivilege"}
{"_path":"syslog","_write_ts":"2018-03-24T17:25:23.630517Z","ts":"2018-03-24T17:25:23.630517Z","uid":"CBs8sZ2kIbw2QgSdy4","id.orig_h":"10.47.22.25","id.orig_p":58947,"id.resp_h":"10.47.2.153","id.resp_p":514,"proto":"udp","facility":"LOCAL0","severity":"NOTICE","message":"1 2018-03-24T09:09:14-07:00 Kramer.jerry.land EvntSLog - - - Special privileges assigned to new logon. Subject: Security ID: S-1-5-21-1311969832-1707640848-2310541705-501 Account Name: Guest Account Domain: JERRY Logon ID: 0x3c70663 Privileges: SeSecurityPrivilege SeBackupPrivilege SeRestorePrivilege SeTakeOwnershipPrivilege SeDebugPrivilege SeSystemEnvironmentPrivilege SeLoadDriverPrivilege SeImpersonatePrivilege SeEnableDelegationPrivilege"}
