{"_path":"syslog","_write_ts":"2018-03-24T17:21:05.019213Z","ts":"2018-03-24T17:21:05.019213Z","uid":"CBs8sZ2kIbw2QgSdy4","id.orig_h":"10.47.22.25","id.orig_p":58947,"id.resp_h":"10.47.2.153","id.resp_p":514,"proto":"udp","facility":"LOCAL0","severity":"NOTICE","message":"1 2018-03-24T09:04:55-07:00 Kramer.jerry.land EvntSLog - - - An account was successfully logged on. Subject: Security ID: S-1-0-0 Account Name: - Account Domain: - Logon ID: 0x0 Logon Type: 3 New Logon: Security ID: S-1-5-18 Account Name: KRAMER$ Account Domain: JERRY Logon ID: 0x3bd6d68 Logon GUID: {3927FFCA-9038-917B-C030-965416739BC7} Process Information: Process ID: 0x0 Process Name: - Network Information: Workstation Name: Source Network Address: 172.20.0.25 Source Port: 49377 Detailed Authentication Information: Logon Process: Kerberos Authentication Package: Kerberos Transited Services: - Package Name (NTLM only): - Key Length: 0 This event is generated when a logon session is created. It is generated on the computer that was accessed. The subject fields indicate the account on the local system which requested the logon. This is most commonly a service such as the Server service, or a local process such as Winlogon.exe or Services.exe. The logon type field indicates the kind of logon that occurred. The most common types are 2 (interactive) and 3 (network). The New Logon fields indicate the account for whom the new logon was created, i.e. the account that was logged on. The network fields indicate where a remote logon request originated. Workstation name is not always available and may be left blank in some cases. The authentication information fields provide detailed information about this specific logon request. - Logon GUID is a unique identifier that can be used to correlate this event with a KDC event. - Transited services indicate which intermediate services have participated in this logon request. - Package name indicates which sub-protocol was used among the NTLM protocols. - Key length indicates the length of the generated session key. This will be 0 if no session key was requested."}
{"_path":"syslog","_write_ts":"2018-03-24T17:21:05.019217Z","ts":"2018-03-24T17:21:05.019217Z","uid":"CBs8sZ2kIbw2QgSdy4","id.orig_h":"10.47.22.25","id.orig_p":58947,"id.resp_h":"10.47.2.153","id.resp_p":514,"proto":"udp","facility":"LOCAL0","severity":"NOTICE","message":"1 2018-03-24T09:04:55-07:00 Kramer.jerry.land EvntSLog - - - An account was successfully logged on. Subject: Security ID: S-1-0-0 Account Name: - Account Domain: - Logon ID: 0x0 Logon Type: 3 New Logon: Security ID: S-1-5-18 Account Name: KRAMER$ Account Domain: JERRY Logon ID: 0x3bd6d68 Logon GUID: {3927FFCA-9038-917B-C030-965416739BC7} Process Information: Process ID: 0x0 Process Name: - Network Information: Workstation Name: Source Network Address: 172.20.0.25 Source Port: 49377 Detailed Authentication Information: Logon Process: Kerberos Authentication Package: Kerberos Transited Services: - Package Name (NTLM only): - Key Length: 0 This event is generated when a logon session is created. It is generated on the computer that was accessed. The subject fields indicate the account on the local system which requested the logon. This is most commonly a service such as the Server service, or a local process such as Winlogon.exe or Services.exe. The logon type field indicates the kind of logon that occurred. The most common types are 2 (interactive) and 3 (network). The New Logon fields indicate the account for whom the new logon was created, i.e. the account that was logged on. The network fields indicate where a remote logon request originated. Workstation name is not always available and may be left blank in some cases. The authentication information fields provide detailed information about this specific logon request. - Logon GUID is a unique identifier that can be used to correlate this event with a KDC event. - Transited services indicate which intermediate services have participated in this logon request. - Package name indicates which sub-protocol was used among the NTLM protocols. - Key length indicates the length of the generated session key. This will be 0 if no session key was requested."}
{"_path":"syslog","_write_ts":"2018-03-24T17:21:05.019222Z","ts":"2018-03-24T17:21:05.019222Z","uid":"CBs8sZ2kIbw2QgSdy4","id.orig_h":"10.47.22.25","id.orig_p":58947,"id.resp_h":"10.47.2.153","id.resp_p":514,"proto":"udp","facility":"LOCAL0","severity":"NOTICE","message":"1 2018-03-24T09:04:55-07:00 Kramer.jerry.land EvntSLog - - - An account was successfully logged on. Subject: Security ID: S-1-0-0 Account Name: - Account Domain: - Logon ID: 0x0 Logon Type: 3 New Logon: Security ID: S-1-5-18 Account Name: KRAMER$ Account Domain: JERRY Logon ID: 0x3bd6d68 Logon GUID: {3927FFCA-9038-917B-C030-965416739BC7} Process Information: Process ID: 0x0 Process Name: - Network Information: Workstation Name: Source Network Address: 172.20.0.25 Source Port: 49377 Detailed Authentication Information: Logon Process: Kerberos Authentication Package: Kerberos Transited Services: - Package Name (NTLM only): - Key Length: 0 This event is generated when a logon session is created. It is generated on the computer that was accessed. The subject fields indicate the account on the local system which requested the logon. This is most commonly a service such as the Server service, or a local process such as Winlogon.exe or Services.exe. The logon type field indicates the kind of logon that occurred. The most common types are 2 (interactive) and 3 (network). The New Logon fields indicate the account for whom the new logon was created, i.e. the account that was logged on. The network fields indicate where a remote logon request originated. Workstation name is not always available and may be left blank in some cases. The authentication information fields provide detailed information about this specific logon request. - Logon GUID is a unique identifier that can be used to correlate this event with a KDC event. - Transited services indicate which intermediate services have participated in this logon request. - Package name indicates which sub-protocol was used among the NTLM protocols. - Key length indicates the length of the generated session key. This will be 0 if no session key was requested."}
{"_path":"syslog","_write_ts":"2018-03-24T17:21:05.019226Z","ts":"2018-03-24T17:21:05.019226Z","uid":"CBs8sZ2kIbw2QgSdy4","id.orig_h":"10.47.22.25","id.orig_p":58947,"id.resp_h":"10.47.2.153","id.resp_p":514,"proto":"udp","facility":"LOCAL0","severity":"NOTICE","message":"1 2018-03-24T09:04:55-07:00 Kramer.jerry.land EvntSLog - - - An account was successfully logged on. Subject: Security ID: S-1-0-0 Account Name: - Account Domain: - Logon ID: 0x0 Logon Type: 3 New Logon: Security ID: S-1-5-18 Account Name: KRAMER$ Account Domain: JERRY Logon ID: 0x3bd6d68 Logon GUID: {3927FFCA-9038-917B-C030-965416739BC7} Process Information: Process ID: 0x0 Process Name: - Network Information: Workstation Name: Source Network Address: 172.20.0.25 Source Port: 49377 Detailed Authentication Information: Logon Process: Kerberos Authentication Package: Kerberos Transited Services: - Package Name (NTLM only): - Key Length: 0 This event is generated when a logon session is created. It is generated on the computer that was accessed. The subject fields indicate the account on the local system which requested the logon. This is most commonly a service such as the Server service, or a local process such as Winlogon.exe or Services.exe. The logon type field indicates the kind of logon that occurred. The most common types are 2 (interactive) and 3 (network). The New Logon fields indicate the account for whom the new logon was created, i.e. the account that was logged on. The network fields indicate where a remote logon request originated. Workstation name is not always available and may be left blank in some cases. The authentication information fields provide detailed information about this specific logon request. - Logon GUID is a unique identifier that can be used to correlate this event with a KDC event. - Transited services indicate which intermediate services have participated in this logon request. - Package name indicates which sub-protocol was used among the NTLM protocols. - Key length indicates the length of the generated session key. This will be 0 if no session key was requested."}
{"_path":"syslog","_write_ts":"2018-03-24T17:21:05.034584Z","ts":"2018-03-24T17:21:05.034584Z","uid":"CBs8sZ2kIbw2QgSdy4","id.orig_h":"10.47.22.25","id.orig_p":58947,"id.resp_h":"10.47.2.153","id.resp_p":514,"proto":"udp","facility":"LOCAL0","severity":"NOTICE","message":"1 2018-03-24T09:04:55-07:00 Kramer.jerry.land EvntSLog - - - An account was logged off. Subject: Security ID: S-1-5-18 Account Name: KRAMER$ Account Domain: JERRY Logon ID: 0x3bd6d68 Logon Type: 3 This event is generated when a logon session is destroyed. It may be positively correlated with a logon event using the Logon ID value. Logon IDs are only unique between reboots on the same computer."}
{"_path":"syslog","_write_ts":"2018-03-24T17:21:05.034585Z","ts":"2018-03-24T17:21:05.034585Z","uid":"CBs8sZ2kIbw2QgSdy4","id.orig_h":"10.47.22.25","id.orig_p":58947,"id.resp_h":"10.47.2.153","id.resp_p":514,"proto":"udp","facility":"LOCAL0","severity":"NOTICE","message":"1 2018-03-24T09:04:55-07:00 Kramer.jerry.land EvntSLog - - - An account was logged off. Subject: Security ID: S-1-5-18 Account Name: KRAMER$ Account Domain: JERRY Logon ID: 0x3bd6d68 Logon Type: 3 This event is generated when a logon session is destroyed. It may be positively correlated with a logon event using the Logon ID value. Logon IDs are only unique between reboots on the same computer."}
{"_path":"syslog","_write_ts":"2018-03-24T17:21:05.034630Z","ts":"2018-03-24T17:21:05.034630Z","uid":"CBs8sZ2kIbw2QgSdy4","id.orig_h":"10.47.22.25","id.orig_p":58947,"id.resp_h":"10.47.2.153","id.resp_p":514,"proto":"udp","facility":"LOCAL0","severity":"NOTICE","message":"1 2018-03-24T09:04:55-07:00 Kramer.jerry.land EvntSLog - - - An account was logged off. Subject: Security ID: S-1-5-18 Account Name: KRAMER$ Account Domain: JERRY Logon ID: 0x3bd6d68 Logon Type: 3 This event is generated when a logon session is destroyed. It may be positively correlated with a logon event using the Logon ID value. Logon IDs are only unique between reboots on the same computer."}
{"_path":"syslog","_write_ts":"2018-03-24T17:21:05.035004Z","ts":"2018-03-24T17:21:05.035004Z","uid":"CBs8sZ2kIbw2QgSdy4","id.orig_h":"10.47.22.25","id.orig_p":58947,"id.resp_h":"10.47.2.153","id.resp_p":514,"proto":"udp","facility":"LOCAL0","severity":"NOTICE","message":"1 2018-03-24T09:04:55-07:00 Kramer.jerry.land EvntSLog - - - An account was logged off. Subject: Security ID: S-1-5-18 Account Name: KRAMER$ Account Domain: JERRY Logon ID: 0x3bd6d68 Logon Type: 3 This event is generated when a logon session is destroyed. It may be positively correlated with a logon event using the Logon ID value. Logon IDs are only unique between reboots on the same computer."}
{"_path":"syslog","_write_ts":"2018-03-24T17:21:05.049549Z","ts":"2018-03-24T17:21:05.049549Z","uid":"CBs8sZ2kIbw2QgSdy4","id.orig_h":"10.47.22.25","id.orig_p":58947,"id.resp_h":"10.47.2.153","id.resp_p":514,"proto":"udp","facility":"LOCAL0","severity":"NOTICE","message":"1 2018-03-24T09:04:55-07:00 Kramer.jerry.land EvntSLog - - - A Kerberos service ticket was requested. Account Information: Account Name: KRAMER$@JERRY.LAND Account Domain: JERRY.LAND Logon GUID: {21C6CD58-E312-1F7A-464F-04DCB3561378} Service Information: Service Name: KRAMER$ Service ID: S-1-5-21-1311969832-1707640848-2310541705-1000 Network Information: Client Address: ::1 Client Port: 0 Additional Information: Ticket Options: 0x40810000 Ticket Encryption Type: 0x12 Failure Code: 0x0 Transited Services: - This event is generated every time access is requested to a resource such as a computer or a Windows service. The service name indicates the resource to which access was requested. This event can be correlated with Windows logon events by comparing the Logon GUID fields in each event. The logon event occurs on the machine that was accessed, which is often a different machine than the domain controller which issued the service ticket. Ticket options, encryption types, and failure codes are defined in RFC 4120."}
{"_path":"syslog","_write_ts":"2018-03-24T17:21:05.049552Z","ts":"2018-03-24T17:21:05.049552Z","uid":"CBs8sZ2kIbw2QgSdy4","id.orig_h":"10.47.22.25","id.orig_p":58947,"id.resp_h":"10.47.2.153","id.resp_p":514,"proto":"udp","facility":"LOCAL0","severity":"NOTICE","message":"1 2018-03-24T09:04:55-07:00 Kramer.jerry.land EvntSLog - - - A Kerberos service ticket was requested. Account Information: Account Name: KRAMER$@JERRY.LAND Account Domain: JERRY.LAND Logon GUID: {21C6CD58-E312-1F7A-464F-04DCB3561378} Service Information: Service Name: KRAMER$ Service ID: S-1-5-21-1311969832-1707640848-2310541705-1000 Network Information: Client Address: ::1 Client Port: 0 Additional Information: Ticket Options: 0x40810000 Ticket Encryption Type: 0x12 Failure Code: 0x0 Transited Services: - This event is generated every time access is requested to a resource such as a computer or a Windows service. The service name indicates the resource to which access was requested. This event can be correlated with Windows logon events by comparing the Logon GUID fields in each event. The logon event occurs on the machine that was accessed, which is often a different machine than the domain controller which issued the service ticket. Ticket options, encryption types, and failure codes are defined in RFC 4120."}
{"_path":"syslog","_write_ts":"2018-03-24T17:21:05.049554Z","ts":"2018-03-24T17:21:05.049554Z","uid":"CBs8sZ2kIbw2QgSdy4","id.orig_h":"10.47.22.25","id.orig_p":58947,"id.resp_h":"10.47.2.153","id.resp_p":514,"proto":"udp","facility":"LOCAL0","severity":"NOTICE","message":"1 2018-03-24T09:04:55-07:00 Kramer.jerry.land EvntSLog - - - A Kerberos service ticket was requested. Account Information: Account Name: KRAMER$@JERRY.LAND Account Domain: JERRY.LAND Logon GUID: {21C6CD58-E312-1F7A-464F-04DCB3561378} Service Information: Service Name: KRAMER$ Service ID: S-1-5-21-1311969832-1707640848-2310541705-1000 Network Information: Client Address: ::1 Client Port: 0 Additional Information: Ticket Options: 0x40810000 Ticket Encryption Type: 0x12 Failure Code: 0x0 Transited Services: - This event is generated every time access is requested to a resource such as a computer or a Windows service. The service name indicates the resource to which access was requested. This event can be correlated with Windows logon events by comparing the Logon GUID fields in each event. The logon event occurs on the machine that was accessed, which is often a different machine than the domain controller which issued the service ticket. Ticket options, encryption types, and failure codes are defined in RFC 4120."}
{"_path":"syslog","_write_ts":"2018-03-24T17:21:05.049556Z","ts":"2018-03-24T17:21:05.049556Z","uid":"CBs8sZ2kIbw2QgSdy4","id.orig_h":"10.47.22.25","id.orig_p":58947,"id.resp_h":"10.47.2.153","id.resp_p":514,"proto":"udp","facility":"LOCAL0","severity":"NOTICE","message":"1 2018-03-24T09:04:55-07:00 Kramer.jerry.land EvntSLog - - - A Kerberos service ticket was requested. Account Information: Account Name: KRAMER$@JERRY.LAND Account Domain: JERRY.LAND Logon GUID: {21C6CD58-E312-1F7A-464F-04DCB3561378} Service Information: Service Name: KRAMER$ Service ID: S-1-5-21-1311969832-1707640848-2310541705-1000 Network Information: Client Address: ::1 Client Port: 0 Additional Information: Ticket Options: 0x40810000 Ticket Encryption Type: 0x12 Failure Code: 0x0 Transited Services: - This event is generated every time access is requested to a resource such as a computer or a Windows service. The service name indicates the resource to which access was requested. This event can be correlated with Windows logon events by comparing the Logon GUID fields in each event. The logon event occurs on the machine that was accessed, which is often a different machine than the domain controller which issued the service ticket. Ticket options, encryption types, and failure codes are defined in RFC 4120."}
{"_path":"syslog","_write_ts":"2018-03-24T17:21:05.064857Z","ts":"2018-03-24T17:21:05.064857Z","uid":"CBs8sZ2kIbw2QgSdy4","id.orig_h":"10.47.22.25","id.orig_p":58947,"id.resp_h":"10.47.2.153","id.resp_p":514,"proto":"udp","facility":"LOCAL0","severity":"NOTICE","message":"1 2018-03-24T09:04:55-07:00 Kramer.jerry.land EvntSLog - - - Special privileges assigned to new logon. Subject: Security ID: S-1-5-18 Account Name: KRAMER$ Account Domain: JERRY Logon ID: 0x3bd6de6 Privileges: SeSecurityPrivilege SeBackupPrivilege SeRestorePrivilege SeTakeOwnershipPrivilege SeDebugPrivilege SeSystemEnvironmentPrivilege SeLoadDriverPrivilege SeImpersonatePrivilege SeEnableDelegationPrivilege"}
{"_path":"syslog","_write_ts":"2018-03-24T17:21:05.064861Z","ts":"2018-03-24T17:21:05.064861Z","uid":"CBs8sZ2kIbw2QgSdy4","id.orig_h":"10.47.22.25","id.orig_p":58947,"id.resp_h":"10.47.2.153","id.resp_p":514,"proto":"udp","facility":"LOCAL0","severity":"NOTICE","message":"1 2018-03-24T09:04:55-07:00 Kramer.jerry.land EvntSLog - - - Special privileges assigned to new logon. Subject: Security ID: S-1-5-18 Account Name: KRAMER$ Account Domain: JERRY Logon ID: 0x3bd6de6 Privileges: SeSecurityPrivilege SeBackupPrivilege SeRestorePrivilege SeTakeOwnershipPrivilege SeDebugPrivilege SeSystemEnvironmentPrivilege SeLoadDriverPrivilege SeImpersonatePrivilege SeEnableDelegationPrivilege"}
{"_path":"syslog","_write_ts":"2018-03-24T17:21:05.064869Z","ts":"2018-03-24T17:21:05.064869Z","uid":"CBs8sZ2kIbw2QgSdy4","id.orig_h":"10.47.22.25","id.orig_p":58947,"id.resp_h":"10.47.2.153","id.resp_p":514,"proto":"udp","facility":"LOCAL0","severity":"NOTICE","message":"1 2018-03-24T09:04:55-07:00 Kramer.jerry.land EvntSLog - - - Special privileges assigned to new logon. Subject: Security ID: S-1-5-18 Account Name: KRAMER$ Account Domain: JERRY Logon ID: 0x3bd6de6 Privileges: SeSecurityPrivilege SeBackupPrivilege SeRestorePrivilege SeTakeOwnershipPrivilege SeDebugPrivilege SeSystemEnvironmentPrivilege SeLoadDriverPrivilege SeImpersonatePrivilege SeEnableDelegationPrivilege"}
{"_path":"syslog","_write_ts":"2018-03-24T17:21:05.064871Z","ts":"2018-03-24T17:21:05.064871Z","uid":"CBs8sZ2kIbw2QgSdy4","id.orig_h":"10.47.22.25","id.orig_p":58947,"id.resp_h":"10.47.2.153","id.resp_p":514,"proto":"udp","facility":"LOCAL0","severity":"NOTICE","message":"1 2018-03-24T09:04:55-07:00 Kramer.jerry.land EvntSLog - - - Special privileges assigned to new logon. Subject: Security ID: S-1-5-18 Account Name: KRAMER$ Account Domain: JERRY Logon ID: 0x3bd6de6 Privileges: SeSecurityPrivilege SeBackupPrivilege SeRestorePrivilege SeTakeOwnershipPrivilege SeDebugPrivilege SeSystemEnvironmentPrivilege SeLoadDriverPrivilege SeImpersonatePrivilege SeEnableDelegationPrivilege"}
{"_path":"syslog","_write_ts":"2018-03-24T17:21:05.080601Z","ts":"2018-03-24T17:21:05.080601Z","uid":"CBs8sZ2kIbw2QgSdy4","id.orig_h":"10.47.22.25","id.orig_p":58947,"id.resp_h":"10.47.2.153","id.resp_p":514,"proto":"udp","facility":"LOCAL0","severity":"NOTICE","message":"1 2018-03-24T09:04:55-07:00 Kramer.jerry.land EvntSLog - - - An account was successfully logged on. Subject: Security ID: S-1-0-0 Account Name: - Account Domain: - Logon ID: 0x0 Logon Type: 3 New Logon: Security ID: S-1-5-18 Account Name: KRAMER$ Account Domain: JERRY Logon ID: 0x3bd6de6 Logon GUID: {3927FFCA-9038-917B-C030-965416739BC7} Process Information: Process ID: 0x0 Process Name: - Network Information: Workstation Name: Source Network Address: 172.20.0.25 Source Port: 49379 Detailed Authentication Information: Logon Process: Kerberos Authentication Package: Kerberos Transited Services: - Package Name (NTLM only): - Key Length: 0 This event is generated when a logon session is created. It is generated on the computer that was accessed. The subject fields indicate the account on the local system which requested the logon. This is most commonly a service such as the Server service, or a local process such as Winlogon.exe or Services.exe. The logon type field indicates the kind of logon that occurred. The most common types are 2 (interactive) and 3 (network). The New Logon fields indicate the account for whom the new logon was created, i.e. the account that was logged on. The network fields indicate where a remote logon request originated. Workstation name is not always available and may be left blank in some cases. The authentication information fields provide detailed information about this specific logon request. - Logon GUID is a unique identifier that can be used to correlate this event with a KDC event. - Transited services indicate which intermediate services have participated in this logon request. - Package name indicates which sub-protocol was used among the NTLM protocols. - Key length indicates the length of the generated session key. This will be 0 if no session key was requested."}
{"_path":"syslog","_write_ts":"2018-03-24T17:21:05.080605Z","ts":"2018-03-24T17:21:05.080605Z","uid":"CBs8sZ2kIbw2QgSdy4","id.orig_h":"10.47.22.25","id.orig_p":58947,"id.resp_h":"10.47.2.153","id.resp_p":514,"proto":"udp","facility":"LOCAL0","severity":"NOTICE","message":"1 2018-03-24T09:04:55-07:00 Kramer.jerry.land EvntSLog - - - An account was successfully logged on. Subject: Security ID: S-1-0-0 Account Name: - Account Domain: - Logon ID: 0x0 Logon Type: 3 New Logon: Security ID: S-1-5-18 Account Name: KRAMER$ Account Domain: JERRY Logon ID: 0x3bd6de6 Logon GUID: {3927FFCA-9038-917B-C030-965416739BC7} Process Information: Process ID: 0x0 Process Name: - Network Information: Workstation Name: Source Network Address: 172.20.0.25 Source Port: 49379 Detailed Authentication Information: Logon Process: Kerberos Authentication Package: Kerberos Transited Services: - Package Name (NTLM only): - Key Length: 0 This event is generated when a logon session is created. It is generated on the computer that was accessed. The subject fields indicate the account on the local system which requested the logon. This is most commonly a service such as the Server service, or a local process such as Winlogon.exe or Services.exe. The logon type field indicates the kind of logon that occurred. The most common types are 2 (interactive) and 3 (network). The New Logon fields indicate the account for whom the new logon was created, i.e. the account that was logged on. The network fields indicate where a remote logon request originated. Workstation name is not always available and may be left blank in some cases. The authentication information fields provide detailed information about this specific logon request. - Logon GUID is a unique identifier that can be used to correlate this event with a KDC event. - Transited services indicate which intermediate services have participated in this logon request. - Package name indicates which sub-protocol was used among the NTLM protocols. - Key length indicates the length of the generated session key. This will be 0 if no session key was requested."}
{"_path":"syslog","_write_ts":"2018-03-24T17:21:05.080769Z","ts":"2018-03-24T17:21:05.080769Z","uid":"CBs8sZ2kIbw2QgSdy4","id.orig_h":"10.47.22.25","id.orig_p":58947,"id.resp_h":"10.47.2.153","id.resp_p":514,"proto":"udp","facility":"LOCAL0","severity":"NOTICE","message":"1 2018-03-24T09:04:55-07:00 Kramer.jerry.land EvntSLog - - - An account was successfully logged on. Subject: Security ID: S-1-0-0 Account Name: - Account Domain: - Logon ID: 0x0 Logon Type: 3 New Logon: Security ID: S-1-5-18 Account Name: KRAMER$ Account Domain: JERRY Logon ID: 0x3bd6de6 Logon GUID: {3927FFCA-9038-917B-C030-965416739BC7} Process Information: Process ID: 0x0 Process Name: - Network Information: Workstation Name: Source Network Address: 172.20.0.25 Source Port: 49379 Detailed Authentication Information: Logon Process: Kerberos Authentication Package: Kerberos Transited Services: - Package Name (NTLM only): - Key Length: 0 This event is generated when a logon session is created. It is generated on the computer that was accessed. The subject fields indicate the account on the local system which requested the logon. This is most commonly a service such as the Server service, or a local process such as Winlogon.exe or Services.exe. The logon type field indicates the kind of logon that occurred. The most common types are 2 (interactive) and 3 (network). The New Logon fields indicate the account for whom the new logon was created, i.e. the account that was logged on. The network fields indicate where a remote logon request originated. Workstation name is not always available and may be left blank in some cases. The authentication information fields provide detailed information about this specific logon request. - Logon GUID is a unique identifier that can be used to correlate this event with a KDC event. - Transited services indicate which intermediate services have participated in this logon request. - Package name indicates which sub-protocol was used among the NTLM protocols. - Key length indicates the length of the generated session key. This will be 0 if no session key was requested."}
{"_path":"syslog","_write_ts":"2018-03-24T17:21:05.080777Z","ts":"2018-03-24T17:21:05.080777Z","uid":"CBs8sZ2kIbw2QgSdy4","id.orig_h":"10.47.22.25","id.orig_p":58947,"id.resp_h":"10.47.2.153","id.resp_p":514,"proto":"udp","facility":"LOCAL0","severity":"NOTICE","message":"1 2018-03-24T09:04:55-07:00 Kramer.jerry.land EvntSLog - - - An account was successfully logged on. Subject: Security ID: S-1-0-0 Account Name: - Account Domain: - Logon ID: 0x0 Logon Type: 3 New Logon: Security ID: S-1-5-18 Account Name: KRAMER$ Account Domain: JERRY Logon ID: 0x3bd6de6 Logon GUID: {3927FFCA-9038-917B-C030-965416739BC7} Process Information: Process ID: 0x0 Process Name: - Network Information: Workstation Name: Source Network Address: 172.20.0.25 Source Port: 49379 Detailed Authentication Information: Logon Process: Kerberos Authentication Package: Kerberos Transited Services: - Package Name (NTLM only): - Key Length: 0 This event is generated when a logon session is created. It is generated on the computer that was accessed. The subject fields indicate the account on the local system which requested the logon. This is most commonly a service such as the Server service, or a local process such as Winlogon.exe or Services.exe. The logon type field indicates the kind of logon that occurred. The most common types are 2 (interactive) and 3 (network). The New Logon fields indicate the account for whom the new logon was created, i.e. the account that was logged on. The network fields indicate where a remote logon request originated. Workstation name is not always available and may be left blank in some cases. The authentication information fields provide detailed information about this specific logon request. - Logon GUID is a unique identifier that can be used to correlate this event with a KDC event. - Transited services indicate which intermediate services have participated in this logon request. - Package name indicates which sub-protocol was used among the NTLM protocols. - Key length indicates the length of the generated session key. This will be 0 if no session key was requested."}
{"_path":"syslog","_write_ts":"2018-03-24T17:21:05.095673Z","ts":"2018-03-24T17:21:05.095673Z","uid":"CBs8sZ2kIbw2QgSdy4","id.orig_h":"10.47.22.25","id.orig_p":58947,"id.resp_h":"10.47.2.153","id.resp_p":514,"proto":"udp","facility":"LOCAL0","severity":"NOTICE","message":"1 2018-03-24T09:04:55-07:00 Kramer.jerry.land EvntSLog - - - An account was logged off. Subject: Security ID: S-1-5-18 Account Name: KRAMER$ Account Domain: JERRY Logon ID: 0x3bd6de6 Logon Type: 3 This event is generated when a logon session is destroyed. It may be positively correlated with a logon event using the Logon ID value. Logon IDs are only unique between reboots on the same computer."}
{"_path":"syslog","_write_ts":"2018-03-24T17:21:05.095677Z","ts":"2018-03-24T17:21:05.095677Z","uid":"CBs8sZ2kIbw2QgSdy4","id.orig_h":"10.47.22.25","id.orig_p":58947,"id.resp_h":"10.47.2.153","id.resp_p":514,"proto":"udp","facility":"LOCAL0","severity":"NOTICE","message":"1 2018-03-24T09:04:55-07:00 Kramer.jerry.land EvntSLog - - - An account was logged off. Subject: Security ID: S-1-5-18 Account Name: KRAMER$ Account Domain: JERRY Logon ID: 0x3bd6de6 Logon Type: 3 This event is generated when a logon session is destroyed. It may be positively correlated with a logon event using the Logon ID value. Logon IDs are only unique between reboots on the same computer."}
{"_path":"syslog","_write_ts":"2018-03-24T17:21:05.095683Z","ts":"2018-03-24T17:21:05.095683Z","uid":"CBs8sZ2kIbw2QgSdy4","id.orig_h":"10.47.22.25","id.orig_p":58947,"id.resp_h":"10.47.2.153","id.resp_p":514,"proto":"udp","facility":"LOCAL0","severity":"NOTICE","message":"1 2018-03-24T09:04:55-07:00 Kramer.jerry.land EvntSLog - - - An account was logged off. Subject: Security ID: S-1-5-18 Account Name: KRAMER$ Account Domain: JERRY Logon ID: 0x3bd6de6 Logon Type: 3 This event is generated when a logon session is destroyed. It may be positively correlated with a logon event using the Logon ID value. Logon IDs are only unique between reboots on the same computer."}
{"_path":"syslog","_write_ts":"2018-03-24T17:21:05.095685Z","ts":"2018-03-24T17:21:05.095685Z","uid":"CBs8sZ2kIbw2QgSdy4","id.orig_h":"10.47.22.25","id.orig_p":58947,"id.resp_h":"10.47.2.153","id.resp_p":514,"proto":"udp","facility":"LOCAL0","severity":"NOTICE","message":"1 2018-03-24T09:04:55-07:00 Kramer.jerry.land EvntSLog - - - An account was logged off. Subject: Security ID: S-1-5-18 Account Name: KRAMER$ Account Domain: JERRY Logon ID: 0x3bd6de6 Logon Type: 3 This event is generated when a logon session is destroyed. It may be positively correlated with a logon event using the Logon ID value. Logon IDs are only unique between reboots on the same computer."}
{"_path":"syslog","_write_ts":"2018-03-24T17:21:22.298608Z","ts":"2018-03-24T17:21:22.298608Z","uid":"CBs8sZ2kIbw2QgSdy4","id.orig_h":"10.47.22.25","id.orig_p":58947,"id.resp_h":"10.47.2.153","id.resp_p":514,"proto":"udp","facility":"LOCAL0","severity":"INFO","message":"1 2018-03-24T09:05:12-07:00 Kramer.jerry.land EvntSLog - - - Starting periodic policy processing for computer JERRY\\KRAMER$. Activity id: {2A8288F3-6F88-42EF-B52E-07A3D3D192FA}"}
{"_path":"syslog","_write_ts":"2018-03-24T17:21:22.298610Z","ts":"2018-03-24T17:21:22.298610Z","uid":"CBs8sZ2kIbw2QgSdy4","id.orig_h":"10.47.22.25","id.orig_p":58947,"id.resp_h":"10.47.2.153","id.resp_p":514,"proto":"udp","facility":"LOCAL0","severity":"INFO","message":"1 2018-03-24T09:05:12-07:00 Kramer.jerry.land EvntSLog - - - Starting periodic policy processing for computer JERRY\\KRAMER$. Activity id: {2A8288F3-6F88-42EF-B52E-07A3D3D192FA}"}
{"_path":"syslog","_write_ts":"2018-03-24T17:21:22.298612Z","ts":"2018-03-24T17:21:22.298612Z","uid":"CBs8sZ2kIbw2QgSdy4","id.orig_h":"10.47.22.25","id.orig_p":58947,"id.resp_h":"10.47.2.153","id.resp_p":514,"proto":"udp","facility":"LOCAL0","severity":"INFO","message":"1 2018-03-24T09:05:12-07:00 Kramer.jerry.land EvntSLog - - - Starting periodic policy processing for computer JERRY\\KRAMER$. Activity id: {2A8288F3-6F88-42EF-B52E-07A3D3D192FA}"}
{"_path":"syslog","_write_ts":"2018-03-24T17:21:22.298614Z","ts":"2018-03-24T17:21:22.298614Z","uid":"CBs8sZ2kIbw2QgSdy4","id.orig_h":"10.47.22.25","id.orig_p":58947,"id.resp_h":"10.47.2.153","id.resp_p":514,"proto":"udp","facility":"LOCAL0","severity":"INFO","message":"1 2018-03-24T09:05:12-07:00 Kramer.jerry.land EvntSLog - - - Starting periodic policy processing for computer JERRY\\KRAMER$. Activity id: {2A8288F3-6F88-42EF-B52E-07A3D3D192FA}"}
{"_path":"syslog","_write_ts":"2018-03-24T17:21:22.304634Z","ts":"2018-03-24T17:21:22.304634Z","uid":"CBs8sZ2kIbw2QgSdy4","id.orig_h":"10.47.22.25","id.orig_p":58947,"id.resp_h":"10.47.2.153","id.resp_p":514,"proto":"udp","facility":"LOCAL0","severity":"INFO","message":"1 2018-03-24T09:05:12-07:00 Kramer.jerry.land EvntSLog - - - Attempting to retrieve the account information."}
{"_path":"syslog","_write_ts":"2018-03-24T17:21:22.304638Z","ts":"2018-03-24T17:21:22.304638Z","uid":"CBs8sZ2kIbw2QgSdy4","id.orig_h":"10.47.22.25","id.orig_p":58947,"id.resp_h":"10.47.2.153","id.resp_p":514,"proto":"udp","facility":"LOCAL0","severity":"INFO","message":"1 2018-03-24T09:05:12-07:00 Kramer.jerry.land EvntSLog - - - Attempting to retrieve the account information."}
{"_path":"syslog","_write_ts":"2018-03-24T17:21:22.304639Z","ts":"2018-03-24T17:21:22.304639Z","uid":"CBs8sZ2kIbw2QgSdy4","id.orig_h":"10.47.22.25","id.orig_p":58947,"id.resp_h":"10.47.2.153","id.resp_p":514,"proto":"udp","facility":"LOCAL0","severity":"INFO","message":"1 2018-03-24T09:05:12-07:00 Kramer.jerry.land EvntSLog - - - Attempting to retrieve the account information."}
{"_path":"syslog","_write_ts":"2018-03-24T17:21:22.304641Z","ts":"2018-03-24T17:21:22.304641Z","uid":"CBs8sZ2kIbw2QgSdy4","id.orig_h":"10.47.22.25","id.orig_p":58947,"id.resp_h":"10.47.2.153","id.resp_p":514,"proto":"udp","facility":"LOCAL0","severity":"INFO","message":"1 2018-03-24T09:05:12-07:00 Kramer.jerry.land EvntSLog - - - Attempting to retrieve the account information."}
{"_path":"syslog","_write_ts":"2018-03-24T17:21:22.320442Z","ts":"2018-03-24T17:21:22.320442Z","uid":"CBs8sZ2kIbw2QgSdy4","id.orig_h":"10.47.22.25","id.orig_p":58947,"id.resp_h":"10.47.2.153","id.resp_p":514,"proto":"udp","facility":"LOCAL0","severity":"INFO","message":"1 2018-03-24T09:05:12-07:00 Kramer.jerry.land EvntSLog - - - Making system call to get account information. "}
{"_path":"syslog","_write_ts":"2018-03-24T17:21:22.320447Z","ts":"2018-03-24T17:21:22.320447Z","uid":"CBs8sZ2kIbw2QgSdy4","id.orig_h":"10.47.22.25","id.orig_p":58947,"id.resp_h":"10.47.2.153","id.resp_p":514,"proto":"udp","facility":"LOCAL0","severity":"INFO","message":"1 2018-03-24T09:05:12-07:00 Kramer.jerry.land EvntSLog - - - Making system call to get account information. "}
{"_path":"syslog","_write_ts":"2018-03-24T17:21:22.320451Z","ts":"2018-03-24T17:21:22.320451Z","uid":"CBs8sZ2kIbw2QgSdy4","id.orig_h":"10.47.22.25","id.orig_p":58947,"id.resp_h":"10.47.2.153","id.resp_p":514,"proto":"udp","facility":"LOCAL0","severity":"INFO","message":"1 2018-03-24T09:05:12-07:00 Kramer.jerry.land EvntSLog - - - Making system call to get account information. "}
{"_path":"syslog","_write_ts":"2018-03-24T17:21:22.320453Z","ts":"2018-03-24T17:21:22.320453Z","uid":"CBs8sZ2kIbw2QgSdy4","id.orig_h":"10.47.22.25","id.orig_p":58947,"id.resp_h":"10.47.2.153","id.resp_p":514,"proto":"udp","facility":"LOCAL0","severity":"INFO","message":"1 2018-03-24T09:05:12-07:00 Kramer.jerry.land EvntSLog - - - Making system call to get account information. "}
{"_path":"syslog","_write_ts":"2018-03-24T17:21:22.335990Z","ts":"2018-03-24T17:21:22.335990Z","uid":"CBs8sZ2kIbw2QgSdy4","id.orig_h":"10.47.22.25","id.orig_p":58947,"id.resp_h":"10.47.2.153","id.resp_p":514,"proto":"udp","facility":"LOCAL0","severity":"INFO","message":"1 2018-03-24T09:05:12-07:00 Kramer.jerry.land EvntSLog - - - The system call to get account information completed. CN=KRAMER,OU=Domain Controllers,DC=jerry,DC=land The call completed in 0 milliseconds."}
{"_path":"syslog","_write_ts":"2018-03-24T17:21:22.335993Z","ts":"2018-03-24T17:21:22.335993Z","uid":"CBs8sZ2kIbw2QgSdy4","id.orig_h":"10.47.22.25","id.orig_p":58947,"id.resp_h":"10.47.2.153","id.resp_p":514,"proto":"udp","facility":"LOCAL0","severity":"INFO","message":"1 2018-03-24T09:05:12-07:00 Kramer.jerry.land EvntSLog - - - The system call to get account information completed. CN=KRAMER,OU=Domain Controllers,DC=jerry,DC=land The call completed in 0 milliseconds."}
{"_path":"syslog","_write_ts":"2018-03-24T17:21:22.335995Z","ts":"2018-03-24T17:21:22.335995Z","uid":"CBs8sZ2kIbw2QgSdy4","id.orig_h":"10.47.22.25","id.orig_p":58947,"id.resp_h":"10.47.2.153","id.resp_p":514,"proto":"udp","facility":"LOCAL0","severity":"INFO","message":"1 2018-03-24T09:05:12-07:00 Kramer.jerry.land EvntSLog - - - The system call to get account information completed. CN=KRAMER,OU=Domain Controllers,DC=jerry,DC=land The call completed in 0 milliseconds."}
{"_path":"syslog","_write_ts":"2018-03-24T17:21:22.335997Z","ts":"2018-03-24T17:21:22.335997Z","uid":"CBs8sZ2kIbw2QgSdy4","id.orig_h":"10.47.22.25","id.orig_p":58947,"id.resp_h":"10.47.2.153","id.resp_p":514,"proto":"udp","facility":"LOCAL0","severity":"INFO","message":"1 2018-03-24T09:05:12-07:00 Kramer.jerry.land EvntSLog - - - The system call to get account information completed. CN=KRAMER,OU=Domain Controllers,DC=jerry,DC=land The call completed in 0 milliseconds."}
{"_path":"syslog","_write_ts":"2018-03-24T17:21:22.352426Z","ts":"2018-03-24T17:21:22.352426Z","uid":"CBs8sZ2kIbw2QgSdy4","id.orig_h":"10.47.22.25","id.orig_p":58947,"id.resp_h":"10.47.2.153","id.resp_p":514,"proto":"udp","facility":"LOCAL0","severity":"INFO","message":"1 2018-03-24T09:05:12-07:00 Kramer.jerry.land EvntSLog - - - Retrieved account information."}
{"_path":"syslog","_write_ts":"2018-03-24T17:21:22.352430Z","ts":"2018-03-24T17:21:22.352430Z","uid":"CBs8sZ2kIbw2QgSdy4","id.orig_h":"10.47.22.25","id.orig_p":58947,"id.resp_h":"10.47.2.153","id.resp_p":514,"proto":"udp","facility":"LOCAL0","severity":"INFO","message":"1 2018-03-24T09:05:12-07:00 Kramer.jerry.land EvntSLog - - - Retrieved account information."}
{"_path":"syslog","_write_ts":"2018-03-24T17:21:22.352431Z","ts":"2018-03-24T17:21:22.352431Z","uid":"CBs8sZ2kIbw2QgSdy4","id.orig_h":"10.47.22.25","id.orig_p":58947,"id.resp_h":"10.47.2.153","id.resp_p":514,"proto":"udp","facility":"LOCAL0","severity":"INFO","message":"1 2018-03-24T09:05:12-07:00 Kramer.jerry.land EvntSLog - - - Retrieved account information."}
{"_path":"syslog","_write_ts":"2018-03-24T17:21:22.352433Z","ts":"2018-03-24T17:21:22.352433Z","uid":"CBs8sZ2kIbw2QgSdy4","id.orig_h":"10.47.22.25","id.orig_p":58947,"id.resp_h":"10.47.2.153","id.resp_p":514,"proto":"udp","facility":"LOCAL0","severity":"INFO","message":"1 2018-03-24T09:05:12-07:00 Kramer.jerry.land EvntSLog - - - Retrieved account information."}
{"_path":"syslog","_write_ts":"2018-03-24T17:21:22.367129Z","ts":"2018-03-24T17:21:22.367129Z","uid":"CBs8sZ2kIbw2QgSdy4","id.orig_h":"10.47.22.25","id.orig_p":58947,"id.resp_h":"10.47.2.153","id.resp_p":514,"proto":"udp","facility":"LOCAL0","severity":"INFO","message":"1 2018-03-24T09:05:12-07:00 Kramer.jerry.land EvntSLog - - - Group Policy is trying to discover the Domain Controller information."}
{"_path":"syslog","_write_ts":"2018-03-24T17:21:22.367133Z","ts":"2018-03-24T17:21:22.367133Z","uid":"CBs8sZ2kIbw2QgSdy4","id.orig_h":"10.47.22.25","id.orig_p":58947,"id.resp_h":"10.47.2.153","id.resp_p":514,"proto":"udp","facility":"LOCAL0","severity":"INFO","message":"1 2018-03-24T09:05:12-07:00 Kramer.jerry.land EvntSLog - - - Group Policy is trying to discover the Domain Controller information."}
{"_path":"syslog","_write_ts":"2018-03-24T17:21:22.367135Z","ts":"2018-03-24T17:21:22.367135Z","uid":"CBs8sZ2kIbw2QgSdy4","id.orig_h":"10.47.22.25","id.orig_p":58947,"id.resp_h":"10.47.2.153","id.resp_p":514,"proto":"udp","facility":"LOCAL0","severity":"INFO","message":"1 2018-03-24T09:05:12-07:00 Kramer.jerry.land EvntSLog - - - Group Policy is trying to discover the Domain Controller information."}
{"_path":"syslog","_write_ts":"2018-03-24T17:21:22.367176Z","ts":"2018-03-24T17:21:22.367176Z","uid":"CBs8sZ2kIbw2QgSdy4","id.orig_h":"10.47.22.25","id.orig_p":58947,"id.resp_h":"10.47.2.153","id.resp_p":514,"proto":"udp","facility":"LOCAL0","severity":"INFO","message":"1 2018-03-24T09:05:12-07:00 Kramer.jerry.land EvntSLog - - - Group Policy is trying to discover the Domain Controller information."}
{"_path":"syslog","_write_ts":"2018-03-24T17:21:22.382321Z","ts":"2018-03-24T17:21:22.382321Z","uid":"CBs8sZ2kIbw2QgSdy4","id.orig_h":"10.47.22.25","id.orig_p":58947,"id.resp_h":"10.47.2.153","id.resp_p":514,"proto":"udp","facility":"LOCAL0","severity":"INFO","message":"1 2018-03-24T09:05:12-07:00 Kramer.jerry.land EvntSLog - - - Retrieving Domain Controller details."}
{"_path":"syslog","_write_ts":"2018-03-24T17:21:22.382324Z","ts":"2018-03-24T17:21:22.382324Z","uid":"CBs8sZ2kIbw2QgSdy4","id.orig_h":"10.47.22.25","id.orig_p":58947,"id.resp_h":"10.47.2.153","id.resp_p":514,"proto":"udp","facility":"LOCAL0","severity":"INFO","message":"1 2018-03-24T09:05:12-07:00 Kramer.jerry.land EvntSLog - - - Retrieving Domain Controller details."}
{"_path":"syslog","_write_ts":"2018-03-24T17:21:22.382326Z","ts":"2018-03-24T17:21:22.382326Z","uid":"CBs8sZ2kIbw2QgSdy4","id.orig_h":"10.47.22.25","id.orig_p":58947,"id.resp_h":"10.47.2.153","id.resp_p":514,"proto":"udp","facility":"LOCAL0","severity":"INFO","message":"1 2018-03-24T09:05:12-07:00 Kramer.jerry.land EvntSLog - - - Retrieving Domain Controller details."}
{"_path":"syslog","_write_ts":"2018-03-24T17:21:22.382328Z","ts":"2018-03-24T17:21:22.382328Z","uid":"CBs8sZ2kIbw2QgSdy4","id.orig_h":"10.47.22.25","id.orig_p":58947,"id.resp_h":"10.47.2.153","id.resp_p":514,"proto":"udp","facility":"LOCAL0","severity":"INFO","message":"1 2018-03-24T09:05:12-07:00 Kramer.jerry.land EvntSLog - - - Retrieving Domain Controller details."}
{"_path":"syslog","_write_ts":"2018-03-24T17:21:24.273174Z","ts":"2018-03-24T17:21:24.273174Z","uid":"CBs8sZ2kIbw2QgSdy4","id.orig_h":"10.47.22.25","id.orig_p":58947,"id.resp_h":"10.47.2.153","id.resp_p":514,"proto":"udp","facility":"LOCAL0","severity":"INFO","message":"1 2018-03-24T09:05:14-07:00 Kramer.jerry.land EvntSLog - - - Making LDAP calls to connect and bind to Active Directory. Kramer.jerry.land"}
{"_path":"syslog","_write_ts":"2018-03-24T17:21:24.273176Z","ts":"2018-03-24T17:21:24.273176Z","uid":"CBs8sZ2kIbw2QgSdy4","id.orig_h":"10.47.22.25","id.orig_p":58947,"id.resp_h":"10.47.2.153","id.resp_p":514,"proto":"udp","facility":"LOCAL0","severity":"INFO","message":"1 2018-03-24T09:05:14-07:00 Kramer.jerry.land EvntSLog - - - Making LDAP calls to connect and bind to Active Directory. Kramer.jerry.land"}
{"_path":"syslog","_write_ts":"2018-03-24T17:21:24.273368Z","ts":"2018-03-24T17:21:24.273368Z","uid":"CBs8sZ2kIbw2QgSdy4","id.orig_h":"10.47.22.25","id.orig_p":58947,"id.resp_h":"10.47.2.153","id.resp_p":514,"proto":"udp","facility":"LOCAL0","severity":"INFO","message":"1 2018-03-24T09:05:14-07:00 Kramer.jerry.land EvntSLog - - - Making LDAP calls to connect and bind to Active Directory. Kramer.jerry.land"}
{"_path":"syslog","_write_ts":"2018-03-24T17:21:24.273671Z","ts":"2018-03-24T17:21:24.273671Z","uid":"CBs8sZ2kIbw2QgSdy4","id.orig_h":"10.47.22.25","id.orig_p":58947,"id.resp_h":"10.47.2.153","id.resp_p":514,"proto":"udp","facility":"LOCAL0","severity":"INFO","message":"1 2018-03-24T09:05:14-07:00 Kramer.jerry.land EvntSLog - - - Making LDAP calls to connect and bind to Active Directory. Kramer.jerry.land"}
{"_path":"syslog","_write_ts":"2018-03-24T17:21:24.273684Z","ts":"2018-03-24T17:21:24.273684Z","uid":"CBs8sZ2kIbw2QgSdy4","id.orig_h":"10.47.22.25","id.orig_p":58947,"id.resp_h":"10.47.2.153","id.resp_p":514,"proto":"udp","facility":"LOCAL0","severity":"NOTICE","message":"1 2018-03-24T09:05:14-07:00 Kramer.jerry.land EvntSLog - - - Special privileges assigned to new logon. Subject: Security ID: S-1-5-18 Account Name: KRAMER$ Account Domain: JERRY Logon ID: 0x3bd91e4 Privileges: SeSecurityPrivilege SeBackupPrivilege SeRestorePrivilege SeTakeOwnershipPrivilege SeDebugPrivilege SeSystemEnvironmentPrivilege SeLoadDriverPrivilege SeImpersonatePrivilege SeEnableDelegationPrivilege"}
{"_path":"syslog","_write_ts":"2018-03-24T17:21:24.273688Z","ts":"2018-03-24T17:21:24.273688Z","uid":"CBs8sZ2kIbw2QgSdy4","id.orig_h":"10.47.22.25","id.orig_p":58947,"id.resp_h":"10.47.2.153","id.resp_p":514,"proto":"udp","facility":"LOCAL0","severity":"NOTICE","message":"1 2018-03-24T09:05:14-07:00 Kramer.jerry.land EvntSLog - - - Special privileges assigned to new logon. Subject: Security ID: S-1-5-18 Account Name: KRAMER$ Account Domain: JERRY Logon ID: 0x3bd91e4 Privileges: SeSecurityPrivilege SeBackupPrivilege SeRestorePrivilege SeTakeOwnershipPrivilege SeDebugPrivilege SeSystemEnvironmentPrivilege SeLoadDriverPrivilege SeImpersonatePrivilege SeEnableDelegationPrivilege"}
{"_path":"syslog","_write_ts":"2018-03-24T17:21:24.273689Z","ts":"2018-03-24T17:21:24.273689Z","uid":"CBs8sZ2kIbw2QgSdy4","id.orig_h":"10.47.22.25","id.orig_p":58947,"id.resp_h":"10.47.2.153","id.resp_p":514,"proto":"udp","facility":"LOCAL0","severity":"NOTICE","message":"1 2018-03-24T09:05:14-07:00 Kramer.jerry.land EvntSLog - - - Special privileges assigned to new logon. Subject: Security ID: S-1-5-18 Account Name: KRAMER$ Account Domain: JERRY Logon ID: 0x3bd91e4 Privileges: SeSecurityPrivilege SeBackupPrivilege SeRestorePrivilege SeTakeOwnershipPrivilege SeDebugPrivilege SeSystemEnvironmentPrivilege SeLoadDriverPrivilege SeImpersonatePrivilege SeEnableDelegationPrivilege"}
{"_path":"syslog","_write_ts":"2018-03-24T17:21:24.274383Z","ts":"2018-03-24T17:21:24.274383Z","uid":"CBs8sZ2kIbw2QgSdy4","id.orig_h":"10.47.22.25","id.orig_p":58947,"id.resp_h":"10.47.2.153","id.resp_p":514,"proto":"udp","facility":"LOCAL0","severity":"NOTICE","message":"1 2018-03-24T09:05:14-07:00 Kramer.jerry.land EvntSLog - - - Special privileges assigned to new logon. Subject: Security ID: S-1-5-18 Account Name: KRAMER$ Account Domain: JERRY Logon ID: 0x3bd91e4 Privileges: SeSecurityPrivilege SeBackupPrivilege SeRestorePrivilege SeTakeOwnershipPrivilege SeDebugPrivilege SeSystemEnvironmentPrivilege SeLoadDriverPrivilege SeImpersonatePrivilege SeEnableDelegationPrivilege"}
{"_path":"syslog","_write_ts":"2018-03-24T17:21:24.290327Z","ts":"2018-03-24T17:21:24.290327Z","uid":"CBs8sZ2kIbw2QgSdy4","id.orig_h":"10.47.22.25","id.orig_p":58947,"id.resp_h":"10.47.2.153","id.resp_p":514,"proto":"udp","facility":"LOCAL0","severity":"INFO","message":"1 2018-03-24T09:05:14-07:00 Kramer.jerry.land EvntSLog - - - The LDAP call to connect and bind to Active Directory completed. Kramer.jerry.land The call completed in 109 milliseconds."}
{"_path":"syslog","_write_ts":"2018-03-24T17:21:24.290330Z","ts":"2018-03-24T17:21:24.290330Z","uid":"CBs8sZ2kIbw2QgSdy4","id.orig_h":"10.47.22.25","id.orig_p":58947,"id.resp_h":"10.47.2.153","id.resp_p":514,"proto":"udp","facility":"LOCAL0","severity":"INFO","message":"1 2018-03-24T09:05:14-07:00 Kramer.jerry.land EvntSLog - - - The LDAP call to connect and bind to Active Directory completed. Kramer.jerry.land The call completed in 109 milliseconds."}
{"_path":"syslog","_write_ts":"2018-03-24T17:21:24.290333Z","ts":"2018-03-24T17:21:24.290333Z","uid":"CBs8sZ2kIbw2QgSdy4","id.orig_h":"10.47.22.25","id.orig_p":58947,"id.resp_h":"10.47.2.153","id.resp_p":514,"proto":"udp","facility":"LOCAL0","severity":"INFO","message":"1 2018-03-24T09:05:14-07:00 Kramer.jerry.land EvntSLog - - - The LDAP call to connect and bind to Active Directory completed. Kramer.jerry.land The call completed in 109 milliseconds."}
{"_path":"syslog","_write_ts":"2018-03-24T17:21:24.290335Z","ts":"2018-03-24T17:21:24.290335Z","uid":"CBs8sZ2kIbw2QgSdy4","id.orig_h":"10.47.22.25","id.orig_p":58947,"id.resp_h":"10.47.2.153","id.resp_p":514,"proto":"udp","facility":"LOCAL0","severity":"INFO","message":"1 2018-03-24T09:05:14-07:00 Kramer.jerry.land EvntSLog - - - The LDAP call to connect and bind to Active Directory completed. Kramer.jerry.land The call completed in 109 milliseconds."}
{"_path":"syslog","_write_ts":"2018-03-24T17:21:24.291217Z","ts":"2018-03-24T17:21:24.291217Z","uid":"CBs8sZ2kIbw2QgSdy4","id.orig_h":"10.47.22.25","id.orig_p":58947,"id.resp_h":"10.47.2.153","id.resp_p":514,"proto":"udp","facility":"LOCAL0","severity":"NOTICE","message":"1 2018-03-24T09:05:14-07:00 Kramer.jerry.land EvntSLog - - - An account was successfully logged on. Subject: Security ID: S-1-0-0 Account Name: - Account Domain: - Logon ID: 0x0 Logon Type: 3 New Logon: Security ID: S-1-5-18 Account Name: KRAMER$ Account Domain: JERRY Logon ID: 0x3bd91e4 Logon GUID: {8A226FDA-FE88-F8FC-B6A3-39969F997F6A} Process Information: Process ID: 0x0 Process Name: - Network Information: Workstation Name: Source Network Address: 172.20.0.25 Source Port: 49381 Detailed Authentication Information: Logon Process: Kerberos Authentication Package: Kerberos Transited Services: - Package Name (NTLM only): - Key Length: 0 This event is generated when a logon session is created. It is generated on the computer that was accessed. The subject fields indicate the account on the local system which requested the logon. This is most commonly a service such as the Server service, or a local process such as Winlogon.exe or Services.exe. The logon type field indicates the kind of logon that occurred. The most common types are 2 (interactive) and 3 (network). The New Logon fields indicate the account for whom the new logon was created, i.e. the account that was logged on. The network fields indicate where a remote logon request originated. Workstation name is not always available and may be left blank in some cases. The authentication information fields provide detailed information about this specific logon request. - Logon GUID is a unique identifier that can be used to correlate this event with a KDC event. - Transited services indicate which intermediate services have participated in this logon request. - Package name indicates which sub-protocol was used among the NTLM protocols. - Key length indicates the length of the generated session key. This will be 0 if no session key was requested."}
