{"_path":"syslog","_write_ts":"2018-03-24T17:32:30.558906Z","ts":"2018-03-24T17:32:30.558906Z","uid":"CG9T461KV0VLPWsrch","id.orig_h":"10.47.22.25","id.orig_p":58947,"id.resp_h":"10.47.2.153","id.resp_p":514,"proto":"udp","facility":"LOCAL0","severity":"NOTICE","message":"1 2018-03-24T09:16:20-07:00 Kramer.jerry.land EvntSLog - - - An account was successfully logged on. Subject: Security ID: S-1-0-0 Account Name: - Account Domain: - Logon ID: 0x0 Logon Type: 3 New Logon: Security ID: S-1-5-18 Account Name: KRAMER$ Account Domain: JERRY Logon ID: 0x3ca469a Logon GUID: {3CDA3321-6B83-0DB5-0F99-4AA9FC563A93} Process Information: Process ID: 0x0 Process Name: - Network Information: Workstation Name: Source Network Address: ::1 Source Port: 49412 Detailed Authentication Information: Logon Process: Kerberos Authentication Package: Kerberos Transited Services: - Package Name (NTLM only): - Key Length: 0 This event is generated when a logon session is created. It is generated on the computer that was accessed. The subject fields indicate the account on the local system which requested the logon. This is most commonly a service such as the Server service, or a local process such as Winlogon.exe or Services.exe. The logon type field indicates the kind of logon that occurred. The most common types are 2 (interactive) and 3 (network). The New Logon fields indicate the account for whom the new logon was created, i.e. the account that was logged on. The network fields indicate where a remote logon request originated. Workstation name is not always available and may be left blank in some cases. The authentication information fields provide detailed information about this specific logon request. - Logon GUID is a unique identifier that can be used to correlate this event with a KDC event. - Transited services indicate which intermediate services have participated in this logon request. - Package name indicates which sub-protocol was used among the NTLM protocols. - Key length indicates the length of the generated session key. This will be 0 if no session key was requested."}
{"_path":"syslog","_write_ts":"2018-03-24T17:32:30.558910Z","ts":"2018-03-24T17:32:30.558910Z","uid":"CG9T461KV0VLPWsrch","id.orig_h":"10.47.22.25","id.orig_p":58947,"id.resp_h":"10.47.2.153","id.resp_p":514,"proto":"udp","facility":"LOCAL0","severity":"NOTICE","message":"1 2018-03-24T09:16:20-07:00 Kramer.jerry.land EvntSLog - - - An account was successfully logged on. Subject: Security ID: S-1-0-0 Account Name: - Account Domain: - Logon ID: 0x0 Logon Type: 3 New Logon: Security ID: S-1-5-18 Account Name: KRAMER$ Account Domain: JERRY Logon ID: 0x3ca469a Logon GUID: {3CDA3321-6B83-0DB5-0F99-4AA9FC563A93} Process Information: Process ID: 0x0 Process Name: - Network Information: Workstation Name: Source Network Address: ::1 Source Port: 49412 Detailed Authentication Information: Logon Process: Kerberos Authentication Package: Kerberos Transited Services: - Package Name (NTLM only): - Key Length: 0 This event is generated when a logon session is created. It is generated on the computer that was accessed. The subject fields indicate the account on the local system which requested the logon. This is most commonly a service such as the Server service, or a local process such as Winlogon.exe or Services.exe. The logon type field indicates the kind of logon that occurred. The most common types are 2 (interactive) and 3 (network). The New Logon fields indicate the account for whom the new logon was created, i.e. the account that was logged on. The network fields indicate where a remote logon request originated. Workstation name is not always available and may be left blank in some cases. The authentication information fields provide detailed information about this specific logon request. - Logon GUID is a unique identifier that can be used to correlate this event with a KDC event. - Transited services indicate which intermediate services have participated in this logon request. - Package name indicates which sub-protocol was used among the NTLM protocols. - Key length indicates the length of the generated session key. This will be 0 if no session key was requested."}
{"_path":"syslog","_write_ts":"2018-03-24T17:32:30.558919Z","ts":"2018-03-24T17:32:30.558919Z","uid":"CG9T461KV0VLPWsrch","id.orig_h":"10.47.22.25","id.orig_p":58947,"id.resp_h":"10.47.2.153","id.resp_p":514,"proto":"udp","facility":"LOCAL0","severity":"NOTICE","message":"1 2018-03-24T09:16:20-07:00 Kramer.jerry.land EvntSLog - - - An account was successfully logged on. Subject: Security ID: S-1-0-0 Account Name: - Account Domain: - Logon ID: 0x0 Logon Type: 3 New Logon: Security ID: S-1-5-18 Account Name: KRAMER$ Account Domain: JERRY Logon ID: 0x3ca469a Logon GUID: {3CDA3321-6B83-0DB5-0F99-4AA9FC563A93} Process Information: Process ID: 0x0 Process Name: - Network Information: Workstation Name: Source Network Address: ::1 Source Port: 49412 Detailed Authentication Information: Logon Process: Kerberos Authentication Package: Kerberos Transited Services: - Package Name (NTLM only): - Key Length: 0 This event is generated when a logon session is created. It is generated on the computer that was accessed. The subject fields indicate the account on the local system which requested the logon. This is most commonly a service such as the Server service, or a local process such as Winlogon.exe or Services.exe. The logon type field indicates the kind of logon that occurred. The most common types are 2 (interactive) and 3 (network). The New Logon fields indicate the account for whom the new logon was created, i.e. the account that was logged on. The network fields indicate where a remote logon request originated. Workstation name is not always available and may be left blank in some cases. The authentication information fields provide detailed information about this specific logon request. - Logon GUID is a unique identifier that can be used to correlate this event with a KDC event. - Transited services indicate which intermediate services have participated in this logon request. - Package name indicates which sub-protocol was used among the NTLM protocols. - Key length indicates the length of the generated session key. This will be 0 if no session key was requested."}
{"_path":"syslog","_write_ts":"2018-03-24T17:32:30.558925Z","ts":"2018-03-24T17:32:30.558925Z","uid":"CG9T461KV0VLPWsrch","id.orig_h":"10.47.22.25","id.orig_p":58947,"id.resp_h":"10.47.2.153","id.resp_p":514,"proto":"udp","facility":"LOCAL0","severity":"NOTICE","message":"1 2018-03-24T09:16:20-07:00 Kramer.jerry.land EvntSLog - - - An account was successfully logged on. Subject: Security ID: S-1-0-0 Account Name: - Account Domain: - Logon ID: 0x0 Logon Type: 3 New Logon: Security ID: S-1-5-18 Account Name: KRAMER$ Account Domain: JERRY Logon ID: 0x3ca469a Logon GUID: {3CDA3321-6B83-0DB5-0F99-4AA9FC563A93} Process Information: Process ID: 0x0 Process Name: - Network Information: Workstation Name: Source Network Address: ::1 Source Port: 49412 Detailed Authentication Information: Logon Process: Kerberos Authentication Package: Kerberos Transited Services: - Package Name (NTLM only): - Key Length: 0 This event is generated when a logon session is created. It is generated on the computer that was accessed. The subject fields indicate the account on the local system which requested the logon. This is most commonly a service such as the Server service, or a local process such as Winlogon.exe or Services.exe. The logon type field indicates the kind of logon that occurred. The most common types are 2 (interactive) and 3 (network). The New Logon fields indicate the account for whom the new logon was created, i.e. the account that was logged on. The network fields indicate where a remote logon request originated. Workstation name is not always available and may be left blank in some cases. The authentication information fields provide detailed information about this specific logon request. - Logon GUID is a unique identifier that can be used to correlate this event with a KDC event. - Transited services indicate which intermediate services have participated in this logon request. - Package name indicates which sub-protocol was used among the NTLM protocols. - Key length indicates the length of the generated session key. This will be 0 if no session key was requested."}
{"_path":"syslog","_write_ts":"2018-03-24T17:32:42.691507Z","ts":"2018-03-24T17:32:42.691507Z","uid":"CG9T461KV0VLPWsrch","id.orig_h":"10.47.22.25","id.orig_p":58947,"id.resp_h":"10.47.2.153","id.resp_p":514,"proto":"udp","facility":"LOCAL0","severity":"NOTICE","message":"1 2018-03-24T09:16:32-07:00 Kramer.jerry.land EvntSLog - - - An account was logged off. Subject: Security ID: S-1-5-18 Account Name: KRAMER$ Account Domain: JERRY Logon ID: 0x3ca469a Logon Type: 3 This event is generated when a logon session is destroyed. It may be positively correlated with a logon event using the Logon ID value. Logon IDs are only unique between reboots on the same computer."}
{"_path":"syslog","_write_ts":"2018-03-24T17:32:42.691511Z","ts":"2018-03-24T17:32:42.691511Z","uid":"CG9T461KV0VLPWsrch","id.orig_h":"10.47.22.25","id.orig_p":58947,"id.resp_h":"10.47.2.153","id.resp_p":514,"proto":"udp","facility":"LOCAL0","severity":"NOTICE","message":"1 2018-03-24T09:16:32-07:00 Kramer.jerry.land EvntSLog - - - An account was logged off. Subject: Security ID: S-1-5-18 Account Name: KRAMER$ Account Domain: JERRY Logon ID: 0x3ca469a Logon Type: 3 This event is generated when a logon session is destroyed. It may be positively correlated with a logon event using the Logon ID value. Logon IDs are only unique between reboots on the same computer."}
{"_path":"syslog","_write_ts":"2018-03-24T17:32:42.691513Z","ts":"2018-03-24T17:32:42.691513Z","uid":"CG9T461KV0VLPWsrch","id.orig_h":"10.47.22.25","id.orig_p":58947,"id.resp_h":"10.47.2.153","id.resp_p":514,"proto":"udp","facility":"LOCAL0","severity":"NOTICE","message":"1 2018-03-24T09:16:32-07:00 Kramer.jerry.land EvntSLog - - - An account was logged off. Subject: Security ID: S-1-5-18 Account Name: KRAMER$ Account Domain: JERRY Logon ID: 0x3ca469a Logon Type: 3 This event is generated when a logon session is destroyed. It may be positively correlated with a logon event using the Logon ID value. Logon IDs are only unique between reboots on the same computer."}
{"_path":"syslog","_write_ts":"2018-03-24T17:32:42.691515Z","ts":"2018-03-24T17:32:42.691515Z","uid":"CG9T461KV0VLPWsrch","id.orig_h":"10.47.22.25","id.orig_p":58947,"id.resp_h":"10.47.2.153","id.resp_p":514,"proto":"udp","facility":"LOCAL0","severity":"NOTICE","message":"1 2018-03-24T09:16:32-07:00 Kramer.jerry.land EvntSLog - - - An account was logged off. Subject: Security ID: S-1-5-18 Account Name: KRAMER$ Account Domain: JERRY Logon ID: 0x3ca469a Logon Type: 3 This event is generated when a logon session is destroyed. It may be positively correlated with a logon event using the Logon ID value. Logon IDs are only unique between reboots on the same computer."}
{"_path":"syslog","_write_ts":"2018-03-24T17:34:59.357602Z","ts":"2018-03-24T17:34:59.357602Z","uid":"CWmtaV32vAQJbd72hc","id.orig_h":"10.47.22.80","id.orig_p":51899,"id.resp_h":"10.47.2.153","id.resp_p":514,"proto":"udp","facility":"LOCAL0","severity":"INFO","message":"1 2018-03-24T09:18:50-07:00 PC-newman.jerry.land EvntSLog - - - Starting periodic policy processing for user JERRY\\administrator. Activity id: {7D9BA0DA-6310-4713-80BB-F62A5F4E258A}"}
{"_path":"syslog","_write_ts":"2018-03-24T17:34:59.357606Z","ts":"2018-03-24T17:34:59.357606Z","uid":"CWmtaV32vAQJbd72hc","id.orig_h":"10.47.22.80","id.orig_p":51899,"id.resp_h":"10.47.2.153","id.resp_p":514,"proto":"udp","facility":"LOCAL0","severity":"INFO","message":"1 2018-03-24T09:18:50-07:00 PC-newman.jerry.land EvntSLog - - - Starting periodic policy processing for user JERRY\\administrator. Activity id: {7D9BA0DA-6310-4713-80BB-F62A5F4E258A}"}
{"_path":"syslog","_write_ts":"2018-03-24T17:34:59.357810Z","ts":"2018-03-24T17:34:59.357810Z","uid":"CWmtaV32vAQJbd72hc","id.orig_h":"10.47.22.80","id.orig_p":51899,"id.resp_h":"10.47.2.153","id.resp_p":514,"proto":"udp","facility":"LOCAL0","severity":"INFO","message":"1 2018-03-24T09:18:50-07:00 PC-newman.jerry.land EvntSLog - - - Starting periodic policy processing for user JERRY\\administrator. Activity id: {7D9BA0DA-6310-4713-80BB-F62A5F4E258A}"}
{"_path":"syslog","_write_ts":"2018-03-24T17:34:59.357814Z","ts":"2018-03-24T17:34:59.357814Z","uid":"CWmtaV32vAQJbd72hc","id.orig_h":"10.47.22.80","id.orig_p":51899,"id.resp_h":"10.47.2.153","id.resp_p":514,"proto":"udp","facility":"LOCAL0","severity":"INFO","message":"1 2018-03-24T09:18:50-07:00 PC-newman.jerry.land EvntSLog - - - Starting periodic policy processing for user JERRY\\administrator. Activity id: {7D9BA0DA-6310-4713-80BB-F62A5F4E258A}"}
{"_path":"syslog","_write_ts":"2018-03-24T17:34:59.371213Z","ts":"2018-03-24T17:34:59.371213Z","uid":"CWmtaV32vAQJbd72hc","id.orig_h":"10.47.22.80","id.orig_p":51899,"id.resp_h":"10.47.2.153","id.resp_p":514,"proto":"udp","facility":"LOCAL0","severity":"INFO","message":"1 2018-03-24T09:18:50-07:00 PC-newman.jerry.land EvntSLog - - - Attempting to retrieve the account information."}
{"_path":"syslog","_write_ts":"2018-03-24T17:34:59.371217Z","ts":"2018-03-24T17:34:59.371217Z","uid":"CWmtaV32vAQJbd72hc","id.orig_h":"10.47.22.80","id.orig_p":51899,"id.resp_h":"10.47.2.153","id.resp_p":514,"proto":"udp","facility":"LOCAL0","severity":"INFO","message":"1 2018-03-24T09:18:50-07:00 PC-newman.jerry.land EvntSLog - - - Attempting to retrieve the account information."}
{"_path":"syslog","_write_ts":"2018-03-24T17:34:59.371220Z","ts":"2018-03-24T17:34:59.371220Z","uid":"CWmtaV32vAQJbd72hc","id.orig_h":"10.47.22.80","id.orig_p":51899,"id.resp_h":"10.47.2.153","id.resp_p":514,"proto":"udp","facility":"LOCAL0","severity":"INFO","message":"1 2018-03-24T09:18:50-07:00 PC-newman.jerry.land EvntSLog - - - Attempting to retrieve the account information."}
{"_path":"syslog","_write_ts":"2018-03-24T17:34:59.371224Z","ts":"2018-03-24T17:34:59.371224Z","uid":"CWmtaV32vAQJbd72hc","id.orig_h":"10.47.22.80","id.orig_p":51899,"id.resp_h":"10.47.2.153","id.resp_p":514,"proto":"udp","facility":"LOCAL0","severity":"INFO","message":"1 2018-03-24T09:18:50-07:00 PC-newman.jerry.land EvntSLog - - - Attempting to retrieve the account information."}
{"_path":"syslog","_write_ts":"2018-03-24T17:34:59.386392Z","ts":"2018-03-24T17:34:59.386392Z","uid":"CWmtaV32vAQJbd72hc","id.orig_h":"10.47.22.80","id.orig_p":51899,"id.resp_h":"10.47.2.153","id.resp_p":514,"proto":"udp","facility":"LOCAL0","severity":"INFO","message":"1 2018-03-24T09:18:50-07:00 PC-newman.jerry.land EvntSLog - - - Making system call to get account information. "}
{"_path":"syslog","_write_ts":"2018-03-24T17:34:59.386395Z","ts":"2018-03-24T17:34:59.386395Z","uid":"CWmtaV32vAQJbd72hc","id.orig_h":"10.47.22.80","id.orig_p":51899,"id.resp_h":"10.47.2.153","id.resp_p":514,"proto":"udp","facility":"LOCAL0","severity":"INFO","message":"1 2018-03-24T09:18:50-07:00 PC-newman.jerry.land EvntSLog - - - Making system call to get account information. "}
{"_path":"syslog","_write_ts":"2018-03-24T17:34:59.386397Z","ts":"2018-03-24T17:34:59.386397Z","uid":"CWmtaV32vAQJbd72hc","id.orig_h":"10.47.22.80","id.orig_p":51899,"id.resp_h":"10.47.2.153","id.resp_p":514,"proto":"udp","facility":"LOCAL0","severity":"INFO","message":"1 2018-03-24T09:18:50-07:00 PC-newman.jerry.land EvntSLog - - - Making system call to get account information. "}
{"_path":"syslog","_write_ts":"2018-03-24T17:34:59.386399Z","ts":"2018-03-24T17:34:59.386399Z","uid":"CWmtaV32vAQJbd72hc","id.orig_h":"10.47.22.80","id.orig_p":51899,"id.resp_h":"10.47.2.153","id.resp_p":514,"proto":"udp","facility":"LOCAL0","severity":"INFO","message":"1 2018-03-24T09:18:50-07:00 PC-newman.jerry.land EvntSLog - - - Making system call to get account information. "}
{"_path":"syslog","_write_ts":"2018-03-24T17:34:59.401913Z","ts":"2018-03-24T17:34:59.401913Z","uid":"CWmtaV32vAQJbd72hc","id.orig_h":"10.47.22.80","id.orig_p":51899,"id.resp_h":"10.47.2.153","id.resp_p":514,"proto":"udp","facility":"LOCAL0","severity":"INFO","message":"1 2018-03-24T09:18:50-07:00 PC-newman.jerry.land EvntSLog - - - The system call to get account information completed. CN=Administrator,CN=Users,DC=jerry,DC=land The call completed in 0 milliseconds."}
{"_path":"syslog","_write_ts":"2018-03-24T17:34:59.401915Z","ts":"2018-03-24T17:34:59.401915Z","uid":"CWmtaV32vAQJbd72hc","id.orig_h":"10.47.22.80","id.orig_p":51899,"id.resp_h":"10.47.2.153","id.resp_p":514,"proto":"udp","facility":"LOCAL0","severity":"INFO","message":"1 2018-03-24T09:18:50-07:00 PC-newman.jerry.land EvntSLog - - - The system call to get account information completed. CN=Administrator,CN=Users,DC=jerry,DC=land The call completed in 0 milliseconds."}
{"_path":"syslog","_write_ts":"2018-03-24T17:34:59.401985Z","ts":"2018-03-24T17:34:59.401985Z","uid":"CWmtaV32vAQJbd72hc","id.orig_h":"10.47.22.80","id.orig_p":51899,"id.resp_h":"10.47.2.153","id.resp_p":514,"proto":"udp","facility":"LOCAL0","severity":"INFO","message":"1 2018-03-24T09:18:50-07:00 PC-newman.jerry.land EvntSLog - - - The system call to get account information completed. CN=Administrator,CN=Users,DC=jerry,DC=land The call completed in 0 milliseconds."}
{"_path":"syslog","_write_ts":"2018-03-24T17:34:59.401989Z","ts":"2018-03-24T17:34:59.401989Z","uid":"CWmtaV32vAQJbd72hc","id.orig_h":"10.47.22.80","id.orig_p":51899,"id.resp_h":"10.47.2.153","id.resp_p":514,"proto":"udp","facility":"LOCAL0","severity":"INFO","message":"1 2018-03-24T09:18:50-07:00 PC-newman.jerry.land EvntSLog - - - The system call to get account information completed. CN=Administrator,CN=Users,DC=jerry,DC=land The call completed in 0 milliseconds."}
{"_path":"syslog","_write_ts":"2018-03-24T17:34:59.419511Z","ts":"2018-03-24T17:34:59.419511Z","uid":"CWmtaV32vAQJbd72hc","id.orig_h":"10.47.22.80","id.orig_p":51899,"id.resp_h":"10.47.2.153","id.resp_p":514,"proto":"udp","facility":"LOCAL0","severity":"INFO","message":"1 2018-03-24T09:18:50-07:00 PC-newman.jerry.land EvntSLog - - - Retrieved account information."}
{"_path":"syslog","_write_ts":"2018-03-24T17:34:59.419513Z","ts":"2018-03-24T17:34:59.419513Z","uid":"CWmtaV32vAQJbd72hc","id.orig_h":"10.47.22.80","id.orig_p":51899,"id.resp_h":"10.47.2.153","id.resp_p":514,"proto":"udp","facility":"LOCAL0","severity":"INFO","message":"1 2018-03-24T09:18:50-07:00 PC-newman.jerry.land EvntSLog - - - Retrieved account information."}
{"_path":"syslog","_write_ts":"2018-03-24T17:34:59.419515Z","ts":"2018-03-24T17:34:59.419515Z","uid":"CWmtaV32vAQJbd72hc","id.orig_h":"10.47.22.80","id.orig_p":51899,"id.resp_h":"10.47.2.153","id.resp_p":514,"proto":"udp","facility":"LOCAL0","severity":"INFO","message":"1 2018-03-24T09:18:50-07:00 PC-newman.jerry.land EvntSLog - - - Retrieved account information."}
{"_path":"syslog","_write_ts":"2018-03-24T17:34:59.419517Z","ts":"2018-03-24T17:34:59.419517Z","uid":"CWmtaV32vAQJbd72hc","id.orig_h":"10.47.22.80","id.orig_p":51899,"id.resp_h":"10.47.2.153","id.resp_p":514,"proto":"udp","facility":"LOCAL0","severity":"INFO","message":"1 2018-03-24T09:18:50-07:00 PC-newman.jerry.land EvntSLog - - - Retrieved account information."}
{"_path":"syslog","_write_ts":"2018-03-24T17:34:59.433533Z","ts":"2018-03-24T17:34:59.433533Z","uid":"CWmtaV32vAQJbd72hc","id.orig_h":"10.47.22.80","id.orig_p":51899,"id.resp_h":"10.47.2.153","id.resp_p":514,"proto":"udp","facility":"LOCAL0","severity":"INFO","message":"1 2018-03-24T09:18:50-07:00 PC-newman.jerry.land EvntSLog - - - Group Policy is trying to discover the Domain Controller information."}
{"_path":"syslog","_write_ts":"2018-03-24T17:34:59.433536Z","ts":"2018-03-24T17:34:59.433536Z","uid":"CWmtaV32vAQJbd72hc","id.orig_h":"10.47.22.80","id.orig_p":51899,"id.resp_h":"10.47.2.153","id.resp_p":514,"proto":"udp","facility":"LOCAL0","severity":"INFO","message":"1 2018-03-24T09:18:50-07:00 PC-newman.jerry.land EvntSLog - - - Group Policy is trying to discover the Domain Controller information."}
{"_path":"syslog","_write_ts":"2018-03-24T17:34:59.433538Z","ts":"2018-03-24T17:34:59.433538Z","uid":"CWmtaV32vAQJbd72hc","id.orig_h":"10.47.22.80","id.orig_p":51899,"id.resp_h":"10.47.2.153","id.resp_p":514,"proto":"udp","facility":"LOCAL0","severity":"INFO","message":"1 2018-03-24T09:18:50-07:00 PC-newman.jerry.land EvntSLog - - - Group Policy is trying to discover the Domain Controller information."}
{"_path":"syslog","_write_ts":"2018-03-24T17:34:59.433540Z","ts":"2018-03-24T17:34:59.433540Z","uid":"CWmtaV32vAQJbd72hc","id.orig_h":"10.47.22.80","id.orig_p":51899,"id.resp_h":"10.47.2.153","id.resp_p":514,"proto":"udp","facility":"LOCAL0","severity":"INFO","message":"1 2018-03-24T09:18:50-07:00 PC-newman.jerry.land EvntSLog - - - Group Policy is trying to discover the Domain Controller information."}
{"_path":"syslog","_write_ts":"2018-03-24T17:34:59.448636Z","ts":"2018-03-24T17:34:59.448636Z","uid":"CWmtaV32vAQJbd72hc","id.orig_h":"10.47.22.80","id.orig_p":51899,"id.resp_h":"10.47.2.153","id.resp_p":514,"proto":"udp","facility":"LOCAL0","severity":"INFO","message":"1 2018-03-24T09:18:50-07:00 PC-newman.jerry.land EvntSLog - - - Retrieving Domain Controller details."}
{"_path":"syslog","_write_ts":"2018-03-24T17:34:59.448639Z","ts":"2018-03-24T17:34:59.448639Z","uid":"CWmtaV32vAQJbd72hc","id.orig_h":"10.47.22.80","id.orig_p":51899,"id.resp_h":"10.47.2.153","id.resp_p":514,"proto":"udp","facility":"LOCAL0","severity":"INFO","message":"1 2018-03-24T09:18:50-07:00 PC-newman.jerry.land EvntSLog - - - Retrieving Domain Controller details."}
{"_path":"syslog","_write_ts":"2018-03-24T17:34:59.448641Z","ts":"2018-03-24T17:34:59.448641Z","uid":"CWmtaV32vAQJbd72hc","id.orig_h":"10.47.22.80","id.orig_p":51899,"id.resp_h":"10.47.2.153","id.resp_p":514,"proto":"udp","facility":"LOCAL0","severity":"INFO","message":"1 2018-03-24T09:18:50-07:00 PC-newman.jerry.land EvntSLog - - - Retrieving Domain Controller details."}
{"_path":"syslog","_write_ts":"2018-03-24T17:34:59.448643Z","ts":"2018-03-24T17:34:59.448643Z","uid":"CWmtaV32vAQJbd72hc","id.orig_h":"10.47.22.80","id.orig_p":51899,"id.resp_h":"10.47.2.153","id.resp_p":514,"proto":"udp","facility":"LOCAL0","severity":"INFO","message":"1 2018-03-24T09:18:50-07:00 PC-newman.jerry.land EvntSLog - - - Retrieving Domain Controller details."}
{"_path":"syslog","_write_ts":"2018-03-24T17:35:00.601611Z","ts":"2018-03-24T17:35:00.601611Z","uid":"Cpkcqe2FnRIeEE5lg5","id.orig_h":"10.47.22.25","id.orig_p":58947,"id.resp_h":"10.47.2.153","id.resp_p":514,"proto":"udp","facility":"LOCAL0","severity":"NOTICE","message":"1 2018-03-24T09:18:50-07:00 Kramer.jerry.land EvntSLog - - - Special privileges assigned to new logon. Subject: Security ID: S-1-5-21-1311969832-1707640848-2310541705-500 Account Name: Administrator Account Domain: JERRY Logon ID: 0x3cb61b7 Privileges: SeSecurityPrivilege SeBackupPrivilege SeRestorePrivilege SeTakeOwnershipPrivilege SeDebugPrivilege SeSystemEnvironmentPrivilege SeLoadDriverPrivilege SeImpersonatePrivilege SeEnableDelegationPrivilege"}
{"_path":"syslog","_write_ts":"2018-03-24T17:35:00.601614Z","ts":"2018-03-24T17:35:00.601614Z","uid":"Cpkcqe2FnRIeEE5lg5","id.orig_h":"10.47.22.25","id.orig_p":58947,"id.resp_h":"10.47.2.153","id.resp_p":514,"proto":"udp","facility":"LOCAL0","severity":"NOTICE","message":"1 2018-03-24T09:18:50-07:00 Kramer.jerry.land EvntSLog - - - Special privileges assigned to new logon. Subject: Security ID: S-1-5-21-1311969832-1707640848-2310541705-500 Account Name: Administrator Account Domain: JERRY Logon ID: 0x3cb61b7 Privileges: SeSecurityPrivilege SeBackupPrivilege SeRestorePrivilege SeTakeOwnershipPrivilege SeDebugPrivilege SeSystemEnvironmentPrivilege SeLoadDriverPrivilege SeImpersonatePrivilege SeEnableDelegationPrivilege"}
{"_path":"syslog","_write_ts":"2018-03-24T17:35:00.601779Z","ts":"2018-03-24T17:35:00.601779Z","uid":"Cpkcqe2FnRIeEE5lg5","id.orig_h":"10.47.22.25","id.orig_p":58947,"id.resp_h":"10.47.2.153","id.resp_p":514,"proto":"udp","facility":"LOCAL0","severity":"NOTICE","message":"1 2018-03-24T09:18:50-07:00 Kramer.jerry.land EvntSLog - - - Special privileges assigned to new logon. Subject: Security ID: S-1-5-21-1311969832-1707640848-2310541705-500 Account Name: Administrator Account Domain: JERRY Logon ID: 0x3cb61b7 Privileges: SeSecurityPrivilege SeBackupPrivilege SeRestorePrivilege SeTakeOwnershipPrivilege SeDebugPrivilege SeSystemEnvironmentPrivilege SeLoadDriverPrivilege SeImpersonatePrivilege SeEnableDelegationPrivilege"}
{"_path":"syslog","_write_ts":"2018-03-24T17:35:00.601782Z","ts":"2018-03-24T17:35:00.601782Z","uid":"Cpkcqe2FnRIeEE5lg5","id.orig_h":"10.47.22.25","id.orig_p":58947,"id.resp_h":"10.47.2.153","id.resp_p":514,"proto":"udp","facility":"LOCAL0","severity":"NOTICE","message":"1 2018-03-24T09:18:50-07:00 Kramer.jerry.land EvntSLog - - - Special privileges assigned to new logon. Subject: Security ID: S-1-5-21-1311969832-1707640848-2310541705-500 Account Name: Administrator Account Domain: JERRY Logon ID: 0x3cb61b7 Privileges: SeSecurityPrivilege SeBackupPrivilege SeRestorePrivilege SeTakeOwnershipPrivilege SeDebugPrivilege SeSystemEnvironmentPrivilege SeLoadDriverPrivilege SeImpersonatePrivilege SeEnableDelegationPrivilege"}
{"_path":"syslog","_write_ts":"2018-03-24T17:35:00.617404Z","ts":"2018-03-24T17:35:00.617404Z","uid":"Cpkcqe2FnRIeEE5lg5","id.orig_h":"10.47.22.25","id.orig_p":58947,"id.resp_h":"10.47.2.153","id.resp_p":514,"proto":"udp","facility":"LOCAL0","severity":"NOTICE","message":"1 2018-03-24T09:18:50-07:00 Kramer.jerry.land EvntSLog - - - An account was successfully logged on. Subject: Security ID: S-1-0-0 Account Name: - Account Domain: - Logon ID: 0x0 Logon Type: 3 New Logon: Security ID: S-1-5-21-1311969832-1707640848-2310541705-500 Account Name: Administrator Account Domain: JERRY Logon ID: 0x3cb61b7 Logon GUID: {8EC0EC25-E8BB-4C7B-8733-9392C0987057} Process Information: Process ID: 0x0 Process Name: - Network Information: Workstation Name: Source Network Address: 172.20.0.80 Source Port: 50185 Detailed Authentication Information: Logon Process: Kerberos Authentication Package: Kerberos Transited Services: - Package Name (NTLM only): - Key Length: 0 This event is generated when a logon session is created. It is generated on the computer that was accessed. The subject fields indicate the account on the local system which requested the logon. This is most commonly a service such as the Server service, or a local process such as Winlogon.exe or Services.exe. The logon type field indicates the kind of logon that occurred. The most common types are 2 (interactive) and 3 (network). The New Logon fields indicate the account for whom the new logon was created, i.e. the account that was logged on. The network fields indicate where a remote logon request originated. Workstation name is not always available and may be left blank in some cases. The authentication information fields provide detailed information about this specific logon request. - Logon GUID is a unique identifier that can be used to correlate this event with a KDC event. - Transited services indicate which intermediate services have participated in this logon request. - Package name indicates which sub-protocol was used among the NTLM protocols. - Key length indicates the length of the generated session key. This will be 0 if no session key was requested."}
{"_path":"syslog","_write_ts":"2018-03-24T17:35:00.617408Z","ts":"2018-03-24T17:35:00.617408Z","uid":"Cpkcqe2FnRIeEE5lg5","id.orig_h":"10.47.22.25","id.orig_p":58947,"id.resp_h":"10.47.2.153","id.resp_p":514,"proto":"udp","facility":"LOCAL0","severity":"NOTICE","message":"1 2018-03-24T09:18:50-07:00 Kramer.jerry.land EvntSLog - - - An account was successfully logged on. Subject: Security ID: S-1-0-0 Account Name: - Account Domain: - Logon ID: 0x0 Logon Type: 3 New Logon: Security ID: S-1-5-21-1311969832-1707640848-2310541705-500 Account Name: Administrator Account Domain: JERRY Logon ID: 0x3cb61b7 Logon GUID: {8EC0EC25-E8BB-4C7B-8733-9392C0987057} Process Information: Process ID: 0x0 Process Name: - Network Information: Workstation Name: Source Network Address: 172.20.0.80 Source Port: 50185 Detailed Authentication Information: Logon Process: Kerberos Authentication Package: Kerberos Transited Services: - Package Name (NTLM only): - Key Length: 0 This event is generated when a logon session is created. It is generated on the computer that was accessed. The subject fields indicate the account on the local system which requested the logon. This is most commonly a service such as the Server service, or a local process such as Winlogon.exe or Services.exe. The logon type field indicates the kind of logon that occurred. The most common types are 2 (interactive) and 3 (network). The New Logon fields indicate the account for whom the new logon was created, i.e. the account that was logged on. The network fields indicate where a remote logon request originated. Workstation name is not always available and may be left blank in some cases. The authentication information fields provide detailed information about this specific logon request. - Logon GUID is a unique identifier that can be used to correlate this event with a KDC event. - Transited services indicate which intermediate services have participated in this logon request. - Package name indicates which sub-protocol was used among the NTLM protocols. - Key length indicates the length of the generated session key. This will be 0 if no session key was requested."}
{"_path":"syslog","_write_ts":"2018-03-24T17:35:00.617610Z","ts":"2018-03-24T17:35:00.617610Z","uid":"Cpkcqe2FnRIeEE5lg5","id.orig_h":"10.47.22.25","id.orig_p":58947,"id.resp_h":"10.47.2.153","id.resp_p":514,"proto":"udp","facility":"LOCAL0","severity":"NOTICE","message":"1 2018-03-24T09:18:50-07:00 Kramer.jerry.land EvntSLog - - - An account was successfully logged on. Subject: Security ID: S-1-0-0 Account Name: - Account Domain: - Logon ID: 0x0 Logon Type: 3 New Logon: Security ID: S-1-5-21-1311969832-1707640848-2310541705-500 Account Name: Administrator Account Domain: JERRY Logon ID: 0x3cb61b7 Logon GUID: {8EC0EC25-E8BB-4C7B-8733-9392C0987057} Process Information: Process ID: 0x0 Process Name: - Network Information: Workstation Name: Source Network Address: 172.20.0.80 Source Port: 50185 Detailed Authentication Information: Logon Process: Kerberos Authentication Package: Kerberos Transited Services: - Package Name (NTLM only): - Key Length: 0 This event is generated when a logon session is created. It is generated on the computer that was accessed. The subject fields indicate the account on the local system which requested the logon. This is most commonly a service such as the Server service, or a local process such as Winlogon.exe or Services.exe. The logon type field indicates the kind of logon that occurred. The most common types are 2 (interactive) and 3 (network). The New Logon fields indicate the account for whom the new logon was created, i.e. the account that was logged on. The network fields indicate where a remote logon request originated. Workstation name is not always available and may be left blank in some cases. The authentication information fields provide detailed information about this specific logon request. - Logon GUID is a unique identifier that can be used to correlate this event with a KDC event. - Transited services indicate which intermediate services have participated in this logon request. - Package name indicates which sub-protocol was used among the NTLM protocols. - Key length indicates the length of the generated session key. This will be 0 if no session key was requested."}
{"_path":"syslog","_write_ts":"2018-03-24T17:35:00.617614Z","ts":"2018-03-24T17:35:00.617614Z","uid":"Cpkcqe2FnRIeEE5lg5","id.orig_h":"10.47.22.25","id.orig_p":58947,"id.resp_h":"10.47.2.153","id.resp_p":514,"proto":"udp","facility":"LOCAL0","severity":"NOTICE","message":"1 2018-03-24T09:18:50-07:00 Kramer.jerry.land EvntSLog - - - An account was successfully logged on. Subject: Security ID: S-1-0-0 Account Name: - Account Domain: - Logon ID: 0x0 Logon Type: 3 New Logon: Security ID: S-1-5-21-1311969832-1707640848-2310541705-500 Account Name: Administrator Account Domain: JERRY Logon ID: 0x3cb61b7 Logon GUID: {8EC0EC25-E8BB-4C7B-8733-9392C0987057} Process Information: Process ID: 0x0 Process Name: - Network Information: Workstation Name: Source Network Address: 172.20.0.80 Source Port: 50185 Detailed Authentication Information: Logon Process: Kerberos Authentication Package: Kerberos Transited Services: - Package Name (NTLM only): - Key Length: 0 This event is generated when a logon session is created. It is generated on the computer that was accessed. The subject fields indicate the account on the local system which requested the logon. This is most commonly a service such as the Server service, or a local process such as Winlogon.exe or Services.exe. The logon type field indicates the kind of logon that occurred. The most common types are 2 (interactive) and 3 (network). The New Logon fields indicate the account for whom the new logon was created, i.e. the account that was logged on. The network fields indicate where a remote logon request originated. Workstation name is not always available and may be left blank in some cases. The authentication information fields provide detailed information about this specific logon request. - Logon GUID is a unique identifier that can be used to correlate this event with a KDC event. - Transited services indicate which intermediate services have participated in this logon request. - Package name indicates which sub-protocol was used among the NTLM protocols. - Key length indicates the length of the generated session key. This will be 0 if no session key was requested."}
{"_path":"syslog","_write_ts":"2018-03-24T17:35:00.631672Z","ts":"2018-03-24T17:35:00.631672Z","uid":"Cpkcqe2FnRIeEE5lg5","id.orig_h":"10.47.22.25","id.orig_p":58947,"id.resp_h":"10.47.2.153","id.resp_p":514,"proto":"udp","facility":"LOCAL0","severity":"NOTICE","message":"1 2018-03-24T09:18:51-07:00 Kramer.jerry.land EvntSLog - - - Special privileges assigned to new logon. Subject: Security ID: S-1-5-21-1311969832-1707640848-2310541705-500 Account Name: Administrator Account Domain: JERRY Logon ID: 0x3cb629b Privileges: SeSecurityPrivilege SeBackupPrivilege SeRestorePrivilege SeTakeOwnershipPrivilege SeDebugPrivilege SeSystemEnvironmentPrivilege SeLoadDriverPrivilege SeImpersonatePrivilege SeEnableDelegationPrivilege"}
{"_path":"syslog","_write_ts":"2018-03-24T17:35:00.631676Z","ts":"2018-03-24T17:35:00.631676Z","uid":"Cpkcqe2FnRIeEE5lg5","id.orig_h":"10.47.22.25","id.orig_p":58947,"id.resp_h":"10.47.2.153","id.resp_p":514,"proto":"udp","facility":"LOCAL0","severity":"NOTICE","message":"1 2018-03-24T09:18:51-07:00 Kramer.jerry.land EvntSLog - - - Special privileges assigned to new logon. Subject: Security ID: S-1-5-21-1311969832-1707640848-2310541705-500 Account Name: Administrator Account Domain: JERRY Logon ID: 0x3cb629b Privileges: SeSecurityPrivilege SeBackupPrivilege SeRestorePrivilege SeTakeOwnershipPrivilege SeDebugPrivilege SeSystemEnvironmentPrivilege SeLoadDriverPrivilege SeImpersonatePrivilege SeEnableDelegationPrivilege"}
{"_path":"syslog","_write_ts":"2018-03-24T17:35:00.631678Z","ts":"2018-03-24T17:35:00.631678Z","uid":"Cpkcqe2FnRIeEE5lg5","id.orig_h":"10.47.22.25","id.orig_p":58947,"id.resp_h":"10.47.2.153","id.resp_p":514,"proto":"udp","facility":"LOCAL0","severity":"NOTICE","message":"1 2018-03-24T09:18:51-07:00 Kramer.jerry.land EvntSLog - - - Special privileges assigned to new logon. Subject: Security ID: S-1-5-21-1311969832-1707640848-2310541705-500 Account Name: Administrator Account Domain: JERRY Logon ID: 0x3cb629b Privileges: SeSecurityPrivilege SeBackupPrivilege SeRestorePrivilege SeTakeOwnershipPrivilege SeDebugPrivilege SeSystemEnvironmentPrivilege SeLoadDriverPrivilege SeImpersonatePrivilege SeEnableDelegationPrivilege"}
{"_path":"syslog","_write_ts":"2018-03-24T17:35:00.631680Z","ts":"2018-03-24T17:35:00.631680Z","uid":"Cpkcqe2FnRIeEE5lg5","id.orig_h":"10.47.22.25","id.orig_p":58947,"id.resp_h":"10.47.2.153","id.resp_p":514,"proto":"udp","facility":"LOCAL0","severity":"NOTICE","message":"1 2018-03-24T09:18:51-07:00 Kramer.jerry.land EvntSLog - - - Special privileges assigned to new logon. Subject: Security ID: S-1-5-21-1311969832-1707640848-2310541705-500 Account Name: Administrator Account Domain: JERRY Logon ID: 0x3cb629b Privileges: SeSecurityPrivilege SeBackupPrivilege SeRestorePrivilege SeTakeOwnershipPrivilege SeDebugPrivilege SeSystemEnvironmentPrivilege SeLoadDriverPrivilege SeImpersonatePrivilege SeEnableDelegationPrivilege"}
{"_path":"syslog","_write_ts":"2018-03-24T17:35:00.647853Z","ts":"2018-03-24T17:35:00.647853Z","uid":"Cpkcqe2FnRIeEE5lg5","id.orig_h":"10.47.22.25","id.orig_p":58947,"id.resp_h":"10.47.2.153","id.resp_p":514,"proto":"udp","facility":"LOCAL0","severity":"NOTICE","message":"1 2018-03-24T09:18:51-07:00 Kramer.jerry.land EvntSLog - - - An account was successfully logged on. Subject: Security ID: S-1-0-0 Account Name: - Account Domain: - Logon ID: 0x0 Logon Type: 3 New Logon: Security ID: S-1-5-21-1311969832-1707640848-2310541705-500 Account Name: Administrator Account Domain: JERRY Logon ID: 0x3cb629b Logon GUID: {3EE0921A-65E3-7C7E-574B-33038A8485BE} Process Information: Process ID: 0x0 Process Name: - Network Information: Workstation Name: Source Network Address: 172.20.0.80 Source Port: 50186 Detailed Authentication Information: Logon Process: Kerberos Authentication Package: Kerberos Transited Services: - Package Name (NTLM only): - Key Length: 0 This event is generated when a logon session is created. It is generated on the computer that was accessed. The subject fields indicate the account on the local system which requested the logon. This is most commonly a service such as the Server service, or a local process such as Winlogon.exe or Services.exe. The logon type field indicates the kind of logon that occurred. The most common types are 2 (interactive) and 3 (network). The New Logon fields indicate the account for whom the new logon was created, i.e. the account that was logged on. The network fields indicate where a remote logon request originated. Workstation name is not always available and may be left blank in some cases. The authentication information fields provide detailed information about this specific logon request. - Logon GUID is a unique identifier that can be used to correlate this event with a KDC event. - Transited services indicate which intermediate services have participated in this logon request. - Package name indicates which sub-protocol was used among the NTLM protocols. - Key length indicates the length of the generated session key. This will be 0 if no session key was requested."}
{"_path":"syslog","_write_ts":"2018-03-24T17:35:00.647857Z","ts":"2018-03-24T17:35:00.647857Z","uid":"Cpkcqe2FnRIeEE5lg5","id.orig_h":"10.47.22.25","id.orig_p":58947,"id.resp_h":"10.47.2.153","id.resp_p":514,"proto":"udp","facility":"LOCAL0","severity":"NOTICE","message":"1 2018-03-24T09:18:51-07:00 Kramer.jerry.land EvntSLog - - - An account was successfully logged on. Subject: Security ID: S-1-0-0 Account Name: - Account Domain: - Logon ID: 0x0 Logon Type: 3 New Logon: Security ID: S-1-5-21-1311969832-1707640848-2310541705-500 Account Name: Administrator Account Domain: JERRY Logon ID: 0x3cb629b Logon GUID: {3EE0921A-65E3-7C7E-574B-33038A8485BE} Process Information: Process ID: 0x0 Process Name: - Network Information: Workstation Name: Source Network Address: 172.20.0.80 Source Port: 50186 Detailed Authentication Information: Logon Process: Kerberos Authentication Package: Kerberos Transited Services: - Package Name (NTLM only): - Key Length: 0 This event is generated when a logon session is created. It is generated on the computer that was accessed. The subject fields indicate the account on the local system which requested the logon. This is most commonly a service such as the Server service, or a local process such as Winlogon.exe or Services.exe. The logon type field indicates the kind of logon that occurred. The most common types are 2 (interactive) and 3 (network). The New Logon fields indicate the account for whom the new logon was created, i.e. the account that was logged on. The network fields indicate where a remote logon request originated. Workstation name is not always available and may be left blank in some cases. The authentication information fields provide detailed information about this specific logon request. - Logon GUID is a unique identifier that can be used to correlate this event with a KDC event. - Transited services indicate which intermediate services have participated in this logon request. - Package name indicates which sub-protocol was used among the NTLM protocols. - Key length indicates the length of the generated session key. This will be 0 if no session key was requested."}
{"_path":"syslog","_write_ts":"2018-03-24T17:35:00.647909Z","ts":"2018-03-24T17:35:00.647909Z","uid":"Cpkcqe2FnRIeEE5lg5","id.orig_h":"10.47.22.25","id.orig_p":58947,"id.resp_h":"10.47.2.153","id.resp_p":514,"proto":"udp","facility":"LOCAL0","severity":"NOTICE","message":"1 2018-03-24T09:18:51-07:00 Kramer.jerry.land EvntSLog - - - An account was successfully logged on. Subject: Security ID: S-1-0-0 Account Name: - Account Domain: - Logon ID: 0x0 Logon Type: 3 New Logon: Security ID: S-1-5-21-1311969832-1707640848-2310541705-500 Account Name: Administrator Account Domain: JERRY Logon ID: 0x3cb629b Logon GUID: {3EE0921A-65E3-7C7E-574B-33038A8485BE} Process Information: Process ID: 0x0 Process Name: - Network Information: Workstation Name: Source Network Address: 172.20.0.80 Source Port: 50186 Detailed Authentication Information: Logon Process: Kerberos Authentication Package: Kerberos Transited Services: - Package Name (NTLM only): - Key Length: 0 This event is generated when a logon session is created. It is generated on the computer that was accessed. The subject fields indicate the account on the local system which requested the logon. This is most commonly a service such as the Server service, or a local process such as Winlogon.exe or Services.exe. The logon type field indicates the kind of logon that occurred. The most common types are 2 (interactive) and 3 (network). The New Logon fields indicate the account for whom the new logon was created, i.e. the account that was logged on. The network fields indicate where a remote logon request originated. Workstation name is not always available and may be left blank in some cases. The authentication information fields provide detailed information about this specific logon request. - Logon GUID is a unique identifier that can be used to correlate this event with a KDC event. - Transited services indicate which intermediate services have participated in this logon request. - Package name indicates which sub-protocol was used among the NTLM protocols. - Key length indicates the length of the generated session key. This will be 0 if no session key was requested."}
{"_path":"syslog","_write_ts":"2018-03-24T17:35:00.647913Z","ts":"2018-03-24T17:35:00.647913Z","uid":"Cpkcqe2FnRIeEE5lg5","id.orig_h":"10.47.22.25","id.orig_p":58947,"id.resp_h":"10.47.2.153","id.resp_p":514,"proto":"udp","facility":"LOCAL0","severity":"NOTICE","message":"1 2018-03-24T09:18:51-07:00 Kramer.jerry.land EvntSLog - - - An account was successfully logged on. Subject: Security ID: S-1-0-0 Account Name: - Account Domain: - Logon ID: 0x0 Logon Type: 3 New Logon: Security ID: S-1-5-21-1311969832-1707640848-2310541705-500 Account Name: Administrator Account Domain: JERRY Logon ID: 0x3cb629b Logon GUID: {3EE0921A-65E3-7C7E-574B-33038A8485BE} Process Information: Process ID: 0x0 Process Name: - Network Information: Workstation Name: Source Network Address: 172.20.0.80 Source Port: 50186 Detailed Authentication Information: Logon Process: Kerberos Authentication Package: Kerberos Transited Services: - Package Name (NTLM only): - Key Length: 0 This event is generated when a logon session is created. It is generated on the computer that was accessed. The subject fields indicate the account on the local system which requested the logon. This is most commonly a service such as the Server service, or a local process such as Winlogon.exe or Services.exe. The logon type field indicates the kind of logon that occurred. The most common types are 2 (interactive) and 3 (network). The New Logon fields indicate the account for whom the new logon was created, i.e. the account that was logged on. The network fields indicate where a remote logon request originated. Workstation name is not always available and may be left blank in some cases. The authentication information fields provide detailed information about this specific logon request. - Logon GUID is a unique identifier that can be used to correlate this event with a KDC event. - Transited services indicate which intermediate services have participated in this logon request. - Package name indicates which sub-protocol was used among the NTLM protocols. - Key length indicates the length of the generated session key. This will be 0 if no session key was requested."}
{"_path":"syslog","_write_ts":"2018-03-24T17:35:00.663408Z","ts":"2018-03-24T17:35:00.663408Z","uid":"Cpkcqe2FnRIeEE5lg5","id.orig_h":"10.47.22.25","id.orig_p":58947,"id.resp_h":"10.47.2.153","id.resp_p":514,"proto":"udp","facility":"LOCAL0","severity":"NOTICE","message":"1 2018-03-24T09:18:51-07:00 Kramer.jerry.land EvntSLog - - - Special privileges assigned to new logon. Subject: Security ID: S-1-5-21-1311969832-1707640848-2310541705-500 Account Name: Administrator Account Domain: JERRY Logon ID: 0x3cb62ad Privileges: SeSecurityPrivilege SeBackupPrivilege SeRestorePrivilege SeTakeOwnershipPrivilege SeDebugPrivilege SeSystemEnvironmentPrivilege SeLoadDriverPrivilege SeImpersonatePrivilege SeEnableDelegationPrivilege"}
{"_path":"syslog","_write_ts":"2018-03-24T17:35:00.663417Z","ts":"2018-03-24T17:35:00.663417Z","uid":"Cpkcqe2FnRIeEE5lg5","id.orig_h":"10.47.22.25","id.orig_p":58947,"id.resp_h":"10.47.2.153","id.resp_p":514,"proto":"udp","facility":"LOCAL0","severity":"NOTICE","message":"1 2018-03-24T09:18:51-07:00 Kramer.jerry.land EvntSLog - - - Special privileges assigned to new logon. Subject: Security ID: S-1-5-21-1311969832-1707640848-2310541705-500 Account Name: Administrator Account Domain: JERRY Logon ID: 0x3cb62ad Privileges: SeSecurityPrivilege SeBackupPrivilege SeRestorePrivilege SeTakeOwnershipPrivilege SeDebugPrivilege SeSystemEnvironmentPrivilege SeLoadDriverPrivilege SeImpersonatePrivilege SeEnableDelegationPrivilege"}
{"_path":"syslog","_write_ts":"2018-03-24T17:35:00.663423Z","ts":"2018-03-24T17:35:00.663423Z","uid":"Cpkcqe2FnRIeEE5lg5","id.orig_h":"10.47.22.25","id.orig_p":58947,"id.resp_h":"10.47.2.153","id.resp_p":514,"proto":"udp","facility":"LOCAL0","severity":"NOTICE","message":"1 2018-03-24T09:18:51-07:00 Kramer.jerry.land EvntSLog - - - Special privileges assigned to new logon. Subject: Security ID: S-1-5-21-1311969832-1707640848-2310541705-500 Account Name: Administrator Account Domain: JERRY Logon ID: 0x3cb62ad Privileges: SeSecurityPrivilege SeBackupPrivilege SeRestorePrivilege SeTakeOwnershipPrivilege SeDebugPrivilege SeSystemEnvironmentPrivilege SeLoadDriverPrivilege SeImpersonatePrivilege SeEnableDelegationPrivilege"}
{"_path":"syslog","_write_ts":"2018-03-24T17:35:00.663426Z","ts":"2018-03-24T17:35:00.663426Z","uid":"Cpkcqe2FnRIeEE5lg5","id.orig_h":"10.47.22.25","id.orig_p":58947,"id.resp_h":"10.47.2.153","id.resp_p":514,"proto":"udp","facility":"LOCAL0","severity":"NOTICE","message":"1 2018-03-24T09:18:51-07:00 Kramer.jerry.land EvntSLog - - - Special privileges assigned to new logon. Subject: Security ID: S-1-5-21-1311969832-1707640848-2310541705-500 Account Name: Administrator Account Domain: JERRY Logon ID: 0x3cb62ad Privileges: SeSecurityPrivilege SeBackupPrivilege SeRestorePrivilege SeTakeOwnershipPrivilege SeDebugPrivilege SeSystemEnvironmentPrivilege SeLoadDriverPrivilege SeImpersonatePrivilege SeEnableDelegationPrivilege"}
