{"_path":"syslog","_write_ts":"2018-03-24T17:16:16.017932Z","ts":"2018-03-24T17:16:16.017932Z","uid":"ClIW0K7GCQpzzKukf","id.orig_h":"10.47.22.25","id.orig_p":58947,"id.resp_h":"10.47.2.153","id.resp_p":514,"proto":"udp","facility":"LOCAL0","severity":"NOTICE","message":"1 2018-03-24T09:00:06-07:00 Kramer.jerry.land EvntSLog - - - A Kerberos service ticket was requested. Account Information: Account Name: PC-NEWMAN$@JERRY.LAND Account Domain: JERRY.LAND Logon GUID: {8FF6D09E-CEC3-F66E-DC50-C07F2B470694} Service Information: Service Name: PC-NEWMAN$ Service ID: S-1-5-21-1311969832-1707640848-2310541705-1103 Network Information: Client Address: ::ffff:172.20.0.80 Client Port: 50152 Additional Information: Ticket Options: 0x40810000 Ticket Encryption Type: 0x12 Failure Code: 0x0 Transited Services: - This event is generated every time access is requested to a resource such as a computer or a Windows service. The service name indicates the resource to which access was requested. This event can be correlated with Windows logon events by comparing the Logon GUID fields in each event. The logon event occurs on the machine that was accessed, which is often a different machine than the domain controller which issued the service ticket. Ticket options, encryption types, and failure codes are defined in RFC 4120."}
{"_path":"syslog","_write_ts":"2018-03-24T17:16:16.017934Z","ts":"2018-03-24T17:16:16.017934Z","uid":"ClIW0K7GCQpzzKukf","id.orig_h":"10.47.22.25","id.orig_p":58947,"id.resp_h":"10.47.2.153","id.resp_p":514,"proto":"udp","facility":"LOCAL0","severity":"NOTICE","message":"1 2018-03-24T09:00:06-07:00 Kramer.jerry.land EvntSLog - - - A Kerberos service ticket was requested. Account Information: Account Name: PC-NEWMAN$@JERRY.LAND Account Domain: JERRY.LAND Logon GUID: {8FF6D09E-CEC3-F66E-DC50-C07F2B470694} Service Information: Service Name: PC-NEWMAN$ Service ID: S-1-5-21-1311969832-1707640848-2310541705-1103 Network Information: Client Address: ::ffff:172.20.0.80 Client Port: 50152 Additional Information: Ticket Options: 0x40810000 Ticket Encryption Type: 0x12 Failure Code: 0x0 Transited Services: - This event is generated every time access is requested to a resource such as a computer or a Windows service. The service name indicates the resource to which access was requested. This event can be correlated with Windows logon events by comparing the Logon GUID fields in each event. The logon event occurs on the machine that was accessed, which is often a different machine than the domain controller which issued the service ticket. Ticket options, encryption types, and failure codes are defined in RFC 4120."}
{"_path":"syslog","_write_ts":"2018-03-24T17:16:16.017937Z","ts":"2018-03-24T17:16:16.017937Z","uid":"ClIW0K7GCQpzzKukf","id.orig_h":"10.47.22.25","id.orig_p":58947,"id.resp_h":"10.47.2.153","id.resp_p":514,"proto":"udp","facility":"LOCAL0","severity":"NOTICE","message":"1 2018-03-24T09:00:06-07:00 Kramer.jerry.land EvntSLog - - - A Kerberos service ticket was requested. Account Information: Account Name: PC-NEWMAN$@JERRY.LAND Account Domain: JERRY.LAND Logon GUID: {8FF6D09E-CEC3-F66E-DC50-C07F2B470694} Service Information: Service Name: PC-NEWMAN$ Service ID: S-1-5-21-1311969832-1707640848-2310541705-1103 Network Information: Client Address: ::ffff:172.20.0.80 Client Port: 50152 Additional Information: Ticket Options: 0x40810000 Ticket Encryption Type: 0x12 Failure Code: 0x0 Transited Services: - This event is generated every time access is requested to a resource such as a computer or a Windows service. The service name indicates the resource to which access was requested. This event can be correlated with Windows logon events by comparing the Logon GUID fields in each event. The logon event occurs on the machine that was accessed, which is often a different machine than the domain controller which issued the service ticket. Ticket options, encryption types, and failure codes are defined in RFC 4120."}
{"_path":"syslog","_write_ts":"2018-03-24T17:16:16.017939Z","ts":"2018-03-24T17:16:16.017939Z","uid":"ClIW0K7GCQpzzKukf","id.orig_h":"10.47.22.25","id.orig_p":58947,"id.resp_h":"10.47.2.153","id.resp_p":514,"proto":"udp","facility":"LOCAL0","severity":"NOTICE","message":"1 2018-03-24T09:00:06-07:00 Kramer.jerry.land EvntSLog - - - A Kerberos service ticket was requested. Account Information: Account Name: PC-NEWMAN$@JERRY.LAND Account Domain: JERRY.LAND Logon GUID: {8FF6D09E-CEC3-F66E-DC50-C07F2B470694} Service Information: Service Name: PC-NEWMAN$ Service ID: S-1-5-21-1311969832-1707640848-2310541705-1103 Network Information: Client Address: ::ffff:172.20.0.80 Client Port: 50152 Additional Information: Ticket Options: 0x40810000 Ticket Encryption Type: 0x12 Failure Code: 0x0 Transited Services: - This event is generated every time access is requested to a resource such as a computer or a Windows service. The service name indicates the resource to which access was requested. This event can be correlated with Windows logon events by comparing the Logon GUID fields in each event. The logon event occurs on the machine that was accessed, which is often a different machine than the domain controller which issued the service ticket. Ticket options, encryption types, and failure codes are defined in RFC 4120."}
{"_path":"syslog","_write_ts":"2018-03-24T17:16:16.033539Z","ts":"2018-03-24T17:16:16.033539Z","uid":"ClIW0K7GCQpzzKukf","id.orig_h":"10.47.22.25","id.orig_p":58947,"id.resp_h":"10.47.2.153","id.resp_p":514,"proto":"udp","facility":"LOCAL0","severity":"NOTICE","message":"1 2018-03-24T09:00:06-07:00 Kramer.jerry.land EvntSLog - - - An account was successfully logged on. Subject: Security ID: S-1-0-0 Account Name: - Account Domain: - Logon ID: 0x0 Logon Type: 3 New Logon: Security ID: S-1-5-21-1311969832-1707640848-2310541705-1103 Account Name: PC-NEWMAN$ Account Domain: JERRY Logon ID: 0x3bae53e Logon GUID: {B0C55743-B7F8-2202-8FA2-200EFD2741CF} Process Information: Process ID: 0x0 Process Name: - Network Information: Workstation Name: Source Network Address: 172.20.0.80 Source Port: 50154 Detailed Authentication Information: Logon Process: Kerberos Authentication Package: Kerberos Transited Services: - Package Name (NTLM only): - Key Length: 0 This event is generated when a logon session is created. It is generated on the computer that was accessed. The subject fields indicate the account on the local system which requested the logon. This is most commonly a service such as the Server service, or a local process such as Winlogon.exe or Services.exe. The logon type field indicates the kind of logon that occurred. The most common types are 2 (interactive) and 3 (network). The New Logon fields indicate the account for whom the new logon was created, i.e. the account that was logged on. The network fields indicate where a remote logon request originated. Workstation name is not always available and may be left blank in some cases. The authentication information fields provide detailed information about this specific logon request. - Logon GUID is a unique identifier that can be used to correlate this event with a KDC event. - Transited services indicate which intermediate services have participated in this logon request. - Package name indicates which sub-protocol was used among the NTLM protocols. - Key length indicates the length of the generated session key. This will be 0 if no session key was requested."}
{"_path":"syslog","_write_ts":"2018-03-24T17:16:16.033545Z","ts":"2018-03-24T17:16:16.033545Z","uid":"ClIW0K7GCQpzzKukf","id.orig_h":"10.47.22.25","id.orig_p":58947,"id.resp_h":"10.47.2.153","id.resp_p":514,"proto":"udp","facility":"LOCAL0","severity":"NOTICE","message":"1 2018-03-24T09:00:06-07:00 Kramer.jerry.land EvntSLog - - - An account was successfully logged on. Subject: Security ID: S-1-0-0 Account Name: - Account Domain: - Logon ID: 0x0 Logon Type: 3 New Logon: Security ID: S-1-5-21-1311969832-1707640848-2310541705-1103 Account Name: PC-NEWMAN$ Account Domain: JERRY Logon ID: 0x3bae53e Logon GUID: {B0C55743-B7F8-2202-8FA2-200EFD2741CF} Process Information: Process ID: 0x0 Process Name: - Network Information: Workstation Name: Source Network Address: 172.20.0.80 Source Port: 50154 Detailed Authentication Information: Logon Process: Kerberos Authentication Package: Kerberos Transited Services: - Package Name (NTLM only): - Key Length: 0 This event is generated when a logon session is created. It is generated on the computer that was accessed. The subject fields indicate the account on the local system which requested the logon. This is most commonly a service such as the Server service, or a local process such as Winlogon.exe or Services.exe. The logon type field indicates the kind of logon that occurred. The most common types are 2 (interactive) and 3 (network). The New Logon fields indicate the account for whom the new logon was created, i.e. the account that was logged on. The network fields indicate where a remote logon request originated. Workstation name is not always available and may be left blank in some cases. The authentication information fields provide detailed information about this specific logon request. - Logon GUID is a unique identifier that can be used to correlate this event with a KDC event. - Transited services indicate which intermediate services have participated in this logon request. - Package name indicates which sub-protocol was used among the NTLM protocols. - Key length indicates the length of the generated session key. This will be 0 if no session key was requested."}
{"_path":"syslog","_write_ts":"2018-03-24T17:16:16.033686Z","ts":"2018-03-24T17:16:16.033686Z","uid":"ClIW0K7GCQpzzKukf","id.orig_h":"10.47.22.25","id.orig_p":58947,"id.resp_h":"10.47.2.153","id.resp_p":514,"proto":"udp","facility":"LOCAL0","severity":"NOTICE","message":"1 2018-03-24T09:00:06-07:00 Kramer.jerry.land EvntSLog - - - An account was successfully logged on. Subject: Security ID: S-1-0-0 Account Name: - Account Domain: - Logon ID: 0x0 Logon Type: 3 New Logon: Security ID: S-1-5-21-1311969832-1707640848-2310541705-1103 Account Name: PC-NEWMAN$ Account Domain: JERRY Logon ID: 0x3bae53e Logon GUID: {B0C55743-B7F8-2202-8FA2-200EFD2741CF} Process Information: Process ID: 0x0 Process Name: - Network Information: Workstation Name: Source Network Address: 172.20.0.80 Source Port: 50154 Detailed Authentication Information: Logon Process: Kerberos Authentication Package: Kerberos Transited Services: - Package Name (NTLM only): - Key Length: 0 This event is generated when a logon session is created. It is generated on the computer that was accessed. The subject fields indicate the account on the local system which requested the logon. This is most commonly a service such as the Server service, or a local process such as Winlogon.exe or Services.exe. The logon type field indicates the kind of logon that occurred. The most common types are 2 (interactive) and 3 (network). The New Logon fields indicate the account for whom the new logon was created, i.e. the account that was logged on. The network fields indicate where a remote logon request originated. Workstation name is not always available and may be left blank in some cases. The authentication information fields provide detailed information about this specific logon request. - Logon GUID is a unique identifier that can be used to correlate this event with a KDC event. - Transited services indicate which intermediate services have participated in this logon request. - Package name indicates which sub-protocol was used among the NTLM protocols. - Key length indicates the length of the generated session key. This will be 0 if no session key was requested."}
{"_path":"syslog","_write_ts":"2018-03-24T17:16:16.033690Z","ts":"2018-03-24T17:16:16.033690Z","uid":"ClIW0K7GCQpzzKukf","id.orig_h":"10.47.22.25","id.orig_p":58947,"id.resp_h":"10.47.2.153","id.resp_p":514,"proto":"udp","facility":"LOCAL0","severity":"NOTICE","message":"1 2018-03-24T09:00:06-07:00 Kramer.jerry.land EvntSLog - - - An account was successfully logged on. Subject: Security ID: S-1-0-0 Account Name: - Account Domain: - Logon ID: 0x0 Logon Type: 3 New Logon: Security ID: S-1-5-21-1311969832-1707640848-2310541705-1103 Account Name: PC-NEWMAN$ Account Domain: JERRY Logon ID: 0x3bae53e Logon GUID: {B0C55743-B7F8-2202-8FA2-200EFD2741CF} Process Information: Process ID: 0x0 Process Name: - Network Information: Workstation Name: Source Network Address: 172.20.0.80 Source Port: 50154 Detailed Authentication Information: Logon Process: Kerberos Authentication Package: Kerberos Transited Services: - Package Name (NTLM only): - Key Length: 0 This event is generated when a logon session is created. It is generated on the computer that was accessed. The subject fields indicate the account on the local system which requested the logon. This is most commonly a service such as the Server service, or a local process such as Winlogon.exe or Services.exe. The logon type field indicates the kind of logon that occurred. The most common types are 2 (interactive) and 3 (network). The New Logon fields indicate the account for whom the new logon was created, i.e. the account that was logged on. The network fields indicate where a remote logon request originated. Workstation name is not always available and may be left blank in some cases. The authentication information fields provide detailed information about this specific logon request. - Logon GUID is a unique identifier that can be used to correlate this event with a KDC event. - Transited services indicate which intermediate services have participated in this logon request. - Package name indicates which sub-protocol was used among the NTLM protocols. - Key length indicates the length of the generated session key. This will be 0 if no session key was requested."}
{"_path":"syslog","_write_ts":"2018-03-24T17:16:16.101252Z","ts":"2018-03-24T17:16:16.101252Z","uid":"ClIW0K7GCQpzzKukf","id.orig_h":"10.47.22.25","id.orig_p":58947,"id.resp_h":"10.47.2.153","id.resp_p":514,"proto":"udp","facility":"LOCAL0","severity":"NOTICE","message":"1 2018-03-24T09:00:06-07:00 Kramer.jerry.land EvntSLog - - - A Kerberos service ticket was requested. Account Information: Account Name: PC-NEWMAN$@JERRY.LAND Account Domain: JERRY.LAND Logon GUID: {8FF6D09E-CEC3-F66E-DC50-C07F2B470694} Service Information: Service Name: krbtgt Service ID: S-1-5-21-1311969832-1707640848-2310541705-502 Network Information: Client Address: ::ffff:172.20.0.80 Client Port: 50157 Additional Information: Ticket Options: 0x60810010 Ticket Encryption Type: 0x17 Failure Code: 0x0 Transited Services: - This event is generated every time access is requested to a resource such as a computer or a Windows service. The service name indicates the resource to which access was requested. This event can be correlated with Windows logon events by comparing the Logon GUID fields in each event. The logon event occurs on the machine that was accessed, which is often a different machine than the domain controller which issued the service ticket. Ticket options, encryption types, and failure codes are defined in RFC 4120."}
{"_path":"syslog","_write_ts":"2018-03-24T17:16:16.101259Z","ts":"2018-03-24T17:16:16.101259Z","uid":"ClIW0K7GCQpzzKukf","id.orig_h":"10.47.22.25","id.orig_p":58947,"id.resp_h":"10.47.2.153","id.resp_p":514,"proto":"udp","facility":"LOCAL0","severity":"NOTICE","message":"1 2018-03-24T09:00:06-07:00 Kramer.jerry.land EvntSLog - - - A Kerberos service ticket was requested. Account Information: Account Name: PC-NEWMAN$@JERRY.LAND Account Domain: JERRY.LAND Logon GUID: {8FF6D09E-CEC3-F66E-DC50-C07F2B470694} Service Information: Service Name: krbtgt Service ID: S-1-5-21-1311969832-1707640848-2310541705-502 Network Information: Client Address: ::ffff:172.20.0.80 Client Port: 50157 Additional Information: Ticket Options: 0x60810010 Ticket Encryption Type: 0x17 Failure Code: 0x0 Transited Services: - This event is generated every time access is requested to a resource such as a computer or a Windows service. The service name indicates the resource to which access was requested. This event can be correlated with Windows logon events by comparing the Logon GUID fields in each event. The logon event occurs on the machine that was accessed, which is often a different machine than the domain controller which issued the service ticket. Ticket options, encryption types, and failure codes are defined in RFC 4120."}
{"_path":"syslog","_write_ts":"2018-03-24T17:16:16.101518Z","ts":"2018-03-24T17:16:16.101518Z","uid":"ClIW0K7GCQpzzKukf","id.orig_h":"10.47.22.25","id.orig_p":58947,"id.resp_h":"10.47.2.153","id.resp_p":514,"proto":"udp","facility":"LOCAL0","severity":"NOTICE","message":"1 2018-03-24T09:00:06-07:00 Kramer.jerry.land EvntSLog - - - A Kerberos service ticket was requested. Account Information: Account Name: PC-NEWMAN$@JERRY.LAND Account Domain: JERRY.LAND Logon GUID: {8FF6D09E-CEC3-F66E-DC50-C07F2B470694} Service Information: Service Name: krbtgt Service ID: S-1-5-21-1311969832-1707640848-2310541705-502 Network Information: Client Address: ::ffff:172.20.0.80 Client Port: 50157 Additional Information: Ticket Options: 0x60810010 Ticket Encryption Type: 0x17 Failure Code: 0x0 Transited Services: - This event is generated every time access is requested to a resource such as a computer or a Windows service. The service name indicates the resource to which access was requested. This event can be correlated with Windows logon events by comparing the Logon GUID fields in each event. The logon event occurs on the machine that was accessed, which is often a different machine than the domain controller which issued the service ticket. Ticket options, encryption types, and failure codes are defined in RFC 4120."}
{"_path":"syslog","_write_ts":"2018-03-24T17:16:16.101522Z","ts":"2018-03-24T17:16:16.101522Z","uid":"ClIW0K7GCQpzzKukf","id.orig_h":"10.47.22.25","id.orig_p":58947,"id.resp_h":"10.47.2.153","id.resp_p":514,"proto":"udp","facility":"LOCAL0","severity":"NOTICE","message":"1 2018-03-24T09:00:06-07:00 Kramer.jerry.land EvntSLog - - - A Kerberos service ticket was requested. Account Information: Account Name: PC-NEWMAN$@JERRY.LAND Account Domain: JERRY.LAND Logon GUID: {8FF6D09E-CEC3-F66E-DC50-C07F2B470694} Service Information: Service Name: krbtgt Service ID: S-1-5-21-1311969832-1707640848-2310541705-502 Network Information: Client Address: ::ffff:172.20.0.80 Client Port: 50157 Additional Information: Ticket Options: 0x60810010 Ticket Encryption Type: 0x17 Failure Code: 0x0 Transited Services: - This event is generated every time access is requested to a resource such as a computer or a Windows service. The service name indicates the resource to which access was requested. This event can be correlated with Windows logon events by comparing the Logon GUID fields in each event. The logon event occurs on the machine that was accessed, which is often a different machine than the domain controller which issued the service ticket. Ticket options, encryption types, and failure codes are defined in RFC 4120."}
{"_path":"syslog","_write_ts":"2018-03-24T17:16:16.112735Z","ts":"2018-03-24T17:16:16.112735Z","uid":"ClIW0K7GCQpzzKukf","id.orig_h":"10.47.22.25","id.orig_p":58947,"id.resp_h":"10.47.2.153","id.resp_p":514,"proto":"udp","facility":"LOCAL0","severity":"NOTICE","message":"1 2018-03-24T09:00:06-07:00 Kramer.jerry.land EvntSLog - - - An account was successfully logged on. Subject: Security ID: S-1-0-0 Account Name: - Account Domain: - Logon ID: 0x0 Logon Type: 3 New Logon: Security ID: S-1-5-21-1311969832-1707640848-2310541705-1103 Account Name: PC-NEWMAN$ Account Domain: JERRY Logon ID: 0x3bae561 Logon GUID: {B055E8F6-458E-966A-B0A7-8F1A85205F8C} Process Information: Process ID: 0x0 Process Name: - Network Information: Workstation Name: Source Network Address: 172.20.0.80 Source Port: 50155 Detailed Authentication Information: Logon Process: Kerberos Authentication Package: Kerberos Transited Services: - Package Name (NTLM only): - Key Length: 0 This event is generated when a logon session is created. It is generated on the computer that was accessed. The subject fields indicate the account on the local system which requested the logon. This is most commonly a service such as the Server service, or a local process such as Winlogon.exe or Services.exe. The logon type field indicates the kind of logon that occurred. The most common types are 2 (interactive) and 3 (network). The New Logon fields indicate the account for whom the new logon was created, i.e. the account that was logged on. The network fields indicate where a remote logon request originated. Workstation name is not always available and may be left blank in some cases. The authentication information fields provide detailed information about this specific logon request. - Logon GUID is a unique identifier that can be used to correlate this event with a KDC event. - Transited services indicate which intermediate services have participated in this logon request. - Package name indicates which sub-protocol was used among the NTLM protocols. - Key length indicates the length of the generated session key. This will be 0 if no session key was requested."}
{"_path":"syslog","_write_ts":"2018-03-24T17:16:16.112738Z","ts":"2018-03-24T17:16:16.112738Z","uid":"ClIW0K7GCQpzzKukf","id.orig_h":"10.47.22.25","id.orig_p":58947,"id.resp_h":"10.47.2.153","id.resp_p":514,"proto":"udp","facility":"LOCAL0","severity":"NOTICE","message":"1 2018-03-24T09:00:06-07:00 Kramer.jerry.land EvntSLog - - - An account was successfully logged on. Subject: Security ID: S-1-0-0 Account Name: - Account Domain: - Logon ID: 0x0 Logon Type: 3 New Logon: Security ID: S-1-5-21-1311969832-1707640848-2310541705-1103 Account Name: PC-NEWMAN$ Account Domain: JERRY Logon ID: 0x3bae561 Logon GUID: {B055E8F6-458E-966A-B0A7-8F1A85205F8C} Process Information: Process ID: 0x0 Process Name: - Network Information: Workstation Name: Source Network Address: 172.20.0.80 Source Port: 50155 Detailed Authentication Information: Logon Process: Kerberos Authentication Package: Kerberos Transited Services: - Package Name (NTLM only): - Key Length: 0 This event is generated when a logon session is created. It is generated on the computer that was accessed. The subject fields indicate the account on the local system which requested the logon. This is most commonly a service such as the Server service, or a local process such as Winlogon.exe or Services.exe. The logon type field indicates the kind of logon that occurred. The most common types are 2 (interactive) and 3 (network). The New Logon fields indicate the account for whom the new logon was created, i.e. the account that was logged on. The network fields indicate where a remote logon request originated. Workstation name is not always available and may be left blank in some cases. The authentication information fields provide detailed information about this specific logon request. - Logon GUID is a unique identifier that can be used to correlate this event with a KDC event. - Transited services indicate which intermediate services have participated in this logon request. - Package name indicates which sub-protocol was used among the NTLM protocols. - Key length indicates the length of the generated session key. This will be 0 if no session key was requested."}
{"_path":"syslog","_write_ts":"2018-03-24T17:16:16.112889Z","ts":"2018-03-24T17:16:16.112889Z","uid":"ClIW0K7GCQpzzKukf","id.orig_h":"10.47.22.25","id.orig_p":58947,"id.resp_h":"10.47.2.153","id.resp_p":514,"proto":"udp","facility":"LOCAL0","severity":"NOTICE","message":"1 2018-03-24T09:00:06-07:00 Kramer.jerry.land EvntSLog - - - An account was successfully logged on. Subject: Security ID: S-1-0-0 Account Name: - Account Domain: - Logon ID: 0x0 Logon Type: 3 New Logon: Security ID: S-1-5-21-1311969832-1707640848-2310541705-1103 Account Name: PC-NEWMAN$ Account Domain: JERRY Logon ID: 0x3bae561 Logon GUID: {B055E8F6-458E-966A-B0A7-8F1A85205F8C} Process Information: Process ID: 0x0 Process Name: - Network Information: Workstation Name: Source Network Address: 172.20.0.80 Source Port: 50155 Detailed Authentication Information: Logon Process: Kerberos Authentication Package: Kerberos Transited Services: - Package Name (NTLM only): - Key Length: 0 This event is generated when a logon session is created. It is generated on the computer that was accessed. The subject fields indicate the account on the local system which requested the logon. This is most commonly a service such as the Server service, or a local process such as Winlogon.exe or Services.exe. The logon type field indicates the kind of logon that occurred. The most common types are 2 (interactive) and 3 (network). The New Logon fields indicate the account for whom the new logon was created, i.e. the account that was logged on. The network fields indicate where a remote logon request originated. Workstation name is not always available and may be left blank in some cases. The authentication information fields provide detailed information about this specific logon request. - Logon GUID is a unique identifier that can be used to correlate this event with a KDC event. - Transited services indicate which intermediate services have participated in this logon request. - Package name indicates which sub-protocol was used among the NTLM protocols. - Key length indicates the length of the generated session key. This will be 0 if no session key was requested."}
{"_path":"syslog","_write_ts":"2018-03-24T17:16:16.112892Z","ts":"2018-03-24T17:16:16.112892Z","uid":"ClIW0K7GCQpzzKukf","id.orig_h":"10.47.22.25","id.orig_p":58947,"id.resp_h":"10.47.2.153","id.resp_p":514,"proto":"udp","facility":"LOCAL0","severity":"NOTICE","message":"1 2018-03-24T09:00:06-07:00 Kramer.jerry.land EvntSLog - - - An account was successfully logged on. Subject: Security ID: S-1-0-0 Account Name: - Account Domain: - Logon ID: 0x0 Logon Type: 3 New Logon: Security ID: S-1-5-21-1311969832-1707640848-2310541705-1103 Account Name: PC-NEWMAN$ Account Domain: JERRY Logon ID: 0x3bae561 Logon GUID: {B055E8F6-458E-966A-B0A7-8F1A85205F8C} Process Information: Process ID: 0x0 Process Name: - Network Information: Workstation Name: Source Network Address: 172.20.0.80 Source Port: 50155 Detailed Authentication Information: Logon Process: Kerberos Authentication Package: Kerberos Transited Services: - Package Name (NTLM only): - Key Length: 0 This event is generated when a logon session is created. It is generated on the computer that was accessed. The subject fields indicate the account on the local system which requested the logon. This is most commonly a service such as the Server service, or a local process such as Winlogon.exe or Services.exe. The logon type field indicates the kind of logon that occurred. The most common types are 2 (interactive) and 3 (network). The New Logon fields indicate the account for whom the new logon was created, i.e. the account that was logged on. The network fields indicate where a remote logon request originated. Workstation name is not always available and may be left blank in some cases. The authentication information fields provide detailed information about this specific logon request. - Logon GUID is a unique identifier that can be used to correlate this event with a KDC event. - Transited services indicate which intermediate services have participated in this logon request. - Package name indicates which sub-protocol was used among the NTLM protocols. - Key length indicates the length of the generated session key. This will be 0 if no session key was requested."}
{"_path":"syslog","_write_ts":"2018-03-24T17:16:16.130805Z","ts":"2018-03-24T17:16:16.130805Z","uid":"ClIW0K7GCQpzzKukf","id.orig_h":"10.47.22.25","id.orig_p":58947,"id.resp_h":"10.47.2.153","id.resp_p":514,"proto":"udp","facility":"LOCAL0","severity":"NOTICE","message":"1 2018-03-24T09:00:06-07:00 Kramer.jerry.land EvntSLog - - - An account was logged off. Subject: Security ID: S-1-5-21-1311969832-1707640848-2310541705-1103 Account Name: PC-NEWMAN$ Account Domain: JERRY Logon ID: 0x3bae53e Logon Type: 3 This event is generated when a logon session is destroyed. It may be positively correlated with a logon event using the Logon ID value. Logon IDs are only unique between reboots on the same computer."}
{"_path":"syslog","_write_ts":"2018-03-24T17:16:16.130808Z","ts":"2018-03-24T17:16:16.130808Z","uid":"ClIW0K7GCQpzzKukf","id.orig_h":"10.47.22.25","id.orig_p":58947,"id.resp_h":"10.47.2.153","id.resp_p":514,"proto":"udp","facility":"LOCAL0","severity":"NOTICE","message":"1 2018-03-24T09:00:06-07:00 Kramer.jerry.land EvntSLog - - - An account was logged off. Subject: Security ID: S-1-5-21-1311969832-1707640848-2310541705-1103 Account Name: PC-NEWMAN$ Account Domain: JERRY Logon ID: 0x3bae53e Logon Type: 3 This event is generated when a logon session is destroyed. It may be positively correlated with a logon event using the Logon ID value. Logon IDs are only unique between reboots on the same computer."}
{"_path":"syslog","_write_ts":"2018-03-24T17:16:16.130810Z","ts":"2018-03-24T17:16:16.130810Z","uid":"ClIW0K7GCQpzzKukf","id.orig_h":"10.47.22.25","id.orig_p":58947,"id.resp_h":"10.47.2.153","id.resp_p":514,"proto":"udp","facility":"LOCAL0","severity":"NOTICE","message":"1 2018-03-24T09:00:06-07:00 Kramer.jerry.land EvntSLog - - - An account was logged off. Subject: Security ID: S-1-5-21-1311969832-1707640848-2310541705-1103 Account Name: PC-NEWMAN$ Account Domain: JERRY Logon ID: 0x3bae53e Logon Type: 3 This event is generated when a logon session is destroyed. It may be positively correlated with a logon event using the Logon ID value. Logon IDs are only unique between reboots on the same computer."}
{"_path":"syslog","_write_ts":"2018-03-24T17:16:16.130812Z","ts":"2018-03-24T17:16:16.130812Z","uid":"ClIW0K7GCQpzzKukf","id.orig_h":"10.47.22.25","id.orig_p":58947,"id.resp_h":"10.47.2.153","id.resp_p":514,"proto":"udp","facility":"LOCAL0","severity":"NOTICE","message":"1 2018-03-24T09:00:06-07:00 Kramer.jerry.land EvntSLog - - - An account was logged off. Subject: Security ID: S-1-5-21-1311969832-1707640848-2310541705-1103 Account Name: PC-NEWMAN$ Account Domain: JERRY Logon ID: 0x3bae53e Logon Type: 3 This event is generated when a logon session is destroyed. It may be positively correlated with a logon event using the Logon ID value. Logon IDs are only unique between reboots on the same computer."}
{"_path":"syslog","_write_ts":"2018-03-24T17:16:17.016085Z","ts":"2018-03-24T17:16:17.016085Z","uid":"ClIW0K7GCQpzzKukf","id.orig_h":"10.47.22.25","id.orig_p":58947,"id.resp_h":"10.47.2.153","id.resp_p":514,"proto":"udp","facility":"LOCAL0","severity":"NOTICE","message":"1 2018-03-24T09:00:07-07:00 Kramer.jerry.land EvntSLog - - - An account was logged off. Subject: Security ID: S-1-5-21-1311969832-1707640848-2310541705-1103 Account Name: PC-NEWMAN$ Account Domain: JERRY Logon ID: 0x3bae50d Logon Type: 3 This event is generated when a logon session is destroyed. It may be positively correlated with a logon event using the Logon ID value. Logon IDs are only unique between reboots on the same computer."}
{"_path":"syslog","_write_ts":"2018-03-24T17:16:17.016088Z","ts":"2018-03-24T17:16:17.016088Z","uid":"ClIW0K7GCQpzzKukf","id.orig_h":"10.47.22.25","id.orig_p":58947,"id.resp_h":"10.47.2.153","id.resp_p":514,"proto":"udp","facility":"LOCAL0","severity":"NOTICE","message":"1 2018-03-24T09:00:07-07:00 Kramer.jerry.land EvntSLog - - - An account was logged off. Subject: Security ID: S-1-5-21-1311969832-1707640848-2310541705-1103 Account Name: PC-NEWMAN$ Account Domain: JERRY Logon ID: 0x3bae50d Logon Type: 3 This event is generated when a logon session is destroyed. It may be positively correlated with a logon event using the Logon ID value. Logon IDs are only unique between reboots on the same computer."}
{"_path":"syslog","_write_ts":"2018-03-24T17:16:17.016090Z","ts":"2018-03-24T17:16:17.016090Z","uid":"ClIW0K7GCQpzzKukf","id.orig_h":"10.47.22.25","id.orig_p":58947,"id.resp_h":"10.47.2.153","id.resp_p":514,"proto":"udp","facility":"LOCAL0","severity":"NOTICE","message":"1 2018-03-24T09:00:07-07:00 Kramer.jerry.land EvntSLog - - - An account was logged off. Subject: Security ID: S-1-5-21-1311969832-1707640848-2310541705-1103 Account Name: PC-NEWMAN$ Account Domain: JERRY Logon ID: 0x3bae50d Logon Type: 3 This event is generated when a logon session is destroyed. It may be positively correlated with a logon event using the Logon ID value. Logon IDs are only unique between reboots on the same computer."}
{"_path":"syslog","_write_ts":"2018-03-24T17:16:17.016092Z","ts":"2018-03-24T17:16:17.016092Z","uid":"ClIW0K7GCQpzzKukf","id.orig_h":"10.47.22.25","id.orig_p":58947,"id.resp_h":"10.47.2.153","id.resp_p":514,"proto":"udp","facility":"LOCAL0","severity":"NOTICE","message":"1 2018-03-24T09:00:07-07:00 Kramer.jerry.land EvntSLog - - - An account was logged off. Subject: Security ID: S-1-5-21-1311969832-1707640848-2310541705-1103 Account Name: PC-NEWMAN$ Account Domain: JERRY Logon ID: 0x3bae50d Logon Type: 3 This event is generated when a logon session is destroyed. It may be positively correlated with a logon event using the Logon ID value. Logon IDs are only unique between reboots on the same computer."}
{"_path":"syslog","_write_ts":"2018-03-24T17:16:17.334848Z","ts":"2018-03-24T17:16:17.334848Z","uid":"CTDoHcxsI20hhvY75","id.orig_h":"10.47.22.80","id.orig_p":51899,"id.resp_h":"10.47.2.153","id.resp_p":514,"proto":"udp","facility":"LOCAL0","severity":"INFO","message":"1 2018-03-24T09:00:07-07:00 PC-newman.jerry.land EvntSLog - - - Estimated network bandwidth on one of the connections: 0 kbps."}
{"_path":"syslog","_write_ts":"2018-03-24T17:16:17.334852Z","ts":"2018-03-24T17:16:17.334852Z","uid":"CTDoHcxsI20hhvY75","id.orig_h":"10.47.22.80","id.orig_p":51899,"id.resp_h":"10.47.2.153","id.resp_p":514,"proto":"udp","facility":"LOCAL0","severity":"INFO","message":"1 2018-03-24T09:00:07-07:00 PC-newman.jerry.land EvntSLog - - - Estimated network bandwidth on one of the connections: 0 kbps."}
{"_path":"syslog","_write_ts":"2018-03-24T17:16:17.334865Z","ts":"2018-03-24T17:16:17.334865Z","uid":"CTDoHcxsI20hhvY75","id.orig_h":"10.47.22.80","id.orig_p":51899,"id.resp_h":"10.47.2.153","id.resp_p":514,"proto":"udp","facility":"LOCAL0","severity":"INFO","message":"1 2018-03-24T09:00:07-07:00 PC-newman.jerry.land EvntSLog - - - Estimated network bandwidth on one of the connections: 0 kbps."}
{"_path":"syslog","_write_ts":"2018-03-24T17:16:17.334870Z","ts":"2018-03-24T17:16:17.334870Z","uid":"CTDoHcxsI20hhvY75","id.orig_h":"10.47.22.80","id.orig_p":51899,"id.resp_h":"10.47.2.153","id.resp_p":514,"proto":"udp","facility":"LOCAL0","severity":"INFO","message":"1 2018-03-24T09:00:07-07:00 PC-newman.jerry.land EvntSLog - - - Estimated network bandwidth on one of the connections: 0 kbps."}
{"_path":"syslog","_write_ts":"2018-03-24T17:16:17.349995Z","ts":"2018-03-24T17:16:17.349995Z","uid":"CTDoHcxsI20hhvY75","id.orig_h":"10.47.22.80","id.orig_p":51899,"id.resp_h":"10.47.2.153","id.resp_p":514,"proto":"udp","facility":"LOCAL0","severity":"INFO","message":"1 2018-03-24T09:00:07-07:00 PC-newman.jerry.land EvntSLog - - - Estimated network bandwidth on one of the connections: 350224 kbps."}
{"_path":"syslog","_write_ts":"2018-03-24T17:16:17.350005Z","ts":"2018-03-24T17:16:17.350005Z","uid":"CTDoHcxsI20hhvY75","id.orig_h":"10.47.22.80","id.orig_p":51899,"id.resp_h":"10.47.2.153","id.resp_p":514,"proto":"udp","facility":"LOCAL0","severity":"INFO","message":"1 2018-03-24T09:00:07-07:00 PC-newman.jerry.land EvntSLog - - - Estimated network bandwidth on one of the connections: 350224 kbps."}
{"_path":"syslog","_write_ts":"2018-03-24T17:16:17.350014Z","ts":"2018-03-24T17:16:17.350014Z","uid":"CTDoHcxsI20hhvY75","id.orig_h":"10.47.22.80","id.orig_p":51899,"id.resp_h":"10.47.2.153","id.resp_p":514,"proto":"udp","facility":"LOCAL0","severity":"INFO","message":"1 2018-03-24T09:00:07-07:00 PC-newman.jerry.land EvntSLog - - - Estimated network bandwidth on one of the connections: 350224 kbps."}
{"_path":"syslog","_write_ts":"2018-03-24T17:16:17.350018Z","ts":"2018-03-24T17:16:17.350018Z","uid":"CTDoHcxsI20hhvY75","id.orig_h":"10.47.22.80","id.orig_p":51899,"id.resp_h":"10.47.2.153","id.resp_p":514,"proto":"udp","facility":"LOCAL0","severity":"INFO","message":"1 2018-03-24T09:00:07-07:00 PC-newman.jerry.land EvntSLog - - - Estimated network bandwidth on one of the connections: 350224 kbps."}
{"_path":"syslog","_write_ts":"2018-03-24T17:16:17.361387Z","ts":"2018-03-24T17:16:17.361387Z","uid":"CTDoHcxsI20hhvY75","id.orig_h":"10.47.22.80","id.orig_p":51899,"id.resp_h":"10.47.2.153","id.resp_p":514,"proto":"udp","facility":"LOCAL0","severity":"INFO","message":"1 2018-03-24T09:00:07-07:00 PC-newman.jerry.land EvntSLog - - - A fast link was detected. The Estimated bandwidth is 350224 kbps. The slow link threshold is 500 kbps."}
{"_path":"syslog","_write_ts":"2018-03-24T17:16:17.361390Z","ts":"2018-03-24T17:16:17.361390Z","uid":"CTDoHcxsI20hhvY75","id.orig_h":"10.47.22.80","id.orig_p":51899,"id.resp_h":"10.47.2.153","id.resp_p":514,"proto":"udp","facility":"LOCAL0","severity":"INFO","message":"1 2018-03-24T09:00:07-07:00 PC-newman.jerry.land EvntSLog - - - A fast link was detected. The Estimated bandwidth is 350224 kbps. The slow link threshold is 500 kbps."}
{"_path":"syslog","_write_ts":"2018-03-24T17:16:17.361391Z","ts":"2018-03-24T17:16:17.361391Z","uid":"CTDoHcxsI20hhvY75","id.orig_h":"10.47.22.80","id.orig_p":51899,"id.resp_h":"10.47.2.153","id.resp_p":514,"proto":"udp","facility":"LOCAL0","severity":"INFO","message":"1 2018-03-24T09:00:07-07:00 PC-newman.jerry.land EvntSLog - - - A fast link was detected. The Estimated bandwidth is 350224 kbps. The slow link threshold is 500 kbps."}
{"_path":"syslog","_write_ts":"2018-03-24T17:16:17.361393Z","ts":"2018-03-24T17:16:17.361393Z","uid":"CTDoHcxsI20hhvY75","id.orig_h":"10.47.22.80","id.orig_p":51899,"id.resp_h":"10.47.2.153","id.resp_p":514,"proto":"udp","facility":"LOCAL0","severity":"INFO","message":"1 2018-03-24T09:00:07-07:00 PC-newman.jerry.land EvntSLog - - - A fast link was detected. The Estimated bandwidth is 350224 kbps. The slow link threshold is 500 kbps."}
{"_path":"syslog","_write_ts":"2018-03-24T17:16:17.368978Z","ts":"2018-03-24T17:16:17.368978Z","uid":"CTDoHcxsI20hhvY75","id.orig_h":"10.47.22.80","id.orig_p":51899,"id.resp_h":"10.47.2.153","id.resp_p":514,"proto":"udp","facility":"LOCAL0","severity":"INFO","message":"1 2018-03-24T09:00:07-07:00 PC-newman.jerry.land EvntSLog - - - Checking for Group Policy client extensions that are not part of the system."}
{"_path":"syslog","_write_ts":"2018-03-24T17:16:17.368980Z","ts":"2018-03-24T17:16:17.368980Z","uid":"CTDoHcxsI20hhvY75","id.orig_h":"10.47.22.80","id.orig_p":51899,"id.resp_h":"10.47.2.153","id.resp_p":514,"proto":"udp","facility":"LOCAL0","severity":"INFO","message":"1 2018-03-24T09:00:07-07:00 PC-newman.jerry.land EvntSLog - - - Checking for Group Policy client extensions that are not part of the system."}
{"_path":"syslog","_write_ts":"2018-03-24T17:16:17.369046Z","ts":"2018-03-24T17:16:17.369046Z","uid":"CTDoHcxsI20hhvY75","id.orig_h":"10.47.22.80","id.orig_p":51899,"id.resp_h":"10.47.2.153","id.resp_p":514,"proto":"udp","facility":"LOCAL0","severity":"INFO","message":"1 2018-03-24T09:00:07-07:00 PC-newman.jerry.land EvntSLog - - - Checking for Group Policy client extensions that are not part of the system."}
{"_path":"syslog","_write_ts":"2018-03-24T17:16:17.369048Z","ts":"2018-03-24T17:16:17.369048Z","uid":"CTDoHcxsI20hhvY75","id.orig_h":"10.47.22.80","id.orig_p":51899,"id.resp_h":"10.47.2.153","id.resp_p":514,"proto":"udp","facility":"LOCAL0","severity":"INFO","message":"1 2018-03-24T09:00:07-07:00 PC-newman.jerry.land EvntSLog - - - Checking for Group Policy client extensions that are not part of the system."}
{"_path":"syslog","_write_ts":"2018-03-24T17:16:17.379041Z","ts":"2018-03-24T17:16:17.379041Z","uid":"CTDoHcxsI20hhvY75","id.orig_h":"10.47.22.80","id.orig_p":51899,"id.resp_h":"10.47.2.153","id.resp_p":514,"proto":"udp","facility":"LOCAL0","severity":"INFO","message":"1 2018-03-24T09:00:07-07:00 PC-newman.jerry.land EvntSLog - - - Service configuration update to standalone is not required and will be skipped."}
{"_path":"syslog","_write_ts":"2018-03-24T17:16:17.379043Z","ts":"2018-03-24T17:16:17.379043Z","uid":"CTDoHcxsI20hhvY75","id.orig_h":"10.47.22.80","id.orig_p":51899,"id.resp_h":"10.47.2.153","id.resp_p":514,"proto":"udp","facility":"LOCAL0","severity":"INFO","message":"1 2018-03-24T09:00:07-07:00 PC-newman.jerry.land EvntSLog - - - Service configuration update to standalone is not required and will be skipped."}
{"_path":"syslog","_write_ts":"2018-03-24T17:16:17.379049Z","ts":"2018-03-24T17:16:17.379049Z","uid":"CTDoHcxsI20hhvY75","id.orig_h":"10.47.22.80","id.orig_p":51899,"id.resp_h":"10.47.2.153","id.resp_p":514,"proto":"udp","facility":"LOCAL0","severity":"INFO","message":"1 2018-03-24T09:00:07-07:00 PC-newman.jerry.land EvntSLog - - - Service configuration update to standalone is not required and will be skipped."}
{"_path":"syslog","_write_ts":"2018-03-24T17:16:17.379057Z","ts":"2018-03-24T17:16:17.379057Z","uid":"CTDoHcxsI20hhvY75","id.orig_h":"10.47.22.80","id.orig_p":51899,"id.resp_h":"10.47.2.153","id.resp_p":514,"proto":"udp","facility":"LOCAL0","severity":"INFO","message":"1 2018-03-24T09:00:07-07:00 PC-newman.jerry.land EvntSLog - - - Service configuration update to standalone is not required and will be skipped."}
{"_path":"syslog","_write_ts":"2018-03-24T17:16:17.387918Z","ts":"2018-03-24T17:16:17.387918Z","uid":"CTDoHcxsI20hhvY75","id.orig_h":"10.47.22.80","id.orig_p":51899,"id.resp_h":"10.47.2.153","id.resp_p":514,"proto":"udp","facility":"LOCAL0","severity":"INFO","message":"1 2018-03-24T09:00:07-07:00 PC-newman.jerry.land EvntSLog - - - Finished checking for non-system extensions."}
{"_path":"syslog","_write_ts":"2018-03-24T17:16:17.387920Z","ts":"2018-03-24T17:16:17.387920Z","uid":"CTDoHcxsI20hhvY75","id.orig_h":"10.47.22.80","id.orig_p":51899,"id.resp_h":"10.47.2.153","id.resp_p":514,"proto":"udp","facility":"LOCAL0","severity":"INFO","message":"1 2018-03-24T09:00:07-07:00 PC-newman.jerry.land EvntSLog - - - Finished checking for non-system extensions."}
{"_path":"syslog","_write_ts":"2018-03-24T17:16:17.387922Z","ts":"2018-03-24T17:16:17.387922Z","uid":"CTDoHcxsI20hhvY75","id.orig_h":"10.47.22.80","id.orig_p":51899,"id.resp_h":"10.47.2.153","id.resp_p":514,"proto":"udp","facility":"LOCAL0","severity":"INFO","message":"1 2018-03-24T09:00:07-07:00 PC-newman.jerry.land EvntSLog - - - Finished checking for non-system extensions."}
{"_path":"syslog","_write_ts":"2018-03-24T17:16:17.387924Z","ts":"2018-03-24T17:16:17.387924Z","uid":"CTDoHcxsI20hhvY75","id.orig_h":"10.47.22.80","id.orig_p":51899,"id.resp_h":"10.47.2.153","id.resp_p":514,"proto":"udp","facility":"LOCAL0","severity":"INFO","message":"1 2018-03-24T09:00:07-07:00 PC-newman.jerry.land EvntSLog - - - Finished checking for non-system extensions."}
{"_path":"syslog","_write_ts":"2018-03-24T17:16:17.401360Z","ts":"2018-03-24T17:16:17.401360Z","uid":"CTDoHcxsI20hhvY75","id.orig_h":"10.47.22.80","id.orig_p":51899,"id.resp_h":"10.47.2.153","id.resp_p":514,"proto":"udp","facility":"LOCAL0","severity":"INFO","message":"1 2018-03-24T09:00:07-07:00 PC-newman.jerry.land EvntSLog - - - Completed periodic policy processing for computer JERRY\\PC-NEWMAN$ in 2 seconds."}
{"_path":"syslog","_write_ts":"2018-03-24T17:16:17.401362Z","ts":"2018-03-24T17:16:17.401362Z","uid":"CTDoHcxsI20hhvY75","id.orig_h":"10.47.22.80","id.orig_p":51899,"id.resp_h":"10.47.2.153","id.resp_p":514,"proto":"udp","facility":"LOCAL0","severity":"INFO","message":"1 2018-03-24T09:00:07-07:00 PC-newman.jerry.land EvntSLog - - - Completed periodic policy processing for computer JERRY\\PC-NEWMAN$ in 2 seconds."}
{"_path":"syslog","_write_ts":"2018-03-24T17:16:17.401391Z","ts":"2018-03-24T17:16:17.401391Z","uid":"CTDoHcxsI20hhvY75","id.orig_h":"10.47.22.80","id.orig_p":51899,"id.resp_h":"10.47.2.153","id.resp_p":514,"proto":"udp","facility":"LOCAL0","severity":"INFO","message":"1 2018-03-24T09:00:07-07:00 PC-newman.jerry.land EvntSLog - - - Completed periodic policy processing for computer JERRY\\PC-NEWMAN$ in 2 seconds."}
{"_path":"syslog","_write_ts":"2018-03-24T17:16:17.401395Z","ts":"2018-03-24T17:16:17.401395Z","uid":"CTDoHcxsI20hhvY75","id.orig_h":"10.47.22.80","id.orig_p":51899,"id.resp_h":"10.47.2.153","id.resp_p":514,"proto":"udp","facility":"LOCAL0","severity":"INFO","message":"1 2018-03-24T09:00:07-07:00 PC-newman.jerry.land EvntSLog - - - Completed periodic policy processing for computer JERRY\\PC-NEWMAN$ in 2 seconds."}
{"_path":"syslog","_write_ts":"2018-03-24T17:16:17.412687Z","ts":"2018-03-24T17:16:17.412687Z","uid":"CTDoHcxsI20hhvY75","id.orig_h":"10.47.22.80","id.orig_p":51899,"id.resp_h":"10.47.2.153","id.resp_p":514,"proto":"udp","facility":"LOCAL0","severity":"INFO","message":"1 2018-03-24T09:00:07-07:00 PC-newman.jerry.land EvntSLog - - - Next policy processing for JERRY\\PC-NEWMAN$ will be attempted in 94 minutes."}
{"_path":"syslog","_write_ts":"2018-03-24T17:16:17.412690Z","ts":"2018-03-24T17:16:17.412690Z","uid":"CTDoHcxsI20hhvY75","id.orig_h":"10.47.22.80","id.orig_p":51899,"id.resp_h":"10.47.2.153","id.resp_p":514,"proto":"udp","facility":"LOCAL0","severity":"INFO","message":"1 2018-03-24T09:00:07-07:00 PC-newman.jerry.land EvntSLog - - - Next policy processing for JERRY\\PC-NEWMAN$ will be attempted in 94 minutes."}
{"_path":"syslog","_write_ts":"2018-03-24T17:16:17.412737Z","ts":"2018-03-24T17:16:17.412737Z","uid":"CTDoHcxsI20hhvY75","id.orig_h":"10.47.22.80","id.orig_p":51899,"id.resp_h":"10.47.2.153","id.resp_p":514,"proto":"udp","facility":"LOCAL0","severity":"INFO","message":"1 2018-03-24T09:00:07-07:00 PC-newman.jerry.land EvntSLog - - - Next policy processing for JERRY\\PC-NEWMAN$ will be attempted in 94 minutes."}
{"_path":"syslog","_write_ts":"2018-03-24T17:16:17.412747Z","ts":"2018-03-24T17:16:17.412747Z","uid":"CTDoHcxsI20hhvY75","id.orig_h":"10.47.22.80","id.orig_p":51899,"id.resp_h":"10.47.2.153","id.resp_p":514,"proto":"udp","facility":"LOCAL0","severity":"INFO","message":"1 2018-03-24T09:00:07-07:00 PC-newman.jerry.land EvntSLog - - - Next policy processing for JERRY\\PC-NEWMAN$ will be attempted in 94 minutes."}
{"_path":"syslog","_write_ts":"2018-03-24T17:16:18.032089Z","ts":"2018-03-24T17:16:18.032089Z","uid":"ClIW0K7GCQpzzKukf","id.orig_h":"10.47.22.25","id.orig_p":58947,"id.resp_h":"10.47.2.153","id.resp_p":514,"proto":"udp","facility":"LOCAL0","severity":"INFO","message":"1 2018-03-24T09:00:08-07:00 Kramer.jerry.land EvntSLog - - - Starting periodic policy processing for computer JERRY\\KRAMER$. Activity id: {4C4F0B87-2C68-449D-B4A0-F2E8AAB8711A}"}
{"_path":"syslog","_write_ts":"2018-03-24T17:16:18.032091Z","ts":"2018-03-24T17:16:18.032091Z","uid":"ClIW0K7GCQpzzKukf","id.orig_h":"10.47.22.25","id.orig_p":58947,"id.resp_h":"10.47.2.153","id.resp_p":514,"proto":"udp","facility":"LOCAL0","severity":"INFO","message":"1 2018-03-24T09:00:08-07:00 Kramer.jerry.land EvntSLog - - - Starting periodic policy processing for computer JERRY\\KRAMER$. Activity id: {4C4F0B87-2C68-449D-B4A0-F2E8AAB8711A}"}
{"_path":"syslog","_write_ts":"2018-03-24T17:16:18.032092Z","ts":"2018-03-24T17:16:18.032092Z","uid":"ClIW0K7GCQpzzKukf","id.orig_h":"10.47.22.25","id.orig_p":58947,"id.resp_h":"10.47.2.153","id.resp_p":514,"proto":"udp","facility":"LOCAL0","severity":"INFO","message":"1 2018-03-24T09:00:08-07:00 Kramer.jerry.land EvntSLog - - - Starting periodic policy processing for computer JERRY\\KRAMER$. Activity id: {4C4F0B87-2C68-449D-B4A0-F2E8AAB8711A}"}
{"_path":"syslog","_write_ts":"2018-03-24T17:16:18.032094Z","ts":"2018-03-24T17:16:18.032094Z","uid":"ClIW0K7GCQpzzKukf","id.orig_h":"10.47.22.25","id.orig_p":58947,"id.resp_h":"10.47.2.153","id.resp_p":514,"proto":"udp","facility":"LOCAL0","severity":"INFO","message":"1 2018-03-24T09:00:08-07:00 Kramer.jerry.land EvntSLog - - - Starting periodic policy processing for computer JERRY\\KRAMER$. Activity id: {4C4F0B87-2C68-449D-B4A0-F2E8AAB8711A}"}
{"_path":"syslog","_write_ts":"2018-03-24T17:16:18.032295Z","ts":"2018-03-24T17:16:18.032295Z","uid":"ClIW0K7GCQpzzKukf","id.orig_h":"10.47.22.25","id.orig_p":58947,"id.resp_h":"10.47.2.153","id.resp_p":514,"proto":"udp","facility":"LOCAL0","severity":"NOTICE","message":"1 2018-03-24T09:00:08-07:00 Kramer.jerry.land EvntSLog - - - Special privileges assigned to new logon. Subject: Security ID: S-1-5-18 Account Name: KRAMER$ Account Domain: JERRY Logon ID: 0x3bae917 Privileges: SeSecurityPrivilege SeBackupPrivilege SeRestorePrivilege SeTakeOwnershipPrivilege SeDebugPrivilege SeSystemEnvironmentPrivilege SeLoadDriverPrivilege SeImpersonatePrivilege SeEnableDelegationPrivilege"}
{"_path":"syslog","_write_ts":"2018-03-24T17:16:18.032297Z","ts":"2018-03-24T17:16:18.032297Z","uid":"ClIW0K7GCQpzzKukf","id.orig_h":"10.47.22.25","id.orig_p":58947,"id.resp_h":"10.47.2.153","id.resp_p":514,"proto":"udp","facility":"LOCAL0","severity":"NOTICE","message":"1 2018-03-24T09:00:08-07:00 Kramer.jerry.land EvntSLog - - - Special privileges assigned to new logon. Subject: Security ID: S-1-5-18 Account Name: KRAMER$ Account Domain: JERRY Logon ID: 0x3bae917 Privileges: SeSecurityPrivilege SeBackupPrivilege SeRestorePrivilege SeTakeOwnershipPrivilege SeDebugPrivilege SeSystemEnvironmentPrivilege SeLoadDriverPrivilege SeImpersonatePrivilege SeEnableDelegationPrivilege"}
