{"_path":"syslog","_write_ts":"2018-03-24T17:29:18.873285Z","ts":"2018-03-24T17:29:18.873285Z","uid":"C5Y0qR2TdfH3LoYNhf","id.orig_h":"10.47.22.25","id.orig_p":58947,"id.resp_h":"10.47.2.153","id.resp_p":514,"proto":"udp","facility":"LOCAL0","severity":"NOTICE","message":"1 2018-03-24T09:13:09-07:00 Kramer.jerry.land EvntSLog - - - An account was logged off. Subject: Security ID: S-1-5-21-1311969832-1707640848-2310541705-1103 Account Name: PC-NEWMAN$ Account Domain: JERRY Logon ID: 0x3c8a897 Logon Type: 3 This event is generated when a logon session is destroyed. It may be positively correlated with a logon event using the Logon ID value. Logon IDs are only unique between reboots on the same computer."}
{"_path":"syslog","_write_ts":"2018-03-24T17:29:18.873287Z","ts":"2018-03-24T17:29:18.873287Z","uid":"C5Y0qR2TdfH3LoYNhf","id.orig_h":"10.47.22.25","id.orig_p":58947,"id.resp_h":"10.47.2.153","id.resp_p":514,"proto":"udp","facility":"LOCAL0","severity":"NOTICE","message":"1 2018-03-24T09:13:09-07:00 Kramer.jerry.land EvntSLog - - - An account was logged off. Subject: Security ID: S-1-5-21-1311969832-1707640848-2310541705-1103 Account Name: PC-NEWMAN$ Account Domain: JERRY Logon ID: 0x3c8a897 Logon Type: 3 This event is generated when a logon session is destroyed. It may be positively correlated with a logon event using the Logon ID value. Logon IDs are only unique between reboots on the same computer."}
{"_path":"syslog","_write_ts":"2018-03-24T17:29:32.053606Z","ts":"2018-03-24T17:29:32.053606Z","uid":"C5Y0qR2TdfH3LoYNhf","id.orig_h":"10.47.22.25","id.orig_p":58947,"id.resp_h":"10.47.2.153","id.resp_p":514,"proto":"udp","facility":"LOCAL0","severity":"NOTICE","message":"1 2018-03-24T09:13:22-07:00 Kramer.jerry.land EvntSLog - - - The domain controller attempted to validate the credentials for an account. Authentication Package: MICROSOFT_AUTHENTICATION_PACKAGE_V1_0 Logon Account: Guest Source Workstation: WORKSTATION Error Code: 0x0"}
{"_path":"syslog","_write_ts":"2018-03-24T17:29:32.053609Z","ts":"2018-03-24T17:29:32.053609Z","uid":"C5Y0qR2TdfH3LoYNhf","id.orig_h":"10.47.22.25","id.orig_p":58947,"id.resp_h":"10.47.2.153","id.resp_p":514,"proto":"udp","facility":"LOCAL0","severity":"NOTICE","message":"1 2018-03-24T09:13:22-07:00 Kramer.jerry.land EvntSLog - - - The domain controller attempted to validate the credentials for an account. Authentication Package: MICROSOFT_AUTHENTICATION_PACKAGE_V1_0 Logon Account: Guest Source Workstation: WORKSTATION Error Code: 0x0"}
{"_path":"syslog","_write_ts":"2018-03-24T17:29:32.053620Z","ts":"2018-03-24T17:29:32.053620Z","uid":"C5Y0qR2TdfH3LoYNhf","id.orig_h":"10.47.22.25","id.orig_p":58947,"id.resp_h":"10.47.2.153","id.resp_p":514,"proto":"udp","facility":"LOCAL0","severity":"NOTICE","message":"1 2018-03-24T09:13:22-07:00 Kramer.jerry.land EvntSLog - - - The domain controller attempted to validate the credentials for an account. Authentication Package: MICROSOFT_AUTHENTICATION_PACKAGE_V1_0 Logon Account: Guest Source Workstation: WORKSTATION Error Code: 0x0"}
{"_path":"syslog","_write_ts":"2018-03-24T17:29:32.053622Z","ts":"2018-03-24T17:29:32.053622Z","uid":"C5Y0qR2TdfH3LoYNhf","id.orig_h":"10.47.22.25","id.orig_p":58947,"id.resp_h":"10.47.2.153","id.resp_p":514,"proto":"udp","facility":"LOCAL0","severity":"NOTICE","message":"1 2018-03-24T09:13:22-07:00 Kramer.jerry.land EvntSLog - - - The domain controller attempted to validate the credentials for an account. Authentication Package: MICROSOFT_AUTHENTICATION_PACKAGE_V1_0 Logon Account: Guest Source Workstation: WORKSTATION Error Code: 0x0"}
{"_path":"syslog","_write_ts":"2018-03-24T17:29:32.068808Z","ts":"2018-03-24T17:29:32.068808Z","uid":"C5Y0qR2TdfH3LoYNhf","id.orig_h":"10.47.22.25","id.orig_p":58947,"id.resp_h":"10.47.2.153","id.resp_p":514,"proto":"udp","facility":"LOCAL0","severity":"NOTICE","message":"1 2018-03-24T09:13:22-07:00 Kramer.jerry.land EvntSLog - - - Special privileges assigned to new logon. Subject: Security ID: S-1-5-21-1311969832-1707640848-2310541705-501 Account Name: Guest Account Domain: JERRY Logon ID: 0x3c8d8fd Privileges: SeSecurityPrivilege SeBackupPrivilege SeRestorePrivilege SeTakeOwnershipPrivilege SeDebugPrivilege SeSystemEnvironmentPrivilege SeLoadDriverPrivilege SeImpersonatePrivilege SeEnableDelegationPrivilege"}
{"_path":"syslog","_write_ts":"2018-03-24T17:29:32.068811Z","ts":"2018-03-24T17:29:32.068811Z","uid":"C5Y0qR2TdfH3LoYNhf","id.orig_h":"10.47.22.25","id.orig_p":58947,"id.resp_h":"10.47.2.153","id.resp_p":514,"proto":"udp","facility":"LOCAL0","severity":"NOTICE","message":"1 2018-03-24T09:13:22-07:00 Kramer.jerry.land EvntSLog - - - Special privileges assigned to new logon. Subject: Security ID: S-1-5-21-1311969832-1707640848-2310541705-501 Account Name: Guest Account Domain: JERRY Logon ID: 0x3c8d8fd Privileges: SeSecurityPrivilege SeBackupPrivilege SeRestorePrivilege SeTakeOwnershipPrivilege SeDebugPrivilege SeSystemEnvironmentPrivilege SeLoadDriverPrivilege SeImpersonatePrivilege SeEnableDelegationPrivilege"}
{"_path":"syslog","_write_ts":"2018-03-24T17:29:32.068813Z","ts":"2018-03-24T17:29:32.068813Z","uid":"C5Y0qR2TdfH3LoYNhf","id.orig_h":"10.47.22.25","id.orig_p":58947,"id.resp_h":"10.47.2.153","id.resp_p":514,"proto":"udp","facility":"LOCAL0","severity":"NOTICE","message":"1 2018-03-24T09:13:22-07:00 Kramer.jerry.land EvntSLog - - - Special privileges assigned to new logon. Subject: Security ID: S-1-5-21-1311969832-1707640848-2310541705-501 Account Name: Guest Account Domain: JERRY Logon ID: 0x3c8d8fd Privileges: SeSecurityPrivilege SeBackupPrivilege SeRestorePrivilege SeTakeOwnershipPrivilege SeDebugPrivilege SeSystemEnvironmentPrivilege SeLoadDriverPrivilege SeImpersonatePrivilege SeEnableDelegationPrivilege"}
{"_path":"syslog","_write_ts":"2018-03-24T17:29:32.068815Z","ts":"2018-03-24T17:29:32.068815Z","uid":"C5Y0qR2TdfH3LoYNhf","id.orig_h":"10.47.22.25","id.orig_p":58947,"id.resp_h":"10.47.2.153","id.resp_p":514,"proto":"udp","facility":"LOCAL0","severity":"NOTICE","message":"1 2018-03-24T09:13:22-07:00 Kramer.jerry.land EvntSLog - - - Special privileges assigned to new logon. Subject: Security ID: S-1-5-21-1311969832-1707640848-2310541705-501 Account Name: Guest Account Domain: JERRY Logon ID: 0x3c8d8fd Privileges: SeSecurityPrivilege SeBackupPrivilege SeRestorePrivilege SeTakeOwnershipPrivilege SeDebugPrivilege SeSystemEnvironmentPrivilege SeLoadDriverPrivilege SeImpersonatePrivilege SeEnableDelegationPrivilege"}
{"_path":"syslog","_write_ts":"2018-03-24T17:29:32.083997Z","ts":"2018-03-24T17:29:32.083997Z","uid":"C5Y0qR2TdfH3LoYNhf","id.orig_h":"10.47.22.25","id.orig_p":58947,"id.resp_h":"10.47.2.153","id.resp_p":514,"proto":"udp","facility":"LOCAL0","severity":"NOTICE","message":"1 2018-03-24T09:13:22-07:00 Kramer.jerry.land EvntSLog - - - An account was logged off. Subject: Security ID: S-1-5-21-1311969832-1707640848-2310541705-501 Account Name: Guest Account Domain: JERRY Logon ID: 0x3c8d8fd Logon Type: 3 This event is generated when a logon session is destroyed. It may be positively correlated with a logon event using the Logon ID value. Logon IDs are only unique between reboots on the same computer."}
{"_path":"syslog","_write_ts":"2018-03-24T17:29:32.083999Z","ts":"2018-03-24T17:29:32.083999Z","uid":"C5Y0qR2TdfH3LoYNhf","id.orig_h":"10.47.22.25","id.orig_p":58947,"id.resp_h":"10.47.2.153","id.resp_p":514,"proto":"udp","facility":"LOCAL0","severity":"NOTICE","message":"1 2018-03-24T09:13:22-07:00 Kramer.jerry.land EvntSLog - - - An account was logged off. Subject: Security ID: S-1-5-21-1311969832-1707640848-2310541705-501 Account Name: Guest Account Domain: JERRY Logon ID: 0x3c8d8fd Logon Type: 3 This event is generated when a logon session is destroyed. It may be positively correlated with a logon event using the Logon ID value. Logon IDs are only unique between reboots on the same computer."}
{"_path":"syslog","_write_ts":"2018-03-24T17:29:32.084001Z","ts":"2018-03-24T17:29:32.084001Z","uid":"C5Y0qR2TdfH3LoYNhf","id.orig_h":"10.47.22.25","id.orig_p":58947,"id.resp_h":"10.47.2.153","id.resp_p":514,"proto":"udp","facility":"LOCAL0","severity":"NOTICE","message":"1 2018-03-24T09:13:22-07:00 Kramer.jerry.land EvntSLog - - - An account was logged off. Subject: Security ID: S-1-5-21-1311969832-1707640848-2310541705-501 Account Name: Guest Account Domain: JERRY Logon ID: 0x3c8d8fd Logon Type: 3 This event is generated when a logon session is destroyed. It may be positively correlated with a logon event using the Logon ID value. Logon IDs are only unique between reboots on the same computer."}
{"_path":"syslog","_write_ts":"2018-03-24T17:29:32.084003Z","ts":"2018-03-24T17:29:32.084003Z","uid":"C5Y0qR2TdfH3LoYNhf","id.orig_h":"10.47.22.25","id.orig_p":58947,"id.resp_h":"10.47.2.153","id.resp_p":514,"proto":"udp","facility":"LOCAL0","severity":"NOTICE","message":"1 2018-03-24T09:13:22-07:00 Kramer.jerry.land EvntSLog - - - An account was logged off. Subject: Security ID: S-1-5-21-1311969832-1707640848-2310541705-501 Account Name: Guest Account Domain: JERRY Logon ID: 0x3c8d8fd Logon Type: 3 This event is generated when a logon session is destroyed. It may be positively correlated with a logon event using the Logon ID value. Logon IDs are only unique between reboots on the same computer."}
{"_path":"syslog","_write_ts":"2018-03-24T17:29:33.068002Z","ts":"2018-03-24T17:29:33.068002Z","uid":"C5Y0qR2TdfH3LoYNhf","id.orig_h":"10.47.22.25","id.orig_p":58947,"id.resp_h":"10.47.2.153","id.resp_p":514,"proto":"udp","facility":"LOCAL0","severity":"NOTICE","message":"1 2018-03-24T09:13:23-07:00 Kramer.jerry.land EvntSLog - - - The domain controller attempted to validate the credentials for an account. Authentication Package: MICROSOFT_AUTHENTICATION_PACKAGE_V1_0 Logon Account: Guest Source Workstation: WORKSTATION Error Code: 0x0"}
{"_path":"syslog","_write_ts":"2018-03-24T17:29:33.068005Z","ts":"2018-03-24T17:29:33.068005Z","uid":"C5Y0qR2TdfH3LoYNhf","id.orig_h":"10.47.22.25","id.orig_p":58947,"id.resp_h":"10.47.2.153","id.resp_p":514,"proto":"udp","facility":"LOCAL0","severity":"NOTICE","message":"1 2018-03-24T09:13:23-07:00 Kramer.jerry.land EvntSLog - - - The domain controller attempted to validate the credentials for an account. Authentication Package: MICROSOFT_AUTHENTICATION_PACKAGE_V1_0 Logon Account: Guest Source Workstation: WORKSTATION Error Code: 0x0"}
{"_path":"syslog","_write_ts":"2018-03-24T17:29:33.068048Z","ts":"2018-03-24T17:29:33.068048Z","uid":"C5Y0qR2TdfH3LoYNhf","id.orig_h":"10.47.22.25","id.orig_p":58947,"id.resp_h":"10.47.2.153","id.resp_p":514,"proto":"udp","facility":"LOCAL0","severity":"NOTICE","message":"1 2018-03-24T09:13:23-07:00 Kramer.jerry.land EvntSLog - - - The domain controller attempted to validate the credentials for an account. Authentication Package: MICROSOFT_AUTHENTICATION_PACKAGE_V1_0 Logon Account: Guest Source Workstation: WORKSTATION Error Code: 0x0"}
{"_path":"syslog","_write_ts":"2018-03-24T17:29:33.068050Z","ts":"2018-03-24T17:29:33.068050Z","uid":"C5Y0qR2TdfH3LoYNhf","id.orig_h":"10.47.22.25","id.orig_p":58947,"id.resp_h":"10.47.2.153","id.resp_p":514,"proto":"udp","facility":"LOCAL0","severity":"NOTICE","message":"1 2018-03-24T09:13:23-07:00 Kramer.jerry.land EvntSLog - - - The domain controller attempted to validate the credentials for an account. Authentication Package: MICROSOFT_AUTHENTICATION_PACKAGE_V1_0 Logon Account: Guest Source Workstation: WORKSTATION Error Code: 0x0"}
{"_path":"syslog","_write_ts":"2018-03-24T17:29:33.084197Z","ts":"2018-03-24T17:29:33.084197Z","uid":"C5Y0qR2TdfH3LoYNhf","id.orig_h":"10.47.22.25","id.orig_p":58947,"id.resp_h":"10.47.2.153","id.resp_p":514,"proto":"udp","facility":"LOCAL0","severity":"NOTICE","message":"1 2018-03-24T09:13:23-07:00 Kramer.jerry.land EvntSLog - - - Special privileges assigned to new logon. Subject: Security ID: S-1-5-21-1311969832-1707640848-2310541705-501 Account Name: Guest Account Domain: JERRY Logon ID: 0x3c8d9ab Privileges: SeSecurityPrivilege SeBackupPrivilege SeRestorePrivilege SeTakeOwnershipPrivilege SeDebugPrivilege SeSystemEnvironmentPrivilege SeLoadDriverPrivilege SeImpersonatePrivilege SeEnableDelegationPrivilege"}
{"_path":"syslog","_write_ts":"2018-03-24T17:29:33.084200Z","ts":"2018-03-24T17:29:33.084200Z","uid":"C5Y0qR2TdfH3LoYNhf","id.orig_h":"10.47.22.25","id.orig_p":58947,"id.resp_h":"10.47.2.153","id.resp_p":514,"proto":"udp","facility":"LOCAL0","severity":"NOTICE","message":"1 2018-03-24T09:13:23-07:00 Kramer.jerry.land EvntSLog - - - Special privileges assigned to new logon. Subject: Security ID: S-1-5-21-1311969832-1707640848-2310541705-501 Account Name: Guest Account Domain: JERRY Logon ID: 0x3c8d9ab Privileges: SeSecurityPrivilege SeBackupPrivilege SeRestorePrivilege SeTakeOwnershipPrivilege SeDebugPrivilege SeSystemEnvironmentPrivilege SeLoadDriverPrivilege SeImpersonatePrivilege SeEnableDelegationPrivilege"}
{"_path":"syslog","_write_ts":"2018-03-24T17:29:33.084202Z","ts":"2018-03-24T17:29:33.084202Z","uid":"C5Y0qR2TdfH3LoYNhf","id.orig_h":"10.47.22.25","id.orig_p":58947,"id.resp_h":"10.47.2.153","id.resp_p":514,"proto":"udp","facility":"LOCAL0","severity":"NOTICE","message":"1 2018-03-24T09:13:23-07:00 Kramer.jerry.land EvntSLog - - - Special privileges assigned to new logon. Subject: Security ID: S-1-5-21-1311969832-1707640848-2310541705-501 Account Name: Guest Account Domain: JERRY Logon ID: 0x3c8d9ab Privileges: SeSecurityPrivilege SeBackupPrivilege SeRestorePrivilege SeTakeOwnershipPrivilege SeDebugPrivilege SeSystemEnvironmentPrivilege SeLoadDriverPrivilege SeImpersonatePrivilege SeEnableDelegationPrivilege"}
{"_path":"syslog","_write_ts":"2018-03-24T17:29:33.084204Z","ts":"2018-03-24T17:29:33.084204Z","uid":"C5Y0qR2TdfH3LoYNhf","id.orig_h":"10.47.22.25","id.orig_p":58947,"id.resp_h":"10.47.2.153","id.resp_p":514,"proto":"udp","facility":"LOCAL0","severity":"NOTICE","message":"1 2018-03-24T09:13:23-07:00 Kramer.jerry.land EvntSLog - - - Special privileges assigned to new logon. Subject: Security ID: S-1-5-21-1311969832-1707640848-2310541705-501 Account Name: Guest Account Domain: JERRY Logon ID: 0x3c8d9ab Privileges: SeSecurityPrivilege SeBackupPrivilege SeRestorePrivilege SeTakeOwnershipPrivilege SeDebugPrivilege SeSystemEnvironmentPrivilege SeLoadDriverPrivilege SeImpersonatePrivilege SeEnableDelegationPrivilege"}
{"_path":"syslog","_write_ts":"2018-03-24T17:29:33.100024Z","ts":"2018-03-24T17:29:33.100024Z","uid":"C5Y0qR2TdfH3LoYNhf","id.orig_h":"10.47.22.25","id.orig_p":58947,"id.resp_h":"10.47.2.153","id.resp_p":514,"proto":"udp","facility":"LOCAL0","severity":"NOTICE","message":"1 2018-03-24T09:13:23-07:00 Kramer.jerry.land EvntSLog - - - An account was logged off. Subject: Security ID: S-1-5-21-1311969832-1707640848-2310541705-501 Account Name: Guest Account Domain: JERRY Logon ID: 0x3c8d9ab Logon Type: 3 This event is generated when a logon session is destroyed. It may be positively correlated with a logon event using the Logon ID value. Logon IDs are only unique between reboots on the same computer."}
{"_path":"syslog","_write_ts":"2018-03-24T17:29:33.100027Z","ts":"2018-03-24T17:29:33.100027Z","uid":"C5Y0qR2TdfH3LoYNhf","id.orig_h":"10.47.22.25","id.orig_p":58947,"id.resp_h":"10.47.2.153","id.resp_p":514,"proto":"udp","facility":"LOCAL0","severity":"NOTICE","message":"1 2018-03-24T09:13:23-07:00 Kramer.jerry.land EvntSLog - - - An account was logged off. Subject: Security ID: S-1-5-21-1311969832-1707640848-2310541705-501 Account Name: Guest Account Domain: JERRY Logon ID: 0x3c8d9ab Logon Type: 3 This event is generated when a logon session is destroyed. It may be positively correlated with a logon event using the Logon ID value. Logon IDs are only unique between reboots on the same computer."}
{"_path":"syslog","_write_ts":"2018-03-24T17:29:33.100030Z","ts":"2018-03-24T17:29:33.100030Z","uid":"C5Y0qR2TdfH3LoYNhf","id.orig_h":"10.47.22.25","id.orig_p":58947,"id.resp_h":"10.47.2.153","id.resp_p":514,"proto":"udp","facility":"LOCAL0","severity":"NOTICE","message":"1 2018-03-24T09:13:23-07:00 Kramer.jerry.land EvntSLog - - - An account was logged off. Subject: Security ID: S-1-5-21-1311969832-1707640848-2310541705-501 Account Name: Guest Account Domain: JERRY Logon ID: 0x3c8d9ab Logon Type: 3 This event is generated when a logon session is destroyed. It may be positively correlated with a logon event using the Logon ID value. Logon IDs are only unique between reboots on the same computer."}
{"_path":"syslog","_write_ts":"2018-03-24T17:29:33.100032Z","ts":"2018-03-24T17:29:33.100032Z","uid":"C5Y0qR2TdfH3LoYNhf","id.orig_h":"10.47.22.25","id.orig_p":58947,"id.resp_h":"10.47.2.153","id.resp_p":514,"proto":"udp","facility":"LOCAL0","severity":"NOTICE","message":"1 2018-03-24T09:13:23-07:00 Kramer.jerry.land EvntSLog - - - An account was logged off. Subject: Security ID: S-1-5-21-1311969832-1707640848-2310541705-501 Account Name: Guest Account Domain: JERRY Logon ID: 0x3c8d9ab Logon Type: 3 This event is generated when a logon session is destroyed. It may be positively correlated with a logon event using the Logon ID value. Logon IDs are only unique between reboots on the same computer."}
{"_path":"syslog","_write_ts":"2018-03-24T17:29:33.115825Z","ts":"2018-03-24T17:29:33.115825Z","uid":"C5Y0qR2TdfH3LoYNhf","id.orig_h":"10.47.22.25","id.orig_p":58947,"id.resp_h":"10.47.2.153","id.resp_p":514,"proto":"udp","facility":"LOCAL0","severity":"NOTICE","message":"1 2018-03-24T09:13:23-07:00 Kramer.jerry.land EvntSLog - - - The domain controller attempted to validate the credentials for an account. Authentication Package: MICROSOFT_AUTHENTICATION_PACKAGE_V1_0 Logon Account: Guest Source Workstation: WORKSTATION Error Code: 0x0"}
{"_path":"syslog","_write_ts":"2018-03-24T17:29:33.115827Z","ts":"2018-03-24T17:29:33.115827Z","uid":"C5Y0qR2TdfH3LoYNhf","id.orig_h":"10.47.22.25","id.orig_p":58947,"id.resp_h":"10.47.2.153","id.resp_p":514,"proto":"udp","facility":"LOCAL0","severity":"NOTICE","message":"1 2018-03-24T09:13:23-07:00 Kramer.jerry.land EvntSLog - - - The domain controller attempted to validate the credentials for an account. Authentication Package: MICROSOFT_AUTHENTICATION_PACKAGE_V1_0 Logon Account: Guest Source Workstation: WORKSTATION Error Code: 0x0"}
{"_path":"syslog","_write_ts":"2018-03-24T17:29:33.115828Z","ts":"2018-03-24T17:29:33.115828Z","uid":"C5Y0qR2TdfH3LoYNhf","id.orig_h":"10.47.22.25","id.orig_p":58947,"id.resp_h":"10.47.2.153","id.resp_p":514,"proto":"udp","facility":"LOCAL0","severity":"NOTICE","message":"1 2018-03-24T09:13:23-07:00 Kramer.jerry.land EvntSLog - - - The domain controller attempted to validate the credentials for an account. Authentication Package: MICROSOFT_AUTHENTICATION_PACKAGE_V1_0 Logon Account: Guest Source Workstation: WORKSTATION Error Code: 0x0"}
{"_path":"syslog","_write_ts":"2018-03-24T17:29:33.115830Z","ts":"2018-03-24T17:29:33.115830Z","uid":"C5Y0qR2TdfH3LoYNhf","id.orig_h":"10.47.22.25","id.orig_p":58947,"id.resp_h":"10.47.2.153","id.resp_p":514,"proto":"udp","facility":"LOCAL0","severity":"NOTICE","message":"1 2018-03-24T09:13:23-07:00 Kramer.jerry.land EvntSLog - - - The domain controller attempted to validate the credentials for an account. Authentication Package: MICROSOFT_AUTHENTICATION_PACKAGE_V1_0 Logon Account: Guest Source Workstation: WORKSTATION Error Code: 0x0"}
{"_path":"syslog","_write_ts":"2018-03-24T17:29:33.130522Z","ts":"2018-03-24T17:29:33.130522Z","uid":"C5Y0qR2TdfH3LoYNhf","id.orig_h":"10.47.22.25","id.orig_p":58947,"id.resp_h":"10.47.2.153","id.resp_p":514,"proto":"udp","facility":"LOCAL0","severity":"NOTICE","message":"1 2018-03-24T09:13:23-07:00 Kramer.jerry.land EvntSLog - - - Special privileges assigned to new logon. Subject: Security ID: S-1-5-21-1311969832-1707640848-2310541705-501 Account Name: Guest Account Domain: JERRY Logon ID: 0x3c8dab3 Privileges: SeSecurityPrivilege SeBackupPrivilege SeRestorePrivilege SeTakeOwnershipPrivilege SeDebugPrivilege SeSystemEnvironmentPrivilege SeLoadDriverPrivilege SeImpersonatePrivilege SeEnableDelegationPrivilege"}
{"_path":"syslog","_write_ts":"2018-03-24T17:29:33.130526Z","ts":"2018-03-24T17:29:33.130526Z","uid":"C5Y0qR2TdfH3LoYNhf","id.orig_h":"10.47.22.25","id.orig_p":58947,"id.resp_h":"10.47.2.153","id.resp_p":514,"proto":"udp","facility":"LOCAL0","severity":"NOTICE","message":"1 2018-03-24T09:13:23-07:00 Kramer.jerry.land EvntSLog - - - Special privileges assigned to new logon. Subject: Security ID: S-1-5-21-1311969832-1707640848-2310541705-501 Account Name: Guest Account Domain: JERRY Logon ID: 0x3c8dab3 Privileges: SeSecurityPrivilege SeBackupPrivilege SeRestorePrivilege SeTakeOwnershipPrivilege SeDebugPrivilege SeSystemEnvironmentPrivilege SeLoadDriverPrivilege SeImpersonatePrivilege SeEnableDelegationPrivilege"}
{"_path":"syslog","_write_ts":"2018-03-24T17:29:33.130528Z","ts":"2018-03-24T17:29:33.130528Z","uid":"C5Y0qR2TdfH3LoYNhf","id.orig_h":"10.47.22.25","id.orig_p":58947,"id.resp_h":"10.47.2.153","id.resp_p":514,"proto":"udp","facility":"LOCAL0","severity":"NOTICE","message":"1 2018-03-24T09:13:23-07:00 Kramer.jerry.land EvntSLog - - - Special privileges assigned to new logon. Subject: Security ID: S-1-5-21-1311969832-1707640848-2310541705-501 Account Name: Guest Account Domain: JERRY Logon ID: 0x3c8dab3 Privileges: SeSecurityPrivilege SeBackupPrivilege SeRestorePrivilege SeTakeOwnershipPrivilege SeDebugPrivilege SeSystemEnvironmentPrivilege SeLoadDriverPrivilege SeImpersonatePrivilege SeEnableDelegationPrivilege"}
{"_path":"syslog","_write_ts":"2018-03-24T17:29:33.130530Z","ts":"2018-03-24T17:29:33.130530Z","uid":"C5Y0qR2TdfH3LoYNhf","id.orig_h":"10.47.22.25","id.orig_p":58947,"id.resp_h":"10.47.2.153","id.resp_p":514,"proto":"udp","facility":"LOCAL0","severity":"NOTICE","message":"1 2018-03-24T09:13:23-07:00 Kramer.jerry.land EvntSLog - - - Special privileges assigned to new logon. Subject: Security ID: S-1-5-21-1311969832-1707640848-2310541705-501 Account Name: Guest Account Domain: JERRY Logon ID: 0x3c8dab3 Privileges: SeSecurityPrivilege SeBackupPrivilege SeRestorePrivilege SeTakeOwnershipPrivilege SeDebugPrivilege SeSystemEnvironmentPrivilege SeLoadDriverPrivilege SeImpersonatePrivilege SeEnableDelegationPrivilege"}
{"_path":"syslog","_write_ts":"2018-03-24T17:29:33.146803Z","ts":"2018-03-24T17:29:33.146803Z","uid":"C5Y0qR2TdfH3LoYNhf","id.orig_h":"10.47.22.25","id.orig_p":58947,"id.resp_h":"10.47.2.153","id.resp_p":514,"proto":"udp","facility":"LOCAL0","severity":"NOTICE","message":"1 2018-03-24T09:13:23-07:00 Kramer.jerry.land EvntSLog - - - An account was logged off. Subject: Security ID: S-1-5-21-1311969832-1707640848-2310541705-501 Account Name: Guest Account Domain: JERRY Logon ID: 0x3c8dab3 Logon Type: 3 This event is generated when a logon session is destroyed. It may be positively correlated with a logon event using the Logon ID value. Logon IDs are only unique between reboots on the same computer."}
{"_path":"syslog","_write_ts":"2018-03-24T17:29:33.146807Z","ts":"2018-03-24T17:29:33.146807Z","uid":"C5Y0qR2TdfH3LoYNhf","id.orig_h":"10.47.22.25","id.orig_p":58947,"id.resp_h":"10.47.2.153","id.resp_p":514,"proto":"udp","facility":"LOCAL0","severity":"NOTICE","message":"1 2018-03-24T09:13:23-07:00 Kramer.jerry.land EvntSLog - - - An account was logged off. Subject: Security ID: S-1-5-21-1311969832-1707640848-2310541705-501 Account Name: Guest Account Domain: JERRY Logon ID: 0x3c8dab3 Logon Type: 3 This event is generated when a logon session is destroyed. It may be positively correlated with a logon event using the Logon ID value. Logon IDs are only unique between reboots on the same computer."}
{"_path":"syslog","_write_ts":"2018-03-24T17:29:33.146813Z","ts":"2018-03-24T17:29:33.146813Z","uid":"C5Y0qR2TdfH3LoYNhf","id.orig_h":"10.47.22.25","id.orig_p":58947,"id.resp_h":"10.47.2.153","id.resp_p":514,"proto":"udp","facility":"LOCAL0","severity":"NOTICE","message":"1 2018-03-24T09:13:23-07:00 Kramer.jerry.land EvntSLog - - - An account was logged off. Subject: Security ID: S-1-5-21-1311969832-1707640848-2310541705-501 Account Name: Guest Account Domain: JERRY Logon ID: 0x3c8dab3 Logon Type: 3 This event is generated when a logon session is destroyed. It may be positively correlated with a logon event using the Logon ID value. Logon IDs are only unique between reboots on the same computer."}
{"_path":"syslog","_write_ts":"2018-03-24T17:29:33.146819Z","ts":"2018-03-24T17:29:33.146819Z","uid":"C5Y0qR2TdfH3LoYNhf","id.orig_h":"10.47.22.25","id.orig_p":58947,"id.resp_h":"10.47.2.153","id.resp_p":514,"proto":"udp","facility":"LOCAL0","severity":"NOTICE","message":"1 2018-03-24T09:13:23-07:00 Kramer.jerry.land EvntSLog - - - An account was logged off. Subject: Security ID: S-1-5-21-1311969832-1707640848-2310541705-501 Account Name: Guest Account Domain: JERRY Logon ID: 0x3c8dab3 Logon Type: 3 This event is generated when a logon session is destroyed. It may be positively correlated with a logon event using the Logon ID value. Logon IDs are only unique between reboots on the same computer."}
{"_path":"syslog","_write_ts":"2018-03-24T17:29:34.080656Z","ts":"2018-03-24T17:29:34.080656Z","uid":"C5Y0qR2TdfH3LoYNhf","id.orig_h":"10.47.22.25","id.orig_p":58947,"id.resp_h":"10.47.2.153","id.resp_p":514,"proto":"udp","facility":"LOCAL0","severity":"NOTICE","message":"1 2018-03-24T09:13:24-07:00 Kramer.jerry.land EvntSLog - - - The domain controller attempted to validate the credentials for an account. Authentication Package: MICROSOFT_AUTHENTICATION_PACKAGE_V1_0 Logon Account: Guest Source Workstation: WORKSTATION Error Code: 0x0"}
{"_path":"syslog","_write_ts":"2018-03-24T17:29:34.080660Z","ts":"2018-03-24T17:29:34.080660Z","uid":"C5Y0qR2TdfH3LoYNhf","id.orig_h":"10.47.22.25","id.orig_p":58947,"id.resp_h":"10.47.2.153","id.resp_p":514,"proto":"udp","facility":"LOCAL0","severity":"NOTICE","message":"1 2018-03-24T09:13:24-07:00 Kramer.jerry.land EvntSLog - - - The domain controller attempted to validate the credentials for an account. Authentication Package: MICROSOFT_AUTHENTICATION_PACKAGE_V1_0 Logon Account: Guest Source Workstation: WORKSTATION Error Code: 0x0"}
{"_path":"syslog","_write_ts":"2018-03-24T17:29:34.080663Z","ts":"2018-03-24T17:29:34.080663Z","uid":"C5Y0qR2TdfH3LoYNhf","id.orig_h":"10.47.22.25","id.orig_p":58947,"id.resp_h":"10.47.2.153","id.resp_p":514,"proto":"udp","facility":"LOCAL0","severity":"NOTICE","message":"1 2018-03-24T09:13:24-07:00 Kramer.jerry.land EvntSLog - - - The domain controller attempted to validate the credentials for an account. Authentication Package: MICROSOFT_AUTHENTICATION_PACKAGE_V1_0 Logon Account: Guest Source Workstation: WORKSTATION Error Code: 0x0"}
{"_path":"syslog","_write_ts":"2018-03-24T17:29:34.080664Z","ts":"2018-03-24T17:29:34.080664Z","uid":"C5Y0qR2TdfH3LoYNhf","id.orig_h":"10.47.22.25","id.orig_p":58947,"id.resp_h":"10.47.2.153","id.resp_p":514,"proto":"udp","facility":"LOCAL0","severity":"NOTICE","message":"1 2018-03-24T09:13:24-07:00 Kramer.jerry.land EvntSLog - - - The domain controller attempted to validate the credentials for an account. Authentication Package: MICROSOFT_AUTHENTICATION_PACKAGE_V1_0 Logon Account: Guest Source Workstation: WORKSTATION Error Code: 0x0"}
{"_path":"syslog","_write_ts":"2018-03-24T17:29:34.096451Z","ts":"2018-03-24T17:29:34.096451Z","uid":"C5Y0qR2TdfH3LoYNhf","id.orig_h":"10.47.22.25","id.orig_p":58947,"id.resp_h":"10.47.2.153","id.resp_p":514,"proto":"udp","facility":"LOCAL0","severity":"NOTICE","message":"1 2018-03-24T09:13:24-07:00 Kramer.jerry.land EvntSLog - - - Special privileges assigned to new logon. Subject: Security ID: S-1-5-21-1311969832-1707640848-2310541705-501 Account Name: Guest Account Domain: JERRY Logon ID: 0x3c8dc12 Privileges: SeSecurityPrivilege SeBackupPrivilege SeRestorePrivilege SeTakeOwnershipPrivilege SeDebugPrivilege SeSystemEnvironmentPrivilege SeLoadDriverPrivilege SeImpersonatePrivilege SeEnableDelegationPrivilege"}
{"_path":"syslog","_write_ts":"2018-03-24T17:29:34.096454Z","ts":"2018-03-24T17:29:34.096454Z","uid":"C5Y0qR2TdfH3LoYNhf","id.orig_h":"10.47.22.25","id.orig_p":58947,"id.resp_h":"10.47.2.153","id.resp_p":514,"proto":"udp","facility":"LOCAL0","severity":"NOTICE","message":"1 2018-03-24T09:13:24-07:00 Kramer.jerry.land EvntSLog - - - Special privileges assigned to new logon. Subject: Security ID: S-1-5-21-1311969832-1707640848-2310541705-501 Account Name: Guest Account Domain: JERRY Logon ID: 0x3c8dc12 Privileges: SeSecurityPrivilege SeBackupPrivilege SeRestorePrivilege SeTakeOwnershipPrivilege SeDebugPrivilege SeSystemEnvironmentPrivilege SeLoadDriverPrivilege SeImpersonatePrivilege SeEnableDelegationPrivilege"}
{"_path":"syslog","_write_ts":"2018-03-24T17:29:34.096456Z","ts":"2018-03-24T17:29:34.096456Z","uid":"C5Y0qR2TdfH3LoYNhf","id.orig_h":"10.47.22.25","id.orig_p":58947,"id.resp_h":"10.47.2.153","id.resp_p":514,"proto":"udp","facility":"LOCAL0","severity":"NOTICE","message":"1 2018-03-24T09:13:24-07:00 Kramer.jerry.land EvntSLog - - - Special privileges assigned to new logon. Subject: Security ID: S-1-5-21-1311969832-1707640848-2310541705-501 Account Name: Guest Account Domain: JERRY Logon ID: 0x3c8dc12 Privileges: SeSecurityPrivilege SeBackupPrivilege SeRestorePrivilege SeTakeOwnershipPrivilege SeDebugPrivilege SeSystemEnvironmentPrivilege SeLoadDriverPrivilege SeImpersonatePrivilege SeEnableDelegationPrivilege"}
{"_path":"syslog","_write_ts":"2018-03-24T17:29:34.096458Z","ts":"2018-03-24T17:29:34.096458Z","uid":"C5Y0qR2TdfH3LoYNhf","id.orig_h":"10.47.22.25","id.orig_p":58947,"id.resp_h":"10.47.2.153","id.resp_p":514,"proto":"udp","facility":"LOCAL0","severity":"NOTICE","message":"1 2018-03-24T09:13:24-07:00 Kramer.jerry.land EvntSLog - - - Special privileges assigned to new logon. Subject: Security ID: S-1-5-21-1311969832-1707640848-2310541705-501 Account Name: Guest Account Domain: JERRY Logon ID: 0x3c8dc12 Privileges: SeSecurityPrivilege SeBackupPrivilege SeRestorePrivilege SeTakeOwnershipPrivilege SeDebugPrivilege SeSystemEnvironmentPrivilege SeLoadDriverPrivilege SeImpersonatePrivilege SeEnableDelegationPrivilege"}
{"_path":"syslog","_write_ts":"2018-03-24T17:29:34.112472Z","ts":"2018-03-24T17:29:34.112472Z","uid":"C5Y0qR2TdfH3LoYNhf","id.orig_h":"10.47.22.25","id.orig_p":58947,"id.resp_h":"10.47.2.153","id.resp_p":514,"proto":"udp","facility":"LOCAL0","severity":"NOTICE","message":"1 2018-03-24T09:13:24-07:00 Kramer.jerry.land EvntSLog - - - An account was logged off. Subject: Security ID: S-1-5-21-1311969832-1707640848-2310541705-501 Account Name: Guest Account Domain: JERRY Logon ID: 0x3c8dc12 Logon Type: 3 This event is generated when a logon session is destroyed. It may be positively correlated with a logon event using the Logon ID value. Logon IDs are only unique between reboots on the same computer."}
{"_path":"syslog","_write_ts":"2018-03-24T17:29:34.112475Z","ts":"2018-03-24T17:29:34.112475Z","uid":"C5Y0qR2TdfH3LoYNhf","id.orig_h":"10.47.22.25","id.orig_p":58947,"id.resp_h":"10.47.2.153","id.resp_p":514,"proto":"udp","facility":"LOCAL0","severity":"NOTICE","message":"1 2018-03-24T09:13:24-07:00 Kramer.jerry.land EvntSLog - - - An account was logged off. Subject: Security ID: S-1-5-21-1311969832-1707640848-2310541705-501 Account Name: Guest Account Domain: JERRY Logon ID: 0x3c8dc12 Logon Type: 3 This event is generated when a logon session is destroyed. It may be positively correlated with a logon event using the Logon ID value. Logon IDs are only unique between reboots on the same computer."}
{"_path":"syslog","_write_ts":"2018-03-24T17:29:34.112477Z","ts":"2018-03-24T17:29:34.112477Z","uid":"C5Y0qR2TdfH3LoYNhf","id.orig_h":"10.47.22.25","id.orig_p":58947,"id.resp_h":"10.47.2.153","id.resp_p":514,"proto":"udp","facility":"LOCAL0","severity":"NOTICE","message":"1 2018-03-24T09:13:24-07:00 Kramer.jerry.land EvntSLog - - - An account was logged off. Subject: Security ID: S-1-5-21-1311969832-1707640848-2310541705-501 Account Name: Guest Account Domain: JERRY Logon ID: 0x3c8dc12 Logon Type: 3 This event is generated when a logon session is destroyed. It may be positively correlated with a logon event using the Logon ID value. Logon IDs are only unique between reboots on the same computer."}
{"_path":"syslog","_write_ts":"2018-03-24T17:29:34.112479Z","ts":"2018-03-24T17:29:34.112479Z","uid":"C5Y0qR2TdfH3LoYNhf","id.orig_h":"10.47.22.25","id.orig_p":58947,"id.resp_h":"10.47.2.153","id.resp_p":514,"proto":"udp","facility":"LOCAL0","severity":"NOTICE","message":"1 2018-03-24T09:13:24-07:00 Kramer.jerry.land EvntSLog - - - An account was logged off. Subject: Security ID: S-1-5-21-1311969832-1707640848-2310541705-501 Account Name: Guest Account Domain: JERRY Logon ID: 0x3c8dc12 Logon Type: 3 This event is generated when a logon session is destroyed. It may be positively correlated with a logon event using the Logon ID value. Logon IDs are only unique between reboots on the same computer."}
{"_path":"syslog","_write_ts":"2018-03-24T17:29:34.127708Z","ts":"2018-03-24T17:29:34.127708Z","uid":"C5Y0qR2TdfH3LoYNhf","id.orig_h":"10.47.22.25","id.orig_p":58947,"id.resp_h":"10.47.2.153","id.resp_p":514,"proto":"udp","facility":"LOCAL0","severity":"NOTICE","message":"1 2018-03-24T09:13:24-07:00 Kramer.jerry.land EvntSLog - - - The domain controller attempted to validate the credentials for an account. Authentication Package: MICROSOFT_AUTHENTICATION_PACKAGE_V1_0 Logon Account: Guest Source Workstation: WORKSTATION Error Code: 0x0"}
{"_path":"syslog","_write_ts":"2018-03-24T17:29:34.127712Z","ts":"2018-03-24T17:29:34.127712Z","uid":"C5Y0qR2TdfH3LoYNhf","id.orig_h":"10.47.22.25","id.orig_p":58947,"id.resp_h":"10.47.2.153","id.resp_p":514,"proto":"udp","facility":"LOCAL0","severity":"NOTICE","message":"1 2018-03-24T09:13:24-07:00 Kramer.jerry.land EvntSLog - - - The domain controller attempted to validate the credentials for an account. Authentication Package: MICROSOFT_AUTHENTICATION_PACKAGE_V1_0 Logon Account: Guest Source Workstation: WORKSTATION Error Code: 0x0"}
{"_path":"syslog","_write_ts":"2018-03-24T17:29:34.127726Z","ts":"2018-03-24T17:29:34.127726Z","uid":"C5Y0qR2TdfH3LoYNhf","id.orig_h":"10.47.22.25","id.orig_p":58947,"id.resp_h":"10.47.2.153","id.resp_p":514,"proto":"udp","facility":"LOCAL0","severity":"NOTICE","message":"1 2018-03-24T09:13:24-07:00 Kramer.jerry.land EvntSLog - - - The domain controller attempted to validate the credentials for an account. Authentication Package: MICROSOFT_AUTHENTICATION_PACKAGE_V1_0 Logon Account: Guest Source Workstation: WORKSTATION Error Code: 0x0"}
{"_path":"syslog","_write_ts":"2018-03-24T17:29:34.127730Z","ts":"2018-03-24T17:29:34.127730Z","uid":"C5Y0qR2TdfH3LoYNhf","id.orig_h":"10.47.22.25","id.orig_p":58947,"id.resp_h":"10.47.2.153","id.resp_p":514,"proto":"udp","facility":"LOCAL0","severity":"NOTICE","message":"1 2018-03-24T09:13:24-07:00 Kramer.jerry.land EvntSLog - - - The domain controller attempted to validate the credentials for an account. Authentication Package: MICROSOFT_AUTHENTICATION_PACKAGE_V1_0 Logon Account: Guest Source Workstation: WORKSTATION Error Code: 0x0"}
{"_path":"syslog","_write_ts":"2018-03-24T17:29:34.143104Z","ts":"2018-03-24T17:29:34.143104Z","uid":"C5Y0qR2TdfH3LoYNhf","id.orig_h":"10.47.22.25","id.orig_p":58947,"id.resp_h":"10.47.2.153","id.resp_p":514,"proto":"udp","facility":"LOCAL0","severity":"NOTICE","message":"1 2018-03-24T09:13:24-07:00 Kramer.jerry.land EvntSLog - - - Special privileges assigned to new logon. Subject: Security ID: S-1-5-21-1311969832-1707640848-2310541705-501 Account Name: Guest Account Domain: JERRY Logon ID: 0x3c8dce8 Privileges: SeSecurityPrivilege SeBackupPrivilege SeRestorePrivilege SeTakeOwnershipPrivilege SeDebugPrivilege SeSystemEnvironmentPrivilege SeLoadDriverPrivilege SeImpersonatePrivilege SeEnableDelegationPrivilege"}
{"_path":"syslog","_write_ts":"2018-03-24T17:29:34.143106Z","ts":"2018-03-24T17:29:34.143106Z","uid":"C5Y0qR2TdfH3LoYNhf","id.orig_h":"10.47.22.25","id.orig_p":58947,"id.resp_h":"10.47.2.153","id.resp_p":514,"proto":"udp","facility":"LOCAL0","severity":"NOTICE","message":"1 2018-03-24T09:13:24-07:00 Kramer.jerry.land EvntSLog - - - Special privileges assigned to new logon. Subject: Security ID: S-1-5-21-1311969832-1707640848-2310541705-501 Account Name: Guest Account Domain: JERRY Logon ID: 0x3c8dce8 Privileges: SeSecurityPrivilege SeBackupPrivilege SeRestorePrivilege SeTakeOwnershipPrivilege SeDebugPrivilege SeSystemEnvironmentPrivilege SeLoadDriverPrivilege SeImpersonatePrivilege SeEnableDelegationPrivilege"}
{"_path":"syslog","_write_ts":"2018-03-24T17:29:34.143108Z","ts":"2018-03-24T17:29:34.143108Z","uid":"C5Y0qR2TdfH3LoYNhf","id.orig_h":"10.47.22.25","id.orig_p":58947,"id.resp_h":"10.47.2.153","id.resp_p":514,"proto":"udp","facility":"LOCAL0","severity":"NOTICE","message":"1 2018-03-24T09:13:24-07:00 Kramer.jerry.land EvntSLog - - - Special privileges assigned to new logon. Subject: Security ID: S-1-5-21-1311969832-1707640848-2310541705-501 Account Name: Guest Account Domain: JERRY Logon ID: 0x3c8dce8 Privileges: SeSecurityPrivilege SeBackupPrivilege SeRestorePrivilege SeTakeOwnershipPrivilege SeDebugPrivilege SeSystemEnvironmentPrivilege SeLoadDriverPrivilege SeImpersonatePrivilege SeEnableDelegationPrivilege"}
{"_path":"syslog","_write_ts":"2018-03-24T17:29:34.143110Z","ts":"2018-03-24T17:29:34.143110Z","uid":"C5Y0qR2TdfH3LoYNhf","id.orig_h":"10.47.22.25","id.orig_p":58947,"id.resp_h":"10.47.2.153","id.resp_p":514,"proto":"udp","facility":"LOCAL0","severity":"NOTICE","message":"1 2018-03-24T09:13:24-07:00 Kramer.jerry.land EvntSLog - - - Special privileges assigned to new logon. Subject: Security ID: S-1-5-21-1311969832-1707640848-2310541705-501 Account Name: Guest Account Domain: JERRY Logon ID: 0x3c8dce8 Privileges: SeSecurityPrivilege SeBackupPrivilege SeRestorePrivilege SeTakeOwnershipPrivilege SeDebugPrivilege SeSystemEnvironmentPrivilege SeLoadDriverPrivilege SeImpersonatePrivilege SeEnableDelegationPrivilege"}
{"_path":"syslog","_write_ts":"2018-03-24T17:29:34.158651Z","ts":"2018-03-24T17:29:34.158651Z","uid":"C5Y0qR2TdfH3LoYNhf","id.orig_h":"10.47.22.25","id.orig_p":58947,"id.resp_h":"10.47.2.153","id.resp_p":514,"proto":"udp","facility":"LOCAL0","severity":"NOTICE","message":"1 2018-03-24T09:13:24-07:00 Kramer.jerry.land EvntSLog - - - An account was logged off. Subject: Security ID: S-1-5-21-1311969832-1707640848-2310541705-501 Account Name: Guest Account Domain: JERRY Logon ID: 0x3c8dce8 Logon Type: 3 This event is generated when a logon session is destroyed. It may be positively correlated with a logon event using the Logon ID value. Logon IDs are only unique between reboots on the same computer."}
{"_path":"syslog","_write_ts":"2018-03-24T17:29:34.158655Z","ts":"2018-03-24T17:29:34.158655Z","uid":"C5Y0qR2TdfH3LoYNhf","id.orig_h":"10.47.22.25","id.orig_p":58947,"id.resp_h":"10.47.2.153","id.resp_p":514,"proto":"udp","facility":"LOCAL0","severity":"NOTICE","message":"1 2018-03-24T09:13:24-07:00 Kramer.jerry.land EvntSLog - - - An account was logged off. Subject: Security ID: S-1-5-21-1311969832-1707640848-2310541705-501 Account Name: Guest Account Domain: JERRY Logon ID: 0x3c8dce8 Logon Type: 3 This event is generated when a logon session is destroyed. It may be positively correlated with a logon event using the Logon ID value. Logon IDs are only unique between reboots on the same computer."}
{"_path":"syslog","_write_ts":"2018-03-24T17:29:34.158657Z","ts":"2018-03-24T17:29:34.158657Z","uid":"C5Y0qR2TdfH3LoYNhf","id.orig_h":"10.47.22.25","id.orig_p":58947,"id.resp_h":"10.47.2.153","id.resp_p":514,"proto":"udp","facility":"LOCAL0","severity":"NOTICE","message":"1 2018-03-24T09:13:24-07:00 Kramer.jerry.land EvntSLog - - - An account was logged off. Subject: Security ID: S-1-5-21-1311969832-1707640848-2310541705-501 Account Name: Guest Account Domain: JERRY Logon ID: 0x3c8dce8 Logon Type: 3 This event is generated when a logon session is destroyed. It may be positively correlated with a logon event using the Logon ID value. Logon IDs are only unique between reboots on the same computer."}
{"_path":"syslog","_write_ts":"2018-03-24T17:29:34.158659Z","ts":"2018-03-24T17:29:34.158659Z","uid":"C5Y0qR2TdfH3LoYNhf","id.orig_h":"10.47.22.25","id.orig_p":58947,"id.resp_h":"10.47.2.153","id.resp_p":514,"proto":"udp","facility":"LOCAL0","severity":"NOTICE","message":"1 2018-03-24T09:13:24-07:00 Kramer.jerry.land EvntSLog - - - An account was logged off. Subject: Security ID: S-1-5-21-1311969832-1707640848-2310541705-501 Account Name: Guest Account Domain: JERRY Logon ID: 0x3c8dce8 Logon Type: 3 This event is generated when a logon session is destroyed. It may be positively correlated with a logon event using the Logon ID value. Logon IDs are only unique between reboots on the same computer."}
{"_path":"syslog","_write_ts":"2018-03-24T17:29:35.096361Z","ts":"2018-03-24T17:29:35.096361Z","uid":"C5Y0qR2TdfH3LoYNhf","id.orig_h":"10.47.22.25","id.orig_p":58947,"id.resp_h":"10.47.2.153","id.resp_p":514,"proto":"udp","facility":"LOCAL0","severity":"INFO","message":"1 2018-03-24T09:13:25-07:00 Kramer.jerry.land EvntSLog - - - Starting periodic policy processing for user JERRY\\administrator. Activity id: {493E9CB6-BF7A-4F45-A23F-0263F567FA9D}"}
{"_path":"syslog","_write_ts":"2018-03-24T17:29:35.096363Z","ts":"2018-03-24T17:29:35.096363Z","uid":"C5Y0qR2TdfH3LoYNhf","id.orig_h":"10.47.22.25","id.orig_p":58947,"id.resp_h":"10.47.2.153","id.resp_p":514,"proto":"udp","facility":"LOCAL0","severity":"INFO","message":"1 2018-03-24T09:13:25-07:00 Kramer.jerry.land EvntSLog - - - Starting periodic policy processing for user JERRY\\administrator. Activity id: {493E9CB6-BF7A-4F45-A23F-0263F567FA9D}"}
{"_path":"syslog","_write_ts":"2018-03-24T17:29:35.096365Z","ts":"2018-03-24T17:29:35.096365Z","uid":"C5Y0qR2TdfH3LoYNhf","id.orig_h":"10.47.22.25","id.orig_p":58947,"id.resp_h":"10.47.2.153","id.resp_p":514,"proto":"udp","facility":"LOCAL0","severity":"INFO","message":"1 2018-03-24T09:13:25-07:00 Kramer.jerry.land EvntSLog - - - Starting periodic policy processing for user JERRY\\administrator. Activity id: {493E9CB6-BF7A-4F45-A23F-0263F567FA9D}"}
{"_path":"syslog","_write_ts":"2018-03-24T17:29:35.096367Z","ts":"2018-03-24T17:29:35.096367Z","uid":"C5Y0qR2TdfH3LoYNhf","id.orig_h":"10.47.22.25","id.orig_p":58947,"id.resp_h":"10.47.2.153","id.resp_p":514,"proto":"udp","facility":"LOCAL0","severity":"INFO","message":"1 2018-03-24T09:13:25-07:00 Kramer.jerry.land EvntSLog - - - Starting periodic policy processing for user JERRY\\administrator. Activity id: {493E9CB6-BF7A-4F45-A23F-0263F567FA9D}"}
{"_path":"syslog","_write_ts":"2018-03-24T17:29:35.096505Z","ts":"2018-03-24T17:29:35.096505Z","uid":"C5Y0qR2TdfH3LoYNhf","id.orig_h":"10.47.22.25","id.orig_p":58947,"id.resp_h":"10.47.2.153","id.resp_p":514,"proto":"udp","facility":"LOCAL0","severity":"NOTICE","message":"1 2018-03-24T09:13:25-07:00 Kramer.jerry.land EvntSLog - - - The domain controller attempted to validate the credentials for an account. Authentication Package: MICROSOFT_AUTHENTICATION_PACKAGE_V1_0 Logon Account: Guest Source Workstation: WORKSTATION Error Code: 0x0"}
{"_path":"syslog","_write_ts":"2018-03-24T17:29:35.096507Z","ts":"2018-03-24T17:29:35.096507Z","uid":"C5Y0qR2TdfH3LoYNhf","id.orig_h":"10.47.22.25","id.orig_p":58947,"id.resp_h":"10.47.2.153","id.resp_p":514,"proto":"udp","facility":"LOCAL0","severity":"NOTICE","message":"1 2018-03-24T09:13:25-07:00 Kramer.jerry.land EvntSLog - - - The domain controller attempted to validate the credentials for an account. Authentication Package: MICROSOFT_AUTHENTICATION_PACKAGE_V1_0 Logon Account: Guest Source Workstation: WORKSTATION Error Code: 0x0"}
{"_path":"syslog","_write_ts":"2018-03-24T17:29:35.096509Z","ts":"2018-03-24T17:29:35.096509Z","uid":"C5Y0qR2TdfH3LoYNhf","id.orig_h":"10.47.22.25","id.orig_p":58947,"id.resp_h":"10.47.2.153","id.resp_p":514,"proto":"udp","facility":"LOCAL0","severity":"NOTICE","message":"1 2018-03-24T09:13:25-07:00 Kramer.jerry.land EvntSLog - - - The domain controller attempted to validate the credentials for an account. Authentication Package: MICROSOFT_AUTHENTICATION_PACKAGE_V1_0 Logon Account: Guest Source Workstation: WORKSTATION Error Code: 0x0"}
{"_path":"syslog","_write_ts":"2018-03-24T17:29:35.096511Z","ts":"2018-03-24T17:29:35.096511Z","uid":"C5Y0qR2TdfH3LoYNhf","id.orig_h":"10.47.22.25","id.orig_p":58947,"id.resp_h":"10.47.2.153","id.resp_p":514,"proto":"udp","facility":"LOCAL0","severity":"NOTICE","message":"1 2018-03-24T09:13:25-07:00 Kramer.jerry.land EvntSLog - - - The domain controller attempted to validate the credentials for an account. Authentication Package: MICROSOFT_AUTHENTICATION_PACKAGE_V1_0 Logon Account: Guest Source Workstation: WORKSTATION Error Code: 0x0"}
{"_path":"syslog","_write_ts":"2018-03-24T17:29:35.111451Z","ts":"2018-03-24T17:29:35.111451Z","uid":"C5Y0qR2TdfH3LoYNhf","id.orig_h":"10.47.22.25","id.orig_p":58947,"id.resp_h":"10.47.2.153","id.resp_p":514,"proto":"udp","facility":"LOCAL0","severity":"INFO","message":"1 2018-03-24T09:13:25-07:00 Kramer.jerry.land EvntSLog - - - Attempting to retrieve the account information."}
{"_path":"syslog","_write_ts":"2018-03-24T17:29:35.111454Z","ts":"2018-03-24T17:29:35.111454Z","uid":"C5Y0qR2TdfH3LoYNhf","id.orig_h":"10.47.22.25","id.orig_p":58947,"id.resp_h":"10.47.2.153","id.resp_p":514,"proto":"udp","facility":"LOCAL0","severity":"INFO","message":"1 2018-03-24T09:13:25-07:00 Kramer.jerry.land EvntSLog - - - Attempting to retrieve the account information."}
{"_path":"syslog","_write_ts":"2018-03-24T17:29:35.111456Z","ts":"2018-03-24T17:29:35.111456Z","uid":"C5Y0qR2TdfH3LoYNhf","id.orig_h":"10.47.22.25","id.orig_p":58947,"id.resp_h":"10.47.2.153","id.resp_p":514,"proto":"udp","facility":"LOCAL0","severity":"INFO","message":"1 2018-03-24T09:13:25-07:00 Kramer.jerry.land EvntSLog - - - Attempting to retrieve the account information."}
{"_path":"syslog","_write_ts":"2018-03-24T17:29:35.111458Z","ts":"2018-03-24T17:29:35.111458Z","uid":"C5Y0qR2TdfH3LoYNhf","id.orig_h":"10.47.22.25","id.orig_p":58947,"id.resp_h":"10.47.2.153","id.resp_p":514,"proto":"udp","facility":"LOCAL0","severity":"INFO","message":"1 2018-03-24T09:13:25-07:00 Kramer.jerry.land EvntSLog - - - Attempting to retrieve the account information."}
{"_path":"syslog","_write_ts":"2018-03-24T17:29:35.111799Z","ts":"2018-03-24T17:29:35.111799Z","uid":"C5Y0qR2TdfH3LoYNhf","id.orig_h":"10.47.22.25","id.orig_p":58947,"id.resp_h":"10.47.2.153","id.resp_p":514,"proto":"udp","facility":"LOCAL0","severity":"NOTICE","message":"1 2018-03-24T09:13:25-07:00 Kramer.jerry.land EvntSLog - - - Special privileges assigned to new logon. Subject: Security ID: S-1-5-21-1311969832-1707640848-2310541705-501 Account Name: Guest Account Domain: JERRY Logon ID: 0x3c8df17 Privileges: SeSecurityPrivilege SeBackupPrivilege SeRestorePrivilege SeTakeOwnershipPrivilege SeDebugPrivilege SeSystemEnvironmentPrivilege SeLoadDriverPrivilege SeImpersonatePrivilege SeEnableDelegationPrivilege"}
{"_path":"syslog","_write_ts":"2018-03-24T17:29:35.111803Z","ts":"2018-03-24T17:29:35.111803Z","uid":"C5Y0qR2TdfH3LoYNhf","id.orig_h":"10.47.22.25","id.orig_p":58947,"id.resp_h":"10.47.2.153","id.resp_p":514,"proto":"udp","facility":"LOCAL0","severity":"NOTICE","message":"1 2018-03-24T09:13:25-07:00 Kramer.jerry.land EvntSLog - - - Special privileges assigned to new logon. Subject: Security ID: S-1-5-21-1311969832-1707640848-2310541705-501 Account Name: Guest Account Domain: JERRY Logon ID: 0x3c8df17 Privileges: SeSecurityPrivilege SeBackupPrivilege SeRestorePrivilege SeTakeOwnershipPrivilege SeDebugPrivilege SeSystemEnvironmentPrivilege SeLoadDriverPrivilege SeImpersonatePrivilege SeEnableDelegationPrivilege"}
{"_path":"syslog","_write_ts":"2018-03-24T17:29:35.111805Z","ts":"2018-03-24T17:29:35.111805Z","uid":"C5Y0qR2TdfH3LoYNhf","id.orig_h":"10.47.22.25","id.orig_p":58947,"id.resp_h":"10.47.2.153","id.resp_p":514,"proto":"udp","facility":"LOCAL0","severity":"NOTICE","message":"1 2018-03-24T09:13:25-07:00 Kramer.jerry.land EvntSLog - - - Special privileges assigned to new logon. Subject: Security ID: S-1-5-21-1311969832-1707640848-2310541705-501 Account Name: Guest Account Domain: JERRY Logon ID: 0x3c8df17 Privileges: SeSecurityPrivilege SeBackupPrivilege SeRestorePrivilege SeTakeOwnershipPrivilege SeDebugPrivilege SeSystemEnvironmentPrivilege SeLoadDriverPrivilege SeImpersonatePrivilege SeEnableDelegationPrivilege"}
{"_path":"syslog","_write_ts":"2018-03-24T17:29:35.111807Z","ts":"2018-03-24T17:29:35.111807Z","uid":"C5Y0qR2TdfH3LoYNhf","id.orig_h":"10.47.22.25","id.orig_p":58947,"id.resp_h":"10.47.2.153","id.resp_p":514,"proto":"udp","facility":"LOCAL0","severity":"NOTICE","message":"1 2018-03-24T09:13:25-07:00 Kramer.jerry.land EvntSLog - - - Special privileges assigned to new logon. Subject: Security ID: S-1-5-21-1311969832-1707640848-2310541705-501 Account Name: Guest Account Domain: JERRY Logon ID: 0x3c8df17 Privileges: SeSecurityPrivilege SeBackupPrivilege SeRestorePrivilege SeTakeOwnershipPrivilege SeDebugPrivilege SeSystemEnvironmentPrivilege SeLoadDriverPrivilege SeImpersonatePrivilege SeEnableDelegationPrivilege"}
