{"_path":"syslog","_write_ts":"2018-03-24T17:35:01.617563Z","ts":"2018-03-24T17:35:01.617563Z","uid":"CWmtaV32vAQJbd72hc","id.orig_h":"10.47.22.80","id.orig_p":51899,"id.resp_h":"10.47.2.153","id.resp_p":514,"proto":"udp","facility":"LOCAL0","severity":"INFO","message":"1 2018-03-24T09:18:51-07:00 PC-newman.jerry.land EvntSLog - - - Finished checking for non-system extensions."}
{"_path":"syslog","_write_ts":"2018-03-24T17:35:01.617566Z","ts":"2018-03-24T17:35:01.617566Z","uid":"CWmtaV32vAQJbd72hc","id.orig_h":"10.47.22.80","id.orig_p":51899,"id.resp_h":"10.47.2.153","id.resp_p":514,"proto":"udp","facility":"LOCAL0","severity":"INFO","message":"1 2018-03-24T09:18:51-07:00 PC-newman.jerry.land EvntSLog - - - Finished checking for non-system extensions."}
{"_path":"syslog","_write_ts":"2018-03-24T17:35:01.617568Z","ts":"2018-03-24T17:35:01.617568Z","uid":"CWmtaV32vAQJbd72hc","id.orig_h":"10.47.22.80","id.orig_p":51899,"id.resp_h":"10.47.2.153","id.resp_p":514,"proto":"udp","facility":"LOCAL0","severity":"INFO","message":"1 2018-03-24T09:18:51-07:00 PC-newman.jerry.land EvntSLog - - - Finished checking for non-system extensions."}
{"_path":"syslog","_write_ts":"2018-03-24T17:35:01.617570Z","ts":"2018-03-24T17:35:01.617570Z","uid":"CWmtaV32vAQJbd72hc","id.orig_h":"10.47.22.80","id.orig_p":51899,"id.resp_h":"10.47.2.153","id.resp_p":514,"proto":"udp","facility":"LOCAL0","severity":"INFO","message":"1 2018-03-24T09:18:51-07:00 PC-newman.jerry.land EvntSLog - - - Finished checking for non-system extensions."}
{"_path":"syslog","_write_ts":"2018-03-24T17:35:01.632939Z","ts":"2018-03-24T17:35:01.632939Z","uid":"CWmtaV32vAQJbd72hc","id.orig_h":"10.47.22.80","id.orig_p":51899,"id.resp_h":"10.47.2.153","id.resp_p":514,"proto":"udp","facility":"LOCAL0","severity":"INFO","message":"1 2018-03-24T09:18:51-07:00 PC-newman.jerry.land EvntSLog - - - Completed periodic policy processing for user JERRY\\administrator in 1 seconds."}
{"_path":"syslog","_write_ts":"2018-03-24T17:35:01.632943Z","ts":"2018-03-24T17:35:01.632943Z","uid":"CWmtaV32vAQJbd72hc","id.orig_h":"10.47.22.80","id.orig_p":51899,"id.resp_h":"10.47.2.153","id.resp_p":514,"proto":"udp","facility":"LOCAL0","severity":"INFO","message":"1 2018-03-24T09:18:51-07:00 PC-newman.jerry.land EvntSLog - - - Completed periodic policy processing for user JERRY\\administrator in 1 seconds."}
{"_path":"syslog","_write_ts":"2018-03-24T17:35:01.632945Z","ts":"2018-03-24T17:35:01.632945Z","uid":"CWmtaV32vAQJbd72hc","id.orig_h":"10.47.22.80","id.orig_p":51899,"id.resp_h":"10.47.2.153","id.resp_p":514,"proto":"udp","facility":"LOCAL0","severity":"INFO","message":"1 2018-03-24T09:18:51-07:00 PC-newman.jerry.land EvntSLog - - - Completed periodic policy processing for user JERRY\\administrator in 1 seconds."}
{"_path":"syslog","_write_ts":"2018-03-24T17:35:01.632947Z","ts":"2018-03-24T17:35:01.632947Z","uid":"CWmtaV32vAQJbd72hc","id.orig_h":"10.47.22.80","id.orig_p":51899,"id.resp_h":"10.47.2.153","id.resp_p":514,"proto":"udp","facility":"LOCAL0","severity":"INFO","message":"1 2018-03-24T09:18:51-07:00 PC-newman.jerry.land EvntSLog - - - Completed periodic policy processing for user JERRY\\administrator in 1 seconds."}
{"_path":"syslog","_write_ts":"2018-03-24T17:35:01.648666Z","ts":"2018-03-24T17:35:01.648666Z","uid":"CWmtaV32vAQJbd72hc","id.orig_h":"10.47.22.80","id.orig_p":51899,"id.resp_h":"10.47.2.153","id.resp_p":514,"proto":"udp","facility":"LOCAL0","severity":"INFO","message":"1 2018-03-24T09:18:51-07:00 PC-newman.jerry.land EvntSLog - - - Next policy processing for JERRY\\administrator will be attempted in 118 minutes."}
{"_path":"syslog","_write_ts":"2018-03-24T17:35:01.648669Z","ts":"2018-03-24T17:35:01.648669Z","uid":"CWmtaV32vAQJbd72hc","id.orig_h":"10.47.22.80","id.orig_p":51899,"id.resp_h":"10.47.2.153","id.resp_p":514,"proto":"udp","facility":"LOCAL0","severity":"INFO","message":"1 2018-03-24T09:18:51-07:00 PC-newman.jerry.land EvntSLog - - - Next policy processing for JERRY\\administrator will be attempted in 118 minutes."}
{"_path":"syslog","_write_ts":"2018-03-24T17:35:01.648673Z","ts":"2018-03-24T17:35:01.648673Z","uid":"CWmtaV32vAQJbd72hc","id.orig_h":"10.47.22.80","id.orig_p":51899,"id.resp_h":"10.47.2.153","id.resp_p":514,"proto":"udp","facility":"LOCAL0","severity":"INFO","message":"1 2018-03-24T09:18:51-07:00 PC-newman.jerry.land EvntSLog - - - Next policy processing for JERRY\\administrator will be attempted in 118 minutes."}
{"_path":"syslog","_write_ts":"2018-03-24T17:35:01.648677Z","ts":"2018-03-24T17:35:01.648677Z","uid":"CWmtaV32vAQJbd72hc","id.orig_h":"10.47.22.80","id.orig_p":51899,"id.resp_h":"10.47.2.153","id.resp_p":514,"proto":"udp","facility":"LOCAL0","severity":"INFO","message":"1 2018-03-24T09:18:51-07:00 PC-newman.jerry.land EvntSLog - - - Next policy processing for JERRY\\administrator will be attempted in 118 minutes."}
{"_path":"syslog","_write_ts":"2018-03-24T17:35:33.052229Z","ts":"2018-03-24T17:35:33.052229Z","uid":"Cpkcqe2FnRIeEE5lg5","id.orig_h":"10.47.22.25","id.orig_p":58947,"id.resp_h":"10.47.2.153","id.resp_p":514,"proto":"udp","facility":"LOCAL0","severity":"INFO","message":"1 2018-03-24T09:19:23-07:00 Kramer.jerry.land EvntSLog - - - Task Scheduler launched \"{5C81A53E-DF97-4E55-A848-4E98BD672107}\" instance of task \"\\Microsoft\\Windows\\CertificateServicesClient\\UserTask-Roam\" due to user \"Administrator\" locking the computer trigger."}
{"_path":"syslog","_write_ts":"2018-03-24T17:35:33.052233Z","ts":"2018-03-24T17:35:33.052233Z","uid":"Cpkcqe2FnRIeEE5lg5","id.orig_h":"10.47.22.25","id.orig_p":58947,"id.resp_h":"10.47.2.153","id.resp_p":514,"proto":"udp","facility":"LOCAL0","severity":"INFO","message":"1 2018-03-24T09:19:23-07:00 Kramer.jerry.land EvntSLog - - - Task Scheduler launched \"{5C81A53E-DF97-4E55-A848-4E98BD672107}\" instance of task \"\\Microsoft\\Windows\\CertificateServicesClient\\UserTask-Roam\" due to user \"Administrator\" locking the computer trigger."}
{"_path":"syslog","_write_ts":"2018-03-24T17:35:33.052410Z","ts":"2018-03-24T17:35:33.052410Z","uid":"Cpkcqe2FnRIeEE5lg5","id.orig_h":"10.47.22.25","id.orig_p":58947,"id.resp_h":"10.47.2.153","id.resp_p":514,"proto":"udp","facility":"LOCAL0","severity":"INFO","message":"1 2018-03-24T09:19:23-07:00 Kramer.jerry.land EvntSLog - - - Task Scheduler launched \"{5C81A53E-DF97-4E55-A848-4E98BD672107}\" instance of task \"\\Microsoft\\Windows\\CertificateServicesClient\\UserTask-Roam\" due to user \"Administrator\" locking the computer trigger."}
{"_path":"syslog","_write_ts":"2018-03-24T17:35:33.052414Z","ts":"2018-03-24T17:35:33.052414Z","uid":"Cpkcqe2FnRIeEE5lg5","id.orig_h":"10.47.22.25","id.orig_p":58947,"id.resp_h":"10.47.2.153","id.resp_p":514,"proto":"udp","facility":"LOCAL0","severity":"INFO","message":"1 2018-03-24T09:19:23-07:00 Kramer.jerry.land EvntSLog - - - Task Scheduler launched \"{5C81A53E-DF97-4E55-A848-4E98BD672107}\" instance of task \"\\Microsoft\\Windows\\CertificateServicesClient\\UserTask-Roam\" due to user \"Administrator\" locking the computer trigger."}
{"_path":"syslog","_write_ts":"2018-03-24T17:35:33.069187Z","ts":"2018-03-24T17:35:33.069187Z","uid":"Cpkcqe2FnRIeEE5lg5","id.orig_h":"10.47.22.25","id.orig_p":58947,"id.resp_h":"10.47.2.153","id.resp_p":514,"proto":"udp","facility":"LOCAL0","severity":"INFO","message":"1 2018-03-24T09:19:23-07:00 Kramer.jerry.land EvntSLog - - - Task Engine \"S-1-5-21-1311969832-1707640848-2310541705-500:JERRY\\Administrator:Interactive:[1]\" received a message from Task Scheduler service requesting to launch task \"\\Microsoft\\Windows\\CertificateServicesClient\\UserTask-Roam\" ."}
{"_path":"syslog","_write_ts":"2018-03-24T17:35:33.069189Z","ts":"2018-03-24T17:35:33.069189Z","uid":"Cpkcqe2FnRIeEE5lg5","id.orig_h":"10.47.22.25","id.orig_p":58947,"id.resp_h":"10.47.2.153","id.resp_p":514,"proto":"udp","facility":"LOCAL0","severity":"INFO","message":"1 2018-03-24T09:19:23-07:00 Kramer.jerry.land EvntSLog - - - Task Engine \"S-1-5-21-1311969832-1707640848-2310541705-500:JERRY\\Administrator:Interactive:[1]\" received a message from Task Scheduler service requesting to launch task \"\\Microsoft\\Windows\\CertificateServicesClient\\UserTask-Roam\" ."}
{"_path":"syslog","_write_ts":"2018-03-24T17:35:33.069191Z","ts":"2018-03-24T17:35:33.069191Z","uid":"Cpkcqe2FnRIeEE5lg5","id.orig_h":"10.47.22.25","id.orig_p":58947,"id.resp_h":"10.47.2.153","id.resp_p":514,"proto":"udp","facility":"LOCAL0","severity":"INFO","message":"1 2018-03-24T09:19:23-07:00 Kramer.jerry.land EvntSLog - - - Task Engine \"S-1-5-21-1311969832-1707640848-2310541705-500:JERRY\\Administrator:Interactive:[1]\" received a message from Task Scheduler service requesting to launch task \"\\Microsoft\\Windows\\CertificateServicesClient\\UserTask-Roam\" ."}
{"_path":"syslog","_write_ts":"2018-03-24T17:35:33.069193Z","ts":"2018-03-24T17:35:33.069193Z","uid":"Cpkcqe2FnRIeEE5lg5","id.orig_h":"10.47.22.25","id.orig_p":58947,"id.resp_h":"10.47.2.153","id.resp_p":514,"proto":"udp","facility":"LOCAL0","severity":"INFO","message":"1 2018-03-24T09:19:23-07:00 Kramer.jerry.land EvntSLog - - - Task Engine \"S-1-5-21-1311969832-1707640848-2310541705-500:JERRY\\Administrator:Interactive:[1]\" received a message from Task Scheduler service requesting to launch task \"\\Microsoft\\Windows\\CertificateServicesClient\\UserTask-Roam\" ."}
{"_path":"syslog","_write_ts":"2018-03-24T17:35:33.081812Z","ts":"2018-03-24T17:35:33.081812Z","uid":"Cpkcqe2FnRIeEE5lg5","id.orig_h":"10.47.22.25","id.orig_p":58947,"id.resp_h":"10.47.2.153","id.resp_p":514,"proto":"udp","facility":"LOCAL0","severity":"INFO","message":"1 2018-03-24T09:19:23-07:00 Kramer.jerry.land EvntSLog - - - Task Scheduler started \"{5C81A53E-DF97-4E55-A848-4E98BD672107}\" instance of the \"\\Microsoft\\Windows\\CertificateServicesClient\\UserTask-Roam\" task for user \"JERRY\\administrator\"."}
{"_path":"syslog","_write_ts":"2018-03-24T17:35:33.081816Z","ts":"2018-03-24T17:35:33.081816Z","uid":"Cpkcqe2FnRIeEE5lg5","id.orig_h":"10.47.22.25","id.orig_p":58947,"id.resp_h":"10.47.2.153","id.resp_p":514,"proto":"udp","facility":"LOCAL0","severity":"INFO","message":"1 2018-03-24T09:19:23-07:00 Kramer.jerry.land EvntSLog - - - Task Scheduler started \"{5C81A53E-DF97-4E55-A848-4E98BD672107}\" instance of the \"\\Microsoft\\Windows\\CertificateServicesClient\\UserTask-Roam\" task for user \"JERRY\\administrator\"."}
{"_path":"syslog","_write_ts":"2018-03-24T17:35:33.081818Z","ts":"2018-03-24T17:35:33.081818Z","uid":"Cpkcqe2FnRIeEE5lg5","id.orig_h":"10.47.22.25","id.orig_p":58947,"id.resp_h":"10.47.2.153","id.resp_p":514,"proto":"udp","facility":"LOCAL0","severity":"INFO","message":"1 2018-03-24T09:19:23-07:00 Kramer.jerry.land EvntSLog - - - Task Scheduler started \"{5C81A53E-DF97-4E55-A848-4E98BD672107}\" instance of the \"\\Microsoft\\Windows\\CertificateServicesClient\\UserTask-Roam\" task for user \"JERRY\\administrator\"."}
{"_path":"syslog","_write_ts":"2018-03-24T17:35:33.081820Z","ts":"2018-03-24T17:35:33.081820Z","uid":"Cpkcqe2FnRIeEE5lg5","id.orig_h":"10.47.22.25","id.orig_p":58947,"id.resp_h":"10.47.2.153","id.resp_p":514,"proto":"udp","facility":"LOCAL0","severity":"INFO","message":"1 2018-03-24T09:19:23-07:00 Kramer.jerry.land EvntSLog - - - Task Scheduler started \"{5C81A53E-DF97-4E55-A848-4E98BD672107}\" instance of the \"\\Microsoft\\Windows\\CertificateServicesClient\\UserTask-Roam\" task for user \"JERRY\\administrator\"."}
{"_path":"syslog","_write_ts":"2018-03-24T17:35:33.097369Z","ts":"2018-03-24T17:35:33.097369Z","uid":"Cpkcqe2FnRIeEE5lg5","id.orig_h":"10.47.22.25","id.orig_p":58947,"id.resp_h":"10.47.2.153","id.resp_p":514,"proto":"udp","facility":"LOCAL0","severity":"INFO","message":"1 2018-03-24T09:19:23-07:00 Kramer.jerry.land EvntSLog - - - Task Scheduler launched action \"Certificate Services Client Task Handler\" in instance \"{5C81A53E-DF97-4E55-A848-4E98BD672107}\" of task \"\\Microsoft\\Windows\\CertificateServicesClient\\UserTask-Roam\"."}
{"_path":"syslog","_write_ts":"2018-03-24T17:35:33.097370Z","ts":"2018-03-24T17:35:33.097370Z","uid":"Cpkcqe2FnRIeEE5lg5","id.orig_h":"10.47.22.25","id.orig_p":58947,"id.resp_h":"10.47.2.153","id.resp_p":514,"proto":"udp","facility":"LOCAL0","severity":"INFO","message":"1 2018-03-24T09:19:23-07:00 Kramer.jerry.land EvntSLog - - - Task Scheduler launched action \"Certificate Services Client Task Handler\" in instance \"{5C81A53E-DF97-4E55-A848-4E98BD672107}\" of task \"\\Microsoft\\Windows\\CertificateServicesClient\\UserTask-Roam\"."}
{"_path":"syslog","_write_ts":"2018-03-24T17:35:33.097372Z","ts":"2018-03-24T17:35:33.097372Z","uid":"Cpkcqe2FnRIeEE5lg5","id.orig_h":"10.47.22.25","id.orig_p":58947,"id.resp_h":"10.47.2.153","id.resp_p":514,"proto":"udp","facility":"LOCAL0","severity":"INFO","message":"1 2018-03-24T09:19:23-07:00 Kramer.jerry.land EvntSLog - - - Task Scheduler launched action \"Certificate Services Client Task Handler\" in instance \"{5C81A53E-DF97-4E55-A848-4E98BD672107}\" of task \"\\Microsoft\\Windows\\CertificateServicesClient\\UserTask-Roam\"."}
{"_path":"syslog","_write_ts":"2018-03-24T17:35:33.097374Z","ts":"2018-03-24T17:35:33.097374Z","uid":"Cpkcqe2FnRIeEE5lg5","id.orig_h":"10.47.22.25","id.orig_p":58947,"id.resp_h":"10.47.2.153","id.resp_p":514,"proto":"udp","facility":"LOCAL0","severity":"INFO","message":"1 2018-03-24T09:19:23-07:00 Kramer.jerry.land EvntSLog - - - Task Scheduler launched action \"Certificate Services Client Task Handler\" in instance \"{5C81A53E-DF97-4E55-A848-4E98BD672107}\" of task \"\\Microsoft\\Windows\\CertificateServicesClient\\UserTask-Roam\"."}
{"_path":"syslog","_write_ts":"2018-03-24T17:35:33.113115Z","ts":"2018-03-24T17:35:33.113115Z","uid":"Cpkcqe2FnRIeEE5lg5","id.orig_h":"10.47.22.25","id.orig_p":58947,"id.resp_h":"10.47.2.153","id.resp_p":514,"proto":"udp","facility":"LOCAL0","severity":"INFO","message":"1 2018-03-24T09:19:23-07:00 Kramer.jerry.land EvntSLog - - - Task Scheduler successfully completed task \"\\Microsoft\\Windows\\CertificateServicesClient\\UserTask-Roam\" , instance \"{5C81A53E-DF97-4E55-A848-4E98BD672107}\" , action \"Certificate Services Client Task Handler\" with return code 0."}
{"_path":"syslog","_write_ts":"2018-03-24T17:35:33.113118Z","ts":"2018-03-24T17:35:33.113118Z","uid":"Cpkcqe2FnRIeEE5lg5","id.orig_h":"10.47.22.25","id.orig_p":58947,"id.resp_h":"10.47.2.153","id.resp_p":514,"proto":"udp","facility":"LOCAL0","severity":"INFO","message":"1 2018-03-24T09:19:23-07:00 Kramer.jerry.land EvntSLog - - - Task Scheduler successfully completed task \"\\Microsoft\\Windows\\CertificateServicesClient\\UserTask-Roam\" , instance \"{5C81A53E-DF97-4E55-A848-4E98BD672107}\" , action \"Certificate Services Client Task Handler\" with return code 0."}
{"_path":"syslog","_write_ts":"2018-03-24T17:35:33.113120Z","ts":"2018-03-24T17:35:33.113120Z","uid":"Cpkcqe2FnRIeEE5lg5","id.orig_h":"10.47.22.25","id.orig_p":58947,"id.resp_h":"10.47.2.153","id.resp_p":514,"proto":"udp","facility":"LOCAL0","severity":"INFO","message":"1 2018-03-24T09:19:23-07:00 Kramer.jerry.land EvntSLog - - - Task Scheduler successfully completed task \"\\Microsoft\\Windows\\CertificateServicesClient\\UserTask-Roam\" , instance \"{5C81A53E-DF97-4E55-A848-4E98BD672107}\" , action \"Certificate Services Client Task Handler\" with return code 0."}
{"_path":"syslog","_write_ts":"2018-03-24T17:35:33.113122Z","ts":"2018-03-24T17:35:33.113122Z","uid":"Cpkcqe2FnRIeEE5lg5","id.orig_h":"10.47.22.25","id.orig_p":58947,"id.resp_h":"10.47.2.153","id.resp_p":514,"proto":"udp","facility":"LOCAL0","severity":"INFO","message":"1 2018-03-24T09:19:23-07:00 Kramer.jerry.land EvntSLog - - - Task Scheduler successfully completed task \"\\Microsoft\\Windows\\CertificateServicesClient\\UserTask-Roam\" , instance \"{5C81A53E-DF97-4E55-A848-4E98BD672107}\" , action \"Certificate Services Client Task Handler\" with return code 0."}
{"_path":"syslog","_write_ts":"2018-03-24T17:35:33.132508Z","ts":"2018-03-24T17:35:33.132508Z","uid":"Cpkcqe2FnRIeEE5lg5","id.orig_h":"10.47.22.25","id.orig_p":58947,"id.resp_h":"10.47.2.153","id.resp_p":514,"proto":"udp","facility":"LOCAL0","severity":"INFO","message":"1 2018-03-24T09:19:23-07:00 Kramer.jerry.land EvntSLog - - - Task Scheduler successfully finished \"{5C81A53E-DF97-4E55-A848-4E98BD672107}\" instance of the \"\\Microsoft\\Windows\\CertificateServicesClient\\UserTask-Roam\" task for user \"JERRY\\administrator\"."}
{"_path":"syslog","_write_ts":"2018-03-24T17:35:33.132512Z","ts":"2018-03-24T17:35:33.132512Z","uid":"Cpkcqe2FnRIeEE5lg5","id.orig_h":"10.47.22.25","id.orig_p":58947,"id.resp_h":"10.47.2.153","id.resp_p":514,"proto":"udp","facility":"LOCAL0","severity":"INFO","message":"1 2018-03-24T09:19:23-07:00 Kramer.jerry.land EvntSLog - - - Task Scheduler successfully finished \"{5C81A53E-DF97-4E55-A848-4E98BD672107}\" instance of the \"\\Microsoft\\Windows\\CertificateServicesClient\\UserTask-Roam\" task for user \"JERRY\\administrator\"."}
{"_path":"syslog","_write_ts":"2018-03-24T17:35:33.132516Z","ts":"2018-03-24T17:35:33.132516Z","uid":"Cpkcqe2FnRIeEE5lg5","id.orig_h":"10.47.22.25","id.orig_p":58947,"id.resp_h":"10.47.2.153","id.resp_p":514,"proto":"udp","facility":"LOCAL0","severity":"INFO","message":"1 2018-03-24T09:19:23-07:00 Kramer.jerry.land EvntSLog - - - Task Scheduler successfully finished \"{5C81A53E-DF97-4E55-A848-4E98BD672107}\" instance of the \"\\Microsoft\\Windows\\CertificateServicesClient\\UserTask-Roam\" task for user \"JERRY\\administrator\"."}
{"_path":"syslog","_write_ts":"2018-03-24T17:35:33.132517Z","ts":"2018-03-24T17:35:33.132517Z","uid":"Cpkcqe2FnRIeEE5lg5","id.orig_h":"10.47.22.25","id.orig_p":58947,"id.resp_h":"10.47.2.153","id.resp_p":514,"proto":"udp","facility":"LOCAL0","severity":"INFO","message":"1 2018-03-24T09:19:23-07:00 Kramer.jerry.land EvntSLog - - - Task Scheduler successfully finished \"{5C81A53E-DF97-4E55-A848-4E98BD672107}\" instance of the \"\\Microsoft\\Windows\\CertificateServicesClient\\UserTask-Roam\" task for user \"JERRY\\administrator\"."}
{"_path":"syslog","_write_ts":"2018-03-24T17:35:35.077903Z","ts":"2018-03-24T17:35:35.077903Z","uid":"Cpkcqe2FnRIeEE5lg5","id.orig_h":"10.47.22.25","id.orig_p":58947,"id.resp_h":"10.47.2.153","id.resp_p":514,"proto":"udp","facility":"LOCAL0","severity":"NOTICE","message":"1 2018-03-24T09:19:24-07:00 Kramer.jerry.land EvntSLog - - - A Kerberos service ticket was requested. Account Information: Account Name: PC-HELEN$@JERRY.LAND Account Domain: JERRY.LAND Logon GUID: {93A64ADF-86AC-F61C-1EDA-7925020F48FD} Service Information: Service Name: krbtgt Service ID: S-1-5-21-1311969832-1707640848-2310541705-502 Network Information: Client Address: ::ffff:172.20.0.82 Client Port: 49923 Additional Information: Ticket Options: 0x60810010 Ticket Encryption Type: 0x17 Failure Code: 0x0 Transited Services: - This event is generated every time access is requested to a resource such as a computer or a Windows service. The service name indicates the resource to which access was requested. This event can be correlated with Windows logon events by comparing the Logon GUID fields in each event. The logon event occurs on the machine that was accessed, which is often a different machine than the domain controller which issued the service ticket. Ticket options, encryption types, and failure codes are defined in RFC 4120."}
{"_path":"syslog","_write_ts":"2018-03-24T17:35:35.077905Z","ts":"2018-03-24T17:35:35.077905Z","uid":"Cpkcqe2FnRIeEE5lg5","id.orig_h":"10.47.22.25","id.orig_p":58947,"id.resp_h":"10.47.2.153","id.resp_p":514,"proto":"udp","facility":"LOCAL0","severity":"NOTICE","message":"1 2018-03-24T09:19:24-07:00 Kramer.jerry.land EvntSLog - - - A Kerberos service ticket was requested. Account Information: Account Name: PC-HELEN$@JERRY.LAND Account Domain: JERRY.LAND Logon GUID: {93A64ADF-86AC-F61C-1EDA-7925020F48FD} Service Information: Service Name: krbtgt Service ID: S-1-5-21-1311969832-1707640848-2310541705-502 Network Information: Client Address: ::ffff:172.20.0.82 Client Port: 49923 Additional Information: Ticket Options: 0x60810010 Ticket Encryption Type: 0x17 Failure Code: 0x0 Transited Services: - This event is generated every time access is requested to a resource such as a computer or a Windows service. The service name indicates the resource to which access was requested. This event can be correlated with Windows logon events by comparing the Logon GUID fields in each event. The logon event occurs on the machine that was accessed, which is often a different machine than the domain controller which issued the service ticket. Ticket options, encryption types, and failure codes are defined in RFC 4120."}
{"_path":"syslog","_write_ts":"2018-03-24T17:35:35.077907Z","ts":"2018-03-24T17:35:35.077907Z","uid":"Cpkcqe2FnRIeEE5lg5","id.orig_h":"10.47.22.25","id.orig_p":58947,"id.resp_h":"10.47.2.153","id.resp_p":514,"proto":"udp","facility":"LOCAL0","severity":"NOTICE","message":"1 2018-03-24T09:19:24-07:00 Kramer.jerry.land EvntSLog - - - A Kerberos service ticket was requested. Account Information: Account Name: PC-HELEN$@JERRY.LAND Account Domain: JERRY.LAND Logon GUID: {93A64ADF-86AC-F61C-1EDA-7925020F48FD} Service Information: Service Name: krbtgt Service ID: S-1-5-21-1311969832-1707640848-2310541705-502 Network Information: Client Address: ::ffff:172.20.0.82 Client Port: 49923 Additional Information: Ticket Options: 0x60810010 Ticket Encryption Type: 0x17 Failure Code: 0x0 Transited Services: - This event is generated every time access is requested to a resource such as a computer or a Windows service. The service name indicates the resource to which access was requested. This event can be correlated with Windows logon events by comparing the Logon GUID fields in each event. The logon event occurs on the machine that was accessed, which is often a different machine than the domain controller which issued the service ticket. Ticket options, encryption types, and failure codes are defined in RFC 4120."}
{"_path":"syslog","_write_ts":"2018-03-24T17:35:35.077909Z","ts":"2018-03-24T17:35:35.077909Z","uid":"Cpkcqe2FnRIeEE5lg5","id.orig_h":"10.47.22.25","id.orig_p":58947,"id.resp_h":"10.47.2.153","id.resp_p":514,"proto":"udp","facility":"LOCAL0","severity":"NOTICE","message":"1 2018-03-24T09:19:24-07:00 Kramer.jerry.land EvntSLog - - - A Kerberos service ticket was requested. Account Information: Account Name: PC-HELEN$@JERRY.LAND Account Domain: JERRY.LAND Logon GUID: {93A64ADF-86AC-F61C-1EDA-7925020F48FD} Service Information: Service Name: krbtgt Service ID: S-1-5-21-1311969832-1707640848-2310541705-502 Network Information: Client Address: ::ffff:172.20.0.82 Client Port: 49923 Additional Information: Ticket Options: 0x60810010 Ticket Encryption Type: 0x17 Failure Code: 0x0 Transited Services: - This event is generated every time access is requested to a resource such as a computer or a Windows service. The service name indicates the resource to which access was requested. This event can be correlated with Windows logon events by comparing the Logon GUID fields in each event. The logon event occurs on the machine that was accessed, which is often a different machine than the domain controller which issued the service ticket. Ticket options, encryption types, and failure codes are defined in RFC 4120."}
{"_path":"syslog","_write_ts":"2018-03-24T17:35:35.093578Z","ts":"2018-03-24T17:35:35.093578Z","uid":"Cpkcqe2FnRIeEE5lg5","id.orig_h":"10.47.22.25","id.orig_p":58947,"id.resp_h":"10.47.2.153","id.resp_p":514,"proto":"udp","facility":"LOCAL0","severity":"NOTICE","message":"1 2018-03-24T09:19:24-07:00 Kramer.jerry.land EvntSLog - - - An account was successfully logged on. Subject: Security ID: S-1-0-0 Account Name: - Account Domain: - Logon ID: 0x0 Logon Type: 3 New Logon: Security ID: S-1-5-21-1311969832-1707640848-2310541705-1105 Account Name: PC-HELEN$ Account Domain: JERRY Logon ID: 0x3cbcbae Logon GUID: {D52D5354-D559-C750-C8D2-116840F77103} Process Information: Process ID: 0x0 Process Name: - Network Information: Workstation Name: Source Network Address: 172.20.0.82 Source Port: 49921 Detailed Authentication Information: Logon Process: Kerberos Authentication Package: Kerberos Transited Services: - Package Name (NTLM only): - Key Length: 0 This event is generated when a logon session is created. It is generated on the computer that was accessed. The subject fields indicate the account on the local system which requested the logon. This is most commonly a service such as the Server service, or a local process such as Winlogon.exe or Services.exe. The logon type field indicates the kind of logon that occurred. The most common types are 2 (interactive) and 3 (network). The New Logon fields indicate the account for whom the new logon was created, i.e. the account that was logged on. The network fields indicate where a remote logon request originated. Workstation name is not always available and may be left blank in some cases. The authentication information fields provide detailed information about this specific logon request. - Logon GUID is a unique identifier that can be used to correlate this event with a KDC event. - Transited services indicate which intermediate services have participated in this logon request. - Package name indicates which sub-protocol was used among the NTLM protocols. - Key length indicates the length of the generated session key. This will be 0 if no session key was requested."}
{"_path":"syslog","_write_ts":"2018-03-24T17:35:35.093582Z","ts":"2018-03-24T17:35:35.093582Z","uid":"Cpkcqe2FnRIeEE5lg5","id.orig_h":"10.47.22.25","id.orig_p":58947,"id.resp_h":"10.47.2.153","id.resp_p":514,"proto":"udp","facility":"LOCAL0","severity":"NOTICE","message":"1 2018-03-24T09:19:24-07:00 Kramer.jerry.land EvntSLog - - - An account was successfully logged on. Subject: Security ID: S-1-0-0 Account Name: - Account Domain: - Logon ID: 0x0 Logon Type: 3 New Logon: Security ID: S-1-5-21-1311969832-1707640848-2310541705-1105 Account Name: PC-HELEN$ Account Domain: JERRY Logon ID: 0x3cbcbae Logon GUID: {D52D5354-D559-C750-C8D2-116840F77103} Process Information: Process ID: 0x0 Process Name: - Network Information: Workstation Name: Source Network Address: 172.20.0.82 Source Port: 49921 Detailed Authentication Information: Logon Process: Kerberos Authentication Package: Kerberos Transited Services: - Package Name (NTLM only): - Key Length: 0 This event is generated when a logon session is created. It is generated on the computer that was accessed. The subject fields indicate the account on the local system which requested the logon. This is most commonly a service such as the Server service, or a local process such as Winlogon.exe or Services.exe. The logon type field indicates the kind of logon that occurred. The most common types are 2 (interactive) and 3 (network). The New Logon fields indicate the account for whom the new logon was created, i.e. the account that was logged on. The network fields indicate where a remote logon request originated. Workstation name is not always available and may be left blank in some cases. The authentication information fields provide detailed information about this specific logon request. - Logon GUID is a unique identifier that can be used to correlate this event with a KDC event. - Transited services indicate which intermediate services have participated in this logon request. - Package name indicates which sub-protocol was used among the NTLM protocols. - Key length indicates the length of the generated session key. This will be 0 if no session key was requested."}
{"_path":"syslog","_write_ts":"2018-03-24T17:35:35.093726Z","ts":"2018-03-24T17:35:35.093726Z","uid":"Cpkcqe2FnRIeEE5lg5","id.orig_h":"10.47.22.25","id.orig_p":58947,"id.resp_h":"10.47.2.153","id.resp_p":514,"proto":"udp","facility":"LOCAL0","severity":"NOTICE","message":"1 2018-03-24T09:19:24-07:00 Kramer.jerry.land EvntSLog - - - An account was successfully logged on. Subject: Security ID: S-1-0-0 Account Name: - Account Domain: - Logon ID: 0x0 Logon Type: 3 New Logon: Security ID: S-1-5-21-1311969832-1707640848-2310541705-1105 Account Name: PC-HELEN$ Account Domain: JERRY Logon ID: 0x3cbcbae Logon GUID: {D52D5354-D559-C750-C8D2-116840F77103} Process Information: Process ID: 0x0 Process Name: - Network Information: Workstation Name: Source Network Address: 172.20.0.82 Source Port: 49921 Detailed Authentication Information: Logon Process: Kerberos Authentication Package: Kerberos Transited Services: - Package Name (NTLM only): - Key Length: 0 This event is generated when a logon session is created. It is generated on the computer that was accessed. The subject fields indicate the account on the local system which requested the logon. This is most commonly a service such as the Server service, or a local process such as Winlogon.exe or Services.exe. The logon type field indicates the kind of logon that occurred. The most common types are 2 (interactive) and 3 (network). The New Logon fields indicate the account for whom the new logon was created, i.e. the account that was logged on. The network fields indicate where a remote logon request originated. Workstation name is not always available and may be left blank in some cases. The authentication information fields provide detailed information about this specific logon request. - Logon GUID is a unique identifier that can be used to correlate this event with a KDC event. - Transited services indicate which intermediate services have participated in this logon request. - Package name indicates which sub-protocol was used among the NTLM protocols. - Key length indicates the length of the generated session key. This will be 0 if no session key was requested."}
{"_path":"syslog","_write_ts":"2018-03-24T17:35:35.093730Z","ts":"2018-03-24T17:35:35.093730Z","uid":"Cpkcqe2FnRIeEE5lg5","id.orig_h":"10.47.22.25","id.orig_p":58947,"id.resp_h":"10.47.2.153","id.resp_p":514,"proto":"udp","facility":"LOCAL0","severity":"NOTICE","message":"1 2018-03-24T09:19:24-07:00 Kramer.jerry.land EvntSLog - - - An account was successfully logged on. Subject: Security ID: S-1-0-0 Account Name: - Account Domain: - Logon ID: 0x0 Logon Type: 3 New Logon: Security ID: S-1-5-21-1311969832-1707640848-2310541705-1105 Account Name: PC-HELEN$ Account Domain: JERRY Logon ID: 0x3cbcbae Logon GUID: {D52D5354-D559-C750-C8D2-116840F77103} Process Information: Process ID: 0x0 Process Name: - Network Information: Workstation Name: Source Network Address: 172.20.0.82 Source Port: 49921 Detailed Authentication Information: Logon Process: Kerberos Authentication Package: Kerberos Transited Services: - Package Name (NTLM only): - Key Length: 0 This event is generated when a logon session is created. It is generated on the computer that was accessed. The subject fields indicate the account on the local system which requested the logon. This is most commonly a service such as the Server service, or a local process such as Winlogon.exe or Services.exe. The logon type field indicates the kind of logon that occurred. The most common types are 2 (interactive) and 3 (network). The New Logon fields indicate the account for whom the new logon was created, i.e. the account that was logged on. The network fields indicate where a remote logon request originated. Workstation name is not always available and may be left blank in some cases. The authentication information fields provide detailed information about this specific logon request. - Logon GUID is a unique identifier that can be used to correlate this event with a KDC event. - Transited services indicate which intermediate services have participated in this logon request. - Package name indicates which sub-protocol was used among the NTLM protocols. - Key length indicates the length of the generated session key. This will be 0 if no session key was requested."}
{"_path":"syslog","_write_ts":"2018-03-24T17:35:37.107330Z","ts":"2018-03-24T17:35:37.107330Z","uid":"Cpkcqe2FnRIeEE5lg5","id.orig_h":"10.47.22.25","id.orig_p":58947,"id.resp_h":"10.47.2.153","id.resp_p":514,"proto":"udp","facility":"LOCAL0","severity":"NOTICE","message":"1 2018-03-24T09:19:27-07:00 Kramer.jerry.land EvntSLog - - - An account was logged off. Subject: Security ID: S-1-5-21-1311969832-1707640848-2310541705-500 Account Name: Administrator Account Domain: JERRY Logon ID: 0x3cb62ce Logon Type: 3 This event is generated when a logon session is destroyed. It may be positively correlated with a logon event using the Logon ID value. Logon IDs are only unique between reboots on the same computer."}
{"_path":"syslog","_write_ts":"2018-03-24T17:35:37.107334Z","ts":"2018-03-24T17:35:37.107334Z","uid":"Cpkcqe2FnRIeEE5lg5","id.orig_h":"10.47.22.25","id.orig_p":58947,"id.resp_h":"10.47.2.153","id.resp_p":514,"proto":"udp","facility":"LOCAL0","severity":"NOTICE","message":"1 2018-03-24T09:19:27-07:00 Kramer.jerry.land EvntSLog - - - An account was logged off. Subject: Security ID: S-1-5-21-1311969832-1707640848-2310541705-500 Account Name: Administrator Account Domain: JERRY Logon ID: 0x3cb62ce Logon Type: 3 This event is generated when a logon session is destroyed. It may be positively correlated with a logon event using the Logon ID value. Logon IDs are only unique between reboots on the same computer."}
{"_path":"syslog","_write_ts":"2018-03-24T17:35:37.107336Z","ts":"2018-03-24T17:35:37.107336Z","uid":"Cpkcqe2FnRIeEE5lg5","id.orig_h":"10.47.22.25","id.orig_p":58947,"id.resp_h":"10.47.2.153","id.resp_p":514,"proto":"udp","facility":"LOCAL0","severity":"NOTICE","message":"1 2018-03-24T09:19:27-07:00 Kramer.jerry.land EvntSLog - - - An account was logged off. Subject: Security ID: S-1-5-21-1311969832-1707640848-2310541705-500 Account Name: Administrator Account Domain: JERRY Logon ID: 0x3cb62ce Logon Type: 3 This event is generated when a logon session is destroyed. It may be positively correlated with a logon event using the Logon ID value. Logon IDs are only unique between reboots on the same computer."}
{"_path":"syslog","_write_ts":"2018-03-24T17:35:37.107338Z","ts":"2018-03-24T17:35:37.107338Z","uid":"Cpkcqe2FnRIeEE5lg5","id.orig_h":"10.47.22.25","id.orig_p":58947,"id.resp_h":"10.47.2.153","id.resp_p":514,"proto":"udp","facility":"LOCAL0","severity":"NOTICE","message":"1 2018-03-24T09:19:27-07:00 Kramer.jerry.land EvntSLog - - - An account was logged off. Subject: Security ID: S-1-5-21-1311969832-1707640848-2310541705-500 Account Name: Administrator Account Domain: JERRY Logon ID: 0x3cb62ce Logon Type: 3 This event is generated when a logon session is destroyed. It may be positively correlated with a logon event using the Logon ID value. Logon IDs are only unique between reboots on the same computer."}
{"_path":"syslog","_write_ts":"2018-03-24T17:35:47.274009Z","ts":"2018-03-24T17:35:47.274009Z","uid":"Cpkcqe2FnRIeEE5lg5","id.orig_h":"10.47.22.25","id.orig_p":58947,"id.resp_h":"10.47.2.153","id.resp_p":514,"proto":"udp","facility":"LOCAL0","severity":"NOTICE","message":"1 2018-03-24T09:19:37-07:00 Kramer.jerry.land EvntSLog - - - An account was logged off. Subject: Security ID: S-1-5-21-1311969832-1707640848-2310541705-1105 Account Name: PC-HELEN$ Account Domain: JERRY Logon ID: 0x3cbcbae Logon Type: 3 This event is generated when a logon session is destroyed. It may be positively correlated with a logon event using the Logon ID value. Logon IDs are only unique between reboots on the same computer."}
{"_path":"syslog","_write_ts":"2018-03-24T17:35:47.274014Z","ts":"2018-03-24T17:35:47.274014Z","uid":"Cpkcqe2FnRIeEE5lg5","id.orig_h":"10.47.22.25","id.orig_p":58947,"id.resp_h":"10.47.2.153","id.resp_p":514,"proto":"udp","facility":"LOCAL0","severity":"NOTICE","message":"1 2018-03-24T09:19:37-07:00 Kramer.jerry.land EvntSLog - - - An account was logged off. Subject: Security ID: S-1-5-21-1311969832-1707640848-2310541705-1105 Account Name: PC-HELEN$ Account Domain: JERRY Logon ID: 0x3cbcbae Logon Type: 3 This event is generated when a logon session is destroyed. It may be positively correlated with a logon event using the Logon ID value. Logon IDs are only unique between reboots on the same computer."}
{"_path":"syslog","_write_ts":"2018-03-24T17:35:47.274016Z","ts":"2018-03-24T17:35:47.274016Z","uid":"Cpkcqe2FnRIeEE5lg5","id.orig_h":"10.47.22.25","id.orig_p":58947,"id.resp_h":"10.47.2.153","id.resp_p":514,"proto":"udp","facility":"LOCAL0","severity":"NOTICE","message":"1 2018-03-24T09:19:37-07:00 Kramer.jerry.land EvntSLog - - - An account was logged off. Subject: Security ID: S-1-5-21-1311969832-1707640848-2310541705-1105 Account Name: PC-HELEN$ Account Domain: JERRY Logon ID: 0x3cbcbae Logon Type: 3 This event is generated when a logon session is destroyed. It may be positively correlated with a logon event using the Logon ID value. Logon IDs are only unique between reboots on the same computer."}
{"_path":"syslog","_write_ts":"2018-03-24T17:35:47.274018Z","ts":"2018-03-24T17:35:47.274018Z","uid":"Cpkcqe2FnRIeEE5lg5","id.orig_h":"10.47.22.25","id.orig_p":58947,"id.resp_h":"10.47.2.153","id.resp_p":514,"proto":"udp","facility":"LOCAL0","severity":"NOTICE","message":"1 2018-03-24T09:19:37-07:00 Kramer.jerry.land EvntSLog - - - An account was logged off. Subject: Security ID: S-1-5-21-1311969832-1707640848-2310541705-1105 Account Name: PC-HELEN$ Account Domain: JERRY Logon ID: 0x3cbcbae Logon Type: 3 This event is generated when a logon session is destroyed. It may be positively correlated with a logon event using the Logon ID value. Logon IDs are only unique between reboots on the same computer."}
{"_path":"syslog","_write_ts":"2018-03-24T17:36:07.527262Z","ts":"2018-03-24T17:36:07.527262Z","uid":"Cpkcqe2FnRIeEE5lg5","id.orig_h":"10.47.22.25","id.orig_p":58947,"id.resp_h":"10.47.2.153","id.resp_p":514,"proto":"udp","facility":"LOCAL0","severity":"NOTICE","message":"1 2018-03-24T09:19:57-07:00 Kramer.jerry.land EvntSLog - - - Special privileges assigned to new logon. Subject: Security ID: S-1-5-18 Account Name: KRAMER$ Account Domain: JERRY Logon ID: 0x3cc0e7f Privileges: SeSecurityPrivilege SeBackupPrivilege SeRestorePrivilege SeTakeOwnershipPrivilege SeDebugPrivilege SeSystemEnvironmentPrivilege SeLoadDriverPrivilege SeImpersonatePrivilege SeEnableDelegationPrivilege"}
{"_path":"syslog","_write_ts":"2018-03-24T17:36:07.527309Z","ts":"2018-03-24T17:36:07.527309Z","uid":"Cpkcqe2FnRIeEE5lg5","id.orig_h":"10.47.22.25","id.orig_p":58947,"id.resp_h":"10.47.2.153","id.resp_p":514,"proto":"udp","facility":"LOCAL0","severity":"NOTICE","message":"1 2018-03-24T09:19:57-07:00 Kramer.jerry.land EvntSLog - - - Special privileges assigned to new logon. Subject: Security ID: S-1-5-18 Account Name: KRAMER$ Account Domain: JERRY Logon ID: 0x3cc0e7f Privileges: SeSecurityPrivilege SeBackupPrivilege SeRestorePrivilege SeTakeOwnershipPrivilege SeDebugPrivilege SeSystemEnvironmentPrivilege SeLoadDriverPrivilege SeImpersonatePrivilege SeEnableDelegationPrivilege"}
{"_path":"syslog","_write_ts":"2018-03-24T17:36:07.527509Z","ts":"2018-03-24T17:36:07.527509Z","uid":"Cpkcqe2FnRIeEE5lg5","id.orig_h":"10.47.22.25","id.orig_p":58947,"id.resp_h":"10.47.2.153","id.resp_p":514,"proto":"udp","facility":"LOCAL0","severity":"NOTICE","message":"1 2018-03-24T09:19:57-07:00 Kramer.jerry.land EvntSLog - - - Special privileges assigned to new logon. Subject: Security ID: S-1-5-18 Account Name: KRAMER$ Account Domain: JERRY Logon ID: 0x3cc0e7f Privileges: SeSecurityPrivilege SeBackupPrivilege SeRestorePrivilege SeTakeOwnershipPrivilege SeDebugPrivilege SeSystemEnvironmentPrivilege SeLoadDriverPrivilege SeImpersonatePrivilege SeEnableDelegationPrivilege"}
{"_path":"syslog","_write_ts":"2018-03-24T17:36:07.527510Z","ts":"2018-03-24T17:36:07.527510Z","uid":"Cpkcqe2FnRIeEE5lg5","id.orig_h":"10.47.22.25","id.orig_p":58947,"id.resp_h":"10.47.2.153","id.resp_p":514,"proto":"udp","facility":"LOCAL0","severity":"NOTICE","message":"1 2018-03-24T09:19:57-07:00 Kramer.jerry.land EvntSLog - - - Special privileges assigned to new logon. Subject: Security ID: S-1-5-18 Account Name: KRAMER$ Account Domain: JERRY Logon ID: 0x3cc0e7f Privileges: SeSecurityPrivilege SeBackupPrivilege SeRestorePrivilege SeTakeOwnershipPrivilege SeDebugPrivilege SeSystemEnvironmentPrivilege SeLoadDriverPrivilege SeImpersonatePrivilege SeEnableDelegationPrivilege"}
{"_path":"syslog","_write_ts":"2018-03-24T17:36:07.543164Z","ts":"2018-03-24T17:36:07.543164Z","uid":"Cpkcqe2FnRIeEE5lg5","id.orig_h":"10.47.22.25","id.orig_p":58947,"id.resp_h":"10.47.2.153","id.resp_p":514,"proto":"udp","facility":"LOCAL0","severity":"NOTICE","message":"1 2018-03-24T09:19:57-07:00 Kramer.jerry.land EvntSLog - - - An account was successfully logged on. Subject: Security ID: S-1-0-0 Account Name: - Account Domain: - Logon ID: 0x0 Logon Type: 3 New Logon: Security ID: S-1-5-18 Account Name: KRAMER$ Account Domain: JERRY Logon ID: 0x3cc0e7f Logon GUID: {3927FFCA-9038-917B-C030-965416739BC7} Process Information: Process ID: 0x0 Process Name: - Network Information: Workstation Name: Source Network Address: 172.20.0.25 Source Port: 49417 Detailed Authentication Information: Logon Process: Kerberos Authentication Package: Kerberos Transited Services: - Package Name (NTLM only): - Key Length: 0 This event is generated when a logon session is created. It is generated on the computer that was accessed. The subject fields indicate the account on the local system which requested the logon. This is most commonly a service such as the Server service, or a local process such as Winlogon.exe or Services.exe. The logon type field indicates the kind of logon that occurred. The most common types are 2 (interactive) and 3 (network). The New Logon fields indicate the account for whom the new logon was created, i.e. the account that was logged on. The network fields indicate where a remote logon request originated. Workstation name is not always available and may be left blank in some cases. The authentication information fields provide detailed information about this specific logon request. - Logon GUID is a unique identifier that can be used to correlate this event with a KDC event. - Transited services indicate which intermediate services have participated in this logon request. - Package name indicates which sub-protocol was used among the NTLM protocols. - Key length indicates the length of the generated session key. This will be 0 if no session key was requested."}
{"_path":"syslog","_write_ts":"2018-03-24T17:36:07.543465Z","ts":"2018-03-24T17:36:07.543465Z","uid":"Cpkcqe2FnRIeEE5lg5","id.orig_h":"10.47.22.25","id.orig_p":58947,"id.resp_h":"10.47.2.153","id.resp_p":514,"proto":"udp","facility":"LOCAL0","severity":"NOTICE","message":"1 2018-03-24T09:19:57-07:00 Kramer.jerry.land EvntSLog - - - An account was successfully logged on. Subject: Security ID: S-1-0-0 Account Name: - Account Domain: - Logon ID: 0x0 Logon Type: 3 New Logon: Security ID: S-1-5-18 Account Name: KRAMER$ Account Domain: JERRY Logon ID: 0x3cc0e7f Logon GUID: {3927FFCA-9038-917B-C030-965416739BC7} Process Information: Process ID: 0x0 Process Name: - Network Information: Workstation Name: Source Network Address: 172.20.0.25 Source Port: 49417 Detailed Authentication Information: Logon Process: Kerberos Authentication Package: Kerberos Transited Services: - Package Name (NTLM only): - Key Length: 0 This event is generated when a logon session is created. It is generated on the computer that was accessed. The subject fields indicate the account on the local system which requested the logon. This is most commonly a service such as the Server service, or a local process such as Winlogon.exe or Services.exe. The logon type field indicates the kind of logon that occurred. The most common types are 2 (interactive) and 3 (network). The New Logon fields indicate the account for whom the new logon was created, i.e. the account that was logged on. The network fields indicate where a remote logon request originated. Workstation name is not always available and may be left blank in some cases. The authentication information fields provide detailed information about this specific logon request. - Logon GUID is a unique identifier that can be used to correlate this event with a KDC event. - Transited services indicate which intermediate services have participated in this logon request. - Package name indicates which sub-protocol was used among the NTLM protocols. - Key length indicates the length of the generated session key. This will be 0 if no session key was requested."}
{"_path":"syslog","_write_ts":"2018-03-24T17:36:07.543470Z","ts":"2018-03-24T17:36:07.543470Z","uid":"Cpkcqe2FnRIeEE5lg5","id.orig_h":"10.47.22.25","id.orig_p":58947,"id.resp_h":"10.47.2.153","id.resp_p":514,"proto":"udp","facility":"LOCAL0","severity":"NOTICE","message":"1 2018-03-24T09:19:57-07:00 Kramer.jerry.land EvntSLog - - - An account was successfully logged on. Subject: Security ID: S-1-0-0 Account Name: - Account Domain: - Logon ID: 0x0 Logon Type: 3 New Logon: Security ID: S-1-5-18 Account Name: KRAMER$ Account Domain: JERRY Logon ID: 0x3cc0e7f Logon GUID: {3927FFCA-9038-917B-C030-965416739BC7} Process Information: Process ID: 0x0 Process Name: - Network Information: Workstation Name: Source Network Address: 172.20.0.25 Source Port: 49417 Detailed Authentication Information: Logon Process: Kerberos Authentication Package: Kerberos Transited Services: - Package Name (NTLM only): - Key Length: 0 This event is generated when a logon session is created. It is generated on the computer that was accessed. The subject fields indicate the account on the local system which requested the logon. This is most commonly a service such as the Server service, or a local process such as Winlogon.exe or Services.exe. The logon type field indicates the kind of logon that occurred. The most common types are 2 (interactive) and 3 (network). The New Logon fields indicate the account for whom the new logon was created, i.e. the account that was logged on. The network fields indicate where a remote logon request originated. Workstation name is not always available and may be left blank in some cases. The authentication information fields provide detailed information about this specific logon request. - Logon GUID is a unique identifier that can be used to correlate this event with a KDC event. - Transited services indicate which intermediate services have participated in this logon request. - Package name indicates which sub-protocol was used among the NTLM protocols. - Key length indicates the length of the generated session key. This will be 0 if no session key was requested."}
{"_path":"syslog","_write_ts":"2018-03-24T17:36:07.543473Z","ts":"2018-03-24T17:36:07.543473Z","uid":"Cpkcqe2FnRIeEE5lg5","id.orig_h":"10.47.22.25","id.orig_p":58947,"id.resp_h":"10.47.2.153","id.resp_p":514,"proto":"udp","facility":"LOCAL0","severity":"NOTICE","message":"1 2018-03-24T09:19:57-07:00 Kramer.jerry.land EvntSLog - - - An account was successfully logged on. Subject: Security ID: S-1-0-0 Account Name: - Account Domain: - Logon ID: 0x0 Logon Type: 3 New Logon: Security ID: S-1-5-18 Account Name: KRAMER$ Account Domain: JERRY Logon ID: 0x3cc0e7f Logon GUID: {3927FFCA-9038-917B-C030-965416739BC7} Process Information: Process ID: 0x0 Process Name: - Network Information: Workstation Name: Source Network Address: 172.20.0.25 Source Port: 49417 Detailed Authentication Information: Logon Process: Kerberos Authentication Package: Kerberos Transited Services: - Package Name (NTLM only): - Key Length: 0 This event is generated when a logon session is created. It is generated on the computer that was accessed. The subject fields indicate the account on the local system which requested the logon. This is most commonly a service such as the Server service, or a local process such as Winlogon.exe or Services.exe. The logon type field indicates the kind of logon that occurred. The most common types are 2 (interactive) and 3 (network). The New Logon fields indicate the account for whom the new logon was created, i.e. the account that was logged on. The network fields indicate where a remote logon request originated. Workstation name is not always available and may be left blank in some cases. The authentication information fields provide detailed information about this specific logon request. - Logon GUID is a unique identifier that can be used to correlate this event with a KDC event. - Transited services indicate which intermediate services have participated in this logon request. - Package name indicates which sub-protocol was used among the NTLM protocols. - Key length indicates the length of the generated session key. This will be 0 if no session key was requested."}
{"_path":"syslog","_write_ts":"2018-03-24T17:36:07.557773Z","ts":"2018-03-24T17:36:07.557773Z","uid":"Cpkcqe2FnRIeEE5lg5","id.orig_h":"10.47.22.25","id.orig_p":58947,"id.resp_h":"10.47.2.153","id.resp_p":514,"proto":"udp","facility":"LOCAL0","severity":"NOTICE","message":"1 2018-03-24T09:19:57-07:00 Kramer.jerry.land EvntSLog - - - An account was logged off. Subject: Security ID: S-1-5-18 Account Name: KRAMER$ Account Domain: JERRY Logon ID: 0x3cc0e7f Logon Type: 3 This event is generated when a logon session is destroyed. It may be positively correlated with a logon event using the Logon ID value. Logon IDs are only unique between reboots on the same computer."}
