{"_path":"syslog","_write_ts":"2018-03-24T17:20:15.348330Z","ts":"2018-03-24T17:20:15.348330Z","uid":"CBs8sZ2kIbw2QgSdy4","id.orig_h":"10.47.22.25","id.orig_p":58947,"id.resp_h":"10.47.2.153","id.resp_p":514,"proto":"udp","facility":"LOCAL0","severity":"NOTICE","message":"1 2018-03-24T09:04:06-07:00 Kramer.jerry.land EvntSLog - - - A Kerberos service ticket was requested. Account Information: Account Name: PC-SUSAN$@JERRY.LAND Account Domain: JERRY.LAND Logon GUID: {F3E8A95C-CD1C-3D3D-EC87-47B98E87235F} Service Information: Service Name: krbtgt Service ID: S-1-5-21-1311969832-1707640848-2310541705-502 Network Information: Client Address: ::ffff:172.20.0.81 Client Port: 1959 Additional Information: Ticket Options: 0x60810010 Ticket Encryption Type: 0x17 Failure Code: 0x0 Transited Services: - This event is generated every time access is requested to a resource such as a computer or a Windows service. The service name indicates the resource to which access was requested. This event can be correlated with Windows logon events by comparing the Logon GUID fields in each event. The logon event occurs on the machine that was accessed, which is often a different machine than the domain controller which issued the service ticket. Ticket options, encryption types, and failure codes are defined in RFC 4120."}
{"_path":"syslog","_write_ts":"2018-03-24T17:20:15.348334Z","ts":"2018-03-24T17:20:15.348334Z","uid":"CBs8sZ2kIbw2QgSdy4","id.orig_h":"10.47.22.25","id.orig_p":58947,"id.resp_h":"10.47.2.153","id.resp_p":514,"proto":"udp","facility":"LOCAL0","severity":"NOTICE","message":"1 2018-03-24T09:04:06-07:00 Kramer.jerry.land EvntSLog - - - A Kerberos service ticket was requested. Account Information: Account Name: PC-SUSAN$@JERRY.LAND Account Domain: JERRY.LAND Logon GUID: {F3E8A95C-CD1C-3D3D-EC87-47B98E87235F} Service Information: Service Name: krbtgt Service ID: S-1-5-21-1311969832-1707640848-2310541705-502 Network Information: Client Address: ::ffff:172.20.0.81 Client Port: 1959 Additional Information: Ticket Options: 0x60810010 Ticket Encryption Type: 0x17 Failure Code: 0x0 Transited Services: - This event is generated every time access is requested to a resource such as a computer or a Windows service. The service name indicates the resource to which access was requested. This event can be correlated with Windows logon events by comparing the Logon GUID fields in each event. The logon event occurs on the machine that was accessed, which is often a different machine than the domain controller which issued the service ticket. Ticket options, encryption types, and failure codes are defined in RFC 4120."}
{"_path":"syslog","_write_ts":"2018-03-24T17:20:15.348379Z","ts":"2018-03-24T17:20:15.348379Z","uid":"CBs8sZ2kIbw2QgSdy4","id.orig_h":"10.47.22.25","id.orig_p":58947,"id.resp_h":"10.47.2.153","id.resp_p":514,"proto":"udp","facility":"LOCAL0","severity":"NOTICE","message":"1 2018-03-24T09:04:06-07:00 Kramer.jerry.land EvntSLog - - - A Kerberos service ticket was requested. Account Information: Account Name: PC-SUSAN$@JERRY.LAND Account Domain: JERRY.LAND Logon GUID: {F3E8A95C-CD1C-3D3D-EC87-47B98E87235F} Service Information: Service Name: krbtgt Service ID: S-1-5-21-1311969832-1707640848-2310541705-502 Network Information: Client Address: ::ffff:172.20.0.81 Client Port: 1959 Additional Information: Ticket Options: 0x60810010 Ticket Encryption Type: 0x17 Failure Code: 0x0 Transited Services: - This event is generated every time access is requested to a resource such as a computer or a Windows service. The service name indicates the resource to which access was requested. This event can be correlated with Windows logon events by comparing the Logon GUID fields in each event. The logon event occurs on the machine that was accessed, which is often a different machine than the domain controller which issued the service ticket. Ticket options, encryption types, and failure codes are defined in RFC 4120."}
{"_path":"syslog","_write_ts":"2018-03-24T17:20:15.348383Z","ts":"2018-03-24T17:20:15.348383Z","uid":"CBs8sZ2kIbw2QgSdy4","id.orig_h":"10.47.22.25","id.orig_p":58947,"id.resp_h":"10.47.2.153","id.resp_p":514,"proto":"udp","facility":"LOCAL0","severity":"NOTICE","message":"1 2018-03-24T09:04:06-07:00 Kramer.jerry.land EvntSLog - - - A Kerberos service ticket was requested. Account Information: Account Name: PC-SUSAN$@JERRY.LAND Account Domain: JERRY.LAND Logon GUID: {F3E8A95C-CD1C-3D3D-EC87-47B98E87235F} Service Information: Service Name: krbtgt Service ID: S-1-5-21-1311969832-1707640848-2310541705-502 Network Information: Client Address: ::ffff:172.20.0.81 Client Port: 1959 Additional Information: Ticket Options: 0x60810010 Ticket Encryption Type: 0x17 Failure Code: 0x0 Transited Services: - This event is generated every time access is requested to a resource such as a computer or a Windows service. The service name indicates the resource to which access was requested. This event can be correlated with Windows logon events by comparing the Logon GUID fields in each event. The logon event occurs on the machine that was accessed, which is often a different machine than the domain controller which issued the service ticket. Ticket options, encryption types, and failure codes are defined in RFC 4120."}
{"_path":"syslog","_write_ts":"2018-03-24T17:20:15.363835Z","ts":"2018-03-24T17:20:15.363835Z","uid":"CBs8sZ2kIbw2QgSdy4","id.orig_h":"10.47.22.25","id.orig_p":58947,"id.resp_h":"10.47.2.153","id.resp_p":514,"proto":"udp","facility":"LOCAL0","severity":"NOTICE","message":"1 2018-03-24T09:04:06-07:00 Kramer.jerry.land EvntSLog - - - An account was successfully logged on. Subject: Security ID: S-1-0-0 Account Name: - Account Domain: - Logon ID: 0x0 Logon Type: 3 New Logon: Security ID: S-1-5-21-1311969832-1707640848-2310541705-1104 Account Name: PC-SUSAN$ Account Domain: JERRY Logon ID: 0x3bd0e28 Logon GUID: {0680C1AD-8884-5BA0-E5A0-70A32A543264} Process Information: Process ID: 0x0 Process Name: - Network Information: Workstation Name: Source Network Address: 172.20.0.81 Source Port: 1957 Detailed Authentication Information: Logon Process: Kerberos Authentication Package: Kerberos Transited Services: - Package Name (NTLM only): - Key Length: 0 This event is generated when a logon session is created. It is generated on the computer that was accessed. The subject fields indicate the account on the local system which requested the logon. This is most commonly a service such as the Server service, or a local process such as Winlogon.exe or Services.exe. The logon type field indicates the kind of logon that occurred. The most common types are 2 (interactive) and 3 (network). The New Logon fields indicate the account for whom the new logon was created, i.e. the account that was logged on. The network fields indicate where a remote logon request originated. Workstation name is not always available and may be left blank in some cases. The authentication information fields provide detailed information about this specific logon request. - Logon GUID is a unique identifier that can be used to correlate this event with a KDC event. - Transited services indicate which intermediate services have participated in this logon request. - Package name indicates which sub-protocol was used among the NTLM protocols. - Key length indicates the length of the generated session key. This will be 0 if no session key was requested."}
{"_path":"syslog","_write_ts":"2018-03-24T17:20:15.363839Z","ts":"2018-03-24T17:20:15.363839Z","uid":"CBs8sZ2kIbw2QgSdy4","id.orig_h":"10.47.22.25","id.orig_p":58947,"id.resp_h":"10.47.2.153","id.resp_p":514,"proto":"udp","facility":"LOCAL0","severity":"NOTICE","message":"1 2018-03-24T09:04:06-07:00 Kramer.jerry.land EvntSLog - - - An account was successfully logged on. Subject: Security ID: S-1-0-0 Account Name: - Account Domain: - Logon ID: 0x0 Logon Type: 3 New Logon: Security ID: S-1-5-21-1311969832-1707640848-2310541705-1104 Account Name: PC-SUSAN$ Account Domain: JERRY Logon ID: 0x3bd0e28 Logon GUID: {0680C1AD-8884-5BA0-E5A0-70A32A543264} Process Information: Process ID: 0x0 Process Name: - Network Information: Workstation Name: Source Network Address: 172.20.0.81 Source Port: 1957 Detailed Authentication Information: Logon Process: Kerberos Authentication Package: Kerberos Transited Services: - Package Name (NTLM only): - Key Length: 0 This event is generated when a logon session is created. It is generated on the computer that was accessed. The subject fields indicate the account on the local system which requested the logon. This is most commonly a service such as the Server service, or a local process such as Winlogon.exe or Services.exe. The logon type field indicates the kind of logon that occurred. The most common types are 2 (interactive) and 3 (network). The New Logon fields indicate the account for whom the new logon was created, i.e. the account that was logged on. The network fields indicate where a remote logon request originated. Workstation name is not always available and may be left blank in some cases. The authentication information fields provide detailed information about this specific logon request. - Logon GUID is a unique identifier that can be used to correlate this event with a KDC event. - Transited services indicate which intermediate services have participated in this logon request. - Package name indicates which sub-protocol was used among the NTLM protocols. - Key length indicates the length of the generated session key. This will be 0 if no session key was requested."}
{"_path":"syslog","_write_ts":"2018-03-24T17:20:15.363905Z","ts":"2018-03-24T17:20:15.363905Z","uid":"CBs8sZ2kIbw2QgSdy4","id.orig_h":"10.47.22.25","id.orig_p":58947,"id.resp_h":"10.47.2.153","id.resp_p":514,"proto":"udp","facility":"LOCAL0","severity":"NOTICE","message":"1 2018-03-24T09:04:06-07:00 Kramer.jerry.land EvntSLog - - - An account was successfully logged on. Subject: Security ID: S-1-0-0 Account Name: - Account Domain: - Logon ID: 0x0 Logon Type: 3 New Logon: Security ID: S-1-5-21-1311969832-1707640848-2310541705-1104 Account Name: PC-SUSAN$ Account Domain: JERRY Logon ID: 0x3bd0e28 Logon GUID: {0680C1AD-8884-5BA0-E5A0-70A32A543264} Process Information: Process ID: 0x0 Process Name: - Network Information: Workstation Name: Source Network Address: 172.20.0.81 Source Port: 1957 Detailed Authentication Information: Logon Process: Kerberos Authentication Package: Kerberos Transited Services: - Package Name (NTLM only): - Key Length: 0 This event is generated when a logon session is created. It is generated on the computer that was accessed. The subject fields indicate the account on the local system which requested the logon. This is most commonly a service such as the Server service, or a local process such as Winlogon.exe or Services.exe. The logon type field indicates the kind of logon that occurred. The most common types are 2 (interactive) and 3 (network). The New Logon fields indicate the account for whom the new logon was created, i.e. the account that was logged on. The network fields indicate where a remote logon request originated. Workstation name is not always available and may be left blank in some cases. The authentication information fields provide detailed information about this specific logon request. - Logon GUID is a unique identifier that can be used to correlate this event with a KDC event. - Transited services indicate which intermediate services have participated in this logon request. - Package name indicates which sub-protocol was used among the NTLM protocols. - Key length indicates the length of the generated session key. This will be 0 if no session key was requested."}
{"_path":"syslog","_write_ts":"2018-03-24T17:20:15.363910Z","ts":"2018-03-24T17:20:15.363910Z","uid":"CBs8sZ2kIbw2QgSdy4","id.orig_h":"10.47.22.25","id.orig_p":58947,"id.resp_h":"10.47.2.153","id.resp_p":514,"proto":"udp","facility":"LOCAL0","severity":"NOTICE","message":"1 2018-03-24T09:04:06-07:00 Kramer.jerry.land EvntSLog - - - An account was successfully logged on. Subject: Security ID: S-1-0-0 Account Name: - Account Domain: - Logon ID: 0x0 Logon Type: 3 New Logon: Security ID: S-1-5-21-1311969832-1707640848-2310541705-1104 Account Name: PC-SUSAN$ Account Domain: JERRY Logon ID: 0x3bd0e28 Logon GUID: {0680C1AD-8884-5BA0-E5A0-70A32A543264} Process Information: Process ID: 0x0 Process Name: - Network Information: Workstation Name: Source Network Address: 172.20.0.81 Source Port: 1957 Detailed Authentication Information: Logon Process: Kerberos Authentication Package: Kerberos Transited Services: - Package Name (NTLM only): - Key Length: 0 This event is generated when a logon session is created. It is generated on the computer that was accessed. The subject fields indicate the account on the local system which requested the logon. This is most commonly a service such as the Server service, or a local process such as Winlogon.exe or Services.exe. The logon type field indicates the kind of logon that occurred. The most common types are 2 (interactive) and 3 (network). The New Logon fields indicate the account for whom the new logon was created, i.e. the account that was logged on. The network fields indicate where a remote logon request originated. Workstation name is not always available and may be left blank in some cases. The authentication information fields provide detailed information about this specific logon request. - Logon GUID is a unique identifier that can be used to correlate this event with a KDC event. - Transited services indicate which intermediate services have participated in this logon request. - Package name indicates which sub-protocol was used among the NTLM protocols. - Key length indicates the length of the generated session key. This will be 0 if no session key was requested."}
{"_path":"syslog","_write_ts":"2018-03-24T17:20:22.416290Z","ts":"2018-03-24T17:20:22.416290Z","uid":"CjvGcY2CSizwLel0Yk","id.orig_h":"10.47.22.80","id.orig_p":51899,"id.resp_h":"10.47.2.153","id.resp_p":514,"proto":"udp","facility":"LOCAL0","severity":"INFO","message":"1 2018-03-24T09:04:11-07:00 PC-newman.jerry.land EvntSLog - - - The start type of the Windows Modules Installer service was changed from demand start to auto start."}
{"_path":"syslog","_write_ts":"2018-03-24T17:20:22.416292Z","ts":"2018-03-24T17:20:22.416292Z","uid":"CjvGcY2CSizwLel0Yk","id.orig_h":"10.47.22.80","id.orig_p":51899,"id.resp_h":"10.47.2.153","id.resp_p":514,"proto":"udp","facility":"LOCAL0","severity":"INFO","message":"1 2018-03-24T09:04:11-07:00 PC-newman.jerry.land EvntSLog - - - The start type of the Windows Modules Installer service was changed from demand start to auto start."}
{"_path":"syslog","_write_ts":"2018-03-24T17:20:22.416445Z","ts":"2018-03-24T17:20:22.416445Z","uid":"CjvGcY2CSizwLel0Yk","id.orig_h":"10.47.22.80","id.orig_p":51899,"id.resp_h":"10.47.2.153","id.resp_p":514,"proto":"udp","facility":"LOCAL0","severity":"INFO","message":"1 2018-03-24T09:04:11-07:00 PC-newman.jerry.land EvntSLog - - - The start type of the Windows Modules Installer service was changed from demand start to auto start."}
{"_path":"syslog","_write_ts":"2018-03-24T17:20:22.416448Z","ts":"2018-03-24T17:20:22.416448Z","uid":"CjvGcY2CSizwLel0Yk","id.orig_h":"10.47.22.80","id.orig_p":51899,"id.resp_h":"10.47.2.153","id.resp_p":514,"proto":"udp","facility":"LOCAL0","severity":"INFO","message":"1 2018-03-24T09:04:11-07:00 PC-newman.jerry.land EvntSLog - - - The start type of the Windows Modules Installer service was changed from demand start to auto start."}
{"_path":"syslog","_write_ts":"2018-03-24T17:20:23.326389Z","ts":"2018-03-24T17:20:23.326389Z","uid":"CjvGcY2CSizwLel0Yk","id.orig_h":"10.47.22.80","id.orig_p":51899,"id.resp_h":"10.47.2.153","id.resp_p":514,"proto":"udp","facility":"LOCAL0","severity":"INFO","message":"1 2018-03-24T09:04:13-07:00 PC-newman.jerry.land EvntSLog - - - The start type of the Windows Modules Installer service was changed from auto start to demand start."}
{"_path":"syslog","_write_ts":"2018-03-24T17:20:23.326391Z","ts":"2018-03-24T17:20:23.326391Z","uid":"CjvGcY2CSizwLel0Yk","id.orig_h":"10.47.22.80","id.orig_p":51899,"id.resp_h":"10.47.2.153","id.resp_p":514,"proto":"udp","facility":"LOCAL0","severity":"INFO","message":"1 2018-03-24T09:04:13-07:00 PC-newman.jerry.land EvntSLog - - - The start type of the Windows Modules Installer service was changed from auto start to demand start."}
{"_path":"syslog","_write_ts":"2018-03-24T17:20:23.326419Z","ts":"2018-03-24T17:20:23.326419Z","uid":"CjvGcY2CSizwLel0Yk","id.orig_h":"10.47.22.80","id.orig_p":51899,"id.resp_h":"10.47.2.153","id.resp_p":514,"proto":"udp","facility":"LOCAL0","severity":"INFO","message":"1 2018-03-24T09:04:13-07:00 PC-newman.jerry.land EvntSLog - - - The start type of the Windows Modules Installer service was changed from auto start to demand start."}
{"_path":"syslog","_write_ts":"2018-03-24T17:20:23.326423Z","ts":"2018-03-24T17:20:23.326423Z","uid":"CjvGcY2CSizwLel0Yk","id.orig_h":"10.47.22.80","id.orig_p":51899,"id.resp_h":"10.47.2.153","id.resp_p":514,"proto":"udp","facility":"LOCAL0","severity":"INFO","message":"1 2018-03-24T09:04:13-07:00 PC-newman.jerry.land EvntSLog - - - The start type of the Windows Modules Installer service was changed from auto start to demand start."}
{"_path":"syslog","_write_ts":"2018-03-24T17:20:23.341994Z","ts":"2018-03-24T17:20:23.341994Z","uid":"CjvGcY2CSizwLel0Yk","id.orig_h":"10.47.22.80","id.orig_p":51899,"id.resp_h":"10.47.2.153","id.resp_p":514,"proto":"udp","facility":"LOCAL0","severity":"INFO","message":"1 2018-03-24T09:04:14-07:00 PC-newman.jerry.land EvntSLog - - - The Windows Modules Installer service entered the stopped state."}
{"_path":"syslog","_write_ts":"2018-03-24T17:20:23.341996Z","ts":"2018-03-24T17:20:23.341996Z","uid":"CjvGcY2CSizwLel0Yk","id.orig_h":"10.47.22.80","id.orig_p":51899,"id.resp_h":"10.47.2.153","id.resp_p":514,"proto":"udp","facility":"LOCAL0","severity":"INFO","message":"1 2018-03-24T09:04:14-07:00 PC-newman.jerry.land EvntSLog - - - The Windows Modules Installer service entered the stopped state."}
{"_path":"syslog","_write_ts":"2018-03-24T17:20:23.342040Z","ts":"2018-03-24T17:20:23.342040Z","uid":"CjvGcY2CSizwLel0Yk","id.orig_h":"10.47.22.80","id.orig_p":51899,"id.resp_h":"10.47.2.153","id.resp_p":514,"proto":"udp","facility":"LOCAL0","severity":"INFO","message":"1 2018-03-24T09:04:14-07:00 PC-newman.jerry.land EvntSLog - - - The Windows Modules Installer service entered the stopped state."}
{"_path":"syslog","_write_ts":"2018-03-24T17:20:23.342043Z","ts":"2018-03-24T17:20:23.342043Z","uid":"CjvGcY2CSizwLel0Yk","id.orig_h":"10.47.22.80","id.orig_p":51899,"id.resp_h":"10.47.2.153","id.resp_p":514,"proto":"udp","facility":"LOCAL0","severity":"INFO","message":"1 2018-03-24T09:04:14-07:00 PC-newman.jerry.land EvntSLog - - - The Windows Modules Installer service entered the stopped state."}
{"_path":"syslog","_write_ts":"2018-03-24T17:20:27.485434Z","ts":"2018-03-24T17:20:27.485434Z","uid":"CBs8sZ2kIbw2QgSdy4","id.orig_h":"10.47.22.25","id.orig_p":58947,"id.resp_h":"10.47.2.153","id.resp_p":514,"proto":"udp","facility":"LOCAL0","severity":"NOTICE","message":"1 2018-03-24T09:04:18-07:00 Kramer.jerry.land EvntSLog - - - An account was logged off. Subject: Security ID: S-1-5-7 Account Name: ANONYMOUS LOGON Account Domain: NT AUTHORITY Logon ID: 0x3bd0df5 Logon Type: 3 This event is generated when a logon session is destroyed. It may be positively correlated with a logon event using the Logon ID value. Logon IDs are only unique between reboots on the same computer."}
{"_path":"syslog","_write_ts":"2018-03-24T17:20:27.485438Z","ts":"2018-03-24T17:20:27.485438Z","uid":"CBs8sZ2kIbw2QgSdy4","id.orig_h":"10.47.22.25","id.orig_p":58947,"id.resp_h":"10.47.2.153","id.resp_p":514,"proto":"udp","facility":"LOCAL0","severity":"NOTICE","message":"1 2018-03-24T09:04:18-07:00 Kramer.jerry.land EvntSLog - - - An account was logged off. Subject: Security ID: S-1-5-7 Account Name: ANONYMOUS LOGON Account Domain: NT AUTHORITY Logon ID: 0x3bd0df5 Logon Type: 3 This event is generated when a logon session is destroyed. It may be positively correlated with a logon event using the Logon ID value. Logon IDs are only unique between reboots on the same computer."}
{"_path":"syslog","_write_ts":"2018-03-24T17:20:27.485440Z","ts":"2018-03-24T17:20:27.485440Z","uid":"CBs8sZ2kIbw2QgSdy4","id.orig_h":"10.47.22.25","id.orig_p":58947,"id.resp_h":"10.47.2.153","id.resp_p":514,"proto":"udp","facility":"LOCAL0","severity":"NOTICE","message":"1 2018-03-24T09:04:18-07:00 Kramer.jerry.land EvntSLog - - - An account was logged off. Subject: Security ID: S-1-5-7 Account Name: ANONYMOUS LOGON Account Domain: NT AUTHORITY Logon ID: 0x3bd0df5 Logon Type: 3 This event is generated when a logon session is destroyed. It may be positively correlated with a logon event using the Logon ID value. Logon IDs are only unique between reboots on the same computer."}
{"_path":"syslog","_write_ts":"2018-03-24T17:20:27.485442Z","ts":"2018-03-24T17:20:27.485442Z","uid":"CBs8sZ2kIbw2QgSdy4","id.orig_h":"10.47.22.25","id.orig_p":58947,"id.resp_h":"10.47.2.153","id.resp_p":514,"proto":"udp","facility":"LOCAL0","severity":"NOTICE","message":"1 2018-03-24T09:04:18-07:00 Kramer.jerry.land EvntSLog - - - An account was logged off. Subject: Security ID: S-1-5-7 Account Name: ANONYMOUS LOGON Account Domain: NT AUTHORITY Logon ID: 0x3bd0df5 Logon Type: 3 This event is generated when a logon session is destroyed. It may be positively correlated with a logon event using the Logon ID value. Logon IDs are only unique between reboots on the same computer."}
{"_path":"syslog","_write_ts":"2018-03-24T17:20:27.501171Z","ts":"2018-03-24T17:20:27.501171Z","uid":"CBs8sZ2kIbw2QgSdy4","id.orig_h":"10.47.22.25","id.orig_p":58947,"id.resp_h":"10.47.2.153","id.resp_p":514,"proto":"udp","facility":"LOCAL0","severity":"NOTICE","message":"1 2018-03-24T09:04:18-07:00 Kramer.jerry.land EvntSLog - - - An account was logged off. Subject: Security ID: S-1-5-7 Account Name: ANONYMOUS LOGON Account Domain: NT AUTHORITY Logon ID: 0x3bd0e05 Logon Type: 3 This event is generated when a logon session is destroyed. It may be positively correlated with a logon event using the Logon ID value. Logon IDs are only unique between reboots on the same computer."}
{"_path":"syslog","_write_ts":"2018-03-24T17:20:27.501177Z","ts":"2018-03-24T17:20:27.501177Z","uid":"CBs8sZ2kIbw2QgSdy4","id.orig_h":"10.47.22.25","id.orig_p":58947,"id.resp_h":"10.47.2.153","id.resp_p":514,"proto":"udp","facility":"LOCAL0","severity":"NOTICE","message":"1 2018-03-24T09:04:18-07:00 Kramer.jerry.land EvntSLog - - - An account was logged off. Subject: Security ID: S-1-5-7 Account Name: ANONYMOUS LOGON Account Domain: NT AUTHORITY Logon ID: 0x3bd0e05 Logon Type: 3 This event is generated when a logon session is destroyed. It may be positively correlated with a logon event using the Logon ID value. Logon IDs are only unique between reboots on the same computer."}
{"_path":"syslog","_write_ts":"2018-03-24T17:20:27.501181Z","ts":"2018-03-24T17:20:27.501181Z","uid":"CBs8sZ2kIbw2QgSdy4","id.orig_h":"10.47.22.25","id.orig_p":58947,"id.resp_h":"10.47.2.153","id.resp_p":514,"proto":"udp","facility":"LOCAL0","severity":"NOTICE","message":"1 2018-03-24T09:04:18-07:00 Kramer.jerry.land EvntSLog - - - An account was logged off. Subject: Security ID: S-1-5-7 Account Name: ANONYMOUS LOGON Account Domain: NT AUTHORITY Logon ID: 0x3bd0e05 Logon Type: 3 This event is generated when a logon session is destroyed. It may be positively correlated with a logon event using the Logon ID value. Logon IDs are only unique between reboots on the same computer."}
{"_path":"syslog","_write_ts":"2018-03-24T17:20:27.501184Z","ts":"2018-03-24T17:20:27.501184Z","uid":"CBs8sZ2kIbw2QgSdy4","id.orig_h":"10.47.22.25","id.orig_p":58947,"id.resp_h":"10.47.2.153","id.resp_p":514,"proto":"udp","facility":"LOCAL0","severity":"NOTICE","message":"1 2018-03-24T09:04:18-07:00 Kramer.jerry.land EvntSLog - - - An account was logged off. Subject: Security ID: S-1-5-7 Account Name: ANONYMOUS LOGON Account Domain: NT AUTHORITY Logon ID: 0x3bd0e05 Logon Type: 3 This event is generated when a logon session is destroyed. It may be positively correlated with a logon event using the Logon ID value. Logon IDs are only unique between reboots on the same computer."}
{"_path":"syslog","_write_ts":"2018-03-24T17:20:27.516011Z","ts":"2018-03-24T17:20:27.516011Z","uid":"CBs8sZ2kIbw2QgSdy4","id.orig_h":"10.47.22.25","id.orig_p":58947,"id.resp_h":"10.47.2.153","id.resp_p":514,"proto":"udp","facility":"LOCAL0","severity":"NOTICE","message":"1 2018-03-24T09:04:18-07:00 Kramer.jerry.land EvntSLog - - - An account was logged off. Subject: Security ID: S-1-5-21-1311969832-1707640848-2310541705-1104 Account Name: PC-SUSAN$ Account Domain: JERRY Logon ID: 0x3bd0e28 Logon Type: 3 This event is generated when a logon session is destroyed. It may be positively correlated with a logon event using the Logon ID value. Logon IDs are only unique between reboots on the same computer."}
{"_path":"syslog","_write_ts":"2018-03-24T17:20:27.516014Z","ts":"2018-03-24T17:20:27.516014Z","uid":"CBs8sZ2kIbw2QgSdy4","id.orig_h":"10.47.22.25","id.orig_p":58947,"id.resp_h":"10.47.2.153","id.resp_p":514,"proto":"udp","facility":"LOCAL0","severity":"NOTICE","message":"1 2018-03-24T09:04:18-07:00 Kramer.jerry.land EvntSLog - - - An account was logged off. Subject: Security ID: S-1-5-21-1311969832-1707640848-2310541705-1104 Account Name: PC-SUSAN$ Account Domain: JERRY Logon ID: 0x3bd0e28 Logon Type: 3 This event is generated when a logon session is destroyed. It may be positively correlated with a logon event using the Logon ID value. Logon IDs are only unique between reboots on the same computer."}
{"_path":"syslog","_write_ts":"2018-03-24T17:20:27.516016Z","ts":"2018-03-24T17:20:27.516016Z","uid":"CBs8sZ2kIbw2QgSdy4","id.orig_h":"10.47.22.25","id.orig_p":58947,"id.resp_h":"10.47.2.153","id.resp_p":514,"proto":"udp","facility":"LOCAL0","severity":"NOTICE","message":"1 2018-03-24T09:04:18-07:00 Kramer.jerry.land EvntSLog - - - An account was logged off. Subject: Security ID: S-1-5-21-1311969832-1707640848-2310541705-1104 Account Name: PC-SUSAN$ Account Domain: JERRY Logon ID: 0x3bd0e28 Logon Type: 3 This event is generated when a logon session is destroyed. It may be positively correlated with a logon event using the Logon ID value. Logon IDs are only unique between reboots on the same computer."}
{"_path":"syslog","_write_ts":"2018-03-24T17:20:27.516018Z","ts":"2018-03-24T17:20:27.516018Z","uid":"CBs8sZ2kIbw2QgSdy4","id.orig_h":"10.47.22.25","id.orig_p":58947,"id.resp_h":"10.47.2.153","id.resp_p":514,"proto":"udp","facility":"LOCAL0","severity":"NOTICE","message":"1 2018-03-24T09:04:18-07:00 Kramer.jerry.land EvntSLog - - - An account was logged off. Subject: Security ID: S-1-5-21-1311969832-1707640848-2310541705-1104 Account Name: PC-SUSAN$ Account Domain: JERRY Logon ID: 0x3bd0e28 Logon Type: 3 This event is generated when a logon session is destroyed. It may be positively correlated with a logon event using the Logon ID value. Logon IDs are only unique between reboots on the same computer."}
{"_path":"syslog","_write_ts":"2018-03-24T17:20:34.652896Z","ts":"2018-03-24T17:20:34.652896Z","uid":"CBs8sZ2kIbw2QgSdy4","id.orig_h":"10.47.22.25","id.orig_p":58947,"id.resp_h":"10.47.2.153","id.resp_p":514,"proto":"udp","facility":"LOCAL0","severity":"NOTICE","message":"1 2018-03-24T09:04:24-07:00 Kramer.jerry.land EvntSLog - - - A Kerberos service ticket was requested. Account Information: Account Name: PC-HELEN$@JERRY.LAND Account Domain: JERRY.LAND Logon GUID: {2749B768-73BF-860A-EDDE-79688DCE6CA7} Service Information: Service Name: krbtgt Service ID: S-1-5-21-1311969832-1707640848-2310541705-502 Network Information: Client Address: ::ffff:172.20.0.82 Client Port: 49919 Additional Information: Ticket Options: 0x60810010 Ticket Encryption Type: 0x17 Failure Code: 0x0 Transited Services: - This event is generated every time access is requested to a resource such as a computer or a Windows service. The service name indicates the resource to which access was requested. This event can be correlated with Windows logon events by comparing the Logon GUID fields in each event. The logon event occurs on the machine that was accessed, which is often a different machine than the domain controller which issued the service ticket. Ticket options, encryption types, and failure codes are defined in RFC 4120."}
{"_path":"syslog","_write_ts":"2018-03-24T17:20:34.652900Z","ts":"2018-03-24T17:20:34.652900Z","uid":"CBs8sZ2kIbw2QgSdy4","id.orig_h":"10.47.22.25","id.orig_p":58947,"id.resp_h":"10.47.2.153","id.resp_p":514,"proto":"udp","facility":"LOCAL0","severity":"NOTICE","message":"1 2018-03-24T09:04:24-07:00 Kramer.jerry.land EvntSLog - - - A Kerberos service ticket was requested. Account Information: Account Name: PC-HELEN$@JERRY.LAND Account Domain: JERRY.LAND Logon GUID: {2749B768-73BF-860A-EDDE-79688DCE6CA7} Service Information: Service Name: krbtgt Service ID: S-1-5-21-1311969832-1707640848-2310541705-502 Network Information: Client Address: ::ffff:172.20.0.82 Client Port: 49919 Additional Information: Ticket Options: 0x60810010 Ticket Encryption Type: 0x17 Failure Code: 0x0 Transited Services: - This event is generated every time access is requested to a resource such as a computer or a Windows service. The service name indicates the resource to which access was requested. This event can be correlated with Windows logon events by comparing the Logon GUID fields in each event. The logon event occurs on the machine that was accessed, which is often a different machine than the domain controller which issued the service ticket. Ticket options, encryption types, and failure codes are defined in RFC 4120."}
{"_path":"syslog","_write_ts":"2018-03-24T17:20:34.652902Z","ts":"2018-03-24T17:20:34.652902Z","uid":"CBs8sZ2kIbw2QgSdy4","id.orig_h":"10.47.22.25","id.orig_p":58947,"id.resp_h":"10.47.2.153","id.resp_p":514,"proto":"udp","facility":"LOCAL0","severity":"NOTICE","message":"1 2018-03-24T09:04:24-07:00 Kramer.jerry.land EvntSLog - - - A Kerberos service ticket was requested. Account Information: Account Name: PC-HELEN$@JERRY.LAND Account Domain: JERRY.LAND Logon GUID: {2749B768-73BF-860A-EDDE-79688DCE6CA7} Service Information: Service Name: krbtgt Service ID: S-1-5-21-1311969832-1707640848-2310541705-502 Network Information: Client Address: ::ffff:172.20.0.82 Client Port: 49919 Additional Information: Ticket Options: 0x60810010 Ticket Encryption Type: 0x17 Failure Code: 0x0 Transited Services: - This event is generated every time access is requested to a resource such as a computer or a Windows service. The service name indicates the resource to which access was requested. This event can be correlated with Windows logon events by comparing the Logon GUID fields in each event. The logon event occurs on the machine that was accessed, which is often a different machine than the domain controller which issued the service ticket. Ticket options, encryption types, and failure codes are defined in RFC 4120."}
{"_path":"syslog","_write_ts":"2018-03-24T17:20:34.652904Z","ts":"2018-03-24T17:20:34.652904Z","uid":"CBs8sZ2kIbw2QgSdy4","id.orig_h":"10.47.22.25","id.orig_p":58947,"id.resp_h":"10.47.2.153","id.resp_p":514,"proto":"udp","facility":"LOCAL0","severity":"NOTICE","message":"1 2018-03-24T09:04:24-07:00 Kramer.jerry.land EvntSLog - - - A Kerberos service ticket was requested. Account Information: Account Name: PC-HELEN$@JERRY.LAND Account Domain: JERRY.LAND Logon GUID: {2749B768-73BF-860A-EDDE-79688DCE6CA7} Service Information: Service Name: krbtgt Service ID: S-1-5-21-1311969832-1707640848-2310541705-502 Network Information: Client Address: ::ffff:172.20.0.82 Client Port: 49919 Additional Information: Ticket Options: 0x60810010 Ticket Encryption Type: 0x17 Failure Code: 0x0 Transited Services: - This event is generated every time access is requested to a resource such as a computer or a Windows service. The service name indicates the resource to which access was requested. This event can be correlated with Windows logon events by comparing the Logon GUID fields in each event. The logon event occurs on the machine that was accessed, which is often a different machine than the domain controller which issued the service ticket. Ticket options, encryption types, and failure codes are defined in RFC 4120."}
{"_path":"syslog","_write_ts":"2018-03-24T17:20:34.652909Z","ts":"2018-03-24T17:20:34.652909Z","uid":"CBs8sZ2kIbw2QgSdy4","id.orig_h":"10.47.22.25","id.orig_p":58947,"id.resp_h":"10.47.2.153","id.resp_p":514,"proto":"udp","facility":"LOCAL0","severity":"NOTICE","message":"1 2018-03-24T09:04:24-07:00 Kramer.jerry.land EvntSLog - - - An account was successfully logged on. Subject: Security ID: S-1-0-0 Account Name: - Account Domain: - Logon ID: 0x0 Logon Type: 3 New Logon: Security ID: S-1-5-21-1311969832-1707640848-2310541705-1105 Account Name: PC-HELEN$ Account Domain: JERRY Logon ID: 0x3bd31d1 Logon GUID: {D52D5354-D559-C750-C8D2-116840F77103} Process Information: Process ID: 0x0 Process Name: - Network Information: Workstation Name: Source Network Address: 172.20.0.82 Source Port: 49917 Detailed Authentication Information: Logon Process: Kerberos Authentication Package: Kerberos Transited Services: - Package Name (NTLM only): - Key Length: 0 This event is generated when a logon session is created. It is generated on the computer that was accessed. The subject fields indicate the account on the local system which requested the logon. This is most commonly a service such as the Server service, or a local process such as Winlogon.exe or Services.exe. The logon type field indicates the kind of logon that occurred. The most common types are 2 (interactive) and 3 (network). The New Logon fields indicate the account for whom the new logon was created, i.e. the account that was logged on. The network fields indicate where a remote logon request originated. Workstation name is not always available and may be left blank in some cases. The authentication information fields provide detailed information about this specific logon request. - Logon GUID is a unique identifier that can be used to correlate this event with a KDC event. - Transited services indicate which intermediate services have participated in this logon request. - Package name indicates which sub-protocol was used among the NTLM protocols. - Key length indicates the length of the generated session key. This will be 0 if no session key was requested."}
{"_path":"syslog","_write_ts":"2018-03-24T17:20:34.652913Z","ts":"2018-03-24T17:20:34.652913Z","uid":"CBs8sZ2kIbw2QgSdy4","id.orig_h":"10.47.22.25","id.orig_p":58947,"id.resp_h":"10.47.2.153","id.resp_p":514,"proto":"udp","facility":"LOCAL0","severity":"NOTICE","message":"1 2018-03-24T09:04:24-07:00 Kramer.jerry.land EvntSLog - - - An account was successfully logged on. Subject: Security ID: S-1-0-0 Account Name: - Account Domain: - Logon ID: 0x0 Logon Type: 3 New Logon: Security ID: S-1-5-21-1311969832-1707640848-2310541705-1105 Account Name: PC-HELEN$ Account Domain: JERRY Logon ID: 0x3bd31d1 Logon GUID: {D52D5354-D559-C750-C8D2-116840F77103} Process Information: Process ID: 0x0 Process Name: - Network Information: Workstation Name: Source Network Address: 172.20.0.82 Source Port: 49917 Detailed Authentication Information: Logon Process: Kerberos Authentication Package: Kerberos Transited Services: - Package Name (NTLM only): - Key Length: 0 This event is generated when a logon session is created. It is generated on the computer that was accessed. The subject fields indicate the account on the local system which requested the logon. This is most commonly a service such as the Server service, or a local process such as Winlogon.exe or Services.exe. The logon type field indicates the kind of logon that occurred. The most common types are 2 (interactive) and 3 (network). The New Logon fields indicate the account for whom the new logon was created, i.e. the account that was logged on. The network fields indicate where a remote logon request originated. Workstation name is not always available and may be left blank in some cases. The authentication information fields provide detailed information about this specific logon request. - Logon GUID is a unique identifier that can be used to correlate this event with a KDC event. - Transited services indicate which intermediate services have participated in this logon request. - Package name indicates which sub-protocol was used among the NTLM protocols. - Key length indicates the length of the generated session key. This will be 0 if no session key was requested."}
{"_path":"syslog","_write_ts":"2018-03-24T17:20:34.653096Z","ts":"2018-03-24T17:20:34.653096Z","uid":"CBs8sZ2kIbw2QgSdy4","id.orig_h":"10.47.22.25","id.orig_p":58947,"id.resp_h":"10.47.2.153","id.resp_p":514,"proto":"udp","facility":"LOCAL0","severity":"NOTICE","message":"1 2018-03-24T09:04:24-07:00 Kramer.jerry.land EvntSLog - - - An account was successfully logged on. Subject: Security ID: S-1-0-0 Account Name: - Account Domain: - Logon ID: 0x0 Logon Type: 3 New Logon: Security ID: S-1-5-21-1311969832-1707640848-2310541705-1105 Account Name: PC-HELEN$ Account Domain: JERRY Logon ID: 0x3bd31d1 Logon GUID: {D52D5354-D559-C750-C8D2-116840F77103} Process Information: Process ID: 0x0 Process Name: - Network Information: Workstation Name: Source Network Address: 172.20.0.82 Source Port: 49917 Detailed Authentication Information: Logon Process: Kerberos Authentication Package: Kerberos Transited Services: - Package Name (NTLM only): - Key Length: 0 This event is generated when a logon session is created. It is generated on the computer that was accessed. The subject fields indicate the account on the local system which requested the logon. This is most commonly a service such as the Server service, or a local process such as Winlogon.exe or Services.exe. The logon type field indicates the kind of logon that occurred. The most common types are 2 (interactive) and 3 (network). The New Logon fields indicate the account for whom the new logon was created, i.e. the account that was logged on. The network fields indicate where a remote logon request originated. Workstation name is not always available and may be left blank in some cases. The authentication information fields provide detailed information about this specific logon request. - Logon GUID is a unique identifier that can be used to correlate this event with a KDC event. - Transited services indicate which intermediate services have participated in this logon request. - Package name indicates which sub-protocol was used among the NTLM protocols. - Key length indicates the length of the generated session key. This will be 0 if no session key was requested."}
{"_path":"syslog","_write_ts":"2018-03-24T17:20:34.653100Z","ts":"2018-03-24T17:20:34.653100Z","uid":"CBs8sZ2kIbw2QgSdy4","id.orig_h":"10.47.22.25","id.orig_p":58947,"id.resp_h":"10.47.2.153","id.resp_p":514,"proto":"udp","facility":"LOCAL0","severity":"NOTICE","message":"1 2018-03-24T09:04:24-07:00 Kramer.jerry.land EvntSLog - - - An account was successfully logged on. Subject: Security ID: S-1-0-0 Account Name: - Account Domain: - Logon ID: 0x0 Logon Type: 3 New Logon: Security ID: S-1-5-21-1311969832-1707640848-2310541705-1105 Account Name: PC-HELEN$ Account Domain: JERRY Logon ID: 0x3bd31d1 Logon GUID: {D52D5354-D559-C750-C8D2-116840F77103} Process Information: Process ID: 0x0 Process Name: - Network Information: Workstation Name: Source Network Address: 172.20.0.82 Source Port: 49917 Detailed Authentication Information: Logon Process: Kerberos Authentication Package: Kerberos Transited Services: - Package Name (NTLM only): - Key Length: 0 This event is generated when a logon session is created. It is generated on the computer that was accessed. The subject fields indicate the account on the local system which requested the logon. This is most commonly a service such as the Server service, or a local process such as Winlogon.exe or Services.exe. The logon type field indicates the kind of logon that occurred. The most common types are 2 (interactive) and 3 (network). The New Logon fields indicate the account for whom the new logon was created, i.e. the account that was logged on. The network fields indicate where a remote logon request originated. Workstation name is not always available and may be left blank in some cases. The authentication information fields provide detailed information about this specific logon request. - Logon GUID is a unique identifier that can be used to correlate this event with a KDC event. - Transited services indicate which intermediate services have participated in this logon request. - Package name indicates which sub-protocol was used among the NTLM protocols. - Key length indicates the length of the generated session key. This will be 0 if no session key was requested."}
{"_path":"syslog","_write_ts":"2018-03-24T17:20:47.403289Z","ts":"2018-03-24T17:20:47.403289Z","uid":"CjvGcY2CSizwLel0Yk","id.orig_h":"10.47.22.80","id.orig_p":51899,"id.resp_h":"10.47.2.153","id.resp_p":514,"proto":"udp","facility":"LOCAL0","severity":"INFO","message":"1 2018-03-24T09:04:37-07:00 PC-newman.jerry.land EvntSLog - - - The Windows Installer service entered the stopped state."}
{"_path":"syslog","_write_ts":"2018-03-24T17:20:47.403292Z","ts":"2018-03-24T17:20:47.403292Z","uid":"CjvGcY2CSizwLel0Yk","id.orig_h":"10.47.22.80","id.orig_p":51899,"id.resp_h":"10.47.2.153","id.resp_p":514,"proto":"udp","facility":"LOCAL0","severity":"INFO","message":"1 2018-03-24T09:04:37-07:00 PC-newman.jerry.land EvntSLog - - - The Windows Installer service entered the stopped state."}
{"_path":"syslog","_write_ts":"2018-03-24T17:20:47.403293Z","ts":"2018-03-24T17:20:47.403293Z","uid":"CjvGcY2CSizwLel0Yk","id.orig_h":"10.47.22.80","id.orig_p":51899,"id.resp_h":"10.47.2.153","id.resp_p":514,"proto":"udp","facility":"LOCAL0","severity":"INFO","message":"1 2018-03-24T09:04:37-07:00 PC-newman.jerry.land EvntSLog - - - The Windows Installer service entered the stopped state."}
{"_path":"syslog","_write_ts":"2018-03-24T17:20:47.403295Z","ts":"2018-03-24T17:20:47.403295Z","uid":"CjvGcY2CSizwLel0Yk","id.orig_h":"10.47.22.80","id.orig_p":51899,"id.resp_h":"10.47.2.153","id.resp_p":514,"proto":"udp","facility":"LOCAL0","severity":"INFO","message":"1 2018-03-24T09:04:37-07:00 PC-newman.jerry.land EvntSLog - - - The Windows Installer service entered the stopped state."}
{"_path":"syslog","_write_ts":"2018-03-24T17:20:47.767229Z","ts":"2018-03-24T17:20:47.767229Z","uid":"CBs8sZ2kIbw2QgSdy4","id.orig_h":"10.47.22.25","id.orig_p":58947,"id.resp_h":"10.47.2.153","id.resp_p":514,"proto":"udp","facility":"LOCAL0","severity":"NOTICE","message":"1 2018-03-24T09:04:37-07:00 Kramer.jerry.land EvntSLog - - - An account was logged off. Subject: Security ID: S-1-5-21-1311969832-1707640848-2310541705-1105 Account Name: PC-HELEN$ Account Domain: JERRY Logon ID: 0x3bd31d1 Logon Type: 3 This event is generated when a logon session is destroyed. It may be positively correlated with a logon event using the Logon ID value. Logon IDs are only unique between reboots on the same computer."}
{"_path":"syslog","_write_ts":"2018-03-24T17:20:47.767232Z","ts":"2018-03-24T17:20:47.767232Z","uid":"CBs8sZ2kIbw2QgSdy4","id.orig_h":"10.47.22.25","id.orig_p":58947,"id.resp_h":"10.47.2.153","id.resp_p":514,"proto":"udp","facility":"LOCAL0","severity":"NOTICE","message":"1 2018-03-24T09:04:37-07:00 Kramer.jerry.land EvntSLog - - - An account was logged off. Subject: Security ID: S-1-5-21-1311969832-1707640848-2310541705-1105 Account Name: PC-HELEN$ Account Domain: JERRY Logon ID: 0x3bd31d1 Logon Type: 3 This event is generated when a logon session is destroyed. It may be positively correlated with a logon event using the Logon ID value. Logon IDs are only unique between reboots on the same computer."}
{"_path":"syslog","_write_ts":"2018-03-24T17:20:47.767234Z","ts":"2018-03-24T17:20:47.767234Z","uid":"CBs8sZ2kIbw2QgSdy4","id.orig_h":"10.47.22.25","id.orig_p":58947,"id.resp_h":"10.47.2.153","id.resp_p":514,"proto":"udp","facility":"LOCAL0","severity":"NOTICE","message":"1 2018-03-24T09:04:37-07:00 Kramer.jerry.land EvntSLog - - - An account was logged off. Subject: Security ID: S-1-5-21-1311969832-1707640848-2310541705-1105 Account Name: PC-HELEN$ Account Domain: JERRY Logon ID: 0x3bd31d1 Logon Type: 3 This event is generated when a logon session is destroyed. It may be positively correlated with a logon event using the Logon ID value. Logon IDs are only unique between reboots on the same computer."}
{"_path":"syslog","_write_ts":"2018-03-24T17:20:47.767236Z","ts":"2018-03-24T17:20:47.767236Z","uid":"CBs8sZ2kIbw2QgSdy4","id.orig_h":"10.47.22.25","id.orig_p":58947,"id.resp_h":"10.47.2.153","id.resp_p":514,"proto":"udp","facility":"LOCAL0","severity":"NOTICE","message":"1 2018-03-24T09:04:37-07:00 Kramer.jerry.land EvntSLog - - - An account was logged off. Subject: Security ID: S-1-5-21-1311969832-1707640848-2310541705-1105 Account Name: PC-HELEN$ Account Domain: JERRY Logon ID: 0x3bd31d1 Logon Type: 3 This event is generated when a logon session is destroyed. It may be positively correlated with a logon event using the Logon ID value. Logon IDs are only unique between reboots on the same computer."}
{"_path":"syslog","_write_ts":"2018-03-24T17:21:05.003001Z","ts":"2018-03-24T17:21:05.003001Z","uid":"CBs8sZ2kIbw2QgSdy4","id.orig_h":"10.47.22.25","id.orig_p":58947,"id.resp_h":"10.47.2.153","id.resp_p":514,"proto":"udp","facility":"LOCAL0","severity":"NOTICE","message":"1 2018-03-24T09:04:55-07:00 Kramer.jerry.land EvntSLog - - - Special privileges assigned to new logon. Subject: Security ID: S-1-5-18 Account Name: KRAMER$ Account Domain: JERRY Logon ID: 0x3bd6d68 Privileges: SeSecurityPrivilege SeBackupPrivilege SeRestorePrivilege SeTakeOwnershipPrivilege SeDebugPrivilege SeSystemEnvironmentPrivilege SeLoadDriverPrivilege SeImpersonatePrivilege SeEnableDelegationPrivilege"}
{"_path":"syslog","_write_ts":"2018-03-24T17:21:05.003004Z","ts":"2018-03-24T17:21:05.003004Z","uid":"CBs8sZ2kIbw2QgSdy4","id.orig_h":"10.47.22.25","id.orig_p":58947,"id.resp_h":"10.47.2.153","id.resp_p":514,"proto":"udp","facility":"LOCAL0","severity":"NOTICE","message":"1 2018-03-24T09:04:55-07:00 Kramer.jerry.land EvntSLog - - - Special privileges assigned to new logon. Subject: Security ID: S-1-5-18 Account Name: KRAMER$ Account Domain: JERRY Logon ID: 0x3bd6d68 Privileges: SeSecurityPrivilege SeBackupPrivilege SeRestorePrivilege SeTakeOwnershipPrivilege SeDebugPrivilege SeSystemEnvironmentPrivilege SeLoadDriverPrivilege SeImpersonatePrivilege SeEnableDelegationPrivilege"}
{"_path":"syslog","_write_ts":"2018-03-24T17:21:05.003172Z","ts":"2018-03-24T17:21:05.003172Z","uid":"CBs8sZ2kIbw2QgSdy4","id.orig_h":"10.47.22.25","id.orig_p":58947,"id.resp_h":"10.47.2.153","id.resp_p":514,"proto":"udp","facility":"LOCAL0","severity":"NOTICE","message":"1 2018-03-24T09:04:55-07:00 Kramer.jerry.land EvntSLog - - - Special privileges assigned to new logon. Subject: Security ID: S-1-5-18 Account Name: KRAMER$ Account Domain: JERRY Logon ID: 0x3bd6d68 Privileges: SeSecurityPrivilege SeBackupPrivilege SeRestorePrivilege SeTakeOwnershipPrivilege SeDebugPrivilege SeSystemEnvironmentPrivilege SeLoadDriverPrivilege SeImpersonatePrivilege SeEnableDelegationPrivilege"}
{"_path":"syslog","_write_ts":"2018-03-24T17:21:05.003401Z","ts":"2018-03-24T17:21:05.003401Z","uid":"CBs8sZ2kIbw2QgSdy4","id.orig_h":"10.47.22.25","id.orig_p":58947,"id.resp_h":"10.47.2.153","id.resp_p":514,"proto":"udp","facility":"LOCAL0","severity":"NOTICE","message":"1 2018-03-24T09:04:55-07:00 Kramer.jerry.land EvntSLog - - - Special privileges assigned to new logon. Subject: Security ID: S-1-5-18 Account Name: KRAMER$ Account Domain: JERRY Logon ID: 0x3bd6d68 Privileges: SeSecurityPrivilege SeBackupPrivilege SeRestorePrivilege SeTakeOwnershipPrivilege SeDebugPrivilege SeSystemEnvironmentPrivilege SeLoadDriverPrivilege SeImpersonatePrivilege SeEnableDelegationPrivilege"}
