{"_path":"syslog","_write_ts":"2018-03-24T17:17:49.298095Z","ts":"2018-03-24T17:17:49.298095Z","uid":"ClIW0K7GCQpzzKukf","id.orig_h":"10.47.22.25","id.orig_p":58947,"id.resp_h":"10.47.2.153","id.resp_p":514,"proto":"udp","facility":"LOCAL0","severity":"NOTICE","message":"1 2018-03-24T09:01:39-07:00 Kramer.jerry.land EvntSLog - - - An account was logged off. Subject: Security ID: S-1-5-21-1311969832-1707640848-2310541705-1103 Account Name: PC-NEWMAN$ Account Domain: JERRY Logon ID: 0x3bae18e Logon Type: 3 This event is generated when a logon session is destroyed. It may be positively correlated with a logon event using the Logon ID value. Logon IDs are only unique between reboots on the same computer."}
{"_path":"syslog","_write_ts":"2018-03-24T17:18:25.746829Z","ts":"2018-03-24T17:18:25.746829Z","uid":"Ch0AfDSaPcbmWiE8l","id.orig_h":"10.47.22.82","id.orig_p":62695,"id.resp_h":"10.47.2.153","id.resp_p":514,"proto":"udp","facility":"LOCAL0","severity":"INFO","message":"1 2018-03-24T09:02:16-07:00 PC-helen.jerry.land EvntSLog - - - @cee: {\"source\": \"PC-helen.jerry.land\", \"msg\": \"The Application Experience service entered the stopped state.\", \"nteventlogtype\": \"System\", \"sourceproc\": \"Service Control Manager\", \"id\": \"7036\", \"categoryid\": \"0\", \"category\": \"0\", \"keywordid\": \"0x8080000000000000\", \"user\": \"N\\\\A\", \"param1\": \"Application Experience\", \"param2\": \"stopped\", \"catname\": \"\", \"keyword\": \"Classic\", \"level\": \"Information\"}"}
{"_path":"syslog","_write_ts":"2018-03-24T17:18:25.746858Z","ts":"2018-03-24T17:18:25.746858Z","uid":"Ch0AfDSaPcbmWiE8l","id.orig_h":"10.47.22.82","id.orig_p":62695,"id.resp_h":"10.47.2.153","id.resp_p":514,"proto":"udp","facility":"LOCAL0","severity":"INFO","message":"1 2018-03-24T09:02:16-07:00 PC-helen.jerry.land EvntSLog - - - @cee: {\"source\": \"PC-helen.jerry.land\", \"msg\": \"The Application Experience service entered the stopped state.\", \"nteventlogtype\": \"System\", \"sourceproc\": \"Service Control Manager\", \"id\": \"7036\", \"categoryid\": \"0\", \"category\": \"0\", \"keywordid\": \"0x8080000000000000\", \"user\": \"N\\\\A\", \"param1\": \"Application Experience\", \"param2\": \"stopped\", \"catname\": \"\", \"keyword\": \"Classic\", \"level\": \"Information\"}"}
{"_path":"syslog","_write_ts":"2018-03-24T17:18:25.747112Z","ts":"2018-03-24T17:18:25.747112Z","uid":"Ch0AfDSaPcbmWiE8l","id.orig_h":"10.47.22.82","id.orig_p":62695,"id.resp_h":"10.47.2.153","id.resp_p":514,"proto":"udp","facility":"LOCAL0","severity":"INFO","message":"1 2018-03-24T09:02:16-07:00 PC-helen.jerry.land EvntSLog - - - @cee: {\"source\": \"PC-helen.jerry.land\", \"msg\": \"The Application Experience service entered the stopped state.\", \"nteventlogtype\": \"System\", \"sourceproc\": \"Service Control Manager\", \"id\": \"7036\", \"categoryid\": \"0\", \"category\": \"0\", \"keywordid\": \"0x8080000000000000\", \"user\": \"N\\\\A\", \"param1\": \"Application Experience\", \"param2\": \"stopped\", \"catname\": \"\", \"keyword\": \"Classic\", \"level\": \"Information\"}"}
{"_path":"syslog","_write_ts":"2018-03-24T17:18:25.747113Z","ts":"2018-03-24T17:18:25.747113Z","uid":"Ch0AfDSaPcbmWiE8l","id.orig_h":"10.47.22.82","id.orig_p":62695,"id.resp_h":"10.47.2.153","id.resp_p":514,"proto":"udp","facility":"LOCAL0","severity":"INFO","message":"1 2018-03-24T09:02:16-07:00 PC-helen.jerry.land EvntSLog - - - @cee: {\"source\": \"PC-helen.jerry.land\", \"msg\": \"The Application Experience service entered the stopped state.\", \"nteventlogtype\": \"System\", \"sourceproc\": \"Service Control Manager\", \"id\": \"7036\", \"categoryid\": \"0\", \"category\": \"0\", \"keywordid\": \"0x8080000000000000\", \"user\": \"N\\\\A\", \"param1\": \"Application Experience\", \"param2\": \"stopped\", \"catname\": \"\", \"keyword\": \"Classic\", \"level\": \"Information\"}"}
{"_path":"syslog","_write_ts":"2018-03-24T17:18:57.780650Z","ts":"2018-03-24T17:18:57.780650Z","uid":"Ch0AfDSaPcbmWiE8l","id.orig_h":"10.47.22.82","id.orig_p":62695,"id.resp_h":"10.47.2.153","id.resp_p":514,"proto":"udp","facility":"LOCAL0","severity":"INFO","message":"1 2018-03-24T09:02:48-07:00 PC-helen.jerry.land EvntSLog - - - @cee: {\"source\": \"PC-helen.jerry.land\", \"msg\": \"Task Scheduler successfully completed task \\\"\\\\Microsoft\\\\Windows\\\\RAC\\\\RacTask\\\" , instance \\\"{1C056058-E4E9-4E18-9ECA-ACD687FFCF0E}\\\" , action \\\"ReliabilityAnalysisCustomHandler\\\" with return code 0.\", \"nteventlogtype\": \"Microsoft-Windows-TaskScheduler/Operational\", \"sourceproc\": \"Microsoft-Windows-TaskScheduler\", \"id\": \"201\", \"categoryid\": \"201\", \"category\": \"201\", \"keywordid\": \"0x8000000000000000\", \"user\": \"NT AUTHORITY\\\\SYSTEM\", \"user_sid\": \"S-1-5-18\", \"TaskName\": \"\\\\Microsoft\\\\Windows\\\\RAC\\\\RacTask\", \"TaskInstanceId\": \"{1C056058-E4E9-4E18-9ECA-ACD687FFCF0E}\", \"ActionName\": \"ReliabilityAnalysisCustomHandler\", \"ResultCode\": \"0\", \"catname\": \"Action completed\", \"level\": \"Information\"}"}
{"_path":"syslog","_write_ts":"2018-03-24T17:18:57.780652Z","ts":"2018-03-24T17:18:57.780652Z","uid":"Ch0AfDSaPcbmWiE8l","id.orig_h":"10.47.22.82","id.orig_p":62695,"id.resp_h":"10.47.2.153","id.resp_p":514,"proto":"udp","facility":"LOCAL0","severity":"INFO","message":"1 2018-03-24T09:02:48-07:00 PC-helen.jerry.land EvntSLog - - - @cee: {\"source\": \"PC-helen.jerry.land\", \"msg\": \"Task Scheduler successfully completed task \\\"\\\\Microsoft\\\\Windows\\\\RAC\\\\RacTask\\\" , instance \\\"{1C056058-E4E9-4E18-9ECA-ACD687FFCF0E}\\\" , action \\\"ReliabilityAnalysisCustomHandler\\\" with return code 0.\", \"nteventlogtype\": \"Microsoft-Windows-TaskScheduler/Operational\", \"sourceproc\": \"Microsoft-Windows-TaskScheduler\", \"id\": \"201\", \"categoryid\": \"201\", \"category\": \"201\", \"keywordid\": \"0x8000000000000000\", \"user\": \"NT AUTHORITY\\\\SYSTEM\", \"user_sid\": \"S-1-5-18\", \"TaskName\": \"\\\\Microsoft\\\\Windows\\\\RAC\\\\RacTask\", \"TaskInstanceId\": \"{1C056058-E4E9-4E18-9ECA-ACD687FFCF0E}\", \"ActionName\": \"ReliabilityAnalysisCustomHandler\", \"ResultCode\": \"0\", \"catname\": \"Action completed\", \"level\": \"Information\"}"}
{"_path":"syslog","_write_ts":"2018-03-24T17:18:57.780780Z","ts":"2018-03-24T17:18:57.780780Z","uid":"Ch0AfDSaPcbmWiE8l","id.orig_h":"10.47.22.82","id.orig_p":62695,"id.resp_h":"10.47.2.153","id.resp_p":514,"proto":"udp","facility":"LOCAL0","severity":"INFO","message":"1 2018-03-24T09:02:48-07:00 PC-helen.jerry.land EvntSLog - - - @cee: {\"source\": \"PC-helen.jerry.land\", \"msg\": \"Task Scheduler successfully completed task \\\"\\\\Microsoft\\\\Windows\\\\RAC\\\\RacTask\\\" , instance \\\"{1C056058-E4E9-4E18-9ECA-ACD687FFCF0E}\\\" , action \\\"ReliabilityAnalysisCustomHandler\\\" with return code 0.\", \"nteventlogtype\": \"Microsoft-Windows-TaskScheduler/Operational\", \"sourceproc\": \"Microsoft-Windows-TaskScheduler\", \"id\": \"201\", \"categoryid\": \"201\", \"category\": \"201\", \"keywordid\": \"0x8000000000000000\", \"user\": \"NT AUTHORITY\\\\SYSTEM\", \"user_sid\": \"S-1-5-18\", \"TaskName\": \"\\\\Microsoft\\\\Windows\\\\RAC\\\\RacTask\", \"TaskInstanceId\": \"{1C056058-E4E9-4E18-9ECA-ACD687FFCF0E}\", \"ActionName\": \"ReliabilityAnalysisCustomHandler\", \"ResultCode\": \"0\", \"catname\": \"Action completed\", \"level\": \"Information\"}"}
{"_path":"syslog","_write_ts":"2018-03-24T17:18:57.780782Z","ts":"2018-03-24T17:18:57.780782Z","uid":"Ch0AfDSaPcbmWiE8l","id.orig_h":"10.47.22.82","id.orig_p":62695,"id.resp_h":"10.47.2.153","id.resp_p":514,"proto":"udp","facility":"LOCAL0","severity":"INFO","message":"1 2018-03-24T09:02:48-07:00 PC-helen.jerry.land EvntSLog - - - @cee: {\"source\": \"PC-helen.jerry.land\", \"msg\": \"Task Scheduler successfully completed task \\\"\\\\Microsoft\\\\Windows\\\\RAC\\\\RacTask\\\" , instance \\\"{1C056058-E4E9-4E18-9ECA-ACD687FFCF0E}\\\" , action \\\"ReliabilityAnalysisCustomHandler\\\" with return code 0.\", \"nteventlogtype\": \"Microsoft-Windows-TaskScheduler/Operational\", \"sourceproc\": \"Microsoft-Windows-TaskScheduler\", \"id\": \"201\", \"categoryid\": \"201\", \"category\": \"201\", \"keywordid\": \"0x8000000000000000\", \"user\": \"NT AUTHORITY\\\\SYSTEM\", \"user_sid\": \"S-1-5-18\", \"TaskName\": \"\\\\Microsoft\\\\Windows\\\\RAC\\\\RacTask\", \"TaskInstanceId\": \"{1C056058-E4E9-4E18-9ECA-ACD687FFCF0E}\", \"ActionName\": \"ReliabilityAnalysisCustomHandler\", \"ResultCode\": \"0\", \"catname\": \"Action completed\", \"level\": \"Information\"}"}
{"_path":"syslog","_write_ts":"2018-03-24T17:18:57.794404Z","ts":"2018-03-24T17:18:57.794404Z","uid":"Ch0AfDSaPcbmWiE8l","id.orig_h":"10.47.22.82","id.orig_p":62695,"id.resp_h":"10.47.2.153","id.resp_p":514,"proto":"udp","facility":"LOCAL0","severity":"INFO","message":"1 2018-03-24T09:02:48-07:00 PC-helen.jerry.land EvntSLog - - - @cee: {\"source\": \"PC-helen.jerry.land\", \"msg\": \"Task Scheduler successfully finished \\\"{1C056058-E4E9-4E18-9ECA-ACD687FFCF0E}\\\" instance of the \\\"\\\\Microsoft\\\\Windows\\\\RAC\\\\RacTask\\\" task for user \\\"NT AUTHORITY\\\\LOCAL SERVICE\\\".\", \"nteventlogtype\": \"Microsoft-Windows-TaskScheduler/Operational\", \"sourceproc\": \"Microsoft-Windows-TaskScheduler\", \"id\": \"102\", \"categoryid\": \"102\", \"category\": \"102\", \"keywordid\": \"0x8000000000000001\", \"user\": \"NT AUTHORITY\\\\SYSTEM\", \"user_sid\": \"S-1-5-18\", \"TaskName\": \"\\\\Microsoft\\\\Windows\\\\RAC\\\\RacTask\", \"UserContext\": \"NT AUTHORITY\\\\LOCAL SERVICE\", \"InstanceId\": \"{1C056058-E4E9-4E18-9ECA-ACD687FFCF0E}\", \"catname\": \"Task completed\", \"level\": \"Information\"}"}
{"_path":"syslog","_write_ts":"2018-03-24T17:18:57.794408Z","ts":"2018-03-24T17:18:57.794408Z","uid":"Ch0AfDSaPcbmWiE8l","id.orig_h":"10.47.22.82","id.orig_p":62695,"id.resp_h":"10.47.2.153","id.resp_p":514,"proto":"udp","facility":"LOCAL0","severity":"INFO","message":"1 2018-03-24T09:02:48-07:00 PC-helen.jerry.land EvntSLog - - - @cee: {\"source\": \"PC-helen.jerry.land\", \"msg\": \"Task Scheduler successfully finished \\\"{1C056058-E4E9-4E18-9ECA-ACD687FFCF0E}\\\" instance of the \\\"\\\\Microsoft\\\\Windows\\\\RAC\\\\RacTask\\\" task for user \\\"NT AUTHORITY\\\\LOCAL SERVICE\\\".\", \"nteventlogtype\": \"Microsoft-Windows-TaskScheduler/Operational\", \"sourceproc\": \"Microsoft-Windows-TaskScheduler\", \"id\": \"102\", \"categoryid\": \"102\", \"category\": \"102\", \"keywordid\": \"0x8000000000000001\", \"user\": \"NT AUTHORITY\\\\SYSTEM\", \"user_sid\": \"S-1-5-18\", \"TaskName\": \"\\\\Microsoft\\\\Windows\\\\RAC\\\\RacTask\", \"UserContext\": \"NT AUTHORITY\\\\LOCAL SERVICE\", \"InstanceId\": \"{1C056058-E4E9-4E18-9ECA-ACD687FFCF0E}\", \"catname\": \"Task completed\", \"level\": \"Information\"}"}
{"_path":"syslog","_write_ts":"2018-03-24T17:18:57.794415Z","ts":"2018-03-24T17:18:57.794415Z","uid":"Ch0AfDSaPcbmWiE8l","id.orig_h":"10.47.22.82","id.orig_p":62695,"id.resp_h":"10.47.2.153","id.resp_p":514,"proto":"udp","facility":"LOCAL0","severity":"INFO","message":"1 2018-03-24T09:02:48-07:00 PC-helen.jerry.land EvntSLog - - - @cee: {\"source\": \"PC-helen.jerry.land\", \"msg\": \"Task Scheduler successfully finished \\\"{1C056058-E4E9-4E18-9ECA-ACD687FFCF0E}\\\" instance of the \\\"\\\\Microsoft\\\\Windows\\\\RAC\\\\RacTask\\\" task for user \\\"NT AUTHORITY\\\\LOCAL SERVICE\\\".\", \"nteventlogtype\": \"Microsoft-Windows-TaskScheduler/Operational\", \"sourceproc\": \"Microsoft-Windows-TaskScheduler\", \"id\": \"102\", \"categoryid\": \"102\", \"category\": \"102\", \"keywordid\": \"0x8000000000000001\", \"user\": \"NT AUTHORITY\\\\SYSTEM\", \"user_sid\": \"S-1-5-18\", \"TaskName\": \"\\\\Microsoft\\\\Windows\\\\RAC\\\\RacTask\", \"UserContext\": \"NT AUTHORITY\\\\LOCAL SERVICE\", \"InstanceId\": \"{1C056058-E4E9-4E18-9ECA-ACD687FFCF0E}\", \"catname\": \"Task completed\", \"level\": \"Information\"}"}
{"_path":"syslog","_write_ts":"2018-03-24T17:18:57.794417Z","ts":"2018-03-24T17:18:57.794417Z","uid":"Ch0AfDSaPcbmWiE8l","id.orig_h":"10.47.22.82","id.orig_p":62695,"id.resp_h":"10.47.2.153","id.resp_p":514,"proto":"udp","facility":"LOCAL0","severity":"INFO","message":"1 2018-03-24T09:02:48-07:00 PC-helen.jerry.land EvntSLog - - - @cee: {\"source\": \"PC-helen.jerry.land\", \"msg\": \"Task Scheduler successfully finished \\\"{1C056058-E4E9-4E18-9ECA-ACD687FFCF0E}\\\" instance of the \\\"\\\\Microsoft\\\\Windows\\\\RAC\\\\RacTask\\\" task for user \\\"NT AUTHORITY\\\\LOCAL SERVICE\\\".\", \"nteventlogtype\": \"Microsoft-Windows-TaskScheduler/Operational\", \"sourceproc\": \"Microsoft-Windows-TaskScheduler\", \"id\": \"102\", \"categoryid\": \"102\", \"category\": \"102\", \"keywordid\": \"0x8000000000000001\", \"user\": \"NT AUTHORITY\\\\SYSTEM\", \"user_sid\": \"S-1-5-18\", \"TaskName\": \"\\\\Microsoft\\\\Windows\\\\RAC\\\\RacTask\", \"UserContext\": \"NT AUTHORITY\\\\LOCAL SERVICE\", \"InstanceId\": \"{1C056058-E4E9-4E18-9ECA-ACD687FFCF0E}\", \"catname\": \"Task completed\", \"level\": \"Information\"}"}
{"_path":"syslog","_write_ts":"2018-03-24T17:19:05.750225Z","ts":"2018-03-24T17:19:05.750225Z","uid":"Ch0AfDSaPcbmWiE8l","id.orig_h":"10.47.22.82","id.orig_p":62695,"id.resp_h":"10.47.2.153","id.resp_p":514,"proto":"udp","facility":"LOCAL0","severity":"INFO","message":"1 2018-03-24T09:02:56-07:00 PC-helen.jerry.land EvntSLog - - - @cee: {\"source\": \"PC-helen.jerry.land\", \"msg\": \"A summary of the Client Side Caching counters has been generated. The counter list can be found in the event details.\", \"nteventlogtype\": \"Microsoft-Windows-BranchCacheSMB/Operational\", \"sourceproc\": \"Microsoft-Windows-BranchCacheSMB\", \"id\": \"3005\", \"categoryid\": \"0\", \"category\": \"0\", \"keywordid\": \"0x8000000000000800\", \"user\": \"NT AUTHORITY\\\\SYSTEM\", \"user_sid\": \"S-1-5-18\", \"catname\": \"\", \"keyword\": \"SMB BranchCache\", \"level\": \"Information\"}"}
{"_path":"syslog","_write_ts":"2018-03-24T17:19:05.750229Z","ts":"2018-03-24T17:19:05.750229Z","uid":"Ch0AfDSaPcbmWiE8l","id.orig_h":"10.47.22.82","id.orig_p":62695,"id.resp_h":"10.47.2.153","id.resp_p":514,"proto":"udp","facility":"LOCAL0","severity":"INFO","message":"1 2018-03-24T09:02:56-07:00 PC-helen.jerry.land EvntSLog - - - @cee: {\"source\": \"PC-helen.jerry.land\", \"msg\": \"A summary of the Client Side Caching counters has been generated. The counter list can be found in the event details.\", \"nteventlogtype\": \"Microsoft-Windows-BranchCacheSMB/Operational\", \"sourceproc\": \"Microsoft-Windows-BranchCacheSMB\", \"id\": \"3005\", \"categoryid\": \"0\", \"category\": \"0\", \"keywordid\": \"0x8000000000000800\", \"user\": \"NT AUTHORITY\\\\SYSTEM\", \"user_sid\": \"S-1-5-18\", \"catname\": \"\", \"keyword\": \"SMB BranchCache\", \"level\": \"Information\"}"}
{"_path":"syslog","_write_ts":"2018-03-24T17:19:05.750231Z","ts":"2018-03-24T17:19:05.750231Z","uid":"Ch0AfDSaPcbmWiE8l","id.orig_h":"10.47.22.82","id.orig_p":62695,"id.resp_h":"10.47.2.153","id.resp_p":514,"proto":"udp","facility":"LOCAL0","severity":"INFO","message":"1 2018-03-24T09:02:56-07:00 PC-helen.jerry.land EvntSLog - - - @cee: {\"source\": \"PC-helen.jerry.land\", \"msg\": \"A summary of the Client Side Caching counters has been generated. The counter list can be found in the event details.\", \"nteventlogtype\": \"Microsoft-Windows-BranchCacheSMB/Operational\", \"sourceproc\": \"Microsoft-Windows-BranchCacheSMB\", \"id\": \"3005\", \"categoryid\": \"0\", \"category\": \"0\", \"keywordid\": \"0x8000000000000800\", \"user\": \"NT AUTHORITY\\\\SYSTEM\", \"user_sid\": \"S-1-5-18\", \"catname\": \"\", \"keyword\": \"SMB BranchCache\", \"level\": \"Information\"}"}
{"_path":"syslog","_write_ts":"2018-03-24T17:19:05.750233Z","ts":"2018-03-24T17:19:05.750233Z","uid":"Ch0AfDSaPcbmWiE8l","id.orig_h":"10.47.22.82","id.orig_p":62695,"id.resp_h":"10.47.2.153","id.resp_p":514,"proto":"udp","facility":"LOCAL0","severity":"INFO","message":"1 2018-03-24T09:02:56-07:00 PC-helen.jerry.land EvntSLog - - - @cee: {\"source\": \"PC-helen.jerry.land\", \"msg\": \"A summary of the Client Side Caching counters has been generated. The counter list can be found in the event details.\", \"nteventlogtype\": \"Microsoft-Windows-BranchCacheSMB/Operational\", \"sourceproc\": \"Microsoft-Windows-BranchCacheSMB\", \"id\": \"3005\", \"categoryid\": \"0\", \"category\": \"0\", \"keywordid\": \"0x8000000000000800\", \"user\": \"NT AUTHORITY\\\\SYSTEM\", \"user_sid\": \"S-1-5-18\", \"catname\": \"\", \"keyword\": \"SMB BranchCache\", \"level\": \"Information\"}"}
{"_path":"syslog","_write_ts":"2018-03-24T17:19:10.417190Z","ts":"2018-03-24T17:19:10.417190Z","uid":"CBs8sZ2kIbw2QgSdy4","id.orig_h":"10.47.22.25","id.orig_p":58947,"id.resp_h":"10.47.2.153","id.resp_p":514,"proto":"udp","facility":"LOCAL0","severity":"NOTICE","message":"1 2018-03-24T09:03:00-07:00 Kramer.jerry.land EvntSLog - - - An account was logged off. Subject: Security ID: S-1-5-18 Account Name: KRAMER$ Account Domain: JERRY Logon ID: 0x3bae917 Logon Type: 3 This event is generated when a logon session is destroyed. It may be positively correlated with a logon event using the Logon ID value. Logon IDs are only unique between reboots on the same computer."}
{"_path":"syslog","_write_ts":"2018-03-24T17:19:10.417194Z","ts":"2018-03-24T17:19:10.417194Z","uid":"CBs8sZ2kIbw2QgSdy4","id.orig_h":"10.47.22.25","id.orig_p":58947,"id.resp_h":"10.47.2.153","id.resp_p":514,"proto":"udp","facility":"LOCAL0","severity":"NOTICE","message":"1 2018-03-24T09:03:00-07:00 Kramer.jerry.land EvntSLog - - - An account was logged off. Subject: Security ID: S-1-5-18 Account Name: KRAMER$ Account Domain: JERRY Logon ID: 0x3bae917 Logon Type: 3 This event is generated when a logon session is destroyed. It may be positively correlated with a logon event using the Logon ID value. Logon IDs are only unique between reboots on the same computer."}
{"_path":"syslog","_write_ts":"2018-03-24T17:19:10.417456Z","ts":"2018-03-24T17:19:10.417456Z","uid":"CBs8sZ2kIbw2QgSdy4","id.orig_h":"10.47.22.25","id.orig_p":58947,"id.resp_h":"10.47.2.153","id.resp_p":514,"proto":"udp","facility":"LOCAL0","severity":"NOTICE","message":"1 2018-03-24T09:03:00-07:00 Kramer.jerry.land EvntSLog - - - An account was logged off. Subject: Security ID: S-1-5-18 Account Name: KRAMER$ Account Domain: JERRY Logon ID: 0x3bae917 Logon Type: 3 This event is generated when a logon session is destroyed. It may be positively correlated with a logon event using the Logon ID value. Logon IDs are only unique between reboots on the same computer."}
{"_path":"syslog","_write_ts":"2018-03-24T17:19:10.417460Z","ts":"2018-03-24T17:19:10.417460Z","uid":"CBs8sZ2kIbw2QgSdy4","id.orig_h":"10.47.22.25","id.orig_p":58947,"id.resp_h":"10.47.2.153","id.resp_p":514,"proto":"udp","facility":"LOCAL0","severity":"NOTICE","message":"1 2018-03-24T09:03:00-07:00 Kramer.jerry.land EvntSLog - - - An account was logged off. Subject: Security ID: S-1-5-18 Account Name: KRAMER$ Account Domain: JERRY Logon ID: 0x3bae917 Logon Type: 3 This event is generated when a logon session is destroyed. It may be positively correlated with a logon event using the Logon ID value. Logon IDs are only unique between reboots on the same computer."}
{"_path":"syslog","_write_ts":"2018-03-24T17:19:19.542631Z","ts":"2018-03-24T17:19:19.542631Z","uid":"CBs8sZ2kIbw2QgSdy4","id.orig_h":"10.47.22.25","id.orig_p":58947,"id.resp_h":"10.47.2.153","id.resp_p":514,"proto":"udp","facility":"LOCAL0","severity":"NOTICE","message":"1 2018-03-24T09:03:10-07:00 Kramer.jerry.land EvntSLog - - - Special privileges assigned to new logon. Subject: Security ID: S-1-5-18 Account Name: KRAMER$ Account Domain: JERRY Logon ID: 0x3bca9c0 Privileges: SeSecurityPrivilege SeBackupPrivilege SeRestorePrivilege SeTakeOwnershipPrivilege SeDebugPrivilege SeSystemEnvironmentPrivilege SeLoadDriverPrivilege SeImpersonatePrivilege SeEnableDelegationPrivilege"}
{"_path":"syslog","_write_ts":"2018-03-24T17:19:19.542634Z","ts":"2018-03-24T17:19:19.542634Z","uid":"CBs8sZ2kIbw2QgSdy4","id.orig_h":"10.47.22.25","id.orig_p":58947,"id.resp_h":"10.47.2.153","id.resp_p":514,"proto":"udp","facility":"LOCAL0","severity":"NOTICE","message":"1 2018-03-24T09:03:10-07:00 Kramer.jerry.land EvntSLog - - - Special privileges assigned to new logon. Subject: Security ID: S-1-5-18 Account Name: KRAMER$ Account Domain: JERRY Logon ID: 0x3bca9c0 Privileges: SeSecurityPrivilege SeBackupPrivilege SeRestorePrivilege SeTakeOwnershipPrivilege SeDebugPrivilege SeSystemEnvironmentPrivilege SeLoadDriverPrivilege SeImpersonatePrivilege SeEnableDelegationPrivilege"}
{"_path":"syslog","_write_ts":"2018-03-24T17:19:19.542636Z","ts":"2018-03-24T17:19:19.542636Z","uid":"CBs8sZ2kIbw2QgSdy4","id.orig_h":"10.47.22.25","id.orig_p":58947,"id.resp_h":"10.47.2.153","id.resp_p":514,"proto":"udp","facility":"LOCAL0","severity":"NOTICE","message":"1 2018-03-24T09:03:10-07:00 Kramer.jerry.land EvntSLog - - - Special privileges assigned to new logon. Subject: Security ID: S-1-5-18 Account Name: KRAMER$ Account Domain: JERRY Logon ID: 0x3bca9c0 Privileges: SeSecurityPrivilege SeBackupPrivilege SeRestorePrivilege SeTakeOwnershipPrivilege SeDebugPrivilege SeSystemEnvironmentPrivilege SeLoadDriverPrivilege SeImpersonatePrivilege SeEnableDelegationPrivilege"}
{"_path":"syslog","_write_ts":"2018-03-24T17:19:19.542804Z","ts":"2018-03-24T17:19:19.542804Z","uid":"CBs8sZ2kIbw2QgSdy4","id.orig_h":"10.47.22.25","id.orig_p":58947,"id.resp_h":"10.47.2.153","id.resp_p":514,"proto":"udp","facility":"LOCAL0","severity":"NOTICE","message":"1 2018-03-24T09:03:10-07:00 Kramer.jerry.land EvntSLog - - - Special privileges assigned to new logon. Subject: Security ID: S-1-5-18 Account Name: KRAMER$ Account Domain: JERRY Logon ID: 0x3bca9c0 Privileges: SeSecurityPrivilege SeBackupPrivilege SeRestorePrivilege SeTakeOwnershipPrivilege SeDebugPrivilege SeSystemEnvironmentPrivilege SeLoadDriverPrivilege SeImpersonatePrivilege SeEnableDelegationPrivilege"}
{"_path":"syslog","_write_ts":"2018-03-24T17:19:19.559185Z","ts":"2018-03-24T17:19:19.559185Z","uid":"CBs8sZ2kIbw2QgSdy4","id.orig_h":"10.47.22.25","id.orig_p":58947,"id.resp_h":"10.47.2.153","id.resp_p":514,"proto":"udp","facility":"LOCAL0","severity":"NOTICE","message":"1 2018-03-24T09:03:10-07:00 Kramer.jerry.land EvntSLog - - - An account was successfully logged on. Subject: Security ID: S-1-0-0 Account Name: - Account Domain: - Logon ID: 0x0 Logon Type: 3 New Logon: Security ID: S-1-5-18 Account Name: KRAMER$ Account Domain: JERRY Logon ID: 0x3bca9c0 Logon GUID: {BDDFA7F6-0709-D075-56BD-5FF3A48E10B5} Process Information: Process ID: 0x0 Process Name: - Network Information: Workstation Name: Source Network Address: ::1 Source Port: 49374 Detailed Authentication Information: Logon Process: Kerberos Authentication Package: Kerberos Transited Services: - Package Name (NTLM only): - Key Length: 0 This event is generated when a logon session is created. It is generated on the computer that was accessed. The subject fields indicate the account on the local system which requested the logon. This is most commonly a service such as the Server service, or a local process such as Winlogon.exe or Services.exe. The logon type field indicates the kind of logon that occurred. The most common types are 2 (interactive) and 3 (network). The New Logon fields indicate the account for whom the new logon was created, i.e. the account that was logged on. The network fields indicate where a remote logon request originated. Workstation name is not always available and may be left blank in some cases. The authentication information fields provide detailed information about this specific logon request. - Logon GUID is a unique identifier that can be used to correlate this event with a KDC event. - Transited services indicate which intermediate services have participated in this logon request. - Package name indicates which sub-protocol was used among the NTLM protocols. - Key length indicates the length of the generated session key. This will be 0 if no session key was requested."}
{"_path":"syslog","_write_ts":"2018-03-24T17:19:19.559190Z","ts":"2018-03-24T17:19:19.559190Z","uid":"CBs8sZ2kIbw2QgSdy4","id.orig_h":"10.47.22.25","id.orig_p":58947,"id.resp_h":"10.47.2.153","id.resp_p":514,"proto":"udp","facility":"LOCAL0","severity":"NOTICE","message":"1 2018-03-24T09:03:10-07:00 Kramer.jerry.land EvntSLog - - - An account was successfully logged on. Subject: Security ID: S-1-0-0 Account Name: - Account Domain: - Logon ID: 0x0 Logon Type: 3 New Logon: Security ID: S-1-5-18 Account Name: KRAMER$ Account Domain: JERRY Logon ID: 0x3bca9c0 Logon GUID: {BDDFA7F6-0709-D075-56BD-5FF3A48E10B5} Process Information: Process ID: 0x0 Process Name: - Network Information: Workstation Name: Source Network Address: ::1 Source Port: 49374 Detailed Authentication Information: Logon Process: Kerberos Authentication Package: Kerberos Transited Services: - Package Name (NTLM only): - Key Length: 0 This event is generated when a logon session is created. It is generated on the computer that was accessed. The subject fields indicate the account on the local system which requested the logon. This is most commonly a service such as the Server service, or a local process such as Winlogon.exe or Services.exe. The logon type field indicates the kind of logon that occurred. The most common types are 2 (interactive) and 3 (network). The New Logon fields indicate the account for whom the new logon was created, i.e. the account that was logged on. The network fields indicate where a remote logon request originated. Workstation name is not always available and may be left blank in some cases. The authentication information fields provide detailed information about this specific logon request. - Logon GUID is a unique identifier that can be used to correlate this event with a KDC event. - Transited services indicate which intermediate services have participated in this logon request. - Package name indicates which sub-protocol was used among the NTLM protocols. - Key length indicates the length of the generated session key. This will be 0 if no session key was requested."}
{"_path":"syslog","_write_ts":"2018-03-24T17:19:19.559195Z","ts":"2018-03-24T17:19:19.559195Z","uid":"CBs8sZ2kIbw2QgSdy4","id.orig_h":"10.47.22.25","id.orig_p":58947,"id.resp_h":"10.47.2.153","id.resp_p":514,"proto":"udp","facility":"LOCAL0","severity":"NOTICE","message":"1 2018-03-24T09:03:10-07:00 Kramer.jerry.land EvntSLog - - - An account was successfully logged on. Subject: Security ID: S-1-0-0 Account Name: - Account Domain: - Logon ID: 0x0 Logon Type: 3 New Logon: Security ID: S-1-5-18 Account Name: KRAMER$ Account Domain: JERRY Logon ID: 0x3bca9c0 Logon GUID: {BDDFA7F6-0709-D075-56BD-5FF3A48E10B5} Process Information: Process ID: 0x0 Process Name: - Network Information: Workstation Name: Source Network Address: ::1 Source Port: 49374 Detailed Authentication Information: Logon Process: Kerberos Authentication Package: Kerberos Transited Services: - Package Name (NTLM only): - Key Length: 0 This event is generated when a logon session is created. It is generated on the computer that was accessed. The subject fields indicate the account on the local system which requested the logon. This is most commonly a service such as the Server service, or a local process such as Winlogon.exe or Services.exe. The logon type field indicates the kind of logon that occurred. The most common types are 2 (interactive) and 3 (network). The New Logon fields indicate the account for whom the new logon was created, i.e. the account that was logged on. The network fields indicate where a remote logon request originated. Workstation name is not always available and may be left blank in some cases. The authentication information fields provide detailed information about this specific logon request. - Logon GUID is a unique identifier that can be used to correlate this event with a KDC event. - Transited services indicate which intermediate services have participated in this logon request. - Package name indicates which sub-protocol was used among the NTLM protocols. - Key length indicates the length of the generated session key. This will be 0 if no session key was requested."}
{"_path":"syslog","_write_ts":"2018-03-24T17:19:19.559450Z","ts":"2018-03-24T17:19:19.559450Z","uid":"CBs8sZ2kIbw2QgSdy4","id.orig_h":"10.47.22.25","id.orig_p":58947,"id.resp_h":"10.47.2.153","id.resp_p":514,"proto":"udp","facility":"LOCAL0","severity":"NOTICE","message":"1 2018-03-24T09:03:10-07:00 Kramer.jerry.land EvntSLog - - - An account was successfully logged on. Subject: Security ID: S-1-0-0 Account Name: - Account Domain: - Logon ID: 0x0 Logon Type: 3 New Logon: Security ID: S-1-5-18 Account Name: KRAMER$ Account Domain: JERRY Logon ID: 0x3bca9c0 Logon GUID: {BDDFA7F6-0709-D075-56BD-5FF3A48E10B5} Process Information: Process ID: 0x0 Process Name: - Network Information: Workstation Name: Source Network Address: ::1 Source Port: 49374 Detailed Authentication Information: Logon Process: Kerberos Authentication Package: Kerberos Transited Services: - Package Name (NTLM only): - Key Length: 0 This event is generated when a logon session is created. It is generated on the computer that was accessed. The subject fields indicate the account on the local system which requested the logon. This is most commonly a service such as the Server service, or a local process such as Winlogon.exe or Services.exe. The logon type field indicates the kind of logon that occurred. The most common types are 2 (interactive) and 3 (network). The New Logon fields indicate the account for whom the new logon was created, i.e. the account that was logged on. The network fields indicate where a remote logon request originated. Workstation name is not always available and may be left blank in some cases. The authentication information fields provide detailed information about this specific logon request. - Logon GUID is a unique identifier that can be used to correlate this event with a KDC event. - Transited services indicate which intermediate services have participated in this logon request. - Package name indicates which sub-protocol was used among the NTLM protocols. - Key length indicates the length of the generated session key. This will be 0 if no session key was requested."}
{"_path":"syslog","_write_ts":"2018-03-24T17:20:15.317838Z","ts":"2018-03-24T17:20:15.317838Z","uid":"CBs8sZ2kIbw2QgSdy4","id.orig_h":"10.47.22.25","id.orig_p":58947,"id.resp_h":"10.47.2.153","id.resp_p":514,"proto":"udp","facility":"LOCAL0","severity":"NOTICE","message":"1 2018-03-24T09:04:06-07:00 Kramer.jerry.land EvntSLog - - - An account was successfully logged on. Subject: Security ID: S-1-0-0 Account Name: - Account Domain: - Logon ID: 0x0 Logon Type: 3 New Logon: Security ID: S-1-5-7 Account Name: ANONYMOUS LOGON Account Domain: NT AUTHORITY Logon ID: 0x3bd0df5 Logon GUID: {00000000-0000-0000-0000-000000000000} Process Information: Process ID: 0x0 Process Name: - Network Information: Workstation Name: PC-SUSAN Source Network Address: 172.20.0.81 Source Port: 1955 Detailed Authentication Information: Logon Process: NtLmSsp Authentication Package: NTLM Transited Services: - Package Name (NTLM only): NTLM V1 Key Length: 128 This event is generated when a logon session is created. It is generated on the computer that was accessed. The subject fields indicate the account on the local system which requested the logon. This is most commonly a service such as the Server service, or a local process such as Winlogon.exe or Services.exe. The logon type field indicates the kind of logon that occurred. The most common types are 2 (interactive) and 3 (network). The New Logon fields indicate the account for whom the new logon was created, i.e. the account that was logged on. The network fields indicate where a remote logon request originated. Workstation name is not always available and may be left blank in some cases. The authentication information fields provide detailed information about this specific logon request. - Logon GUID is a unique identifier that can be used to correlate this event with a KDC event. - Transited services indicate which intermediate services have participated in this logon request. - Package name indicates which sub-protocol was used among the NTLM protocols. - Key length indicates the length of the generated session key. This will be 0 if no session key was requested."}
{"_path":"syslog","_write_ts":"2018-03-24T17:20:15.317873Z","ts":"2018-03-24T17:20:15.317873Z","uid":"CBs8sZ2kIbw2QgSdy4","id.orig_h":"10.47.22.25","id.orig_p":58947,"id.resp_h":"10.47.2.153","id.resp_p":514,"proto":"udp","facility":"LOCAL0","severity":"NOTICE","message":"1 2018-03-24T09:04:06-07:00 Kramer.jerry.land EvntSLog - - - An account was successfully logged on. Subject: Security ID: S-1-0-0 Account Name: - Account Domain: - Logon ID: 0x0 Logon Type: 3 New Logon: Security ID: S-1-5-7 Account Name: ANONYMOUS LOGON Account Domain: NT AUTHORITY Logon ID: 0x3bd0df5 Logon GUID: {00000000-0000-0000-0000-000000000000} Process Information: Process ID: 0x0 Process Name: - Network Information: Workstation Name: PC-SUSAN Source Network Address: 172.20.0.81 Source Port: 1955 Detailed Authentication Information: Logon Process: NtLmSsp Authentication Package: NTLM Transited Services: - Package Name (NTLM only): NTLM V1 Key Length: 128 This event is generated when a logon session is created. It is generated on the computer that was accessed. The subject fields indicate the account on the local system which requested the logon. This is most commonly a service such as the Server service, or a local process such as Winlogon.exe or Services.exe. The logon type field indicates the kind of logon that occurred. The most common types are 2 (interactive) and 3 (network). The New Logon fields indicate the account for whom the new logon was created, i.e. the account that was logged on. The network fields indicate where a remote logon request originated. Workstation name is not always available and may be left blank in some cases. The authentication information fields provide detailed information about this specific logon request. - Logon GUID is a unique identifier that can be used to correlate this event with a KDC event. - Transited services indicate which intermediate services have participated in this logon request. - Package name indicates which sub-protocol was used among the NTLM protocols. - Key length indicates the length of the generated session key. This will be 0 if no session key was requested."}
{"_path":"syslog","_write_ts":"2018-03-24T17:20:15.318183Z","ts":"2018-03-24T17:20:15.318183Z","uid":"CBs8sZ2kIbw2QgSdy4","id.orig_h":"10.47.22.25","id.orig_p":58947,"id.resp_h":"10.47.2.153","id.resp_p":514,"proto":"udp","facility":"LOCAL0","severity":"NOTICE","message":"1 2018-03-24T09:04:06-07:00 Kramer.jerry.land EvntSLog - - - An account was successfully logged on. Subject: Security ID: S-1-0-0 Account Name: - Account Domain: - Logon ID: 0x0 Logon Type: 3 New Logon: Security ID: S-1-5-7 Account Name: ANONYMOUS LOGON Account Domain: NT AUTHORITY Logon ID: 0x3bd0df5 Logon GUID: {00000000-0000-0000-0000-000000000000} Process Information: Process ID: 0x0 Process Name: - Network Information: Workstation Name: PC-SUSAN Source Network Address: 172.20.0.81 Source Port: 1955 Detailed Authentication Information: Logon Process: NtLmSsp Authentication Package: NTLM Transited Services: - Package Name (NTLM only): NTLM V1 Key Length: 128 This event is generated when a logon session is created. It is generated on the computer that was accessed. The subject fields indicate the account on the local system which requested the logon. This is most commonly a service such as the Server service, or a local process such as Winlogon.exe or Services.exe. The logon type field indicates the kind of logon that occurred. The most common types are 2 (interactive) and 3 (network). The New Logon fields indicate the account for whom the new logon was created, i.e. the account that was logged on. The network fields indicate where a remote logon request originated. Workstation name is not always available and may be left blank in some cases. The authentication information fields provide detailed information about this specific logon request. - Logon GUID is a unique identifier that can be used to correlate this event with a KDC event. - Transited services indicate which intermediate services have participated in this logon request. - Package name indicates which sub-protocol was used among the NTLM protocols. - Key length indicates the length of the generated session key. This will be 0 if no session key was requested."}
{"_path":"syslog","_write_ts":"2018-03-24T17:20:15.318188Z","ts":"2018-03-24T17:20:15.318188Z","uid":"CBs8sZ2kIbw2QgSdy4","id.orig_h":"10.47.22.25","id.orig_p":58947,"id.resp_h":"10.47.2.153","id.resp_p":514,"proto":"udp","facility":"LOCAL0","severity":"NOTICE","message":"1 2018-03-24T09:04:06-07:00 Kramer.jerry.land EvntSLog - - - An account was successfully logged on. Subject: Security ID: S-1-0-0 Account Name: - Account Domain: - Logon ID: 0x0 Logon Type: 3 New Logon: Security ID: S-1-5-7 Account Name: ANONYMOUS LOGON Account Domain: NT AUTHORITY Logon ID: 0x3bd0df5 Logon GUID: {00000000-0000-0000-0000-000000000000} Process Information: Process ID: 0x0 Process Name: - Network Information: Workstation Name: PC-SUSAN Source Network Address: 172.20.0.81 Source Port: 1955 Detailed Authentication Information: Logon Process: NtLmSsp Authentication Package: NTLM Transited Services: - Package Name (NTLM only): NTLM V1 Key Length: 128 This event is generated when a logon session is created. It is generated on the computer that was accessed. The subject fields indicate the account on the local system which requested the logon. This is most commonly a service such as the Server service, or a local process such as Winlogon.exe or Services.exe. The logon type field indicates the kind of logon that occurred. The most common types are 2 (interactive) and 3 (network). The New Logon fields indicate the account for whom the new logon was created, i.e. the account that was logged on. The network fields indicate where a remote logon request originated. Workstation name is not always available and may be left blank in some cases. The authentication information fields provide detailed information about this specific logon request. - Logon GUID is a unique identifier that can be used to correlate this event with a KDC event. - Transited services indicate which intermediate services have participated in this logon request. - Package name indicates which sub-protocol was used among the NTLM protocols. - Key length indicates the length of the generated session key. This will be 0 if no session key was requested."}
{"_path":"syslog","_write_ts":"2018-03-24T17:20:15.333559Z","ts":"2018-03-24T17:20:15.333559Z","uid":"CBs8sZ2kIbw2QgSdy4","id.orig_h":"10.47.22.25","id.orig_p":58947,"id.resp_h":"10.47.2.153","id.resp_p":514,"proto":"udp","facility":"LOCAL0","severity":"NOTICE","message":"1 2018-03-24T09:04:06-07:00 Kramer.jerry.land EvntSLog - - - An account was successfully logged on. Subject: Security ID: S-1-0-0 Account Name: - Account Domain: - Logon ID: 0x0 Logon Type: 3 New Logon: Security ID: S-1-5-7 Account Name: ANONYMOUS LOGON Account Domain: NT AUTHORITY Logon ID: 0x3bd0e05 Logon GUID: {00000000-0000-0000-0000-000000000000} Process Information: Process ID: 0x0 Process Name: - Network Information: Workstation Name: PC-SUSAN Source Network Address: 172.20.0.81 Source Port: 1956 Detailed Authentication Information: Logon Process: NtLmSsp Authentication Package: NTLM Transited Services: - Package Name (NTLM only): NTLM V1 Key Length: 128 This event is generated when a logon session is created. It is generated on the computer that was accessed. The subject fields indicate the account on the local system which requested the logon. This is most commonly a service such as the Server service, or a local process such as Winlogon.exe or Services.exe. The logon type field indicates the kind of logon that occurred. The most common types are 2 (interactive) and 3 (network). The New Logon fields indicate the account for whom the new logon was created, i.e. the account that was logged on. The network fields indicate where a remote logon request originated. Workstation name is not always available and may be left blank in some cases. The authentication information fields provide detailed information about this specific logon request. - Logon GUID is a unique identifier that can be used to correlate this event with a KDC event. - Transited services indicate which intermediate services have participated in this logon request. - Package name indicates which sub-protocol was used among the NTLM protocols. - Key length indicates the length of the generated session key. This will be 0 if no session key was requested."}
{"_path":"syslog","_write_ts":"2018-03-24T17:20:15.333563Z","ts":"2018-03-24T17:20:15.333563Z","uid":"CBs8sZ2kIbw2QgSdy4","id.orig_h":"10.47.22.25","id.orig_p":58947,"id.resp_h":"10.47.2.153","id.resp_p":514,"proto":"udp","facility":"LOCAL0","severity":"NOTICE","message":"1 2018-03-24T09:04:06-07:00 Kramer.jerry.land EvntSLog - - - An account was successfully logged on. Subject: Security ID: S-1-0-0 Account Name: - Account Domain: - Logon ID: 0x0 Logon Type: 3 New Logon: Security ID: S-1-5-7 Account Name: ANONYMOUS LOGON Account Domain: NT AUTHORITY Logon ID: 0x3bd0e05 Logon GUID: {00000000-0000-0000-0000-000000000000} Process Information: Process ID: 0x0 Process Name: - Network Information: Workstation Name: PC-SUSAN Source Network Address: 172.20.0.81 Source Port: 1956 Detailed Authentication Information: Logon Process: NtLmSsp Authentication Package: NTLM Transited Services: - Package Name (NTLM only): NTLM V1 Key Length: 128 This event is generated when a logon session is created. It is generated on the computer that was accessed. The subject fields indicate the account on the local system which requested the logon. This is most commonly a service such as the Server service, or a local process such as Winlogon.exe or Services.exe. The logon type field indicates the kind of logon that occurred. The most common types are 2 (interactive) and 3 (network). The New Logon fields indicate the account for whom the new logon was created, i.e. the account that was logged on. The network fields indicate where a remote logon request originated. Workstation name is not always available and may be left blank in some cases. The authentication information fields provide detailed information about this specific logon request. - Logon GUID is a unique identifier that can be used to correlate this event with a KDC event. - Transited services indicate which intermediate services have participated in this logon request. - Package name indicates which sub-protocol was used among the NTLM protocols. - Key length indicates the length of the generated session key. This will be 0 if no session key was requested."}
{"_path":"syslog","_write_ts":"2018-03-24T17:20:15.333702Z","ts":"2018-03-24T17:20:15.333702Z","uid":"CBs8sZ2kIbw2QgSdy4","id.orig_h":"10.47.22.25","id.orig_p":58947,"id.resp_h":"10.47.2.153","id.resp_p":514,"proto":"udp","facility":"LOCAL0","severity":"NOTICE","message":"1 2018-03-24T09:04:06-07:00 Kramer.jerry.land EvntSLog - - - An account was successfully logged on. Subject: Security ID: S-1-0-0 Account Name: - Account Domain: - Logon ID: 0x0 Logon Type: 3 New Logon: Security ID: S-1-5-7 Account Name: ANONYMOUS LOGON Account Domain: NT AUTHORITY Logon ID: 0x3bd0e05 Logon GUID: {00000000-0000-0000-0000-000000000000} Process Information: Process ID: 0x0 Process Name: - Network Information: Workstation Name: PC-SUSAN Source Network Address: 172.20.0.81 Source Port: 1956 Detailed Authentication Information: Logon Process: NtLmSsp Authentication Package: NTLM Transited Services: - Package Name (NTLM only): NTLM V1 Key Length: 128 This event is generated when a logon session is created. It is generated on the computer that was accessed. The subject fields indicate the account on the local system which requested the logon. This is most commonly a service such as the Server service, or a local process such as Winlogon.exe or Services.exe. The logon type field indicates the kind of logon that occurred. The most common types are 2 (interactive) and 3 (network). The New Logon fields indicate the account for whom the new logon was created, i.e. the account that was logged on. The network fields indicate where a remote logon request originated. Workstation name is not always available and may be left blank in some cases. The authentication information fields provide detailed information about this specific logon request. - Logon GUID is a unique identifier that can be used to correlate this event with a KDC event. - Transited services indicate which intermediate services have participated in this logon request. - Package name indicates which sub-protocol was used among the NTLM protocols. - Key length indicates the length of the generated session key. This will be 0 if no session key was requested."}
{"_path":"syslog","_write_ts":"2018-03-24T17:20:15.333707Z","ts":"2018-03-24T17:20:15.333707Z","uid":"CBs8sZ2kIbw2QgSdy4","id.orig_h":"10.47.22.25","id.orig_p":58947,"id.resp_h":"10.47.2.153","id.resp_p":514,"proto":"udp","facility":"LOCAL0","severity":"NOTICE","message":"1 2018-03-24T09:04:06-07:00 Kramer.jerry.land EvntSLog - - - An account was successfully logged on. Subject: Security ID: S-1-0-0 Account Name: - Account Domain: - Logon ID: 0x0 Logon Type: 3 New Logon: Security ID: S-1-5-7 Account Name: ANONYMOUS LOGON Account Domain: NT AUTHORITY Logon ID: 0x3bd0e05 Logon GUID: {00000000-0000-0000-0000-000000000000} Process Information: Process ID: 0x0 Process Name: - Network Information: Workstation Name: PC-SUSAN Source Network Address: 172.20.0.81 Source Port: 1956 Detailed Authentication Information: Logon Process: NtLmSsp Authentication Package: NTLM Transited Services: - Package Name (NTLM only): NTLM V1 Key Length: 128 This event is generated when a logon session is created. It is generated on the computer that was accessed. The subject fields indicate the account on the local system which requested the logon. This is most commonly a service such as the Server service, or a local process such as Winlogon.exe or Services.exe. The logon type field indicates the kind of logon that occurred. The most common types are 2 (interactive) and 3 (network). The New Logon fields indicate the account for whom the new logon was created, i.e. the account that was logged on. The network fields indicate where a remote logon request originated. Workstation name is not always available and may be left blank in some cases. The authentication information fields provide detailed information about this specific logon request. - Logon GUID is a unique identifier that can be used to correlate this event with a KDC event. - Transited services indicate which intermediate services have participated in this logon request. - Package name indicates which sub-protocol was used among the NTLM protocols. - Key length indicates the length of the generated session key. This will be 0 if no session key was requested."}
