{"_path":"syslog","_write_ts":"2018-03-24T17:32:11.181810Z","ts":"2018-03-24T17:32:11.181810Z","uid":"CChO2A3YGYEv3SR8T","id.orig_h":"10.47.22.81","id.orig_p":60245,"id.resp_h":"10.47.2.153","id.resp_p":514,"proto":"udp","facility":"LOCAL0","severity":"INFO","message":"1 2018-03-24T09:16:01-07:00 PC-susan.jerry.land EvntSLog - - - @cee: {\"source\": \"PC-susan.jerry.land\", \"msg\": \"Task Scheduler successfully completed task \\\"\\\\Microsoft\\\\Windows\\\\RAC\\\\RacTask\\\" , instance \\\"{5831CCFF-76B1-4391-86BB-23AAB8F5A373}\\\" , action \\\"ReliabilityAnalysisCustomHandler\\\" with return code 0.\", \"nteventlogtype\": \"Microsoft-Windows-TaskScheduler/Operational\", \"sourceproc\": \"Microsoft-Windows-TaskScheduler\", \"id\": \"201\", \"categoryid\": \"201\", \"category\": \"201\", \"keywordid\": \"0x8000000000000000\", \"user\": \"NT AUTHORITY\\\\SYSTEM\", \"user_sid\": \"S-1-5-18\", \"TaskName\": \"\\\\Microsoft\\\\Windows\\\\RAC\\\\RacTask\", \"TaskInstanceId\": \"{5831CCFF-76B1-4391-86BB-23AAB8F5A373}\", \"ActionName\": \"ReliabilityAnalysisCustomHandler\", \"ResultCode\": \"0\", \"catname\": \"Action completed\", \"level\": \"Information\"}"}
{"_path":"syslog","_write_ts":"2018-03-24T17:32:11.181816Z","ts":"2018-03-24T17:32:11.181816Z","uid":"CChO2A3YGYEv3SR8T","id.orig_h":"10.47.22.81","id.orig_p":60245,"id.resp_h":"10.47.2.153","id.resp_p":514,"proto":"udp","facility":"LOCAL0","severity":"INFO","message":"1 2018-03-24T09:16:01-07:00 PC-susan.jerry.land EvntSLog - - - @cee: {\"source\": \"PC-susan.jerry.land\", \"msg\": \"Task Scheduler successfully completed task \\\"\\\\Microsoft\\\\Windows\\\\RAC\\\\RacTask\\\" , instance \\\"{5831CCFF-76B1-4391-86BB-23AAB8F5A373}\\\" , action \\\"ReliabilityAnalysisCustomHandler\\\" with return code 0.\", \"nteventlogtype\": \"Microsoft-Windows-TaskScheduler/Operational\", \"sourceproc\": \"Microsoft-Windows-TaskScheduler\", \"id\": \"201\", \"categoryid\": \"201\", \"category\": \"201\", \"keywordid\": \"0x8000000000000000\", \"user\": \"NT AUTHORITY\\\\SYSTEM\", \"user_sid\": \"S-1-5-18\", \"TaskName\": \"\\\\Microsoft\\\\Windows\\\\RAC\\\\RacTask\", \"TaskInstanceId\": \"{5831CCFF-76B1-4391-86BB-23AAB8F5A373}\", \"ActionName\": \"ReliabilityAnalysisCustomHandler\", \"ResultCode\": \"0\", \"catname\": \"Action completed\", \"level\": \"Information\"}"}
{"_path":"syslog","_write_ts":"2018-03-24T17:32:11.182025Z","ts":"2018-03-24T17:32:11.182025Z","uid":"CChO2A3YGYEv3SR8T","id.orig_h":"10.47.22.81","id.orig_p":60245,"id.resp_h":"10.47.2.153","id.resp_p":514,"proto":"udp","facility":"LOCAL0","severity":"INFO","message":"1 2018-03-24T09:16:01-07:00 PC-susan.jerry.land EvntSLog - - - @cee: {\"source\": \"PC-susan.jerry.land\", \"msg\": \"Task Scheduler successfully completed task \\\"\\\\Microsoft\\\\Windows\\\\RAC\\\\RacTask\\\" , instance \\\"{5831CCFF-76B1-4391-86BB-23AAB8F5A373}\\\" , action \\\"ReliabilityAnalysisCustomHandler\\\" with return code 0.\", \"nteventlogtype\": \"Microsoft-Windows-TaskScheduler/Operational\", \"sourceproc\": \"Microsoft-Windows-TaskScheduler\", \"id\": \"201\", \"categoryid\": \"201\", \"category\": \"201\", \"keywordid\": \"0x8000000000000000\", \"user\": \"NT AUTHORITY\\\\SYSTEM\", \"user_sid\": \"S-1-5-18\", \"TaskName\": \"\\\\Microsoft\\\\Windows\\\\RAC\\\\RacTask\", \"TaskInstanceId\": \"{5831CCFF-76B1-4391-86BB-23AAB8F5A373}\", \"ActionName\": \"ReliabilityAnalysisCustomHandler\", \"ResultCode\": \"0\", \"catname\": \"Action completed\", \"level\": \"Information\"}"}
{"_path":"syslog","_write_ts":"2018-03-24T17:32:11.182030Z","ts":"2018-03-24T17:32:11.182030Z","uid":"CChO2A3YGYEv3SR8T","id.orig_h":"10.47.22.81","id.orig_p":60245,"id.resp_h":"10.47.2.153","id.resp_p":514,"proto":"udp","facility":"LOCAL0","severity":"INFO","message":"1 2018-03-24T09:16:01-07:00 PC-susan.jerry.land EvntSLog - - - @cee: {\"source\": \"PC-susan.jerry.land\", \"msg\": \"Task Scheduler successfully completed task \\\"\\\\Microsoft\\\\Windows\\\\RAC\\\\RacTask\\\" , instance \\\"{5831CCFF-76B1-4391-86BB-23AAB8F5A373}\\\" , action \\\"ReliabilityAnalysisCustomHandler\\\" with return code 0.\", \"nteventlogtype\": \"Microsoft-Windows-TaskScheduler/Operational\", \"sourceproc\": \"Microsoft-Windows-TaskScheduler\", \"id\": \"201\", \"categoryid\": \"201\", \"category\": \"201\", \"keywordid\": \"0x8000000000000000\", \"user\": \"NT AUTHORITY\\\\SYSTEM\", \"user_sid\": \"S-1-5-18\", \"TaskName\": \"\\\\Microsoft\\\\Windows\\\\RAC\\\\RacTask\", \"TaskInstanceId\": \"{5831CCFF-76B1-4391-86BB-23AAB8F5A373}\", \"ActionName\": \"ReliabilityAnalysisCustomHandler\", \"ResultCode\": \"0\", \"catname\": \"Action completed\", \"level\": \"Information\"}"}
{"_path":"syslog","_write_ts":"2018-03-24T17:32:11.196430Z","ts":"2018-03-24T17:32:11.196430Z","uid":"CChO2A3YGYEv3SR8T","id.orig_h":"10.47.22.81","id.orig_p":60245,"id.resp_h":"10.47.2.153","id.resp_p":514,"proto":"udp","facility":"LOCAL0","severity":"INFO","message":"1 2018-03-24T09:16:01-07:00 PC-susan.jerry.land EvntSLog - - - @cee: {\"source\": \"PC-susan.jerry.land\", \"msg\": \"Task Scheduler successfully finished \\\"{5831CCFF-76B1-4391-86BB-23AAB8F5A373}\\\" instance of the \\\"\\\\Microsoft\\\\Windows\\\\RAC\\\\RacTask\\\" task for user \\\"NT AUTHORITY\\\\LOCAL SERVICE\\\".\", \"nteventlogtype\": \"Microsoft-Windows-TaskScheduler/Operational\", \"sourceproc\": \"Microsoft-Windows-TaskScheduler\", \"id\": \"102\", \"categoryid\": \"102\", \"category\": \"102\", \"keywordid\": \"0x8000000000000001\", \"user\": \"NT AUTHORITY\\\\SYSTEM\", \"user_sid\": \"S-1-5-18\", \"TaskName\": \"\\\\Microsoft\\\\Windows\\\\RAC\\\\RacTask\", \"UserContext\": \"NT AUTHORITY\\\\LOCAL SERVICE\", \"InstanceId\": \"{5831CCFF-76B1-4391-86BB-23AAB8F5A373}\", \"catname\": \"Task completed\", \"level\": \"Information\"}"}
{"_path":"syslog","_write_ts":"2018-03-24T17:32:11.196432Z","ts":"2018-03-24T17:32:11.196432Z","uid":"CChO2A3YGYEv3SR8T","id.orig_h":"10.47.22.81","id.orig_p":60245,"id.resp_h":"10.47.2.153","id.resp_p":514,"proto":"udp","facility":"LOCAL0","severity":"INFO","message":"1 2018-03-24T09:16:01-07:00 PC-susan.jerry.land EvntSLog - - - @cee: {\"source\": \"PC-susan.jerry.land\", \"msg\": \"Task Scheduler successfully finished \\\"{5831CCFF-76B1-4391-86BB-23AAB8F5A373}\\\" instance of the \\\"\\\\Microsoft\\\\Windows\\\\RAC\\\\RacTask\\\" task for user \\\"NT AUTHORITY\\\\LOCAL SERVICE\\\".\", \"nteventlogtype\": \"Microsoft-Windows-TaskScheduler/Operational\", \"sourceproc\": \"Microsoft-Windows-TaskScheduler\", \"id\": \"102\", \"categoryid\": \"102\", \"category\": \"102\", \"keywordid\": \"0x8000000000000001\", \"user\": \"NT AUTHORITY\\\\SYSTEM\", \"user_sid\": \"S-1-5-18\", \"TaskName\": \"\\\\Microsoft\\\\Windows\\\\RAC\\\\RacTask\", \"UserContext\": \"NT AUTHORITY\\\\LOCAL SERVICE\", \"InstanceId\": \"{5831CCFF-76B1-4391-86BB-23AAB8F5A373}\", \"catname\": \"Task completed\", \"level\": \"Information\"}"}
{"_path":"syslog","_write_ts":"2018-03-24T17:32:11.196434Z","ts":"2018-03-24T17:32:11.196434Z","uid":"CChO2A3YGYEv3SR8T","id.orig_h":"10.47.22.81","id.orig_p":60245,"id.resp_h":"10.47.2.153","id.resp_p":514,"proto":"udp","facility":"LOCAL0","severity":"INFO","message":"1 2018-03-24T09:16:01-07:00 PC-susan.jerry.land EvntSLog - - - @cee: {\"source\": \"PC-susan.jerry.land\", \"msg\": \"Task Scheduler successfully finished \\\"{5831CCFF-76B1-4391-86BB-23AAB8F5A373}\\\" instance of the \\\"\\\\Microsoft\\\\Windows\\\\RAC\\\\RacTask\\\" task for user \\\"NT AUTHORITY\\\\LOCAL SERVICE\\\".\", \"nteventlogtype\": \"Microsoft-Windows-TaskScheduler/Operational\", \"sourceproc\": \"Microsoft-Windows-TaskScheduler\", \"id\": \"102\", \"categoryid\": \"102\", \"category\": \"102\", \"keywordid\": \"0x8000000000000001\", \"user\": \"NT AUTHORITY\\\\SYSTEM\", \"user_sid\": \"S-1-5-18\", \"TaskName\": \"\\\\Microsoft\\\\Windows\\\\RAC\\\\RacTask\", \"UserContext\": \"NT AUTHORITY\\\\LOCAL SERVICE\", \"InstanceId\": \"{5831CCFF-76B1-4391-86BB-23AAB8F5A373}\", \"catname\": \"Task completed\", \"level\": \"Information\"}"}
{"_path":"syslog","_write_ts":"2018-03-24T17:32:11.196436Z","ts":"2018-03-24T17:32:11.196436Z","uid":"CChO2A3YGYEv3SR8T","id.orig_h":"10.47.22.81","id.orig_p":60245,"id.resp_h":"10.47.2.153","id.resp_p":514,"proto":"udp","facility":"LOCAL0","severity":"INFO","message":"1 2018-03-24T09:16:01-07:00 PC-susan.jerry.land EvntSLog - - - @cee: {\"source\": \"PC-susan.jerry.land\", \"msg\": \"Task Scheduler successfully finished \\\"{5831CCFF-76B1-4391-86BB-23AAB8F5A373}\\\" instance of the \\\"\\\\Microsoft\\\\Windows\\\\RAC\\\\RacTask\\\" task for user \\\"NT AUTHORITY\\\\LOCAL SERVICE\\\".\", \"nteventlogtype\": \"Microsoft-Windows-TaskScheduler/Operational\", \"sourceproc\": \"Microsoft-Windows-TaskScheduler\", \"id\": \"102\", \"categoryid\": \"102\", \"category\": \"102\", \"keywordid\": \"0x8000000000000001\", \"user\": \"NT AUTHORITY\\\\SYSTEM\", \"user_sid\": \"S-1-5-18\", \"TaskName\": \"\\\\Microsoft\\\\Windows\\\\RAC\\\\RacTask\", \"UserContext\": \"NT AUTHORITY\\\\LOCAL SERVICE\", \"InstanceId\": \"{5831CCFF-76B1-4391-86BB-23AAB8F5A373}\", \"catname\": \"Task completed\", \"level\": \"Information\"}"}
{"_path":"syslog","_write_ts":"2018-03-24T17:32:16.329216Z","ts":"2018-03-24T17:32:16.329216Z","uid":"CG9T461KV0VLPWsrch","id.orig_h":"10.47.22.25","id.orig_p":58947,"id.resp_h":"10.47.2.153","id.resp_p":514,"proto":"udp","facility":"LOCAL0","severity":"NOTICE","message":"1 2018-03-24T09:16:06-07:00 Kramer.jerry.land EvntSLog - - - An account was successfully logged on. Subject: Security ID: S-1-0-0 Account Name: - Account Domain: - Logon ID: 0x0 Logon Type: 3 New Logon: Security ID: S-1-5-7 Account Name: ANONYMOUS LOGON Account Domain: NT AUTHORITY Logon ID: 0x3ca2970 Logon GUID: {00000000-0000-0000-0000-000000000000} Process Information: Process ID: 0x0 Process Name: - Network Information: Workstation Name: PC-SUSAN Source Network Address: 172.20.0.81 Source Port: 1972 Detailed Authentication Information: Logon Process: NtLmSsp Authentication Package: NTLM Transited Services: - Package Name (NTLM only): NTLM V1 Key Length: 128 This event is generated when a logon session is created. It is generated on the computer that was accessed. The subject fields indicate the account on the local system which requested the logon. This is most commonly a service such as the Server service, or a local process such as Winlogon.exe or Services.exe. The logon type field indicates the kind of logon that occurred. The most common types are 2 (interactive) and 3 (network). The New Logon fields indicate the account for whom the new logon was created, i.e. the account that was logged on. The network fields indicate where a remote logon request originated. Workstation name is not always available and may be left blank in some cases. The authentication information fields provide detailed information about this specific logon request. - Logon GUID is a unique identifier that can be used to correlate this event with a KDC event. - Transited services indicate which intermediate services have participated in this logon request. - Package name indicates which sub-protocol was used among the NTLM protocols. - Key length indicates the length of the generated session key. This will be 0 if no session key was requested."}
{"_path":"syslog","_write_ts":"2018-03-24T17:32:16.329219Z","ts":"2018-03-24T17:32:16.329219Z","uid":"CG9T461KV0VLPWsrch","id.orig_h":"10.47.22.25","id.orig_p":58947,"id.resp_h":"10.47.2.153","id.resp_p":514,"proto":"udp","facility":"LOCAL0","severity":"NOTICE","message":"1 2018-03-24T09:16:06-07:00 Kramer.jerry.land EvntSLog - - - An account was successfully logged on. Subject: Security ID: S-1-0-0 Account Name: - Account Domain: - Logon ID: 0x0 Logon Type: 3 New Logon: Security ID: S-1-5-7 Account Name: ANONYMOUS LOGON Account Domain: NT AUTHORITY Logon ID: 0x3ca2970 Logon GUID: {00000000-0000-0000-0000-000000000000} Process Information: Process ID: 0x0 Process Name: - Network Information: Workstation Name: PC-SUSAN Source Network Address: 172.20.0.81 Source Port: 1972 Detailed Authentication Information: Logon Process: NtLmSsp Authentication Package: NTLM Transited Services: - Package Name (NTLM only): NTLM V1 Key Length: 128 This event is generated when a logon session is created. It is generated on the computer that was accessed. The subject fields indicate the account on the local system which requested the logon. This is most commonly a service such as the Server service, or a local process such as Winlogon.exe or Services.exe. The logon type field indicates the kind of logon that occurred. The most common types are 2 (interactive) and 3 (network). The New Logon fields indicate the account for whom the new logon was created, i.e. the account that was logged on. The network fields indicate where a remote logon request originated. Workstation name is not always available and may be left blank in some cases. The authentication information fields provide detailed information about this specific logon request. - Logon GUID is a unique identifier that can be used to correlate this event with a KDC event. - Transited services indicate which intermediate services have participated in this logon request. - Package name indicates which sub-protocol was used among the NTLM protocols. - Key length indicates the length of the generated session key. This will be 0 if no session key was requested."}
{"_path":"syslog","_write_ts":"2018-03-24T17:32:16.329813Z","ts":"2018-03-24T17:32:16.329813Z","uid":"CG9T461KV0VLPWsrch","id.orig_h":"10.47.22.25","id.orig_p":58947,"id.resp_h":"10.47.2.153","id.resp_p":514,"proto":"udp","facility":"LOCAL0","severity":"NOTICE","message":"1 2018-03-24T09:16:06-07:00 Kramer.jerry.land EvntSLog - - - An account was successfully logged on. Subject: Security ID: S-1-0-0 Account Name: - Account Domain: - Logon ID: 0x0 Logon Type: 3 New Logon: Security ID: S-1-5-7 Account Name: ANONYMOUS LOGON Account Domain: NT AUTHORITY Logon ID: 0x3ca2970 Logon GUID: {00000000-0000-0000-0000-000000000000} Process Information: Process ID: 0x0 Process Name: - Network Information: Workstation Name: PC-SUSAN Source Network Address: 172.20.0.81 Source Port: 1972 Detailed Authentication Information: Logon Process: NtLmSsp Authentication Package: NTLM Transited Services: - Package Name (NTLM only): NTLM V1 Key Length: 128 This event is generated when a logon session is created. It is generated on the computer that was accessed. The subject fields indicate the account on the local system which requested the logon. This is most commonly a service such as the Server service, or a local process such as Winlogon.exe or Services.exe. The logon type field indicates the kind of logon that occurred. The most common types are 2 (interactive) and 3 (network). The New Logon fields indicate the account for whom the new logon was created, i.e. the account that was logged on. The network fields indicate where a remote logon request originated. Workstation name is not always available and may be left blank in some cases. The authentication information fields provide detailed information about this specific logon request. - Logon GUID is a unique identifier that can be used to correlate this event with a KDC event. - Transited services indicate which intermediate services have participated in this logon request. - Package name indicates which sub-protocol was used among the NTLM protocols. - Key length indicates the length of the generated session key. This will be 0 if no session key was requested."}
{"_path":"syslog","_write_ts":"2018-03-24T17:32:16.329819Z","ts":"2018-03-24T17:32:16.329819Z","uid":"CG9T461KV0VLPWsrch","id.orig_h":"10.47.22.25","id.orig_p":58947,"id.resp_h":"10.47.2.153","id.resp_p":514,"proto":"udp","facility":"LOCAL0","severity":"NOTICE","message":"1 2018-03-24T09:16:06-07:00 Kramer.jerry.land EvntSLog - - - An account was successfully logged on. Subject: Security ID: S-1-0-0 Account Name: - Account Domain: - Logon ID: 0x0 Logon Type: 3 New Logon: Security ID: S-1-5-7 Account Name: ANONYMOUS LOGON Account Domain: NT AUTHORITY Logon ID: 0x3ca2970 Logon GUID: {00000000-0000-0000-0000-000000000000} Process Information: Process ID: 0x0 Process Name: - Network Information: Workstation Name: PC-SUSAN Source Network Address: 172.20.0.81 Source Port: 1972 Detailed Authentication Information: Logon Process: NtLmSsp Authentication Package: NTLM Transited Services: - Package Name (NTLM only): NTLM V1 Key Length: 128 This event is generated when a logon session is created. It is generated on the computer that was accessed. The subject fields indicate the account on the local system which requested the logon. This is most commonly a service such as the Server service, or a local process such as Winlogon.exe or Services.exe. The logon type field indicates the kind of logon that occurred. The most common types are 2 (interactive) and 3 (network). The New Logon fields indicate the account for whom the new logon was created, i.e. the account that was logged on. The network fields indicate where a remote logon request originated. Workstation name is not always available and may be left blank in some cases. The authentication information fields provide detailed information about this specific logon request. - Logon GUID is a unique identifier that can be used to correlate this event with a KDC event. - Transited services indicate which intermediate services have participated in this logon request. - Package name indicates which sub-protocol was used among the NTLM protocols. - Key length indicates the length of the generated session key. This will be 0 if no session key was requested."}
{"_path":"syslog","_write_ts":"2018-03-24T17:32:16.344864Z","ts":"2018-03-24T17:32:16.344864Z","uid":"CG9T461KV0VLPWsrch","id.orig_h":"10.47.22.25","id.orig_p":58947,"id.resp_h":"10.47.2.153","id.resp_p":514,"proto":"udp","facility":"LOCAL0","severity":"NOTICE","message":"1 2018-03-24T09:16:06-07:00 Kramer.jerry.land EvntSLog - - - An account was successfully logged on. Subject: Security ID: S-1-0-0 Account Name: - Account Domain: - Logon ID: 0x0 Logon Type: 3 New Logon: Security ID: S-1-5-7 Account Name: ANONYMOUS LOGON Account Domain: NT AUTHORITY Logon ID: 0x3ca2983 Logon GUID: {00000000-0000-0000-0000-000000000000} Process Information: Process ID: 0x0 Process Name: - Network Information: Workstation Name: PC-SUSAN Source Network Address: 172.20.0.81 Source Port: 1973 Detailed Authentication Information: Logon Process: NtLmSsp Authentication Package: NTLM Transited Services: - Package Name (NTLM only): NTLM V1 Key Length: 128 This event is generated when a logon session is created. It is generated on the computer that was accessed. The subject fields indicate the account on the local system which requested the logon. This is most commonly a service such as the Server service, or a local process such as Winlogon.exe or Services.exe. The logon type field indicates the kind of logon that occurred. The most common types are 2 (interactive) and 3 (network). The New Logon fields indicate the account for whom the new logon was created, i.e. the account that was logged on. The network fields indicate where a remote logon request originated. Workstation name is not always available and may be left blank in some cases. The authentication information fields provide detailed information about this specific logon request. - Logon GUID is a unique identifier that can be used to correlate this event with a KDC event. - Transited services indicate which intermediate services have participated in this logon request. - Package name indicates which sub-protocol was used among the NTLM protocols. - Key length indicates the length of the generated session key. This will be 0 if no session key was requested."}
{"_path":"syslog","_write_ts":"2018-03-24T17:32:16.344868Z","ts":"2018-03-24T17:32:16.344868Z","uid":"CG9T461KV0VLPWsrch","id.orig_h":"10.47.22.25","id.orig_p":58947,"id.resp_h":"10.47.2.153","id.resp_p":514,"proto":"udp","facility":"LOCAL0","severity":"NOTICE","message":"1 2018-03-24T09:16:06-07:00 Kramer.jerry.land EvntSLog - - - An account was successfully logged on. Subject: Security ID: S-1-0-0 Account Name: - Account Domain: - Logon ID: 0x0 Logon Type: 3 New Logon: Security ID: S-1-5-7 Account Name: ANONYMOUS LOGON Account Domain: NT AUTHORITY Logon ID: 0x3ca2983 Logon GUID: {00000000-0000-0000-0000-000000000000} Process Information: Process ID: 0x0 Process Name: - Network Information: Workstation Name: PC-SUSAN Source Network Address: 172.20.0.81 Source Port: 1973 Detailed Authentication Information: Logon Process: NtLmSsp Authentication Package: NTLM Transited Services: - Package Name (NTLM only): NTLM V1 Key Length: 128 This event is generated when a logon session is created. It is generated on the computer that was accessed. The subject fields indicate the account on the local system which requested the logon. This is most commonly a service such as the Server service, or a local process such as Winlogon.exe or Services.exe. The logon type field indicates the kind of logon that occurred. The most common types are 2 (interactive) and 3 (network). The New Logon fields indicate the account for whom the new logon was created, i.e. the account that was logged on. The network fields indicate where a remote logon request originated. Workstation name is not always available and may be left blank in some cases. The authentication information fields provide detailed information about this specific logon request. - Logon GUID is a unique identifier that can be used to correlate this event with a KDC event. - Transited services indicate which intermediate services have participated in this logon request. - Package name indicates which sub-protocol was used among the NTLM protocols. - Key length indicates the length of the generated session key. This will be 0 if no session key was requested."}
{"_path":"syslog","_write_ts":"2018-03-24T17:32:16.345087Z","ts":"2018-03-24T17:32:16.345087Z","uid":"CG9T461KV0VLPWsrch","id.orig_h":"10.47.22.25","id.orig_p":58947,"id.resp_h":"10.47.2.153","id.resp_p":514,"proto":"udp","facility":"LOCAL0","severity":"NOTICE","message":"1 2018-03-24T09:16:06-07:00 Kramer.jerry.land EvntSLog - - - An account was successfully logged on. Subject: Security ID: S-1-0-0 Account Name: - Account Domain: - Logon ID: 0x0 Logon Type: 3 New Logon: Security ID: S-1-5-7 Account Name: ANONYMOUS LOGON Account Domain: NT AUTHORITY Logon ID: 0x3ca2983 Logon GUID: {00000000-0000-0000-0000-000000000000} Process Information: Process ID: 0x0 Process Name: - Network Information: Workstation Name: PC-SUSAN Source Network Address: 172.20.0.81 Source Port: 1973 Detailed Authentication Information: Logon Process: NtLmSsp Authentication Package: NTLM Transited Services: - Package Name (NTLM only): NTLM V1 Key Length: 128 This event is generated when a logon session is created. It is generated on the computer that was accessed. The subject fields indicate the account on the local system which requested the logon. This is most commonly a service such as the Server service, or a local process such as Winlogon.exe or Services.exe. The logon type field indicates the kind of logon that occurred. The most common types are 2 (interactive) and 3 (network). The New Logon fields indicate the account for whom the new logon was created, i.e. the account that was logged on. The network fields indicate where a remote logon request originated. Workstation name is not always available and may be left blank in some cases. The authentication information fields provide detailed information about this specific logon request. - Logon GUID is a unique identifier that can be used to correlate this event with a KDC event. - Transited services indicate which intermediate services have participated in this logon request. - Package name indicates which sub-protocol was used among the NTLM protocols. - Key length indicates the length of the generated session key. This will be 0 if no session key was requested."}
{"_path":"syslog","_write_ts":"2018-03-24T17:32:16.345103Z","ts":"2018-03-24T17:32:16.345103Z","uid":"CG9T461KV0VLPWsrch","id.orig_h":"10.47.22.25","id.orig_p":58947,"id.resp_h":"10.47.2.153","id.resp_p":514,"proto":"udp","facility":"LOCAL0","severity":"NOTICE","message":"1 2018-03-24T09:16:06-07:00 Kramer.jerry.land EvntSLog - - - An account was successfully logged on. Subject: Security ID: S-1-0-0 Account Name: - Account Domain: - Logon ID: 0x0 Logon Type: 3 New Logon: Security ID: S-1-5-7 Account Name: ANONYMOUS LOGON Account Domain: NT AUTHORITY Logon ID: 0x3ca2983 Logon GUID: {00000000-0000-0000-0000-000000000000} Process Information: Process ID: 0x0 Process Name: - Network Information: Workstation Name: PC-SUSAN Source Network Address: 172.20.0.81 Source Port: 1973 Detailed Authentication Information: Logon Process: NtLmSsp Authentication Package: NTLM Transited Services: - Package Name (NTLM only): NTLM V1 Key Length: 128 This event is generated when a logon session is created. It is generated on the computer that was accessed. The subject fields indicate the account on the local system which requested the logon. This is most commonly a service such as the Server service, or a local process such as Winlogon.exe or Services.exe. The logon type field indicates the kind of logon that occurred. The most common types are 2 (interactive) and 3 (network). The New Logon fields indicate the account for whom the new logon was created, i.e. the account that was logged on. The network fields indicate where a remote logon request originated. Workstation name is not always available and may be left blank in some cases. The authentication information fields provide detailed information about this specific logon request. - Logon GUID is a unique identifier that can be used to correlate this event with a KDC event. - Transited services indicate which intermediate services have participated in this logon request. - Package name indicates which sub-protocol was used among the NTLM protocols. - Key length indicates the length of the generated session key. This will be 0 if no session key was requested."}
{"_path":"syslog","_write_ts":"2018-03-24T17:32:16.359513Z","ts":"2018-03-24T17:32:16.359513Z","uid":"CG9T461KV0VLPWsrch","id.orig_h":"10.47.22.25","id.orig_p":58947,"id.resp_h":"10.47.2.153","id.resp_p":514,"proto":"udp","facility":"LOCAL0","severity":"NOTICE","message":"1 2018-03-24T09:16:06-07:00 Kramer.jerry.land EvntSLog - - - A Kerberos service ticket was requested. Account Information: Account Name: PC-SUSAN$@JERRY.LAND Account Domain: JERRY.LAND Logon GUID: {7AF703B8-D60F-B85A-6922-B767F2AAC286} Service Information: Service Name: krbtgt Service ID: S-1-5-21-1311969832-1707640848-2310541705-502 Network Information: Client Address: ::ffff:172.20.0.81 Client Port: 1976 Additional Information: Ticket Options: 0x60810010 Ticket Encryption Type: 0x17 Failure Code: 0x0 Transited Services: - This event is generated every time access is requested to a resource such as a computer or a Windows service. The service name indicates the resource to which access was requested. This event can be correlated with Windows logon events by comparing the Logon GUID fields in each event. The logon event occurs on the machine that was accessed, which is often a different machine than the domain controller which issued the service ticket. Ticket options, encryption types, and failure codes are defined in RFC 4120."}
{"_path":"syslog","_write_ts":"2018-03-24T17:32:16.359516Z","ts":"2018-03-24T17:32:16.359516Z","uid":"CG9T461KV0VLPWsrch","id.orig_h":"10.47.22.25","id.orig_p":58947,"id.resp_h":"10.47.2.153","id.resp_p":514,"proto":"udp","facility":"LOCAL0","severity":"NOTICE","message":"1 2018-03-24T09:16:06-07:00 Kramer.jerry.land EvntSLog - - - A Kerberos service ticket was requested. Account Information: Account Name: PC-SUSAN$@JERRY.LAND Account Domain: JERRY.LAND Logon GUID: {7AF703B8-D60F-B85A-6922-B767F2AAC286} Service Information: Service Name: krbtgt Service ID: S-1-5-21-1311969832-1707640848-2310541705-502 Network Information: Client Address: ::ffff:172.20.0.81 Client Port: 1976 Additional Information: Ticket Options: 0x60810010 Ticket Encryption Type: 0x17 Failure Code: 0x0 Transited Services: - This event is generated every time access is requested to a resource such as a computer or a Windows service. The service name indicates the resource to which access was requested. This event can be correlated with Windows logon events by comparing the Logon GUID fields in each event. The logon event occurs on the machine that was accessed, which is often a different machine than the domain controller which issued the service ticket. Ticket options, encryption types, and failure codes are defined in RFC 4120."}
{"_path":"syslog","_write_ts":"2018-03-24T17:32:16.359519Z","ts":"2018-03-24T17:32:16.359519Z","uid":"CG9T461KV0VLPWsrch","id.orig_h":"10.47.22.25","id.orig_p":58947,"id.resp_h":"10.47.2.153","id.resp_p":514,"proto":"udp","facility":"LOCAL0","severity":"NOTICE","message":"1 2018-03-24T09:16:06-07:00 Kramer.jerry.land EvntSLog - - - A Kerberos service ticket was requested. Account Information: Account Name: PC-SUSAN$@JERRY.LAND Account Domain: JERRY.LAND Logon GUID: {7AF703B8-D60F-B85A-6922-B767F2AAC286} Service Information: Service Name: krbtgt Service ID: S-1-5-21-1311969832-1707640848-2310541705-502 Network Information: Client Address: ::ffff:172.20.0.81 Client Port: 1976 Additional Information: Ticket Options: 0x60810010 Ticket Encryption Type: 0x17 Failure Code: 0x0 Transited Services: - This event is generated every time access is requested to a resource such as a computer or a Windows service. The service name indicates the resource to which access was requested. This event can be correlated with Windows logon events by comparing the Logon GUID fields in each event. The logon event occurs on the machine that was accessed, which is often a different machine than the domain controller which issued the service ticket. Ticket options, encryption types, and failure codes are defined in RFC 4120."}
{"_path":"syslog","_write_ts":"2018-03-24T17:32:16.359521Z","ts":"2018-03-24T17:32:16.359521Z","uid":"CG9T461KV0VLPWsrch","id.orig_h":"10.47.22.25","id.orig_p":58947,"id.resp_h":"10.47.2.153","id.resp_p":514,"proto":"udp","facility":"LOCAL0","severity":"NOTICE","message":"1 2018-03-24T09:16:06-07:00 Kramer.jerry.land EvntSLog - - - A Kerberos service ticket was requested. Account Information: Account Name: PC-SUSAN$@JERRY.LAND Account Domain: JERRY.LAND Logon GUID: {7AF703B8-D60F-B85A-6922-B767F2AAC286} Service Information: Service Name: krbtgt Service ID: S-1-5-21-1311969832-1707640848-2310541705-502 Network Information: Client Address: ::ffff:172.20.0.81 Client Port: 1976 Additional Information: Ticket Options: 0x60810010 Ticket Encryption Type: 0x17 Failure Code: 0x0 Transited Services: - This event is generated every time access is requested to a resource such as a computer or a Windows service. The service name indicates the resource to which access was requested. This event can be correlated with Windows logon events by comparing the Logon GUID fields in each event. The logon event occurs on the machine that was accessed, which is often a different machine than the domain controller which issued the service ticket. Ticket options, encryption types, and failure codes are defined in RFC 4120."}
{"_path":"syslog","_write_ts":"2018-03-24T17:32:16.375919Z","ts":"2018-03-24T17:32:16.375919Z","uid":"CG9T461KV0VLPWsrch","id.orig_h":"10.47.22.25","id.orig_p":58947,"id.resp_h":"10.47.2.153","id.resp_p":514,"proto":"udp","facility":"LOCAL0","severity":"NOTICE","message":"1 2018-03-24T09:16:06-07:00 Kramer.jerry.land EvntSLog - - - An account was successfully logged on. Subject: Security ID: S-1-0-0 Account Name: - Account Domain: - Logon ID: 0x0 Logon Type: 3 New Logon: Security ID: S-1-5-21-1311969832-1707640848-2310541705-1104 Account Name: PC-SUSAN$ Account Domain: JERRY Logon ID: 0x3ca29aa Logon GUID: {0680C1AD-8884-5BA0-E5A0-70A32A543264} Process Information: Process ID: 0x0 Process Name: - Network Information: Workstation Name: Source Network Address: 172.20.0.81 Source Port: 1974 Detailed Authentication Information: Logon Process: Kerberos Authentication Package: Kerberos Transited Services: - Package Name (NTLM only): - Key Length: 0 This event is generated when a logon session is created. It is generated on the computer that was accessed. The subject fields indicate the account on the local system which requested the logon. This is most commonly a service such as the Server service, or a local process such as Winlogon.exe or Services.exe. The logon type field indicates the kind of logon that occurred. The most common types are 2 (interactive) and 3 (network). The New Logon fields indicate the account for whom the new logon was created, i.e. the account that was logged on. The network fields indicate where a remote logon request originated. Workstation name is not always available and may be left blank in some cases. The authentication information fields provide detailed information about this specific logon request. - Logon GUID is a unique identifier that can be used to correlate this event with a KDC event. - Transited services indicate which intermediate services have participated in this logon request. - Package name indicates which sub-protocol was used among the NTLM protocols. - Key length indicates the length of the generated session key. This will be 0 if no session key was requested."}
{"_path":"syslog","_write_ts":"2018-03-24T17:32:16.375925Z","ts":"2018-03-24T17:32:16.375925Z","uid":"CG9T461KV0VLPWsrch","id.orig_h":"10.47.22.25","id.orig_p":58947,"id.resp_h":"10.47.2.153","id.resp_p":514,"proto":"udp","facility":"LOCAL0","severity":"NOTICE","message":"1 2018-03-24T09:16:06-07:00 Kramer.jerry.land EvntSLog - - - An account was successfully logged on. Subject: Security ID: S-1-0-0 Account Name: - Account Domain: - Logon ID: 0x0 Logon Type: 3 New Logon: Security ID: S-1-5-21-1311969832-1707640848-2310541705-1104 Account Name: PC-SUSAN$ Account Domain: JERRY Logon ID: 0x3ca29aa Logon GUID: {0680C1AD-8884-5BA0-E5A0-70A32A543264} Process Information: Process ID: 0x0 Process Name: - Network Information: Workstation Name: Source Network Address: 172.20.0.81 Source Port: 1974 Detailed Authentication Information: Logon Process: Kerberos Authentication Package: Kerberos Transited Services: - Package Name (NTLM only): - Key Length: 0 This event is generated when a logon session is created. It is generated on the computer that was accessed. The subject fields indicate the account on the local system which requested the logon. This is most commonly a service such as the Server service, or a local process such as Winlogon.exe or Services.exe. The logon type field indicates the kind of logon that occurred. The most common types are 2 (interactive) and 3 (network). The New Logon fields indicate the account for whom the new logon was created, i.e. the account that was logged on. The network fields indicate where a remote logon request originated. Workstation name is not always available and may be left blank in some cases. The authentication information fields provide detailed information about this specific logon request. - Logon GUID is a unique identifier that can be used to correlate this event with a KDC event. - Transited services indicate which intermediate services have participated in this logon request. - Package name indicates which sub-protocol was used among the NTLM protocols. - Key length indicates the length of the generated session key. This will be 0 if no session key was requested."}
{"_path":"syslog","_write_ts":"2018-03-24T17:32:16.375947Z","ts":"2018-03-24T17:32:16.375947Z","uid":"CG9T461KV0VLPWsrch","id.orig_h":"10.47.22.25","id.orig_p":58947,"id.resp_h":"10.47.2.153","id.resp_p":514,"proto":"udp","facility":"LOCAL0","severity":"NOTICE","message":"1 2018-03-24T09:16:06-07:00 Kramer.jerry.land EvntSLog - - - An account was successfully logged on. Subject: Security ID: S-1-0-0 Account Name: - Account Domain: - Logon ID: 0x0 Logon Type: 3 New Logon: Security ID: S-1-5-21-1311969832-1707640848-2310541705-1104 Account Name: PC-SUSAN$ Account Domain: JERRY Logon ID: 0x3ca29aa Logon GUID: {0680C1AD-8884-5BA0-E5A0-70A32A543264} Process Information: Process ID: 0x0 Process Name: - Network Information: Workstation Name: Source Network Address: 172.20.0.81 Source Port: 1974 Detailed Authentication Information: Logon Process: Kerberos Authentication Package: Kerberos Transited Services: - Package Name (NTLM only): - Key Length: 0 This event is generated when a logon session is created. It is generated on the computer that was accessed. The subject fields indicate the account on the local system which requested the logon. This is most commonly a service such as the Server service, or a local process such as Winlogon.exe or Services.exe. The logon type field indicates the kind of logon that occurred. The most common types are 2 (interactive) and 3 (network). The New Logon fields indicate the account for whom the new logon was created, i.e. the account that was logged on. The network fields indicate where a remote logon request originated. Workstation name is not always available and may be left blank in some cases. The authentication information fields provide detailed information about this specific logon request. - Logon GUID is a unique identifier that can be used to correlate this event with a KDC event. - Transited services indicate which intermediate services have participated in this logon request. - Package name indicates which sub-protocol was used among the NTLM protocols. - Key length indicates the length of the generated session key. This will be 0 if no session key was requested."}
{"_path":"syslog","_write_ts":"2018-03-24T17:32:16.375951Z","ts":"2018-03-24T17:32:16.375951Z","uid":"CG9T461KV0VLPWsrch","id.orig_h":"10.47.22.25","id.orig_p":58947,"id.resp_h":"10.47.2.153","id.resp_p":514,"proto":"udp","facility":"LOCAL0","severity":"NOTICE","message":"1 2018-03-24T09:16:06-07:00 Kramer.jerry.land EvntSLog - - - An account was successfully logged on. Subject: Security ID: S-1-0-0 Account Name: - Account Domain: - Logon ID: 0x0 Logon Type: 3 New Logon: Security ID: S-1-5-21-1311969832-1707640848-2310541705-1104 Account Name: PC-SUSAN$ Account Domain: JERRY Logon ID: 0x3ca29aa Logon GUID: {0680C1AD-8884-5BA0-E5A0-70A32A543264} Process Information: Process ID: 0x0 Process Name: - Network Information: Workstation Name: Source Network Address: 172.20.0.81 Source Port: 1974 Detailed Authentication Information: Logon Process: Kerberos Authentication Package: Kerberos Transited Services: - Package Name (NTLM only): - Key Length: 0 This event is generated when a logon session is created. It is generated on the computer that was accessed. The subject fields indicate the account on the local system which requested the logon. This is most commonly a service such as the Server service, or a local process such as Winlogon.exe or Services.exe. The logon type field indicates the kind of logon that occurred. The most common types are 2 (interactive) and 3 (network). The New Logon fields indicate the account for whom the new logon was created, i.e. the account that was logged on. The network fields indicate where a remote logon request originated. Workstation name is not always available and may be left blank in some cases. The authentication information fields provide detailed information about this specific logon request. - Logon GUID is a unique identifier that can be used to correlate this event with a KDC event. - Transited services indicate which intermediate services have participated in this logon request. - Package name indicates which sub-protocol was used among the NTLM protocols. - Key length indicates the length of the generated session key. This will be 0 if no session key was requested."}
{"_path":"syslog","_write_ts":"2018-03-24T17:32:30.524820Z","ts":"2018-03-24T17:32:30.524820Z","uid":"CG9T461KV0VLPWsrch","id.orig_h":"10.47.22.25","id.orig_p":58947,"id.resp_h":"10.47.2.153","id.resp_p":514,"proto":"udp","facility":"LOCAL0","severity":"NOTICE","message":"1 2018-03-24T09:16:20-07:00 Kramer.jerry.land EvntSLog - - - A Kerberos service ticket was requested. Account Information: Account Name: KRAMER$@JERRY.LAND Account Domain: JERRY.LAND Logon GUID: {69C8DFDF-123A-B7C5-2E2A-86D60B535C20} Service Information: Service Name: krbtgt Service ID: S-1-5-21-1311969832-1707640848-2310541705-502 Network Information: Client Address: ::1 Client Port: 0 Additional Information: Ticket Options: 0x60810010 Ticket Encryption Type: 0x17 Failure Code: 0x0 Transited Services: - This event is generated every time access is requested to a resource such as a computer or a Windows service. The service name indicates the resource to which access was requested. This event can be correlated with Windows logon events by comparing the Logon GUID fields in each event. The logon event occurs on the machine that was accessed, which is often a different machine than the domain controller which issued the service ticket. Ticket options, encryption types, and failure codes are defined in RFC 4120."}
{"_path":"syslog","_write_ts":"2018-03-24T17:32:30.524825Z","ts":"2018-03-24T17:32:30.524825Z","uid":"CG9T461KV0VLPWsrch","id.orig_h":"10.47.22.25","id.orig_p":58947,"id.resp_h":"10.47.2.153","id.resp_p":514,"proto":"udp","facility":"LOCAL0","severity":"NOTICE","message":"1 2018-03-24T09:16:20-07:00 Kramer.jerry.land EvntSLog - - - A Kerberos service ticket was requested. Account Information: Account Name: KRAMER$@JERRY.LAND Account Domain: JERRY.LAND Logon GUID: {69C8DFDF-123A-B7C5-2E2A-86D60B535C20} Service Information: Service Name: krbtgt Service ID: S-1-5-21-1311969832-1707640848-2310541705-502 Network Information: Client Address: ::1 Client Port: 0 Additional Information: Ticket Options: 0x60810010 Ticket Encryption Type: 0x17 Failure Code: 0x0 Transited Services: - This event is generated every time access is requested to a resource such as a computer or a Windows service. The service name indicates the resource to which access was requested. This event can be correlated with Windows logon events by comparing the Logon GUID fields in each event. The logon event occurs on the machine that was accessed, which is often a different machine than the domain controller which issued the service ticket. Ticket options, encryption types, and failure codes are defined in RFC 4120."}
{"_path":"syslog","_write_ts":"2018-03-24T17:32:30.524833Z","ts":"2018-03-24T17:32:30.524833Z","uid":"CG9T461KV0VLPWsrch","id.orig_h":"10.47.22.25","id.orig_p":58947,"id.resp_h":"10.47.2.153","id.resp_p":514,"proto":"udp","facility":"LOCAL0","severity":"NOTICE","message":"1 2018-03-24T09:16:20-07:00 Kramer.jerry.land EvntSLog - - - A Kerberos service ticket was requested. Account Information: Account Name: KRAMER$@JERRY.LAND Account Domain: JERRY.LAND Logon GUID: {69C8DFDF-123A-B7C5-2E2A-86D60B535C20} Service Information: Service Name: krbtgt Service ID: S-1-5-21-1311969832-1707640848-2310541705-502 Network Information: Client Address: ::1 Client Port: 0 Additional Information: Ticket Options: 0x60810010 Ticket Encryption Type: 0x17 Failure Code: 0x0 Transited Services: - This event is generated every time access is requested to a resource such as a computer or a Windows service. The service name indicates the resource to which access was requested. This event can be correlated with Windows logon events by comparing the Logon GUID fields in each event. The logon event occurs on the machine that was accessed, which is often a different machine than the domain controller which issued the service ticket. Ticket options, encryption types, and failure codes are defined in RFC 4120."}
{"_path":"syslog","_write_ts":"2018-03-24T17:32:30.524835Z","ts":"2018-03-24T17:32:30.524835Z","uid":"CG9T461KV0VLPWsrch","id.orig_h":"10.47.22.25","id.orig_p":58947,"id.resp_h":"10.47.2.153","id.resp_p":514,"proto":"udp","facility":"LOCAL0","severity":"NOTICE","message":"1 2018-03-24T09:16:20-07:00 Kramer.jerry.land EvntSLog - - - A Kerberos service ticket was requested. Account Information: Account Name: KRAMER$@JERRY.LAND Account Domain: JERRY.LAND Logon GUID: {69C8DFDF-123A-B7C5-2E2A-86D60B535C20} Service Information: Service Name: krbtgt Service ID: S-1-5-21-1311969832-1707640848-2310541705-502 Network Information: Client Address: ::1 Client Port: 0 Additional Information: Ticket Options: 0x60810010 Ticket Encryption Type: 0x17 Failure Code: 0x0 Transited Services: - This event is generated every time access is requested to a resource such as a computer or a Windows service. The service name indicates the resource to which access was requested. This event can be correlated with Windows logon events by comparing the Logon GUID fields in each event. The logon event occurs on the machine that was accessed, which is often a different machine than the domain controller which issued the service ticket. Ticket options, encryption types, and failure codes are defined in RFC 4120."}
{"_path":"syslog","_write_ts":"2018-03-24T17:32:30.544892Z","ts":"2018-03-24T17:32:30.544892Z","uid":"CG9T461KV0VLPWsrch","id.orig_h":"10.47.22.25","id.orig_p":58947,"id.resp_h":"10.47.2.153","id.resp_p":514,"proto":"udp","facility":"LOCAL0","severity":"NOTICE","message":"1 2018-03-24T09:16:20-07:00 Kramer.jerry.land EvntSLog - - - Special privileges assigned to new logon. Subject: Security ID: S-1-5-18 Account Name: KRAMER$ Account Domain: JERRY Logon ID: 0x3ca469a Privileges: SeSecurityPrivilege SeBackupPrivilege SeRestorePrivilege SeTakeOwnershipPrivilege SeDebugPrivilege SeSystemEnvironmentPrivilege SeLoadDriverPrivilege SeImpersonatePrivilege SeEnableDelegationPrivilege"}
{"_path":"syslog","_write_ts":"2018-03-24T17:32:30.544905Z","ts":"2018-03-24T17:32:30.544905Z","uid":"CG9T461KV0VLPWsrch","id.orig_h":"10.47.22.25","id.orig_p":58947,"id.resp_h":"10.47.2.153","id.resp_p":514,"proto":"udp","facility":"LOCAL0","severity":"NOTICE","message":"1 2018-03-24T09:16:20-07:00 Kramer.jerry.land EvntSLog - - - Special privileges assigned to new logon. Subject: Security ID: S-1-5-18 Account Name: KRAMER$ Account Domain: JERRY Logon ID: 0x3ca469a Privileges: SeSecurityPrivilege SeBackupPrivilege SeRestorePrivilege SeTakeOwnershipPrivilege SeDebugPrivilege SeSystemEnvironmentPrivilege SeLoadDriverPrivilege SeImpersonatePrivilege SeEnableDelegationPrivilege"}
{"_path":"syslog","_write_ts":"2018-03-24T17:32:30.544907Z","ts":"2018-03-24T17:32:30.544907Z","uid":"CG9T461KV0VLPWsrch","id.orig_h":"10.47.22.25","id.orig_p":58947,"id.resp_h":"10.47.2.153","id.resp_p":514,"proto":"udp","facility":"LOCAL0","severity":"NOTICE","message":"1 2018-03-24T09:16:20-07:00 Kramer.jerry.land EvntSLog - - - Special privileges assigned to new logon. Subject: Security ID: S-1-5-18 Account Name: KRAMER$ Account Domain: JERRY Logon ID: 0x3ca469a Privileges: SeSecurityPrivilege SeBackupPrivilege SeRestorePrivilege SeTakeOwnershipPrivilege SeDebugPrivilege SeSystemEnvironmentPrivilege SeLoadDriverPrivilege SeImpersonatePrivilege SeEnableDelegationPrivilege"}
{"_path":"syslog","_write_ts":"2018-03-24T17:32:30.544912Z","ts":"2018-03-24T17:32:30.544912Z","uid":"CG9T461KV0VLPWsrch","id.orig_h":"10.47.22.25","id.orig_p":58947,"id.resp_h":"10.47.2.153","id.resp_p":514,"proto":"udp","facility":"LOCAL0","severity":"NOTICE","message":"1 2018-03-24T09:16:20-07:00 Kramer.jerry.land EvntSLog - - - Special privileges assigned to new logon. Subject: Security ID: S-1-5-18 Account Name: KRAMER$ Account Domain: JERRY Logon ID: 0x3ca469a Privileges: SeSecurityPrivilege SeBackupPrivilege SeRestorePrivilege SeTakeOwnershipPrivilege SeDebugPrivilege SeSystemEnvironmentPrivilege SeLoadDriverPrivilege SeImpersonatePrivilege SeEnableDelegationPrivilege"}
