{"_path":"syslog","_write_ts":"2018-03-24T17:25:23.645983Z","ts":"2018-03-24T17:25:23.645983Z","uid":"CBs8sZ2kIbw2QgSdy4","id.orig_h":"10.47.22.25","id.orig_p":58947,"id.resp_h":"10.47.2.153","id.resp_p":514,"proto":"udp","facility":"LOCAL0","severity":"NOTICE","message":"1 2018-03-24T09:09:14-07:00 Kramer.jerry.land EvntSLog - - - An account was logged off. Subject: Security ID: S-1-5-21-1311969832-1707640848-2310541705-501 Account Name: Guest Account Domain: JERRY Logon ID: 0x3c70663 Logon Type: 3 This event is generated when a logon session is destroyed. It may be positively correlated with a logon event using the Logon ID value. Logon IDs are only unique between reboots on the same computer."}
{"_path":"syslog","_write_ts":"2018-03-24T17:25:23.645985Z","ts":"2018-03-24T17:25:23.645985Z","uid":"CBs8sZ2kIbw2QgSdy4","id.orig_h":"10.47.22.25","id.orig_p":58947,"id.resp_h":"10.47.2.153","id.resp_p":514,"proto":"udp","facility":"LOCAL0","severity":"NOTICE","message":"1 2018-03-24T09:09:14-07:00 Kramer.jerry.land EvntSLog - - - An account was logged off. Subject: Security ID: S-1-5-21-1311969832-1707640848-2310541705-501 Account Name: Guest Account Domain: JERRY Logon ID: 0x3c70663 Logon Type: 3 This event is generated when a logon session is destroyed. It may be positively correlated with a logon event using the Logon ID value. Logon IDs are only unique between reboots on the same computer."}
{"_path":"syslog","_write_ts":"2018-03-24T17:25:23.645986Z","ts":"2018-03-24T17:25:23.645986Z","uid":"CBs8sZ2kIbw2QgSdy4","id.orig_h":"10.47.22.25","id.orig_p":58947,"id.resp_h":"10.47.2.153","id.resp_p":514,"proto":"udp","facility":"LOCAL0","severity":"NOTICE","message":"1 2018-03-24T09:09:14-07:00 Kramer.jerry.land EvntSLog - - - An account was logged off. Subject: Security ID: S-1-5-21-1311969832-1707640848-2310541705-501 Account Name: Guest Account Domain: JERRY Logon ID: 0x3c70663 Logon Type: 3 This event is generated when a logon session is destroyed. It may be positively correlated with a logon event using the Logon ID value. Logon IDs are only unique between reboots on the same computer."}
{"_path":"syslog","_write_ts":"2018-03-24T17:25:23.645988Z","ts":"2018-03-24T17:25:23.645988Z","uid":"CBs8sZ2kIbw2QgSdy4","id.orig_h":"10.47.22.25","id.orig_p":58947,"id.resp_h":"10.47.2.153","id.resp_p":514,"proto":"udp","facility":"LOCAL0","severity":"NOTICE","message":"1 2018-03-24T09:09:14-07:00 Kramer.jerry.land EvntSLog - - - An account was logged off. Subject: Security ID: S-1-5-21-1311969832-1707640848-2310541705-501 Account Name: Guest Account Domain: JERRY Logon ID: 0x3c70663 Logon Type: 3 This event is generated when a logon session is destroyed. It may be positively correlated with a logon event using the Logon ID value. Logon IDs are only unique between reboots on the same computer."}
{"_path":"syslog","_write_ts":"2018-03-24T17:25:31.152322Z","ts":"2018-03-24T17:25:31.152322Z","uid":"CjiINg3TvK3kLQG6mf","id.orig_h":"10.47.22.81","id.orig_p":60245,"id.resp_h":"10.47.2.153","id.resp_p":514,"proto":"udp","facility":"LOCAL0","severity":"INFO","message":"1 2018-03-24T09:09:21-07:00 PC-susan.jerry.land EvntSLog - - - @cee: {\"source\": \"PC-susan.jerry.land\", \"msg\": \"The WinHTTP Web Proxy Auto-Discovery Service service entered the stopped state.\", \"nteventlogtype\": \"System\", \"sourceproc\": \"Service Control Manager\", \"id\": \"7036\", \"categoryid\": \"0\", \"category\": \"0\", \"keywordid\": \"0x8080000000000000\", \"user\": \"N\\\\A\", \"param1\": \"WinHTTP Web Proxy Auto-Discovery Service\", \"param2\": \"stopped\", \"catname\": \"\", \"keyword\": \"Classic\", \"level\": \"Information\"}"}
{"_path":"syslog","_write_ts":"2018-03-24T17:25:31.152432Z","ts":"2018-03-24T17:25:31.152432Z","uid":"CjiINg3TvK3kLQG6mf","id.orig_h":"10.47.22.81","id.orig_p":60245,"id.resp_h":"10.47.2.153","id.resp_p":514,"proto":"udp","facility":"LOCAL0","severity":"INFO","message":"1 2018-03-24T09:09:21-07:00 PC-susan.jerry.land EvntSLog - - - @cee: {\"source\": \"PC-susan.jerry.land\", \"msg\": \"The WinHTTP Web Proxy Auto-Discovery Service service entered the stopped state.\", \"nteventlogtype\": \"System\", \"sourceproc\": \"Service Control Manager\", \"id\": \"7036\", \"categoryid\": \"0\", \"category\": \"0\", \"keywordid\": \"0x8080000000000000\", \"user\": \"N\\\\A\", \"param1\": \"WinHTTP Web Proxy Auto-Discovery Service\", \"param2\": \"stopped\", \"catname\": \"\", \"keyword\": \"Classic\", \"level\": \"Information\"}"}
{"_path":"syslog","_write_ts":"2018-03-24T17:25:31.152520Z","ts":"2018-03-24T17:25:31.152520Z","uid":"CjiINg3TvK3kLQG6mf","id.orig_h":"10.47.22.81","id.orig_p":60245,"id.resp_h":"10.47.2.153","id.resp_p":514,"proto":"udp","facility":"LOCAL0","severity":"INFO","message":"1 2018-03-24T09:09:21-07:00 PC-susan.jerry.land EvntSLog - - - @cee: {\"source\": \"PC-susan.jerry.land\", \"msg\": \"The WinHTTP Web Proxy Auto-Discovery Service service entered the stopped state.\", \"nteventlogtype\": \"System\", \"sourceproc\": \"Service Control Manager\", \"id\": \"7036\", \"categoryid\": \"0\", \"category\": \"0\", \"keywordid\": \"0x8080000000000000\", \"user\": \"N\\\\A\", \"param1\": \"WinHTTP Web Proxy Auto-Discovery Service\", \"param2\": \"stopped\", \"catname\": \"\", \"keyword\": \"Classic\", \"level\": \"Information\"}"}
{"_path":"syslog","_write_ts":"2018-03-24T17:25:31.152610Z","ts":"2018-03-24T17:25:31.152610Z","uid":"CjiINg3TvK3kLQG6mf","id.orig_h":"10.47.22.81","id.orig_p":60245,"id.resp_h":"10.47.2.153","id.resp_p":514,"proto":"udp","facility":"LOCAL0","severity":"INFO","message":"1 2018-03-24T09:09:21-07:00 PC-susan.jerry.land EvntSLog - - - @cee: {\"source\": \"PC-susan.jerry.land\", \"msg\": \"The WinHTTP Web Proxy Auto-Discovery Service service entered the stopped state.\", \"nteventlogtype\": \"System\", \"sourceproc\": \"Service Control Manager\", \"id\": \"7036\", \"categoryid\": \"0\", \"category\": \"0\", \"keywordid\": \"0x8080000000000000\", \"user\": \"N\\\\A\", \"param1\": \"WinHTTP Web Proxy Auto-Discovery Service\", \"param2\": \"stopped\", \"catname\": \"\", \"keyword\": \"Classic\", \"level\": \"Information\"}"}
{"_path":"syslog","_write_ts":"2018-03-24T17:25:37.810131Z","ts":"2018-03-24T17:25:37.810131Z","uid":"CBs8sZ2kIbw2QgSdy4","id.orig_h":"10.47.22.25","id.orig_p":58947,"id.resp_h":"10.47.2.153","id.resp_p":514,"proto":"udp","facility":"LOCAL0","severity":"NOTICE","message":"1 2018-03-24T09:09:27-07:00 Kramer.jerry.land EvntSLog - - - The domain controller attempted to validate the credentials for an account. Authentication Package: MICROSOFT_AUTHENTICATION_PACKAGE_V1_0 Logon Account: Guest Source Workstation: WORKSTATION Error Code: 0x0"}
{"_path":"syslog","_write_ts":"2018-03-24T17:25:37.810135Z","ts":"2018-03-24T17:25:37.810135Z","uid":"CBs8sZ2kIbw2QgSdy4","id.orig_h":"10.47.22.25","id.orig_p":58947,"id.resp_h":"10.47.2.153","id.resp_p":514,"proto":"udp","facility":"LOCAL0","severity":"NOTICE","message":"1 2018-03-24T09:09:27-07:00 Kramer.jerry.land EvntSLog - - - The domain controller attempted to validate the credentials for an account. Authentication Package: MICROSOFT_AUTHENTICATION_PACKAGE_V1_0 Logon Account: Guest Source Workstation: WORKSTATION Error Code: 0x0"}
{"_path":"syslog","_write_ts":"2018-03-24T17:25:37.810137Z","ts":"2018-03-24T17:25:37.810137Z","uid":"CBs8sZ2kIbw2QgSdy4","id.orig_h":"10.47.22.25","id.orig_p":58947,"id.resp_h":"10.47.2.153","id.resp_p":514,"proto":"udp","facility":"LOCAL0","severity":"NOTICE","message":"1 2018-03-24T09:09:27-07:00 Kramer.jerry.land EvntSLog - - - The domain controller attempted to validate the credentials for an account. Authentication Package: MICROSOFT_AUTHENTICATION_PACKAGE_V1_0 Logon Account: Guest Source Workstation: WORKSTATION Error Code: 0x0"}
{"_path":"syslog","_write_ts":"2018-03-24T17:25:37.810139Z","ts":"2018-03-24T17:25:37.810139Z","uid":"CBs8sZ2kIbw2QgSdy4","id.orig_h":"10.47.22.25","id.orig_p":58947,"id.resp_h":"10.47.2.153","id.resp_p":514,"proto":"udp","facility":"LOCAL0","severity":"NOTICE","message":"1 2018-03-24T09:09:27-07:00 Kramer.jerry.land EvntSLog - - - The domain controller attempted to validate the credentials for an account. Authentication Package: MICROSOFT_AUTHENTICATION_PACKAGE_V1_0 Logon Account: Guest Source Workstation: WORKSTATION Error Code: 0x0"}
{"_path":"syslog","_write_ts":"2018-03-24T17:25:37.825948Z","ts":"2018-03-24T17:25:37.825948Z","uid":"CBs8sZ2kIbw2QgSdy4","id.orig_h":"10.47.22.25","id.orig_p":58947,"id.resp_h":"10.47.2.153","id.resp_p":514,"proto":"udp","facility":"LOCAL0","severity":"NOTICE","message":"1 2018-03-24T09:09:27-07:00 Kramer.jerry.land EvntSLog - - - Special privileges assigned to new logon. Subject: Security ID: S-1-5-21-1311969832-1707640848-2310541705-501 Account Name: Guest Account Domain: JERRY Logon ID: 0x3c71d33 Privileges: SeSecurityPrivilege SeBackupPrivilege SeRestorePrivilege SeTakeOwnershipPrivilege SeDebugPrivilege SeSystemEnvironmentPrivilege SeLoadDriverPrivilege SeImpersonatePrivilege SeEnableDelegationPrivilege"}
{"_path":"syslog","_write_ts":"2018-03-24T17:25:37.825950Z","ts":"2018-03-24T17:25:37.825950Z","uid":"CBs8sZ2kIbw2QgSdy4","id.orig_h":"10.47.22.25","id.orig_p":58947,"id.resp_h":"10.47.2.153","id.resp_p":514,"proto":"udp","facility":"LOCAL0","severity":"NOTICE","message":"1 2018-03-24T09:09:27-07:00 Kramer.jerry.land EvntSLog - - - Special privileges assigned to new logon. Subject: Security ID: S-1-5-21-1311969832-1707640848-2310541705-501 Account Name: Guest Account Domain: JERRY Logon ID: 0x3c71d33 Privileges: SeSecurityPrivilege SeBackupPrivilege SeRestorePrivilege SeTakeOwnershipPrivilege SeDebugPrivilege SeSystemEnvironmentPrivilege SeLoadDriverPrivilege SeImpersonatePrivilege SeEnableDelegationPrivilege"}
{"_path":"syslog","_write_ts":"2018-03-24T17:25:37.825952Z","ts":"2018-03-24T17:25:37.825952Z","uid":"CBs8sZ2kIbw2QgSdy4","id.orig_h":"10.47.22.25","id.orig_p":58947,"id.resp_h":"10.47.2.153","id.resp_p":514,"proto":"udp","facility":"LOCAL0","severity":"NOTICE","message":"1 2018-03-24T09:09:27-07:00 Kramer.jerry.land EvntSLog - - - Special privileges assigned to new logon. Subject: Security ID: S-1-5-21-1311969832-1707640848-2310541705-501 Account Name: Guest Account Domain: JERRY Logon ID: 0x3c71d33 Privileges: SeSecurityPrivilege SeBackupPrivilege SeRestorePrivilege SeTakeOwnershipPrivilege SeDebugPrivilege SeSystemEnvironmentPrivilege SeLoadDriverPrivilege SeImpersonatePrivilege SeEnableDelegationPrivilege"}
{"_path":"syslog","_write_ts":"2018-03-24T17:25:37.825953Z","ts":"2018-03-24T17:25:37.825953Z","uid":"CBs8sZ2kIbw2QgSdy4","id.orig_h":"10.47.22.25","id.orig_p":58947,"id.resp_h":"10.47.2.153","id.resp_p":514,"proto":"udp","facility":"LOCAL0","severity":"NOTICE","message":"1 2018-03-24T09:09:27-07:00 Kramer.jerry.land EvntSLog - - - Special privileges assigned to new logon. Subject: Security ID: S-1-5-21-1311969832-1707640848-2310541705-501 Account Name: Guest Account Domain: JERRY Logon ID: 0x3c71d33 Privileges: SeSecurityPrivilege SeBackupPrivilege SeRestorePrivilege SeTakeOwnershipPrivilege SeDebugPrivilege SeSystemEnvironmentPrivilege SeLoadDriverPrivilege SeImpersonatePrivilege SeEnableDelegationPrivilege"}
{"_path":"syslog","_write_ts":"2018-03-24T17:25:37.841143Z","ts":"2018-03-24T17:25:37.841143Z","uid":"CBs8sZ2kIbw2QgSdy4","id.orig_h":"10.47.22.25","id.orig_p":58947,"id.resp_h":"10.47.2.153","id.resp_p":514,"proto":"udp","facility":"LOCAL0","severity":"NOTICE","message":"1 2018-03-24T09:09:27-07:00 Kramer.jerry.land EvntSLog - - - An account was logged off. Subject: Security ID: S-1-5-21-1311969832-1707640848-2310541705-501 Account Name: Guest Account Domain: JERRY Logon ID: 0x3c71d33 Logon Type: 3 This event is generated when a logon session is destroyed. It may be positively correlated with a logon event using the Logon ID value. Logon IDs are only unique between reboots on the same computer."}
{"_path":"syslog","_write_ts":"2018-03-24T17:25:37.841145Z","ts":"2018-03-24T17:25:37.841145Z","uid":"CBs8sZ2kIbw2QgSdy4","id.orig_h":"10.47.22.25","id.orig_p":58947,"id.resp_h":"10.47.2.153","id.resp_p":514,"proto":"udp","facility":"LOCAL0","severity":"NOTICE","message":"1 2018-03-24T09:09:27-07:00 Kramer.jerry.land EvntSLog - - - An account was logged off. Subject: Security ID: S-1-5-21-1311969832-1707640848-2310541705-501 Account Name: Guest Account Domain: JERRY Logon ID: 0x3c71d33 Logon Type: 3 This event is generated when a logon session is destroyed. It may be positively correlated with a logon event using the Logon ID value. Logon IDs are only unique between reboots on the same computer."}
{"_path":"syslog","_write_ts":"2018-03-24T17:25:37.841147Z","ts":"2018-03-24T17:25:37.841147Z","uid":"CBs8sZ2kIbw2QgSdy4","id.orig_h":"10.47.22.25","id.orig_p":58947,"id.resp_h":"10.47.2.153","id.resp_p":514,"proto":"udp","facility":"LOCAL0","severity":"NOTICE","message":"1 2018-03-24T09:09:27-07:00 Kramer.jerry.land EvntSLog - - - An account was logged off. Subject: Security ID: S-1-5-21-1311969832-1707640848-2310541705-501 Account Name: Guest Account Domain: JERRY Logon ID: 0x3c71d33 Logon Type: 3 This event is generated when a logon session is destroyed. It may be positively correlated with a logon event using the Logon ID value. Logon IDs are only unique between reboots on the same computer."}
{"_path":"syslog","_write_ts":"2018-03-24T17:25:37.841149Z","ts":"2018-03-24T17:25:37.841149Z","uid":"CBs8sZ2kIbw2QgSdy4","id.orig_h":"10.47.22.25","id.orig_p":58947,"id.resp_h":"10.47.2.153","id.resp_p":514,"proto":"udp","facility":"LOCAL0","severity":"NOTICE","message":"1 2018-03-24T09:09:27-07:00 Kramer.jerry.land EvntSLog - - - An account was logged off. Subject: Security ID: S-1-5-21-1311969832-1707640848-2310541705-501 Account Name: Guest Account Domain: JERRY Logon ID: 0x3c71d33 Logon Type: 3 This event is generated when a logon session is destroyed. It may be positively correlated with a logon event using the Logon ID value. Logon IDs are only unique between reboots on the same computer."}
{"_path":"syslog","_write_ts":"2018-03-24T17:25:39.838278Z","ts":"2018-03-24T17:25:39.838278Z","uid":"CBs8sZ2kIbw2QgSdy4","id.orig_h":"10.47.22.25","id.orig_p":58947,"id.resp_h":"10.47.2.153","id.resp_p":514,"proto":"udp","facility":"LOCAL0","severity":"NOTICE","message":"1 2018-03-24T09:09:29-07:00 Kramer.jerry.land EvntSLog - - - The domain controller attempted to validate the credentials for an account. Authentication Package: MICROSOFT_AUTHENTICATION_PACKAGE_V1_0 Logon Account: Guest Source Workstation: OELVz6yYqPB89jiV Error Code: 0x0"}
{"_path":"syslog","_write_ts":"2018-03-24T17:25:39.838280Z","ts":"2018-03-24T17:25:39.838280Z","uid":"CBs8sZ2kIbw2QgSdy4","id.orig_h":"10.47.22.25","id.orig_p":58947,"id.resp_h":"10.47.2.153","id.resp_p":514,"proto":"udp","facility":"LOCAL0","severity":"NOTICE","message":"1 2018-03-24T09:09:29-07:00 Kramer.jerry.land EvntSLog - - - The domain controller attempted to validate the credentials for an account. Authentication Package: MICROSOFT_AUTHENTICATION_PACKAGE_V1_0 Logon Account: Guest Source Workstation: OELVz6yYqPB89jiV Error Code: 0x0"}
{"_path":"syslog","_write_ts":"2018-03-24T17:25:39.838451Z","ts":"2018-03-24T17:25:39.838451Z","uid":"CBs8sZ2kIbw2QgSdy4","id.orig_h":"10.47.22.25","id.orig_p":58947,"id.resp_h":"10.47.2.153","id.resp_p":514,"proto":"udp","facility":"LOCAL0","severity":"NOTICE","message":"1 2018-03-24T09:09:29-07:00 Kramer.jerry.land EvntSLog - - - The domain controller attempted to validate the credentials for an account. Authentication Package: MICROSOFT_AUTHENTICATION_PACKAGE_V1_0 Logon Account: Guest Source Workstation: OELVz6yYqPB89jiV Error Code: 0x0"}
{"_path":"syslog","_write_ts":"2018-03-24T17:25:39.838453Z","ts":"2018-03-24T17:25:39.838453Z","uid":"CBs8sZ2kIbw2QgSdy4","id.orig_h":"10.47.22.25","id.orig_p":58947,"id.resp_h":"10.47.2.153","id.resp_p":514,"proto":"udp","facility":"LOCAL0","severity":"NOTICE","message":"1 2018-03-24T09:09:29-07:00 Kramer.jerry.land EvntSLog - - - The domain controller attempted to validate the credentials for an account. Authentication Package: MICROSOFT_AUTHENTICATION_PACKAGE_V1_0 Logon Account: Guest Source Workstation: OELVz6yYqPB89jiV Error Code: 0x0"}
{"_path":"syslog","_write_ts":"2018-03-24T17:25:39.853701Z","ts":"2018-03-24T17:25:39.853701Z","uid":"CBs8sZ2kIbw2QgSdy4","id.orig_h":"10.47.22.25","id.orig_p":58947,"id.resp_h":"10.47.2.153","id.resp_p":514,"proto":"udp","facility":"LOCAL0","severity":"NOTICE","message":"1 2018-03-24T09:09:29-07:00 Kramer.jerry.land EvntSLog - - - Special privileges assigned to new logon. Subject: Security ID: S-1-5-21-1311969832-1707640848-2310541705-501 Account Name: Guest Account Domain: JERRY Logon ID: 0x3c725fe Privileges: SeSecurityPrivilege SeBackupPrivilege SeRestorePrivilege SeTakeOwnershipPrivilege SeDebugPrivilege SeSystemEnvironmentPrivilege SeLoadDriverPrivilege SeImpersonatePrivilege SeEnableDelegationPrivilege"}
{"_path":"syslog","_write_ts":"2018-03-24T17:25:39.853705Z","ts":"2018-03-24T17:25:39.853705Z","uid":"CBs8sZ2kIbw2QgSdy4","id.orig_h":"10.47.22.25","id.orig_p":58947,"id.resp_h":"10.47.2.153","id.resp_p":514,"proto":"udp","facility":"LOCAL0","severity":"NOTICE","message":"1 2018-03-24T09:09:29-07:00 Kramer.jerry.land EvntSLog - - - Special privileges assigned to new logon. Subject: Security ID: S-1-5-21-1311969832-1707640848-2310541705-501 Account Name: Guest Account Domain: JERRY Logon ID: 0x3c725fe Privileges: SeSecurityPrivilege SeBackupPrivilege SeRestorePrivilege SeTakeOwnershipPrivilege SeDebugPrivilege SeSystemEnvironmentPrivilege SeLoadDriverPrivilege SeImpersonatePrivilege SeEnableDelegationPrivilege"}
{"_path":"syslog","_write_ts":"2018-03-24T17:25:39.853707Z","ts":"2018-03-24T17:25:39.853707Z","uid":"CBs8sZ2kIbw2QgSdy4","id.orig_h":"10.47.22.25","id.orig_p":58947,"id.resp_h":"10.47.2.153","id.resp_p":514,"proto":"udp","facility":"LOCAL0","severity":"NOTICE","message":"1 2018-03-24T09:09:29-07:00 Kramer.jerry.land EvntSLog - - - Special privileges assigned to new logon. Subject: Security ID: S-1-5-21-1311969832-1707640848-2310541705-501 Account Name: Guest Account Domain: JERRY Logon ID: 0x3c725fe Privileges: SeSecurityPrivilege SeBackupPrivilege SeRestorePrivilege SeTakeOwnershipPrivilege SeDebugPrivilege SeSystemEnvironmentPrivilege SeLoadDriverPrivilege SeImpersonatePrivilege SeEnableDelegationPrivilege"}
{"_path":"syslog","_write_ts":"2018-03-24T17:25:39.853709Z","ts":"2018-03-24T17:25:39.853709Z","uid":"CBs8sZ2kIbw2QgSdy4","id.orig_h":"10.47.22.25","id.orig_p":58947,"id.resp_h":"10.47.2.153","id.resp_p":514,"proto":"udp","facility":"LOCAL0","severity":"NOTICE","message":"1 2018-03-24T09:09:29-07:00 Kramer.jerry.land EvntSLog - - - Special privileges assigned to new logon. Subject: Security ID: S-1-5-21-1311969832-1707640848-2310541705-501 Account Name: Guest Account Domain: JERRY Logon ID: 0x3c725fe Privileges: SeSecurityPrivilege SeBackupPrivilege SeRestorePrivilege SeTakeOwnershipPrivilege SeDebugPrivilege SeSystemEnvironmentPrivilege SeLoadDriverPrivilege SeImpersonatePrivilege SeEnableDelegationPrivilege"}
{"_path":"syslog","_write_ts":"2018-03-24T17:25:39.868493Z","ts":"2018-03-24T17:25:39.868493Z","uid":"CBs8sZ2kIbw2QgSdy4","id.orig_h":"10.47.22.25","id.orig_p":58947,"id.resp_h":"10.47.2.153","id.resp_p":514,"proto":"udp","facility":"LOCAL0","severity":"NOTICE","message":"1 2018-03-24T09:09:29-07:00 Kramer.jerry.land EvntSLog - - - An account was logged off. Subject: Security ID: S-1-5-21-1311969832-1707640848-2310541705-501 Account Name: Guest Account Domain: JERRY Logon ID: 0x3c725fe Logon Type: 3 This event is generated when a logon session is destroyed. It may be positively correlated with a logon event using the Logon ID value. Logon IDs are only unique between reboots on the same computer."}
{"_path":"syslog","_write_ts":"2018-03-24T17:25:39.868533Z","ts":"2018-03-24T17:25:39.868533Z","uid":"CBs8sZ2kIbw2QgSdy4","id.orig_h":"10.47.22.25","id.orig_p":58947,"id.resp_h":"10.47.2.153","id.resp_p":514,"proto":"udp","facility":"LOCAL0","severity":"NOTICE","message":"1 2018-03-24T09:09:29-07:00 Kramer.jerry.land EvntSLog - - - An account was logged off. Subject: Security ID: S-1-5-21-1311969832-1707640848-2310541705-501 Account Name: Guest Account Domain: JERRY Logon ID: 0x3c725fe Logon Type: 3 This event is generated when a logon session is destroyed. It may be positively correlated with a logon event using the Logon ID value. Logon IDs are only unique between reboots on the same computer."}
{"_path":"syslog","_write_ts":"2018-03-24T17:25:39.868537Z","ts":"2018-03-24T17:25:39.868537Z","uid":"CBs8sZ2kIbw2QgSdy4","id.orig_h":"10.47.22.25","id.orig_p":58947,"id.resp_h":"10.47.2.153","id.resp_p":514,"proto":"udp","facility":"LOCAL0","severity":"NOTICE","message":"1 2018-03-24T09:09:29-07:00 Kramer.jerry.land EvntSLog - - - An account was logged off. Subject: Security ID: S-1-5-21-1311969832-1707640848-2310541705-501 Account Name: Guest Account Domain: JERRY Logon ID: 0x3c725fe Logon Type: 3 This event is generated when a logon session is destroyed. It may be positively correlated with a logon event using the Logon ID value. Logon IDs are only unique between reboots on the same computer."}
{"_path":"syslog","_write_ts":"2018-03-24T17:25:39.868539Z","ts":"2018-03-24T17:25:39.868539Z","uid":"CBs8sZ2kIbw2QgSdy4","id.orig_h":"10.47.22.25","id.orig_p":58947,"id.resp_h":"10.47.2.153","id.resp_p":514,"proto":"udp","facility":"LOCAL0","severity":"NOTICE","message":"1 2018-03-24T09:09:29-07:00 Kramer.jerry.land EvntSLog - - - An account was logged off. Subject: Security ID: S-1-5-21-1311969832-1707640848-2310541705-501 Account Name: Guest Account Domain: JERRY Logon ID: 0x3c725fe Logon Type: 3 This event is generated when a logon session is destroyed. It may be positively correlated with a logon event using the Logon ID value. Logon IDs are only unique between reboots on the same computer."}
{"_path":"syslog","_write_ts":"2018-03-24T17:25:49.156455Z","ts":"2018-03-24T17:25:49.156455Z","uid":"CjiINg3TvK3kLQG6mf","id.orig_h":"10.47.22.81","id.orig_p":60245,"id.resp_h":"10.47.2.153","id.resp_p":514,"proto":"udp","facility":"LOCAL0","severity":"INFO","message":"1 2018-03-24T09:09:40-07:00 PC-susan.jerry.land EvntSLog - - - @cee: {\"source\": \"PC-susan.jerry.land\", \"msg\": \"Starting periodic policy processing for computer JERRY\\\\PC-SUSAN$. \\r\\nActivity id: {BF2F7168-C9AE-4A67-BD4F-8FDE926C7671}\", \"nteventlogtype\": \"Microsoft-Windows-GroupPolicy/Operational\", \"sourceproc\": \"Microsoft-Windows-GroupPolicy\", \"id\": \"4006\", \"categoryid\": \"0\", \"category\": \"0\", \"keywordid\": \"0x4000000000000000\", \"user\": \"NT AUTHORITY\\\\SYSTEM\", \"user_sid\": \"S-1-5-18\", \"PolicyActivityId\": \"{BF2F7168-C9AE-4A67-BD4F-8FDE926C7671}\", \"PrincipalSamName\": \"JERRY\\\\PC-SUSAN$\", \"IsMachine\": \"1\", \"IsDomainJoined\": \"true\", \"IsBackgroundProcessing\": \"true\", \"IsAsyncProcessing\": \"false\", \"IsServiceRestart\": \"false\", \"ReasonForSyncProcessing\": \"0\", \"catname\": \"\", \"level\": \"Information\"}"}
{"_path":"syslog","_write_ts":"2018-03-24T17:25:49.156457Z","ts":"2018-03-24T17:25:49.156457Z","uid":"CjiINg3TvK3kLQG6mf","id.orig_h":"10.47.22.81","id.orig_p":60245,"id.resp_h":"10.47.2.153","id.resp_p":514,"proto":"udp","facility":"LOCAL0","severity":"INFO","message":"1 2018-03-24T09:09:40-07:00 PC-susan.jerry.land EvntSLog - - - @cee: {\"source\": \"PC-susan.jerry.land\", \"msg\": \"Starting periodic policy processing for computer JERRY\\\\PC-SUSAN$. \\r\\nActivity id: {BF2F7168-C9AE-4A67-BD4F-8FDE926C7671}\", \"nteventlogtype\": \"Microsoft-Windows-GroupPolicy/Operational\", \"sourceproc\": \"Microsoft-Windows-GroupPolicy\", \"id\": \"4006\", \"categoryid\": \"0\", \"category\": \"0\", \"keywordid\": \"0x4000000000000000\", \"user\": \"NT AUTHORITY\\\\SYSTEM\", \"user_sid\": \"S-1-5-18\", \"PolicyActivityId\": \"{BF2F7168-C9AE-4A67-BD4F-8FDE926C7671}\", \"PrincipalSamName\": \"JERRY\\\\PC-SUSAN$\", \"IsMachine\": \"1\", \"IsDomainJoined\": \"true\", \"IsBackgroundProcessing\": \"true\", \"IsAsyncProcessing\": \"false\", \"IsServiceRestart\": \"false\", \"ReasonForSyncProcessing\": \"0\", \"catname\": \"\", \"level\": \"Information\"}"}
{"_path":"syslog","_write_ts":"2018-03-24T17:25:49.156463Z","ts":"2018-03-24T17:25:49.156463Z","uid":"CjiINg3TvK3kLQG6mf","id.orig_h":"10.47.22.81","id.orig_p":60245,"id.resp_h":"10.47.2.153","id.resp_p":514,"proto":"udp","facility":"LOCAL0","severity":"INFO","message":"1 2018-03-24T09:09:40-07:00 PC-susan.jerry.land EvntSLog - - - @cee: {\"source\": \"PC-susan.jerry.land\", \"msg\": \"Starting periodic policy processing for computer JERRY\\\\PC-SUSAN$. \\r\\nActivity id: {BF2F7168-C9AE-4A67-BD4F-8FDE926C7671}\", \"nteventlogtype\": \"Microsoft-Windows-GroupPolicy/Operational\", \"sourceproc\": \"Microsoft-Windows-GroupPolicy\", \"id\": \"4006\", \"categoryid\": \"0\", \"category\": \"0\", \"keywordid\": \"0x4000000000000000\", \"user\": \"NT AUTHORITY\\\\SYSTEM\", \"user_sid\": \"S-1-5-18\", \"PolicyActivityId\": \"{BF2F7168-C9AE-4A67-BD4F-8FDE926C7671}\", \"PrincipalSamName\": \"JERRY\\\\PC-SUSAN$\", \"IsMachine\": \"1\", \"IsDomainJoined\": \"true\", \"IsBackgroundProcessing\": \"true\", \"IsAsyncProcessing\": \"false\", \"IsServiceRestart\": \"false\", \"ReasonForSyncProcessing\": \"0\", \"catname\": \"\", \"level\": \"Information\"}"}
{"_path":"syslog","_write_ts":"2018-03-24T17:25:49.156466Z","ts":"2018-03-24T17:25:49.156466Z","uid":"CjiINg3TvK3kLQG6mf","id.orig_h":"10.47.22.81","id.orig_p":60245,"id.resp_h":"10.47.2.153","id.resp_p":514,"proto":"udp","facility":"LOCAL0","severity":"INFO","message":"1 2018-03-24T09:09:40-07:00 PC-susan.jerry.land EvntSLog - - - @cee: {\"source\": \"PC-susan.jerry.land\", \"msg\": \"Starting periodic policy processing for computer JERRY\\\\PC-SUSAN$. \\r\\nActivity id: {BF2F7168-C9AE-4A67-BD4F-8FDE926C7671}\", \"nteventlogtype\": \"Microsoft-Windows-GroupPolicy/Operational\", \"sourceproc\": \"Microsoft-Windows-GroupPolicy\", \"id\": \"4006\", \"categoryid\": \"0\", \"category\": \"0\", \"keywordid\": \"0x4000000000000000\", \"user\": \"NT AUTHORITY\\\\SYSTEM\", \"user_sid\": \"S-1-5-18\", \"PolicyActivityId\": \"{BF2F7168-C9AE-4A67-BD4F-8FDE926C7671}\", \"PrincipalSamName\": \"JERRY\\\\PC-SUSAN$\", \"IsMachine\": \"1\", \"IsDomainJoined\": \"true\", \"IsBackgroundProcessing\": \"true\", \"IsAsyncProcessing\": \"false\", \"IsServiceRestart\": \"false\", \"ReasonForSyncProcessing\": \"0\", \"catname\": \"\", \"level\": \"Information\"}"}
{"_path":"syslog","_write_ts":"2018-03-24T17:25:49.168975Z","ts":"2018-03-24T17:25:49.168975Z","uid":"CjiINg3TvK3kLQG6mf","id.orig_h":"10.47.22.81","id.orig_p":60245,"id.resp_h":"10.47.2.153","id.resp_p":514,"proto":"udp","facility":"LOCAL0","severity":"INFO","message":"1 2018-03-24T09:09:40-07:00 PC-susan.jerry.land EvntSLog - - - @cee: {\"source\": \"PC-susan.jerry.land\", \"msg\": \"Attempting to retrieve the account information.\", \"nteventlogtype\": \"Microsoft-Windows-GroupPolicy/Operational\", \"sourceproc\": \"Microsoft-Windows-GroupPolicy\", \"id\": \"5320\", \"categoryid\": \"0\", \"category\": \"0\", \"keywordid\": \"0x4000000000000000\", \"user\": \"NT AUTHORITY\\\\SYSTEM\", \"user_sid\": \"S-1-5-18\", \"InfoDescription\": \"%%4114\", \"catname\": \"\", \"level\": \"Information\"}"}
{"_path":"syslog","_write_ts":"2018-03-24T17:25:49.168978Z","ts":"2018-03-24T17:25:49.168978Z","uid":"CjiINg3TvK3kLQG6mf","id.orig_h":"10.47.22.81","id.orig_p":60245,"id.resp_h":"10.47.2.153","id.resp_p":514,"proto":"udp","facility":"LOCAL0","severity":"INFO","message":"1 2018-03-24T09:09:40-07:00 PC-susan.jerry.land EvntSLog - - - @cee: {\"source\": \"PC-susan.jerry.land\", \"msg\": \"Attempting to retrieve the account information.\", \"nteventlogtype\": \"Microsoft-Windows-GroupPolicy/Operational\", \"sourceproc\": \"Microsoft-Windows-GroupPolicy\", \"id\": \"5320\", \"categoryid\": \"0\", \"category\": \"0\", \"keywordid\": \"0x4000000000000000\", \"user\": \"NT AUTHORITY\\\\SYSTEM\", \"user_sid\": \"S-1-5-18\", \"InfoDescription\": \"%%4114\", \"catname\": \"\", \"level\": \"Information\"}"}
{"_path":"syslog","_write_ts":"2018-03-24T17:25:49.168979Z","ts":"2018-03-24T17:25:49.168979Z","uid":"CjiINg3TvK3kLQG6mf","id.orig_h":"10.47.22.81","id.orig_p":60245,"id.resp_h":"10.47.2.153","id.resp_p":514,"proto":"udp","facility":"LOCAL0","severity":"INFO","message":"1 2018-03-24T09:09:40-07:00 PC-susan.jerry.land EvntSLog - - - @cee: {\"source\": \"PC-susan.jerry.land\", \"msg\": \"Attempting to retrieve the account information.\", \"nteventlogtype\": \"Microsoft-Windows-GroupPolicy/Operational\", \"sourceproc\": \"Microsoft-Windows-GroupPolicy\", \"id\": \"5320\", \"categoryid\": \"0\", \"category\": \"0\", \"keywordid\": \"0x4000000000000000\", \"user\": \"NT AUTHORITY\\\\SYSTEM\", \"user_sid\": \"S-1-5-18\", \"InfoDescription\": \"%%4114\", \"catname\": \"\", \"level\": \"Information\"}"}
{"_path":"syslog","_write_ts":"2018-03-24T17:25:49.168981Z","ts":"2018-03-24T17:25:49.168981Z","uid":"CjiINg3TvK3kLQG6mf","id.orig_h":"10.47.22.81","id.orig_p":60245,"id.resp_h":"10.47.2.153","id.resp_p":514,"proto":"udp","facility":"LOCAL0","severity":"INFO","message":"1 2018-03-24T09:09:40-07:00 PC-susan.jerry.land EvntSLog - - - @cee: {\"source\": \"PC-susan.jerry.land\", \"msg\": \"Attempting to retrieve the account information.\", \"nteventlogtype\": \"Microsoft-Windows-GroupPolicy/Operational\", \"sourceproc\": \"Microsoft-Windows-GroupPolicy\", \"id\": \"5320\", \"categoryid\": \"0\", \"category\": \"0\", \"keywordid\": \"0x4000000000000000\", \"user\": \"NT AUTHORITY\\\\SYSTEM\", \"user_sid\": \"S-1-5-18\", \"InfoDescription\": \"%%4114\", \"catname\": \"\", \"level\": \"Information\"}"}
{"_path":"syslog","_write_ts":"2018-03-24T17:25:49.186565Z","ts":"2018-03-24T17:25:49.186565Z","uid":"CjiINg3TvK3kLQG6mf","id.orig_h":"10.47.22.81","id.orig_p":60245,"id.resp_h":"10.47.2.153","id.resp_p":514,"proto":"udp","facility":"LOCAL0","severity":"INFO","message":"1 2018-03-24T09:09:40-07:00 PC-susan.jerry.land EvntSLog - - - @cee: {\"source\": \"PC-susan.jerry.land\", \"msg\": \"Making system call to get account information. \\r\\n\", \"nteventlogtype\": \"Microsoft-Windows-GroupPolicy/Operational\", \"sourceproc\": \"Microsoft-Windows-GroupPolicy\", \"id\": \"4017\", \"categoryid\": \"0\", \"category\": \"0\", \"keywordid\": \"0x4000000000000000\", \"user\": \"NT AUTHORITY\\\\SYSTEM\", \"user_sid\": \"S-1-5-18\", \"OperationDescription\": \"%%4117\", \"catname\": \"\", \"level\": \"Information\"}"}
{"_path":"syslog","_write_ts":"2018-03-24T17:25:49.186569Z","ts":"2018-03-24T17:25:49.186569Z","uid":"CjiINg3TvK3kLQG6mf","id.orig_h":"10.47.22.81","id.orig_p":60245,"id.resp_h":"10.47.2.153","id.resp_p":514,"proto":"udp","facility":"LOCAL0","severity":"INFO","message":"1 2018-03-24T09:09:40-07:00 PC-susan.jerry.land EvntSLog - - - @cee: {\"source\": \"PC-susan.jerry.land\", \"msg\": \"Making system call to get account information. \\r\\n\", \"nteventlogtype\": \"Microsoft-Windows-GroupPolicy/Operational\", \"sourceproc\": \"Microsoft-Windows-GroupPolicy\", \"id\": \"4017\", \"categoryid\": \"0\", \"category\": \"0\", \"keywordid\": \"0x4000000000000000\", \"user\": \"NT AUTHORITY\\\\SYSTEM\", \"user_sid\": \"S-1-5-18\", \"OperationDescription\": \"%%4117\", \"catname\": \"\", \"level\": \"Information\"}"}
{"_path":"syslog","_write_ts":"2018-03-24T17:25:49.186576Z","ts":"2018-03-24T17:25:49.186576Z","uid":"CjiINg3TvK3kLQG6mf","id.orig_h":"10.47.22.81","id.orig_p":60245,"id.resp_h":"10.47.2.153","id.resp_p":514,"proto":"udp","facility":"LOCAL0","severity":"INFO","message":"1 2018-03-24T09:09:40-07:00 PC-susan.jerry.land EvntSLog - - - @cee: {\"source\": \"PC-susan.jerry.land\", \"msg\": \"Making system call to get account information. \\r\\n\", \"nteventlogtype\": \"Microsoft-Windows-GroupPolicy/Operational\", \"sourceproc\": \"Microsoft-Windows-GroupPolicy\", \"id\": \"4017\", \"categoryid\": \"0\", \"category\": \"0\", \"keywordid\": \"0x4000000000000000\", \"user\": \"NT AUTHORITY\\\\SYSTEM\", \"user_sid\": \"S-1-5-18\", \"OperationDescription\": \"%%4117\", \"catname\": \"\", \"level\": \"Information\"}"}
{"_path":"syslog","_write_ts":"2018-03-24T17:25:49.186579Z","ts":"2018-03-24T17:25:49.186579Z","uid":"CjiINg3TvK3kLQG6mf","id.orig_h":"10.47.22.81","id.orig_p":60245,"id.resp_h":"10.47.2.153","id.resp_p":514,"proto":"udp","facility":"LOCAL0","severity":"INFO","message":"1 2018-03-24T09:09:40-07:00 PC-susan.jerry.land EvntSLog - - - @cee: {\"source\": \"PC-susan.jerry.land\", \"msg\": \"Making system call to get account information. \\r\\n\", \"nteventlogtype\": \"Microsoft-Windows-GroupPolicy/Operational\", \"sourceproc\": \"Microsoft-Windows-GroupPolicy\", \"id\": \"4017\", \"categoryid\": \"0\", \"category\": \"0\", \"keywordid\": \"0x4000000000000000\", \"user\": \"NT AUTHORITY\\\\SYSTEM\", \"user_sid\": \"S-1-5-18\", \"OperationDescription\": \"%%4117\", \"catname\": \"\", \"level\": \"Information\"}"}
{"_path":"syslog","_write_ts":"2018-03-24T17:25:49.201964Z","ts":"2018-03-24T17:25:49.201964Z","uid":"CjiINg3TvK3kLQG6mf","id.orig_h":"10.47.22.81","id.orig_p":60245,"id.resp_h":"10.47.2.153","id.resp_p":514,"proto":"udp","facility":"LOCAL0","severity":"INFO","message":"1 2018-03-24T09:09:40-07:00 PC-susan.jerry.land EvntSLog - - - @cee: {\"source\": \"PC-susan.jerry.land\", \"msg\": \"The system call to get account information completed. \\r\\nCN=PC-SUSAN,CN=Computers,DC=jerry,DC=land\\r\\nThe call completed in 0 milliseconds.\", \"nteventlogtype\": \"Microsoft-Windows-GroupPolicy/Operational\", \"sourceproc\": \"Microsoft-Windows-GroupPolicy\", \"id\": \"5017\", \"categoryid\": \"0\", \"category\": \"0\", \"keywordid\": \"0x4000000000000000\", \"user\": \"NT AUTHORITY\\\\SYSTEM\", \"user_sid\": \"S-1-5-18\", \"OperationElaspedTimeInMilliSeconds\": \"0\", \"ErrorCode\": \"0\", \"OperationDescription\": \"%%4118\", \"Parameter\": \"CN=PC-SUSAN,CN=Computers,DC=jerry,DC=land\", \"catname\": \"\", \"level\": \"Information\"}"}
{"_path":"syslog","_write_ts":"2018-03-24T17:25:49.201968Z","ts":"2018-03-24T17:25:49.201968Z","uid":"CjiINg3TvK3kLQG6mf","id.orig_h":"10.47.22.81","id.orig_p":60245,"id.resp_h":"10.47.2.153","id.resp_p":514,"proto":"udp","facility":"LOCAL0","severity":"INFO","message":"1 2018-03-24T09:09:40-07:00 PC-susan.jerry.land EvntSLog - - - @cee: {\"source\": \"PC-susan.jerry.land\", \"msg\": \"The system call to get account information completed. \\r\\nCN=PC-SUSAN,CN=Computers,DC=jerry,DC=land\\r\\nThe call completed in 0 milliseconds.\", \"nteventlogtype\": \"Microsoft-Windows-GroupPolicy/Operational\", \"sourceproc\": \"Microsoft-Windows-GroupPolicy\", \"id\": \"5017\", \"categoryid\": \"0\", \"category\": \"0\", \"keywordid\": \"0x4000000000000000\", \"user\": \"NT AUTHORITY\\\\SYSTEM\", \"user_sid\": \"S-1-5-18\", \"OperationElaspedTimeInMilliSeconds\": \"0\", \"ErrorCode\": \"0\", \"OperationDescription\": \"%%4118\", \"Parameter\": \"CN=PC-SUSAN,CN=Computers,DC=jerry,DC=land\", \"catname\": \"\", \"level\": \"Information\"}"}
{"_path":"syslog","_write_ts":"2018-03-24T17:25:49.202058Z","ts":"2018-03-24T17:25:49.202058Z","uid":"CjiINg3TvK3kLQG6mf","id.orig_h":"10.47.22.81","id.orig_p":60245,"id.resp_h":"10.47.2.153","id.resp_p":514,"proto":"udp","facility":"LOCAL0","severity":"INFO","message":"1 2018-03-24T09:09:40-07:00 PC-susan.jerry.land EvntSLog - - - @cee: {\"source\": \"PC-susan.jerry.land\", \"msg\": \"The system call to get account information completed. \\r\\nCN=PC-SUSAN,CN=Computers,DC=jerry,DC=land\\r\\nThe call completed in 0 milliseconds.\", \"nteventlogtype\": \"Microsoft-Windows-GroupPolicy/Operational\", \"sourceproc\": \"Microsoft-Windows-GroupPolicy\", \"id\": \"5017\", \"categoryid\": \"0\", \"category\": \"0\", \"keywordid\": \"0x4000000000000000\", \"user\": \"NT AUTHORITY\\\\SYSTEM\", \"user_sid\": \"S-1-5-18\", \"OperationElaspedTimeInMilliSeconds\": \"0\", \"ErrorCode\": \"0\", \"OperationDescription\": \"%%4118\", \"Parameter\": \"CN=PC-SUSAN,CN=Computers,DC=jerry,DC=land\", \"catname\": \"\", \"level\": \"Information\"}"}
{"_path":"syslog","_write_ts":"2018-03-24T17:25:49.202064Z","ts":"2018-03-24T17:25:49.202064Z","uid":"CjiINg3TvK3kLQG6mf","id.orig_h":"10.47.22.81","id.orig_p":60245,"id.resp_h":"10.47.2.153","id.resp_p":514,"proto":"udp","facility":"LOCAL0","severity":"INFO","message":"1 2018-03-24T09:09:40-07:00 PC-susan.jerry.land EvntSLog - - - @cee: {\"source\": \"PC-susan.jerry.land\", \"msg\": \"The system call to get account information completed. \\r\\nCN=PC-SUSAN,CN=Computers,DC=jerry,DC=land\\r\\nThe call completed in 0 milliseconds.\", \"nteventlogtype\": \"Microsoft-Windows-GroupPolicy/Operational\", \"sourceproc\": \"Microsoft-Windows-GroupPolicy\", \"id\": \"5017\", \"categoryid\": \"0\", \"category\": \"0\", \"keywordid\": \"0x4000000000000000\", \"user\": \"NT AUTHORITY\\\\SYSTEM\", \"user_sid\": \"S-1-5-18\", \"OperationElaspedTimeInMilliSeconds\": \"0\", \"ErrorCode\": \"0\", \"OperationDescription\": \"%%4118\", \"Parameter\": \"CN=PC-SUSAN,CN=Computers,DC=jerry,DC=land\", \"catname\": \"\", \"level\": \"Information\"}"}
{"_path":"syslog","_write_ts":"2018-03-24T17:25:49.217288Z","ts":"2018-03-24T17:25:49.217288Z","uid":"CjiINg3TvK3kLQG6mf","id.orig_h":"10.47.22.81","id.orig_p":60245,"id.resp_h":"10.47.2.153","id.resp_p":514,"proto":"udp","facility":"LOCAL0","severity":"INFO","message":"1 2018-03-24T09:09:40-07:00 PC-susan.jerry.land EvntSLog - - - @cee: {\"source\": \"PC-susan.jerry.land\", \"msg\": \"Retrieved account information.\", \"nteventlogtype\": \"Microsoft-Windows-GroupPolicy/Operational\", \"sourceproc\": \"Microsoft-Windows-GroupPolicy\", \"id\": \"5320\", \"categoryid\": \"0\", \"category\": \"0\", \"keywordid\": \"0x4000000000000000\", \"user\": \"NT AUTHORITY\\\\SYSTEM\", \"user_sid\": \"S-1-5-18\", \"InfoDescription\": \"%%4115\", \"catname\": \"\", \"level\": \"Information\"}"}
{"_path":"syslog","_write_ts":"2018-03-24T17:25:49.217293Z","ts":"2018-03-24T17:25:49.217293Z","uid":"CjiINg3TvK3kLQG6mf","id.orig_h":"10.47.22.81","id.orig_p":60245,"id.resp_h":"10.47.2.153","id.resp_p":514,"proto":"udp","facility":"LOCAL0","severity":"INFO","message":"1 2018-03-24T09:09:40-07:00 PC-susan.jerry.land EvntSLog - - - @cee: {\"source\": \"PC-susan.jerry.land\", \"msg\": \"Retrieved account information.\", \"nteventlogtype\": \"Microsoft-Windows-GroupPolicy/Operational\", \"sourceproc\": \"Microsoft-Windows-GroupPolicy\", \"id\": \"5320\", \"categoryid\": \"0\", \"category\": \"0\", \"keywordid\": \"0x4000000000000000\", \"user\": \"NT AUTHORITY\\\\SYSTEM\", \"user_sid\": \"S-1-5-18\", \"InfoDescription\": \"%%4115\", \"catname\": \"\", \"level\": \"Information\"}"}
{"_path":"syslog","_write_ts":"2018-03-24T17:25:49.217297Z","ts":"2018-03-24T17:25:49.217297Z","uid":"CjiINg3TvK3kLQG6mf","id.orig_h":"10.47.22.81","id.orig_p":60245,"id.resp_h":"10.47.2.153","id.resp_p":514,"proto":"udp","facility":"LOCAL0","severity":"INFO","message":"1 2018-03-24T09:09:40-07:00 PC-susan.jerry.land EvntSLog - - - @cee: {\"source\": \"PC-susan.jerry.land\", \"msg\": \"Retrieved account information.\", \"nteventlogtype\": \"Microsoft-Windows-GroupPolicy/Operational\", \"sourceproc\": \"Microsoft-Windows-GroupPolicy\", \"id\": \"5320\", \"categoryid\": \"0\", \"category\": \"0\", \"keywordid\": \"0x4000000000000000\", \"user\": \"NT AUTHORITY\\\\SYSTEM\", \"user_sid\": \"S-1-5-18\", \"InfoDescription\": \"%%4115\", \"catname\": \"\", \"level\": \"Information\"}"}
{"_path":"syslog","_write_ts":"2018-03-24T17:25:49.217299Z","ts":"2018-03-24T17:25:49.217299Z","uid":"CjiINg3TvK3kLQG6mf","id.orig_h":"10.47.22.81","id.orig_p":60245,"id.resp_h":"10.47.2.153","id.resp_p":514,"proto":"udp","facility":"LOCAL0","severity":"INFO","message":"1 2018-03-24T09:09:40-07:00 PC-susan.jerry.land EvntSLog - - - @cee: {\"source\": \"PC-susan.jerry.land\", \"msg\": \"Retrieved account information.\", \"nteventlogtype\": \"Microsoft-Windows-GroupPolicy/Operational\", \"sourceproc\": \"Microsoft-Windows-GroupPolicy\", \"id\": \"5320\", \"categoryid\": \"0\", \"category\": \"0\", \"keywordid\": \"0x4000000000000000\", \"user\": \"NT AUTHORITY\\\\SYSTEM\", \"user_sid\": \"S-1-5-18\", \"InfoDescription\": \"%%4115\", \"catname\": \"\", \"level\": \"Information\"}"}
{"_path":"syslog","_write_ts":"2018-03-24T17:25:49.234974Z","ts":"2018-03-24T17:25:49.234974Z","uid":"CjiINg3TvK3kLQG6mf","id.orig_h":"10.47.22.81","id.orig_p":60245,"id.resp_h":"10.47.2.153","id.resp_p":514,"proto":"udp","facility":"LOCAL0","severity":"INFO","message":"1 2018-03-24T09:09:40-07:00 PC-susan.jerry.land EvntSLog - - - @cee: {\"source\": \"PC-susan.jerry.land\", \"msg\": \"Group Policy is trying to discover the Domain Controller information.\", \"nteventlogtype\": \"Microsoft-Windows-GroupPolicy/Operational\", \"sourceproc\": \"Microsoft-Windows-GroupPolicy\", \"id\": \"4326\", \"categoryid\": \"0\", \"category\": \"0\", \"keywordid\": \"0x4000000000000000\", \"user\": \"NT AUTHORITY\\\\SYSTEM\", \"user_sid\": \"S-1-5-18\", \"catname\": \"\", \"level\": \"Information\"}"}
{"_path":"syslog","_write_ts":"2018-03-24T17:25:49.234978Z","ts":"2018-03-24T17:25:49.234978Z","uid":"CjiINg3TvK3kLQG6mf","id.orig_h":"10.47.22.81","id.orig_p":60245,"id.resp_h":"10.47.2.153","id.resp_p":514,"proto":"udp","facility":"LOCAL0","severity":"INFO","message":"1 2018-03-24T09:09:40-07:00 PC-susan.jerry.land EvntSLog - - - @cee: {\"source\": \"PC-susan.jerry.land\", \"msg\": \"Group Policy is trying to discover the Domain Controller information.\", \"nteventlogtype\": \"Microsoft-Windows-GroupPolicy/Operational\", \"sourceproc\": \"Microsoft-Windows-GroupPolicy\", \"id\": \"4326\", \"categoryid\": \"0\", \"category\": \"0\", \"keywordid\": \"0x4000000000000000\", \"user\": \"NT AUTHORITY\\\\SYSTEM\", \"user_sid\": \"S-1-5-18\", \"catname\": \"\", \"level\": \"Information\"}"}
{"_path":"syslog","_write_ts":"2018-03-24T17:25:49.234980Z","ts":"2018-03-24T17:25:49.234980Z","uid":"CjiINg3TvK3kLQG6mf","id.orig_h":"10.47.22.81","id.orig_p":60245,"id.resp_h":"10.47.2.153","id.resp_p":514,"proto":"udp","facility":"LOCAL0","severity":"INFO","message":"1 2018-03-24T09:09:40-07:00 PC-susan.jerry.land EvntSLog - - - @cee: {\"source\": \"PC-susan.jerry.land\", \"msg\": \"Group Policy is trying to discover the Domain Controller information.\", \"nteventlogtype\": \"Microsoft-Windows-GroupPolicy/Operational\", \"sourceproc\": \"Microsoft-Windows-GroupPolicy\", \"id\": \"4326\", \"categoryid\": \"0\", \"category\": \"0\", \"keywordid\": \"0x4000000000000000\", \"user\": \"NT AUTHORITY\\\\SYSTEM\", \"user_sid\": \"S-1-5-18\", \"catname\": \"\", \"level\": \"Information\"}"}
{"_path":"syslog","_write_ts":"2018-03-24T17:25:49.234982Z","ts":"2018-03-24T17:25:49.234982Z","uid":"CjiINg3TvK3kLQG6mf","id.orig_h":"10.47.22.81","id.orig_p":60245,"id.resp_h":"10.47.2.153","id.resp_p":514,"proto":"udp","facility":"LOCAL0","severity":"INFO","message":"1 2018-03-24T09:09:40-07:00 PC-susan.jerry.land EvntSLog - - - @cee: {\"source\": \"PC-susan.jerry.land\", \"msg\": \"Group Policy is trying to discover the Domain Controller information.\", \"nteventlogtype\": \"Microsoft-Windows-GroupPolicy/Operational\", \"sourceproc\": \"Microsoft-Windows-GroupPolicy\", \"id\": \"4326\", \"categoryid\": \"0\", \"category\": \"0\", \"keywordid\": \"0x4000000000000000\", \"user\": \"NT AUTHORITY\\\\SYSTEM\", \"user_sid\": \"S-1-5-18\", \"catname\": \"\", \"level\": \"Information\"}"}
{"_path":"syslog","_write_ts":"2018-03-24T17:25:49.250433Z","ts":"2018-03-24T17:25:49.250433Z","uid":"CjiINg3TvK3kLQG6mf","id.orig_h":"10.47.22.81","id.orig_p":60245,"id.resp_h":"10.47.2.153","id.resp_p":514,"proto":"udp","facility":"LOCAL0","severity":"INFO","message":"1 2018-03-24T09:09:40-07:00 PC-susan.jerry.land EvntSLog - - - @cee: {\"source\": \"PC-susan.jerry.land\", \"msg\": \"Retrieving Domain Controller details.\", \"nteventlogtype\": \"Microsoft-Windows-GroupPolicy/Operational\", \"sourceproc\": \"Microsoft-Windows-GroupPolicy\", \"id\": \"5320\", \"categoryid\": \"0\", \"category\": \"0\", \"keywordid\": \"0x4000000000000000\", \"user\": \"NT AUTHORITY\\\\SYSTEM\", \"user_sid\": \"S-1-5-18\", \"InfoDescription\": \"%%4096\", \"catname\": \"\", \"level\": \"Information\"}"}
{"_path":"syslog","_write_ts":"2018-03-24T17:25:49.250437Z","ts":"2018-03-24T17:25:49.250437Z","uid":"CjiINg3TvK3kLQG6mf","id.orig_h":"10.47.22.81","id.orig_p":60245,"id.resp_h":"10.47.2.153","id.resp_p":514,"proto":"udp","facility":"LOCAL0","severity":"INFO","message":"1 2018-03-24T09:09:40-07:00 PC-susan.jerry.land EvntSLog - - - @cee: {\"source\": \"PC-susan.jerry.land\", \"msg\": \"Retrieving Domain Controller details.\", \"nteventlogtype\": \"Microsoft-Windows-GroupPolicy/Operational\", \"sourceproc\": \"Microsoft-Windows-GroupPolicy\", \"id\": \"5320\", \"categoryid\": \"0\", \"category\": \"0\", \"keywordid\": \"0x4000000000000000\", \"user\": \"NT AUTHORITY\\\\SYSTEM\", \"user_sid\": \"S-1-5-18\", \"InfoDescription\": \"%%4096\", \"catname\": \"\", \"level\": \"Information\"}"}
{"_path":"syslog","_write_ts":"2018-03-24T17:25:49.250474Z","ts":"2018-03-24T17:25:49.250474Z","uid":"CjiINg3TvK3kLQG6mf","id.orig_h":"10.47.22.81","id.orig_p":60245,"id.resp_h":"10.47.2.153","id.resp_p":514,"proto":"udp","facility":"LOCAL0","severity":"INFO","message":"1 2018-03-24T09:09:40-07:00 PC-susan.jerry.land EvntSLog - - - @cee: {\"source\": \"PC-susan.jerry.land\", \"msg\": \"Retrieving Domain Controller details.\", \"nteventlogtype\": \"Microsoft-Windows-GroupPolicy/Operational\", \"sourceproc\": \"Microsoft-Windows-GroupPolicy\", \"id\": \"5320\", \"categoryid\": \"0\", \"category\": \"0\", \"keywordid\": \"0x4000000000000000\", \"user\": \"NT AUTHORITY\\\\SYSTEM\", \"user_sid\": \"S-1-5-18\", \"InfoDescription\": \"%%4096\", \"catname\": \"\", \"level\": \"Information\"}"}
{"_path":"syslog","_write_ts":"2018-03-24T17:25:49.250476Z","ts":"2018-03-24T17:25:49.250476Z","uid":"CjiINg3TvK3kLQG6mf","id.orig_h":"10.47.22.81","id.orig_p":60245,"id.resp_h":"10.47.2.153","id.resp_p":514,"proto":"udp","facility":"LOCAL0","severity":"INFO","message":"1 2018-03-24T09:09:40-07:00 PC-susan.jerry.land EvntSLog - - - @cee: {\"source\": \"PC-susan.jerry.land\", \"msg\": \"Retrieving Domain Controller details.\", \"nteventlogtype\": \"Microsoft-Windows-GroupPolicy/Operational\", \"sourceproc\": \"Microsoft-Windows-GroupPolicy\", \"id\": \"5320\", \"categoryid\": \"0\", \"category\": \"0\", \"keywordid\": \"0x4000000000000000\", \"user\": \"NT AUTHORITY\\\\SYSTEM\", \"user_sid\": \"S-1-5-18\", \"InfoDescription\": \"%%4096\", \"catname\": \"\", \"level\": \"Information\"}"}
{"_path":"syslog","_write_ts":"2018-03-24T17:25:50.993248Z","ts":"2018-03-24T17:25:50.993248Z","uid":"CBs8sZ2kIbw2QgSdy4","id.orig_h":"10.47.22.25","id.orig_p":58947,"id.resp_h":"10.47.2.153","id.resp_p":514,"proto":"udp","facility":"LOCAL0","severity":"NOTICE","message":"1 2018-03-24T09:09:40-07:00 Kramer.jerry.land EvntSLog - - - An account was successfully logged on. Subject: Security ID: S-1-0-0 Account Name: - Account Domain: - Logon ID: 0x0 Logon Type: 3 New Logon: Security ID: S-1-5-21-1311969832-1707640848-2310541705-1104 Account Name: PC-SUSAN$ Account Domain: JERRY Logon ID: 0x3c737cb Logon GUID: {7E7B449D-BC48-FB90-8FE3-A3EABA336F36} Process Information: Process ID: 0x0 Process Name: - Network Information: Workstation Name: Source Network Address: 172.20.0.81 Source Port: 1963 Detailed Authentication Information: Logon Process: Kerberos Authentication Package: Kerberos Transited Services: - Package Name (NTLM only): - Key Length: 0 This event is generated when a logon session is created. It is generated on the computer that was accessed. The subject fields indicate the account on the local system which requested the logon. This is most commonly a service such as the Server service, or a local process such as Winlogon.exe or Services.exe. The logon type field indicates the kind of logon that occurred. The most common types are 2 (interactive) and 3 (network). The New Logon fields indicate the account for whom the new logon was created, i.e. the account that was logged on. The network fields indicate where a remote logon request originated. Workstation name is not always available and may be left blank in some cases. The authentication information fields provide detailed information about this specific logon request. - Logon GUID is a unique identifier that can be used to correlate this event with a KDC event. - Transited services indicate which intermediate services have participated in this logon request. - Package name indicates which sub-protocol was used among the NTLM protocols. - Key length indicates the length of the generated session key. This will be 0 if no session key was requested."}
