{"_path":"syslog","_write_ts":"2018-03-24T17:16:14.002654Z","ts":"2018-03-24T17:16:14.002654Z","uid":"ClIW0K7GCQpzzKukf","id.orig_h":"10.47.22.25","id.orig_p":58947,"id.resp_h":"10.47.2.153","id.resp_p":514,"proto":"udp","facility":"LOCAL0","severity":"NOTICE","message":"1 2018-03-24T09:00:04-07:00 Kramer.jerry.land EvntSLog - - - An account was successfully logged on. Subject: Security ID: S-1-0-0 Account Name: - Account Domain: - Logon ID: 0x0 Logon Type: 3 New Logon: Security ID: S-1-5-21-1311969832-1707640848-2310541705-1103 Account Name: PC-NEWMAN$ Account Domain: JERRY Logon ID: 0x3bae18e Logon GUID: {5A560C7E-8226-6202-7F53-34D7E8678A47} Process Information: Process ID: 0x0 Process Name: - Network Information: Workstation Name: Source Network Address: 172.20.0.80 Source Port: 50141 Detailed Authentication Information: Logon Process: Kerberos Authentication Package: Kerberos Transited Services: - Package Name (NTLM only): - Key Length: 0 This event is generated when a logon session is created. It is generated on the computer that was accessed. The subject fields indicate the account on the local system which requested the logon. This is most commonly a service such as the Server service, or a local process such as Winlogon.exe or Services.exe. The logon type field indicates the kind of logon that occurred. The most common types are 2 (interactive) and 3 (network). The New Logon fields indicate the account for whom the new logon was created, i.e. the account that was logged on. The network fields indicate where a remote logon request originated. Workstation name is not always available and may be left blank in some cases. The authentication information fields provide detailed information about this specific logon request. - Logon GUID is a unique identifier that can be used to correlate this event with a KDC event. - Transited services indicate which intermediate services have participated in this logon request. - Package name indicates which sub-protocol was used among the NTLM protocols. - Key length indicates the length of the generated session key. This will be 0 if no session key was requested."}
{"_path":"syslog","_write_ts":"2018-03-24T17:16:14.002658Z","ts":"2018-03-24T17:16:14.002658Z","uid":"ClIW0K7GCQpzzKukf","id.orig_h":"10.47.22.25","id.orig_p":58947,"id.resp_h":"10.47.2.153","id.resp_p":514,"proto":"udp","facility":"LOCAL0","severity":"NOTICE","message":"1 2018-03-24T09:00:04-07:00 Kramer.jerry.land EvntSLog - - - An account was successfully logged on. Subject: Security ID: S-1-0-0 Account Name: - Account Domain: - Logon ID: 0x0 Logon Type: 3 New Logon: Security ID: S-1-5-21-1311969832-1707640848-2310541705-1103 Account Name: PC-NEWMAN$ Account Domain: JERRY Logon ID: 0x3bae18e Logon GUID: {5A560C7E-8226-6202-7F53-34D7E8678A47} Process Information: Process ID: 0x0 Process Name: - Network Information: Workstation Name: Source Network Address: 172.20.0.80 Source Port: 50141 Detailed Authentication Information: Logon Process: Kerberos Authentication Package: Kerberos Transited Services: - Package Name (NTLM only): - Key Length: 0 This event is generated when a logon session is created. It is generated on the computer that was accessed. The subject fields indicate the account on the local system which requested the logon. This is most commonly a service such as the Server service, or a local process such as Winlogon.exe or Services.exe. The logon type field indicates the kind of logon that occurred. The most common types are 2 (interactive) and 3 (network). The New Logon fields indicate the account for whom the new logon was created, i.e. the account that was logged on. The network fields indicate where a remote logon request originated. Workstation name is not always available and may be left blank in some cases. The authentication information fields provide detailed information about this specific logon request. - Logon GUID is a unique identifier that can be used to correlate this event with a KDC event. - Transited services indicate which intermediate services have participated in this logon request. - Package name indicates which sub-protocol was used among the NTLM protocols. - Key length indicates the length of the generated session key. This will be 0 if no session key was requested."}
{"_path":"syslog","_write_ts":"2018-03-24T17:16:15.314584Z","ts":"2018-03-24T17:16:15.314584Z","uid":"CTDoHcxsI20hhvY75","id.orig_h":"10.47.22.80","id.orig_p":51899,"id.resp_h":"10.47.2.153","id.resp_p":514,"proto":"udp","facility":"LOCAL0","severity":"INFO","message":"1 2018-03-24T09:00:06-07:00 PC-newman.jerry.land EvntSLog - - - Making LDAP calls to connect and bind to Active Directory. Kramer.jerry.land"}
{"_path":"syslog","_write_ts":"2018-03-24T17:16:15.314587Z","ts":"2018-03-24T17:16:15.314587Z","uid":"CTDoHcxsI20hhvY75","id.orig_h":"10.47.22.80","id.orig_p":51899,"id.resp_h":"10.47.2.153","id.resp_p":514,"proto":"udp","facility":"LOCAL0","severity":"INFO","message":"1 2018-03-24T09:00:06-07:00 PC-newman.jerry.land EvntSLog - - - Making LDAP calls to connect and bind to Active Directory. Kramer.jerry.land"}
{"_path":"syslog","_write_ts":"2018-03-24T17:16:15.314591Z","ts":"2018-03-24T17:16:15.314591Z","uid":"CTDoHcxsI20hhvY75","id.orig_h":"10.47.22.80","id.orig_p":51899,"id.resp_h":"10.47.2.153","id.resp_p":514,"proto":"udp","facility":"LOCAL0","severity":"INFO","message":"1 2018-03-24T09:00:06-07:00 PC-newman.jerry.land EvntSLog - - - Making LDAP calls to connect and bind to Active Directory. Kramer.jerry.land"}
{"_path":"syslog","_write_ts":"2018-03-24T17:16:15.314595Z","ts":"2018-03-24T17:16:15.314595Z","uid":"CTDoHcxsI20hhvY75","id.orig_h":"10.47.22.80","id.orig_p":51899,"id.resp_h":"10.47.2.153","id.resp_p":514,"proto":"udp","facility":"LOCAL0","severity":"INFO","message":"1 2018-03-24T09:00:06-07:00 PC-newman.jerry.land EvntSLog - - - Making LDAP calls to connect and bind to Active Directory. Kramer.jerry.land"}
{"_path":"syslog","_write_ts":"2018-03-24T17:16:15.318512Z","ts":"2018-03-24T17:16:15.318512Z","uid":"CTDoHcxsI20hhvY75","id.orig_h":"10.47.22.80","id.orig_p":51899,"id.resp_h":"10.47.2.153","id.resp_p":514,"proto":"udp","facility":"LOCAL0","severity":"NOTICE","message":"1 2018-03-24T09:00:06-07:00 PC-newman.jerry.land EvntSLog - - - Special privileges assigned to new logon. Subject: Security ID: S-1-5-18 Account Name: PC-NEWMAN$ Account Domain: JERRY Logon ID: 0x2710d5c Privileges: SeSecurityPrivilege SeBackupPrivilege SeRestorePrivilege SeTakeOwnershipPrivilege SeDebugPrivilege SeSystemEnvironmentPrivilege SeLoadDriverPrivilege SeImpersonatePrivilege"}
{"_path":"syslog","_write_ts":"2018-03-24T17:16:15.318514Z","ts":"2018-03-24T17:16:15.318514Z","uid":"CTDoHcxsI20hhvY75","id.orig_h":"10.47.22.80","id.orig_p":51899,"id.resp_h":"10.47.2.153","id.resp_p":514,"proto":"udp","facility":"LOCAL0","severity":"NOTICE","message":"1 2018-03-24T09:00:06-07:00 PC-newman.jerry.land EvntSLog - - - Special privileges assigned to new logon. Subject: Security ID: S-1-5-18 Account Name: PC-NEWMAN$ Account Domain: JERRY Logon ID: 0x2710d5c Privileges: SeSecurityPrivilege SeBackupPrivilege SeRestorePrivilege SeTakeOwnershipPrivilege SeDebugPrivilege SeSystemEnvironmentPrivilege SeLoadDriverPrivilege SeImpersonatePrivilege"}
{"_path":"syslog","_write_ts":"2018-03-24T17:16:15.318609Z","ts":"2018-03-24T17:16:15.318609Z","uid":"CTDoHcxsI20hhvY75","id.orig_h":"10.47.22.80","id.orig_p":51899,"id.resp_h":"10.47.2.153","id.resp_p":514,"proto":"udp","facility":"LOCAL0","severity":"NOTICE","message":"1 2018-03-24T09:00:06-07:00 PC-newman.jerry.land EvntSLog - - - Special privileges assigned to new logon. Subject: Security ID: S-1-5-18 Account Name: PC-NEWMAN$ Account Domain: JERRY Logon ID: 0x2710d5c Privileges: SeSecurityPrivilege SeBackupPrivilege SeRestorePrivilege SeTakeOwnershipPrivilege SeDebugPrivilege SeSystemEnvironmentPrivilege SeLoadDriverPrivilege SeImpersonatePrivilege"}
{"_path":"syslog","_write_ts":"2018-03-24T17:16:15.318617Z","ts":"2018-03-24T17:16:15.318617Z","uid":"CTDoHcxsI20hhvY75","id.orig_h":"10.47.22.80","id.orig_p":51899,"id.resp_h":"10.47.2.153","id.resp_p":514,"proto":"udp","facility":"LOCAL0","severity":"NOTICE","message":"1 2018-03-24T09:00:06-07:00 PC-newman.jerry.land EvntSLog - - - Special privileges assigned to new logon. Subject: Security ID: S-1-5-18 Account Name: PC-NEWMAN$ Account Domain: JERRY Logon ID: 0x2710d5c Privileges: SeSecurityPrivilege SeBackupPrivilege SeRestorePrivilege SeTakeOwnershipPrivilege SeDebugPrivilege SeSystemEnvironmentPrivilege SeLoadDriverPrivilege SeImpersonatePrivilege"}
{"_path":"syslog","_write_ts":"2018-03-24T17:16:15.340239Z","ts":"2018-03-24T17:16:15.340239Z","uid":"CTDoHcxsI20hhvY75","id.orig_h":"10.47.22.80","id.orig_p":51899,"id.resp_h":"10.47.2.153","id.resp_p":514,"proto":"udp","facility":"LOCAL0","severity":"INFO","message":"1 2018-03-24T09:00:06-07:00 PC-newman.jerry.land EvntSLog - - - The LDAP call to connect and bind to Active Directory completed. Kramer.jerry.land The call completed in 16 milliseconds."}
{"_path":"syslog","_write_ts":"2018-03-24T17:16:15.340242Z","ts":"2018-03-24T17:16:15.340242Z","uid":"CTDoHcxsI20hhvY75","id.orig_h":"10.47.22.80","id.orig_p":51899,"id.resp_h":"10.47.2.153","id.resp_p":514,"proto":"udp","facility":"LOCAL0","severity":"INFO","message":"1 2018-03-24T09:00:06-07:00 PC-newman.jerry.land EvntSLog - - - The LDAP call to connect and bind to Active Directory completed. Kramer.jerry.land The call completed in 16 milliseconds."}
{"_path":"syslog","_write_ts":"2018-03-24T17:16:15.340244Z","ts":"2018-03-24T17:16:15.340244Z","uid":"CTDoHcxsI20hhvY75","id.orig_h":"10.47.22.80","id.orig_p":51899,"id.resp_h":"10.47.2.153","id.resp_p":514,"proto":"udp","facility":"LOCAL0","severity":"INFO","message":"1 2018-03-24T09:00:06-07:00 PC-newman.jerry.land EvntSLog - - - The LDAP call to connect and bind to Active Directory completed. Kramer.jerry.land The call completed in 16 milliseconds."}
{"_path":"syslog","_write_ts":"2018-03-24T17:16:15.340248Z","ts":"2018-03-24T17:16:15.340248Z","uid":"CTDoHcxsI20hhvY75","id.orig_h":"10.47.22.80","id.orig_p":51899,"id.resp_h":"10.47.2.153","id.resp_p":514,"proto":"udp","facility":"LOCAL0","severity":"INFO","message":"1 2018-03-24T09:00:06-07:00 PC-newman.jerry.land EvntSLog - - - The LDAP call to connect and bind to Active Directory completed. Kramer.jerry.land The call completed in 16 milliseconds."}
{"_path":"syslog","_write_ts":"2018-03-24T17:16:15.340946Z","ts":"2018-03-24T17:16:15.340946Z","uid":"CTDoHcxsI20hhvY75","id.orig_h":"10.47.22.80","id.orig_p":51899,"id.resp_h":"10.47.2.153","id.resp_p":514,"proto":"udp","facility":"LOCAL0","severity":"NOTICE","message":"1 2018-03-24T09:00:06-07:00 PC-newman.jerry.land EvntSLog - - - An account was successfully logged on. Subject: Security ID: S-1-0-0 Account Name: - Account Domain: - Logon ID: 0x0 Logon Type: 3 New Logon: Security ID: S-1-5-18 Account Name: PC-NEWMAN$ Account Domain: JERRY Logon ID: 0x2710d5c Logon GUID: {B055E8F6-458E-966A-B0A7-8F1A85205F8C} Process Information: Process ID: 0x0 Process Name: - Network Information: Workstation Name: Source Network Address: ::1 Source Port: 0 Detailed Authentication Information: Logon Process: Kerberos Authentication Package: Kerberos Transited Services: - Package Name (NTLM only): - Key Length: 0 This event is generated when a logon session is created. It is generated on the computer that was accessed. The subject fields indicate the account on the local system which requested the logon. This is most commonly a service such as the Server service, or a local process such as Winlogon.exe or Services.exe. The logon type field indicates the kind of logon that occurred. The most common types are 2 (interactive) and 3 (network). The New Logon fields indicate the account for whom the new logon was created, i.e. the account that was logged on. The network fields indicate where a remote logon request originated. Workstation name is not always available and may be left blank in some cases. The authentication information fields provide detailed information about this specific logon request. - Logon GUID is a unique identifier that can be used to correlate this event with a KDC event. - Transited services indicate which intermediate services have participated in this logon request. - Package name indicates which sub-protocol was used among the NTLM protocols. - Key length indicates the length of the generated session key. This will be 0 if no session key was requested."}
{"_path":"syslog","_write_ts":"2018-03-24T17:16:15.340953Z","ts":"2018-03-24T17:16:15.340953Z","uid":"CTDoHcxsI20hhvY75","id.orig_h":"10.47.22.80","id.orig_p":51899,"id.resp_h":"10.47.2.153","id.resp_p":514,"proto":"udp","facility":"LOCAL0","severity":"NOTICE","message":"1 2018-03-24T09:00:06-07:00 PC-newman.jerry.land EvntSLog - - - An account was successfully logged on. Subject: Security ID: S-1-0-0 Account Name: - Account Domain: - Logon ID: 0x0 Logon Type: 3 New Logon: Security ID: S-1-5-18 Account Name: PC-NEWMAN$ Account Domain: JERRY Logon ID: 0x2710d5c Logon GUID: {B055E8F6-458E-966A-B0A7-8F1A85205F8C} Process Information: Process ID: 0x0 Process Name: - Network Information: Workstation Name: Source Network Address: ::1 Source Port: 0 Detailed Authentication Information: Logon Process: Kerberos Authentication Package: Kerberos Transited Services: - Package Name (NTLM only): - Key Length: 0 This event is generated when a logon session is created. It is generated on the computer that was accessed. The subject fields indicate the account on the local system which requested the logon. This is most commonly a service such as the Server service, or a local process such as Winlogon.exe or Services.exe. The logon type field indicates the kind of logon that occurred. The most common types are 2 (interactive) and 3 (network). The New Logon fields indicate the account for whom the new logon was created, i.e. the account that was logged on. The network fields indicate where a remote logon request originated. Workstation name is not always available and may be left blank in some cases. The authentication information fields provide detailed information about this specific logon request. - Logon GUID is a unique identifier that can be used to correlate this event with a KDC event. - Transited services indicate which intermediate services have participated in this logon request. - Package name indicates which sub-protocol was used among the NTLM protocols. - Key length indicates the length of the generated session key. This will be 0 if no session key was requested."}
{"_path":"syslog","_write_ts":"2018-03-24T17:16:15.341089Z","ts":"2018-03-24T17:16:15.341089Z","uid":"CTDoHcxsI20hhvY75","id.orig_h":"10.47.22.80","id.orig_p":51899,"id.resp_h":"10.47.2.153","id.resp_p":514,"proto":"udp","facility":"LOCAL0","severity":"NOTICE","message":"1 2018-03-24T09:00:06-07:00 PC-newman.jerry.land EvntSLog - - - An account was successfully logged on. Subject: Security ID: S-1-0-0 Account Name: - Account Domain: - Logon ID: 0x0 Logon Type: 3 New Logon: Security ID: S-1-5-18 Account Name: PC-NEWMAN$ Account Domain: JERRY Logon ID: 0x2710d5c Logon GUID: {B055E8F6-458E-966A-B0A7-8F1A85205F8C} Process Information: Process ID: 0x0 Process Name: - Network Information: Workstation Name: Source Network Address: ::1 Source Port: 0 Detailed Authentication Information: Logon Process: Kerberos Authentication Package: Kerberos Transited Services: - Package Name (NTLM only): - Key Length: 0 This event is generated when a logon session is created. It is generated on the computer that was accessed. The subject fields indicate the account on the local system which requested the logon. This is most commonly a service such as the Server service, or a local process such as Winlogon.exe or Services.exe. The logon type field indicates the kind of logon that occurred. The most common types are 2 (interactive) and 3 (network). The New Logon fields indicate the account for whom the new logon was created, i.e. the account that was logged on. The network fields indicate where a remote logon request originated. Workstation name is not always available and may be left blank in some cases. The authentication information fields provide detailed information about this specific logon request. - Logon GUID is a unique identifier that can be used to correlate this event with a KDC event. - Transited services indicate which intermediate services have participated in this logon request. - Package name indicates which sub-protocol was used among the NTLM protocols. - Key length indicates the length of the generated session key. This will be 0 if no session key was requested."}
{"_path":"syslog","_write_ts":"2018-03-24T17:16:15.341094Z","ts":"2018-03-24T17:16:15.341094Z","uid":"CTDoHcxsI20hhvY75","id.orig_h":"10.47.22.80","id.orig_p":51899,"id.resp_h":"10.47.2.153","id.resp_p":514,"proto":"udp","facility":"LOCAL0","severity":"NOTICE","message":"1 2018-03-24T09:00:06-07:00 PC-newman.jerry.land EvntSLog - - - An account was successfully logged on. Subject: Security ID: S-1-0-0 Account Name: - Account Domain: - Logon ID: 0x0 Logon Type: 3 New Logon: Security ID: S-1-5-18 Account Name: PC-NEWMAN$ Account Domain: JERRY Logon ID: 0x2710d5c Logon GUID: {B055E8F6-458E-966A-B0A7-8F1A85205F8C} Process Information: Process ID: 0x0 Process Name: - Network Information: Workstation Name: Source Network Address: ::1 Source Port: 0 Detailed Authentication Information: Logon Process: Kerberos Authentication Package: Kerberos Transited Services: - Package Name (NTLM only): - Key Length: 0 This event is generated when a logon session is created. It is generated on the computer that was accessed. The subject fields indicate the account on the local system which requested the logon. This is most commonly a service such as the Server service, or a local process such as Winlogon.exe or Services.exe. The logon type field indicates the kind of logon that occurred. The most common types are 2 (interactive) and 3 (network). The New Logon fields indicate the account for whom the new logon was created, i.e. the account that was logged on. The network fields indicate where a remote logon request originated. Workstation name is not always available and may be left blank in some cases. The authentication information fields provide detailed information about this specific logon request. - Logon GUID is a unique identifier that can be used to correlate this event with a KDC event. - Transited services indicate which intermediate services have participated in this logon request. - Package name indicates which sub-protocol was used among the NTLM protocols. - Key length indicates the length of the generated session key. This will be 0 if no session key was requested."}
{"_path":"syslog","_write_ts":"2018-03-24T17:16:15.347422Z","ts":"2018-03-24T17:16:15.347422Z","uid":"CTDoHcxsI20hhvY75","id.orig_h":"10.47.22.80","id.orig_p":51899,"id.resp_h":"10.47.2.153","id.resp_p":514,"proto":"udp","facility":"LOCAL0","severity":"INFO","message":"1 2018-03-24T09:00:06-07:00 PC-newman.jerry.land EvntSLog - - - Domain Controller details: Domain Controller Name : \\\\Kramer.jerry.land Domain Controller IP Address : \\\\172.20.0.25"}
{"_path":"syslog","_write_ts":"2018-03-24T17:16:15.347426Z","ts":"2018-03-24T17:16:15.347426Z","uid":"CTDoHcxsI20hhvY75","id.orig_h":"10.47.22.80","id.orig_p":51899,"id.resp_h":"10.47.2.153","id.resp_p":514,"proto":"udp","facility":"LOCAL0","severity":"INFO","message":"1 2018-03-24T09:00:06-07:00 PC-newman.jerry.land EvntSLog - - - Domain Controller details: Domain Controller Name : \\\\Kramer.jerry.land Domain Controller IP Address : \\\\172.20.0.25"}
{"_path":"syslog","_write_ts":"2018-03-24T17:16:15.347427Z","ts":"2018-03-24T17:16:15.347427Z","uid":"CTDoHcxsI20hhvY75","id.orig_h":"10.47.22.80","id.orig_p":51899,"id.resp_h":"10.47.2.153","id.resp_p":514,"proto":"udp","facility":"LOCAL0","severity":"INFO","message":"1 2018-03-24T09:00:06-07:00 PC-newman.jerry.land EvntSLog - - - Domain Controller details: Domain Controller Name : \\\\Kramer.jerry.land Domain Controller IP Address : \\\\172.20.0.25"}
{"_path":"syslog","_write_ts":"2018-03-24T17:16:15.347429Z","ts":"2018-03-24T17:16:15.347429Z","uid":"CTDoHcxsI20hhvY75","id.orig_h":"10.47.22.80","id.orig_p":51899,"id.resp_h":"10.47.2.153","id.resp_p":514,"proto":"udp","facility":"LOCAL0","severity":"INFO","message":"1 2018-03-24T09:00:06-07:00 PC-newman.jerry.land EvntSLog - - - Domain Controller details: Domain Controller Name : \\\\Kramer.jerry.land Domain Controller IP Address : \\\\172.20.0.25"}
{"_path":"syslog","_write_ts":"2018-03-24T17:16:15.347674Z","ts":"2018-03-24T17:16:15.347674Z","uid":"CTDoHcxsI20hhvY75","id.orig_h":"10.47.22.80","id.orig_p":51899,"id.resp_h":"10.47.2.153","id.resp_p":514,"proto":"udp","facility":"LOCAL0","severity":"NOTICE","message":"1 2018-03-24T09:00:06-07:00 PC-newman.jerry.land EvntSLog - - - An account was logged off. Subject: Security ID: S-1-5-18 Account Name: PC-NEWMAN$ Account Domain: JERRY Logon ID: 0x2710d5c Logon Type: 3 This event is generated when a logon session is destroyed. It may be positively correlated with a logon event using the Logon ID value. Logon IDs are only unique between reboots on the same computer."}
{"_path":"syslog","_write_ts":"2018-03-24T17:16:15.347677Z","ts":"2018-03-24T17:16:15.347677Z","uid":"CTDoHcxsI20hhvY75","id.orig_h":"10.47.22.80","id.orig_p":51899,"id.resp_h":"10.47.2.153","id.resp_p":514,"proto":"udp","facility":"LOCAL0","severity":"NOTICE","message":"1 2018-03-24T09:00:06-07:00 PC-newman.jerry.land EvntSLog - - - An account was logged off. Subject: Security ID: S-1-5-18 Account Name: PC-NEWMAN$ Account Domain: JERRY Logon ID: 0x2710d5c Logon Type: 3 This event is generated when a logon session is destroyed. It may be positively correlated with a logon event using the Logon ID value. Logon IDs are only unique between reboots on the same computer."}
{"_path":"syslog","_write_ts":"2018-03-24T17:16:15.347679Z","ts":"2018-03-24T17:16:15.347679Z","uid":"CTDoHcxsI20hhvY75","id.orig_h":"10.47.22.80","id.orig_p":51899,"id.resp_h":"10.47.2.153","id.resp_p":514,"proto":"udp","facility":"LOCAL0","severity":"NOTICE","message":"1 2018-03-24T09:00:06-07:00 PC-newman.jerry.land EvntSLog - - - An account was logged off. Subject: Security ID: S-1-5-18 Account Name: PC-NEWMAN$ Account Domain: JERRY Logon ID: 0x2710d5c Logon Type: 3 This event is generated when a logon session is destroyed. It may be positively correlated with a logon event using the Logon ID value. Logon IDs are only unique between reboots on the same computer."}
{"_path":"syslog","_write_ts":"2018-03-24T17:16:15.347681Z","ts":"2018-03-24T17:16:15.347681Z","uid":"CTDoHcxsI20hhvY75","id.orig_h":"10.47.22.80","id.orig_p":51899,"id.resp_h":"10.47.2.153","id.resp_p":514,"proto":"udp","facility":"LOCAL0","severity":"NOTICE","message":"1 2018-03-24T09:00:06-07:00 PC-newman.jerry.land EvntSLog - - - An account was logged off. Subject: Security ID: S-1-5-18 Account Name: PC-NEWMAN$ Account Domain: JERRY Logon ID: 0x2710d5c Logon Type: 3 This event is generated when a logon session is destroyed. It may be positively correlated with a logon event using the Logon ID value. Logon IDs are only unique between reboots on the same computer."}
{"_path":"syslog","_write_ts":"2018-03-24T17:16:15.362565Z","ts":"2018-03-24T17:16:15.362565Z","uid":"CTDoHcxsI20hhvY75","id.orig_h":"10.47.22.80","id.orig_p":51899,"id.resp_h":"10.47.2.153","id.resp_p":514,"proto":"udp","facility":"LOCAL0","severity":"INFO","message":"1 2018-03-24T09:00:06-07:00 PC-newman.jerry.land EvntSLog - - - Group Policy successfully discovered the Domain Controller in 1654 milliseconds."}
{"_path":"syslog","_write_ts":"2018-03-24T17:16:15.362568Z","ts":"2018-03-24T17:16:15.362568Z","uid":"CTDoHcxsI20hhvY75","id.orig_h":"10.47.22.80","id.orig_p":51899,"id.resp_h":"10.47.2.153","id.resp_p":514,"proto":"udp","facility":"LOCAL0","severity":"INFO","message":"1 2018-03-24T09:00:06-07:00 PC-newman.jerry.land EvntSLog - - - Group Policy successfully discovered the Domain Controller in 1654 milliseconds."}
{"_path":"syslog","_write_ts":"2018-03-24T17:16:15.362570Z","ts":"2018-03-24T17:16:15.362570Z","uid":"CTDoHcxsI20hhvY75","id.orig_h":"10.47.22.80","id.orig_p":51899,"id.resp_h":"10.47.2.153","id.resp_p":514,"proto":"udp","facility":"LOCAL0","severity":"INFO","message":"1 2018-03-24T09:00:06-07:00 PC-newman.jerry.land EvntSLog - - - Group Policy successfully discovered the Domain Controller in 1654 milliseconds."}
{"_path":"syslog","_write_ts":"2018-03-24T17:16:15.362572Z","ts":"2018-03-24T17:16:15.362572Z","uid":"CTDoHcxsI20hhvY75","id.orig_h":"10.47.22.80","id.orig_p":51899,"id.resp_h":"10.47.2.153","id.resp_p":514,"proto":"udp","facility":"LOCAL0","severity":"INFO","message":"1 2018-03-24T09:00:06-07:00 PC-newman.jerry.land EvntSLog - - - Group Policy successfully discovered the Domain Controller in 1654 milliseconds."}
{"_path":"syslog","_write_ts":"2018-03-24T17:16:15.377996Z","ts":"2018-03-24T17:16:15.377996Z","uid":"CTDoHcxsI20hhvY75","id.orig_h":"10.47.22.80","id.orig_p":51899,"id.resp_h":"10.47.2.153","id.resp_p":514,"proto":"udp","facility":"LOCAL0","severity":"INFO","message":"1 2018-03-24T09:00:06-07:00 PC-newman.jerry.land EvntSLog - - - Computer details: Computer role : 2 Network name : "}
{"_path":"syslog","_write_ts":"2018-03-24T17:16:15.378000Z","ts":"2018-03-24T17:16:15.378000Z","uid":"CTDoHcxsI20hhvY75","id.orig_h":"10.47.22.80","id.orig_p":51899,"id.resp_h":"10.47.2.153","id.resp_p":514,"proto":"udp","facility":"LOCAL0","severity":"INFO","message":"1 2018-03-24T09:00:06-07:00 PC-newman.jerry.land EvntSLog - - - Computer details: Computer role : 2 Network name : "}
{"_path":"syslog","_write_ts":"2018-03-24T17:16:15.378002Z","ts":"2018-03-24T17:16:15.378002Z","uid":"CTDoHcxsI20hhvY75","id.orig_h":"10.47.22.80","id.orig_p":51899,"id.resp_h":"10.47.2.153","id.resp_p":514,"proto":"udp","facility":"LOCAL0","severity":"INFO","message":"1 2018-03-24T09:00:06-07:00 PC-newman.jerry.land EvntSLog - - - Computer details: Computer role : 2 Network name : "}
{"_path":"syslog","_write_ts":"2018-03-24T17:16:15.378003Z","ts":"2018-03-24T17:16:15.378003Z","uid":"CTDoHcxsI20hhvY75","id.orig_h":"10.47.22.80","id.orig_p":51899,"id.resp_h":"10.47.2.153","id.resp_p":514,"proto":"udp","facility":"LOCAL0","severity":"INFO","message":"1 2018-03-24T09:00:06-07:00 PC-newman.jerry.land EvntSLog - - - Computer details: Computer role : 2 Network name : "}
{"_path":"syslog","_write_ts":"2018-03-24T17:16:15.394023Z","ts":"2018-03-24T17:16:15.394023Z","uid":"CTDoHcxsI20hhvY75","id.orig_h":"10.47.22.80","id.orig_p":51899,"id.resp_h":"10.47.2.153","id.resp_p":514,"proto":"udp","facility":"LOCAL0","severity":"INFO","message":"1 2018-03-24T09:00:06-07:00 PC-newman.jerry.land EvntSLog - - - Account details: Account Name : CN=PC-NEWMAN,CN=Computers,DC=jerry,DC=land Account Domain Name : jerry.land DC Name : \\\\Kramer.jerry.land DC Domain Name : jerry.land"}
{"_path":"syslog","_write_ts":"2018-03-24T17:16:15.394025Z","ts":"2018-03-24T17:16:15.394025Z","uid":"CTDoHcxsI20hhvY75","id.orig_h":"10.47.22.80","id.orig_p":51899,"id.resp_h":"10.47.2.153","id.resp_p":514,"proto":"udp","facility":"LOCAL0","severity":"INFO","message":"1 2018-03-24T09:00:06-07:00 PC-newman.jerry.land EvntSLog - - - Account details: Account Name : CN=PC-NEWMAN,CN=Computers,DC=jerry,DC=land Account Domain Name : jerry.land DC Name : \\\\Kramer.jerry.land DC Domain Name : jerry.land"}
{"_path":"syslog","_write_ts":"2018-03-24T17:16:15.394053Z","ts":"2018-03-24T17:16:15.394053Z","uid":"CTDoHcxsI20hhvY75","id.orig_h":"10.47.22.80","id.orig_p":51899,"id.resp_h":"10.47.2.153","id.resp_p":514,"proto":"udp","facility":"LOCAL0","severity":"INFO","message":"1 2018-03-24T09:00:06-07:00 PC-newman.jerry.land EvntSLog - - - Account details: Account Name : CN=PC-NEWMAN,CN=Computers,DC=jerry,DC=land Account Domain Name : jerry.land DC Name : \\\\Kramer.jerry.land DC Domain Name : jerry.land"}
{"_path":"syslog","_write_ts":"2018-03-24T17:16:15.394056Z","ts":"2018-03-24T17:16:15.394056Z","uid":"CTDoHcxsI20hhvY75","id.orig_h":"10.47.22.80","id.orig_p":51899,"id.resp_h":"10.47.2.153","id.resp_p":514,"proto":"udp","facility":"LOCAL0","severity":"INFO","message":"1 2018-03-24T09:00:06-07:00 PC-newman.jerry.land EvntSLog - - - Account details: Account Name : CN=PC-NEWMAN,CN=Computers,DC=jerry,DC=land Account Domain Name : jerry.land DC Name : \\\\Kramer.jerry.land DC Domain Name : jerry.land"}
{"_path":"syslog","_write_ts":"2018-03-24T17:16:15.409710Z","ts":"2018-03-24T17:16:15.409710Z","uid":"CTDoHcxsI20hhvY75","id.orig_h":"10.47.22.80","id.orig_p":51899,"id.resp_h":"10.47.2.153","id.resp_p":514,"proto":"udp","facility":"LOCAL0","severity":"INFO","message":"1 2018-03-24T09:00:06-07:00 PC-newman.jerry.land EvntSLog - - - The loopback policy processing mode is \"No loopback mode\"."}
{"_path":"syslog","_write_ts":"2018-03-24T17:16:15.409714Z","ts":"2018-03-24T17:16:15.409714Z","uid":"CTDoHcxsI20hhvY75","id.orig_h":"10.47.22.80","id.orig_p":51899,"id.resp_h":"10.47.2.153","id.resp_p":514,"proto":"udp","facility":"LOCAL0","severity":"INFO","message":"1 2018-03-24T09:00:06-07:00 PC-newman.jerry.land EvntSLog - - - The loopback policy processing mode is \"No loopback mode\"."}
{"_path":"syslog","_write_ts":"2018-03-24T17:16:15.409715Z","ts":"2018-03-24T17:16:15.409715Z","uid":"CTDoHcxsI20hhvY75","id.orig_h":"10.47.22.80","id.orig_p":51899,"id.resp_h":"10.47.2.153","id.resp_p":514,"proto":"udp","facility":"LOCAL0","severity":"INFO","message":"1 2018-03-24T09:00:06-07:00 PC-newman.jerry.land EvntSLog - - - The loopback policy processing mode is \"No loopback mode\"."}
{"_path":"syslog","_write_ts":"2018-03-24T17:16:15.409717Z","ts":"2018-03-24T17:16:15.409717Z","uid":"CTDoHcxsI20hhvY75","id.orig_h":"10.47.22.80","id.orig_p":51899,"id.resp_h":"10.47.2.153","id.resp_p":514,"proto":"udp","facility":"LOCAL0","severity":"INFO","message":"1 2018-03-24T09:00:06-07:00 PC-newman.jerry.land EvntSLog - - - The loopback policy processing mode is \"No loopback mode\"."}
{"_path":"syslog","_write_ts":"2018-03-24T17:16:15.427463Z","ts":"2018-03-24T17:16:15.427463Z","uid":"CTDoHcxsI20hhvY75","id.orig_h":"10.47.22.80","id.orig_p":51899,"id.resp_h":"10.47.2.153","id.resp_p":514,"proto":"udp","facility":"LOCAL0","severity":"INFO","message":"1 2018-03-24T09:00:06-07:00 PC-newman.jerry.land EvntSLog - - - Making system calls to access specified file. \\\\jerry.land\\sysvol\\jerry.land\\Policies\\{31B2F340-016D-11D2-945F-00C04FB984F9}\\gpt.ini"}
{"_path":"syslog","_write_ts":"2018-03-24T17:16:15.427467Z","ts":"2018-03-24T17:16:15.427467Z","uid":"CTDoHcxsI20hhvY75","id.orig_h":"10.47.22.80","id.orig_p":51899,"id.resp_h":"10.47.2.153","id.resp_p":514,"proto":"udp","facility":"LOCAL0","severity":"INFO","message":"1 2018-03-24T09:00:06-07:00 PC-newman.jerry.land EvntSLog - - - Making system calls to access specified file. \\\\jerry.land\\sysvol\\jerry.land\\Policies\\{31B2F340-016D-11D2-945F-00C04FB984F9}\\gpt.ini"}
{"_path":"syslog","_write_ts":"2018-03-24T17:16:15.427468Z","ts":"2018-03-24T17:16:15.427468Z","uid":"CTDoHcxsI20hhvY75","id.orig_h":"10.47.22.80","id.orig_p":51899,"id.resp_h":"10.47.2.153","id.resp_p":514,"proto":"udp","facility":"LOCAL0","severity":"INFO","message":"1 2018-03-24T09:00:06-07:00 PC-newman.jerry.land EvntSLog - - - Making system calls to access specified file. \\\\jerry.land\\sysvol\\jerry.land\\Policies\\{31B2F340-016D-11D2-945F-00C04FB984F9}\\gpt.ini"}
{"_path":"syslog","_write_ts":"2018-03-24T17:16:15.427470Z","ts":"2018-03-24T17:16:15.427470Z","uid":"CTDoHcxsI20hhvY75","id.orig_h":"10.47.22.80","id.orig_p":51899,"id.resp_h":"10.47.2.153","id.resp_p":514,"proto":"udp","facility":"LOCAL0","severity":"INFO","message":"1 2018-03-24T09:00:06-07:00 PC-newman.jerry.land EvntSLog - - - Making system calls to access specified file. \\\\jerry.land\\sysvol\\jerry.land\\Policies\\{31B2F340-016D-11D2-945F-00C04FB984F9}\\gpt.ini"}
{"_path":"syslog","_write_ts":"2018-03-24T17:16:15.441435Z","ts":"2018-03-24T17:16:15.441435Z","uid":"CTDoHcxsI20hhvY75","id.orig_h":"10.47.22.80","id.orig_p":51899,"id.resp_h":"10.47.2.153","id.resp_p":514,"proto":"udp","facility":"LOCAL0","severity":"INFO","message":"1 2018-03-24T09:00:06-07:00 PC-newman.jerry.land EvntSLog - - - The system calls to access specified file completed. \\\\jerry.land\\sysvol\\jerry.land\\Policies\\{31B2F340-016D-11D2-945F-00C04FB984F9}\\gpt.ini The call completed in 140 milliseconds."}
{"_path":"syslog","_write_ts":"2018-03-24T17:16:15.441438Z","ts":"2018-03-24T17:16:15.441438Z","uid":"CTDoHcxsI20hhvY75","id.orig_h":"10.47.22.80","id.orig_p":51899,"id.resp_h":"10.47.2.153","id.resp_p":514,"proto":"udp","facility":"LOCAL0","severity":"INFO","message":"1 2018-03-24T09:00:06-07:00 PC-newman.jerry.land EvntSLog - - - The system calls to access specified file completed. \\\\jerry.land\\sysvol\\jerry.land\\Policies\\{31B2F340-016D-11D2-945F-00C04FB984F9}\\gpt.ini The call completed in 140 milliseconds."}
{"_path":"syslog","_write_ts":"2018-03-24T17:16:15.441440Z","ts":"2018-03-24T17:16:15.441440Z","uid":"CTDoHcxsI20hhvY75","id.orig_h":"10.47.22.80","id.orig_p":51899,"id.resp_h":"10.47.2.153","id.resp_p":514,"proto":"udp","facility":"LOCAL0","severity":"INFO","message":"1 2018-03-24T09:00:06-07:00 PC-newman.jerry.land EvntSLog - - - The system calls to access specified file completed. \\\\jerry.land\\sysvol\\jerry.land\\Policies\\{31B2F340-016D-11D2-945F-00C04FB984F9}\\gpt.ini The call completed in 140 milliseconds."}
{"_path":"syslog","_write_ts":"2018-03-24T17:16:15.441442Z","ts":"2018-03-24T17:16:15.441442Z","uid":"CTDoHcxsI20hhvY75","id.orig_h":"10.47.22.80","id.orig_p":51899,"id.resp_h":"10.47.2.153","id.resp_p":514,"proto":"udp","facility":"LOCAL0","severity":"INFO","message":"1 2018-03-24T09:00:06-07:00 PC-newman.jerry.land EvntSLog - - - The system calls to access specified file completed. \\\\jerry.land\\sysvol\\jerry.land\\Policies\\{31B2F340-016D-11D2-945F-00C04FB984F9}\\gpt.ini The call completed in 140 milliseconds."}
{"_path":"syslog","_write_ts":"2018-03-24T17:16:15.448792Z","ts":"2018-03-24T17:16:15.448792Z","uid":"CTDoHcxsI20hhvY75","id.orig_h":"10.47.22.80","id.orig_p":51899,"id.resp_h":"10.47.2.153","id.resp_p":514,"proto":"udp","facility":"LOCAL0","severity":"INFO","message":"1 2018-03-24T09:00:06-07:00 PC-newman.jerry.land EvntSLog - - - List of applicable Group Policy objects: Local Group Policy Default Domain Policy "}
{"_path":"syslog","_write_ts":"2018-03-24T17:16:15.448797Z","ts":"2018-03-24T17:16:15.448797Z","uid":"CTDoHcxsI20hhvY75","id.orig_h":"10.47.22.80","id.orig_p":51899,"id.resp_h":"10.47.2.153","id.resp_p":514,"proto":"udp","facility":"LOCAL0","severity":"INFO","message":"1 2018-03-24T09:00:06-07:00 PC-newman.jerry.land EvntSLog - - - List of applicable Group Policy objects: Local Group Policy Default Domain Policy "}
{"_path":"syslog","_write_ts":"2018-03-24T17:16:15.448799Z","ts":"2018-03-24T17:16:15.448799Z","uid":"CTDoHcxsI20hhvY75","id.orig_h":"10.47.22.80","id.orig_p":51899,"id.resp_h":"10.47.2.153","id.resp_p":514,"proto":"udp","facility":"LOCAL0","severity":"INFO","message":"1 2018-03-24T09:00:06-07:00 PC-newman.jerry.land EvntSLog - - - List of applicable Group Policy objects: Local Group Policy Default Domain Policy "}
{"_path":"syslog","_write_ts":"2018-03-24T17:16:15.448801Z","ts":"2018-03-24T17:16:15.448801Z","uid":"CTDoHcxsI20hhvY75","id.orig_h":"10.47.22.80","id.orig_p":51899,"id.resp_h":"10.47.2.153","id.resp_p":514,"proto":"udp","facility":"LOCAL0","severity":"INFO","message":"1 2018-03-24T09:00:06-07:00 PC-newman.jerry.land EvntSLog - - - List of applicable Group Policy objects: Local Group Policy Default Domain Policy "}
{"_path":"syslog","_write_ts":"2018-03-24T17:16:15.455355Z","ts":"2018-03-24T17:16:15.455355Z","uid":"CTDoHcxsI20hhvY75","id.orig_h":"10.47.22.80","id.orig_p":51899,"id.resp_h":"10.47.2.153","id.resp_p":514,"proto":"udp","facility":"LOCAL0","severity":"INFO","message":"1 2018-03-24T09:00:06-07:00 PC-newman.jerry.land EvntSLog - - - The following Group Policy objects were not applicable because they were filtered out : None"}
{"_path":"syslog","_write_ts":"2018-03-24T17:16:15.455358Z","ts":"2018-03-24T17:16:15.455358Z","uid":"CTDoHcxsI20hhvY75","id.orig_h":"10.47.22.80","id.orig_p":51899,"id.resp_h":"10.47.2.153","id.resp_p":514,"proto":"udp","facility":"LOCAL0","severity":"INFO","message":"1 2018-03-24T09:00:06-07:00 PC-newman.jerry.land EvntSLog - - - The following Group Policy objects were not applicable because they were filtered out : None"}
{"_path":"syslog","_write_ts":"2018-03-24T17:16:15.455364Z","ts":"2018-03-24T17:16:15.455364Z","uid":"CTDoHcxsI20hhvY75","id.orig_h":"10.47.22.80","id.orig_p":51899,"id.resp_h":"10.47.2.153","id.resp_p":514,"proto":"udp","facility":"LOCAL0","severity":"INFO","message":"1 2018-03-24T09:00:06-07:00 PC-newman.jerry.land EvntSLog - - - The following Group Policy objects were not applicable because they were filtered out : None"}
{"_path":"syslog","_write_ts":"2018-03-24T17:16:15.455370Z","ts":"2018-03-24T17:16:15.455370Z","uid":"CTDoHcxsI20hhvY75","id.orig_h":"10.47.22.80","id.orig_p":51899,"id.resp_h":"10.47.2.153","id.resp_p":514,"proto":"udp","facility":"LOCAL0","severity":"INFO","message":"1 2018-03-24T09:00:06-07:00 PC-newman.jerry.land EvntSLog - - - The following Group Policy objects were not applicable because they were filtered out : None"}
{"_path":"syslog","_write_ts":"2018-03-24T17:16:16.002443Z","ts":"2018-03-24T17:16:16.002443Z","uid":"ClIW0K7GCQpzzKukf","id.orig_h":"10.47.22.25","id.orig_p":58947,"id.resp_h":"10.47.2.153","id.resp_p":514,"proto":"udp","facility":"LOCAL0","severity":"NOTICE","message":"1 2018-03-24T09:00:06-07:00 Kramer.jerry.land EvntSLog - - - An account was successfully logged on. Subject: Security ID: S-1-0-0 Account Name: - Account Domain: - Logon ID: 0x0 Logon Type: 3 New Logon: Security ID: S-1-5-21-1311969832-1707640848-2310541705-1103 Account Name: PC-NEWMAN$ Account Domain: JERRY Logon ID: 0x3bae50d Logon GUID: {B0C55743-B7F8-2202-8FA2-200EFD2741CF} Process Information: Process ID: 0x0 Process Name: - Network Information: Workstation Name: Source Network Address: 172.20.0.80 Source Port: 50151 Detailed Authentication Information: Logon Process: Kerberos Authentication Package: Kerberos Transited Services: - Package Name (NTLM only): - Key Length: 0 This event is generated when a logon session is created. It is generated on the computer that was accessed. The subject fields indicate the account on the local system which requested the logon. This is most commonly a service such as the Server service, or a local process such as Winlogon.exe or Services.exe. The logon type field indicates the kind of logon that occurred. The most common types are 2 (interactive) and 3 (network). The New Logon fields indicate the account for whom the new logon was created, i.e. the account that was logged on. The network fields indicate where a remote logon request originated. Workstation name is not always available and may be left blank in some cases. The authentication information fields provide detailed information about this specific logon request. - Logon GUID is a unique identifier that can be used to correlate this event with a KDC event. - Transited services indicate which intermediate services have participated in this logon request. - Package name indicates which sub-protocol was used among the NTLM protocols. - Key length indicates the length of the generated session key. This will be 0 if no session key was requested."}
{"_path":"syslog","_write_ts":"2018-03-24T17:16:16.002447Z","ts":"2018-03-24T17:16:16.002447Z","uid":"ClIW0K7GCQpzzKukf","id.orig_h":"10.47.22.25","id.orig_p":58947,"id.resp_h":"10.47.2.153","id.resp_p":514,"proto":"udp","facility":"LOCAL0","severity":"NOTICE","message":"1 2018-03-24T09:00:06-07:00 Kramer.jerry.land EvntSLog - - - An account was successfully logged on. Subject: Security ID: S-1-0-0 Account Name: - Account Domain: - Logon ID: 0x0 Logon Type: 3 New Logon: Security ID: S-1-5-21-1311969832-1707640848-2310541705-1103 Account Name: PC-NEWMAN$ Account Domain: JERRY Logon ID: 0x3bae50d Logon GUID: {B0C55743-B7F8-2202-8FA2-200EFD2741CF} Process Information: Process ID: 0x0 Process Name: - Network Information: Workstation Name: Source Network Address: 172.20.0.80 Source Port: 50151 Detailed Authentication Information: Logon Process: Kerberos Authentication Package: Kerberos Transited Services: - Package Name (NTLM only): - Key Length: 0 This event is generated when a logon session is created. It is generated on the computer that was accessed. The subject fields indicate the account on the local system which requested the logon. This is most commonly a service such as the Server service, or a local process such as Winlogon.exe or Services.exe. The logon type field indicates the kind of logon that occurred. The most common types are 2 (interactive) and 3 (network). The New Logon fields indicate the account for whom the new logon was created, i.e. the account that was logged on. The network fields indicate where a remote logon request originated. Workstation name is not always available and may be left blank in some cases. The authentication information fields provide detailed information about this specific logon request. - Logon GUID is a unique identifier that can be used to correlate this event with a KDC event. - Transited services indicate which intermediate services have participated in this logon request. - Package name indicates which sub-protocol was used among the NTLM protocols. - Key length indicates the length of the generated session key. This will be 0 if no session key was requested."}
{"_path":"syslog","_write_ts":"2018-03-24T17:16:16.002593Z","ts":"2018-03-24T17:16:16.002593Z","uid":"ClIW0K7GCQpzzKukf","id.orig_h":"10.47.22.25","id.orig_p":58947,"id.resp_h":"10.47.2.153","id.resp_p":514,"proto":"udp","facility":"LOCAL0","severity":"NOTICE","message":"1 2018-03-24T09:00:06-07:00 Kramer.jerry.land EvntSLog - - - An account was successfully logged on. Subject: Security ID: S-1-0-0 Account Name: - Account Domain: - Logon ID: 0x0 Logon Type: 3 New Logon: Security ID: S-1-5-21-1311969832-1707640848-2310541705-1103 Account Name: PC-NEWMAN$ Account Domain: JERRY Logon ID: 0x3bae50d Logon GUID: {B0C55743-B7F8-2202-8FA2-200EFD2741CF} Process Information: Process ID: 0x0 Process Name: - Network Information: Workstation Name: Source Network Address: 172.20.0.80 Source Port: 50151 Detailed Authentication Information: Logon Process: Kerberos Authentication Package: Kerberos Transited Services: - Package Name (NTLM only): - Key Length: 0 This event is generated when a logon session is created. It is generated on the computer that was accessed. The subject fields indicate the account on the local system which requested the logon. This is most commonly a service such as the Server service, or a local process such as Winlogon.exe or Services.exe. The logon type field indicates the kind of logon that occurred. The most common types are 2 (interactive) and 3 (network). The New Logon fields indicate the account for whom the new logon was created, i.e. the account that was logged on. The network fields indicate where a remote logon request originated. Workstation name is not always available and may be left blank in some cases. The authentication information fields provide detailed information about this specific logon request. - Logon GUID is a unique identifier that can be used to correlate this event with a KDC event. - Transited services indicate which intermediate services have participated in this logon request. - Package name indicates which sub-protocol was used among the NTLM protocols. - Key length indicates the length of the generated session key. This will be 0 if no session key was requested."}
{"_path":"syslog","_write_ts":"2018-03-24T17:16:16.002597Z","ts":"2018-03-24T17:16:16.002597Z","uid":"ClIW0K7GCQpzzKukf","id.orig_h":"10.47.22.25","id.orig_p":58947,"id.resp_h":"10.47.2.153","id.resp_p":514,"proto":"udp","facility":"LOCAL0","severity":"NOTICE","message":"1 2018-03-24T09:00:06-07:00 Kramer.jerry.land EvntSLog - - - An account was successfully logged on. Subject: Security ID: S-1-0-0 Account Name: - Account Domain: - Logon ID: 0x0 Logon Type: 3 New Logon: Security ID: S-1-5-21-1311969832-1707640848-2310541705-1103 Account Name: PC-NEWMAN$ Account Domain: JERRY Logon ID: 0x3bae50d Logon GUID: {B0C55743-B7F8-2202-8FA2-200EFD2741CF} Process Information: Process ID: 0x0 Process Name: - Network Information: Workstation Name: Source Network Address: 172.20.0.80 Source Port: 50151 Detailed Authentication Information: Logon Process: Kerberos Authentication Package: Kerberos Transited Services: - Package Name (NTLM only): - Key Length: 0 This event is generated when a logon session is created. It is generated on the computer that was accessed. The subject fields indicate the account on the local system which requested the logon. This is most commonly a service such as the Server service, or a local process such as Winlogon.exe or Services.exe. The logon type field indicates the kind of logon that occurred. The most common types are 2 (interactive) and 3 (network). The New Logon fields indicate the account for whom the new logon was created, i.e. the account that was logged on. The network fields indicate where a remote logon request originated. Workstation name is not always available and may be left blank in some cases. The authentication information fields provide detailed information about this specific logon request. - Logon GUID is a unique identifier that can be used to correlate this event with a KDC event. - Transited services indicate which intermediate services have participated in this logon request. - Package name indicates which sub-protocol was used among the NTLM protocols. - Key length indicates the length of the generated session key. This will be 0 if no session key was requested."}
