{"_path":"syslog","_write_ts":"2018-03-24T17:15:47.733658Z","ts":"2018-03-24T17:15:47.733658Z","uid":"CgDNpczQ7oLqM2Ta5","id.orig_h":"10.47.22.82","id.orig_p":62695,"id.resp_h":"10.47.2.153","id.resp_p":514,"proto":"udp","facility":"LOCAL0","severity":"INFO","message":"1 2018-03-24T08:59:37-07:00 PC-helen.jerry.land EvntSLog - - - @cee: {\"source\": \"PC-helen.jerry.land\", \"msg\": \"The Multimedia Class Scheduler service entered the stopped state.\", \"nteventlogtype\": \"System\", \"sourceproc\": \"Service Control Manager\", \"id\": \"7036\", \"categoryid\": \"0\", \"category\": \"0\", \"keywordid\": \"0x8080000000000000\", \"user\": \"N\\\\A\", \"param1\": \"Multimedia Class Scheduler\", \"param2\": \"stopped\", \"catname\": \"\", \"keyword\": \"Classic\", \"level\": \"Information\"}"}
{"_path":"syslog","_write_ts":"2018-03-24T17:15:47.733660Z","ts":"2018-03-24T17:15:47.733660Z","uid":"CgDNpczQ7oLqM2Ta5","id.orig_h":"10.47.22.82","id.orig_p":62695,"id.resp_h":"10.47.2.153","id.resp_p":514,"proto":"udp","facility":"LOCAL0","severity":"INFO","message":"1 2018-03-24T08:59:37-07:00 PC-helen.jerry.land EvntSLog - - - @cee: {\"source\": \"PC-helen.jerry.land\", \"msg\": \"The Multimedia Class Scheduler service entered the stopped state.\", \"nteventlogtype\": \"System\", \"sourceproc\": \"Service Control Manager\", \"id\": \"7036\", \"categoryid\": \"0\", \"category\": \"0\", \"keywordid\": \"0x8080000000000000\", \"user\": \"N\\\\A\", \"param1\": \"Multimedia Class Scheduler\", \"param2\": \"stopped\", \"catname\": \"\", \"keyword\": \"Classic\", \"level\": \"Information\"}"}
{"_path":"syslog","_write_ts":"2018-03-24T17:15:47.733904Z","ts":"2018-03-24T17:15:47.733904Z","uid":"CgDNpczQ7oLqM2Ta5","id.orig_h":"10.47.22.82","id.orig_p":62695,"id.resp_h":"10.47.2.153","id.resp_p":514,"proto":"udp","facility":"LOCAL0","severity":"INFO","message":"1 2018-03-24T08:59:37-07:00 PC-helen.jerry.land EvntSLog - - - @cee: {\"source\": \"PC-helen.jerry.land\", \"msg\": \"The Multimedia Class Scheduler service entered the stopped state.\", \"nteventlogtype\": \"System\", \"sourceproc\": \"Service Control Manager\", \"id\": \"7036\", \"categoryid\": \"0\", \"category\": \"0\", \"keywordid\": \"0x8080000000000000\", \"user\": \"N\\\\A\", \"param1\": \"Multimedia Class Scheduler\", \"param2\": \"stopped\", \"catname\": \"\", \"keyword\": \"Classic\", \"level\": \"Information\"}"}
{"_path":"syslog","_write_ts":"2018-03-24T17:15:47.733907Z","ts":"2018-03-24T17:15:47.733907Z","uid":"CgDNpczQ7oLqM2Ta5","id.orig_h":"10.47.22.82","id.orig_p":62695,"id.resp_h":"10.47.2.153","id.resp_p":514,"proto":"udp","facility":"LOCAL0","severity":"INFO","message":"1 2018-03-24T08:59:37-07:00 PC-helen.jerry.land EvntSLog - - - @cee: {\"source\": \"PC-helen.jerry.land\", \"msg\": \"The Multimedia Class Scheduler service entered the stopped state.\", \"nteventlogtype\": \"System\", \"sourceproc\": \"Service Control Manager\", \"id\": \"7036\", \"categoryid\": \"0\", \"category\": \"0\", \"keywordid\": \"0x8080000000000000\", \"user\": \"N\\\\A\", \"param1\": \"Multimedia Class Scheduler\", \"param2\": \"stopped\", \"catname\": \"\", \"keyword\": \"Classic\", \"level\": \"Information\"}"}
{"_path":"syslog","_write_ts":"2018-03-24T17:15:49.318535Z","ts":"2018-03-24T17:15:49.318535Z","uid":"CTDoHcxsI20hhvY75","id.orig_h":"10.47.22.80","id.orig_p":51899,"id.resp_h":"10.47.2.153","id.resp_p":514,"proto":"udp","facility":"LOCAL0","severity":"INFO","message":"1 2018-03-24T08:59:39-07:00 PC-newman.jerry.land EvntSLog - - - Successful auto update of third-party root certificate:: Subject: <CN=GeoTrust Global CA, O=GeoTrust Inc., C=US> Sha1 thumbprint: <DE28F4A4FFE5B92FA3C503D1A349A7F9962A8212>."}
{"_path":"syslog","_write_ts":"2018-03-24T17:15:49.318537Z","ts":"2018-03-24T17:15:49.318537Z","uid":"CTDoHcxsI20hhvY75","id.orig_h":"10.47.22.80","id.orig_p":51899,"id.resp_h":"10.47.2.153","id.resp_p":514,"proto":"udp","facility":"LOCAL0","severity":"INFO","message":"1 2018-03-24T08:59:39-07:00 PC-newman.jerry.land EvntSLog - - - Successful auto update of third-party root certificate:: Subject: <CN=GeoTrust Global CA, O=GeoTrust Inc., C=US> Sha1 thumbprint: <DE28F4A4FFE5B92FA3C503D1A349A7F9962A8212>."}
{"_path":"syslog","_write_ts":"2018-03-24T17:15:49.318748Z","ts":"2018-03-24T17:15:49.318748Z","uid":"CTDoHcxsI20hhvY75","id.orig_h":"10.47.22.80","id.orig_p":51899,"id.resp_h":"10.47.2.153","id.resp_p":514,"proto":"udp","facility":"LOCAL0","severity":"INFO","message":"1 2018-03-24T08:59:39-07:00 PC-newman.jerry.land EvntSLog - - - Successful auto update of third-party root certificate:: Subject: <CN=GeoTrust Global CA, O=GeoTrust Inc., C=US> Sha1 thumbprint: <DE28F4A4FFE5B92FA3C503D1A349A7F9962A8212>."}
{"_path":"syslog","_write_ts":"2018-03-24T17:15:49.318750Z","ts":"2018-03-24T17:15:49.318750Z","uid":"CTDoHcxsI20hhvY75","id.orig_h":"10.47.22.80","id.orig_p":51899,"id.resp_h":"10.47.2.153","id.resp_p":514,"proto":"udp","facility":"LOCAL0","severity":"INFO","message":"1 2018-03-24T08:59:39-07:00 PC-newman.jerry.land EvntSLog - - - Successful auto update of third-party root certificate:: Subject: <CN=GeoTrust Global CA, O=GeoTrust Inc., C=US> Sha1 thumbprint: <DE28F4A4FFE5B92FA3C503D1A349A7F9962A8212>."}
{"_path":"syslog","_write_ts":"2018-03-24T17:16:04.849603Z","ts":"2018-03-24T17:16:04.849603Z","uid":"ClIW0K7GCQpzzKukf","id.orig_h":"10.47.22.25","id.orig_p":58947,"id.resp_h":"10.47.2.153","id.resp_p":514,"proto":"udp","facility":"LOCAL0","severity":"NOTICE","message":"1 2018-03-24T08:59:54-07:00 Kramer.jerry.land EvntSLog - - - Special privileges assigned to new logon. Subject: Security ID: S-1-5-18 Account Name: KRAMER$ Account Domain: JERRY Logon ID: 0x3bad0b8 Privileges: SeSecurityPrivilege SeBackupPrivilege SeRestorePrivilege SeTakeOwnershipPrivilege SeDebugPrivilege SeSystemEnvironmentPrivilege SeLoadDriverPrivilege SeImpersonatePrivilege SeEnableDelegationPrivilege"}
{"_path":"syslog","_write_ts":"2018-03-24T17:16:04.849605Z","ts":"2018-03-24T17:16:04.849605Z","uid":"ClIW0K7GCQpzzKukf","id.orig_h":"10.47.22.25","id.orig_p":58947,"id.resp_h":"10.47.2.153","id.resp_p":514,"proto":"udp","facility":"LOCAL0","severity":"NOTICE","message":"1 2018-03-24T08:59:54-07:00 Kramer.jerry.land EvntSLog - - - Special privileges assigned to new logon. Subject: Security ID: S-1-5-18 Account Name: KRAMER$ Account Domain: JERRY Logon ID: 0x3bad0b8 Privileges: SeSecurityPrivilege SeBackupPrivilege SeRestorePrivilege SeTakeOwnershipPrivilege SeDebugPrivilege SeSystemEnvironmentPrivilege SeLoadDriverPrivilege SeImpersonatePrivilege SeEnableDelegationPrivilege"}
{"_path":"syslog","_write_ts":"2018-03-24T17:16:04.849848Z","ts":"2018-03-24T17:16:04.849848Z","uid":"ClIW0K7GCQpzzKukf","id.orig_h":"10.47.22.25","id.orig_p":58947,"id.resp_h":"10.47.2.153","id.resp_p":514,"proto":"udp","facility":"LOCAL0","severity":"NOTICE","message":"1 2018-03-24T08:59:54-07:00 Kramer.jerry.land EvntSLog - - - Special privileges assigned to new logon. Subject: Security ID: S-1-5-18 Account Name: KRAMER$ Account Domain: JERRY Logon ID: 0x3bad0b8 Privileges: SeSecurityPrivilege SeBackupPrivilege SeRestorePrivilege SeTakeOwnershipPrivilege SeDebugPrivilege SeSystemEnvironmentPrivilege SeLoadDriverPrivilege SeImpersonatePrivilege SeEnableDelegationPrivilege"}
{"_path":"syslog","_write_ts":"2018-03-24T17:16:04.849850Z","ts":"2018-03-24T17:16:04.849850Z","uid":"ClIW0K7GCQpzzKukf","id.orig_h":"10.47.22.25","id.orig_p":58947,"id.resp_h":"10.47.2.153","id.resp_p":514,"proto":"udp","facility":"LOCAL0","severity":"NOTICE","message":"1 2018-03-24T08:59:54-07:00 Kramer.jerry.land EvntSLog - - - Special privileges assigned to new logon. Subject: Security ID: S-1-5-18 Account Name: KRAMER$ Account Domain: JERRY Logon ID: 0x3bad0b8 Privileges: SeSecurityPrivilege SeBackupPrivilege SeRestorePrivilege SeTakeOwnershipPrivilege SeDebugPrivilege SeSystemEnvironmentPrivilege SeLoadDriverPrivilege SeImpersonatePrivilege SeEnableDelegationPrivilege"}
{"_path":"syslog","_write_ts":"2018-03-24T17:16:04.864011Z","ts":"2018-03-24T17:16:04.864011Z","uid":"ClIW0K7GCQpzzKukf","id.orig_h":"10.47.22.25","id.orig_p":58947,"id.resp_h":"10.47.2.153","id.resp_p":514,"proto":"udp","facility":"LOCAL0","severity":"NOTICE","message":"1 2018-03-24T08:59:54-07:00 Kramer.jerry.land EvntSLog - - - An account was successfully logged on. Subject: Security ID: S-1-0-0 Account Name: - Account Domain: - Logon ID: 0x0 Logon Type: 3 New Logon: Security ID: S-1-5-18 Account Name: KRAMER$ Account Domain: JERRY Logon ID: 0x3bad0b8 Logon GUID: {3927FFCA-9038-917B-C030-965416739BC7} Process Information: Process ID: 0x0 Process Name: - Network Information: Workstation Name: Source Network Address: 172.20.0.25 Source Port: 49361 Detailed Authentication Information: Logon Process: Kerberos Authentication Package: Kerberos Transited Services: - Package Name (NTLM only): - Key Length: 0 This event is generated when a logon session is created. It is generated on the computer that was accessed. The subject fields indicate the account on the local system which requested the logon. This is most commonly a service such as the Server service, or a local process such as Winlogon.exe or Services.exe. The logon type field indicates the kind of logon that occurred. The most common types are 2 (interactive) and 3 (network). The New Logon fields indicate the account for whom the new logon was created, i.e. the account that was logged on. The network fields indicate where a remote logon request originated. Workstation name is not always available and may be left blank in some cases. The authentication information fields provide detailed information about this specific logon request. - Logon GUID is a unique identifier that can be used to correlate this event with a KDC event. - Transited services indicate which intermediate services have participated in this logon request. - Package name indicates which sub-protocol was used among the NTLM protocols. - Key length indicates the length of the generated session key. This will be 0 if no session key was requested."}
{"_path":"syslog","_write_ts":"2018-03-24T17:16:04.864015Z","ts":"2018-03-24T17:16:04.864015Z","uid":"ClIW0K7GCQpzzKukf","id.orig_h":"10.47.22.25","id.orig_p":58947,"id.resp_h":"10.47.2.153","id.resp_p":514,"proto":"udp","facility":"LOCAL0","severity":"NOTICE","message":"1 2018-03-24T08:59:54-07:00 Kramer.jerry.land EvntSLog - - - An account was successfully logged on. Subject: Security ID: S-1-0-0 Account Name: - Account Domain: - Logon ID: 0x0 Logon Type: 3 New Logon: Security ID: S-1-5-18 Account Name: KRAMER$ Account Domain: JERRY Logon ID: 0x3bad0b8 Logon GUID: {3927FFCA-9038-917B-C030-965416739BC7} Process Information: Process ID: 0x0 Process Name: - Network Information: Workstation Name: Source Network Address: 172.20.0.25 Source Port: 49361 Detailed Authentication Information: Logon Process: Kerberos Authentication Package: Kerberos Transited Services: - Package Name (NTLM only): - Key Length: 0 This event is generated when a logon session is created. It is generated on the computer that was accessed. The subject fields indicate the account on the local system which requested the logon. This is most commonly a service such as the Server service, or a local process such as Winlogon.exe or Services.exe. The logon type field indicates the kind of logon that occurred. The most common types are 2 (interactive) and 3 (network). The New Logon fields indicate the account for whom the new logon was created, i.e. the account that was logged on. The network fields indicate where a remote logon request originated. Workstation name is not always available and may be left blank in some cases. The authentication information fields provide detailed information about this specific logon request. - Logon GUID is a unique identifier that can be used to correlate this event with a KDC event. - Transited services indicate which intermediate services have participated in this logon request. - Package name indicates which sub-protocol was used among the NTLM protocols. - Key length indicates the length of the generated session key. This will be 0 if no session key was requested."}
{"_path":"syslog","_write_ts":"2018-03-24T17:16:04.864110Z","ts":"2018-03-24T17:16:04.864110Z","uid":"ClIW0K7GCQpzzKukf","id.orig_h":"10.47.22.25","id.orig_p":58947,"id.resp_h":"10.47.2.153","id.resp_p":514,"proto":"udp","facility":"LOCAL0","severity":"NOTICE","message":"1 2018-03-24T08:59:54-07:00 Kramer.jerry.land EvntSLog - - - An account was successfully logged on. Subject: Security ID: S-1-0-0 Account Name: - Account Domain: - Logon ID: 0x0 Logon Type: 3 New Logon: Security ID: S-1-5-18 Account Name: KRAMER$ Account Domain: JERRY Logon ID: 0x3bad0b8 Logon GUID: {3927FFCA-9038-917B-C030-965416739BC7} Process Information: Process ID: 0x0 Process Name: - Network Information: Workstation Name: Source Network Address: 172.20.0.25 Source Port: 49361 Detailed Authentication Information: Logon Process: Kerberos Authentication Package: Kerberos Transited Services: - Package Name (NTLM only): - Key Length: 0 This event is generated when a logon session is created. It is generated on the computer that was accessed. The subject fields indicate the account on the local system which requested the logon. This is most commonly a service such as the Server service, or a local process such as Winlogon.exe or Services.exe. The logon type field indicates the kind of logon that occurred. The most common types are 2 (interactive) and 3 (network). The New Logon fields indicate the account for whom the new logon was created, i.e. the account that was logged on. The network fields indicate where a remote logon request originated. Workstation name is not always available and may be left blank in some cases. The authentication information fields provide detailed information about this specific logon request. - Logon GUID is a unique identifier that can be used to correlate this event with a KDC event. - Transited services indicate which intermediate services have participated in this logon request. - Package name indicates which sub-protocol was used among the NTLM protocols. - Key length indicates the length of the generated session key. This will be 0 if no session key was requested."}
{"_path":"syslog","_write_ts":"2018-03-24T17:16:04.864113Z","ts":"2018-03-24T17:16:04.864113Z","uid":"ClIW0K7GCQpzzKukf","id.orig_h":"10.47.22.25","id.orig_p":58947,"id.resp_h":"10.47.2.153","id.resp_p":514,"proto":"udp","facility":"LOCAL0","severity":"NOTICE","message":"1 2018-03-24T08:59:54-07:00 Kramer.jerry.land EvntSLog - - - An account was successfully logged on. Subject: Security ID: S-1-0-0 Account Name: - Account Domain: - Logon ID: 0x0 Logon Type: 3 New Logon: Security ID: S-1-5-18 Account Name: KRAMER$ Account Domain: JERRY Logon ID: 0x3bad0b8 Logon GUID: {3927FFCA-9038-917B-C030-965416739BC7} Process Information: Process ID: 0x0 Process Name: - Network Information: Workstation Name: Source Network Address: 172.20.0.25 Source Port: 49361 Detailed Authentication Information: Logon Process: Kerberos Authentication Package: Kerberos Transited Services: - Package Name (NTLM only): - Key Length: 0 This event is generated when a logon session is created. It is generated on the computer that was accessed. The subject fields indicate the account on the local system which requested the logon. This is most commonly a service such as the Server service, or a local process such as Winlogon.exe or Services.exe. The logon type field indicates the kind of logon that occurred. The most common types are 2 (interactive) and 3 (network). The New Logon fields indicate the account for whom the new logon was created, i.e. the account that was logged on. The network fields indicate where a remote logon request originated. Workstation name is not always available and may be left blank in some cases. The authentication information fields provide detailed information about this specific logon request. - Logon GUID is a unique identifier that can be used to correlate this event with a KDC event. - Transited services indicate which intermediate services have participated in this logon request. - Package name indicates which sub-protocol was used among the NTLM protocols. - Key length indicates the length of the generated session key. This will be 0 if no session key was requested."}
{"_path":"syslog","_write_ts":"2018-03-24T17:16:04.878742Z","ts":"2018-03-24T17:16:04.878742Z","uid":"ClIW0K7GCQpzzKukf","id.orig_h":"10.47.22.25","id.orig_p":58947,"id.resp_h":"10.47.2.153","id.resp_p":514,"proto":"udp","facility":"LOCAL0","severity":"NOTICE","message":"1 2018-03-24T08:59:54-07:00 Kramer.jerry.land EvntSLog - - - An account was logged off. Subject: Security ID: S-1-5-18 Account Name: KRAMER$ Account Domain: JERRY Logon ID: 0x3bad0b8 Logon Type: 3 This event is generated when a logon session is destroyed. It may be positively correlated with a logon event using the Logon ID value. Logon IDs are only unique between reboots on the same computer."}
{"_path":"syslog","_write_ts":"2018-03-24T17:16:04.878744Z","ts":"2018-03-24T17:16:04.878744Z","uid":"ClIW0K7GCQpzzKukf","id.orig_h":"10.47.22.25","id.orig_p":58947,"id.resp_h":"10.47.2.153","id.resp_p":514,"proto":"udp","facility":"LOCAL0","severity":"NOTICE","message":"1 2018-03-24T08:59:54-07:00 Kramer.jerry.land EvntSLog - - - An account was logged off. Subject: Security ID: S-1-5-18 Account Name: KRAMER$ Account Domain: JERRY Logon ID: 0x3bad0b8 Logon Type: 3 This event is generated when a logon session is destroyed. It may be positively correlated with a logon event using the Logon ID value. Logon IDs are only unique between reboots on the same computer."}
{"_path":"syslog","_write_ts":"2018-03-24T17:16:04.878746Z","ts":"2018-03-24T17:16:04.878746Z","uid":"ClIW0K7GCQpzzKukf","id.orig_h":"10.47.22.25","id.orig_p":58947,"id.resp_h":"10.47.2.153","id.resp_p":514,"proto":"udp","facility":"LOCAL0","severity":"NOTICE","message":"1 2018-03-24T08:59:54-07:00 Kramer.jerry.land EvntSLog - - - An account was logged off. Subject: Security ID: S-1-5-18 Account Name: KRAMER$ Account Domain: JERRY Logon ID: 0x3bad0b8 Logon Type: 3 This event is generated when a logon session is destroyed. It may be positively correlated with a logon event using the Logon ID value. Logon IDs are only unique between reboots on the same computer."}
{"_path":"syslog","_write_ts":"2018-03-24T17:16:04.878747Z","ts":"2018-03-24T17:16:04.878747Z","uid":"ClIW0K7GCQpzzKukf","id.orig_h":"10.47.22.25","id.orig_p":58947,"id.resp_h":"10.47.2.153","id.resp_p":514,"proto":"udp","facility":"LOCAL0","severity":"NOTICE","message":"1 2018-03-24T08:59:54-07:00 Kramer.jerry.land EvntSLog - - - An account was logged off. Subject: Security ID: S-1-5-18 Account Name: KRAMER$ Account Domain: JERRY Logon ID: 0x3bad0b8 Logon Type: 3 This event is generated when a logon session is destroyed. It may be positively correlated with a logon event using the Logon ID value. Logon IDs are only unique between reboots on the same computer."}
{"_path":"syslog","_write_ts":"2018-03-24T17:16:04.894426Z","ts":"2018-03-24T17:16:04.894426Z","uid":"ClIW0K7GCQpzzKukf","id.orig_h":"10.47.22.25","id.orig_p":58947,"id.resp_h":"10.47.2.153","id.resp_p":514,"proto":"udp","facility":"LOCAL0","severity":"NOTICE","message":"1 2018-03-24T08:59:55-07:00 Kramer.jerry.land EvntSLog - - - Special privileges assigned to new logon. Subject: Security ID: S-1-5-18 Account Name: KRAMER$ Account Domain: JERRY Logon ID: 0x3bad228 Privileges: SeSecurityPrivilege SeBackupPrivilege SeRestorePrivilege SeTakeOwnershipPrivilege SeDebugPrivilege SeSystemEnvironmentPrivilege SeLoadDriverPrivilege SeImpersonatePrivilege SeEnableDelegationPrivilege"}
{"_path":"syslog","_write_ts":"2018-03-24T17:16:04.894428Z","ts":"2018-03-24T17:16:04.894428Z","uid":"ClIW0K7GCQpzzKukf","id.orig_h":"10.47.22.25","id.orig_p":58947,"id.resp_h":"10.47.2.153","id.resp_p":514,"proto":"udp","facility":"LOCAL0","severity":"NOTICE","message":"1 2018-03-24T08:59:55-07:00 Kramer.jerry.land EvntSLog - - - Special privileges assigned to new logon. Subject: Security ID: S-1-5-18 Account Name: KRAMER$ Account Domain: JERRY Logon ID: 0x3bad228 Privileges: SeSecurityPrivilege SeBackupPrivilege SeRestorePrivilege SeTakeOwnershipPrivilege SeDebugPrivilege SeSystemEnvironmentPrivilege SeLoadDriverPrivilege SeImpersonatePrivilege SeEnableDelegationPrivilege"}
{"_path":"syslog","_write_ts":"2018-03-24T17:16:04.894430Z","ts":"2018-03-24T17:16:04.894430Z","uid":"ClIW0K7GCQpzzKukf","id.orig_h":"10.47.22.25","id.orig_p":58947,"id.resp_h":"10.47.2.153","id.resp_p":514,"proto":"udp","facility":"LOCAL0","severity":"NOTICE","message":"1 2018-03-24T08:59:55-07:00 Kramer.jerry.land EvntSLog - - - Special privileges assigned to new logon. Subject: Security ID: S-1-5-18 Account Name: KRAMER$ Account Domain: JERRY Logon ID: 0x3bad228 Privileges: SeSecurityPrivilege SeBackupPrivilege SeRestorePrivilege SeTakeOwnershipPrivilege SeDebugPrivilege SeSystemEnvironmentPrivilege SeLoadDriverPrivilege SeImpersonatePrivilege SeEnableDelegationPrivilege"}
{"_path":"syslog","_write_ts":"2018-03-24T17:16:04.894431Z","ts":"2018-03-24T17:16:04.894431Z","uid":"ClIW0K7GCQpzzKukf","id.orig_h":"10.47.22.25","id.orig_p":58947,"id.resp_h":"10.47.2.153","id.resp_p":514,"proto":"udp","facility":"LOCAL0","severity":"NOTICE","message":"1 2018-03-24T08:59:55-07:00 Kramer.jerry.land EvntSLog - - - Special privileges assigned to new logon. Subject: Security ID: S-1-5-18 Account Name: KRAMER$ Account Domain: JERRY Logon ID: 0x3bad228 Privileges: SeSecurityPrivilege SeBackupPrivilege SeRestorePrivilege SeTakeOwnershipPrivilege SeDebugPrivilege SeSystemEnvironmentPrivilege SeLoadDriverPrivilege SeImpersonatePrivilege SeEnableDelegationPrivilege"}
{"_path":"syslog","_write_ts":"2018-03-24T17:16:04.910153Z","ts":"2018-03-24T17:16:04.910153Z","uid":"ClIW0K7GCQpzzKukf","id.orig_h":"10.47.22.25","id.orig_p":58947,"id.resp_h":"10.47.2.153","id.resp_p":514,"proto":"udp","facility":"LOCAL0","severity":"NOTICE","message":"1 2018-03-24T08:59:55-07:00 Kramer.jerry.land EvntSLog - - - An account was successfully logged on. Subject: Security ID: S-1-0-0 Account Name: - Account Domain: - Logon ID: 0x0 Logon Type: 3 New Logon: Security ID: S-1-5-18 Account Name: KRAMER$ Account Domain: JERRY Logon ID: 0x3bad228 Logon GUID: {3927FFCA-9038-917B-C030-965416739BC7} Process Information: Process ID: 0x0 Process Name: - Network Information: Workstation Name: Source Network Address: 172.20.0.25 Source Port: 49363 Detailed Authentication Information: Logon Process: Kerberos Authentication Package: Kerberos Transited Services: - Package Name (NTLM only): - Key Length: 0 This event is generated when a logon session is created. It is generated on the computer that was accessed. The subject fields indicate the account on the local system which requested the logon. This is most commonly a service such as the Server service, or a local process such as Winlogon.exe or Services.exe. The logon type field indicates the kind of logon that occurred. The most common types are 2 (interactive) and 3 (network). The New Logon fields indicate the account for whom the new logon was created, i.e. the account that was logged on. The network fields indicate where a remote logon request originated. Workstation name is not always available and may be left blank in some cases. The authentication information fields provide detailed information about this specific logon request. - Logon GUID is a unique identifier that can be used to correlate this event with a KDC event. - Transited services indicate which intermediate services have participated in this logon request. - Package name indicates which sub-protocol was used among the NTLM protocols. - Key length indicates the length of the generated session key. This will be 0 if no session key was requested."}
{"_path":"syslog","_write_ts":"2018-03-24T17:16:04.910156Z","ts":"2018-03-24T17:16:04.910156Z","uid":"ClIW0K7GCQpzzKukf","id.orig_h":"10.47.22.25","id.orig_p":58947,"id.resp_h":"10.47.2.153","id.resp_p":514,"proto":"udp","facility":"LOCAL0","severity":"NOTICE","message":"1 2018-03-24T08:59:55-07:00 Kramer.jerry.land EvntSLog - - - An account was successfully logged on. Subject: Security ID: S-1-0-0 Account Name: - Account Domain: - Logon ID: 0x0 Logon Type: 3 New Logon: Security ID: S-1-5-18 Account Name: KRAMER$ Account Domain: JERRY Logon ID: 0x3bad228 Logon GUID: {3927FFCA-9038-917B-C030-965416739BC7} Process Information: Process ID: 0x0 Process Name: - Network Information: Workstation Name: Source Network Address: 172.20.0.25 Source Port: 49363 Detailed Authentication Information: Logon Process: Kerberos Authentication Package: Kerberos Transited Services: - Package Name (NTLM only): - Key Length: 0 This event is generated when a logon session is created. It is generated on the computer that was accessed. The subject fields indicate the account on the local system which requested the logon. This is most commonly a service such as the Server service, or a local process such as Winlogon.exe or Services.exe. The logon type field indicates the kind of logon that occurred. The most common types are 2 (interactive) and 3 (network). The New Logon fields indicate the account for whom the new logon was created, i.e. the account that was logged on. The network fields indicate where a remote logon request originated. Workstation name is not always available and may be left blank in some cases. The authentication information fields provide detailed information about this specific logon request. - Logon GUID is a unique identifier that can be used to correlate this event with a KDC event. - Transited services indicate which intermediate services have participated in this logon request. - Package name indicates which sub-protocol was used among the NTLM protocols. - Key length indicates the length of the generated session key. This will be 0 if no session key was requested."}
{"_path":"syslog","_write_ts":"2018-03-24T17:16:04.910254Z","ts":"2018-03-24T17:16:04.910254Z","uid":"ClIW0K7GCQpzzKukf","id.orig_h":"10.47.22.25","id.orig_p":58947,"id.resp_h":"10.47.2.153","id.resp_p":514,"proto":"udp","facility":"LOCAL0","severity":"NOTICE","message":"1 2018-03-24T08:59:55-07:00 Kramer.jerry.land EvntSLog - - - An account was successfully logged on. Subject: Security ID: S-1-0-0 Account Name: - Account Domain: - Logon ID: 0x0 Logon Type: 3 New Logon: Security ID: S-1-5-18 Account Name: KRAMER$ Account Domain: JERRY Logon ID: 0x3bad228 Logon GUID: {3927FFCA-9038-917B-C030-965416739BC7} Process Information: Process ID: 0x0 Process Name: - Network Information: Workstation Name: Source Network Address: 172.20.0.25 Source Port: 49363 Detailed Authentication Information: Logon Process: Kerberos Authentication Package: Kerberos Transited Services: - Package Name (NTLM only): - Key Length: 0 This event is generated when a logon session is created. It is generated on the computer that was accessed. The subject fields indicate the account on the local system which requested the logon. This is most commonly a service such as the Server service, or a local process such as Winlogon.exe or Services.exe. The logon type field indicates the kind of logon that occurred. The most common types are 2 (interactive) and 3 (network). The New Logon fields indicate the account for whom the new logon was created, i.e. the account that was logged on. The network fields indicate where a remote logon request originated. Workstation name is not always available and may be left blank in some cases. The authentication information fields provide detailed information about this specific logon request. - Logon GUID is a unique identifier that can be used to correlate this event with a KDC event. - Transited services indicate which intermediate services have participated in this logon request. - Package name indicates which sub-protocol was used among the NTLM protocols. - Key length indicates the length of the generated session key. This will be 0 if no session key was requested."}
{"_path":"syslog","_write_ts":"2018-03-24T17:16:04.910300Z","ts":"2018-03-24T17:16:04.910300Z","uid":"ClIW0K7GCQpzzKukf","id.orig_h":"10.47.22.25","id.orig_p":58947,"id.resp_h":"10.47.2.153","id.resp_p":514,"proto":"udp","facility":"LOCAL0","severity":"NOTICE","message":"1 2018-03-24T08:59:55-07:00 Kramer.jerry.land EvntSLog - - - An account was successfully logged on. Subject: Security ID: S-1-0-0 Account Name: - Account Domain: - Logon ID: 0x0 Logon Type: 3 New Logon: Security ID: S-1-5-18 Account Name: KRAMER$ Account Domain: JERRY Logon ID: 0x3bad228 Logon GUID: {3927FFCA-9038-917B-C030-965416739BC7} Process Information: Process ID: 0x0 Process Name: - Network Information: Workstation Name: Source Network Address: 172.20.0.25 Source Port: 49363 Detailed Authentication Information: Logon Process: Kerberos Authentication Package: Kerberos Transited Services: - Package Name (NTLM only): - Key Length: 0 This event is generated when a logon session is created. It is generated on the computer that was accessed. The subject fields indicate the account on the local system which requested the logon. This is most commonly a service such as the Server service, or a local process such as Winlogon.exe or Services.exe. The logon type field indicates the kind of logon that occurred. The most common types are 2 (interactive) and 3 (network). The New Logon fields indicate the account for whom the new logon was created, i.e. the account that was logged on. The network fields indicate where a remote logon request originated. Workstation name is not always available and may be left blank in some cases. The authentication information fields provide detailed information about this specific logon request. - Logon GUID is a unique identifier that can be used to correlate this event with a KDC event. - Transited services indicate which intermediate services have participated in this logon request. - Package name indicates which sub-protocol was used among the NTLM protocols. - Key length indicates the length of the generated session key. This will be 0 if no session key was requested."}
{"_path":"syslog","_write_ts":"2018-03-24T17:16:04.925683Z","ts":"2018-03-24T17:16:04.925683Z","uid":"ClIW0K7GCQpzzKukf","id.orig_h":"10.47.22.25","id.orig_p":58947,"id.resp_h":"10.47.2.153","id.resp_p":514,"proto":"udp","facility":"LOCAL0","severity":"NOTICE","message":"1 2018-03-24T08:59:55-07:00 Kramer.jerry.land EvntSLog - - - An account was logged off. Subject: Security ID: S-1-5-18 Account Name: KRAMER$ Account Domain: JERRY Logon ID: 0x3bad228 Logon Type: 3 This event is generated when a logon session is destroyed. It may be positively correlated with a logon event using the Logon ID value. Logon IDs are only unique between reboots on the same computer."}
{"_path":"syslog","_write_ts":"2018-03-24T17:16:04.925687Z","ts":"2018-03-24T17:16:04.925687Z","uid":"ClIW0K7GCQpzzKukf","id.orig_h":"10.47.22.25","id.orig_p":58947,"id.resp_h":"10.47.2.153","id.resp_p":514,"proto":"udp","facility":"LOCAL0","severity":"NOTICE","message":"1 2018-03-24T08:59:55-07:00 Kramer.jerry.land EvntSLog - - - An account was logged off. Subject: Security ID: S-1-5-18 Account Name: KRAMER$ Account Domain: JERRY Logon ID: 0x3bad228 Logon Type: 3 This event is generated when a logon session is destroyed. It may be positively correlated with a logon event using the Logon ID value. Logon IDs are only unique between reboots on the same computer."}
{"_path":"syslog","_write_ts":"2018-03-24T17:16:04.925689Z","ts":"2018-03-24T17:16:04.925689Z","uid":"ClIW0K7GCQpzzKukf","id.orig_h":"10.47.22.25","id.orig_p":58947,"id.resp_h":"10.47.2.153","id.resp_p":514,"proto":"udp","facility":"LOCAL0","severity":"NOTICE","message":"1 2018-03-24T08:59:55-07:00 Kramer.jerry.land EvntSLog - - - An account was logged off. Subject: Security ID: S-1-5-18 Account Name: KRAMER$ Account Domain: JERRY Logon ID: 0x3bad228 Logon Type: 3 This event is generated when a logon session is destroyed. It may be positively correlated with a logon event using the Logon ID value. Logon IDs are only unique between reboots on the same computer."}
{"_path":"syslog","_write_ts":"2018-03-24T17:16:04.925691Z","ts":"2018-03-24T17:16:04.925691Z","uid":"ClIW0K7GCQpzzKukf","id.orig_h":"10.47.22.25","id.orig_p":58947,"id.resp_h":"10.47.2.153","id.resp_p":514,"proto":"udp","facility":"LOCAL0","severity":"NOTICE","message":"1 2018-03-24T08:59:55-07:00 Kramer.jerry.land EvntSLog - - - An account was logged off. Subject: Security ID: S-1-5-18 Account Name: KRAMER$ Account Domain: JERRY Logon ID: 0x3bad228 Logon Type: 3 This event is generated when a logon session is destroyed. It may be positively correlated with a logon event using the Logon ID value. Logon IDs are only unique between reboots on the same computer."}
{"_path":"syslog","_write_ts":"2018-03-24T17:16:13.654975Z","ts":"2018-03-24T17:16:13.654975Z","uid":"CTDoHcxsI20hhvY75","id.orig_h":"10.47.22.80","id.orig_p":51899,"id.resp_h":"10.47.2.153","id.resp_p":514,"proto":"udp","facility":"LOCAL0","severity":"INFO","message":"1 2018-03-24T09:00:04-07:00 PC-newman.jerry.land EvntSLog - - - Starting periodic policy processing for computer JERRY\\PC-NEWMAN$. Activity id: {0ABB9AFF-1661-433A-AC9B-C52875C8F80E}"}
{"_path":"syslog","_write_ts":"2018-03-24T17:16:13.654977Z","ts":"2018-03-24T17:16:13.654977Z","uid":"CTDoHcxsI20hhvY75","id.orig_h":"10.47.22.80","id.orig_p":51899,"id.resp_h":"10.47.2.153","id.resp_p":514,"proto":"udp","facility":"LOCAL0","severity":"INFO","message":"1 2018-03-24T09:00:04-07:00 PC-newman.jerry.land EvntSLog - - - Starting periodic policy processing for computer JERRY\\PC-NEWMAN$. Activity id: {0ABB9AFF-1661-433A-AC9B-C52875C8F80E}"}
{"_path":"syslog","_write_ts":"2018-03-24T17:16:13.654979Z","ts":"2018-03-24T17:16:13.654979Z","uid":"CTDoHcxsI20hhvY75","id.orig_h":"10.47.22.80","id.orig_p":51899,"id.resp_h":"10.47.2.153","id.resp_p":514,"proto":"udp","facility":"LOCAL0","severity":"INFO","message":"1 2018-03-24T09:00:04-07:00 PC-newman.jerry.land EvntSLog - - - Starting periodic policy processing for computer JERRY\\PC-NEWMAN$. Activity id: {0ABB9AFF-1661-433A-AC9B-C52875C8F80E}"}
{"_path":"syslog","_write_ts":"2018-03-24T17:16:13.654980Z","ts":"2018-03-24T17:16:13.654980Z","uid":"CTDoHcxsI20hhvY75","id.orig_h":"10.47.22.80","id.orig_p":51899,"id.resp_h":"10.47.2.153","id.resp_p":514,"proto":"udp","facility":"LOCAL0","severity":"INFO","message":"1 2018-03-24T09:00:04-07:00 PC-newman.jerry.land EvntSLog - - - Starting periodic policy processing for computer JERRY\\PC-NEWMAN$. Activity id: {0ABB9AFF-1661-433A-AC9B-C52875C8F80E}"}
{"_path":"syslog","_write_ts":"2018-03-24T17:16:13.666656Z","ts":"2018-03-24T17:16:13.666656Z","uid":"CTDoHcxsI20hhvY75","id.orig_h":"10.47.22.80","id.orig_p":51899,"id.resp_h":"10.47.2.153","id.resp_p":514,"proto":"udp","facility":"LOCAL0","severity":"INFO","message":"1 2018-03-24T09:00:04-07:00 PC-newman.jerry.land EvntSLog - - - Attempting to retrieve the account information."}
{"_path":"syslog","_write_ts":"2018-03-24T17:16:13.666658Z","ts":"2018-03-24T17:16:13.666658Z","uid":"CTDoHcxsI20hhvY75","id.orig_h":"10.47.22.80","id.orig_p":51899,"id.resp_h":"10.47.2.153","id.resp_p":514,"proto":"udp","facility":"LOCAL0","severity":"INFO","message":"1 2018-03-24T09:00:04-07:00 PC-newman.jerry.land EvntSLog - - - Attempting to retrieve the account information."}
{"_path":"syslog","_write_ts":"2018-03-24T17:16:13.666660Z","ts":"2018-03-24T17:16:13.666660Z","uid":"CTDoHcxsI20hhvY75","id.orig_h":"10.47.22.80","id.orig_p":51899,"id.resp_h":"10.47.2.153","id.resp_p":514,"proto":"udp","facility":"LOCAL0","severity":"INFO","message":"1 2018-03-24T09:00:04-07:00 PC-newman.jerry.land EvntSLog - - - Attempting to retrieve the account information."}
{"_path":"syslog","_write_ts":"2018-03-24T17:16:13.666662Z","ts":"2018-03-24T17:16:13.666662Z","uid":"CTDoHcxsI20hhvY75","id.orig_h":"10.47.22.80","id.orig_p":51899,"id.resp_h":"10.47.2.153","id.resp_p":514,"proto":"udp","facility":"LOCAL0","severity":"INFO","message":"1 2018-03-24T09:00:04-07:00 PC-newman.jerry.land EvntSLog - - - Attempting to retrieve the account information."}
{"_path":"syslog","_write_ts":"2018-03-24T17:16:13.673629Z","ts":"2018-03-24T17:16:13.673629Z","uid":"CTDoHcxsI20hhvY75","id.orig_h":"10.47.22.80","id.orig_p":51899,"id.resp_h":"10.47.2.153","id.resp_p":514,"proto":"udp","facility":"LOCAL0","severity":"INFO","message":"1 2018-03-24T09:00:04-07:00 PC-newman.jerry.land EvntSLog - - - Making system call to get account information. "}
{"_path":"syslog","_write_ts":"2018-03-24T17:16:13.673632Z","ts":"2018-03-24T17:16:13.673632Z","uid":"CTDoHcxsI20hhvY75","id.orig_h":"10.47.22.80","id.orig_p":51899,"id.resp_h":"10.47.2.153","id.resp_p":514,"proto":"udp","facility":"LOCAL0","severity":"INFO","message":"1 2018-03-24T09:00:04-07:00 PC-newman.jerry.land EvntSLog - - - Making system call to get account information. "}
{"_path":"syslog","_write_ts":"2018-03-24T17:16:13.673633Z","ts":"2018-03-24T17:16:13.673633Z","uid":"CTDoHcxsI20hhvY75","id.orig_h":"10.47.22.80","id.orig_p":51899,"id.resp_h":"10.47.2.153","id.resp_p":514,"proto":"udp","facility":"LOCAL0","severity":"INFO","message":"1 2018-03-24T09:00:04-07:00 PC-newman.jerry.land EvntSLog - - - Making system call to get account information. "}
{"_path":"syslog","_write_ts":"2018-03-24T17:16:13.673635Z","ts":"2018-03-24T17:16:13.673635Z","uid":"CTDoHcxsI20hhvY75","id.orig_h":"10.47.22.80","id.orig_p":51899,"id.resp_h":"10.47.2.153","id.resp_p":514,"proto":"udp","facility":"LOCAL0","severity":"INFO","message":"1 2018-03-24T09:00:04-07:00 PC-newman.jerry.land EvntSLog - - - Making system call to get account information. "}
{"_path":"syslog","_write_ts":"2018-03-24T17:16:13.680520Z","ts":"2018-03-24T17:16:13.680520Z","uid":"CTDoHcxsI20hhvY75","id.orig_h":"10.47.22.80","id.orig_p":51899,"id.resp_h":"10.47.2.153","id.resp_p":514,"proto":"udp","facility":"LOCAL0","severity":"INFO","message":"1 2018-03-24T09:00:04-07:00 PC-newman.jerry.land EvntSLog - - - The system call to get account information completed. CN=PC-NEWMAN,CN=Computers,DC=jerry,DC=land The call completed in 0 milliseconds."}
{"_path":"syslog","_write_ts":"2018-03-24T17:16:13.680524Z","ts":"2018-03-24T17:16:13.680524Z","uid":"CTDoHcxsI20hhvY75","id.orig_h":"10.47.22.80","id.orig_p":51899,"id.resp_h":"10.47.2.153","id.resp_p":514,"proto":"udp","facility":"LOCAL0","severity":"INFO","message":"1 2018-03-24T09:00:04-07:00 PC-newman.jerry.land EvntSLog - - - The system call to get account information completed. CN=PC-NEWMAN,CN=Computers,DC=jerry,DC=land The call completed in 0 milliseconds."}
{"_path":"syslog","_write_ts":"2018-03-24T17:16:13.680526Z","ts":"2018-03-24T17:16:13.680526Z","uid":"CTDoHcxsI20hhvY75","id.orig_h":"10.47.22.80","id.orig_p":51899,"id.resp_h":"10.47.2.153","id.resp_p":514,"proto":"udp","facility":"LOCAL0","severity":"INFO","message":"1 2018-03-24T09:00:04-07:00 PC-newman.jerry.land EvntSLog - - - The system call to get account information completed. CN=PC-NEWMAN,CN=Computers,DC=jerry,DC=land The call completed in 0 milliseconds."}
{"_path":"syslog","_write_ts":"2018-03-24T17:16:13.680528Z","ts":"2018-03-24T17:16:13.680528Z","uid":"CTDoHcxsI20hhvY75","id.orig_h":"10.47.22.80","id.orig_p":51899,"id.resp_h":"10.47.2.153","id.resp_p":514,"proto":"udp","facility":"LOCAL0","severity":"INFO","message":"1 2018-03-24T09:00:04-07:00 PC-newman.jerry.land EvntSLog - - - The system call to get account information completed. CN=PC-NEWMAN,CN=Computers,DC=jerry,DC=land The call completed in 0 milliseconds."}
{"_path":"syslog","_write_ts":"2018-03-24T17:16:13.687367Z","ts":"2018-03-24T17:16:13.687367Z","uid":"CTDoHcxsI20hhvY75","id.orig_h":"10.47.22.80","id.orig_p":51899,"id.resp_h":"10.47.2.153","id.resp_p":514,"proto":"udp","facility":"LOCAL0","severity":"INFO","message":"1 2018-03-24T09:00:04-07:00 PC-newman.jerry.land EvntSLog - - - Retrieved account information."}
{"_path":"syslog","_write_ts":"2018-03-24T17:16:13.687369Z","ts":"2018-03-24T17:16:13.687369Z","uid":"CTDoHcxsI20hhvY75","id.orig_h":"10.47.22.80","id.orig_p":51899,"id.resp_h":"10.47.2.153","id.resp_p":514,"proto":"udp","facility":"LOCAL0","severity":"INFO","message":"1 2018-03-24T09:00:04-07:00 PC-newman.jerry.land EvntSLog - - - Retrieved account information."}
{"_path":"syslog","_write_ts":"2018-03-24T17:16:13.687371Z","ts":"2018-03-24T17:16:13.687371Z","uid":"CTDoHcxsI20hhvY75","id.orig_h":"10.47.22.80","id.orig_p":51899,"id.resp_h":"10.47.2.153","id.resp_p":514,"proto":"udp","facility":"LOCAL0","severity":"INFO","message":"1 2018-03-24T09:00:04-07:00 PC-newman.jerry.land EvntSLog - - - Retrieved account information."}
{"_path":"syslog","_write_ts":"2018-03-24T17:16:13.687373Z","ts":"2018-03-24T17:16:13.687373Z","uid":"CTDoHcxsI20hhvY75","id.orig_h":"10.47.22.80","id.orig_p":51899,"id.resp_h":"10.47.2.153","id.resp_p":514,"proto":"udp","facility":"LOCAL0","severity":"INFO","message":"1 2018-03-24T09:00:04-07:00 PC-newman.jerry.land EvntSLog - - - Retrieved account information."}
{"_path":"syslog","_write_ts":"2018-03-24T17:16:13.697460Z","ts":"2018-03-24T17:16:13.697460Z","uid":"CTDoHcxsI20hhvY75","id.orig_h":"10.47.22.80","id.orig_p":51899,"id.resp_h":"10.47.2.153","id.resp_p":514,"proto":"udp","facility":"LOCAL0","severity":"INFO","message":"1 2018-03-24T09:00:04-07:00 PC-newman.jerry.land EvntSLog - - - Group Policy is trying to discover the Domain Controller information."}
{"_path":"syslog","_write_ts":"2018-03-24T17:16:13.697462Z","ts":"2018-03-24T17:16:13.697462Z","uid":"CTDoHcxsI20hhvY75","id.orig_h":"10.47.22.80","id.orig_p":51899,"id.resp_h":"10.47.2.153","id.resp_p":514,"proto":"udp","facility":"LOCAL0","severity":"INFO","message":"1 2018-03-24T09:00:04-07:00 PC-newman.jerry.land EvntSLog - - - Group Policy is trying to discover the Domain Controller information."}
{"_path":"syslog","_write_ts":"2018-03-24T17:16:13.697464Z","ts":"2018-03-24T17:16:13.697464Z","uid":"CTDoHcxsI20hhvY75","id.orig_h":"10.47.22.80","id.orig_p":51899,"id.resp_h":"10.47.2.153","id.resp_p":514,"proto":"udp","facility":"LOCAL0","severity":"INFO","message":"1 2018-03-24T09:00:04-07:00 PC-newman.jerry.land EvntSLog - - - Group Policy is trying to discover the Domain Controller information."}
{"_path":"syslog","_write_ts":"2018-03-24T17:16:13.697465Z","ts":"2018-03-24T17:16:13.697465Z","uid":"CTDoHcxsI20hhvY75","id.orig_h":"10.47.22.80","id.orig_p":51899,"id.resp_h":"10.47.2.153","id.resp_p":514,"proto":"udp","facility":"LOCAL0","severity":"INFO","message":"1 2018-03-24T09:00:04-07:00 PC-newman.jerry.land EvntSLog - - - Group Policy is trying to discover the Domain Controller information."}
{"_path":"syslog","_write_ts":"2018-03-24T17:16:13.705346Z","ts":"2018-03-24T17:16:13.705346Z","uid":"CTDoHcxsI20hhvY75","id.orig_h":"10.47.22.80","id.orig_p":51899,"id.resp_h":"10.47.2.153","id.resp_p":514,"proto":"udp","facility":"LOCAL0","severity":"INFO","message":"1 2018-03-24T09:00:04-07:00 PC-newman.jerry.land EvntSLog - - - Retrieving Domain Controller details."}
{"_path":"syslog","_write_ts":"2018-03-24T17:16:13.705348Z","ts":"2018-03-24T17:16:13.705348Z","uid":"CTDoHcxsI20hhvY75","id.orig_h":"10.47.22.80","id.orig_p":51899,"id.resp_h":"10.47.2.153","id.resp_p":514,"proto":"udp","facility":"LOCAL0","severity":"INFO","message":"1 2018-03-24T09:00:04-07:00 PC-newman.jerry.land EvntSLog - - - Retrieving Domain Controller details."}
{"_path":"syslog","_write_ts":"2018-03-24T17:16:13.705350Z","ts":"2018-03-24T17:16:13.705350Z","uid":"CTDoHcxsI20hhvY75","id.orig_h":"10.47.22.80","id.orig_p":51899,"id.resp_h":"10.47.2.153","id.resp_p":514,"proto":"udp","facility":"LOCAL0","severity":"INFO","message":"1 2018-03-24T09:00:04-07:00 PC-newman.jerry.land EvntSLog - - - Retrieving Domain Controller details."}
{"_path":"syslog","_write_ts":"2018-03-24T17:16:13.705353Z","ts":"2018-03-24T17:16:13.705353Z","uid":"CTDoHcxsI20hhvY75","id.orig_h":"10.47.22.80","id.orig_p":51899,"id.resp_h":"10.47.2.153","id.resp_p":514,"proto":"udp","facility":"LOCAL0","severity":"INFO","message":"1 2018-03-24T09:00:04-07:00 PC-newman.jerry.land EvntSLog - - - Retrieving Domain Controller details."}
{"_path":"syslog","_write_ts":"2018-03-24T17:16:14.002414Z","ts":"2018-03-24T17:16:14.002414Z","uid":"ClIW0K7GCQpzzKukf","id.orig_h":"10.47.22.25","id.orig_p":58947,"id.resp_h":"10.47.2.153","id.resp_p":514,"proto":"udp","facility":"LOCAL0","severity":"NOTICE","message":"1 2018-03-24T09:00:04-07:00 Kramer.jerry.land EvntSLog - - - An account was successfully logged on. Subject: Security ID: S-1-0-0 Account Name: - Account Domain: - Logon ID: 0x0 Logon Type: 3 New Logon: Security ID: S-1-5-21-1311969832-1707640848-2310541705-1103 Account Name: PC-NEWMAN$ Account Domain: JERRY Logon ID: 0x3bae18e Logon GUID: {5A560C7E-8226-6202-7F53-34D7E8678A47} Process Information: Process ID: 0x0 Process Name: - Network Information: Workstation Name: Source Network Address: 172.20.0.80 Source Port: 50141 Detailed Authentication Information: Logon Process: Kerberos Authentication Package: Kerberos Transited Services: - Package Name (NTLM only): - Key Length: 0 This event is generated when a logon session is created. It is generated on the computer that was accessed. The subject fields indicate the account on the local system which requested the logon. This is most commonly a service such as the Server service, or a local process such as Winlogon.exe or Services.exe. The logon type field indicates the kind of logon that occurred. The most common types are 2 (interactive) and 3 (network). The New Logon fields indicate the account for whom the new logon was created, i.e. the account that was logged on. The network fields indicate where a remote logon request originated. Workstation name is not always available and may be left blank in some cases. The authentication information fields provide detailed information about this specific logon request. - Logon GUID is a unique identifier that can be used to correlate this event with a KDC event. - Transited services indicate which intermediate services have participated in this logon request. - Package name indicates which sub-protocol was used among the NTLM protocols. - Key length indicates the length of the generated session key. This will be 0 if no session key was requested."}
{"_path":"syslog","_write_ts":"2018-03-24T17:16:14.002419Z","ts":"2018-03-24T17:16:14.002419Z","uid":"ClIW0K7GCQpzzKukf","id.orig_h":"10.47.22.25","id.orig_p":58947,"id.resp_h":"10.47.2.153","id.resp_p":514,"proto":"udp","facility":"LOCAL0","severity":"NOTICE","message":"1 2018-03-24T09:00:04-07:00 Kramer.jerry.land EvntSLog - - - An account was successfully logged on. Subject: Security ID: S-1-0-0 Account Name: - Account Domain: - Logon ID: 0x0 Logon Type: 3 New Logon: Security ID: S-1-5-21-1311969832-1707640848-2310541705-1103 Account Name: PC-NEWMAN$ Account Domain: JERRY Logon ID: 0x3bae18e Logon GUID: {5A560C7E-8226-6202-7F53-34D7E8678A47} Process Information: Process ID: 0x0 Process Name: - Network Information: Workstation Name: Source Network Address: 172.20.0.80 Source Port: 50141 Detailed Authentication Information: Logon Process: Kerberos Authentication Package: Kerberos Transited Services: - Package Name (NTLM only): - Key Length: 0 This event is generated when a logon session is created. It is generated on the computer that was accessed. The subject fields indicate the account on the local system which requested the logon. This is most commonly a service such as the Server service, or a local process such as Winlogon.exe or Services.exe. The logon type field indicates the kind of logon that occurred. The most common types are 2 (interactive) and 3 (network). The New Logon fields indicate the account for whom the new logon was created, i.e. the account that was logged on. The network fields indicate where a remote logon request originated. Workstation name is not always available and may be left blank in some cases. The authentication information fields provide detailed information about this specific logon request. - Logon GUID is a unique identifier that can be used to correlate this event with a KDC event. - Transited services indicate which intermediate services have participated in this logon request. - Package name indicates which sub-protocol was used among the NTLM protocols. - Key length indicates the length of the generated session key. This will be 0 if no session key was requested."}
