{"_path":"syslog","_write_ts":"2018-03-24T17:31:32.771528Z","ts":"2018-03-24T17:31:32.771528Z","uid":"CG9T461KV0VLPWsrch","id.orig_h":"10.47.22.25","id.orig_p":58947,"id.resp_h":"10.47.2.153","id.resp_p":514,"proto":"udp","facility":"LOCAL0","severity":"NOTICE","message":"1 2018-03-24T09:15:23-07:00 Kramer.jerry.land EvntSLog - - - An account was successfully logged on. Subject: Security ID: S-1-0-0 Account Name: - Account Domain: - Logon ID: 0x0 Logon Type: 3 New Logon: Security ID: S-1-5-18 Account Name: KRAMER$ Account Domain: JERRY Logon ID: 0x3c9d372 Logon GUID: {8A226FDA-FE88-F8FC-B6A3-39969F997F6A} Process Information: Process ID: 0x0 Process Name: - Network Information: Workstation Name: Source Network Address: ::1 Source Port: 0 Detailed Authentication Information: Logon Process: Kerberos Authentication Package: Kerberos Transited Services: - Package Name (NTLM only): - Key Length: 0 This event is generated when a logon session is created. It is generated on the computer that was accessed. The subject fields indicate the account on the local system which requested the logon. This is most commonly a service such as the Server service, or a local process such as Winlogon.exe or Services.exe. The logon type field indicates the kind of logon that occurred. The most common types are 2 (interactive) and 3 (network). The New Logon fields indicate the account for whom the new logon was created, i.e. the account that was logged on. The network fields indicate where a remote logon request originated. Workstation name is not always available and may be left blank in some cases. The authentication information fields provide detailed information about this specific logon request. - Logon GUID is a unique identifier that can be used to correlate this event with a KDC event. - Transited services indicate which intermediate services have participated in this logon request. - Package name indicates which sub-protocol was used among the NTLM protocols. - Key length indicates the length of the generated session key. This will be 0 if no session key was requested."}
{"_path":"syslog","_write_ts":"2018-03-24T17:31:32.771635Z","ts":"2018-03-24T17:31:32.771635Z","uid":"CG9T461KV0VLPWsrch","id.orig_h":"10.47.22.25","id.orig_p":58947,"id.resp_h":"10.47.2.153","id.resp_p":514,"proto":"udp","facility":"LOCAL0","severity":"NOTICE","message":"1 2018-03-24T09:15:23-07:00 Kramer.jerry.land EvntSLog - - - An account was successfully logged on. Subject: Security ID: S-1-0-0 Account Name: - Account Domain: - Logon ID: 0x0 Logon Type: 3 New Logon: Security ID: S-1-5-18 Account Name: KRAMER$ Account Domain: JERRY Logon ID: 0x3c9d372 Logon GUID: {8A226FDA-FE88-F8FC-B6A3-39969F997F6A} Process Information: Process ID: 0x0 Process Name: - Network Information: Workstation Name: Source Network Address: ::1 Source Port: 0 Detailed Authentication Information: Logon Process: Kerberos Authentication Package: Kerberos Transited Services: - Package Name (NTLM only): - Key Length: 0 This event is generated when a logon session is created. It is generated on the computer that was accessed. The subject fields indicate the account on the local system which requested the logon. This is most commonly a service such as the Server service, or a local process such as Winlogon.exe or Services.exe. The logon type field indicates the kind of logon that occurred. The most common types are 2 (interactive) and 3 (network). The New Logon fields indicate the account for whom the new logon was created, i.e. the account that was logged on. The network fields indicate where a remote logon request originated. Workstation name is not always available and may be left blank in some cases. The authentication information fields provide detailed information about this specific logon request. - Logon GUID is a unique identifier that can be used to correlate this event with a KDC event. - Transited services indicate which intermediate services have participated in this logon request. - Package name indicates which sub-protocol was used among the NTLM protocols. - Key length indicates the length of the generated session key. This will be 0 if no session key was requested."}
{"_path":"syslog","_write_ts":"2018-03-24T17:31:32.771639Z","ts":"2018-03-24T17:31:32.771639Z","uid":"CG9T461KV0VLPWsrch","id.orig_h":"10.47.22.25","id.orig_p":58947,"id.resp_h":"10.47.2.153","id.resp_p":514,"proto":"udp","facility":"LOCAL0","severity":"NOTICE","message":"1 2018-03-24T09:15:23-07:00 Kramer.jerry.land EvntSLog - - - An account was successfully logged on. Subject: Security ID: S-1-0-0 Account Name: - Account Domain: - Logon ID: 0x0 Logon Type: 3 New Logon: Security ID: S-1-5-18 Account Name: KRAMER$ Account Domain: JERRY Logon ID: 0x3c9d372 Logon GUID: {8A226FDA-FE88-F8FC-B6A3-39969F997F6A} Process Information: Process ID: 0x0 Process Name: - Network Information: Workstation Name: Source Network Address: ::1 Source Port: 0 Detailed Authentication Information: Logon Process: Kerberos Authentication Package: Kerberos Transited Services: - Package Name (NTLM only): - Key Length: 0 This event is generated when a logon session is created. It is generated on the computer that was accessed. The subject fields indicate the account on the local system which requested the logon. This is most commonly a service such as the Server service, or a local process such as Winlogon.exe or Services.exe. The logon type field indicates the kind of logon that occurred. The most common types are 2 (interactive) and 3 (network). The New Logon fields indicate the account for whom the new logon was created, i.e. the account that was logged on. The network fields indicate where a remote logon request originated. Workstation name is not always available and may be left blank in some cases. The authentication information fields provide detailed information about this specific logon request. - Logon GUID is a unique identifier that can be used to correlate this event with a KDC event. - Transited services indicate which intermediate services have participated in this logon request. - Package name indicates which sub-protocol was used among the NTLM protocols. - Key length indicates the length of the generated session key. This will be 0 if no session key was requested."}
{"_path":"syslog","_write_ts":"2018-03-24T17:31:32.786120Z","ts":"2018-03-24T17:31:32.786120Z","uid":"CG9T461KV0VLPWsrch","id.orig_h":"10.47.22.25","id.orig_p":58947,"id.resp_h":"10.47.2.153","id.resp_p":514,"proto":"udp","facility":"LOCAL0","severity":"INFO","message":"1 2018-03-24T09:15:23-07:00 Kramer.jerry.land EvntSLog - - - Computer details: Computer role : 3 Network name : "}
{"_path":"syslog","_write_ts":"2018-03-24T17:31:32.786124Z","ts":"2018-03-24T17:31:32.786124Z","uid":"CG9T461KV0VLPWsrch","id.orig_h":"10.47.22.25","id.orig_p":58947,"id.resp_h":"10.47.2.153","id.resp_p":514,"proto":"udp","facility":"LOCAL0","severity":"INFO","message":"1 2018-03-24T09:15:23-07:00 Kramer.jerry.land EvntSLog - - - Computer details: Computer role : 3 Network name : "}
{"_path":"syslog","_write_ts":"2018-03-24T17:31:32.786128Z","ts":"2018-03-24T17:31:32.786128Z","uid":"CG9T461KV0VLPWsrch","id.orig_h":"10.47.22.25","id.orig_p":58947,"id.resp_h":"10.47.2.153","id.resp_p":514,"proto":"udp","facility":"LOCAL0","severity":"INFO","message":"1 2018-03-24T09:15:23-07:00 Kramer.jerry.land EvntSLog - - - Computer details: Computer role : 3 Network name : "}
{"_path":"syslog","_write_ts":"2018-03-24T17:31:32.786132Z","ts":"2018-03-24T17:31:32.786132Z","uid":"CG9T461KV0VLPWsrch","id.orig_h":"10.47.22.25","id.orig_p":58947,"id.resp_h":"10.47.2.153","id.resp_p":514,"proto":"udp","facility":"LOCAL0","severity":"INFO","message":"1 2018-03-24T09:15:23-07:00 Kramer.jerry.land EvntSLog - - - Computer details: Computer role : 3 Network name : "}
{"_path":"syslog","_write_ts":"2018-03-24T17:31:32.786136Z","ts":"2018-03-24T17:31:32.786136Z","uid":"CG9T461KV0VLPWsrch","id.orig_h":"10.47.22.25","id.orig_p":58947,"id.resp_h":"10.47.2.153","id.resp_p":514,"proto":"udp","facility":"LOCAL0","severity":"NOTICE","message":"1 2018-03-24T09:15:23-07:00 Kramer.jerry.land EvntSLog - - - Special privileges assigned to new logon. Subject: Security ID: S-1-5-18 Account Name: KRAMER$ Account Domain: JERRY Logon ID: 0x3c9d3c0 Privileges: SeSecurityPrivilege SeBackupPrivilege SeRestorePrivilege SeTakeOwnershipPrivilege SeDebugPrivilege SeSystemEnvironmentPrivilege SeLoadDriverPrivilege SeImpersonatePrivilege SeEnableDelegationPrivilege"}
{"_path":"syslog","_write_ts":"2018-03-24T17:31:32.786138Z","ts":"2018-03-24T17:31:32.786138Z","uid":"CG9T461KV0VLPWsrch","id.orig_h":"10.47.22.25","id.orig_p":58947,"id.resp_h":"10.47.2.153","id.resp_p":514,"proto":"udp","facility":"LOCAL0","severity":"NOTICE","message":"1 2018-03-24T09:15:23-07:00 Kramer.jerry.land EvntSLog - - - Special privileges assigned to new logon. Subject: Security ID: S-1-5-18 Account Name: KRAMER$ Account Domain: JERRY Logon ID: 0x3c9d3c0 Privileges: SeSecurityPrivilege SeBackupPrivilege SeRestorePrivilege SeTakeOwnershipPrivilege SeDebugPrivilege SeSystemEnvironmentPrivilege SeLoadDriverPrivilege SeImpersonatePrivilege SeEnableDelegationPrivilege"}
{"_path":"syslog","_write_ts":"2018-03-24T17:31:32.786175Z","ts":"2018-03-24T17:31:32.786175Z","uid":"CG9T461KV0VLPWsrch","id.orig_h":"10.47.22.25","id.orig_p":58947,"id.resp_h":"10.47.2.153","id.resp_p":514,"proto":"udp","facility":"LOCAL0","severity":"NOTICE","message":"1 2018-03-24T09:15:23-07:00 Kramer.jerry.land EvntSLog - - - Special privileges assigned to new logon. Subject: Security ID: S-1-5-18 Account Name: KRAMER$ Account Domain: JERRY Logon ID: 0x3c9d3c0 Privileges: SeSecurityPrivilege SeBackupPrivilege SeRestorePrivilege SeTakeOwnershipPrivilege SeDebugPrivilege SeSystemEnvironmentPrivilege SeLoadDriverPrivilege SeImpersonatePrivilege SeEnableDelegationPrivilege"}
{"_path":"syslog","_write_ts":"2018-03-24T17:31:32.786179Z","ts":"2018-03-24T17:31:32.786179Z","uid":"CG9T461KV0VLPWsrch","id.orig_h":"10.47.22.25","id.orig_p":58947,"id.resp_h":"10.47.2.153","id.resp_p":514,"proto":"udp","facility":"LOCAL0","severity":"NOTICE","message":"1 2018-03-24T09:15:23-07:00 Kramer.jerry.land EvntSLog - - - Special privileges assigned to new logon. Subject: Security ID: S-1-5-18 Account Name: KRAMER$ Account Domain: JERRY Logon ID: 0x3c9d3c0 Privileges: SeSecurityPrivilege SeBackupPrivilege SeRestorePrivilege SeTakeOwnershipPrivilege SeDebugPrivilege SeSystemEnvironmentPrivilege SeLoadDriverPrivilege SeImpersonatePrivilege SeEnableDelegationPrivilege"}
{"_path":"syslog","_write_ts":"2018-03-24T17:31:32.803735Z","ts":"2018-03-24T17:31:32.803735Z","uid":"CG9T461KV0VLPWsrch","id.orig_h":"10.47.22.25","id.orig_p":58947,"id.resp_h":"10.47.2.153","id.resp_p":514,"proto":"udp","facility":"LOCAL0","severity":"INFO","message":"1 2018-03-24T09:15:23-07:00 Kramer.jerry.land EvntSLog - - - Account details: Account Name : CN=KRAMER,OU=Domain Controllers,DC=jerry,DC=land Account Domain Name : jerry.land DC Name : \\\\Kramer.jerry.land DC Domain Name : jerry.land"}
{"_path":"syslog","_write_ts":"2018-03-24T17:31:32.803737Z","ts":"2018-03-24T17:31:32.803737Z","uid":"CG9T461KV0VLPWsrch","id.orig_h":"10.47.22.25","id.orig_p":58947,"id.resp_h":"10.47.2.153","id.resp_p":514,"proto":"udp","facility":"LOCAL0","severity":"INFO","message":"1 2018-03-24T09:15:23-07:00 Kramer.jerry.land EvntSLog - - - Account details: Account Name : CN=KRAMER,OU=Domain Controllers,DC=jerry,DC=land Account Domain Name : jerry.land DC Name : \\\\Kramer.jerry.land DC Domain Name : jerry.land"}
{"_path":"syslog","_write_ts":"2018-03-24T17:31:32.803738Z","ts":"2018-03-24T17:31:32.803738Z","uid":"CG9T461KV0VLPWsrch","id.orig_h":"10.47.22.25","id.orig_p":58947,"id.resp_h":"10.47.2.153","id.resp_p":514,"proto":"udp","facility":"LOCAL0","severity":"INFO","message":"1 2018-03-24T09:15:23-07:00 Kramer.jerry.land EvntSLog - - - Account details: Account Name : CN=KRAMER,OU=Domain Controllers,DC=jerry,DC=land Account Domain Name : jerry.land DC Name : \\\\Kramer.jerry.land DC Domain Name : jerry.land"}
{"_path":"syslog","_write_ts":"2018-03-24T17:31:32.803740Z","ts":"2018-03-24T17:31:32.803740Z","uid":"CG9T461KV0VLPWsrch","id.orig_h":"10.47.22.25","id.orig_p":58947,"id.resp_h":"10.47.2.153","id.resp_p":514,"proto":"udp","facility":"LOCAL0","severity":"INFO","message":"1 2018-03-24T09:15:23-07:00 Kramer.jerry.land EvntSLog - - - Account details: Account Name : CN=KRAMER,OU=Domain Controllers,DC=jerry,DC=land Account Domain Name : jerry.land DC Name : \\\\Kramer.jerry.land DC Domain Name : jerry.land"}
{"_path":"syslog","_write_ts":"2018-03-24T17:31:32.804307Z","ts":"2018-03-24T17:31:32.804307Z","uid":"CG9T461KV0VLPWsrch","id.orig_h":"10.47.22.25","id.orig_p":58947,"id.resp_h":"10.47.2.153","id.resp_p":514,"proto":"udp","facility":"LOCAL0","severity":"NOTICE","message":"1 2018-03-24T09:15:23-07:00 Kramer.jerry.land EvntSLog - - - An account was successfully logged on. Subject: Security ID: S-1-0-0 Account Name: - Account Domain: - Logon ID: 0x0 Logon Type: 3 New Logon: Security ID: S-1-5-18 Account Name: KRAMER$ Account Domain: JERRY Logon ID: 0x3c9d3c0 Logon GUID: {8A226FDA-FE88-F8FC-B6A3-39969F997F6A} Process Information: Process ID: 0x0 Process Name: - Network Information: Workstation Name: Source Network Address: 172.20.0.25 Source Port: 49409 Detailed Authentication Information: Logon Process: Kerberos Authentication Package: Kerberos Transited Services: - Package Name (NTLM only): - Key Length: 0 This event is generated when a logon session is created. It is generated on the computer that was accessed. The subject fields indicate the account on the local system which requested the logon. This is most commonly a service such as the Server service, or a local process such as Winlogon.exe or Services.exe. The logon type field indicates the kind of logon that occurred. The most common types are 2 (interactive) and 3 (network). The New Logon fields indicate the account for whom the new logon was created, i.e. the account that was logged on. The network fields indicate where a remote logon request originated. Workstation name is not always available and may be left blank in some cases. The authentication information fields provide detailed information about this specific logon request. - Logon GUID is a unique identifier that can be used to correlate this event with a KDC event. - Transited services indicate which intermediate services have participated in this logon request. - Package name indicates which sub-protocol was used among the NTLM protocols. - Key length indicates the length of the generated session key. This will be 0 if no session key was requested."}
{"_path":"syslog","_write_ts":"2018-03-24T17:31:32.804310Z","ts":"2018-03-24T17:31:32.804310Z","uid":"CG9T461KV0VLPWsrch","id.orig_h":"10.47.22.25","id.orig_p":58947,"id.resp_h":"10.47.2.153","id.resp_p":514,"proto":"udp","facility":"LOCAL0","severity":"NOTICE","message":"1 2018-03-24T09:15:23-07:00 Kramer.jerry.land EvntSLog - - - An account was successfully logged on. Subject: Security ID: S-1-0-0 Account Name: - Account Domain: - Logon ID: 0x0 Logon Type: 3 New Logon: Security ID: S-1-5-18 Account Name: KRAMER$ Account Domain: JERRY Logon ID: 0x3c9d3c0 Logon GUID: {8A226FDA-FE88-F8FC-B6A3-39969F997F6A} Process Information: Process ID: 0x0 Process Name: - Network Information: Workstation Name: Source Network Address: 172.20.0.25 Source Port: 49409 Detailed Authentication Information: Logon Process: Kerberos Authentication Package: Kerberos Transited Services: - Package Name (NTLM only): - Key Length: 0 This event is generated when a logon session is created. It is generated on the computer that was accessed. The subject fields indicate the account on the local system which requested the logon. This is most commonly a service such as the Server service, or a local process such as Winlogon.exe or Services.exe. The logon type field indicates the kind of logon that occurred. The most common types are 2 (interactive) and 3 (network). The New Logon fields indicate the account for whom the new logon was created, i.e. the account that was logged on. The network fields indicate where a remote logon request originated. Workstation name is not always available and may be left blank in some cases. The authentication information fields provide detailed information about this specific logon request. - Logon GUID is a unique identifier that can be used to correlate this event with a KDC event. - Transited services indicate which intermediate services have participated in this logon request. - Package name indicates which sub-protocol was used among the NTLM protocols. - Key length indicates the length of the generated session key. This will be 0 if no session key was requested."}
{"_path":"syslog","_write_ts":"2018-03-24T17:31:32.804384Z","ts":"2018-03-24T17:31:32.804384Z","uid":"CG9T461KV0VLPWsrch","id.orig_h":"10.47.22.25","id.orig_p":58947,"id.resp_h":"10.47.2.153","id.resp_p":514,"proto":"udp","facility":"LOCAL0","severity":"NOTICE","message":"1 2018-03-24T09:15:23-07:00 Kramer.jerry.land EvntSLog - - - An account was successfully logged on. Subject: Security ID: S-1-0-0 Account Name: - Account Domain: - Logon ID: 0x0 Logon Type: 3 New Logon: Security ID: S-1-5-18 Account Name: KRAMER$ Account Domain: JERRY Logon ID: 0x3c9d3c0 Logon GUID: {8A226FDA-FE88-F8FC-B6A3-39969F997F6A} Process Information: Process ID: 0x0 Process Name: - Network Information: Workstation Name: Source Network Address: 172.20.0.25 Source Port: 49409 Detailed Authentication Information: Logon Process: Kerberos Authentication Package: Kerberos Transited Services: - Package Name (NTLM only): - Key Length: 0 This event is generated when a logon session is created. It is generated on the computer that was accessed. The subject fields indicate the account on the local system which requested the logon. This is most commonly a service such as the Server service, or a local process such as Winlogon.exe or Services.exe. The logon type field indicates the kind of logon that occurred. The most common types are 2 (interactive) and 3 (network). The New Logon fields indicate the account for whom the new logon was created, i.e. the account that was logged on. The network fields indicate where a remote logon request originated. Workstation name is not always available and may be left blank in some cases. The authentication information fields provide detailed information about this specific logon request. - Logon GUID is a unique identifier that can be used to correlate this event with a KDC event. - Transited services indicate which intermediate services have participated in this logon request. - Package name indicates which sub-protocol was used among the NTLM protocols. - Key length indicates the length of the generated session key. This will be 0 if no session key was requested."}
{"_path":"syslog","_write_ts":"2018-03-24T17:31:32.804390Z","ts":"2018-03-24T17:31:32.804390Z","uid":"CG9T461KV0VLPWsrch","id.orig_h":"10.47.22.25","id.orig_p":58947,"id.resp_h":"10.47.2.153","id.resp_p":514,"proto":"udp","facility":"LOCAL0","severity":"NOTICE","message":"1 2018-03-24T09:15:23-07:00 Kramer.jerry.land EvntSLog - - - An account was successfully logged on. Subject: Security ID: S-1-0-0 Account Name: - Account Domain: - Logon ID: 0x0 Logon Type: 3 New Logon: Security ID: S-1-5-18 Account Name: KRAMER$ Account Domain: JERRY Logon ID: 0x3c9d3c0 Logon GUID: {8A226FDA-FE88-F8FC-B6A3-39969F997F6A} Process Information: Process ID: 0x0 Process Name: - Network Information: Workstation Name: Source Network Address: 172.20.0.25 Source Port: 49409 Detailed Authentication Information: Logon Process: Kerberos Authentication Package: Kerberos Transited Services: - Package Name (NTLM only): - Key Length: 0 This event is generated when a logon session is created. It is generated on the computer that was accessed. The subject fields indicate the account on the local system which requested the logon. This is most commonly a service such as the Server service, or a local process such as Winlogon.exe or Services.exe. The logon type field indicates the kind of logon that occurred. The most common types are 2 (interactive) and 3 (network). The New Logon fields indicate the account for whom the new logon was created, i.e. the account that was logged on. The network fields indicate where a remote logon request originated. Workstation name is not always available and may be left blank in some cases. The authentication information fields provide detailed information about this specific logon request. - Logon GUID is a unique identifier that can be used to correlate this event with a KDC event. - Transited services indicate which intermediate services have participated in this logon request. - Package name indicates which sub-protocol was used among the NTLM protocols. - Key length indicates the length of the generated session key. This will be 0 if no session key was requested."}
{"_path":"syslog","_write_ts":"2018-03-24T17:31:32.817455Z","ts":"2018-03-24T17:31:32.817455Z","uid":"CG9T461KV0VLPWsrch","id.orig_h":"10.47.22.25","id.orig_p":58947,"id.resp_h":"10.47.2.153","id.resp_p":514,"proto":"udp","facility":"LOCAL0","severity":"INFO","message":"1 2018-03-24T09:15:23-07:00 Kramer.jerry.land EvntSLog - - - The loopback policy processing mode is \"No loopback mode\"."}
{"_path":"syslog","_write_ts":"2018-03-24T17:31:32.817458Z","ts":"2018-03-24T17:31:32.817458Z","uid":"CG9T461KV0VLPWsrch","id.orig_h":"10.47.22.25","id.orig_p":58947,"id.resp_h":"10.47.2.153","id.resp_p":514,"proto":"udp","facility":"LOCAL0","severity":"INFO","message":"1 2018-03-24T09:15:23-07:00 Kramer.jerry.land EvntSLog - - - The loopback policy processing mode is \"No loopback mode\"."}
{"_path":"syslog","_write_ts":"2018-03-24T17:31:32.817460Z","ts":"2018-03-24T17:31:32.817460Z","uid":"CG9T461KV0VLPWsrch","id.orig_h":"10.47.22.25","id.orig_p":58947,"id.resp_h":"10.47.2.153","id.resp_p":514,"proto":"udp","facility":"LOCAL0","severity":"INFO","message":"1 2018-03-24T09:15:23-07:00 Kramer.jerry.land EvntSLog - - - The loopback policy processing mode is \"No loopback mode\"."}
{"_path":"syslog","_write_ts":"2018-03-24T17:31:32.817462Z","ts":"2018-03-24T17:31:32.817462Z","uid":"CG9T461KV0VLPWsrch","id.orig_h":"10.47.22.25","id.orig_p":58947,"id.resp_h":"10.47.2.153","id.resp_p":514,"proto":"udp","facility":"LOCAL0","severity":"INFO","message":"1 2018-03-24T09:15:23-07:00 Kramer.jerry.land EvntSLog - - - The loopback policy processing mode is \"No loopback mode\"."}
{"_path":"syslog","_write_ts":"2018-03-24T17:31:32.817813Z","ts":"2018-03-24T17:31:32.817813Z","uid":"CG9T461KV0VLPWsrch","id.orig_h":"10.47.22.25","id.orig_p":58947,"id.resp_h":"10.47.2.153","id.resp_p":514,"proto":"udp","facility":"LOCAL0","severity":"NOTICE","message":"1 2018-03-24T09:15:23-07:00 Kramer.jerry.land EvntSLog - - - A Kerberos service ticket was requested. Account Information: Account Name: KRAMER$@JERRY.LAND Account Domain: JERRY.LAND Logon GUID: {74175AA6-90CA-0CF7-9B08-B57ECC60A042} Service Information: Service Name: krbtgt Service ID: S-1-5-21-1311969832-1707640848-2310541705-502 Network Information: Client Address: ::1 Client Port: 0 Additional Information: Ticket Options: 0x60810010 Ticket Encryption Type: 0x17 Failure Code: 0x0 Transited Services: - This event is generated every time access is requested to a resource such as a computer or a Windows service. The service name indicates the resource to which access was requested. This event can be correlated with Windows logon events by comparing the Logon GUID fields in each event. The logon event occurs on the machine that was accessed, which is often a different machine than the domain controller which issued the service ticket. Ticket options, encryption types, and failure codes are defined in RFC 4120."}
{"_path":"syslog","_write_ts":"2018-03-24T17:31:32.817817Z","ts":"2018-03-24T17:31:32.817817Z","uid":"CG9T461KV0VLPWsrch","id.orig_h":"10.47.22.25","id.orig_p":58947,"id.resp_h":"10.47.2.153","id.resp_p":514,"proto":"udp","facility":"LOCAL0","severity":"NOTICE","message":"1 2018-03-24T09:15:23-07:00 Kramer.jerry.land EvntSLog - - - A Kerberos service ticket was requested. Account Information: Account Name: KRAMER$@JERRY.LAND Account Domain: JERRY.LAND Logon GUID: {74175AA6-90CA-0CF7-9B08-B57ECC60A042} Service Information: Service Name: krbtgt Service ID: S-1-5-21-1311969832-1707640848-2310541705-502 Network Information: Client Address: ::1 Client Port: 0 Additional Information: Ticket Options: 0x60810010 Ticket Encryption Type: 0x17 Failure Code: 0x0 Transited Services: - This event is generated every time access is requested to a resource such as a computer or a Windows service. The service name indicates the resource to which access was requested. This event can be correlated with Windows logon events by comparing the Logon GUID fields in each event. The logon event occurs on the machine that was accessed, which is often a different machine than the domain controller which issued the service ticket. Ticket options, encryption types, and failure codes are defined in RFC 4120."}
{"_path":"syslog","_write_ts":"2018-03-24T17:31:32.817819Z","ts":"2018-03-24T17:31:32.817819Z","uid":"CG9T461KV0VLPWsrch","id.orig_h":"10.47.22.25","id.orig_p":58947,"id.resp_h":"10.47.2.153","id.resp_p":514,"proto":"udp","facility":"LOCAL0","severity":"NOTICE","message":"1 2018-03-24T09:15:23-07:00 Kramer.jerry.land EvntSLog - - - A Kerberos service ticket was requested. Account Information: Account Name: KRAMER$@JERRY.LAND Account Domain: JERRY.LAND Logon GUID: {74175AA6-90CA-0CF7-9B08-B57ECC60A042} Service Information: Service Name: krbtgt Service ID: S-1-5-21-1311969832-1707640848-2310541705-502 Network Information: Client Address: ::1 Client Port: 0 Additional Information: Ticket Options: 0x60810010 Ticket Encryption Type: 0x17 Failure Code: 0x0 Transited Services: - This event is generated every time access is requested to a resource such as a computer or a Windows service. The service name indicates the resource to which access was requested. This event can be correlated with Windows logon events by comparing the Logon GUID fields in each event. The logon event occurs on the machine that was accessed, which is often a different machine than the domain controller which issued the service ticket. Ticket options, encryption types, and failure codes are defined in RFC 4120."}
{"_path":"syslog","_write_ts":"2018-03-24T17:31:32.817821Z","ts":"2018-03-24T17:31:32.817821Z","uid":"CG9T461KV0VLPWsrch","id.orig_h":"10.47.22.25","id.orig_p":58947,"id.resp_h":"10.47.2.153","id.resp_p":514,"proto":"udp","facility":"LOCAL0","severity":"NOTICE","message":"1 2018-03-24T09:15:23-07:00 Kramer.jerry.land EvntSLog - - - A Kerberos service ticket was requested. Account Information: Account Name: KRAMER$@JERRY.LAND Account Domain: JERRY.LAND Logon GUID: {74175AA6-90CA-0CF7-9B08-B57ECC60A042} Service Information: Service Name: krbtgt Service ID: S-1-5-21-1311969832-1707640848-2310541705-502 Network Information: Client Address: ::1 Client Port: 0 Additional Information: Ticket Options: 0x60810010 Ticket Encryption Type: 0x17 Failure Code: 0x0 Transited Services: - This event is generated every time access is requested to a resource such as a computer or a Windows service. The service name indicates the resource to which access was requested. This event can be correlated with Windows logon events by comparing the Logon GUID fields in each event. The logon event occurs on the machine that was accessed, which is often a different machine than the domain controller which issued the service ticket. Ticket options, encryption types, and failure codes are defined in RFC 4120."}
{"_path":"syslog","_write_ts":"2018-03-24T17:31:32.834718Z","ts":"2018-03-24T17:31:32.834718Z","uid":"CG9T461KV0VLPWsrch","id.orig_h":"10.47.22.25","id.orig_p":58947,"id.resp_h":"10.47.2.153","id.resp_p":514,"proto":"udp","facility":"LOCAL0","severity":"INFO","message":"1 2018-03-24T09:15:23-07:00 Kramer.jerry.land EvntSLog - - - Making system calls to access specified file. \\\\jerry.land\\sysvol\\jerry.land\\Policies\\{31B2F340-016D-11D2-945F-00C04FB984F9}\\gpt.ini"}
{"_path":"syslog","_write_ts":"2018-03-24T17:31:32.834721Z","ts":"2018-03-24T17:31:32.834721Z","uid":"CG9T461KV0VLPWsrch","id.orig_h":"10.47.22.25","id.orig_p":58947,"id.resp_h":"10.47.2.153","id.resp_p":514,"proto":"udp","facility":"LOCAL0","severity":"INFO","message":"1 2018-03-24T09:15:23-07:00 Kramer.jerry.land EvntSLog - - - Making system calls to access specified file. \\\\jerry.land\\sysvol\\jerry.land\\Policies\\{31B2F340-016D-11D2-945F-00C04FB984F9}\\gpt.ini"}
{"_path":"syslog","_write_ts":"2018-03-24T17:31:32.834723Z","ts":"2018-03-24T17:31:32.834723Z","uid":"CG9T461KV0VLPWsrch","id.orig_h":"10.47.22.25","id.orig_p":58947,"id.resp_h":"10.47.2.153","id.resp_p":514,"proto":"udp","facility":"LOCAL0","severity":"INFO","message":"1 2018-03-24T09:15:23-07:00 Kramer.jerry.land EvntSLog - - - Making system calls to access specified file. \\\\jerry.land\\sysvol\\jerry.land\\Policies\\{31B2F340-016D-11D2-945F-00C04FB984F9}\\gpt.ini"}
{"_path":"syslog","_write_ts":"2018-03-24T17:31:32.834725Z","ts":"2018-03-24T17:31:32.834725Z","uid":"CG9T461KV0VLPWsrch","id.orig_h":"10.47.22.25","id.orig_p":58947,"id.resp_h":"10.47.2.153","id.resp_p":514,"proto":"udp","facility":"LOCAL0","severity":"INFO","message":"1 2018-03-24T09:15:23-07:00 Kramer.jerry.land EvntSLog - - - Making system calls to access specified file. \\\\jerry.land\\sysvol\\jerry.land\\Policies\\{31B2F340-016D-11D2-945F-00C04FB984F9}\\gpt.ini"}
{"_path":"syslog","_write_ts":"2018-03-24T17:31:32.835017Z","ts":"2018-03-24T17:31:32.835017Z","uid":"CG9T461KV0VLPWsrch","id.orig_h":"10.47.22.25","id.orig_p":58947,"id.resp_h":"10.47.2.153","id.resp_p":514,"proto":"udp","facility":"LOCAL0","severity":"NOTICE","message":"1 2018-03-24T09:15:23-07:00 Kramer.jerry.land EvntSLog - - - Special privileges assigned to new logon. Subject: Security ID: S-1-5-18 Account Name: KRAMER$ Account Domain: JERRY Logon ID: 0x3c9d3f3 Privileges: SeSecurityPrivilege SeBackupPrivilege SeRestorePrivilege SeTakeOwnershipPrivilege SeDebugPrivilege SeSystemEnvironmentPrivilege SeLoadDriverPrivilege SeImpersonatePrivilege SeEnableDelegationPrivilege"}
{"_path":"syslog","_write_ts":"2018-03-24T17:31:32.835021Z","ts":"2018-03-24T17:31:32.835021Z","uid":"CG9T461KV0VLPWsrch","id.orig_h":"10.47.22.25","id.orig_p":58947,"id.resp_h":"10.47.2.153","id.resp_p":514,"proto":"udp","facility":"LOCAL0","severity":"NOTICE","message":"1 2018-03-24T09:15:23-07:00 Kramer.jerry.land EvntSLog - - - Special privileges assigned to new logon. Subject: Security ID: S-1-5-18 Account Name: KRAMER$ Account Domain: JERRY Logon ID: 0x3c9d3f3 Privileges: SeSecurityPrivilege SeBackupPrivilege SeRestorePrivilege SeTakeOwnershipPrivilege SeDebugPrivilege SeSystemEnvironmentPrivilege SeLoadDriverPrivilege SeImpersonatePrivilege SeEnableDelegationPrivilege"}
{"_path":"syslog","_write_ts":"2018-03-24T17:31:32.835023Z","ts":"2018-03-24T17:31:32.835023Z","uid":"CG9T461KV0VLPWsrch","id.orig_h":"10.47.22.25","id.orig_p":58947,"id.resp_h":"10.47.2.153","id.resp_p":514,"proto":"udp","facility":"LOCAL0","severity":"NOTICE","message":"1 2018-03-24T09:15:23-07:00 Kramer.jerry.land EvntSLog - - - Special privileges assigned to new logon. Subject: Security ID: S-1-5-18 Account Name: KRAMER$ Account Domain: JERRY Logon ID: 0x3c9d3f3 Privileges: SeSecurityPrivilege SeBackupPrivilege SeRestorePrivilege SeTakeOwnershipPrivilege SeDebugPrivilege SeSystemEnvironmentPrivilege SeLoadDriverPrivilege SeImpersonatePrivilege SeEnableDelegationPrivilege"}
{"_path":"syslog","_write_ts":"2018-03-24T17:31:32.835025Z","ts":"2018-03-24T17:31:32.835025Z","uid":"CG9T461KV0VLPWsrch","id.orig_h":"10.47.22.25","id.orig_p":58947,"id.resp_h":"10.47.2.153","id.resp_p":514,"proto":"udp","facility":"LOCAL0","severity":"NOTICE","message":"1 2018-03-24T09:15:23-07:00 Kramer.jerry.land EvntSLog - - - Special privileges assigned to new logon. Subject: Security ID: S-1-5-18 Account Name: KRAMER$ Account Domain: JERRY Logon ID: 0x3c9d3f3 Privileges: SeSecurityPrivilege SeBackupPrivilege SeRestorePrivilege SeTakeOwnershipPrivilege SeDebugPrivilege SeSystemEnvironmentPrivilege SeLoadDriverPrivilege SeImpersonatePrivilege SeEnableDelegationPrivilege"}
{"_path":"syslog","_write_ts":"2018-03-24T17:31:32.849295Z","ts":"2018-03-24T17:31:32.849295Z","uid":"CG9T461KV0VLPWsrch","id.orig_h":"10.47.22.25","id.orig_p":58947,"id.resp_h":"10.47.2.153","id.resp_p":514,"proto":"udp","facility":"LOCAL0","severity":"INFO","message":"1 2018-03-24T09:15:23-07:00 Kramer.jerry.land EvntSLog - - - The system calls to access specified file completed. \\\\jerry.land\\sysvol\\jerry.land\\Policies\\{31B2F340-016D-11D2-945F-00C04FB984F9}\\gpt.ini The call completed in 125 milliseconds."}
{"_path":"syslog","_write_ts":"2018-03-24T17:31:32.849299Z","ts":"2018-03-24T17:31:32.849299Z","uid":"CG9T461KV0VLPWsrch","id.orig_h":"10.47.22.25","id.orig_p":58947,"id.resp_h":"10.47.2.153","id.resp_p":514,"proto":"udp","facility":"LOCAL0","severity":"INFO","message":"1 2018-03-24T09:15:23-07:00 Kramer.jerry.land EvntSLog - - - The system calls to access specified file completed. \\\\jerry.land\\sysvol\\jerry.land\\Policies\\{31B2F340-016D-11D2-945F-00C04FB984F9}\\gpt.ini The call completed in 125 milliseconds."}
{"_path":"syslog","_write_ts":"2018-03-24T17:31:32.849301Z","ts":"2018-03-24T17:31:32.849301Z","uid":"CG9T461KV0VLPWsrch","id.orig_h":"10.47.22.25","id.orig_p":58947,"id.resp_h":"10.47.2.153","id.resp_p":514,"proto":"udp","facility":"LOCAL0","severity":"INFO","message":"1 2018-03-24T09:15:23-07:00 Kramer.jerry.land EvntSLog - - - The system calls to access specified file completed. \\\\jerry.land\\sysvol\\jerry.land\\Policies\\{31B2F340-016D-11D2-945F-00C04FB984F9}\\gpt.ini The call completed in 125 milliseconds."}
{"_path":"syslog","_write_ts":"2018-03-24T17:31:32.849303Z","ts":"2018-03-24T17:31:32.849303Z","uid":"CG9T461KV0VLPWsrch","id.orig_h":"10.47.22.25","id.orig_p":58947,"id.resp_h":"10.47.2.153","id.resp_p":514,"proto":"udp","facility":"LOCAL0","severity":"INFO","message":"1 2018-03-24T09:15:23-07:00 Kramer.jerry.land EvntSLog - - - The system calls to access specified file completed. \\\\jerry.land\\sysvol\\jerry.land\\Policies\\{31B2F340-016D-11D2-945F-00C04FB984F9}\\gpt.ini The call completed in 125 milliseconds."}
{"_path":"syslog","_write_ts":"2018-03-24T17:31:32.850048Z","ts":"2018-03-24T17:31:32.850048Z","uid":"CG9T461KV0VLPWsrch","id.orig_h":"10.47.22.25","id.orig_p":58947,"id.resp_h":"10.47.2.153","id.resp_p":514,"proto":"udp","facility":"LOCAL0","severity":"NOTICE","message":"1 2018-03-24T09:15:23-07:00 Kramer.jerry.land EvntSLog - - - An account was successfully logged on. Subject: Security ID: S-1-0-0 Account Name: - Account Domain: - Logon ID: 0x0 Logon Type: 3 New Logon: Security ID: S-1-5-18 Account Name: KRAMER$ Account Domain: JERRY Logon ID: 0x3c9d3f3 Logon GUID: {3CDA3321-6B83-0DB5-0F99-4AA9FC563A93} Process Information: Process ID: 0x0 Process Name: - Network Information: Workstation Name: Source Network Address: ::1 Source Port: 49410 Detailed Authentication Information: Logon Process: Kerberos Authentication Package: Kerberos Transited Services: - Package Name (NTLM only): - Key Length: 0 This event is generated when a logon session is created. It is generated on the computer that was accessed. The subject fields indicate the account on the local system which requested the logon. This is most commonly a service such as the Server service, or a local process such as Winlogon.exe or Services.exe. The logon type field indicates the kind of logon that occurred. The most common types are 2 (interactive) and 3 (network). The New Logon fields indicate the account for whom the new logon was created, i.e. the account that was logged on. The network fields indicate where a remote logon request originated. Workstation name is not always available and may be left blank in some cases. The authentication information fields provide detailed information about this specific logon request. - Logon GUID is a unique identifier that can be used to correlate this event with a KDC event. - Transited services indicate which intermediate services have participated in this logon request. - Package name indicates which sub-protocol was used among the NTLM protocols. - Key length indicates the length of the generated session key. This will be 0 if no session key was requested."}
{"_path":"syslog","_write_ts":"2018-03-24T17:31:32.850052Z","ts":"2018-03-24T17:31:32.850052Z","uid":"CG9T461KV0VLPWsrch","id.orig_h":"10.47.22.25","id.orig_p":58947,"id.resp_h":"10.47.2.153","id.resp_p":514,"proto":"udp","facility":"LOCAL0","severity":"NOTICE","message":"1 2018-03-24T09:15:23-07:00 Kramer.jerry.land EvntSLog - - - An account was successfully logged on. Subject: Security ID: S-1-0-0 Account Name: - Account Domain: - Logon ID: 0x0 Logon Type: 3 New Logon: Security ID: S-1-5-18 Account Name: KRAMER$ Account Domain: JERRY Logon ID: 0x3c9d3f3 Logon GUID: {3CDA3321-6B83-0DB5-0F99-4AA9FC563A93} Process Information: Process ID: 0x0 Process Name: - Network Information: Workstation Name: Source Network Address: ::1 Source Port: 49410 Detailed Authentication Information: Logon Process: Kerberos Authentication Package: Kerberos Transited Services: - Package Name (NTLM only): - Key Length: 0 This event is generated when a logon session is created. It is generated on the computer that was accessed. The subject fields indicate the account on the local system which requested the logon. This is most commonly a service such as the Server service, or a local process such as Winlogon.exe or Services.exe. The logon type field indicates the kind of logon that occurred. The most common types are 2 (interactive) and 3 (network). The New Logon fields indicate the account for whom the new logon was created, i.e. the account that was logged on. The network fields indicate where a remote logon request originated. Workstation name is not always available and may be left blank in some cases. The authentication information fields provide detailed information about this specific logon request. - Logon GUID is a unique identifier that can be used to correlate this event with a KDC event. - Transited services indicate which intermediate services have participated in this logon request. - Package name indicates which sub-protocol was used among the NTLM protocols. - Key length indicates the length of the generated session key. This will be 0 if no session key was requested."}
{"_path":"syslog","_write_ts":"2018-03-24T17:31:32.850147Z","ts":"2018-03-24T17:31:32.850147Z","uid":"CG9T461KV0VLPWsrch","id.orig_h":"10.47.22.25","id.orig_p":58947,"id.resp_h":"10.47.2.153","id.resp_p":514,"proto":"udp","facility":"LOCAL0","severity":"NOTICE","message":"1 2018-03-24T09:15:23-07:00 Kramer.jerry.land EvntSLog - - - An account was successfully logged on. Subject: Security ID: S-1-0-0 Account Name: - Account Domain: - Logon ID: 0x0 Logon Type: 3 New Logon: Security ID: S-1-5-18 Account Name: KRAMER$ Account Domain: JERRY Logon ID: 0x3c9d3f3 Logon GUID: {3CDA3321-6B83-0DB5-0F99-4AA9FC563A93} Process Information: Process ID: 0x0 Process Name: - Network Information: Workstation Name: Source Network Address: ::1 Source Port: 49410 Detailed Authentication Information: Logon Process: Kerberos Authentication Package: Kerberos Transited Services: - Package Name (NTLM only): - Key Length: 0 This event is generated when a logon session is created. It is generated on the computer that was accessed. The subject fields indicate the account on the local system which requested the logon. This is most commonly a service such as the Server service, or a local process such as Winlogon.exe or Services.exe. The logon type field indicates the kind of logon that occurred. The most common types are 2 (interactive) and 3 (network). The New Logon fields indicate the account for whom the new logon was created, i.e. the account that was logged on. The network fields indicate where a remote logon request originated. Workstation name is not always available and may be left blank in some cases. The authentication information fields provide detailed information about this specific logon request. - Logon GUID is a unique identifier that can be used to correlate this event with a KDC event. - Transited services indicate which intermediate services have participated in this logon request. - Package name indicates which sub-protocol was used among the NTLM protocols. - Key length indicates the length of the generated session key. This will be 0 if no session key was requested."}
{"_path":"syslog","_write_ts":"2018-03-24T17:31:32.850151Z","ts":"2018-03-24T17:31:32.850151Z","uid":"CG9T461KV0VLPWsrch","id.orig_h":"10.47.22.25","id.orig_p":58947,"id.resp_h":"10.47.2.153","id.resp_p":514,"proto":"udp","facility":"LOCAL0","severity":"NOTICE","message":"1 2018-03-24T09:15:23-07:00 Kramer.jerry.land EvntSLog - - - An account was successfully logged on. Subject: Security ID: S-1-0-0 Account Name: - Account Domain: - Logon ID: 0x0 Logon Type: 3 New Logon: Security ID: S-1-5-18 Account Name: KRAMER$ Account Domain: JERRY Logon ID: 0x3c9d3f3 Logon GUID: {3CDA3321-6B83-0DB5-0F99-4AA9FC563A93} Process Information: Process ID: 0x0 Process Name: - Network Information: Workstation Name: Source Network Address: ::1 Source Port: 49410 Detailed Authentication Information: Logon Process: Kerberos Authentication Package: Kerberos Transited Services: - Package Name (NTLM only): - Key Length: 0 This event is generated when a logon session is created. It is generated on the computer that was accessed. The subject fields indicate the account on the local system which requested the logon. This is most commonly a service such as the Server service, or a local process such as Winlogon.exe or Services.exe. The logon type field indicates the kind of logon that occurred. The most common types are 2 (interactive) and 3 (network). The New Logon fields indicate the account for whom the new logon was created, i.e. the account that was logged on. The network fields indicate where a remote logon request originated. Workstation name is not always available and may be left blank in some cases. The authentication information fields provide detailed information about this specific logon request. - Logon GUID is a unique identifier that can be used to correlate this event with a KDC event. - Transited services indicate which intermediate services have participated in this logon request. - Package name indicates which sub-protocol was used among the NTLM protocols. - Key length indicates the length of the generated session key. This will be 0 if no session key was requested."}
{"_path":"syslog","_write_ts":"2018-03-24T17:31:32.864401Z","ts":"2018-03-24T17:31:32.864401Z","uid":"CG9T461KV0VLPWsrch","id.orig_h":"10.47.22.25","id.orig_p":58947,"id.resp_h":"10.47.2.153","id.resp_p":514,"proto":"udp","facility":"LOCAL0","severity":"INFO","message":"1 2018-03-24T09:15:23-07:00 Kramer.jerry.land EvntSLog - - - Making system calls to access specified file. \\\\jerry.land\\sysvol\\jerry.land\\Policies\\{6AC1786C-016F-11D2-945F-00C04fB984F9}\\gpt.ini"}
{"_path":"syslog","_write_ts":"2018-03-24T17:31:32.864403Z","ts":"2018-03-24T17:31:32.864403Z","uid":"CG9T461KV0VLPWsrch","id.orig_h":"10.47.22.25","id.orig_p":58947,"id.resp_h":"10.47.2.153","id.resp_p":514,"proto":"udp","facility":"LOCAL0","severity":"INFO","message":"1 2018-03-24T09:15:23-07:00 Kramer.jerry.land EvntSLog - - - Making system calls to access specified file. \\\\jerry.land\\sysvol\\jerry.land\\Policies\\{6AC1786C-016F-11D2-945F-00C04fB984F9}\\gpt.ini"}
{"_path":"syslog","_write_ts":"2018-03-24T17:31:32.864405Z","ts":"2018-03-24T17:31:32.864405Z","uid":"CG9T461KV0VLPWsrch","id.orig_h":"10.47.22.25","id.orig_p":58947,"id.resp_h":"10.47.2.153","id.resp_p":514,"proto":"udp","facility":"LOCAL0","severity":"INFO","message":"1 2018-03-24T09:15:23-07:00 Kramer.jerry.land EvntSLog - - - Making system calls to access specified file. \\\\jerry.land\\sysvol\\jerry.land\\Policies\\{6AC1786C-016F-11D2-945F-00C04fB984F9}\\gpt.ini"}
{"_path":"syslog","_write_ts":"2018-03-24T17:31:32.864407Z","ts":"2018-03-24T17:31:32.864407Z","uid":"CG9T461KV0VLPWsrch","id.orig_h":"10.47.22.25","id.orig_p":58947,"id.resp_h":"10.47.2.153","id.resp_p":514,"proto":"udp","facility":"LOCAL0","severity":"INFO","message":"1 2018-03-24T09:15:23-07:00 Kramer.jerry.land EvntSLog - - - Making system calls to access specified file. \\\\jerry.land\\sysvol\\jerry.land\\Policies\\{6AC1786C-016F-11D2-945F-00C04fB984F9}\\gpt.ini"}
{"_path":"syslog","_write_ts":"2018-03-24T17:31:32.864899Z","ts":"2018-03-24T17:31:32.864899Z","uid":"CG9T461KV0VLPWsrch","id.orig_h":"10.47.22.25","id.orig_p":58947,"id.resp_h":"10.47.2.153","id.resp_p":514,"proto":"udp","facility":"LOCAL0","severity":"NOTICE","message":"1 2018-03-24T09:15:23-07:00 Kramer.jerry.land EvntSLog - - - An account was logged off. Subject: Security ID: S-1-5-18 Account Name: KRAMER$ Account Domain: JERRY Logon ID: 0x3c9d3c0 Logon Type: 3 This event is generated when a logon session is destroyed. It may be positively correlated with a logon event using the Logon ID value. Logon IDs are only unique between reboots on the same computer."}
{"_path":"syslog","_write_ts":"2018-03-24T17:31:32.864901Z","ts":"2018-03-24T17:31:32.864901Z","uid":"CG9T461KV0VLPWsrch","id.orig_h":"10.47.22.25","id.orig_p":58947,"id.resp_h":"10.47.2.153","id.resp_p":514,"proto":"udp","facility":"LOCAL0","severity":"NOTICE","message":"1 2018-03-24T09:15:23-07:00 Kramer.jerry.land EvntSLog - - - An account was logged off. Subject: Security ID: S-1-5-18 Account Name: KRAMER$ Account Domain: JERRY Logon ID: 0x3c9d3c0 Logon Type: 3 This event is generated when a logon session is destroyed. It may be positively correlated with a logon event using the Logon ID value. Logon IDs are only unique between reboots on the same computer."}
{"_path":"syslog","_write_ts":"2018-03-24T17:31:32.864906Z","ts":"2018-03-24T17:31:32.864906Z","uid":"CG9T461KV0VLPWsrch","id.orig_h":"10.47.22.25","id.orig_p":58947,"id.resp_h":"10.47.2.153","id.resp_p":514,"proto":"udp","facility":"LOCAL0","severity":"NOTICE","message":"1 2018-03-24T09:15:23-07:00 Kramer.jerry.land EvntSLog - - - An account was logged off. Subject: Security ID: S-1-5-18 Account Name: KRAMER$ Account Domain: JERRY Logon ID: 0x3c9d3c0 Logon Type: 3 This event is generated when a logon session is destroyed. It may be positively correlated with a logon event using the Logon ID value. Logon IDs are only unique between reboots on the same computer."}
{"_path":"syslog","_write_ts":"2018-03-24T17:31:32.864911Z","ts":"2018-03-24T17:31:32.864911Z","uid":"CG9T461KV0VLPWsrch","id.orig_h":"10.47.22.25","id.orig_p":58947,"id.resp_h":"10.47.2.153","id.resp_p":514,"proto":"udp","facility":"LOCAL0","severity":"NOTICE","message":"1 2018-03-24T09:15:23-07:00 Kramer.jerry.land EvntSLog - - - An account was logged off. Subject: Security ID: S-1-5-18 Account Name: KRAMER$ Account Domain: JERRY Logon ID: 0x3c9d3c0 Logon Type: 3 This event is generated when a logon session is destroyed. It may be positively correlated with a logon event using the Logon ID value. Logon IDs are only unique between reboots on the same computer."}
