{"_path":"syslog","_write_ts":"2018-03-24T17:21:24.382749Z","ts":"2018-03-24T17:21:24.382749Z","uid":"CBs8sZ2kIbw2QgSdy4","id.orig_h":"10.47.22.25","id.orig_p":58947,"id.resp_h":"10.47.2.153","id.resp_p":514,"proto":"udp","facility":"LOCAL0","severity":"INFO","message":"1 2018-03-24T09:05:14-07:00 Kramer.jerry.land EvntSLog - - - Making system calls to access specified file. \\\\jerry.land\\sysvol\\jerry.land\\Policies\\{31B2F340-016D-11D2-945F-00C04FB984F9}\\gpt.ini"}
{"_path":"syslog","_write_ts":"2018-03-24T17:21:24.382977Z","ts":"2018-03-24T17:21:24.382977Z","uid":"CBs8sZ2kIbw2QgSdy4","id.orig_h":"10.47.22.25","id.orig_p":58947,"id.resp_h":"10.47.2.153","id.resp_p":514,"proto":"udp","facility":"LOCAL0","severity":"NOTICE","message":"1 2018-03-24T09:05:14-07:00 Kramer.jerry.land EvntSLog - - - An account was logged off. Subject: Security ID: S-1-5-18 Account Name: KRAMER$ Account Domain: JERRY Logon ID: 0x3bd92a4 Logon Type: 3 This event is generated when a logon session is destroyed. It may be positively correlated with a logon event using the Logon ID value. Logon IDs are only unique between reboots on the same computer."}
{"_path":"syslog","_write_ts":"2018-03-24T17:21:24.479657Z","ts":"2018-03-24T17:21:24.479657Z","uid":"CBs8sZ2kIbw2QgSdy4","id.orig_h":"10.47.22.25","id.orig_p":58947,"id.resp_h":"10.47.2.153","id.resp_p":514,"proto":"udp","facility":"LOCAL0","severity":"INFO","message":"1 2018-03-24T09:05:14-07:00 Kramer.jerry.land EvntSLog - - - The system calls to access specified file completed. \\\\jerry.land\\sysvol\\jerry.land\\Policies\\{31B2F340-016D-11D2-945F-00C04FB984F9}\\gpt.ini The call completed in 63 milliseconds."}
{"_path":"syslog","_write_ts":"2018-03-24T17:21:24.479659Z","ts":"2018-03-24T17:21:24.479659Z","uid":"CBs8sZ2kIbw2QgSdy4","id.orig_h":"10.47.22.25","id.orig_p":58947,"id.resp_h":"10.47.2.153","id.resp_p":514,"proto":"udp","facility":"LOCAL0","severity":"INFO","message":"1 2018-03-24T09:05:14-07:00 Kramer.jerry.land EvntSLog - - - The system calls to access specified file completed. \\\\jerry.land\\sysvol\\jerry.land\\Policies\\{31B2F340-016D-11D2-945F-00C04FB984F9}\\gpt.ini The call completed in 63 milliseconds."}
{"_path":"syslog","_write_ts":"2018-03-24T17:21:24.479705Z","ts":"2018-03-24T17:21:24.479705Z","uid":"CBs8sZ2kIbw2QgSdy4","id.orig_h":"10.47.22.25","id.orig_p":58947,"id.resp_h":"10.47.2.153","id.resp_p":514,"proto":"udp","facility":"LOCAL0","severity":"INFO","message":"1 2018-03-24T09:05:14-07:00 Kramer.jerry.land EvntSLog - - - The system calls to access specified file completed. \\\\jerry.land\\sysvol\\jerry.land\\Policies\\{31B2F340-016D-11D2-945F-00C04FB984F9}\\gpt.ini The call completed in 63 milliseconds."}
{"_path":"syslog","_write_ts":"2018-03-24T17:21:24.479864Z","ts":"2018-03-24T17:21:24.479864Z","uid":"CBs8sZ2kIbw2QgSdy4","id.orig_h":"10.47.22.25","id.orig_p":58947,"id.resp_h":"10.47.2.153","id.resp_p":514,"proto":"udp","facility":"LOCAL0","severity":"INFO","message":"1 2018-03-24T09:05:14-07:00 Kramer.jerry.land EvntSLog - - - The system calls to access specified file completed. \\\\jerry.land\\sysvol\\jerry.land\\Policies\\{31B2F340-016D-11D2-945F-00C04FB984F9}\\gpt.ini The call completed in 63 milliseconds."}
{"_path":"syslog","_write_ts":"2018-03-24T17:21:24.488169Z","ts":"2018-03-24T17:21:24.488169Z","uid":"CBs8sZ2kIbw2QgSdy4","id.orig_h":"10.47.22.25","id.orig_p":58947,"id.resp_h":"10.47.2.153","id.resp_p":514,"proto":"udp","facility":"LOCAL0","severity":"INFO","message":"1 2018-03-24T09:05:14-07:00 Kramer.jerry.land EvntSLog - - - Making system calls to access specified file. \\\\jerry.land\\sysvol\\jerry.land\\Policies\\{6AC1786C-016F-11D2-945F-00C04fB984F9}\\gpt.ini"}
{"_path":"syslog","_write_ts":"2018-03-24T17:21:24.488173Z","ts":"2018-03-24T17:21:24.488173Z","uid":"CBs8sZ2kIbw2QgSdy4","id.orig_h":"10.47.22.25","id.orig_p":58947,"id.resp_h":"10.47.2.153","id.resp_p":514,"proto":"udp","facility":"LOCAL0","severity":"INFO","message":"1 2018-03-24T09:05:14-07:00 Kramer.jerry.land EvntSLog - - - Making system calls to access specified file. \\\\jerry.land\\sysvol\\jerry.land\\Policies\\{6AC1786C-016F-11D2-945F-00C04fB984F9}\\gpt.ini"}
{"_path":"syslog","_write_ts":"2018-03-24T17:21:24.488177Z","ts":"2018-03-24T17:21:24.488177Z","uid":"CBs8sZ2kIbw2QgSdy4","id.orig_h":"10.47.22.25","id.orig_p":58947,"id.resp_h":"10.47.2.153","id.resp_p":514,"proto":"udp","facility":"LOCAL0","severity":"INFO","message":"1 2018-03-24T09:05:14-07:00 Kramer.jerry.land EvntSLog - - - Making system calls to access specified file. \\\\jerry.land\\sysvol\\jerry.land\\Policies\\{6AC1786C-016F-11D2-945F-00C04fB984F9}\\gpt.ini"}
{"_path":"syslog","_write_ts":"2018-03-24T17:21:24.488652Z","ts":"2018-03-24T17:21:24.488652Z","uid":"CBs8sZ2kIbw2QgSdy4","id.orig_h":"10.47.22.25","id.orig_p":58947,"id.resp_h":"10.47.2.153","id.resp_p":514,"proto":"udp","facility":"LOCAL0","severity":"INFO","message":"1 2018-03-24T09:05:14-07:00 Kramer.jerry.land EvntSLog - - - Making system calls to access specified file. \\\\jerry.land\\sysvol\\jerry.land\\Policies\\{6AC1786C-016F-11D2-945F-00C04fB984F9}\\gpt.ini"}
{"_path":"syslog","_write_ts":"2018-03-24T17:21:24.504486Z","ts":"2018-03-24T17:21:24.504486Z","uid":"CBs8sZ2kIbw2QgSdy4","id.orig_h":"10.47.22.25","id.orig_p":58947,"id.resp_h":"10.47.2.153","id.resp_p":514,"proto":"udp","facility":"LOCAL0","severity":"INFO","message":"1 2018-03-24T09:05:14-07:00 Kramer.jerry.land EvntSLog - - - The system calls to access specified file completed. \\\\jerry.land\\sysvol\\jerry.land\\Policies\\{6AC1786C-016F-11D2-945F-00C04fB984F9}\\gpt.ini The call completed in 0 milliseconds."}
{"_path":"syslog","_write_ts":"2018-03-24T17:21:24.504491Z","ts":"2018-03-24T17:21:24.504491Z","uid":"CBs8sZ2kIbw2QgSdy4","id.orig_h":"10.47.22.25","id.orig_p":58947,"id.resp_h":"10.47.2.153","id.resp_p":514,"proto":"udp","facility":"LOCAL0","severity":"INFO","message":"1 2018-03-24T09:05:14-07:00 Kramer.jerry.land EvntSLog - - - The system calls to access specified file completed. \\\\jerry.land\\sysvol\\jerry.land\\Policies\\{6AC1786C-016F-11D2-945F-00C04fB984F9}\\gpt.ini The call completed in 0 milliseconds."}
{"_path":"syslog","_write_ts":"2018-03-24T17:21:24.504493Z","ts":"2018-03-24T17:21:24.504493Z","uid":"CBs8sZ2kIbw2QgSdy4","id.orig_h":"10.47.22.25","id.orig_p":58947,"id.resp_h":"10.47.2.153","id.resp_p":514,"proto":"udp","facility":"LOCAL0","severity":"INFO","message":"1 2018-03-24T09:05:14-07:00 Kramer.jerry.land EvntSLog - - - The system calls to access specified file completed. \\\\jerry.land\\sysvol\\jerry.land\\Policies\\{6AC1786C-016F-11D2-945F-00C04fB984F9}\\gpt.ini The call completed in 0 milliseconds."}
{"_path":"syslog","_write_ts":"2018-03-24T17:21:24.504495Z","ts":"2018-03-24T17:21:24.504495Z","uid":"CBs8sZ2kIbw2QgSdy4","id.orig_h":"10.47.22.25","id.orig_p":58947,"id.resp_h":"10.47.2.153","id.resp_p":514,"proto":"udp","facility":"LOCAL0","severity":"INFO","message":"1 2018-03-24T09:05:14-07:00 Kramer.jerry.land EvntSLog - - - The system calls to access specified file completed. \\\\jerry.land\\sysvol\\jerry.land\\Policies\\{6AC1786C-016F-11D2-945F-00C04fB984F9}\\gpt.ini The call completed in 0 milliseconds."}
{"_path":"syslog","_write_ts":"2018-03-24T17:21:24.520099Z","ts":"2018-03-24T17:21:24.520099Z","uid":"CBs8sZ2kIbw2QgSdy4","id.orig_h":"10.47.22.25","id.orig_p":58947,"id.resp_h":"10.47.2.153","id.resp_p":514,"proto":"udp","facility":"LOCAL0","severity":"INFO","message":"1 2018-03-24T09:05:14-07:00 Kramer.jerry.land EvntSLog - - - List of applicable Group Policy objects: Local Group Policy Default Domain Policy Default Domain Controllers Policy "}
{"_path":"syslog","_write_ts":"2018-03-24T17:21:24.520101Z","ts":"2018-03-24T17:21:24.520101Z","uid":"CBs8sZ2kIbw2QgSdy4","id.orig_h":"10.47.22.25","id.orig_p":58947,"id.resp_h":"10.47.2.153","id.resp_p":514,"proto":"udp","facility":"LOCAL0","severity":"INFO","message":"1 2018-03-24T09:05:14-07:00 Kramer.jerry.land EvntSLog - - - List of applicable Group Policy objects: Local Group Policy Default Domain Policy Default Domain Controllers Policy "}
{"_path":"syslog","_write_ts":"2018-03-24T17:21:24.520103Z","ts":"2018-03-24T17:21:24.520103Z","uid":"CBs8sZ2kIbw2QgSdy4","id.orig_h":"10.47.22.25","id.orig_p":58947,"id.resp_h":"10.47.2.153","id.resp_p":514,"proto":"udp","facility":"LOCAL0","severity":"INFO","message":"1 2018-03-24T09:05:14-07:00 Kramer.jerry.land EvntSLog - - - List of applicable Group Policy objects: Local Group Policy Default Domain Policy Default Domain Controllers Policy "}
{"_path":"syslog","_write_ts":"2018-03-24T17:21:24.520106Z","ts":"2018-03-24T17:21:24.520106Z","uid":"CBs8sZ2kIbw2QgSdy4","id.orig_h":"10.47.22.25","id.orig_p":58947,"id.resp_h":"10.47.2.153","id.resp_p":514,"proto":"udp","facility":"LOCAL0","severity":"INFO","message":"1 2018-03-24T09:05:14-07:00 Kramer.jerry.land EvntSLog - - - List of applicable Group Policy objects: Local Group Policy Default Domain Policy Default Domain Controllers Policy "}
{"_path":"syslog","_write_ts":"2018-03-24T17:21:24.534575Z","ts":"2018-03-24T17:21:24.534575Z","uid":"CBs8sZ2kIbw2QgSdy4","id.orig_h":"10.47.22.25","id.orig_p":58947,"id.resp_h":"10.47.2.153","id.resp_p":514,"proto":"udp","facility":"LOCAL0","severity":"INFO","message":"1 2018-03-24T09:05:14-07:00 Kramer.jerry.land EvntSLog - - - The following Group Policy objects were not applicable because they were filtered out : None"}
{"_path":"syslog","_write_ts":"2018-03-24T17:21:24.534576Z","ts":"2018-03-24T17:21:24.534576Z","uid":"CBs8sZ2kIbw2QgSdy4","id.orig_h":"10.47.22.25","id.orig_p":58947,"id.resp_h":"10.47.2.153","id.resp_p":514,"proto":"udp","facility":"LOCAL0","severity":"INFO","message":"1 2018-03-24T09:05:14-07:00 Kramer.jerry.land EvntSLog - - - The following Group Policy objects were not applicable because they were filtered out : None"}
{"_path":"syslog","_write_ts":"2018-03-24T17:21:24.534577Z","ts":"2018-03-24T17:21:24.534577Z","uid":"CBs8sZ2kIbw2QgSdy4","id.orig_h":"10.47.22.25","id.orig_p":58947,"id.resp_h":"10.47.2.153","id.resp_p":514,"proto":"udp","facility":"LOCAL0","severity":"INFO","message":"1 2018-03-24T09:05:14-07:00 Kramer.jerry.land EvntSLog - - - The following Group Policy objects were not applicable because they were filtered out : None"}
{"_path":"syslog","_write_ts":"2018-03-24T17:21:24.534578Z","ts":"2018-03-24T17:21:24.534578Z","uid":"CBs8sZ2kIbw2QgSdy4","id.orig_h":"10.47.22.25","id.orig_p":58947,"id.resp_h":"10.47.2.153","id.resp_p":514,"proto":"udp","facility":"LOCAL0","severity":"INFO","message":"1 2018-03-24T09:05:14-07:00 Kramer.jerry.land EvntSLog - - - The following Group Policy objects were not applicable because they were filtered out : None"}
{"_path":"syslog","_write_ts":"2018-03-24T17:21:26.300697Z","ts":"2018-03-24T17:21:26.300697Z","uid":"CBs8sZ2kIbw2QgSdy4","id.orig_h":"10.47.22.25","id.orig_p":58947,"id.resp_h":"10.47.2.153","id.resp_p":514,"proto":"udp","facility":"LOCAL0","severity":"INFO","message":"1 2018-03-24T09:05:16-07:00 Kramer.jerry.land EvntSLog - - - Estimated network bandwidth on one of the connections: 0 kbps."}
{"_path":"syslog","_write_ts":"2018-03-24T17:21:26.300701Z","ts":"2018-03-24T17:21:26.300701Z","uid":"CBs8sZ2kIbw2QgSdy4","id.orig_h":"10.47.22.25","id.orig_p":58947,"id.resp_h":"10.47.2.153","id.resp_p":514,"proto":"udp","facility":"LOCAL0","severity":"INFO","message":"1 2018-03-24T09:05:16-07:00 Kramer.jerry.land EvntSLog - - - Estimated network bandwidth on one of the connections: 0 kbps."}
{"_path":"syslog","_write_ts":"2018-03-24T17:21:26.300703Z","ts":"2018-03-24T17:21:26.300703Z","uid":"CBs8sZ2kIbw2QgSdy4","id.orig_h":"10.47.22.25","id.orig_p":58947,"id.resp_h":"10.47.2.153","id.resp_p":514,"proto":"udp","facility":"LOCAL0","severity":"INFO","message":"1 2018-03-24T09:05:16-07:00 Kramer.jerry.land EvntSLog - - - Estimated network bandwidth on one of the connections: 0 kbps."}
{"_path":"syslog","_write_ts":"2018-03-24T17:21:26.300704Z","ts":"2018-03-24T17:21:26.300704Z","uid":"CBs8sZ2kIbw2QgSdy4","id.orig_h":"10.47.22.25","id.orig_p":58947,"id.resp_h":"10.47.2.153","id.resp_p":514,"proto":"udp","facility":"LOCAL0","severity":"INFO","message":"1 2018-03-24T09:05:16-07:00 Kramer.jerry.land EvntSLog - - - Estimated network bandwidth on one of the connections: 0 kbps."}
{"_path":"syslog","_write_ts":"2018-03-24T17:21:26.300996Z","ts":"2018-03-24T17:21:26.300996Z","uid":"CBs8sZ2kIbw2QgSdy4","id.orig_h":"10.47.22.25","id.orig_p":58947,"id.resp_h":"10.47.2.153","id.resp_p":514,"proto":"udp","facility":"LOCAL0","severity":"NOTICE","message":"1 2018-03-24T09:05:16-07:00 Kramer.jerry.land EvntSLog - - - An account was logged off. Subject: Security ID: S-1-5-18 Account Name: KRAMER$ Account Domain: JERRY Logon ID: 0x3bd91e4 Logon Type: 3 This event is generated when a logon session is destroyed. It may be positively correlated with a logon event using the Logon ID value. Logon IDs are only unique between reboots on the same computer."}
{"_path":"syslog","_write_ts":"2018-03-24T17:21:26.301000Z","ts":"2018-03-24T17:21:26.301000Z","uid":"CBs8sZ2kIbw2QgSdy4","id.orig_h":"10.47.22.25","id.orig_p":58947,"id.resp_h":"10.47.2.153","id.resp_p":514,"proto":"udp","facility":"LOCAL0","severity":"NOTICE","message":"1 2018-03-24T09:05:16-07:00 Kramer.jerry.land EvntSLog - - - An account was logged off. Subject: Security ID: S-1-5-18 Account Name: KRAMER$ Account Domain: JERRY Logon ID: 0x3bd91e4 Logon Type: 3 This event is generated when a logon session is destroyed. It may be positively correlated with a logon event using the Logon ID value. Logon IDs are only unique between reboots on the same computer."}
{"_path":"syslog","_write_ts":"2018-03-24T17:21:26.301002Z","ts":"2018-03-24T17:21:26.301002Z","uid":"CBs8sZ2kIbw2QgSdy4","id.orig_h":"10.47.22.25","id.orig_p":58947,"id.resp_h":"10.47.2.153","id.resp_p":514,"proto":"udp","facility":"LOCAL0","severity":"NOTICE","message":"1 2018-03-24T09:05:16-07:00 Kramer.jerry.land EvntSLog - - - An account was logged off. Subject: Security ID: S-1-5-18 Account Name: KRAMER$ Account Domain: JERRY Logon ID: 0x3bd91e4 Logon Type: 3 This event is generated when a logon session is destroyed. It may be positively correlated with a logon event using the Logon ID value. Logon IDs are only unique between reboots on the same computer."}
{"_path":"syslog","_write_ts":"2018-03-24T17:21:26.301003Z","ts":"2018-03-24T17:21:26.301003Z","uid":"CBs8sZ2kIbw2QgSdy4","id.orig_h":"10.47.22.25","id.orig_p":58947,"id.resp_h":"10.47.2.153","id.resp_p":514,"proto":"udp","facility":"LOCAL0","severity":"NOTICE","message":"1 2018-03-24T09:05:16-07:00 Kramer.jerry.land EvntSLog - - - An account was logged off. Subject: Security ID: S-1-5-18 Account Name: KRAMER$ Account Domain: JERRY Logon ID: 0x3bd91e4 Logon Type: 3 This event is generated when a logon session is destroyed. It may be positively correlated with a logon event using the Logon ID value. Logon IDs are only unique between reboots on the same computer."}
{"_path":"syslog","_write_ts":"2018-03-24T17:21:26.314991Z","ts":"2018-03-24T17:21:26.314991Z","uid":"CBs8sZ2kIbw2QgSdy4","id.orig_h":"10.47.22.25","id.orig_p":58947,"id.resp_h":"10.47.2.153","id.resp_p":514,"proto":"udp","facility":"LOCAL0","severity":"INFO","message":"1 2018-03-24T09:05:16-07:00 Kramer.jerry.land EvntSLog - - - Estimated network bandwidth on one of the connections: 0 kbps."}
{"_path":"syslog","_write_ts":"2018-03-24T17:21:26.314995Z","ts":"2018-03-24T17:21:26.314995Z","uid":"CBs8sZ2kIbw2QgSdy4","id.orig_h":"10.47.22.25","id.orig_p":58947,"id.resp_h":"10.47.2.153","id.resp_p":514,"proto":"udp","facility":"LOCAL0","severity":"INFO","message":"1 2018-03-24T09:05:16-07:00 Kramer.jerry.land EvntSLog - - - Estimated network bandwidth on one of the connections: 0 kbps."}
{"_path":"syslog","_write_ts":"2018-03-24T17:21:26.314996Z","ts":"2018-03-24T17:21:26.314996Z","uid":"CBs8sZ2kIbw2QgSdy4","id.orig_h":"10.47.22.25","id.orig_p":58947,"id.resp_h":"10.47.2.153","id.resp_p":514,"proto":"udp","facility":"LOCAL0","severity":"INFO","message":"1 2018-03-24T09:05:16-07:00 Kramer.jerry.land EvntSLog - - - Estimated network bandwidth on one of the connections: 0 kbps."}
{"_path":"syslog","_write_ts":"2018-03-24T17:21:26.314998Z","ts":"2018-03-24T17:21:26.314998Z","uid":"CBs8sZ2kIbw2QgSdy4","id.orig_h":"10.47.22.25","id.orig_p":58947,"id.resp_h":"10.47.2.153","id.resp_p":514,"proto":"udp","facility":"LOCAL0","severity":"INFO","message":"1 2018-03-24T09:05:16-07:00 Kramer.jerry.land EvntSLog - - - Estimated network bandwidth on one of the connections: 0 kbps."}
{"_path":"syslog","_write_ts":"2018-03-24T17:21:26.329494Z","ts":"2018-03-24T17:21:26.329494Z","uid":"CBs8sZ2kIbw2QgSdy4","id.orig_h":"10.47.22.25","id.orig_p":58947,"id.resp_h":"10.47.2.153","id.resp_p":514,"proto":"udp","facility":"LOCAL0","severity":"INFO","message":"1 2018-03-24T09:05:16-07:00 Kramer.jerry.land EvntSLog - - - A fast link was detected. The Estimated bandwidth is 0 kbps. The slow link threshold is 500 kbps."}
{"_path":"syslog","_write_ts":"2018-03-24T17:21:26.329496Z","ts":"2018-03-24T17:21:26.329496Z","uid":"CBs8sZ2kIbw2QgSdy4","id.orig_h":"10.47.22.25","id.orig_p":58947,"id.resp_h":"10.47.2.153","id.resp_p":514,"proto":"udp","facility":"LOCAL0","severity":"INFO","message":"1 2018-03-24T09:05:16-07:00 Kramer.jerry.land EvntSLog - - - A fast link was detected. The Estimated bandwidth is 0 kbps. The slow link threshold is 500 kbps."}
{"_path":"syslog","_write_ts":"2018-03-24T17:21:26.329505Z","ts":"2018-03-24T17:21:26.329505Z","uid":"CBs8sZ2kIbw2QgSdy4","id.orig_h":"10.47.22.25","id.orig_p":58947,"id.resp_h":"10.47.2.153","id.resp_p":514,"proto":"udp","facility":"LOCAL0","severity":"INFO","message":"1 2018-03-24T09:05:16-07:00 Kramer.jerry.land EvntSLog - - - A fast link was detected. The Estimated bandwidth is 0 kbps. The slow link threshold is 500 kbps."}
{"_path":"syslog","_write_ts":"2018-03-24T17:21:26.329507Z","ts":"2018-03-24T17:21:26.329507Z","uid":"CBs8sZ2kIbw2QgSdy4","id.orig_h":"10.47.22.25","id.orig_p":58947,"id.resp_h":"10.47.2.153","id.resp_p":514,"proto":"udp","facility":"LOCAL0","severity":"INFO","message":"1 2018-03-24T09:05:16-07:00 Kramer.jerry.land EvntSLog - - - A fast link was detected. The Estimated bandwidth is 0 kbps. The slow link threshold is 500 kbps."}
{"_path":"syslog","_write_ts":"2018-03-24T17:21:26.344742Z","ts":"2018-03-24T17:21:26.344742Z","uid":"CBs8sZ2kIbw2QgSdy4","id.orig_h":"10.47.22.25","id.orig_p":58947,"id.resp_h":"10.47.2.153","id.resp_p":514,"proto":"udp","facility":"LOCAL0","severity":"INFO","message":"1 2018-03-24T09:05:16-07:00 Kramer.jerry.land EvntSLog - - - Checking for Group Policy client extensions that are not part of the system."}
{"_path":"syslog","_write_ts":"2018-03-24T17:21:26.344745Z","ts":"2018-03-24T17:21:26.344745Z","uid":"CBs8sZ2kIbw2QgSdy4","id.orig_h":"10.47.22.25","id.orig_p":58947,"id.resp_h":"10.47.2.153","id.resp_p":514,"proto":"udp","facility":"LOCAL0","severity":"INFO","message":"1 2018-03-24T09:05:16-07:00 Kramer.jerry.land EvntSLog - - - Checking for Group Policy client extensions that are not part of the system."}
{"_path":"syslog","_write_ts":"2018-03-24T17:21:26.344747Z","ts":"2018-03-24T17:21:26.344747Z","uid":"CBs8sZ2kIbw2QgSdy4","id.orig_h":"10.47.22.25","id.orig_p":58947,"id.resp_h":"10.47.2.153","id.resp_p":514,"proto":"udp","facility":"LOCAL0","severity":"INFO","message":"1 2018-03-24T09:05:16-07:00 Kramer.jerry.land EvntSLog - - - Checking for Group Policy client extensions that are not part of the system."}
{"_path":"syslog","_write_ts":"2018-03-24T17:21:26.344991Z","ts":"2018-03-24T17:21:26.344991Z","uid":"CBs8sZ2kIbw2QgSdy4","id.orig_h":"10.47.22.25","id.orig_p":58947,"id.resp_h":"10.47.2.153","id.resp_p":514,"proto":"udp","facility":"LOCAL0","severity":"INFO","message":"1 2018-03-24T09:05:16-07:00 Kramer.jerry.land EvntSLog - - - Checking for Group Policy client extensions that are not part of the system."}
{"_path":"syslog","_write_ts":"2018-03-24T17:21:26.360629Z","ts":"2018-03-24T17:21:26.360629Z","uid":"CBs8sZ2kIbw2QgSdy4","id.orig_h":"10.47.22.25","id.orig_p":58947,"id.resp_h":"10.47.2.153","id.resp_p":514,"proto":"udp","facility":"LOCAL0","severity":"INFO","message":"1 2018-03-24T09:05:16-07:00 Kramer.jerry.land EvntSLog - - - Service configuration update to standalone is not required and will be skipped."}
{"_path":"syslog","_write_ts":"2018-03-24T17:21:26.360632Z","ts":"2018-03-24T17:21:26.360632Z","uid":"CBs8sZ2kIbw2QgSdy4","id.orig_h":"10.47.22.25","id.orig_p":58947,"id.resp_h":"10.47.2.153","id.resp_p":514,"proto":"udp","facility":"LOCAL0","severity":"INFO","message":"1 2018-03-24T09:05:16-07:00 Kramer.jerry.land EvntSLog - - - Service configuration update to standalone is not required and will be skipped."}
{"_path":"syslog","_write_ts":"2018-03-24T17:21:26.360636Z","ts":"2018-03-24T17:21:26.360636Z","uid":"CBs8sZ2kIbw2QgSdy4","id.orig_h":"10.47.22.25","id.orig_p":58947,"id.resp_h":"10.47.2.153","id.resp_p":514,"proto":"udp","facility":"LOCAL0","severity":"INFO","message":"1 2018-03-24T09:05:16-07:00 Kramer.jerry.land EvntSLog - - - Service configuration update to standalone is not required and will be skipped."}
{"_path":"syslog","_write_ts":"2018-03-24T17:21:26.360638Z","ts":"2018-03-24T17:21:26.360638Z","uid":"CBs8sZ2kIbw2QgSdy4","id.orig_h":"10.47.22.25","id.orig_p":58947,"id.resp_h":"10.47.2.153","id.resp_p":514,"proto":"udp","facility":"LOCAL0","severity":"INFO","message":"1 2018-03-24T09:05:16-07:00 Kramer.jerry.land EvntSLog - - - Service configuration update to standalone is not required and will be skipped."}
{"_path":"syslog","_write_ts":"2018-03-24T17:21:26.376102Z","ts":"2018-03-24T17:21:26.376102Z","uid":"CBs8sZ2kIbw2QgSdy4","id.orig_h":"10.47.22.25","id.orig_p":58947,"id.resp_h":"10.47.2.153","id.resp_p":514,"proto":"udp","facility":"LOCAL0","severity":"INFO","message":"1 2018-03-24T09:05:16-07:00 Kramer.jerry.land EvntSLog - - - Finished checking for non-system extensions."}
{"_path":"syslog","_write_ts":"2018-03-24T17:21:26.376104Z","ts":"2018-03-24T17:21:26.376104Z","uid":"CBs8sZ2kIbw2QgSdy4","id.orig_h":"10.47.22.25","id.orig_p":58947,"id.resp_h":"10.47.2.153","id.resp_p":514,"proto":"udp","facility":"LOCAL0","severity":"INFO","message":"1 2018-03-24T09:05:16-07:00 Kramer.jerry.land EvntSLog - - - Finished checking for non-system extensions."}
{"_path":"syslog","_write_ts":"2018-03-24T17:21:26.376106Z","ts":"2018-03-24T17:21:26.376106Z","uid":"CBs8sZ2kIbw2QgSdy4","id.orig_h":"10.47.22.25","id.orig_p":58947,"id.resp_h":"10.47.2.153","id.resp_p":514,"proto":"udp","facility":"LOCAL0","severity":"INFO","message":"1 2018-03-24T09:05:16-07:00 Kramer.jerry.land EvntSLog - - - Finished checking for non-system extensions."}
{"_path":"syslog","_write_ts":"2018-03-24T17:21:26.376107Z","ts":"2018-03-24T17:21:26.376107Z","uid":"CBs8sZ2kIbw2QgSdy4","id.orig_h":"10.47.22.25","id.orig_p":58947,"id.resp_h":"10.47.2.153","id.resp_p":514,"proto":"udp","facility":"LOCAL0","severity":"INFO","message":"1 2018-03-24T09:05:16-07:00 Kramer.jerry.land EvntSLog - - - Finished checking for non-system extensions."}
{"_path":"syslog","_write_ts":"2018-03-24T17:21:26.391505Z","ts":"2018-03-24T17:21:26.391505Z","uid":"CBs8sZ2kIbw2QgSdy4","id.orig_h":"10.47.22.25","id.orig_p":58947,"id.resp_h":"10.47.2.153","id.resp_p":514,"proto":"udp","facility":"LOCAL0","severity":"INFO","message":"1 2018-03-24T09:05:16-07:00 Kramer.jerry.land EvntSLog - - - Completed periodic policy processing for computer JERRY\\KRAMER$ in 4 seconds."}
{"_path":"syslog","_write_ts":"2018-03-24T17:21:26.391507Z","ts":"2018-03-24T17:21:26.391507Z","uid":"CBs8sZ2kIbw2QgSdy4","id.orig_h":"10.47.22.25","id.orig_p":58947,"id.resp_h":"10.47.2.153","id.resp_p":514,"proto":"udp","facility":"LOCAL0","severity":"INFO","message":"1 2018-03-24T09:05:16-07:00 Kramer.jerry.land EvntSLog - - - Completed periodic policy processing for computer JERRY\\KRAMER$ in 4 seconds."}
{"_path":"syslog","_write_ts":"2018-03-24T17:21:26.391509Z","ts":"2018-03-24T17:21:26.391509Z","uid":"CBs8sZ2kIbw2QgSdy4","id.orig_h":"10.47.22.25","id.orig_p":58947,"id.resp_h":"10.47.2.153","id.resp_p":514,"proto":"udp","facility":"LOCAL0","severity":"INFO","message":"1 2018-03-24T09:05:16-07:00 Kramer.jerry.land EvntSLog - - - Completed periodic policy processing for computer JERRY\\KRAMER$ in 4 seconds."}
{"_path":"syslog","_write_ts":"2018-03-24T17:21:26.391511Z","ts":"2018-03-24T17:21:26.391511Z","uid":"CBs8sZ2kIbw2QgSdy4","id.orig_h":"10.47.22.25","id.orig_p":58947,"id.resp_h":"10.47.2.153","id.resp_p":514,"proto":"udp","facility":"LOCAL0","severity":"INFO","message":"1 2018-03-24T09:05:16-07:00 Kramer.jerry.land EvntSLog - - - Completed periodic policy processing for computer JERRY\\KRAMER$ in 4 seconds."}
{"_path":"syslog","_write_ts":"2018-03-24T17:21:26.407065Z","ts":"2018-03-24T17:21:26.407065Z","uid":"CBs8sZ2kIbw2QgSdy4","id.orig_h":"10.47.22.25","id.orig_p":58947,"id.resp_h":"10.47.2.153","id.resp_p":514,"proto":"udp","facility":"LOCAL0","severity":"INFO","message":"1 2018-03-24T09:05:16-07:00 Kramer.jerry.land EvntSLog - - - Next policy processing for JERRY\\KRAMER$ will be attempted in 5 minutes."}
{"_path":"syslog","_write_ts":"2018-03-24T17:21:26.407068Z","ts":"2018-03-24T17:21:26.407068Z","uid":"CBs8sZ2kIbw2QgSdy4","id.orig_h":"10.47.22.25","id.orig_p":58947,"id.resp_h":"10.47.2.153","id.resp_p":514,"proto":"udp","facility":"LOCAL0","severity":"INFO","message":"1 2018-03-24T09:05:16-07:00 Kramer.jerry.land EvntSLog - - - Next policy processing for JERRY\\KRAMER$ will be attempted in 5 minutes."}
{"_path":"syslog","_write_ts":"2018-03-24T17:21:26.407071Z","ts":"2018-03-24T17:21:26.407071Z","uid":"CBs8sZ2kIbw2QgSdy4","id.orig_h":"10.47.22.25","id.orig_p":58947,"id.resp_h":"10.47.2.153","id.resp_p":514,"proto":"udp","facility":"LOCAL0","severity":"INFO","message":"1 2018-03-24T09:05:16-07:00 Kramer.jerry.land EvntSLog - - - Next policy processing for JERRY\\KRAMER$ will be attempted in 5 minutes."}
{"_path":"syslog","_write_ts":"2018-03-24T17:21:26.407072Z","ts":"2018-03-24T17:21:26.407072Z","uid":"CBs8sZ2kIbw2QgSdy4","id.orig_h":"10.47.22.25","id.orig_p":58947,"id.resp_h":"10.47.2.153","id.resp_p":514,"proto":"udp","facility":"LOCAL0","severity":"INFO","message":"1 2018-03-24T09:05:16-07:00 Kramer.jerry.land EvntSLog - - - Next policy processing for JERRY\\KRAMER$ will be attempted in 5 minutes."}
{"_path":"syslog","_write_ts":"2018-03-24T17:22:10.915207Z","ts":"2018-03-24T17:22:10.915207Z","uid":"CBs8sZ2kIbw2QgSdy4","id.orig_h":"10.47.22.25","id.orig_p":58947,"id.resp_h":"10.47.2.153","id.resp_p":514,"proto":"udp","facility":"LOCAL0","severity":"NOTICE","message":"1 2018-03-24T09:06:01-07:00 Kramer.jerry.land EvntSLog - - - An account was logged off. Subject: Security ID: S-1-5-18 Account Name: KRAMER$ Account Domain: JERRY Logon ID: 0x3bca9c0 Logon Type: 3 This event is generated when a logon session is destroyed. It may be positively correlated with a logon event using the Logon ID value. Logon IDs are only unique between reboots on the same computer."}
{"_path":"syslog","_write_ts":"2018-03-24T17:22:10.915211Z","ts":"2018-03-24T17:22:10.915211Z","uid":"CBs8sZ2kIbw2QgSdy4","id.orig_h":"10.47.22.25","id.orig_p":58947,"id.resp_h":"10.47.2.153","id.resp_p":514,"proto":"udp","facility":"LOCAL0","severity":"NOTICE","message":"1 2018-03-24T09:06:01-07:00 Kramer.jerry.land EvntSLog - - - An account was logged off. Subject: Security ID: S-1-5-18 Account Name: KRAMER$ Account Domain: JERRY Logon ID: 0x3bca9c0 Logon Type: 3 This event is generated when a logon session is destroyed. It may be positively correlated with a logon event using the Logon ID value. Logon IDs are only unique between reboots on the same computer."}
{"_path":"syslog","_write_ts":"2018-03-24T17:22:10.915340Z","ts":"2018-03-24T17:22:10.915340Z","uid":"CBs8sZ2kIbw2QgSdy4","id.orig_h":"10.47.22.25","id.orig_p":58947,"id.resp_h":"10.47.2.153","id.resp_p":514,"proto":"udp","facility":"LOCAL0","severity":"NOTICE","message":"1 2018-03-24T09:06:01-07:00 Kramer.jerry.land EvntSLog - - - An account was logged off. Subject: Security ID: S-1-5-18 Account Name: KRAMER$ Account Domain: JERRY Logon ID: 0x3bca9c0 Logon Type: 3 This event is generated when a logon session is destroyed. It may be positively correlated with a logon event using the Logon ID value. Logon IDs are only unique between reboots on the same computer."}
{"_path":"syslog","_write_ts":"2018-03-24T17:22:10.915382Z","ts":"2018-03-24T17:22:10.915382Z","uid":"CBs8sZ2kIbw2QgSdy4","id.orig_h":"10.47.22.25","id.orig_p":58947,"id.resp_h":"10.47.2.153","id.resp_p":514,"proto":"udp","facility":"LOCAL0","severity":"NOTICE","message":"1 2018-03-24T09:06:01-07:00 Kramer.jerry.land EvntSLog - - - An account was logged off. Subject: Security ID: S-1-5-18 Account Name: KRAMER$ Account Domain: JERRY Logon ID: 0x3bca9c0 Logon Type: 3 This event is generated when a logon session is destroyed. It may be positively correlated with a logon event using the Logon ID value. Logon IDs are only unique between reboots on the same computer."}
{"_path":"syslog","_write_ts":"2018-03-24T17:22:30.197957Z","ts":"2018-03-24T17:22:30.197957Z","uid":"CBs8sZ2kIbw2QgSdy4","id.orig_h":"10.47.22.25","id.orig_p":58947,"id.resp_h":"10.47.2.153","id.resp_p":514,"proto":"udp","facility":"LOCAL0","severity":"NOTICE","message":"1 2018-03-24T09:06:20-07:00 Kramer.jerry.land EvntSLog - - - A Kerberos service ticket was requested. Account Information: Account Name: KRAMER$@JERRY.LAND Account Domain: JERRY.LAND Logon GUID: {713E9C41-8C09-2430-4550-9F1F4C94D858} Service Information: Service Name: krbtgt Service ID: S-1-5-21-1311969832-1707640848-2310541705-502 Network Information: Client Address: ::1 Client Port: 0 Additional Information: Ticket Options: 0x60810010 Ticket Encryption Type: 0x17 Failure Code: 0x0 Transited Services: - This event is generated every time access is requested to a resource such as a computer or a Windows service. The service name indicates the resource to which access was requested. This event can be correlated with Windows logon events by comparing the Logon GUID fields in each event. The logon event occurs on the machine that was accessed, which is often a different machine than the domain controller which issued the service ticket. Ticket options, encryption types, and failure codes are defined in RFC 4120."}
{"_path":"syslog","_write_ts":"2018-03-24T17:22:30.197961Z","ts":"2018-03-24T17:22:30.197961Z","uid":"CBs8sZ2kIbw2QgSdy4","id.orig_h":"10.47.22.25","id.orig_p":58947,"id.resp_h":"10.47.2.153","id.resp_p":514,"proto":"udp","facility":"LOCAL0","severity":"NOTICE","message":"1 2018-03-24T09:06:20-07:00 Kramer.jerry.land EvntSLog - - - A Kerberos service ticket was requested. Account Information: Account Name: KRAMER$@JERRY.LAND Account Domain: JERRY.LAND Logon GUID: {713E9C41-8C09-2430-4550-9F1F4C94D858} Service Information: Service Name: krbtgt Service ID: S-1-5-21-1311969832-1707640848-2310541705-502 Network Information: Client Address: ::1 Client Port: 0 Additional Information: Ticket Options: 0x60810010 Ticket Encryption Type: 0x17 Failure Code: 0x0 Transited Services: - This event is generated every time access is requested to a resource such as a computer or a Windows service. The service name indicates the resource to which access was requested. This event can be correlated with Windows logon events by comparing the Logon GUID fields in each event. The logon event occurs on the machine that was accessed, which is often a different machine than the domain controller which issued the service ticket. Ticket options, encryption types, and failure codes are defined in RFC 4120."}
{"_path":"syslog","_write_ts":"2018-03-24T17:22:30.197963Z","ts":"2018-03-24T17:22:30.197963Z","uid":"CBs8sZ2kIbw2QgSdy4","id.orig_h":"10.47.22.25","id.orig_p":58947,"id.resp_h":"10.47.2.153","id.resp_p":514,"proto":"udp","facility":"LOCAL0","severity":"NOTICE","message":"1 2018-03-24T09:06:20-07:00 Kramer.jerry.land EvntSLog - - - A Kerberos service ticket was requested. Account Information: Account Name: KRAMER$@JERRY.LAND Account Domain: JERRY.LAND Logon GUID: {713E9C41-8C09-2430-4550-9F1F4C94D858} Service Information: Service Name: krbtgt Service ID: S-1-5-21-1311969832-1707640848-2310541705-502 Network Information: Client Address: ::1 Client Port: 0 Additional Information: Ticket Options: 0x60810010 Ticket Encryption Type: 0x17 Failure Code: 0x0 Transited Services: - This event is generated every time access is requested to a resource such as a computer or a Windows service. The service name indicates the resource to which access was requested. This event can be correlated with Windows logon events by comparing the Logon GUID fields in each event. The logon event occurs on the machine that was accessed, which is often a different machine than the domain controller which issued the service ticket. Ticket options, encryption types, and failure codes are defined in RFC 4120."}
{"_path":"syslog","_write_ts":"2018-03-24T17:22:30.197966Z","ts":"2018-03-24T17:22:30.197966Z","uid":"CBs8sZ2kIbw2QgSdy4","id.orig_h":"10.47.22.25","id.orig_p":58947,"id.resp_h":"10.47.2.153","id.resp_p":514,"proto":"udp","facility":"LOCAL0","severity":"NOTICE","message":"1 2018-03-24T09:06:20-07:00 Kramer.jerry.land EvntSLog - - - A Kerberos service ticket was requested. Account Information: Account Name: KRAMER$@JERRY.LAND Account Domain: JERRY.LAND Logon GUID: {713E9C41-8C09-2430-4550-9F1F4C94D858} Service Information: Service Name: krbtgt Service ID: S-1-5-21-1311969832-1707640848-2310541705-502 Network Information: Client Address: ::1 Client Port: 0 Additional Information: Ticket Options: 0x60810010 Ticket Encryption Type: 0x17 Failure Code: 0x0 Transited Services: - This event is generated every time access is requested to a resource such as a computer or a Windows service. The service name indicates the resource to which access was requested. This event can be correlated with Windows logon events by comparing the Logon GUID fields in each event. The logon event occurs on the machine that was accessed, which is often a different machine than the domain controller which issued the service ticket. Ticket options, encryption types, and failure codes are defined in RFC 4120."}
{"_path":"syslog","_write_ts":"2018-03-24T17:22:30.213123Z","ts":"2018-03-24T17:22:30.213123Z","uid":"CBs8sZ2kIbw2QgSdy4","id.orig_h":"10.47.22.25","id.orig_p":58947,"id.resp_h":"10.47.2.153","id.resp_p":514,"proto":"udp","facility":"LOCAL0","severity":"NOTICE","message":"1 2018-03-24T09:06:20-07:00 Kramer.jerry.land EvntSLog - - - Special privileges assigned to new logon. Subject: Security ID: S-1-5-18 Account Name: KRAMER$ Account Domain: JERRY Logon ID: 0x3be0ecf Privileges: SeSecurityPrivilege SeBackupPrivilege SeRestorePrivilege SeTakeOwnershipPrivilege SeDebugPrivilege SeSystemEnvironmentPrivilege SeLoadDriverPrivilege SeImpersonatePrivilege SeEnableDelegationPrivilege"}
{"_path":"syslog","_write_ts":"2018-03-24T17:22:30.213126Z","ts":"2018-03-24T17:22:30.213126Z","uid":"CBs8sZ2kIbw2QgSdy4","id.orig_h":"10.47.22.25","id.orig_p":58947,"id.resp_h":"10.47.2.153","id.resp_p":514,"proto":"udp","facility":"LOCAL0","severity":"NOTICE","message":"1 2018-03-24T09:06:20-07:00 Kramer.jerry.land EvntSLog - - - Special privileges assigned to new logon. Subject: Security ID: S-1-5-18 Account Name: KRAMER$ Account Domain: JERRY Logon ID: 0x3be0ecf Privileges: SeSecurityPrivilege SeBackupPrivilege SeRestorePrivilege SeTakeOwnershipPrivilege SeDebugPrivilege SeSystemEnvironmentPrivilege SeLoadDriverPrivilege SeImpersonatePrivilege SeEnableDelegationPrivilege"}
{"_path":"syslog","_write_ts":"2018-03-24T17:22:30.213128Z","ts":"2018-03-24T17:22:30.213128Z","uid":"CBs8sZ2kIbw2QgSdy4","id.orig_h":"10.47.22.25","id.orig_p":58947,"id.resp_h":"10.47.2.153","id.resp_p":514,"proto":"udp","facility":"LOCAL0","severity":"NOTICE","message":"1 2018-03-24T09:06:20-07:00 Kramer.jerry.land EvntSLog - - - Special privileges assigned to new logon. Subject: Security ID: S-1-5-18 Account Name: KRAMER$ Account Domain: JERRY Logon ID: 0x3be0ecf Privileges: SeSecurityPrivilege SeBackupPrivilege SeRestorePrivilege SeTakeOwnershipPrivilege SeDebugPrivilege SeSystemEnvironmentPrivilege SeLoadDriverPrivilege SeImpersonatePrivilege SeEnableDelegationPrivilege"}
{"_path":"syslog","_write_ts":"2018-03-24T17:22:30.213130Z","ts":"2018-03-24T17:22:30.213130Z","uid":"CBs8sZ2kIbw2QgSdy4","id.orig_h":"10.47.22.25","id.orig_p":58947,"id.resp_h":"10.47.2.153","id.resp_p":514,"proto":"udp","facility":"LOCAL0","severity":"NOTICE","message":"1 2018-03-24T09:06:20-07:00 Kramer.jerry.land EvntSLog - - - Special privileges assigned to new logon. Subject: Security ID: S-1-5-18 Account Name: KRAMER$ Account Domain: JERRY Logon ID: 0x3be0ecf Privileges: SeSecurityPrivilege SeBackupPrivilege SeRestorePrivilege SeTakeOwnershipPrivilege SeDebugPrivilege SeSystemEnvironmentPrivilege SeLoadDriverPrivilege SeImpersonatePrivilege SeEnableDelegationPrivilege"}
{"_path":"syslog","_write_ts":"2018-03-24T17:22:30.228514Z","ts":"2018-03-24T17:22:30.228514Z","uid":"CBs8sZ2kIbw2QgSdy4","id.orig_h":"10.47.22.25","id.orig_p":58947,"id.resp_h":"10.47.2.153","id.resp_p":514,"proto":"udp","facility":"LOCAL0","severity":"NOTICE","message":"1 2018-03-24T09:06:20-07:00 Kramer.jerry.land EvntSLog - - - An account was successfully logged on. Subject: Security ID: S-1-0-0 Account Name: - Account Domain: - Logon ID: 0x0 Logon Type: 3 New Logon: Security ID: S-1-5-18 Account Name: KRAMER$ Account Domain: JERRY Logon ID: 0x3be0ecf Logon GUID: {3CDA3321-6B83-0DB5-0F99-4AA9FC563A93} Process Information: Process ID: 0x0 Process Name: - Network Information: Workstation Name: Source Network Address: ::1 Source Port: 49384 Detailed Authentication Information: Logon Process: Kerberos Authentication Package: Kerberos Transited Services: - Package Name (NTLM only): - Key Length: 0 This event is generated when a logon session is created. It is generated on the computer that was accessed. The subject fields indicate the account on the local system which requested the logon. This is most commonly a service such as the Server service, or a local process such as Winlogon.exe or Services.exe. The logon type field indicates the kind of logon that occurred. The most common types are 2 (interactive) and 3 (network). The New Logon fields indicate the account for whom the new logon was created, i.e. the account that was logged on. The network fields indicate where a remote logon request originated. Workstation name is not always available and may be left blank in some cases. The authentication information fields provide detailed information about this specific logon request. - Logon GUID is a unique identifier that can be used to correlate this event with a KDC event. - Transited services indicate which intermediate services have participated in this logon request. - Package name indicates which sub-protocol was used among the NTLM protocols. - Key length indicates the length of the generated session key. This will be 0 if no session key was requested."}
{"_path":"syslog","_write_ts":"2018-03-24T17:22:30.228519Z","ts":"2018-03-24T17:22:30.228519Z","uid":"CBs8sZ2kIbw2QgSdy4","id.orig_h":"10.47.22.25","id.orig_p":58947,"id.resp_h":"10.47.2.153","id.resp_p":514,"proto":"udp","facility":"LOCAL0","severity":"NOTICE","message":"1 2018-03-24T09:06:20-07:00 Kramer.jerry.land EvntSLog - - - An account was successfully logged on. Subject: Security ID: S-1-0-0 Account Name: - Account Domain: - Logon ID: 0x0 Logon Type: 3 New Logon: Security ID: S-1-5-18 Account Name: KRAMER$ Account Domain: JERRY Logon ID: 0x3be0ecf Logon GUID: {3CDA3321-6B83-0DB5-0F99-4AA9FC563A93} Process Information: Process ID: 0x0 Process Name: - Network Information: Workstation Name: Source Network Address: ::1 Source Port: 49384 Detailed Authentication Information: Logon Process: Kerberos Authentication Package: Kerberos Transited Services: - Package Name (NTLM only): - Key Length: 0 This event is generated when a logon session is created. It is generated on the computer that was accessed. The subject fields indicate the account on the local system which requested the logon. This is most commonly a service such as the Server service, or a local process such as Winlogon.exe or Services.exe. The logon type field indicates the kind of logon that occurred. The most common types are 2 (interactive) and 3 (network). The New Logon fields indicate the account for whom the new logon was created, i.e. the account that was logged on. The network fields indicate where a remote logon request originated. Workstation name is not always available and may be left blank in some cases. The authentication information fields provide detailed information about this specific logon request. - Logon GUID is a unique identifier that can be used to correlate this event with a KDC event. - Transited services indicate which intermediate services have participated in this logon request. - Package name indicates which sub-protocol was used among the NTLM protocols. - Key length indicates the length of the generated session key. This will be 0 if no session key was requested."}
{"_path":"syslog","_write_ts":"2018-03-24T17:22:30.228662Z","ts":"2018-03-24T17:22:30.228662Z","uid":"CBs8sZ2kIbw2QgSdy4","id.orig_h":"10.47.22.25","id.orig_p":58947,"id.resp_h":"10.47.2.153","id.resp_p":514,"proto":"udp","facility":"LOCAL0","severity":"NOTICE","message":"1 2018-03-24T09:06:20-07:00 Kramer.jerry.land EvntSLog - - - An account was successfully logged on. Subject: Security ID: S-1-0-0 Account Name: - Account Domain: - Logon ID: 0x0 Logon Type: 3 New Logon: Security ID: S-1-5-18 Account Name: KRAMER$ Account Domain: JERRY Logon ID: 0x3be0ecf Logon GUID: {3CDA3321-6B83-0DB5-0F99-4AA9FC563A93} Process Information: Process ID: 0x0 Process Name: - Network Information: Workstation Name: Source Network Address: ::1 Source Port: 49384 Detailed Authentication Information: Logon Process: Kerberos Authentication Package: Kerberos Transited Services: - Package Name (NTLM only): - Key Length: 0 This event is generated when a logon session is created. It is generated on the computer that was accessed. The subject fields indicate the account on the local system which requested the logon. This is most commonly a service such as the Server service, or a local process such as Winlogon.exe or Services.exe. The logon type field indicates the kind of logon that occurred. The most common types are 2 (interactive) and 3 (network). The New Logon fields indicate the account for whom the new logon was created, i.e. the account that was logged on. The network fields indicate where a remote logon request originated. Workstation name is not always available and may be left blank in some cases. The authentication information fields provide detailed information about this specific logon request. - Logon GUID is a unique identifier that can be used to correlate this event with a KDC event. - Transited services indicate which intermediate services have participated in this logon request. - Package name indicates which sub-protocol was used among the NTLM protocols. - Key length indicates the length of the generated session key. This will be 0 if no session key was requested."}
{"_path":"syslog","_write_ts":"2018-03-24T17:22:30.228666Z","ts":"2018-03-24T17:22:30.228666Z","uid":"CBs8sZ2kIbw2QgSdy4","id.orig_h":"10.47.22.25","id.orig_p":58947,"id.resp_h":"10.47.2.153","id.resp_p":514,"proto":"udp","facility":"LOCAL0","severity":"NOTICE","message":"1 2018-03-24T09:06:20-07:00 Kramer.jerry.land EvntSLog - - - An account was successfully logged on. Subject: Security ID: S-1-0-0 Account Name: - Account Domain: - Logon ID: 0x0 Logon Type: 3 New Logon: Security ID: S-1-5-18 Account Name: KRAMER$ Account Domain: JERRY Logon ID: 0x3be0ecf Logon GUID: {3CDA3321-6B83-0DB5-0F99-4AA9FC563A93} Process Information: Process ID: 0x0 Process Name: - Network Information: Workstation Name: Source Network Address: ::1 Source Port: 49384 Detailed Authentication Information: Logon Process: Kerberos Authentication Package: Kerberos Transited Services: - Package Name (NTLM only): - Key Length: 0 This event is generated when a logon session is created. It is generated on the computer that was accessed. The subject fields indicate the account on the local system which requested the logon. This is most commonly a service such as the Server service, or a local process such as Winlogon.exe or Services.exe. The logon type field indicates the kind of logon that occurred. The most common types are 2 (interactive) and 3 (network). The New Logon fields indicate the account for whom the new logon was created, i.e. the account that was logged on. The network fields indicate where a remote logon request originated. Workstation name is not always available and may be left blank in some cases. The authentication information fields provide detailed information about this specific logon request. - Logon GUID is a unique identifier that can be used to correlate this event with a KDC event. - Transited services indicate which intermediate services have participated in this logon request. - Package name indicates which sub-protocol was used among the NTLM protocols. - Key length indicates the length of the generated session key. This will be 0 if no session key was requested."}
{"_path":"syslog","_write_ts":"2018-03-24T17:22:36.266450Z","ts":"2018-03-24T17:22:36.266450Z","uid":"CBs8sZ2kIbw2QgSdy4","id.orig_h":"10.47.22.25","id.orig_p":58947,"id.resp_h":"10.47.2.153","id.resp_p":514,"proto":"udp","facility":"LOCAL0","severity":"NOTICE","message":"1 2018-03-24T09:06:26-07:00 Kramer.jerry.land EvntSLog - - - An account failed to log on. Subject: Security ID: S-1-0-0 Account Name: - Account Domain: - Logon ID: 0x0 Logon Type: 3 Account For Which Logon Failed: Security ID: S-1-0-0 Account Name: administrator Account Domain: WORKSTATION Failure Information: Failure Reason: Unknown user name or bad password. Status: 0xc000006d Sub Status: 0xc000006a Process Information: Caller Process ID: 0x0 Caller Process Name: - Network Information: Workstation Name: WORKSTATION Source Network Address: 10.150.0.20 Source Port: 38370 Detailed Authentication Information: Logon Process: NtLmSsp Authentication Package: NTLM Transited Services: - Package Name (NTLM only): - Key Length: 0 This event is generated when a logon request fails. It is generated on the computer where access was attempted. The Subject fields indicate the account on the local system which requested the logon. This is most commonly a service such as the Server service, or a local process such as Winlogon.exe or Services.exe. The Logon Type field indicates the kind of logon that was requested. The most common types are 2 (interactive) and 3 (network). The Process Information fields indicate which account and process on the system requested the logon. The Network Information fields indicate where a remote logon request originated. Workstation name is not always available and may be left blank in some cases. The authentication information fields provide detailed information about this specific logon request. - Transited services indicate which intermediate services have participated in this logon request. - Package name indicates which sub-protocol was used among the NTLM protocols. - Key length indicates the length of the generated session key. This will be 0 if no session key was requested."}
{"_path":"syslog","_write_ts":"2018-03-24T17:22:36.266490Z","ts":"2018-03-24T17:22:36.266490Z","uid":"CBs8sZ2kIbw2QgSdy4","id.orig_h":"10.47.22.25","id.orig_p":58947,"id.resp_h":"10.47.2.153","id.resp_p":514,"proto":"udp","facility":"LOCAL0","severity":"NOTICE","message":"1 2018-03-24T09:06:26-07:00 Kramer.jerry.land EvntSLog - - - An account failed to log on. Subject: Security ID: S-1-0-0 Account Name: - Account Domain: - Logon ID: 0x0 Logon Type: 3 Account For Which Logon Failed: Security ID: S-1-0-0 Account Name: administrator Account Domain: WORKSTATION Failure Information: Failure Reason: Unknown user name or bad password. Status: 0xc000006d Sub Status: 0xc000006a Process Information: Caller Process ID: 0x0 Caller Process Name: - Network Information: Workstation Name: WORKSTATION Source Network Address: 10.150.0.20 Source Port: 38370 Detailed Authentication Information: Logon Process: NtLmSsp Authentication Package: NTLM Transited Services: - Package Name (NTLM only): - Key Length: 0 This event is generated when a logon request fails. It is generated on the computer where access was attempted. The Subject fields indicate the account on the local system which requested the logon. This is most commonly a service such as the Server service, or a local process such as Winlogon.exe or Services.exe. The Logon Type field indicates the kind of logon that was requested. The most common types are 2 (interactive) and 3 (network). The Process Information fields indicate which account and process on the system requested the logon. The Network Information fields indicate where a remote logon request originated. Workstation name is not always available and may be left blank in some cases. The authentication information fields provide detailed information about this specific logon request. - Transited services indicate which intermediate services have participated in this logon request. - Package name indicates which sub-protocol was used among the NTLM protocols. - Key length indicates the length of the generated session key. This will be 0 if no session key was requested."}
