1521912065.080769	CBs8sZ2kIbw2QgSdy4	10.47.22.25	58947	10.47.2.153	514	udp	LOCAL0	NOTICE	1 2018-03-24T09:04:55-07:00 Kramer.jerry.land EvntSLog - - - An account was successfully logged on. Subject: Security ID: S-1-0-0 Account Name: - Account Domain: - Logon ID: 0x0 Logon Type: 3 New Logon: Security ID: S-1-5-18 Account Name: KRAMER$ Account Domain: JERRY Logon ID: 0x3bd6de6 Logon GUID: {3927FFCA-9038-917B-C030-965416739BC7} Process Information: Process ID: 0x0 Process Name: - Network Information: Workstation Name: Source Network Address: 172.20.0.25 Source Port: 49379 Detailed Authentication Information: Logon Process: Kerberos Authentication Package: Kerberos Transited Services: - Package Name (NTLM only): - Key Length: 0 This event is generated when a logon session is created. It is generated on the computer that was accessed. The subject fields indicate the account on the local system which requested the logon. This is most commonly a service such as the Server service, or a local process such as Winlogon.exe or Services.exe. The logon type field indicates the kind of logon that occurred. The most common types are 2 (interactive) and 3 (network). The New Logon fields indicate the account for whom the new logon was created, i.e. the account that was logged on. The network fields indicate where a remote logon request originated. Workstation name is not always available and may be left blank in some cases. The authentication information fields provide detailed information about this specific logon request. - Logon GUID is a unique identifier that can be used to correlate this event with a KDC event. - Transited services indicate which intermediate services have participated in this logon request. - Package name indicates which sub-protocol was used among the NTLM protocols. - Key length indicates the length of the generated session key. This will be 0 if no session key was requested.
1521912065.080777	CBs8sZ2kIbw2QgSdy4	10.47.22.25	58947	10.47.2.153	514	udp	LOCAL0	NOTICE	1 2018-03-24T09:04:55-07:00 Kramer.jerry.land EvntSLog - - - An account was successfully logged on. Subject: Security ID: S-1-0-0 Account Name: - Account Domain: - Logon ID: 0x0 Logon Type: 3 New Logon: Security ID: S-1-5-18 Account Name: KRAMER$ Account Domain: JERRY Logon ID: 0x3bd6de6 Logon GUID: {3927FFCA-9038-917B-C030-965416739BC7} Process Information: Process ID: 0x0 Process Name: - Network Information: Workstation Name: Source Network Address: 172.20.0.25 Source Port: 49379 Detailed Authentication Information: Logon Process: Kerberos Authentication Package: Kerberos Transited Services: - Package Name (NTLM only): - Key Length: 0 This event is generated when a logon session is created. It is generated on the computer that was accessed. The subject fields indicate the account on the local system which requested the logon. This is most commonly a service such as the Server service, or a local process such as Winlogon.exe or Services.exe. The logon type field indicates the kind of logon that occurred. The most common types are 2 (interactive) and 3 (network). The New Logon fields indicate the account for whom the new logon was created, i.e. the account that was logged on. The network fields indicate where a remote logon request originated. Workstation name is not always available and may be left blank in some cases. The authentication information fields provide detailed information about this specific logon request. - Logon GUID is a unique identifier that can be used to correlate this event with a KDC event. - Transited services indicate which intermediate services have participated in this logon request. - Package name indicates which sub-protocol was used among the NTLM protocols. - Key length indicates the length of the generated session key. This will be 0 if no session key was requested.
1521912065.095673	CBs8sZ2kIbw2QgSdy4	10.47.22.25	58947	10.47.2.153	514	udp	LOCAL0	NOTICE	1 2018-03-24T09:04:55-07:00 Kramer.jerry.land EvntSLog - - - An account was logged off. Subject: Security ID: S-1-5-18 Account Name: KRAMER$ Account Domain: JERRY Logon ID: 0x3bd6de6 Logon Type: 3 This event is generated when a logon session is destroyed. It may be positively correlated with a logon event using the Logon ID value. Logon IDs are only unique between reboots on the same computer.
1521912065.095677	CBs8sZ2kIbw2QgSdy4	10.47.22.25	58947	10.47.2.153	514	udp	LOCAL0	NOTICE	1 2018-03-24T09:04:55-07:00 Kramer.jerry.land EvntSLog - - - An account was logged off. Subject: Security ID: S-1-5-18 Account Name: KRAMER$ Account Domain: JERRY Logon ID: 0x3bd6de6 Logon Type: 3 This event is generated when a logon session is destroyed. It may be positively correlated with a logon event using the Logon ID value. Logon IDs are only unique between reboots on the same computer.
1521912065.095683	CBs8sZ2kIbw2QgSdy4	10.47.22.25	58947	10.47.2.153	514	udp	LOCAL0	NOTICE	1 2018-03-24T09:04:55-07:00 Kramer.jerry.land EvntSLog - - - An account was logged off. Subject: Security ID: S-1-5-18 Account Name: KRAMER$ Account Domain: JERRY Logon ID: 0x3bd6de6 Logon Type: 3 This event is generated when a logon session is destroyed. It may be positively correlated with a logon event using the Logon ID value. Logon IDs are only unique between reboots on the same computer.
1521912065.095685	CBs8sZ2kIbw2QgSdy4	10.47.22.25	58947	10.47.2.153	514	udp	LOCAL0	NOTICE	1 2018-03-24T09:04:55-07:00 Kramer.jerry.land EvntSLog - - - An account was logged off. Subject: Security ID: S-1-5-18 Account Name: KRAMER$ Account Domain: JERRY Logon ID: 0x3bd6de6 Logon Type: 3 This event is generated when a logon session is destroyed. It may be positively correlated with a logon event using the Logon ID value. Logon IDs are only unique between reboots on the same computer.
1521912082.298608	CBs8sZ2kIbw2QgSdy4	10.47.22.25	58947	10.47.2.153	514	udp	LOCAL0	INFO	1 2018-03-24T09:05:12-07:00 Kramer.jerry.land EvntSLog - - - Starting periodic policy processing for computer JERRY\\KRAMER$. Activity id: {2A8288F3-6F88-42EF-B52E-07A3D3D192FA}
1521912082.298610	CBs8sZ2kIbw2QgSdy4	10.47.22.25	58947	10.47.2.153	514	udp	LOCAL0	INFO	1 2018-03-24T09:05:12-07:00 Kramer.jerry.land EvntSLog - - - Starting periodic policy processing for computer JERRY\\KRAMER$. Activity id: {2A8288F3-6F88-42EF-B52E-07A3D3D192FA}
1521912082.298612	CBs8sZ2kIbw2QgSdy4	10.47.22.25	58947	10.47.2.153	514	udp	LOCAL0	INFO	1 2018-03-24T09:05:12-07:00 Kramer.jerry.land EvntSLog - - - Starting periodic policy processing for computer JERRY\\KRAMER$. Activity id: {2A8288F3-6F88-42EF-B52E-07A3D3D192FA}
1521912082.298614	CBs8sZ2kIbw2QgSdy4	10.47.22.25	58947	10.47.2.153	514	udp	LOCAL0	INFO	1 2018-03-24T09:05:12-07:00 Kramer.jerry.land EvntSLog - - - Starting periodic policy processing for computer JERRY\\KRAMER$. Activity id: {2A8288F3-6F88-42EF-B52E-07A3D3D192FA}
1521912082.304634	CBs8sZ2kIbw2QgSdy4	10.47.22.25	58947	10.47.2.153	514	udp	LOCAL0	INFO	1 2018-03-24T09:05:12-07:00 Kramer.jerry.land EvntSLog - - - Attempting to retrieve the account information.
1521912082.304638	CBs8sZ2kIbw2QgSdy4	10.47.22.25	58947	10.47.2.153	514	udp	LOCAL0	INFO	1 2018-03-24T09:05:12-07:00 Kramer.jerry.land EvntSLog - - - Attempting to retrieve the account information.
1521912082.304639	CBs8sZ2kIbw2QgSdy4	10.47.22.25	58947	10.47.2.153	514	udp	LOCAL0	INFO	1 2018-03-24T09:05:12-07:00 Kramer.jerry.land EvntSLog - - - Attempting to retrieve the account information.
1521912082.304641	CBs8sZ2kIbw2QgSdy4	10.47.22.25	58947	10.47.2.153	514	udp	LOCAL0	INFO	1 2018-03-24T09:05:12-07:00 Kramer.jerry.land EvntSLog - - - Attempting to retrieve the account information.
1521912082.320442	CBs8sZ2kIbw2QgSdy4	10.47.22.25	58947	10.47.2.153	514	udp	LOCAL0	INFO	1 2018-03-24T09:05:12-07:00 Kramer.jerry.land EvntSLog - - - Making system call to get account information. 
1521912082.320447	CBs8sZ2kIbw2QgSdy4	10.47.22.25	58947	10.47.2.153	514	udp	LOCAL0	INFO	1 2018-03-24T09:05:12-07:00 Kramer.jerry.land EvntSLog - - - Making system call to get account information. 
1521912082.320451	CBs8sZ2kIbw2QgSdy4	10.47.22.25	58947	10.47.2.153	514	udp	LOCAL0	INFO	1 2018-03-24T09:05:12-07:00 Kramer.jerry.land EvntSLog - - - Making system call to get account information. 
1521912082.320453	CBs8sZ2kIbw2QgSdy4	10.47.22.25	58947	10.47.2.153	514	udp	LOCAL0	INFO	1 2018-03-24T09:05:12-07:00 Kramer.jerry.land EvntSLog - - - Making system call to get account information. 
1521912082.335990	CBs8sZ2kIbw2QgSdy4	10.47.22.25	58947	10.47.2.153	514	udp	LOCAL0	INFO	1 2018-03-24T09:05:12-07:00 Kramer.jerry.land EvntSLog - - - The system call to get account information completed. CN=KRAMER,OU=Domain Controllers,DC=jerry,DC=land The call completed in 0 milliseconds.
1521912082.335993	CBs8sZ2kIbw2QgSdy4	10.47.22.25	58947	10.47.2.153	514	udp	LOCAL0	INFO	1 2018-03-24T09:05:12-07:00 Kramer.jerry.land EvntSLog - - - The system call to get account information completed. CN=KRAMER,OU=Domain Controllers,DC=jerry,DC=land The call completed in 0 milliseconds.
1521912082.335995	CBs8sZ2kIbw2QgSdy4	10.47.22.25	58947	10.47.2.153	514	udp	LOCAL0	INFO	1 2018-03-24T09:05:12-07:00 Kramer.jerry.land EvntSLog - - - The system call to get account information completed. CN=KRAMER,OU=Domain Controllers,DC=jerry,DC=land The call completed in 0 milliseconds.
1521912082.335997	CBs8sZ2kIbw2QgSdy4	10.47.22.25	58947	10.47.2.153	514	udp	LOCAL0	INFO	1 2018-03-24T09:05:12-07:00 Kramer.jerry.land EvntSLog - - - The system call to get account information completed. CN=KRAMER,OU=Domain Controllers,DC=jerry,DC=land The call completed in 0 milliseconds.
1521912082.352426	CBs8sZ2kIbw2QgSdy4	10.47.22.25	58947	10.47.2.153	514	udp	LOCAL0	INFO	1 2018-03-24T09:05:12-07:00 Kramer.jerry.land EvntSLog - - - Retrieved account information.
1521912082.352430	CBs8sZ2kIbw2QgSdy4	10.47.22.25	58947	10.47.2.153	514	udp	LOCAL0	INFO	1 2018-03-24T09:05:12-07:00 Kramer.jerry.land EvntSLog - - - Retrieved account information.
1521912082.352431	CBs8sZ2kIbw2QgSdy4	10.47.22.25	58947	10.47.2.153	514	udp	LOCAL0	INFO	1 2018-03-24T09:05:12-07:00 Kramer.jerry.land EvntSLog - - - Retrieved account information.
1521912082.352433	CBs8sZ2kIbw2QgSdy4	10.47.22.25	58947	10.47.2.153	514	udp	LOCAL0	INFO	1 2018-03-24T09:05:12-07:00 Kramer.jerry.land EvntSLog - - - Retrieved account information.
1521912082.367129	CBs8sZ2kIbw2QgSdy4	10.47.22.25	58947	10.47.2.153	514	udp	LOCAL0	INFO	1 2018-03-24T09:05:12-07:00 Kramer.jerry.land EvntSLog - - - Group Policy is trying to discover the Domain Controller information.
1521912082.367133	CBs8sZ2kIbw2QgSdy4	10.47.22.25	58947	10.47.2.153	514	udp	LOCAL0	INFO	1 2018-03-24T09:05:12-07:00 Kramer.jerry.land EvntSLog - - - Group Policy is trying to discover the Domain Controller information.
1521912082.367135	CBs8sZ2kIbw2QgSdy4	10.47.22.25	58947	10.47.2.153	514	udp	LOCAL0	INFO	1 2018-03-24T09:05:12-07:00 Kramer.jerry.land EvntSLog - - - Group Policy is trying to discover the Domain Controller information.
1521912082.367176	CBs8sZ2kIbw2QgSdy4	10.47.22.25	58947	10.47.2.153	514	udp	LOCAL0	INFO	1 2018-03-24T09:05:12-07:00 Kramer.jerry.land EvntSLog - - - Group Policy is trying to discover the Domain Controller information.
1521912082.382321	CBs8sZ2kIbw2QgSdy4	10.47.22.25	58947	10.47.2.153	514	udp	LOCAL0	INFO	1 2018-03-24T09:05:12-07:00 Kramer.jerry.land EvntSLog - - - Retrieving Domain Controller details.
1521912082.382324	CBs8sZ2kIbw2QgSdy4	10.47.22.25	58947	10.47.2.153	514	udp	LOCAL0	INFO	1 2018-03-24T09:05:12-07:00 Kramer.jerry.land EvntSLog - - - Retrieving Domain Controller details.
1521912082.382326	CBs8sZ2kIbw2QgSdy4	10.47.22.25	58947	10.47.2.153	514	udp	LOCAL0	INFO	1 2018-03-24T09:05:12-07:00 Kramer.jerry.land EvntSLog - - - Retrieving Domain Controller details.
1521912082.382328	CBs8sZ2kIbw2QgSdy4	10.47.22.25	58947	10.47.2.153	514	udp	LOCAL0	INFO	1 2018-03-24T09:05:12-07:00 Kramer.jerry.land EvntSLog - - - Retrieving Domain Controller details.
1521912084.273174	CBs8sZ2kIbw2QgSdy4	10.47.22.25	58947	10.47.2.153	514	udp	LOCAL0	INFO	1 2018-03-24T09:05:14-07:00 Kramer.jerry.land EvntSLog - - - Making LDAP calls to connect and bind to Active Directory. Kramer.jerry.land
1521912084.273176	CBs8sZ2kIbw2QgSdy4	10.47.22.25	58947	10.47.2.153	514	udp	LOCAL0	INFO	1 2018-03-24T09:05:14-07:00 Kramer.jerry.land EvntSLog - - - Making LDAP calls to connect and bind to Active Directory. Kramer.jerry.land
1521912084.273368	CBs8sZ2kIbw2QgSdy4	10.47.22.25	58947	10.47.2.153	514	udp	LOCAL0	INFO	1 2018-03-24T09:05:14-07:00 Kramer.jerry.land EvntSLog - - - Making LDAP calls to connect and bind to Active Directory. Kramer.jerry.land
1521912084.273671	CBs8sZ2kIbw2QgSdy4	10.47.22.25	58947	10.47.2.153	514	udp	LOCAL0	INFO	1 2018-03-24T09:05:14-07:00 Kramer.jerry.land EvntSLog - - - Making LDAP calls to connect and bind to Active Directory. Kramer.jerry.land
1521912084.273684	CBs8sZ2kIbw2QgSdy4	10.47.22.25	58947	10.47.2.153	514	udp	LOCAL0	NOTICE	1 2018-03-24T09:05:14-07:00 Kramer.jerry.land EvntSLog - - - Special privileges assigned to new logon. Subject: Security ID: S-1-5-18 Account Name: KRAMER$ Account Domain: JERRY Logon ID: 0x3bd91e4 Privileges: SeSecurityPrivilege SeBackupPrivilege SeRestorePrivilege SeTakeOwnershipPrivilege SeDebugPrivilege SeSystemEnvironmentPrivilege SeLoadDriverPrivilege SeImpersonatePrivilege SeEnableDelegationPrivilege
1521912084.273688	CBs8sZ2kIbw2QgSdy4	10.47.22.25	58947	10.47.2.153	514	udp	LOCAL0	NOTICE	1 2018-03-24T09:05:14-07:00 Kramer.jerry.land EvntSLog - - - Special privileges assigned to new logon. Subject: Security ID: S-1-5-18 Account Name: KRAMER$ Account Domain: JERRY Logon ID: 0x3bd91e4 Privileges: SeSecurityPrivilege SeBackupPrivilege SeRestorePrivilege SeTakeOwnershipPrivilege SeDebugPrivilege SeSystemEnvironmentPrivilege SeLoadDriverPrivilege SeImpersonatePrivilege SeEnableDelegationPrivilege
1521912084.273689	CBs8sZ2kIbw2QgSdy4	10.47.22.25	58947	10.47.2.153	514	udp	LOCAL0	NOTICE	1 2018-03-24T09:05:14-07:00 Kramer.jerry.land EvntSLog - - - Special privileges assigned to new logon. Subject: Security ID: S-1-5-18 Account Name: KRAMER$ Account Domain: JERRY Logon ID: 0x3bd91e4 Privileges: SeSecurityPrivilege SeBackupPrivilege SeRestorePrivilege SeTakeOwnershipPrivilege SeDebugPrivilege SeSystemEnvironmentPrivilege SeLoadDriverPrivilege SeImpersonatePrivilege SeEnableDelegationPrivilege
1521912084.274383	CBs8sZ2kIbw2QgSdy4	10.47.22.25	58947	10.47.2.153	514	udp	LOCAL0	NOTICE	1 2018-03-24T09:05:14-07:00 Kramer.jerry.land EvntSLog - - - Special privileges assigned to new logon. Subject: Security ID: S-1-5-18 Account Name: KRAMER$ Account Domain: JERRY Logon ID: 0x3bd91e4 Privileges: SeSecurityPrivilege SeBackupPrivilege SeRestorePrivilege SeTakeOwnershipPrivilege SeDebugPrivilege SeSystemEnvironmentPrivilege SeLoadDriverPrivilege SeImpersonatePrivilege SeEnableDelegationPrivilege
1521912084.290327	CBs8sZ2kIbw2QgSdy4	10.47.22.25	58947	10.47.2.153	514	udp	LOCAL0	INFO	1 2018-03-24T09:05:14-07:00 Kramer.jerry.land EvntSLog - - - The LDAP call to connect and bind to Active Directory completed. Kramer.jerry.land The call completed in 109 milliseconds.
1521912084.290330	CBs8sZ2kIbw2QgSdy4	10.47.22.25	58947	10.47.2.153	514	udp	LOCAL0	INFO	1 2018-03-24T09:05:14-07:00 Kramer.jerry.land EvntSLog - - - The LDAP call to connect and bind to Active Directory completed. Kramer.jerry.land The call completed in 109 milliseconds.
1521912084.290333	CBs8sZ2kIbw2QgSdy4	10.47.22.25	58947	10.47.2.153	514	udp	LOCAL0	INFO	1 2018-03-24T09:05:14-07:00 Kramer.jerry.land EvntSLog - - - The LDAP call to connect and bind to Active Directory completed. Kramer.jerry.land The call completed in 109 milliseconds.
1521912084.290335	CBs8sZ2kIbw2QgSdy4	10.47.22.25	58947	10.47.2.153	514	udp	LOCAL0	INFO	1 2018-03-24T09:05:14-07:00 Kramer.jerry.land EvntSLog - - - The LDAP call to connect and bind to Active Directory completed. Kramer.jerry.land The call completed in 109 milliseconds.
1521912084.291217	CBs8sZ2kIbw2QgSdy4	10.47.22.25	58947	10.47.2.153	514	udp	LOCAL0	NOTICE	1 2018-03-24T09:05:14-07:00 Kramer.jerry.land EvntSLog - - - An account was successfully logged on. Subject: Security ID: S-1-0-0 Account Name: - Account Domain: - Logon ID: 0x0 Logon Type: 3 New Logon: Security ID: S-1-5-18 Account Name: KRAMER$ Account Domain: JERRY Logon ID: 0x3bd91e4 Logon GUID: {8A226FDA-FE88-F8FC-B6A3-39969F997F6A} Process Information: Process ID: 0x0 Process Name: - Network Information: Workstation Name: Source Network Address: 172.20.0.25 Source Port: 49381 Detailed Authentication Information: Logon Process: Kerberos Authentication Package: Kerberos Transited Services: - Package Name (NTLM only): - Key Length: 0 This event is generated when a logon session is created. It is generated on the computer that was accessed. The subject fields indicate the account on the local system which requested the logon. This is most commonly a service such as the Server service, or a local process such as Winlogon.exe or Services.exe. The logon type field indicates the kind of logon that occurred. The most common types are 2 (interactive) and 3 (network). The New Logon fields indicate the account for whom the new logon was created, i.e. the account that was logged on. The network fields indicate where a remote logon request originated. Workstation name is not always available and may be left blank in some cases. The authentication information fields provide detailed information about this specific logon request. - Logon GUID is a unique identifier that can be used to correlate this event with a KDC event. - Transited services indicate which intermediate services have participated in this logon request. - Package name indicates which sub-protocol was used among the NTLM protocols. - Key length indicates the length of the generated session key. This will be 0 if no session key was requested.
1521912084.291221	CBs8sZ2kIbw2QgSdy4	10.47.22.25	58947	10.47.2.153	514	udp	LOCAL0	NOTICE	1 2018-03-24T09:05:14-07:00 Kramer.jerry.land EvntSLog - - - An account was successfully logged on. Subject: Security ID: S-1-0-0 Account Name: - Account Domain: - Logon ID: 0x0 Logon Type: 3 New Logon: Security ID: S-1-5-18 Account Name: KRAMER$ Account Domain: JERRY Logon ID: 0x3bd91e4 Logon GUID: {8A226FDA-FE88-F8FC-B6A3-39969F997F6A} Process Information: Process ID: 0x0 Process Name: - Network Information: Workstation Name: Source Network Address: 172.20.0.25 Source Port: 49381 Detailed Authentication Information: Logon Process: Kerberos Authentication Package: Kerberos Transited Services: - Package Name (NTLM only): - Key Length: 0 This event is generated when a logon session is created. It is generated on the computer that was accessed. The subject fields indicate the account on the local system which requested the logon. This is most commonly a service such as the Server service, or a local process such as Winlogon.exe or Services.exe. The logon type field indicates the kind of logon that occurred. The most common types are 2 (interactive) and 3 (network). The New Logon fields indicate the account for whom the new logon was created, i.e. the account that was logged on. The network fields indicate where a remote logon request originated. Workstation name is not always available and may be left blank in some cases. The authentication information fields provide detailed information about this specific logon request. - Logon GUID is a unique identifier that can be used to correlate this event with a KDC event. - Transited services indicate which intermediate services have participated in this logon request. - Package name indicates which sub-protocol was used among the NTLM protocols. - Key length indicates the length of the generated session key. This will be 0 if no session key was requested.
1521912084.291380	CBs8sZ2kIbw2QgSdy4	10.47.22.25	58947	10.47.2.153	514	udp	LOCAL0	NOTICE	1 2018-03-24T09:05:14-07:00 Kramer.jerry.land EvntSLog - - - An account was successfully logged on. Subject: Security ID: S-1-0-0 Account Name: - Account Domain: - Logon ID: 0x0 Logon Type: 3 New Logon: Security ID: S-1-5-18 Account Name: KRAMER$ Account Domain: JERRY Logon ID: 0x3bd91e4 Logon GUID: {8A226FDA-FE88-F8FC-B6A3-39969F997F6A} Process Information: Process ID: 0x0 Process Name: - Network Information: Workstation Name: Source Network Address: 172.20.0.25 Source Port: 49381 Detailed Authentication Information: Logon Process: Kerberos Authentication Package: Kerberos Transited Services: - Package Name (NTLM only): - Key Length: 0 This event is generated when a logon session is created. It is generated on the computer that was accessed. The subject fields indicate the account on the local system which requested the logon. This is most commonly a service such as the Server service, or a local process such as Winlogon.exe or Services.exe. The logon type field indicates the kind of logon that occurred. The most common types are 2 (interactive) and 3 (network). The New Logon fields indicate the account for whom the new logon was created, i.e. the account that was logged on. The network fields indicate where a remote logon request originated. Workstation name is not always available and may be left blank in some cases. The authentication information fields provide detailed information about this specific logon request. - Logon GUID is a unique identifier that can be used to correlate this event with a KDC event. - Transited services indicate which intermediate services have participated in this logon request. - Package name indicates which sub-protocol was used among the NTLM protocols. - Key length indicates the length of the generated session key. This will be 0 if no session key was requested.
1521912084.291385	CBs8sZ2kIbw2QgSdy4	10.47.22.25	58947	10.47.2.153	514	udp	LOCAL0	NOTICE	1 2018-03-24T09:05:14-07:00 Kramer.jerry.land EvntSLog - - - An account was successfully logged on. Subject: Security ID: S-1-0-0 Account Name: - Account Domain: - Logon ID: 0x0 Logon Type: 3 New Logon: Security ID: S-1-5-18 Account Name: KRAMER$ Account Domain: JERRY Logon ID: 0x3bd91e4 Logon GUID: {8A226FDA-FE88-F8FC-B6A3-39969F997F6A} Process Information: Process ID: 0x0 Process Name: - Network Information: Workstation Name: Source Network Address: 172.20.0.25 Source Port: 49381 Detailed Authentication Information: Logon Process: Kerberos Authentication Package: Kerberos Transited Services: - Package Name (NTLM only): - Key Length: 0 This event is generated when a logon session is created. It is generated on the computer that was accessed. The subject fields indicate the account on the local system which requested the logon. This is most commonly a service such as the Server service, or a local process such as Winlogon.exe or Services.exe. The logon type field indicates the kind of logon that occurred. The most common types are 2 (interactive) and 3 (network). The New Logon fields indicate the account for whom the new logon was created, i.e. the account that was logged on. The network fields indicate where a remote logon request originated. Workstation name is not always available and may be left blank in some cases. The authentication information fields provide detailed information about this specific logon request. - Logon GUID is a unique identifier that can be used to correlate this event with a KDC event. - Transited services indicate which intermediate services have participated in this logon request. - Package name indicates which sub-protocol was used among the NTLM protocols. - Key length indicates the length of the generated session key. This will be 0 if no session key was requested.
1521912084.304291	CBs8sZ2kIbw2QgSdy4	10.47.22.25	58947	10.47.2.153	514	udp	LOCAL0	INFO	1 2018-03-24T09:05:14-07:00 Kramer.jerry.land EvntSLog - - - Domain Controller details: Domain Controller Name : \\\\Kramer.jerry.land Domain Controller IP Address : \\\\172.20.0.25
1521912084.304295	CBs8sZ2kIbw2QgSdy4	10.47.22.25	58947	10.47.2.153	514	udp	LOCAL0	INFO	1 2018-03-24T09:05:14-07:00 Kramer.jerry.land EvntSLog - - - Domain Controller details: Domain Controller Name : \\\\Kramer.jerry.land Domain Controller IP Address : \\\\172.20.0.25
1521912084.304297	CBs8sZ2kIbw2QgSdy4	10.47.22.25	58947	10.47.2.153	514	udp	LOCAL0	INFO	1 2018-03-24T09:05:14-07:00 Kramer.jerry.land EvntSLog - - - Domain Controller details: Domain Controller Name : \\\\Kramer.jerry.land Domain Controller IP Address : \\\\172.20.0.25
1521912084.304299	CBs8sZ2kIbw2QgSdy4	10.47.22.25	58947	10.47.2.153	514	udp	LOCAL0	INFO	1 2018-03-24T09:05:14-07:00 Kramer.jerry.land EvntSLog - - - Domain Controller details: Domain Controller Name : \\\\Kramer.jerry.land Domain Controller IP Address : \\\\172.20.0.25
1521912084.304717	CBs8sZ2kIbw2QgSdy4	10.47.22.25	58947	10.47.2.153	514	udp	LOCAL0	NOTICE	1 2018-03-24T09:05:14-07:00 Kramer.jerry.land EvntSLog - - - Special privileges assigned to new logon. Subject: Security ID: S-1-5-18 Account Name: KRAMER$ Account Domain: JERRY Logon ID: 0x3bd92a4 Privileges: SeSecurityPrivilege SeBackupPrivilege SeRestorePrivilege SeTakeOwnershipPrivilege SeDebugPrivilege SeSystemEnvironmentPrivilege SeLoadDriverPrivilege SeImpersonatePrivilege SeEnableDelegationPrivilege
1521912084.304720	CBs8sZ2kIbw2QgSdy4	10.47.22.25	58947	10.47.2.153	514	udp	LOCAL0	NOTICE	1 2018-03-24T09:05:14-07:00 Kramer.jerry.land EvntSLog - - - Special privileges assigned to new logon. Subject: Security ID: S-1-5-18 Account Name: KRAMER$ Account Domain: JERRY Logon ID: 0x3bd92a4 Privileges: SeSecurityPrivilege SeBackupPrivilege SeRestorePrivilege SeTakeOwnershipPrivilege SeDebugPrivilege SeSystemEnvironmentPrivilege SeLoadDriverPrivilege SeImpersonatePrivilege SeEnableDelegationPrivilege
1521912084.304722	CBs8sZ2kIbw2QgSdy4	10.47.22.25	58947	10.47.2.153	514	udp	LOCAL0	NOTICE	1 2018-03-24T09:05:14-07:00 Kramer.jerry.land EvntSLog - - - Special privileges assigned to new logon. Subject: Security ID: S-1-5-18 Account Name: KRAMER$ Account Domain: JERRY Logon ID: 0x3bd92a4 Privileges: SeSecurityPrivilege SeBackupPrivilege SeRestorePrivilege SeTakeOwnershipPrivilege SeDebugPrivilege SeSystemEnvironmentPrivilege SeLoadDriverPrivilege SeImpersonatePrivilege SeEnableDelegationPrivilege
1521912084.304724	CBs8sZ2kIbw2QgSdy4	10.47.22.25	58947	10.47.2.153	514	udp	LOCAL0	NOTICE	1 2018-03-24T09:05:14-07:00 Kramer.jerry.land EvntSLog - - - Special privileges assigned to new logon. Subject: Security ID: S-1-5-18 Account Name: KRAMER$ Account Domain: JERRY Logon ID: 0x3bd92a4 Privileges: SeSecurityPrivilege SeBackupPrivilege SeRestorePrivilege SeTakeOwnershipPrivilege SeDebugPrivilege SeSystemEnvironmentPrivilege SeLoadDriverPrivilege SeImpersonatePrivilege SeEnableDelegationPrivilege
1521912084.320198	CBs8sZ2kIbw2QgSdy4	10.47.22.25	58947	10.47.2.153	514	udp	LOCAL0	INFO	1 2018-03-24T09:05:14-07:00 Kramer.jerry.land EvntSLog - - - Group Policy successfully discovered the Domain Controller in 2122 milliseconds.
1521912084.320200	CBs8sZ2kIbw2QgSdy4	10.47.22.25	58947	10.47.2.153	514	udp	LOCAL0	INFO	1 2018-03-24T09:05:14-07:00 Kramer.jerry.land EvntSLog - - - Group Policy successfully discovered the Domain Controller in 2122 milliseconds.
1521912084.320202	CBs8sZ2kIbw2QgSdy4	10.47.22.25	58947	10.47.2.153	514	udp	LOCAL0	INFO	1 2018-03-24T09:05:14-07:00 Kramer.jerry.land EvntSLog - - - Group Policy successfully discovered the Domain Controller in 2122 milliseconds.
1521912084.320204	CBs8sZ2kIbw2QgSdy4	10.47.22.25	58947	10.47.2.153	514	udp	LOCAL0	INFO	1 2018-03-24T09:05:14-07:00 Kramer.jerry.land EvntSLog - - - Group Policy successfully discovered the Domain Controller in 2122 milliseconds.
1521912084.321188	CBs8sZ2kIbw2QgSdy4	10.47.22.25	58947	10.47.2.153	514	udp	LOCAL0	NOTICE	1 2018-03-24T09:05:14-07:00 Kramer.jerry.land EvntSLog - - - An account was successfully logged on. Subject: Security ID: S-1-0-0 Account Name: - Account Domain: - Logon ID: 0x0 Logon Type: 3 New Logon: Security ID: S-1-5-18 Account Name: KRAMER$ Account Domain: JERRY Logon ID: 0x3bd92a4 Logon GUID: {8A226FDA-FE88-F8FC-B6A3-39969F997F6A} Process Information: Process ID: 0x0 Process Name: - Network Information: Workstation Name: Source Network Address: ::1 Source Port: 0 Detailed Authentication Information: Logon Process: Kerberos Authentication Package: Kerberos Transited Services: - Package Name (NTLM only): - Key Length: 0 This event is generated when a logon session is created. It is generated on the computer that was accessed. The subject fields indicate the account on the local system which requested the logon. This is most commonly a service such as the Server service, or a local process such as Winlogon.exe or Services.exe. The logon type field indicates the kind of logon that occurred. The most common types are 2 (interactive) and 3 (network). The New Logon fields indicate the account for whom the new logon was created, i.e. the account that was logged on. The network fields indicate where a remote logon request originated. Workstation name is not always available and may be left blank in some cases. The authentication information fields provide detailed information about this specific logon request. - Logon GUID is a unique identifier that can be used to correlate this event with a KDC event. - Transited services indicate which intermediate services have participated in this logon request. - Package name indicates which sub-protocol was used among the NTLM protocols. - Key length indicates the length of the generated session key. This will be 0 if no session key was requested.
1521912084.321197	CBs8sZ2kIbw2QgSdy4	10.47.22.25	58947	10.47.2.153	514	udp	LOCAL0	NOTICE	1 2018-03-24T09:05:14-07:00 Kramer.jerry.land EvntSLog - - - An account was successfully logged on. Subject: Security ID: S-1-0-0 Account Name: - Account Domain: - Logon ID: 0x0 Logon Type: 3 New Logon: Security ID: S-1-5-18 Account Name: KRAMER$ Account Domain: JERRY Logon ID: 0x3bd92a4 Logon GUID: {8A226FDA-FE88-F8FC-B6A3-39969F997F6A} Process Information: Process ID: 0x0 Process Name: - Network Information: Workstation Name: Source Network Address: ::1 Source Port: 0 Detailed Authentication Information: Logon Process: Kerberos Authentication Package: Kerberos Transited Services: - Package Name (NTLM only): - Key Length: 0 This event is generated when a logon session is created. It is generated on the computer that was accessed. The subject fields indicate the account on the local system which requested the logon. This is most commonly a service such as the Server service, or a local process such as Winlogon.exe or Services.exe. The logon type field indicates the kind of logon that occurred. The most common types are 2 (interactive) and 3 (network). The New Logon fields indicate the account for whom the new logon was created, i.e. the account that was logged on. The network fields indicate where a remote logon request originated. Workstation name is not always available and may be left blank in some cases. The authentication information fields provide detailed information about this specific logon request. - Logon GUID is a unique identifier that can be used to correlate this event with a KDC event. - Transited services indicate which intermediate services have participated in this logon request. - Package name indicates which sub-protocol was used among the NTLM protocols. - Key length indicates the length of the generated session key. This will be 0 if no session key was requested.
1521912084.321365	CBs8sZ2kIbw2QgSdy4	10.47.22.25	58947	10.47.2.153	514	udp	LOCAL0	NOTICE	1 2018-03-24T09:05:14-07:00 Kramer.jerry.land EvntSLog - - - An account was successfully logged on. Subject: Security ID: S-1-0-0 Account Name: - Account Domain: - Logon ID: 0x0 Logon Type: 3 New Logon: Security ID: S-1-5-18 Account Name: KRAMER$ Account Domain: JERRY Logon ID: 0x3bd92a4 Logon GUID: {8A226FDA-FE88-F8FC-B6A3-39969F997F6A} Process Information: Process ID: 0x0 Process Name: - Network Information: Workstation Name: Source Network Address: ::1 Source Port: 0 Detailed Authentication Information: Logon Process: Kerberos Authentication Package: Kerberos Transited Services: - Package Name (NTLM only): - Key Length: 0 This event is generated when a logon session is created. It is generated on the computer that was accessed. The subject fields indicate the account on the local system which requested the logon. This is most commonly a service such as the Server service, or a local process such as Winlogon.exe or Services.exe. The logon type field indicates the kind of logon that occurred. The most common types are 2 (interactive) and 3 (network). The New Logon fields indicate the account for whom the new logon was created, i.e. the account that was logged on. The network fields indicate where a remote logon request originated. Workstation name is not always available and may be left blank in some cases. The authentication information fields provide detailed information about this specific logon request. - Logon GUID is a unique identifier that can be used to correlate this event with a KDC event. - Transited services indicate which intermediate services have participated in this logon request. - Package name indicates which sub-protocol was used among the NTLM protocols. - Key length indicates the length of the generated session key. This will be 0 if no session key was requested.
1521912084.321370	CBs8sZ2kIbw2QgSdy4	10.47.22.25	58947	10.47.2.153	514	udp	LOCAL0	NOTICE	1 2018-03-24T09:05:14-07:00 Kramer.jerry.land EvntSLog - - - An account was successfully logged on. Subject: Security ID: S-1-0-0 Account Name: - Account Domain: - Logon ID: 0x0 Logon Type: 3 New Logon: Security ID: S-1-5-18 Account Name: KRAMER$ Account Domain: JERRY Logon ID: 0x3bd92a4 Logon GUID: {8A226FDA-FE88-F8FC-B6A3-39969F997F6A} Process Information: Process ID: 0x0 Process Name: - Network Information: Workstation Name: Source Network Address: ::1 Source Port: 0 Detailed Authentication Information: Logon Process: Kerberos Authentication Package: Kerberos Transited Services: - Package Name (NTLM only): - Key Length: 0 This event is generated when a logon session is created. It is generated on the computer that was accessed. The subject fields indicate the account on the local system which requested the logon. This is most commonly a service such as the Server service, or a local process such as Winlogon.exe or Services.exe. The logon type field indicates the kind of logon that occurred. The most common types are 2 (interactive) and 3 (network). The New Logon fields indicate the account for whom the new logon was created, i.e. the account that was logged on. The network fields indicate where a remote logon request originated. Workstation name is not always available and may be left blank in some cases. The authentication information fields provide detailed information about this specific logon request. - Logon GUID is a unique identifier that can be used to correlate this event with a KDC event. - Transited services indicate which intermediate services have participated in this logon request. - Package name indicates which sub-protocol was used among the NTLM protocols. - Key length indicates the length of the generated session key. This will be 0 if no session key was requested.
1521912084.335811	CBs8sZ2kIbw2QgSdy4	10.47.22.25	58947	10.47.2.153	514	udp	LOCAL0	INFO	1 2018-03-24T09:05:14-07:00 Kramer.jerry.land EvntSLog - - - Computer details: Computer role : 3 Network name : 
1521912084.335815	CBs8sZ2kIbw2QgSdy4	10.47.22.25	58947	10.47.2.153	514	udp	LOCAL0	INFO	1 2018-03-24T09:05:14-07:00 Kramer.jerry.land EvntSLog - - - Computer details: Computer role : 3 Network name : 
1521912084.335817	CBs8sZ2kIbw2QgSdy4	10.47.22.25	58947	10.47.2.153	514	udp	LOCAL0	INFO	1 2018-03-24T09:05:14-07:00 Kramer.jerry.land EvntSLog - - - Computer details: Computer role : 3 Network name : 
1521912084.335819	CBs8sZ2kIbw2QgSdy4	10.47.22.25	58947	10.47.2.153	514	udp	LOCAL0	INFO	1 2018-03-24T09:05:14-07:00 Kramer.jerry.land EvntSLog - - - Computer details: Computer role : 3 Network name : 
1521912084.336398	CBs8sZ2kIbw2QgSdy4	10.47.22.25	58947	10.47.2.153	514	udp	LOCAL0	NOTICE	1 2018-03-24T09:05:14-07:00 Kramer.jerry.land EvntSLog - - - Special privileges assigned to new logon. Subject: Security ID: S-1-5-18 Account Name: KRAMER$ Account Domain: JERRY Logon ID: 0x3bd92f2 Privileges: SeSecurityPrivilege SeBackupPrivilege SeRestorePrivilege SeTakeOwnershipPrivilege SeDebugPrivilege SeSystemEnvironmentPrivilege SeLoadDriverPrivilege SeImpersonatePrivilege SeEnableDelegationPrivilege
1521912084.336400	CBs8sZ2kIbw2QgSdy4	10.47.22.25	58947	10.47.2.153	514	udp	LOCAL0	NOTICE	1 2018-03-24T09:05:14-07:00 Kramer.jerry.land EvntSLog - - - Special privileges assigned to new logon. Subject: Security ID: S-1-5-18 Account Name: KRAMER$ Account Domain: JERRY Logon ID: 0x3bd92f2 Privileges: SeSecurityPrivilege SeBackupPrivilege SeRestorePrivilege SeTakeOwnershipPrivilege SeDebugPrivilege SeSystemEnvironmentPrivilege SeLoadDriverPrivilege SeImpersonatePrivilege SeEnableDelegationPrivilege
1521912084.336502	CBs8sZ2kIbw2QgSdy4	10.47.22.25	58947	10.47.2.153	514	udp	LOCAL0	NOTICE	1 2018-03-24T09:05:14-07:00 Kramer.jerry.land EvntSLog - - - Special privileges assigned to new logon. Subject: Security ID: S-1-5-18 Account Name: KRAMER$ Account Domain: JERRY Logon ID: 0x3bd92f2 Privileges: SeSecurityPrivilege SeBackupPrivilege SeRestorePrivilege SeTakeOwnershipPrivilege SeDebugPrivilege SeSystemEnvironmentPrivilege SeLoadDriverPrivilege SeImpersonatePrivilege SeEnableDelegationPrivilege
1521912084.336506	CBs8sZ2kIbw2QgSdy4	10.47.22.25	58947	10.47.2.153	514	udp	LOCAL0	NOTICE	1 2018-03-24T09:05:14-07:00 Kramer.jerry.land EvntSLog - - - Special privileges assigned to new logon. Subject: Security ID: S-1-5-18 Account Name: KRAMER$ Account Domain: JERRY Logon ID: 0x3bd92f2 Privileges: SeSecurityPrivilege SeBackupPrivilege SeRestorePrivilege SeTakeOwnershipPrivilege SeDebugPrivilege SeSystemEnvironmentPrivilege SeLoadDriverPrivilege SeImpersonatePrivilege SeEnableDelegationPrivilege
1521912084.351579	CBs8sZ2kIbw2QgSdy4	10.47.22.25	58947	10.47.2.153	514	udp	LOCAL0	INFO	1 2018-03-24T09:05:14-07:00 Kramer.jerry.land EvntSLog - - - Account details: Account Name : CN=KRAMER,OU=Domain Controllers,DC=jerry,DC=land Account Domain Name : jerry.land DC Name : \\\\Kramer.jerry.land DC Domain Name : jerry.land
1521912084.351582	CBs8sZ2kIbw2QgSdy4	10.47.22.25	58947	10.47.2.153	514	udp	LOCAL0	INFO	1 2018-03-24T09:05:14-07:00 Kramer.jerry.land EvntSLog - - - Account details: Account Name : CN=KRAMER,OU=Domain Controllers,DC=jerry,DC=land Account Domain Name : jerry.land DC Name : \\\\Kramer.jerry.land DC Domain Name : jerry.land
1521912084.351584	CBs8sZ2kIbw2QgSdy4	10.47.22.25	58947	10.47.2.153	514	udp	LOCAL0	INFO	1 2018-03-24T09:05:14-07:00 Kramer.jerry.land EvntSLog - - - Account details: Account Name : CN=KRAMER,OU=Domain Controllers,DC=jerry,DC=land Account Domain Name : jerry.land DC Name : \\\\Kramer.jerry.land DC Domain Name : jerry.land
1521912084.351779	CBs8sZ2kIbw2QgSdy4	10.47.22.25	58947	10.47.2.153	514	udp	LOCAL0	INFO	1 2018-03-24T09:05:14-07:00 Kramer.jerry.land EvntSLog - - - Account details: Account Name : CN=KRAMER,OU=Domain Controllers,DC=jerry,DC=land Account Domain Name : jerry.land DC Name : \\\\Kramer.jerry.land DC Domain Name : jerry.land
1521912084.352433	CBs8sZ2kIbw2QgSdy4	10.47.22.25	58947	10.47.2.153	514	udp	LOCAL0	NOTICE	1 2018-03-24T09:05:14-07:00 Kramer.jerry.land EvntSLog - - - An account was successfully logged on. Subject: Security ID: S-1-0-0 Account Name: - Account Domain: - Logon ID: 0x0 Logon Type: 3 New Logon: Security ID: S-1-5-18 Account Name: KRAMER$ Account Domain: JERRY Logon ID: 0x3bd92f2 Logon GUID: {8A226FDA-FE88-F8FC-B6A3-39969F997F6A} Process Information: Process ID: 0x0 Process Name: - Network Information: Workstation Name: Source Network Address: 172.20.0.25 Source Port: 49382 Detailed Authentication Information: Logon Process: Kerberos Authentication Package: Kerberos Transited Services: - Package Name (NTLM only): - Key Length: 0 This event is generated when a logon session is created. It is generated on the computer that was accessed. The subject fields indicate the account on the local system which requested the logon. This is most commonly a service such as the Server service, or a local process such as Winlogon.exe or Services.exe. The logon type field indicates the kind of logon that occurred. The most common types are 2 (interactive) and 3 (network). The New Logon fields indicate the account for whom the new logon was created, i.e. the account that was logged on. The network fields indicate where a remote logon request originated. Workstation name is not always available and may be left blank in some cases. The authentication information fields provide detailed information about this specific logon request. - Logon GUID is a unique identifier that can be used to correlate this event with a KDC event. - Transited services indicate which intermediate services have participated in this logon request. - Package name indicates which sub-protocol was used among the NTLM protocols. - Key length indicates the length of the generated session key. This will be 0 if no session key was requested.
1521912084.352439	CBs8sZ2kIbw2QgSdy4	10.47.22.25	58947	10.47.2.153	514	udp	LOCAL0	NOTICE	1 2018-03-24T09:05:14-07:00 Kramer.jerry.land EvntSLog - - - An account was successfully logged on. Subject: Security ID: S-1-0-0 Account Name: - Account Domain: - Logon ID: 0x0 Logon Type: 3 New Logon: Security ID: S-1-5-18 Account Name: KRAMER$ Account Domain: JERRY Logon ID: 0x3bd92f2 Logon GUID: {8A226FDA-FE88-F8FC-B6A3-39969F997F6A} Process Information: Process ID: 0x0 Process Name: - Network Information: Workstation Name: Source Network Address: 172.20.0.25 Source Port: 49382 Detailed Authentication Information: Logon Process: Kerberos Authentication Package: Kerberos Transited Services: - Package Name (NTLM only): - Key Length: 0 This event is generated when a logon session is created. It is generated on the computer that was accessed. The subject fields indicate the account on the local system which requested the logon. This is most commonly a service such as the Server service, or a local process such as Winlogon.exe or Services.exe. The logon type field indicates the kind of logon that occurred. The most common types are 2 (interactive) and 3 (network). The New Logon fields indicate the account for whom the new logon was created, i.e. the account that was logged on. The network fields indicate where a remote logon request originated. Workstation name is not always available and may be left blank in some cases. The authentication information fields provide detailed information about this specific logon request. - Logon GUID is a unique identifier that can be used to correlate this event with a KDC event. - Transited services indicate which intermediate services have participated in this logon request. - Package name indicates which sub-protocol was used among the NTLM protocols. - Key length indicates the length of the generated session key. This will be 0 if no session key was requested.
1521912084.352581	CBs8sZ2kIbw2QgSdy4	10.47.22.25	58947	10.47.2.153	514	udp	LOCAL0	NOTICE	1 2018-03-24T09:05:14-07:00 Kramer.jerry.land EvntSLog - - - An account was successfully logged on. Subject: Security ID: S-1-0-0 Account Name: - Account Domain: - Logon ID: 0x0 Logon Type: 3 New Logon: Security ID: S-1-5-18 Account Name: KRAMER$ Account Domain: JERRY Logon ID: 0x3bd92f2 Logon GUID: {8A226FDA-FE88-F8FC-B6A3-39969F997F6A} Process Information: Process ID: 0x0 Process Name: - Network Information: Workstation Name: Source Network Address: 172.20.0.25 Source Port: 49382 Detailed Authentication Information: Logon Process: Kerberos Authentication Package: Kerberos Transited Services: - Package Name (NTLM only): - Key Length: 0 This event is generated when a logon session is created. It is generated on the computer that was accessed. The subject fields indicate the account on the local system which requested the logon. This is most commonly a service such as the Server service, or a local process such as Winlogon.exe or Services.exe. The logon type field indicates the kind of logon that occurred. The most common types are 2 (interactive) and 3 (network). The New Logon fields indicate the account for whom the new logon was created, i.e. the account that was logged on. The network fields indicate where a remote logon request originated. Workstation name is not always available and may be left blank in some cases. The authentication information fields provide detailed information about this specific logon request. - Logon GUID is a unique identifier that can be used to correlate this event with a KDC event. - Transited services indicate which intermediate services have participated in this logon request. - Package name indicates which sub-protocol was used among the NTLM protocols. - Key length indicates the length of the generated session key. This will be 0 if no session key was requested.
1521912084.352710	CBs8sZ2kIbw2QgSdy4	10.47.22.25	58947	10.47.2.153	514	udp	LOCAL0	NOTICE	1 2018-03-24T09:05:14-07:00 Kramer.jerry.land EvntSLog - - - An account was successfully logged on. Subject: Security ID: S-1-0-0 Account Name: - Account Domain: - Logon ID: 0x0 Logon Type: 3 New Logon: Security ID: S-1-5-18 Account Name: KRAMER$ Account Domain: JERRY Logon ID: 0x3bd92f2 Logon GUID: {8A226FDA-FE88-F8FC-B6A3-39969F997F6A} Process Information: Process ID: 0x0 Process Name: - Network Information: Workstation Name: Source Network Address: 172.20.0.25 Source Port: 49382 Detailed Authentication Information: Logon Process: Kerberos Authentication Package: Kerberos Transited Services: - Package Name (NTLM only): - Key Length: 0 This event is generated when a logon session is created. It is generated on the computer that was accessed. The subject fields indicate the account on the local system which requested the logon. This is most commonly a service such as the Server service, or a local process such as Winlogon.exe or Services.exe. The logon type field indicates the kind of logon that occurred. The most common types are 2 (interactive) and 3 (network). The New Logon fields indicate the account for whom the new logon was created, i.e. the account that was logged on. The network fields indicate where a remote logon request originated. Workstation name is not always available and may be left blank in some cases. The authentication information fields provide detailed information about this specific logon request. - Logon GUID is a unique identifier that can be used to correlate this event with a KDC event. - Transited services indicate which intermediate services have participated in this logon request. - Package name indicates which sub-protocol was used among the NTLM protocols. - Key length indicates the length of the generated session key. This will be 0 if no session key was requested.
1521912084.367197	CBs8sZ2kIbw2QgSdy4	10.47.22.25	58947	10.47.2.153	514	udp	LOCAL0	INFO	1 2018-03-24T09:05:14-07:00 Kramer.jerry.land EvntSLog - - - The loopback policy processing mode is "No loopback mode".
1521912084.367202	CBs8sZ2kIbw2QgSdy4	10.47.22.25	58947	10.47.2.153	514	udp	LOCAL0	INFO	1 2018-03-24T09:05:14-07:00 Kramer.jerry.land EvntSLog - - - The loopback policy processing mode is "No loopback mode".
1521912084.367206	CBs8sZ2kIbw2QgSdy4	10.47.22.25	58947	10.47.2.153	514	udp	LOCAL0	INFO	1 2018-03-24T09:05:14-07:00 Kramer.jerry.land EvntSLog - - - The loopback policy processing mode is "No loopback mode".
1521912084.367209	CBs8sZ2kIbw2QgSdy4	10.47.22.25	58947	10.47.2.153	514	udp	LOCAL0	INFO	1 2018-03-24T09:05:14-07:00 Kramer.jerry.land EvntSLog - - - The loopback policy processing mode is "No loopback mode".
1521912084.367509	CBs8sZ2kIbw2QgSdy4	10.47.22.25	58947	10.47.2.153	514	udp	LOCAL0	NOTICE	1 2018-03-24T09:05:14-07:00 Kramer.jerry.land EvntSLog - - - An account was logged off. Subject: Security ID: S-1-5-18 Account Name: KRAMER$ Account Domain: JERRY Logon ID: 0x3bd92f2 Logon Type: 3 This event is generated when a logon session is destroyed. It may be positively correlated with a logon event using the Logon ID value. Logon IDs are only unique between reboots on the same computer.
1521912084.367513	CBs8sZ2kIbw2QgSdy4	10.47.22.25	58947	10.47.2.153	514	udp	LOCAL0	NOTICE	1 2018-03-24T09:05:14-07:00 Kramer.jerry.land EvntSLog - - - An account was logged off. Subject: Security ID: S-1-5-18 Account Name: KRAMER$ Account Domain: JERRY Logon ID: 0x3bd92f2 Logon Type: 3 This event is generated when a logon session is destroyed. It may be positively correlated with a logon event using the Logon ID value. Logon IDs are only unique between reboots on the same computer.
1521912084.367514	CBs8sZ2kIbw2QgSdy4	10.47.22.25	58947	10.47.2.153	514	udp	LOCAL0	NOTICE	1 2018-03-24T09:05:14-07:00 Kramer.jerry.land EvntSLog - - - An account was logged off. Subject: Security ID: S-1-5-18 Account Name: KRAMER$ Account Domain: JERRY Logon ID: 0x3bd92f2 Logon Type: 3 This event is generated when a logon session is destroyed. It may be positively correlated with a logon event using the Logon ID value. Logon IDs are only unique between reboots on the same computer.
1521912084.367516	CBs8sZ2kIbw2QgSdy4	10.47.22.25	58947	10.47.2.153	514	udp	LOCAL0	NOTICE	1 2018-03-24T09:05:14-07:00 Kramer.jerry.land EvntSLog - - - An account was logged off. Subject: Security ID: S-1-5-18 Account Name: KRAMER$ Account Domain: JERRY Logon ID: 0x3bd92f2 Logon Type: 3 This event is generated when a logon session is destroyed. It may be positively correlated with a logon event using the Logon ID value. Logon IDs are only unique between reboots on the same computer.
