1521911905.746829	Ch0AfDSaPcbmWiE8l	10.47.22.82	62695	10.47.2.153	514	udp	LOCAL0	INFO	1 2018-03-24T09:02:16-07:00 PC-helen.jerry.land EvntSLog - - - @cee: {"source": "PC-helen.jerry.land", "msg": "The Application Experience service entered the stopped state.", "nteventlogtype": "System", "sourceproc": "Service Control Manager", "id": "7036", "categoryid": "0", "category": "0", "keywordid": "0x8080000000000000", "user": "N\\\\A", "param1": "Application Experience", "param2": "stopped", "catname": "", "keyword": "Classic", "level": "Information"}
1521911905.746858	Ch0AfDSaPcbmWiE8l	10.47.22.82	62695	10.47.2.153	514	udp	LOCAL0	INFO	1 2018-03-24T09:02:16-07:00 PC-helen.jerry.land EvntSLog - - - @cee: {"source": "PC-helen.jerry.land", "msg": "The Application Experience service entered the stopped state.", "nteventlogtype": "System", "sourceproc": "Service Control Manager", "id": "7036", "categoryid": "0", "category": "0", "keywordid": "0x8080000000000000", "user": "N\\\\A", "param1": "Application Experience", "param2": "stopped", "catname": "", "keyword": "Classic", "level": "Information"}
1521911905.747112	Ch0AfDSaPcbmWiE8l	10.47.22.82	62695	10.47.2.153	514	udp	LOCAL0	INFO	1 2018-03-24T09:02:16-07:00 PC-helen.jerry.land EvntSLog - - - @cee: {"source": "PC-helen.jerry.land", "msg": "The Application Experience service entered the stopped state.", "nteventlogtype": "System", "sourceproc": "Service Control Manager", "id": "7036", "categoryid": "0", "category": "0", "keywordid": "0x8080000000000000", "user": "N\\\\A", "param1": "Application Experience", "param2": "stopped", "catname": "", "keyword": "Classic", "level": "Information"}
1521911905.747113	Ch0AfDSaPcbmWiE8l	10.47.22.82	62695	10.47.2.153	514	udp	LOCAL0	INFO	1 2018-03-24T09:02:16-07:00 PC-helen.jerry.land EvntSLog - - - @cee: {"source": "PC-helen.jerry.land", "msg": "The Application Experience service entered the stopped state.", "nteventlogtype": "System", "sourceproc": "Service Control Manager", "id": "7036", "categoryid": "0", "category": "0", "keywordid": "0x8080000000000000", "user": "N\\\\A", "param1": "Application Experience", "param2": "stopped", "catname": "", "keyword": "Classic", "level": "Information"}
1521911937.780650	Ch0AfDSaPcbmWiE8l	10.47.22.82	62695	10.47.2.153	514	udp	LOCAL0	INFO	1 2018-03-24T09:02:48-07:00 PC-helen.jerry.land EvntSLog - - - @cee: {"source": "PC-helen.jerry.land", "msg": "Task Scheduler successfully completed task \\"\\\\Microsoft\\\\Windows\\\\RAC\\\\RacTask\\" , instance \\"{1C056058-E4E9-4E18-9ECA-ACD687FFCF0E}\\" , action \\"ReliabilityAnalysisCustomHandler\\" with return code 0.", "nteventlogtype": "Microsoft-Windows-TaskScheduler/Operational", "sourceproc": "Microsoft-Windows-TaskScheduler", "id": "201", "categoryid": "201", "category": "201", "keywordid": "0x8000000000000000", "user": "NT AUTHORITY\\\\SYSTEM", "user_sid": "S-1-5-18", "TaskName": "\\\\Microsoft\\\\Windows\\\\RAC\\\\RacTask", "TaskInstanceId": "{1C056058-E4E9-4E18-9ECA-ACD687FFCF0E}", "ActionName": "ReliabilityAnalysisCustomHandler", "ResultCode": "0", "catname": "Action completed", "level": "Information"}
1521911937.780652	Ch0AfDSaPcbmWiE8l	10.47.22.82	62695	10.47.2.153	514	udp	LOCAL0	INFO	1 2018-03-24T09:02:48-07:00 PC-helen.jerry.land EvntSLog - - - @cee: {"source": "PC-helen.jerry.land", "msg": "Task Scheduler successfully completed task \\"\\\\Microsoft\\\\Windows\\\\RAC\\\\RacTask\\" , instance \\"{1C056058-E4E9-4E18-9ECA-ACD687FFCF0E}\\" , action \\"ReliabilityAnalysisCustomHandler\\" with return code 0.", "nteventlogtype": "Microsoft-Windows-TaskScheduler/Operational", "sourceproc": "Microsoft-Windows-TaskScheduler", "id": "201", "categoryid": "201", "category": "201", "keywordid": "0x8000000000000000", "user": "NT AUTHORITY\\\\SYSTEM", "user_sid": "S-1-5-18", "TaskName": "\\\\Microsoft\\\\Windows\\\\RAC\\\\RacTask", "TaskInstanceId": "{1C056058-E4E9-4E18-9ECA-ACD687FFCF0E}", "ActionName": "ReliabilityAnalysisCustomHandler", "ResultCode": "0", "catname": "Action completed", "level": "Information"}
1521911937.780780	Ch0AfDSaPcbmWiE8l	10.47.22.82	62695	10.47.2.153	514	udp	LOCAL0	INFO	1 2018-03-24T09:02:48-07:00 PC-helen.jerry.land EvntSLog - - - @cee: {"source": "PC-helen.jerry.land", "msg": "Task Scheduler successfully completed task \\"\\\\Microsoft\\\\Windows\\\\RAC\\\\RacTask\\" , instance \\"{1C056058-E4E9-4E18-9ECA-ACD687FFCF0E}\\" , action \\"ReliabilityAnalysisCustomHandler\\" with return code 0.", "nteventlogtype": "Microsoft-Windows-TaskScheduler/Operational", "sourceproc": "Microsoft-Windows-TaskScheduler", "id": "201", "categoryid": "201", "category": "201", "keywordid": "0x8000000000000000", "user": "NT AUTHORITY\\\\SYSTEM", "user_sid": "S-1-5-18", "TaskName": "\\\\Microsoft\\\\Windows\\\\RAC\\\\RacTask", "TaskInstanceId": "{1C056058-E4E9-4E18-9ECA-ACD687FFCF0E}", "ActionName": "ReliabilityAnalysisCustomHandler", "ResultCode": "0", "catname": "Action completed", "level": "Information"}
1521911937.780782	Ch0AfDSaPcbmWiE8l	10.47.22.82	62695	10.47.2.153	514	udp	LOCAL0	INFO	1 2018-03-24T09:02:48-07:00 PC-helen.jerry.land EvntSLog - - - @cee: {"source": "PC-helen.jerry.land", "msg": "Task Scheduler successfully completed task \\"\\\\Microsoft\\\\Windows\\\\RAC\\\\RacTask\\" , instance \\"{1C056058-E4E9-4E18-9ECA-ACD687FFCF0E}\\" , action \\"ReliabilityAnalysisCustomHandler\\" with return code 0.", "nteventlogtype": "Microsoft-Windows-TaskScheduler/Operational", "sourceproc": "Microsoft-Windows-TaskScheduler", "id": "201", "categoryid": "201", "category": "201", "keywordid": "0x8000000000000000", "user": "NT AUTHORITY\\\\SYSTEM", "user_sid": "S-1-5-18", "TaskName": "\\\\Microsoft\\\\Windows\\\\RAC\\\\RacTask", "TaskInstanceId": "{1C056058-E4E9-4E18-9ECA-ACD687FFCF0E}", "ActionName": "ReliabilityAnalysisCustomHandler", "ResultCode": "0", "catname": "Action completed", "level": "Information"}
1521911937.794404	Ch0AfDSaPcbmWiE8l	10.47.22.82	62695	10.47.2.153	514	udp	LOCAL0	INFO	1 2018-03-24T09:02:48-07:00 PC-helen.jerry.land EvntSLog - - - @cee: {"source": "PC-helen.jerry.land", "msg": "Task Scheduler successfully finished \\"{1C056058-E4E9-4E18-9ECA-ACD687FFCF0E}\\" instance of the \\"\\\\Microsoft\\\\Windows\\\\RAC\\\\RacTask\\" task for user \\"NT AUTHORITY\\\\LOCAL SERVICE\\".", "nteventlogtype": "Microsoft-Windows-TaskScheduler/Operational", "sourceproc": "Microsoft-Windows-TaskScheduler", "id": "102", "categoryid": "102", "category": "102", "keywordid": "0x8000000000000001", "user": "NT AUTHORITY\\\\SYSTEM", "user_sid": "S-1-5-18", "TaskName": "\\\\Microsoft\\\\Windows\\\\RAC\\\\RacTask", "UserContext": "NT AUTHORITY\\\\LOCAL SERVICE", "InstanceId": "{1C056058-E4E9-4E18-9ECA-ACD687FFCF0E}", "catname": "Task completed", "level": "Information"}
1521911937.794408	Ch0AfDSaPcbmWiE8l	10.47.22.82	62695	10.47.2.153	514	udp	LOCAL0	INFO	1 2018-03-24T09:02:48-07:00 PC-helen.jerry.land EvntSLog - - - @cee: {"source": "PC-helen.jerry.land", "msg": "Task Scheduler successfully finished \\"{1C056058-E4E9-4E18-9ECA-ACD687FFCF0E}\\" instance of the \\"\\\\Microsoft\\\\Windows\\\\RAC\\\\RacTask\\" task for user \\"NT AUTHORITY\\\\LOCAL SERVICE\\".", "nteventlogtype": "Microsoft-Windows-TaskScheduler/Operational", "sourceproc": "Microsoft-Windows-TaskScheduler", "id": "102", "categoryid": "102", "category": "102", "keywordid": "0x8000000000000001", "user": "NT AUTHORITY\\\\SYSTEM", "user_sid": "S-1-5-18", "TaskName": "\\\\Microsoft\\\\Windows\\\\RAC\\\\RacTask", "UserContext": "NT AUTHORITY\\\\LOCAL SERVICE", "InstanceId": "{1C056058-E4E9-4E18-9ECA-ACD687FFCF0E}", "catname": "Task completed", "level": "Information"}
1521911937.794415	Ch0AfDSaPcbmWiE8l	10.47.22.82	62695	10.47.2.153	514	udp	LOCAL0	INFO	1 2018-03-24T09:02:48-07:00 PC-helen.jerry.land EvntSLog - - - @cee: {"source": "PC-helen.jerry.land", "msg": "Task Scheduler successfully finished \\"{1C056058-E4E9-4E18-9ECA-ACD687FFCF0E}\\" instance of the \\"\\\\Microsoft\\\\Windows\\\\RAC\\\\RacTask\\" task for user \\"NT AUTHORITY\\\\LOCAL SERVICE\\".", "nteventlogtype": "Microsoft-Windows-TaskScheduler/Operational", "sourceproc": "Microsoft-Windows-TaskScheduler", "id": "102", "categoryid": "102", "category": "102", "keywordid": "0x8000000000000001", "user": "NT AUTHORITY\\\\SYSTEM", "user_sid": "S-1-5-18", "TaskName": "\\\\Microsoft\\\\Windows\\\\RAC\\\\RacTask", "UserContext": "NT AUTHORITY\\\\LOCAL SERVICE", "InstanceId": "{1C056058-E4E9-4E18-9ECA-ACD687FFCF0E}", "catname": "Task completed", "level": "Information"}
1521911937.794417	Ch0AfDSaPcbmWiE8l	10.47.22.82	62695	10.47.2.153	514	udp	LOCAL0	INFO	1 2018-03-24T09:02:48-07:00 PC-helen.jerry.land EvntSLog - - - @cee: {"source": "PC-helen.jerry.land", "msg": "Task Scheduler successfully finished \\"{1C056058-E4E9-4E18-9ECA-ACD687FFCF0E}\\" instance of the \\"\\\\Microsoft\\\\Windows\\\\RAC\\\\RacTask\\" task for user \\"NT AUTHORITY\\\\LOCAL SERVICE\\".", "nteventlogtype": "Microsoft-Windows-TaskScheduler/Operational", "sourceproc": "Microsoft-Windows-TaskScheduler", "id": "102", "categoryid": "102", "category": "102", "keywordid": "0x8000000000000001", "user": "NT AUTHORITY\\\\SYSTEM", "user_sid": "S-1-5-18", "TaskName": "\\\\Microsoft\\\\Windows\\\\RAC\\\\RacTask", "UserContext": "NT AUTHORITY\\\\LOCAL SERVICE", "InstanceId": "{1C056058-E4E9-4E18-9ECA-ACD687FFCF0E}", "catname": "Task completed", "level": "Information"}
1521911945.750225	Ch0AfDSaPcbmWiE8l	10.47.22.82	62695	10.47.2.153	514	udp	LOCAL0	INFO	1 2018-03-24T09:02:56-07:00 PC-helen.jerry.land EvntSLog - - - @cee: {"source": "PC-helen.jerry.land", "msg": "A summary of the Client Side Caching counters has been generated. The counter list can be found in the event details.", "nteventlogtype": "Microsoft-Windows-BranchCacheSMB/Operational", "sourceproc": "Microsoft-Windows-BranchCacheSMB", "id": "3005", "categoryid": "0", "category": "0", "keywordid": "0x8000000000000800", "user": "NT AUTHORITY\\\\SYSTEM", "user_sid": "S-1-5-18", "catname": "", "keyword": "SMB BranchCache", "level": "Information"}
1521911945.750229	Ch0AfDSaPcbmWiE8l	10.47.22.82	62695	10.47.2.153	514	udp	LOCAL0	INFO	1 2018-03-24T09:02:56-07:00 PC-helen.jerry.land EvntSLog - - - @cee: {"source": "PC-helen.jerry.land", "msg": "A summary of the Client Side Caching counters has been generated. The counter list can be found in the event details.", "nteventlogtype": "Microsoft-Windows-BranchCacheSMB/Operational", "sourceproc": "Microsoft-Windows-BranchCacheSMB", "id": "3005", "categoryid": "0", "category": "0", "keywordid": "0x8000000000000800", "user": "NT AUTHORITY\\\\SYSTEM", "user_sid": "S-1-5-18", "catname": "", "keyword": "SMB BranchCache", "level": "Information"}
1521911945.750231	Ch0AfDSaPcbmWiE8l	10.47.22.82	62695	10.47.2.153	514	udp	LOCAL0	INFO	1 2018-03-24T09:02:56-07:00 PC-helen.jerry.land EvntSLog - - - @cee: {"source": "PC-helen.jerry.land", "msg": "A summary of the Client Side Caching counters has been generated. The counter list can be found in the event details.", "nteventlogtype": "Microsoft-Windows-BranchCacheSMB/Operational", "sourceproc": "Microsoft-Windows-BranchCacheSMB", "id": "3005", "categoryid": "0", "category": "0", "keywordid": "0x8000000000000800", "user": "NT AUTHORITY\\\\SYSTEM", "user_sid": "S-1-5-18", "catname": "", "keyword": "SMB BranchCache", "level": "Information"}
1521911945.750233	Ch0AfDSaPcbmWiE8l	10.47.22.82	62695	10.47.2.153	514	udp	LOCAL0	INFO	1 2018-03-24T09:02:56-07:00 PC-helen.jerry.land EvntSLog - - - @cee: {"source": "PC-helen.jerry.land", "msg": "A summary of the Client Side Caching counters has been generated. The counter list can be found in the event details.", "nteventlogtype": "Microsoft-Windows-BranchCacheSMB/Operational", "sourceproc": "Microsoft-Windows-BranchCacheSMB", "id": "3005", "categoryid": "0", "category": "0", "keywordid": "0x8000000000000800", "user": "NT AUTHORITY\\\\SYSTEM", "user_sid": "S-1-5-18", "catname": "", "keyword": "SMB BranchCache", "level": "Information"}
1521911950.417190	CBs8sZ2kIbw2QgSdy4	10.47.22.25	58947	10.47.2.153	514	udp	LOCAL0	NOTICE	1 2018-03-24T09:03:00-07:00 Kramer.jerry.land EvntSLog - - - An account was logged off. Subject: Security ID: S-1-5-18 Account Name: KRAMER$ Account Domain: JERRY Logon ID: 0x3bae917 Logon Type: 3 This event is generated when a logon session is destroyed. It may be positively correlated with a logon event using the Logon ID value. Logon IDs are only unique between reboots on the same computer.
1521911950.417194	CBs8sZ2kIbw2QgSdy4	10.47.22.25	58947	10.47.2.153	514	udp	LOCAL0	NOTICE	1 2018-03-24T09:03:00-07:00 Kramer.jerry.land EvntSLog - - - An account was logged off. Subject: Security ID: S-1-5-18 Account Name: KRAMER$ Account Domain: JERRY Logon ID: 0x3bae917 Logon Type: 3 This event is generated when a logon session is destroyed. It may be positively correlated with a logon event using the Logon ID value. Logon IDs are only unique between reboots on the same computer.
1521911950.417456	CBs8sZ2kIbw2QgSdy4	10.47.22.25	58947	10.47.2.153	514	udp	LOCAL0	NOTICE	1 2018-03-24T09:03:00-07:00 Kramer.jerry.land EvntSLog - - - An account was logged off. Subject: Security ID: S-1-5-18 Account Name: KRAMER$ Account Domain: JERRY Logon ID: 0x3bae917 Logon Type: 3 This event is generated when a logon session is destroyed. It may be positively correlated with a logon event using the Logon ID value. Logon IDs are only unique between reboots on the same computer.
1521911950.417460	CBs8sZ2kIbw2QgSdy4	10.47.22.25	58947	10.47.2.153	514	udp	LOCAL0	NOTICE	1 2018-03-24T09:03:00-07:00 Kramer.jerry.land EvntSLog - - - An account was logged off. Subject: Security ID: S-1-5-18 Account Name: KRAMER$ Account Domain: JERRY Logon ID: 0x3bae917 Logon Type: 3 This event is generated when a logon session is destroyed. It may be positively correlated with a logon event using the Logon ID value. Logon IDs are only unique between reboots on the same computer.
1521911959.542631	CBs8sZ2kIbw2QgSdy4	10.47.22.25	58947	10.47.2.153	514	udp	LOCAL0	NOTICE	1 2018-03-24T09:03:10-07:00 Kramer.jerry.land EvntSLog - - - Special privileges assigned to new logon. Subject: Security ID: S-1-5-18 Account Name: KRAMER$ Account Domain: JERRY Logon ID: 0x3bca9c0 Privileges: SeSecurityPrivilege SeBackupPrivilege SeRestorePrivilege SeTakeOwnershipPrivilege SeDebugPrivilege SeSystemEnvironmentPrivilege SeLoadDriverPrivilege SeImpersonatePrivilege SeEnableDelegationPrivilege
1521911959.542634	CBs8sZ2kIbw2QgSdy4	10.47.22.25	58947	10.47.2.153	514	udp	LOCAL0	NOTICE	1 2018-03-24T09:03:10-07:00 Kramer.jerry.land EvntSLog - - - Special privileges assigned to new logon. Subject: Security ID: S-1-5-18 Account Name: KRAMER$ Account Domain: JERRY Logon ID: 0x3bca9c0 Privileges: SeSecurityPrivilege SeBackupPrivilege SeRestorePrivilege SeTakeOwnershipPrivilege SeDebugPrivilege SeSystemEnvironmentPrivilege SeLoadDriverPrivilege SeImpersonatePrivilege SeEnableDelegationPrivilege
1521911959.542636	CBs8sZ2kIbw2QgSdy4	10.47.22.25	58947	10.47.2.153	514	udp	LOCAL0	NOTICE	1 2018-03-24T09:03:10-07:00 Kramer.jerry.land EvntSLog - - - Special privileges assigned to new logon. Subject: Security ID: S-1-5-18 Account Name: KRAMER$ Account Domain: JERRY Logon ID: 0x3bca9c0 Privileges: SeSecurityPrivilege SeBackupPrivilege SeRestorePrivilege SeTakeOwnershipPrivilege SeDebugPrivilege SeSystemEnvironmentPrivilege SeLoadDriverPrivilege SeImpersonatePrivilege SeEnableDelegationPrivilege
1521911959.542804	CBs8sZ2kIbw2QgSdy4	10.47.22.25	58947	10.47.2.153	514	udp	LOCAL0	NOTICE	1 2018-03-24T09:03:10-07:00 Kramer.jerry.land EvntSLog - - - Special privileges assigned to new logon. Subject: Security ID: S-1-5-18 Account Name: KRAMER$ Account Domain: JERRY Logon ID: 0x3bca9c0 Privileges: SeSecurityPrivilege SeBackupPrivilege SeRestorePrivilege SeTakeOwnershipPrivilege SeDebugPrivilege SeSystemEnvironmentPrivilege SeLoadDriverPrivilege SeImpersonatePrivilege SeEnableDelegationPrivilege
1521911959.559185	CBs8sZ2kIbw2QgSdy4	10.47.22.25	58947	10.47.2.153	514	udp	LOCAL0	NOTICE	1 2018-03-24T09:03:10-07:00 Kramer.jerry.land EvntSLog - - - An account was successfully logged on. Subject: Security ID: S-1-0-0 Account Name: - Account Domain: - Logon ID: 0x0 Logon Type: 3 New Logon: Security ID: S-1-5-18 Account Name: KRAMER$ Account Domain: JERRY Logon ID: 0x3bca9c0 Logon GUID: {BDDFA7F6-0709-D075-56BD-5FF3A48E10B5} Process Information: Process ID: 0x0 Process Name: - Network Information: Workstation Name: Source Network Address: ::1 Source Port: 49374 Detailed Authentication Information: Logon Process: Kerberos Authentication Package: Kerberos Transited Services: - Package Name (NTLM only): - Key Length: 0 This event is generated when a logon session is created. It is generated on the computer that was accessed. The subject fields indicate the account on the local system which requested the logon. This is most commonly a service such as the Server service, or a local process such as Winlogon.exe or Services.exe. The logon type field indicates the kind of logon that occurred. The most common types are 2 (interactive) and 3 (network). The New Logon fields indicate the account for whom the new logon was created, i.e. the account that was logged on. The network fields indicate where a remote logon request originated. Workstation name is not always available and may be left blank in some cases. The authentication information fields provide detailed information about this specific logon request. - Logon GUID is a unique identifier that can be used to correlate this event with a KDC event. - Transited services indicate which intermediate services have participated in this logon request. - Package name indicates which sub-protocol was used among the NTLM protocols. - Key length indicates the length of the generated session key. This will be 0 if no session key was requested.
1521911959.559190	CBs8sZ2kIbw2QgSdy4	10.47.22.25	58947	10.47.2.153	514	udp	LOCAL0	NOTICE	1 2018-03-24T09:03:10-07:00 Kramer.jerry.land EvntSLog - - - An account was successfully logged on. Subject: Security ID: S-1-0-0 Account Name: - Account Domain: - Logon ID: 0x0 Logon Type: 3 New Logon: Security ID: S-1-5-18 Account Name: KRAMER$ Account Domain: JERRY Logon ID: 0x3bca9c0 Logon GUID: {BDDFA7F6-0709-D075-56BD-5FF3A48E10B5} Process Information: Process ID: 0x0 Process Name: - Network Information: Workstation Name: Source Network Address: ::1 Source Port: 49374 Detailed Authentication Information: Logon Process: Kerberos Authentication Package: Kerberos Transited Services: - Package Name (NTLM only): - Key Length: 0 This event is generated when a logon session is created. It is generated on the computer that was accessed. The subject fields indicate the account on the local system which requested the logon. This is most commonly a service such as the Server service, or a local process such as Winlogon.exe or Services.exe. The logon type field indicates the kind of logon that occurred. The most common types are 2 (interactive) and 3 (network). The New Logon fields indicate the account for whom the new logon was created, i.e. the account that was logged on. The network fields indicate where a remote logon request originated. Workstation name is not always available and may be left blank in some cases. The authentication information fields provide detailed information about this specific logon request. - Logon GUID is a unique identifier that can be used to correlate this event with a KDC event. - Transited services indicate which intermediate services have participated in this logon request. - Package name indicates which sub-protocol was used among the NTLM protocols. - Key length indicates the length of the generated session key. This will be 0 if no session key was requested.
1521911959.559195	CBs8sZ2kIbw2QgSdy4	10.47.22.25	58947	10.47.2.153	514	udp	LOCAL0	NOTICE	1 2018-03-24T09:03:10-07:00 Kramer.jerry.land EvntSLog - - - An account was successfully logged on. Subject: Security ID: S-1-0-0 Account Name: - Account Domain: - Logon ID: 0x0 Logon Type: 3 New Logon: Security ID: S-1-5-18 Account Name: KRAMER$ Account Domain: JERRY Logon ID: 0x3bca9c0 Logon GUID: {BDDFA7F6-0709-D075-56BD-5FF3A48E10B5} Process Information: Process ID: 0x0 Process Name: - Network Information: Workstation Name: Source Network Address: ::1 Source Port: 49374 Detailed Authentication Information: Logon Process: Kerberos Authentication Package: Kerberos Transited Services: - Package Name (NTLM only): - Key Length: 0 This event is generated when a logon session is created. It is generated on the computer that was accessed. The subject fields indicate the account on the local system which requested the logon. This is most commonly a service such as the Server service, or a local process such as Winlogon.exe or Services.exe. The logon type field indicates the kind of logon that occurred. The most common types are 2 (interactive) and 3 (network). The New Logon fields indicate the account for whom the new logon was created, i.e. the account that was logged on. The network fields indicate where a remote logon request originated. Workstation name is not always available and may be left blank in some cases. The authentication information fields provide detailed information about this specific logon request. - Logon GUID is a unique identifier that can be used to correlate this event with a KDC event. - Transited services indicate which intermediate services have participated in this logon request. - Package name indicates which sub-protocol was used among the NTLM protocols. - Key length indicates the length of the generated session key. This will be 0 if no session key was requested.
1521911959.559450	CBs8sZ2kIbw2QgSdy4	10.47.22.25	58947	10.47.2.153	514	udp	LOCAL0	NOTICE	1 2018-03-24T09:03:10-07:00 Kramer.jerry.land EvntSLog - - - An account was successfully logged on. Subject: Security ID: S-1-0-0 Account Name: - Account Domain: - Logon ID: 0x0 Logon Type: 3 New Logon: Security ID: S-1-5-18 Account Name: KRAMER$ Account Domain: JERRY Logon ID: 0x3bca9c0 Logon GUID: {BDDFA7F6-0709-D075-56BD-5FF3A48E10B5} Process Information: Process ID: 0x0 Process Name: - Network Information: Workstation Name: Source Network Address: ::1 Source Port: 49374 Detailed Authentication Information: Logon Process: Kerberos Authentication Package: Kerberos Transited Services: - Package Name (NTLM only): - Key Length: 0 This event is generated when a logon session is created. It is generated on the computer that was accessed. The subject fields indicate the account on the local system which requested the logon. This is most commonly a service such as the Server service, or a local process such as Winlogon.exe or Services.exe. The logon type field indicates the kind of logon that occurred. The most common types are 2 (interactive) and 3 (network). The New Logon fields indicate the account for whom the new logon was created, i.e. the account that was logged on. The network fields indicate where a remote logon request originated. Workstation name is not always available and may be left blank in some cases. The authentication information fields provide detailed information about this specific logon request. - Logon GUID is a unique identifier that can be used to correlate this event with a KDC event. - Transited services indicate which intermediate services have participated in this logon request. - Package name indicates which sub-protocol was used among the NTLM protocols. - Key length indicates the length of the generated session key. This will be 0 if no session key was requested.
1521912015.317838	CBs8sZ2kIbw2QgSdy4	10.47.22.25	58947	10.47.2.153	514	udp	LOCAL0	NOTICE	1 2018-03-24T09:04:06-07:00 Kramer.jerry.land EvntSLog - - - An account was successfully logged on. Subject: Security ID: S-1-0-0 Account Name: - Account Domain: - Logon ID: 0x0 Logon Type: 3 New Logon: Security ID: S-1-5-7 Account Name: ANONYMOUS LOGON Account Domain: NT AUTHORITY Logon ID: 0x3bd0df5 Logon GUID: {00000000-0000-0000-0000-000000000000} Process Information: Process ID: 0x0 Process Name: - Network Information: Workstation Name: PC-SUSAN Source Network Address: 172.20.0.81 Source Port: 1955 Detailed Authentication Information: Logon Process: NtLmSsp Authentication Package: NTLM Transited Services: - Package Name (NTLM only): NTLM V1 Key Length: 128 This event is generated when a logon session is created. It is generated on the computer that was accessed. The subject fields indicate the account on the local system which requested the logon. This is most commonly a service such as the Server service, or a local process such as Winlogon.exe or Services.exe. The logon type field indicates the kind of logon that occurred. The most common types are 2 (interactive) and 3 (network). The New Logon fields indicate the account for whom the new logon was created, i.e. the account that was logged on. The network fields indicate where a remote logon request originated. Workstation name is not always available and may be left blank in some cases. The authentication information fields provide detailed information about this specific logon request. - Logon GUID is a unique identifier that can be used to correlate this event with a KDC event. - Transited services indicate which intermediate services have participated in this logon request. - Package name indicates which sub-protocol was used among the NTLM protocols. - Key length indicates the length of the generated session key. This will be 0 if no session key was requested.
1521912015.317873	CBs8sZ2kIbw2QgSdy4	10.47.22.25	58947	10.47.2.153	514	udp	LOCAL0	NOTICE	1 2018-03-24T09:04:06-07:00 Kramer.jerry.land EvntSLog - - - An account was successfully logged on. Subject: Security ID: S-1-0-0 Account Name: - Account Domain: - Logon ID: 0x0 Logon Type: 3 New Logon: Security ID: S-1-5-7 Account Name: ANONYMOUS LOGON Account Domain: NT AUTHORITY Logon ID: 0x3bd0df5 Logon GUID: {00000000-0000-0000-0000-000000000000} Process Information: Process ID: 0x0 Process Name: - Network Information: Workstation Name: PC-SUSAN Source Network Address: 172.20.0.81 Source Port: 1955 Detailed Authentication Information: Logon Process: NtLmSsp Authentication Package: NTLM Transited Services: - Package Name (NTLM only): NTLM V1 Key Length: 128 This event is generated when a logon session is created. It is generated on the computer that was accessed. The subject fields indicate the account on the local system which requested the logon. This is most commonly a service such as the Server service, or a local process such as Winlogon.exe or Services.exe. The logon type field indicates the kind of logon that occurred. The most common types are 2 (interactive) and 3 (network). The New Logon fields indicate the account for whom the new logon was created, i.e. the account that was logged on. The network fields indicate where a remote logon request originated. Workstation name is not always available and may be left blank in some cases. The authentication information fields provide detailed information about this specific logon request. - Logon GUID is a unique identifier that can be used to correlate this event with a KDC event. - Transited services indicate which intermediate services have participated in this logon request. - Package name indicates which sub-protocol was used among the NTLM protocols. - Key length indicates the length of the generated session key. This will be 0 if no session key was requested.
1521912015.318183	CBs8sZ2kIbw2QgSdy4	10.47.22.25	58947	10.47.2.153	514	udp	LOCAL0	NOTICE	1 2018-03-24T09:04:06-07:00 Kramer.jerry.land EvntSLog - - - An account was successfully logged on. Subject: Security ID: S-1-0-0 Account Name: - Account Domain: - Logon ID: 0x0 Logon Type: 3 New Logon: Security ID: S-1-5-7 Account Name: ANONYMOUS LOGON Account Domain: NT AUTHORITY Logon ID: 0x3bd0df5 Logon GUID: {00000000-0000-0000-0000-000000000000} Process Information: Process ID: 0x0 Process Name: - Network Information: Workstation Name: PC-SUSAN Source Network Address: 172.20.0.81 Source Port: 1955 Detailed Authentication Information: Logon Process: NtLmSsp Authentication Package: NTLM Transited Services: - Package Name (NTLM only): NTLM V1 Key Length: 128 This event is generated when a logon session is created. It is generated on the computer that was accessed. The subject fields indicate the account on the local system which requested the logon. This is most commonly a service such as the Server service, or a local process such as Winlogon.exe or Services.exe. The logon type field indicates the kind of logon that occurred. The most common types are 2 (interactive) and 3 (network). The New Logon fields indicate the account for whom the new logon was created, i.e. the account that was logged on. The network fields indicate where a remote logon request originated. Workstation name is not always available and may be left blank in some cases. The authentication information fields provide detailed information about this specific logon request. - Logon GUID is a unique identifier that can be used to correlate this event with a KDC event. - Transited services indicate which intermediate services have participated in this logon request. - Package name indicates which sub-protocol was used among the NTLM protocols. - Key length indicates the length of the generated session key. This will be 0 if no session key was requested.
1521912015.318188	CBs8sZ2kIbw2QgSdy4	10.47.22.25	58947	10.47.2.153	514	udp	LOCAL0	NOTICE	1 2018-03-24T09:04:06-07:00 Kramer.jerry.land EvntSLog - - - An account was successfully logged on. Subject: Security ID: S-1-0-0 Account Name: - Account Domain: - Logon ID: 0x0 Logon Type: 3 New Logon: Security ID: S-1-5-7 Account Name: ANONYMOUS LOGON Account Domain: NT AUTHORITY Logon ID: 0x3bd0df5 Logon GUID: {00000000-0000-0000-0000-000000000000} Process Information: Process ID: 0x0 Process Name: - Network Information: Workstation Name: PC-SUSAN Source Network Address: 172.20.0.81 Source Port: 1955 Detailed Authentication Information: Logon Process: NtLmSsp Authentication Package: NTLM Transited Services: - Package Name (NTLM only): NTLM V1 Key Length: 128 This event is generated when a logon session is created. It is generated on the computer that was accessed. The subject fields indicate the account on the local system which requested the logon. This is most commonly a service such as the Server service, or a local process such as Winlogon.exe or Services.exe. The logon type field indicates the kind of logon that occurred. The most common types are 2 (interactive) and 3 (network). The New Logon fields indicate the account for whom the new logon was created, i.e. the account that was logged on. The network fields indicate where a remote logon request originated. Workstation name is not always available and may be left blank in some cases. The authentication information fields provide detailed information about this specific logon request. - Logon GUID is a unique identifier that can be used to correlate this event with a KDC event. - Transited services indicate which intermediate services have participated in this logon request. - Package name indicates which sub-protocol was used among the NTLM protocols. - Key length indicates the length of the generated session key. This will be 0 if no session key was requested.
1521912015.333559	CBs8sZ2kIbw2QgSdy4	10.47.22.25	58947	10.47.2.153	514	udp	LOCAL0	NOTICE	1 2018-03-24T09:04:06-07:00 Kramer.jerry.land EvntSLog - - - An account was successfully logged on. Subject: Security ID: S-1-0-0 Account Name: - Account Domain: - Logon ID: 0x0 Logon Type: 3 New Logon: Security ID: S-1-5-7 Account Name: ANONYMOUS LOGON Account Domain: NT AUTHORITY Logon ID: 0x3bd0e05 Logon GUID: {00000000-0000-0000-0000-000000000000} Process Information: Process ID: 0x0 Process Name: - Network Information: Workstation Name: PC-SUSAN Source Network Address: 172.20.0.81 Source Port: 1956 Detailed Authentication Information: Logon Process: NtLmSsp Authentication Package: NTLM Transited Services: - Package Name (NTLM only): NTLM V1 Key Length: 128 This event is generated when a logon session is created. It is generated on the computer that was accessed. The subject fields indicate the account on the local system which requested the logon. This is most commonly a service such as the Server service, or a local process such as Winlogon.exe or Services.exe. The logon type field indicates the kind of logon that occurred. The most common types are 2 (interactive) and 3 (network). The New Logon fields indicate the account for whom the new logon was created, i.e. the account that was logged on. The network fields indicate where a remote logon request originated. Workstation name is not always available and may be left blank in some cases. The authentication information fields provide detailed information about this specific logon request. - Logon GUID is a unique identifier that can be used to correlate this event with a KDC event. - Transited services indicate which intermediate services have participated in this logon request. - Package name indicates which sub-protocol was used among the NTLM protocols. - Key length indicates the length of the generated session key. This will be 0 if no session key was requested.
1521912015.333563	CBs8sZ2kIbw2QgSdy4	10.47.22.25	58947	10.47.2.153	514	udp	LOCAL0	NOTICE	1 2018-03-24T09:04:06-07:00 Kramer.jerry.land EvntSLog - - - An account was successfully logged on. Subject: Security ID: S-1-0-0 Account Name: - Account Domain: - Logon ID: 0x0 Logon Type: 3 New Logon: Security ID: S-1-5-7 Account Name: ANONYMOUS LOGON Account Domain: NT AUTHORITY Logon ID: 0x3bd0e05 Logon GUID: {00000000-0000-0000-0000-000000000000} Process Information: Process ID: 0x0 Process Name: - Network Information: Workstation Name: PC-SUSAN Source Network Address: 172.20.0.81 Source Port: 1956 Detailed Authentication Information: Logon Process: NtLmSsp Authentication Package: NTLM Transited Services: - Package Name (NTLM only): NTLM V1 Key Length: 128 This event is generated when a logon session is created. It is generated on the computer that was accessed. The subject fields indicate the account on the local system which requested the logon. This is most commonly a service such as the Server service, or a local process such as Winlogon.exe or Services.exe. The logon type field indicates the kind of logon that occurred. The most common types are 2 (interactive) and 3 (network). The New Logon fields indicate the account for whom the new logon was created, i.e. the account that was logged on. The network fields indicate where a remote logon request originated. Workstation name is not always available and may be left blank in some cases. The authentication information fields provide detailed information about this specific logon request. - Logon GUID is a unique identifier that can be used to correlate this event with a KDC event. - Transited services indicate which intermediate services have participated in this logon request. - Package name indicates which sub-protocol was used among the NTLM protocols. - Key length indicates the length of the generated session key. This will be 0 if no session key was requested.
1521912015.333702	CBs8sZ2kIbw2QgSdy4	10.47.22.25	58947	10.47.2.153	514	udp	LOCAL0	NOTICE	1 2018-03-24T09:04:06-07:00 Kramer.jerry.land EvntSLog - - - An account was successfully logged on. Subject: Security ID: S-1-0-0 Account Name: - Account Domain: - Logon ID: 0x0 Logon Type: 3 New Logon: Security ID: S-1-5-7 Account Name: ANONYMOUS LOGON Account Domain: NT AUTHORITY Logon ID: 0x3bd0e05 Logon GUID: {00000000-0000-0000-0000-000000000000} Process Information: Process ID: 0x0 Process Name: - Network Information: Workstation Name: PC-SUSAN Source Network Address: 172.20.0.81 Source Port: 1956 Detailed Authentication Information: Logon Process: NtLmSsp Authentication Package: NTLM Transited Services: - Package Name (NTLM only): NTLM V1 Key Length: 128 This event is generated when a logon session is created. It is generated on the computer that was accessed. The subject fields indicate the account on the local system which requested the logon. This is most commonly a service such as the Server service, or a local process such as Winlogon.exe or Services.exe. The logon type field indicates the kind of logon that occurred. The most common types are 2 (interactive) and 3 (network). The New Logon fields indicate the account for whom the new logon was created, i.e. the account that was logged on. The network fields indicate where a remote logon request originated. Workstation name is not always available and may be left blank in some cases. The authentication information fields provide detailed information about this specific logon request. - Logon GUID is a unique identifier that can be used to correlate this event with a KDC event. - Transited services indicate which intermediate services have participated in this logon request. - Package name indicates which sub-protocol was used among the NTLM protocols. - Key length indicates the length of the generated session key. This will be 0 if no session key was requested.
1521912015.333707	CBs8sZ2kIbw2QgSdy4	10.47.22.25	58947	10.47.2.153	514	udp	LOCAL0	NOTICE	1 2018-03-24T09:04:06-07:00 Kramer.jerry.land EvntSLog - - - An account was successfully logged on. Subject: Security ID: S-1-0-0 Account Name: - Account Domain: - Logon ID: 0x0 Logon Type: 3 New Logon: Security ID: S-1-5-7 Account Name: ANONYMOUS LOGON Account Domain: NT AUTHORITY Logon ID: 0x3bd0e05 Logon GUID: {00000000-0000-0000-0000-000000000000} Process Information: Process ID: 0x0 Process Name: - Network Information: Workstation Name: PC-SUSAN Source Network Address: 172.20.0.81 Source Port: 1956 Detailed Authentication Information: Logon Process: NtLmSsp Authentication Package: NTLM Transited Services: - Package Name (NTLM only): NTLM V1 Key Length: 128 This event is generated when a logon session is created. It is generated on the computer that was accessed. The subject fields indicate the account on the local system which requested the logon. This is most commonly a service such as the Server service, or a local process such as Winlogon.exe or Services.exe. The logon type field indicates the kind of logon that occurred. The most common types are 2 (interactive) and 3 (network). The New Logon fields indicate the account for whom the new logon was created, i.e. the account that was logged on. The network fields indicate where a remote logon request originated. Workstation name is not always available and may be left blank in some cases. The authentication information fields provide detailed information about this specific logon request. - Logon GUID is a unique identifier that can be used to correlate this event with a KDC event. - Transited services indicate which intermediate services have participated in this logon request. - Package name indicates which sub-protocol was used among the NTLM protocols. - Key length indicates the length of the generated session key. This will be 0 if no session key was requested.
1521912015.348330	CBs8sZ2kIbw2QgSdy4	10.47.22.25	58947	10.47.2.153	514	udp	LOCAL0	NOTICE	1 2018-03-24T09:04:06-07:00 Kramer.jerry.land EvntSLog - - - A Kerberos service ticket was requested. Account Information: Account Name: PC-SUSAN$@JERRY.LAND Account Domain: JERRY.LAND Logon GUID: {F3E8A95C-CD1C-3D3D-EC87-47B98E87235F} Service Information: Service Name: krbtgt Service ID: S-1-5-21-1311969832-1707640848-2310541705-502 Network Information: Client Address: ::ffff:172.20.0.81 Client Port: 1959 Additional Information: Ticket Options: 0x60810010 Ticket Encryption Type: 0x17 Failure Code: 0x0 Transited Services: - This event is generated every time access is requested to a resource such as a computer or a Windows service. The service name indicates the resource to which access was requested. This event can be correlated with Windows logon events by comparing the Logon GUID fields in each event. The logon event occurs on the machine that was accessed, which is often a different machine than the domain controller which issued the service ticket. Ticket options, encryption types, and failure codes are defined in RFC 4120.
1521912015.348334	CBs8sZ2kIbw2QgSdy4	10.47.22.25	58947	10.47.2.153	514	udp	LOCAL0	NOTICE	1 2018-03-24T09:04:06-07:00 Kramer.jerry.land EvntSLog - - - A Kerberos service ticket was requested. Account Information: Account Name: PC-SUSAN$@JERRY.LAND Account Domain: JERRY.LAND Logon GUID: {F3E8A95C-CD1C-3D3D-EC87-47B98E87235F} Service Information: Service Name: krbtgt Service ID: S-1-5-21-1311969832-1707640848-2310541705-502 Network Information: Client Address: ::ffff:172.20.0.81 Client Port: 1959 Additional Information: Ticket Options: 0x60810010 Ticket Encryption Type: 0x17 Failure Code: 0x0 Transited Services: - This event is generated every time access is requested to a resource such as a computer or a Windows service. The service name indicates the resource to which access was requested. This event can be correlated with Windows logon events by comparing the Logon GUID fields in each event. The logon event occurs on the machine that was accessed, which is often a different machine than the domain controller which issued the service ticket. Ticket options, encryption types, and failure codes are defined in RFC 4120.
1521912015.348379	CBs8sZ2kIbw2QgSdy4	10.47.22.25	58947	10.47.2.153	514	udp	LOCAL0	NOTICE	1 2018-03-24T09:04:06-07:00 Kramer.jerry.land EvntSLog - - - A Kerberos service ticket was requested. Account Information: Account Name: PC-SUSAN$@JERRY.LAND Account Domain: JERRY.LAND Logon GUID: {F3E8A95C-CD1C-3D3D-EC87-47B98E87235F} Service Information: Service Name: krbtgt Service ID: S-1-5-21-1311969832-1707640848-2310541705-502 Network Information: Client Address: ::ffff:172.20.0.81 Client Port: 1959 Additional Information: Ticket Options: 0x60810010 Ticket Encryption Type: 0x17 Failure Code: 0x0 Transited Services: - This event is generated every time access is requested to a resource such as a computer or a Windows service. The service name indicates the resource to which access was requested. This event can be correlated with Windows logon events by comparing the Logon GUID fields in each event. The logon event occurs on the machine that was accessed, which is often a different machine than the domain controller which issued the service ticket. Ticket options, encryption types, and failure codes are defined in RFC 4120.
1521912015.348383	CBs8sZ2kIbw2QgSdy4	10.47.22.25	58947	10.47.2.153	514	udp	LOCAL0	NOTICE	1 2018-03-24T09:04:06-07:00 Kramer.jerry.land EvntSLog - - - A Kerberos service ticket was requested. Account Information: Account Name: PC-SUSAN$@JERRY.LAND Account Domain: JERRY.LAND Logon GUID: {F3E8A95C-CD1C-3D3D-EC87-47B98E87235F} Service Information: Service Name: krbtgt Service ID: S-1-5-21-1311969832-1707640848-2310541705-502 Network Information: Client Address: ::ffff:172.20.0.81 Client Port: 1959 Additional Information: Ticket Options: 0x60810010 Ticket Encryption Type: 0x17 Failure Code: 0x0 Transited Services: - This event is generated every time access is requested to a resource such as a computer or a Windows service. The service name indicates the resource to which access was requested. This event can be correlated with Windows logon events by comparing the Logon GUID fields in each event. The logon event occurs on the machine that was accessed, which is often a different machine than the domain controller which issued the service ticket. Ticket options, encryption types, and failure codes are defined in RFC 4120.
1521912015.363835	CBs8sZ2kIbw2QgSdy4	10.47.22.25	58947	10.47.2.153	514	udp	LOCAL0	NOTICE	1 2018-03-24T09:04:06-07:00 Kramer.jerry.land EvntSLog - - - An account was successfully logged on. Subject: Security ID: S-1-0-0 Account Name: - Account Domain: - Logon ID: 0x0 Logon Type: 3 New Logon: Security ID: S-1-5-21-1311969832-1707640848-2310541705-1104 Account Name: PC-SUSAN$ Account Domain: JERRY Logon ID: 0x3bd0e28 Logon GUID: {0680C1AD-8884-5BA0-E5A0-70A32A543264} Process Information: Process ID: 0x0 Process Name: - Network Information: Workstation Name: Source Network Address: 172.20.0.81 Source Port: 1957 Detailed Authentication Information: Logon Process: Kerberos Authentication Package: Kerberos Transited Services: - Package Name (NTLM only): - Key Length: 0 This event is generated when a logon session is created. It is generated on the computer that was accessed. The subject fields indicate the account on the local system which requested the logon. This is most commonly a service such as the Server service, or a local process such as Winlogon.exe or Services.exe. The logon type field indicates the kind of logon that occurred. The most common types are 2 (interactive) and 3 (network). The New Logon fields indicate the account for whom the new logon was created, i.e. the account that was logged on. The network fields indicate where a remote logon request originated. Workstation name is not always available and may be left blank in some cases. The authentication information fields provide detailed information about this specific logon request. - Logon GUID is a unique identifier that can be used to correlate this event with a KDC event. - Transited services indicate which intermediate services have participated in this logon request. - Package name indicates which sub-protocol was used among the NTLM protocols. - Key length indicates the length of the generated session key. This will be 0 if no session key was requested.
1521912015.363839	CBs8sZ2kIbw2QgSdy4	10.47.22.25	58947	10.47.2.153	514	udp	LOCAL0	NOTICE	1 2018-03-24T09:04:06-07:00 Kramer.jerry.land EvntSLog - - - An account was successfully logged on. Subject: Security ID: S-1-0-0 Account Name: - Account Domain: - Logon ID: 0x0 Logon Type: 3 New Logon: Security ID: S-1-5-21-1311969832-1707640848-2310541705-1104 Account Name: PC-SUSAN$ Account Domain: JERRY Logon ID: 0x3bd0e28 Logon GUID: {0680C1AD-8884-5BA0-E5A0-70A32A543264} Process Information: Process ID: 0x0 Process Name: - Network Information: Workstation Name: Source Network Address: 172.20.0.81 Source Port: 1957 Detailed Authentication Information: Logon Process: Kerberos Authentication Package: Kerberos Transited Services: - Package Name (NTLM only): - Key Length: 0 This event is generated when a logon session is created. It is generated on the computer that was accessed. The subject fields indicate the account on the local system which requested the logon. This is most commonly a service such as the Server service, or a local process such as Winlogon.exe or Services.exe. The logon type field indicates the kind of logon that occurred. The most common types are 2 (interactive) and 3 (network). The New Logon fields indicate the account for whom the new logon was created, i.e. the account that was logged on. The network fields indicate where a remote logon request originated. Workstation name is not always available and may be left blank in some cases. The authentication information fields provide detailed information about this specific logon request. - Logon GUID is a unique identifier that can be used to correlate this event with a KDC event. - Transited services indicate which intermediate services have participated in this logon request. - Package name indicates which sub-protocol was used among the NTLM protocols. - Key length indicates the length of the generated session key. This will be 0 if no session key was requested.
1521912015.363905	CBs8sZ2kIbw2QgSdy4	10.47.22.25	58947	10.47.2.153	514	udp	LOCAL0	NOTICE	1 2018-03-24T09:04:06-07:00 Kramer.jerry.land EvntSLog - - - An account was successfully logged on. Subject: Security ID: S-1-0-0 Account Name: - Account Domain: - Logon ID: 0x0 Logon Type: 3 New Logon: Security ID: S-1-5-21-1311969832-1707640848-2310541705-1104 Account Name: PC-SUSAN$ Account Domain: JERRY Logon ID: 0x3bd0e28 Logon GUID: {0680C1AD-8884-5BA0-E5A0-70A32A543264} Process Information: Process ID: 0x0 Process Name: - Network Information: Workstation Name: Source Network Address: 172.20.0.81 Source Port: 1957 Detailed Authentication Information: Logon Process: Kerberos Authentication Package: Kerberos Transited Services: - Package Name (NTLM only): - Key Length: 0 This event is generated when a logon session is created. It is generated on the computer that was accessed. The subject fields indicate the account on the local system which requested the logon. This is most commonly a service such as the Server service, or a local process such as Winlogon.exe or Services.exe. The logon type field indicates the kind of logon that occurred. The most common types are 2 (interactive) and 3 (network). The New Logon fields indicate the account for whom the new logon was created, i.e. the account that was logged on. The network fields indicate where a remote logon request originated. Workstation name is not always available and may be left blank in some cases. The authentication information fields provide detailed information about this specific logon request. - Logon GUID is a unique identifier that can be used to correlate this event with a KDC event. - Transited services indicate which intermediate services have participated in this logon request. - Package name indicates which sub-protocol was used among the NTLM protocols. - Key length indicates the length of the generated session key. This will be 0 if no session key was requested.
