1521912900.740516	Cpkcqe2FnRIeEE5lg5	10.47.22.25	58947	10.47.2.153	514	udp	LOCAL0	NOTICE	1 2018-03-24T09:18:51-07:00 Kramer.jerry.land EvntSLog - - - An account was logged off. Subject: Security ID: S-1-5-21-1311969832-1707640848-2310541705-500 Account Name: Administrator Account Domain: JERRY Logon ID: 0x3cb62ad Logon Type: 3 This event is generated when a logon session is destroyed. It may be positively correlated with a logon event using the Logon ID value. Logon IDs are only unique between reboots on the same computer.
1521912901.352326	CWmtaV32vAQJbd72hc	10.47.22.80	51899	10.47.2.153	514	udp	LOCAL0	INFO	1 2018-03-24T09:18:51-07:00 PC-newman.jerry.land EvntSLog - - - Making LDAP calls to connect and bind to Active Directory. Kramer.jerry.land
1521912901.352329	CWmtaV32vAQJbd72hc	10.47.22.80	51899	10.47.2.153	514	udp	LOCAL0	INFO	1 2018-03-24T09:18:51-07:00 PC-newman.jerry.land EvntSLog - - - Making LDAP calls to connect and bind to Active Directory. Kramer.jerry.land
1521912901.352331	CWmtaV32vAQJbd72hc	10.47.22.80	51899	10.47.2.153	514	udp	LOCAL0	INFO	1 2018-03-24T09:18:51-07:00 PC-newman.jerry.land EvntSLog - - - Making LDAP calls to connect and bind to Active Directory. Kramer.jerry.land
1521912901.352333	CWmtaV32vAQJbd72hc	10.47.22.80	51899	10.47.2.153	514	udp	LOCAL0	INFO	1 2018-03-24T09:18:51-07:00 PC-newman.jerry.land EvntSLog - - - Making LDAP calls to connect and bind to Active Directory. Kramer.jerry.land
1521912901.368063	CWmtaV32vAQJbd72hc	10.47.22.80	51899	10.47.2.153	514	udp	LOCAL0	INFO	1 2018-03-24T09:18:51-07:00 PC-newman.jerry.land EvntSLog - - - The LDAP call to connect and bind to Active Directory completed. Kramer.jerry.land The call completed in 0 milliseconds.
1521912901.368065	CWmtaV32vAQJbd72hc	10.47.22.80	51899	10.47.2.153	514	udp	LOCAL0	INFO	1 2018-03-24T09:18:51-07:00 PC-newman.jerry.land EvntSLog - - - The LDAP call to connect and bind to Active Directory completed. Kramer.jerry.land The call completed in 0 milliseconds.
1521912901.368071	CWmtaV32vAQJbd72hc	10.47.22.80	51899	10.47.2.153	514	udp	LOCAL0	INFO	1 2018-03-24T09:18:51-07:00 PC-newman.jerry.land EvntSLog - - - The LDAP call to connect and bind to Active Directory completed. Kramer.jerry.land The call completed in 0 milliseconds.
1521912901.368211	CWmtaV32vAQJbd72hc	10.47.22.80	51899	10.47.2.153	514	udp	LOCAL0	INFO	1 2018-03-24T09:18:51-07:00 PC-newman.jerry.land EvntSLog - - - The LDAP call to connect and bind to Active Directory completed. Kramer.jerry.land The call completed in 0 milliseconds.
1521912901.383205	CWmtaV32vAQJbd72hc	10.47.22.80	51899	10.47.2.153	514	udp	LOCAL0	INFO	1 2018-03-24T09:18:51-07:00 PC-newman.jerry.land EvntSLog - - - Domain Controller details: Domain Controller Name : \\\\Kramer.jerry.land Domain Controller IP Address : \\\\172.20.0.25
1521912901.383209	CWmtaV32vAQJbd72hc	10.47.22.80	51899	10.47.2.153	514	udp	LOCAL0	INFO	1 2018-03-24T09:18:51-07:00 PC-newman.jerry.land EvntSLog - - - Domain Controller details: Domain Controller Name : \\\\Kramer.jerry.land Domain Controller IP Address : \\\\172.20.0.25
1521912901.383210	CWmtaV32vAQJbd72hc	10.47.22.80	51899	10.47.2.153	514	udp	LOCAL0	INFO	1 2018-03-24T09:18:51-07:00 PC-newman.jerry.land EvntSLog - - - Domain Controller details: Domain Controller Name : \\\\Kramer.jerry.land Domain Controller IP Address : \\\\172.20.0.25
1521912901.383212	CWmtaV32vAQJbd72hc	10.47.22.80	51899	10.47.2.153	514	udp	LOCAL0	INFO	1 2018-03-24T09:18:51-07:00 PC-newman.jerry.land EvntSLog - - - Domain Controller details: Domain Controller Name : \\\\Kramer.jerry.land Domain Controller IP Address : \\\\172.20.0.25
1521912901.398814	CWmtaV32vAQJbd72hc	10.47.22.80	51899	10.47.2.153	514	udp	LOCAL0	INFO	1 2018-03-24T09:18:51-07:00 PC-newman.jerry.land EvntSLog - - - Group Policy successfully discovered the Domain Controller in 499 milliseconds.
1521912901.398817	CWmtaV32vAQJbd72hc	10.47.22.80	51899	10.47.2.153	514	udp	LOCAL0	INFO	1 2018-03-24T09:18:51-07:00 PC-newman.jerry.land EvntSLog - - - Group Policy successfully discovered the Domain Controller in 499 milliseconds.
1521912901.398819	CWmtaV32vAQJbd72hc	10.47.22.80	51899	10.47.2.153	514	udp	LOCAL0	INFO	1 2018-03-24T09:18:51-07:00 PC-newman.jerry.land EvntSLog - - - Group Policy successfully discovered the Domain Controller in 499 milliseconds.
1521912901.398821	CWmtaV32vAQJbd72hc	10.47.22.80	51899	10.47.2.153	514	udp	LOCAL0	INFO	1 2018-03-24T09:18:51-07:00 PC-newman.jerry.land EvntSLog - - - Group Policy successfully discovered the Domain Controller in 499 milliseconds.
1521912901.415277	CWmtaV32vAQJbd72hc	10.47.22.80	51899	10.47.2.153	514	udp	LOCAL0	INFO	1 2018-03-24T09:18:51-07:00 PC-newman.jerry.land EvntSLog - - - Computer details: Computer role : 2 Network name : 
1521912901.415280	CWmtaV32vAQJbd72hc	10.47.22.80	51899	10.47.2.153	514	udp	LOCAL0	INFO	1 2018-03-24T09:18:51-07:00 PC-newman.jerry.land EvntSLog - - - Computer details: Computer role : 2 Network name : 
1521912901.415282	CWmtaV32vAQJbd72hc	10.47.22.80	51899	10.47.2.153	514	udp	LOCAL0	INFO	1 2018-03-24T09:18:51-07:00 PC-newman.jerry.land EvntSLog - - - Computer details: Computer role : 2 Network name : 
1521912901.415284	CWmtaV32vAQJbd72hc	10.47.22.80	51899	10.47.2.153	514	udp	LOCAL0	INFO	1 2018-03-24T09:18:51-07:00 PC-newman.jerry.land EvntSLog - - - Computer details: Computer role : 2 Network name : 
1521912901.431410	CWmtaV32vAQJbd72hc	10.47.22.80	51899	10.47.2.153	514	udp	LOCAL0	INFO	1 2018-03-24T09:18:51-07:00 PC-newman.jerry.land EvntSLog - - - Account details: Account Name : CN=Administrator,CN=Users,DC=jerry,DC=land Account Domain Name : JERRY.LAND DC Name : \\\\Kramer.jerry.land DC Domain Name : JERRY.LAND
1521912901.431413	CWmtaV32vAQJbd72hc	10.47.22.80	51899	10.47.2.153	514	udp	LOCAL0	INFO	1 2018-03-24T09:18:51-07:00 PC-newman.jerry.land EvntSLog - - - Account details: Account Name : CN=Administrator,CN=Users,DC=jerry,DC=land Account Domain Name : JERRY.LAND DC Name : \\\\Kramer.jerry.land DC Domain Name : JERRY.LAND
1521912901.431417	CWmtaV32vAQJbd72hc	10.47.22.80	51899	10.47.2.153	514	udp	LOCAL0	INFO	1 2018-03-24T09:18:51-07:00 PC-newman.jerry.land EvntSLog - - - Account details: Account Name : CN=Administrator,CN=Users,DC=jerry,DC=land Account Domain Name : JERRY.LAND DC Name : \\\\Kramer.jerry.land DC Domain Name : JERRY.LAND
1521912901.431420	CWmtaV32vAQJbd72hc	10.47.22.80	51899	10.47.2.153	514	udp	LOCAL0	INFO	1 2018-03-24T09:18:51-07:00 PC-newman.jerry.land EvntSLog - - - Account details: Account Name : CN=Administrator,CN=Users,DC=jerry,DC=land Account Domain Name : JERRY.LAND DC Name : \\\\Kramer.jerry.land DC Domain Name : JERRY.LAND
1521912901.446326	CWmtaV32vAQJbd72hc	10.47.22.80	51899	10.47.2.153	514	udp	LOCAL0	INFO	1 2018-03-24T09:18:51-07:00 PC-newman.jerry.land EvntSLog - - - The loopback policy processing mode is "No loopback mode".
1521912901.446329	CWmtaV32vAQJbd72hc	10.47.22.80	51899	10.47.2.153	514	udp	LOCAL0	INFO	1 2018-03-24T09:18:51-07:00 PC-newman.jerry.land EvntSLog - - - The loopback policy processing mode is "No loopback mode".
1521912901.446331	CWmtaV32vAQJbd72hc	10.47.22.80	51899	10.47.2.153	514	udp	LOCAL0	INFO	1 2018-03-24T09:18:51-07:00 PC-newman.jerry.land EvntSLog - - - The loopback policy processing mode is "No loopback mode".
1521912901.446333	CWmtaV32vAQJbd72hc	10.47.22.80	51899	10.47.2.153	514	udp	LOCAL0	INFO	1 2018-03-24T09:18:51-07:00 PC-newman.jerry.land EvntSLog - - - The loopback policy processing mode is "No loopback mode".
1521912901.477431	CWmtaV32vAQJbd72hc	10.47.22.80	51899	10.47.2.153	514	udp	LOCAL0	INFO	1 2018-03-24T09:18:51-07:00 PC-newman.jerry.land EvntSLog - - - Making system calls to access specified file. \\\\jerry.land\\sysvol\\jerry.land\\Policies\\{31B2F340-016D-11D2-945F-00C04FB984F9}\\gpt.ini
1521912901.477434	CWmtaV32vAQJbd72hc	10.47.22.80	51899	10.47.2.153	514	udp	LOCAL0	INFO	1 2018-03-24T09:18:51-07:00 PC-newman.jerry.land EvntSLog - - - Making system calls to access specified file. \\\\jerry.land\\sysvol\\jerry.land\\Policies\\{31B2F340-016D-11D2-945F-00C04FB984F9}\\gpt.ini
1521912901.477436	CWmtaV32vAQJbd72hc	10.47.22.80	51899	10.47.2.153	514	udp	LOCAL0	INFO	1 2018-03-24T09:18:51-07:00 PC-newman.jerry.land EvntSLog - - - Making system calls to access specified file. \\\\jerry.land\\sysvol\\jerry.land\\Policies\\{31B2F340-016D-11D2-945F-00C04FB984F9}\\gpt.ini
1521912901.477438	CWmtaV32vAQJbd72hc	10.47.22.80	51899	10.47.2.153	514	udp	LOCAL0	INFO	1 2018-03-24T09:18:51-07:00 PC-newman.jerry.land EvntSLog - - - Making system calls to access specified file. \\\\jerry.land\\sysvol\\jerry.land\\Policies\\{31B2F340-016D-11D2-945F-00C04FB984F9}\\gpt.ini
1521912901.492606	CWmtaV32vAQJbd72hc	10.47.22.80	51899	10.47.2.153	514	udp	LOCAL0	INFO	1 2018-03-24T09:18:51-07:00 PC-newman.jerry.land EvntSLog - - - The system calls to access specified file completed. \\\\jerry.land\\sysvol\\jerry.land\\Policies\\{31B2F340-016D-11D2-945F-00C04FB984F9}\\gpt.ini The call completed in 0 milliseconds.
1521912901.492609	CWmtaV32vAQJbd72hc	10.47.22.80	51899	10.47.2.153	514	udp	LOCAL0	INFO	1 2018-03-24T09:18:51-07:00 PC-newman.jerry.land EvntSLog - - - The system calls to access specified file completed. \\\\jerry.land\\sysvol\\jerry.land\\Policies\\{31B2F340-016D-11D2-945F-00C04FB984F9}\\gpt.ini The call completed in 0 milliseconds.
1521912901.492611	CWmtaV32vAQJbd72hc	10.47.22.80	51899	10.47.2.153	514	udp	LOCAL0	INFO	1 2018-03-24T09:18:51-07:00 PC-newman.jerry.land EvntSLog - - - The system calls to access specified file completed. \\\\jerry.land\\sysvol\\jerry.land\\Policies\\{31B2F340-016D-11D2-945F-00C04FB984F9}\\gpt.ini The call completed in 0 milliseconds.
1521912901.492613	CWmtaV32vAQJbd72hc	10.47.22.80	51899	10.47.2.153	514	udp	LOCAL0	INFO	1 2018-03-24T09:18:51-07:00 PC-newman.jerry.land EvntSLog - - - The system calls to access specified file completed. \\\\jerry.land\\sysvol\\jerry.land\\Policies\\{31B2F340-016D-11D2-945F-00C04FB984F9}\\gpt.ini The call completed in 0 milliseconds.
1521912901.508003	CWmtaV32vAQJbd72hc	10.47.22.80	51899	10.47.2.153	514	udp	LOCAL0	INFO	1 2018-03-24T09:18:51-07:00 PC-newman.jerry.land EvntSLog - - - List of applicable Group Policy objects: None
1521912901.508007	CWmtaV32vAQJbd72hc	10.47.22.80	51899	10.47.2.153	514	udp	LOCAL0	INFO	1 2018-03-24T09:18:51-07:00 PC-newman.jerry.land EvntSLog - - - List of applicable Group Policy objects: None
1521912901.508009	CWmtaV32vAQJbd72hc	10.47.22.80	51899	10.47.2.153	514	udp	LOCAL0	INFO	1 2018-03-24T09:18:51-07:00 PC-newman.jerry.land EvntSLog - - - List of applicable Group Policy objects: None
1521912901.508011	CWmtaV32vAQJbd72hc	10.47.22.80	51899	10.47.2.153	514	udp	LOCAL0	INFO	1 2018-03-24T09:18:51-07:00 PC-newman.jerry.land EvntSLog - - - List of applicable Group Policy objects: None
1521912901.523501	CWmtaV32vAQJbd72hc	10.47.22.80	51899	10.47.2.153	514	udp	LOCAL0	INFO	1 2018-03-24T09:18:51-07:00 PC-newman.jerry.land EvntSLog - - - The following Group Policy objects were not applicable because they were filtered out : Local Group Policy Not Applied (Empty) Default Domain Policy Not Applied (Empty) 
1521912901.523505	CWmtaV32vAQJbd72hc	10.47.22.80	51899	10.47.2.153	514	udp	LOCAL0	INFO	1 2018-03-24T09:18:51-07:00 PC-newman.jerry.land EvntSLog - - - The following Group Policy objects were not applicable because they were filtered out : Local Group Policy Not Applied (Empty) Default Domain Policy Not Applied (Empty) 
1521912901.523507	CWmtaV32vAQJbd72hc	10.47.22.80	51899	10.47.2.153	514	udp	LOCAL0	INFO	1 2018-03-24T09:18:51-07:00 PC-newman.jerry.land EvntSLog - - - The following Group Policy objects were not applicable because they were filtered out : Local Group Policy Not Applied (Empty) Default Domain Policy Not Applied (Empty) 
1521912901.523509	CWmtaV32vAQJbd72hc	10.47.22.80	51899	10.47.2.153	514	udp	LOCAL0	INFO	1 2018-03-24T09:18:51-07:00 PC-newman.jerry.land EvntSLog - - - The following Group Policy objects were not applicable because they were filtered out : Local Group Policy Not Applied (Empty) Default Domain Policy Not Applied (Empty) 
1521912901.539631	CWmtaV32vAQJbd72hc	10.47.22.80	51899	10.47.2.153	514	udp	LOCAL0	INFO	1 2018-03-24T09:18:51-07:00 PC-newman.jerry.land EvntSLog - - - Estimated network bandwidth on one of the connections: 0 kbps.
1521912901.539633	CWmtaV32vAQJbd72hc	10.47.22.80	51899	10.47.2.153	514	udp	LOCAL0	INFO	1 2018-03-24T09:18:51-07:00 PC-newman.jerry.land EvntSLog - - - Estimated network bandwidth on one of the connections: 0 kbps.
1521912901.539635	CWmtaV32vAQJbd72hc	10.47.22.80	51899	10.47.2.153	514	udp	LOCAL0	INFO	1 2018-03-24T09:18:51-07:00 PC-newman.jerry.land EvntSLog - - - Estimated network bandwidth on one of the connections: 0 kbps.
1521912901.539637	CWmtaV32vAQJbd72hc	10.47.22.80	51899	10.47.2.153	514	udp	LOCAL0	INFO	1 2018-03-24T09:18:51-07:00 PC-newman.jerry.land EvntSLog - - - Estimated network bandwidth on one of the connections: 0 kbps.
1521912901.555519	CWmtaV32vAQJbd72hc	10.47.22.80	51899	10.47.2.153	514	udp	LOCAL0	INFO	1 2018-03-24T09:18:51-07:00 PC-newman.jerry.land EvntSLog - - - Estimated network bandwidth on one of the connections: 64394 kbps.
1521912901.555521	CWmtaV32vAQJbd72hc	10.47.22.80	51899	10.47.2.153	514	udp	LOCAL0	INFO	1 2018-03-24T09:18:51-07:00 PC-newman.jerry.land EvntSLog - - - Estimated network bandwidth on one of the connections: 64394 kbps.
1521912901.555523	CWmtaV32vAQJbd72hc	10.47.22.80	51899	10.47.2.153	514	udp	LOCAL0	INFO	1 2018-03-24T09:18:51-07:00 PC-newman.jerry.land EvntSLog - - - Estimated network bandwidth on one of the connections: 64394 kbps.
1521912901.555525	CWmtaV32vAQJbd72hc	10.47.22.80	51899	10.47.2.153	514	udp	LOCAL0	INFO	1 2018-03-24T09:18:51-07:00 PC-newman.jerry.land EvntSLog - - - Estimated network bandwidth on one of the connections: 64394 kbps.
1521912901.570768	CWmtaV32vAQJbd72hc	10.47.22.80	51899	10.47.2.153	514	udp	LOCAL0	INFO	1 2018-03-24T09:18:51-07:00 PC-newman.jerry.land EvntSLog - - - A fast link was detected. The Estimated bandwidth is 64394 kbps. The slow link threshold is 500 kbps.
1521912901.570770	CWmtaV32vAQJbd72hc	10.47.22.80	51899	10.47.2.153	514	udp	LOCAL0	INFO	1 2018-03-24T09:18:51-07:00 PC-newman.jerry.land EvntSLog - - - A fast link was detected. The Estimated bandwidth is 64394 kbps. The slow link threshold is 500 kbps.
1521912901.570819	CWmtaV32vAQJbd72hc	10.47.22.80	51899	10.47.2.153	514	udp	LOCAL0	INFO	1 2018-03-24T09:18:51-07:00 PC-newman.jerry.land EvntSLog - - - A fast link was detected. The Estimated bandwidth is 64394 kbps. The slow link threshold is 500 kbps.
1521912901.570823	CWmtaV32vAQJbd72hc	10.47.22.80	51899	10.47.2.153	514	udp	LOCAL0	INFO	1 2018-03-24T09:18:51-07:00 PC-newman.jerry.land EvntSLog - - - A fast link was detected. The Estimated bandwidth is 64394 kbps. The slow link threshold is 500 kbps.
1521912901.586161	CWmtaV32vAQJbd72hc	10.47.22.80	51899	10.47.2.153	514	udp	LOCAL0	INFO	1 2018-03-24T09:18:51-07:00 PC-newman.jerry.land EvntSLog - - - Checking for Group Policy client extensions that are not part of the system.
1521912901.586164	CWmtaV32vAQJbd72hc	10.47.22.80	51899	10.47.2.153	514	udp	LOCAL0	INFO	1 2018-03-24T09:18:51-07:00 PC-newman.jerry.land EvntSLog - - - Checking for Group Policy client extensions that are not part of the system.
1521912901.586166	CWmtaV32vAQJbd72hc	10.47.22.80	51899	10.47.2.153	514	udp	LOCAL0	INFO	1 2018-03-24T09:18:51-07:00 PC-newman.jerry.land EvntSLog - - - Checking for Group Policy client extensions that are not part of the system.
1521912901.586168	CWmtaV32vAQJbd72hc	10.47.22.80	51899	10.47.2.153	514	udp	LOCAL0	INFO	1 2018-03-24T09:18:51-07:00 PC-newman.jerry.land EvntSLog - - - Checking for Group Policy client extensions that are not part of the system.
1521912901.602945	CWmtaV32vAQJbd72hc	10.47.22.80	51899	10.47.2.153	514	udp	LOCAL0	INFO	1 2018-03-24T09:18:51-07:00 PC-newman.jerry.land EvntSLog - - - Service configuration update to standalone is not required and will be skipped.
1521912901.602948	CWmtaV32vAQJbd72hc	10.47.22.80	51899	10.47.2.153	514	udp	LOCAL0	INFO	1 2018-03-24T09:18:51-07:00 PC-newman.jerry.land EvntSLog - - - Service configuration update to standalone is not required and will be skipped.
1521912901.602950	CWmtaV32vAQJbd72hc	10.47.22.80	51899	10.47.2.153	514	udp	LOCAL0	INFO	1 2018-03-24T09:18:51-07:00 PC-newman.jerry.land EvntSLog - - - Service configuration update to standalone is not required and will be skipped.
1521912901.602954	CWmtaV32vAQJbd72hc	10.47.22.80	51899	10.47.2.153	514	udp	LOCAL0	INFO	1 2018-03-24T09:18:51-07:00 PC-newman.jerry.land EvntSLog - - - Service configuration update to standalone is not required and will be skipped.
1521912901.614675	Cpkcqe2FnRIeEE5lg5	10.47.22.25	58947	10.47.2.153	514	udp	LOCAL0	NOTICE	1 2018-03-24T09:18:51-07:00 Kramer.jerry.land EvntSLog - - - An account was logged off. Subject: Security ID: S-1-5-21-1311969832-1707640848-2310541705-500 Account Name: Administrator Account Domain: JERRY Logon ID: 0x3cb629b Logon Type: 3 This event is generated when a logon session is destroyed. It may be positively correlated with a logon event using the Logon ID value. Logon IDs are only unique between reboots on the same computer.
1521912901.614679	Cpkcqe2FnRIeEE5lg5	10.47.22.25	58947	10.47.2.153	514	udp	LOCAL0	NOTICE	1 2018-03-24T09:18:51-07:00 Kramer.jerry.land EvntSLog - - - An account was logged off. Subject: Security ID: S-1-5-21-1311969832-1707640848-2310541705-500 Account Name: Administrator Account Domain: JERRY Logon ID: 0x3cb629b Logon Type: 3 This event is generated when a logon session is destroyed. It may be positively correlated with a logon event using the Logon ID value. Logon IDs are only unique between reboots on the same computer.
1521912901.614681	Cpkcqe2FnRIeEE5lg5	10.47.22.25	58947	10.47.2.153	514	udp	LOCAL0	NOTICE	1 2018-03-24T09:18:51-07:00 Kramer.jerry.land EvntSLog - - - An account was logged off. Subject: Security ID: S-1-5-21-1311969832-1707640848-2310541705-500 Account Name: Administrator Account Domain: JERRY Logon ID: 0x3cb629b Logon Type: 3 This event is generated when a logon session is destroyed. It may be positively correlated with a logon event using the Logon ID value. Logon IDs are only unique between reboots on the same computer.
1521912901.614682	Cpkcqe2FnRIeEE5lg5	10.47.22.25	58947	10.47.2.153	514	udp	LOCAL0	NOTICE	1 2018-03-24T09:18:51-07:00 Kramer.jerry.land EvntSLog - - - An account was logged off. Subject: Security ID: S-1-5-21-1311969832-1707640848-2310541705-500 Account Name: Administrator Account Domain: JERRY Logon ID: 0x3cb629b Logon Type: 3 This event is generated when a logon session is destroyed. It may be positively correlated with a logon event using the Logon ID value. Logon IDs are only unique between reboots on the same computer.
1521912901.617563	CWmtaV32vAQJbd72hc	10.47.22.80	51899	10.47.2.153	514	udp	LOCAL0	INFO	1 2018-03-24T09:18:51-07:00 PC-newman.jerry.land EvntSLog - - - Finished checking for non-system extensions.
1521912901.617566	CWmtaV32vAQJbd72hc	10.47.22.80	51899	10.47.2.153	514	udp	LOCAL0	INFO	1 2018-03-24T09:18:51-07:00 PC-newman.jerry.land EvntSLog - - - Finished checking for non-system extensions.
1521912901.617568	CWmtaV32vAQJbd72hc	10.47.22.80	51899	10.47.2.153	514	udp	LOCAL0	INFO	1 2018-03-24T09:18:51-07:00 PC-newman.jerry.land EvntSLog - - - Finished checking for non-system extensions.
1521912901.617570	CWmtaV32vAQJbd72hc	10.47.22.80	51899	10.47.2.153	514	udp	LOCAL0	INFO	1 2018-03-24T09:18:51-07:00 PC-newman.jerry.land EvntSLog - - - Finished checking for non-system extensions.
1521912901.632939	CWmtaV32vAQJbd72hc	10.47.22.80	51899	10.47.2.153	514	udp	LOCAL0	INFO	1 2018-03-24T09:18:51-07:00 PC-newman.jerry.land EvntSLog - - - Completed periodic policy processing for user JERRY\\administrator in 1 seconds.
1521912901.632943	CWmtaV32vAQJbd72hc	10.47.22.80	51899	10.47.2.153	514	udp	LOCAL0	INFO	1 2018-03-24T09:18:51-07:00 PC-newman.jerry.land EvntSLog - - - Completed periodic policy processing for user JERRY\\administrator in 1 seconds.
1521912901.632945	CWmtaV32vAQJbd72hc	10.47.22.80	51899	10.47.2.153	514	udp	LOCAL0	INFO	1 2018-03-24T09:18:51-07:00 PC-newman.jerry.land EvntSLog - - - Completed periodic policy processing for user JERRY\\administrator in 1 seconds.
1521912901.632947	CWmtaV32vAQJbd72hc	10.47.22.80	51899	10.47.2.153	514	udp	LOCAL0	INFO	1 2018-03-24T09:18:51-07:00 PC-newman.jerry.land EvntSLog - - - Completed periodic policy processing for user JERRY\\administrator in 1 seconds.
1521912901.648666	CWmtaV32vAQJbd72hc	10.47.22.80	51899	10.47.2.153	514	udp	LOCAL0	INFO	1 2018-03-24T09:18:51-07:00 PC-newman.jerry.land EvntSLog - - - Next policy processing for JERRY\\administrator will be attempted in 118 minutes.
1521912901.648669	CWmtaV32vAQJbd72hc	10.47.22.80	51899	10.47.2.153	514	udp	LOCAL0	INFO	1 2018-03-24T09:18:51-07:00 PC-newman.jerry.land EvntSLog - - - Next policy processing for JERRY\\administrator will be attempted in 118 minutes.
1521912901.648673	CWmtaV32vAQJbd72hc	10.47.22.80	51899	10.47.2.153	514	udp	LOCAL0	INFO	1 2018-03-24T09:18:51-07:00 PC-newman.jerry.land EvntSLog - - - Next policy processing for JERRY\\administrator will be attempted in 118 minutes.
1521912901.648677	CWmtaV32vAQJbd72hc	10.47.22.80	51899	10.47.2.153	514	udp	LOCAL0	INFO	1 2018-03-24T09:18:51-07:00 PC-newman.jerry.land EvntSLog - - - Next policy processing for JERRY\\administrator will be attempted in 118 minutes.
1521912933.052229	Cpkcqe2FnRIeEE5lg5	10.47.22.25	58947	10.47.2.153	514	udp	LOCAL0	INFO	1 2018-03-24T09:19:23-07:00 Kramer.jerry.land EvntSLog - - - Task Scheduler launched "{5C81A53E-DF97-4E55-A848-4E98BD672107}" instance of task "\\Microsoft\\Windows\\CertificateServicesClient\\UserTask-Roam" due to user "Administrator" locking the computer trigger.
1521912933.052233	Cpkcqe2FnRIeEE5lg5	10.47.22.25	58947	10.47.2.153	514	udp	LOCAL0	INFO	1 2018-03-24T09:19:23-07:00 Kramer.jerry.land EvntSLog - - - Task Scheduler launched "{5C81A53E-DF97-4E55-A848-4E98BD672107}" instance of task "\\Microsoft\\Windows\\CertificateServicesClient\\UserTask-Roam" due to user "Administrator" locking the computer trigger.
1521912933.052410	Cpkcqe2FnRIeEE5lg5	10.47.22.25	58947	10.47.2.153	514	udp	LOCAL0	INFO	1 2018-03-24T09:19:23-07:00 Kramer.jerry.land EvntSLog - - - Task Scheduler launched "{5C81A53E-DF97-4E55-A848-4E98BD672107}" instance of task "\\Microsoft\\Windows\\CertificateServicesClient\\UserTask-Roam" due to user "Administrator" locking the computer trigger.
1521912933.052414	Cpkcqe2FnRIeEE5lg5	10.47.22.25	58947	10.47.2.153	514	udp	LOCAL0	INFO	1 2018-03-24T09:19:23-07:00 Kramer.jerry.land EvntSLog - - - Task Scheduler launched "{5C81A53E-DF97-4E55-A848-4E98BD672107}" instance of task "\\Microsoft\\Windows\\CertificateServicesClient\\UserTask-Roam" due to user "Administrator" locking the computer trigger.
1521912933.069187	Cpkcqe2FnRIeEE5lg5	10.47.22.25	58947	10.47.2.153	514	udp	LOCAL0	INFO	1 2018-03-24T09:19:23-07:00 Kramer.jerry.land EvntSLog - - - Task Engine "S-1-5-21-1311969832-1707640848-2310541705-500:JERRY\\Administrator:Interactive:[1]" received a message from Task Scheduler service requesting to launch task "\\Microsoft\\Windows\\CertificateServicesClient\\UserTask-Roam" .
1521912933.069189	Cpkcqe2FnRIeEE5lg5	10.47.22.25	58947	10.47.2.153	514	udp	LOCAL0	INFO	1 2018-03-24T09:19:23-07:00 Kramer.jerry.land EvntSLog - - - Task Engine "S-1-5-21-1311969832-1707640848-2310541705-500:JERRY\\Administrator:Interactive:[1]" received a message from Task Scheduler service requesting to launch task "\\Microsoft\\Windows\\CertificateServicesClient\\UserTask-Roam" .
1521912933.069191	Cpkcqe2FnRIeEE5lg5	10.47.22.25	58947	10.47.2.153	514	udp	LOCAL0	INFO	1 2018-03-24T09:19:23-07:00 Kramer.jerry.land EvntSLog - - - Task Engine "S-1-5-21-1311969832-1707640848-2310541705-500:JERRY\\Administrator:Interactive:[1]" received a message from Task Scheduler service requesting to launch task "\\Microsoft\\Windows\\CertificateServicesClient\\UserTask-Roam" .
1521912933.069193	Cpkcqe2FnRIeEE5lg5	10.47.22.25	58947	10.47.2.153	514	udp	LOCAL0	INFO	1 2018-03-24T09:19:23-07:00 Kramer.jerry.land EvntSLog - - - Task Engine "S-1-5-21-1311969832-1707640848-2310541705-500:JERRY\\Administrator:Interactive:[1]" received a message from Task Scheduler service requesting to launch task "\\Microsoft\\Windows\\CertificateServicesClient\\UserTask-Roam" .
1521912933.081812	Cpkcqe2FnRIeEE5lg5	10.47.22.25	58947	10.47.2.153	514	udp	LOCAL0	INFO	1 2018-03-24T09:19:23-07:00 Kramer.jerry.land EvntSLog - - - Task Scheduler started "{5C81A53E-DF97-4E55-A848-4E98BD672107}" instance of the "\\Microsoft\\Windows\\CertificateServicesClient\\UserTask-Roam" task for user "JERRY\\administrator".
1521912933.081816	Cpkcqe2FnRIeEE5lg5	10.47.22.25	58947	10.47.2.153	514	udp	LOCAL0	INFO	1 2018-03-24T09:19:23-07:00 Kramer.jerry.land EvntSLog - - - Task Scheduler started "{5C81A53E-DF97-4E55-A848-4E98BD672107}" instance of the "\\Microsoft\\Windows\\CertificateServicesClient\\UserTask-Roam" task for user "JERRY\\administrator".
1521912933.081818	Cpkcqe2FnRIeEE5lg5	10.47.22.25	58947	10.47.2.153	514	udp	LOCAL0	INFO	1 2018-03-24T09:19:23-07:00 Kramer.jerry.land EvntSLog - - - Task Scheduler started "{5C81A53E-DF97-4E55-A848-4E98BD672107}" instance of the "\\Microsoft\\Windows\\CertificateServicesClient\\UserTask-Roam" task for user "JERRY\\administrator".
1521912933.081820	Cpkcqe2FnRIeEE5lg5	10.47.22.25	58947	10.47.2.153	514	udp	LOCAL0	INFO	1 2018-03-24T09:19:23-07:00 Kramer.jerry.land EvntSLog - - - Task Scheduler started "{5C81A53E-DF97-4E55-A848-4E98BD672107}" instance of the "\\Microsoft\\Windows\\CertificateServicesClient\\UserTask-Roam" task for user "JERRY\\administrator".
1521912933.097369	Cpkcqe2FnRIeEE5lg5	10.47.22.25	58947	10.47.2.153	514	udp	LOCAL0	INFO	1 2018-03-24T09:19:23-07:00 Kramer.jerry.land EvntSLog - - - Task Scheduler launched action "Certificate Services Client Task Handler" in instance "{5C81A53E-DF97-4E55-A848-4E98BD672107}" of task "\\Microsoft\\Windows\\CertificateServicesClient\\UserTask-Roam".
1521912933.097370	Cpkcqe2FnRIeEE5lg5	10.47.22.25	58947	10.47.2.153	514	udp	LOCAL0	INFO	1 2018-03-24T09:19:23-07:00 Kramer.jerry.land EvntSLog - - - Task Scheduler launched action "Certificate Services Client Task Handler" in instance "{5C81A53E-DF97-4E55-A848-4E98BD672107}" of task "\\Microsoft\\Windows\\CertificateServicesClient\\UserTask-Roam".
1521912933.097372	Cpkcqe2FnRIeEE5lg5	10.47.22.25	58947	10.47.2.153	514	udp	LOCAL0	INFO	1 2018-03-24T09:19:23-07:00 Kramer.jerry.land EvntSLog - - - Task Scheduler launched action "Certificate Services Client Task Handler" in instance "{5C81A53E-DF97-4E55-A848-4E98BD672107}" of task "\\Microsoft\\Windows\\CertificateServicesClient\\UserTask-Roam".
1521912933.097374	Cpkcqe2FnRIeEE5lg5	10.47.22.25	58947	10.47.2.153	514	udp	LOCAL0	INFO	1 2018-03-24T09:19:23-07:00 Kramer.jerry.land EvntSLog - - - Task Scheduler launched action "Certificate Services Client Task Handler" in instance "{5C81A53E-DF97-4E55-A848-4E98BD672107}" of task "\\Microsoft\\Windows\\CertificateServicesClient\\UserTask-Roam".
1521912933.113115	Cpkcqe2FnRIeEE5lg5	10.47.22.25	58947	10.47.2.153	514	udp	LOCAL0	INFO	1 2018-03-24T09:19:23-07:00 Kramer.jerry.land EvntSLog - - - Task Scheduler successfully completed task "\\Microsoft\\Windows\\CertificateServicesClient\\UserTask-Roam" , instance "{5C81A53E-DF97-4E55-A848-4E98BD672107}" , action "Certificate Services Client Task Handler" with return code 0.
1521912933.113118	Cpkcqe2FnRIeEE5lg5	10.47.22.25	58947	10.47.2.153	514	udp	LOCAL0	INFO	1 2018-03-24T09:19:23-07:00 Kramer.jerry.land EvntSLog - - - Task Scheduler successfully completed task "\\Microsoft\\Windows\\CertificateServicesClient\\UserTask-Roam" , instance "{5C81A53E-DF97-4E55-A848-4E98BD672107}" , action "Certificate Services Client Task Handler" with return code 0.
1521912933.113120	Cpkcqe2FnRIeEE5lg5	10.47.22.25	58947	10.47.2.153	514	udp	LOCAL0	INFO	1 2018-03-24T09:19:23-07:00 Kramer.jerry.land EvntSLog - - - Task Scheduler successfully completed task "\\Microsoft\\Windows\\CertificateServicesClient\\UserTask-Roam" , instance "{5C81A53E-DF97-4E55-A848-4E98BD672107}" , action "Certificate Services Client Task Handler" with return code 0.
1521912933.113122	Cpkcqe2FnRIeEE5lg5	10.47.22.25	58947	10.47.2.153	514	udp	LOCAL0	INFO	1 2018-03-24T09:19:23-07:00 Kramer.jerry.land EvntSLog - - - Task Scheduler successfully completed task "\\Microsoft\\Windows\\CertificateServicesClient\\UserTask-Roam" , instance "{5C81A53E-DF97-4E55-A848-4E98BD672107}" , action "Certificate Services Client Task Handler" with return code 0.
1521912933.132508	Cpkcqe2FnRIeEE5lg5	10.47.22.25	58947	10.47.2.153	514	udp	LOCAL0	INFO	1 2018-03-24T09:19:23-07:00 Kramer.jerry.land EvntSLog - - - Task Scheduler successfully finished "{5C81A53E-DF97-4E55-A848-4E98BD672107}" instance of the "\\Microsoft\\Windows\\CertificateServicesClient\\UserTask-Roam" task for user "JERRY\\administrator".
1521912933.132512	Cpkcqe2FnRIeEE5lg5	10.47.22.25	58947	10.47.2.153	514	udp	LOCAL0	INFO	1 2018-03-24T09:19:23-07:00 Kramer.jerry.land EvntSLog - - - Task Scheduler successfully finished "{5C81A53E-DF97-4E55-A848-4E98BD672107}" instance of the "\\Microsoft\\Windows\\CertificateServicesClient\\UserTask-Roam" task for user "JERRY\\administrator".
1521912933.132516	Cpkcqe2FnRIeEE5lg5	10.47.22.25	58947	10.47.2.153	514	udp	LOCAL0	INFO	1 2018-03-24T09:19:23-07:00 Kramer.jerry.land EvntSLog - - - Task Scheduler successfully finished "{5C81A53E-DF97-4E55-A848-4E98BD672107}" instance of the "\\Microsoft\\Windows\\CertificateServicesClient\\UserTask-Roam" task for user "JERRY\\administrator".
1521912933.132517	Cpkcqe2FnRIeEE5lg5	10.47.22.25	58947	10.47.2.153	514	udp	LOCAL0	INFO	1 2018-03-24T09:19:23-07:00 Kramer.jerry.land EvntSLog - - - Task Scheduler successfully finished "{5C81A53E-DF97-4E55-A848-4E98BD672107}" instance of the "\\Microsoft\\Windows\\CertificateServicesClient\\UserTask-Roam" task for user "JERRY\\administrator".
1521912935.077903	Cpkcqe2FnRIeEE5lg5	10.47.22.25	58947	10.47.2.153	514	udp	LOCAL0	NOTICE	1 2018-03-24T09:19:24-07:00 Kramer.jerry.land EvntSLog - - - A Kerberos service ticket was requested. Account Information: Account Name: PC-HELEN$@JERRY.LAND Account Domain: JERRY.LAND Logon GUID: {93A64ADF-86AC-F61C-1EDA-7925020F48FD} Service Information: Service Name: krbtgt Service ID: S-1-5-21-1311969832-1707640848-2310541705-502 Network Information: Client Address: ::ffff:172.20.0.82 Client Port: 49923 Additional Information: Ticket Options: 0x60810010 Ticket Encryption Type: 0x17 Failure Code: 0x0 Transited Services: - This event is generated every time access is requested to a resource such as a computer or a Windows service. The service name indicates the resource to which access was requested. This event can be correlated with Windows logon events by comparing the Logon GUID fields in each event. The logon event occurs on the machine that was accessed, which is often a different machine than the domain controller which issued the service ticket. Ticket options, encryption types, and failure codes are defined in RFC 4120.
1521912935.077905	Cpkcqe2FnRIeEE5lg5	10.47.22.25	58947	10.47.2.153	514	udp	LOCAL0	NOTICE	1 2018-03-24T09:19:24-07:00 Kramer.jerry.land EvntSLog - - - A Kerberos service ticket was requested. Account Information: Account Name: PC-HELEN$@JERRY.LAND Account Domain: JERRY.LAND Logon GUID: {93A64ADF-86AC-F61C-1EDA-7925020F48FD} Service Information: Service Name: krbtgt Service ID: S-1-5-21-1311969832-1707640848-2310541705-502 Network Information: Client Address: ::ffff:172.20.0.82 Client Port: 49923 Additional Information: Ticket Options: 0x60810010 Ticket Encryption Type: 0x17 Failure Code: 0x0 Transited Services: - This event is generated every time access is requested to a resource such as a computer or a Windows service. The service name indicates the resource to which access was requested. This event can be correlated with Windows logon events by comparing the Logon GUID fields in each event. The logon event occurs on the machine that was accessed, which is often a different machine than the domain controller which issued the service ticket. Ticket options, encryption types, and failure codes are defined in RFC 4120.
1521912935.077907	Cpkcqe2FnRIeEE5lg5	10.47.22.25	58947	10.47.2.153	514	udp	LOCAL0	NOTICE	1 2018-03-24T09:19:24-07:00 Kramer.jerry.land EvntSLog - - - A Kerberos service ticket was requested. Account Information: Account Name: PC-HELEN$@JERRY.LAND Account Domain: JERRY.LAND Logon GUID: {93A64ADF-86AC-F61C-1EDA-7925020F48FD} Service Information: Service Name: krbtgt Service ID: S-1-5-21-1311969832-1707640848-2310541705-502 Network Information: Client Address: ::ffff:172.20.0.82 Client Port: 49923 Additional Information: Ticket Options: 0x60810010 Ticket Encryption Type: 0x17 Failure Code: 0x0 Transited Services: - This event is generated every time access is requested to a resource such as a computer or a Windows service. The service name indicates the resource to which access was requested. This event can be correlated with Windows logon events by comparing the Logon GUID fields in each event. The logon event occurs on the machine that was accessed, which is often a different machine than the domain controller which issued the service ticket. Ticket options, encryption types, and failure codes are defined in RFC 4120.
1521912935.077909	Cpkcqe2FnRIeEE5lg5	10.47.22.25	58947	10.47.2.153	514	udp	LOCAL0	NOTICE	1 2018-03-24T09:19:24-07:00 Kramer.jerry.land EvntSLog - - - A Kerberos service ticket was requested. Account Information: Account Name: PC-HELEN$@JERRY.LAND Account Domain: JERRY.LAND Logon GUID: {93A64ADF-86AC-F61C-1EDA-7925020F48FD} Service Information: Service Name: krbtgt Service ID: S-1-5-21-1311969832-1707640848-2310541705-502 Network Information: Client Address: ::ffff:172.20.0.82 Client Port: 49923 Additional Information: Ticket Options: 0x60810010 Ticket Encryption Type: 0x17 Failure Code: 0x0 Transited Services: - This event is generated every time access is requested to a resource such as a computer or a Windows service. The service name indicates the resource to which access was requested. This event can be correlated with Windows logon events by comparing the Logon GUID fields in each event. The logon event occurs on the machine that was accessed, which is often a different machine than the domain controller which issued the service ticket. Ticket options, encryption types, and failure codes are defined in RFC 4120.
1521912935.093578	Cpkcqe2FnRIeEE5lg5	10.47.22.25	58947	10.47.2.153	514	udp	LOCAL0	NOTICE	1 2018-03-24T09:19:24-07:00 Kramer.jerry.land EvntSLog - - - An account was successfully logged on. Subject: Security ID: S-1-0-0 Account Name: - Account Domain: - Logon ID: 0x0 Logon Type: 3 New Logon: Security ID: S-1-5-21-1311969832-1707640848-2310541705-1105 Account Name: PC-HELEN$ Account Domain: JERRY Logon ID: 0x3cbcbae Logon GUID: {D52D5354-D559-C750-C8D2-116840F77103} Process Information: Process ID: 0x0 Process Name: - Network Information: Workstation Name: Source Network Address: 172.20.0.82 Source Port: 49921 Detailed Authentication Information: Logon Process: Kerberos Authentication Package: Kerberos Transited Services: - Package Name (NTLM only): - Key Length: 0 This event is generated when a logon session is created. It is generated on the computer that was accessed. The subject fields indicate the account on the local system which requested the logon. This is most commonly a service such as the Server service, or a local process such as Winlogon.exe or Services.exe. The logon type field indicates the kind of logon that occurred. The most common types are 2 (interactive) and 3 (network). The New Logon fields indicate the account for whom the new logon was created, i.e. the account that was logged on. The network fields indicate where a remote logon request originated. Workstation name is not always available and may be left blank in some cases. The authentication information fields provide detailed information about this specific logon request. - Logon GUID is a unique identifier that can be used to correlate this event with a KDC event. - Transited services indicate which intermediate services have participated in this logon request. - Package name indicates which sub-protocol was used among the NTLM protocols. - Key length indicates the length of the generated session key. This will be 0 if no session key was requested.
1521912935.093582	Cpkcqe2FnRIeEE5lg5	10.47.22.25	58947	10.47.2.153	514	udp	LOCAL0	NOTICE	1 2018-03-24T09:19:24-07:00 Kramer.jerry.land EvntSLog - - - An account was successfully logged on. Subject: Security ID: S-1-0-0 Account Name: - Account Domain: - Logon ID: 0x0 Logon Type: 3 New Logon: Security ID: S-1-5-21-1311969832-1707640848-2310541705-1105 Account Name: PC-HELEN$ Account Domain: JERRY Logon ID: 0x3cbcbae Logon GUID: {D52D5354-D559-C750-C8D2-116840F77103} Process Information: Process ID: 0x0 Process Name: - Network Information: Workstation Name: Source Network Address: 172.20.0.82 Source Port: 49921 Detailed Authentication Information: Logon Process: Kerberos Authentication Package: Kerberos Transited Services: - Package Name (NTLM only): - Key Length: 0 This event is generated when a logon session is created. It is generated on the computer that was accessed. The subject fields indicate the account on the local system which requested the logon. This is most commonly a service such as the Server service, or a local process such as Winlogon.exe or Services.exe. The logon type field indicates the kind of logon that occurred. The most common types are 2 (interactive) and 3 (network). The New Logon fields indicate the account for whom the new logon was created, i.e. the account that was logged on. The network fields indicate where a remote logon request originated. Workstation name is not always available and may be left blank in some cases. The authentication information fields provide detailed information about this specific logon request. - Logon GUID is a unique identifier that can be used to correlate this event with a KDC event. - Transited services indicate which intermediate services have participated in this logon request. - Package name indicates which sub-protocol was used among the NTLM protocols. - Key length indicates the length of the generated session key. This will be 0 if no session key was requested.
1521912935.093726	Cpkcqe2FnRIeEE5lg5	10.47.22.25	58947	10.47.2.153	514	udp	LOCAL0	NOTICE	1 2018-03-24T09:19:24-07:00 Kramer.jerry.land EvntSLog - - - An account was successfully logged on. Subject: Security ID: S-1-0-0 Account Name: - Account Domain: - Logon ID: 0x0 Logon Type: 3 New Logon: Security ID: S-1-5-21-1311969832-1707640848-2310541705-1105 Account Name: PC-HELEN$ Account Domain: JERRY Logon ID: 0x3cbcbae Logon GUID: {D52D5354-D559-C750-C8D2-116840F77103} Process Information: Process ID: 0x0 Process Name: - Network Information: Workstation Name: Source Network Address: 172.20.0.82 Source Port: 49921 Detailed Authentication Information: Logon Process: Kerberos Authentication Package: Kerberos Transited Services: - Package Name (NTLM only): - Key Length: 0 This event is generated when a logon session is created. It is generated on the computer that was accessed. The subject fields indicate the account on the local system which requested the logon. This is most commonly a service such as the Server service, or a local process such as Winlogon.exe or Services.exe. The logon type field indicates the kind of logon that occurred. The most common types are 2 (interactive) and 3 (network). The New Logon fields indicate the account for whom the new logon was created, i.e. the account that was logged on. The network fields indicate where a remote logon request originated. Workstation name is not always available and may be left blank in some cases. The authentication information fields provide detailed information about this specific logon request. - Logon GUID is a unique identifier that can be used to correlate this event with a KDC event. - Transited services indicate which intermediate services have participated in this logon request. - Package name indicates which sub-protocol was used among the NTLM protocols. - Key length indicates the length of the generated session key. This will be 0 if no session key was requested.
1521912935.093730	Cpkcqe2FnRIeEE5lg5	10.47.22.25	58947	10.47.2.153	514	udp	LOCAL0	NOTICE	1 2018-03-24T09:19:24-07:00 Kramer.jerry.land EvntSLog - - - An account was successfully logged on. Subject: Security ID: S-1-0-0 Account Name: - Account Domain: - Logon ID: 0x0 Logon Type: 3 New Logon: Security ID: S-1-5-21-1311969832-1707640848-2310541705-1105 Account Name: PC-HELEN$ Account Domain: JERRY Logon ID: 0x3cbcbae Logon GUID: {D52D5354-D559-C750-C8D2-116840F77103} Process Information: Process ID: 0x0 Process Name: - Network Information: Workstation Name: Source Network Address: 172.20.0.82 Source Port: 49921 Detailed Authentication Information: Logon Process: Kerberos Authentication Package: Kerberos Transited Services: - Package Name (NTLM only): - Key Length: 0 This event is generated when a logon session is created. It is generated on the computer that was accessed. The subject fields indicate the account on the local system which requested the logon. This is most commonly a service such as the Server service, or a local process such as Winlogon.exe or Services.exe. The logon type field indicates the kind of logon that occurred. The most common types are 2 (interactive) and 3 (network). The New Logon fields indicate the account for whom the new logon was created, i.e. the account that was logged on. The network fields indicate where a remote logon request originated. Workstation name is not always available and may be left blank in some cases. The authentication information fields provide detailed information about this specific logon request. - Logon GUID is a unique identifier that can be used to correlate this event with a KDC event. - Transited services indicate which intermediate services have participated in this logon request. - Package name indicates which sub-protocol was used among the NTLM protocols. - Key length indicates the length of the generated session key. This will be 0 if no session key was requested.
1521912937.107330	Cpkcqe2FnRIeEE5lg5	10.47.22.25	58947	10.47.2.153	514	udp	LOCAL0	NOTICE	1 2018-03-24T09:19:27-07:00 Kramer.jerry.land EvntSLog - - - An account was logged off. Subject: Security ID: S-1-5-21-1311969832-1707640848-2310541705-500 Account Name: Administrator Account Domain: JERRY Logon ID: 0x3cb62ce Logon Type: 3 This event is generated when a logon session is destroyed. It may be positively correlated with a logon event using the Logon ID value. Logon IDs are only unique between reboots on the same computer.
1521912937.107334	Cpkcqe2FnRIeEE5lg5	10.47.22.25	58947	10.47.2.153	514	udp	LOCAL0	NOTICE	1 2018-03-24T09:19:27-07:00 Kramer.jerry.land EvntSLog - - - An account was logged off. Subject: Security ID: S-1-5-21-1311969832-1707640848-2310541705-500 Account Name: Administrator Account Domain: JERRY Logon ID: 0x3cb62ce Logon Type: 3 This event is generated when a logon session is destroyed. It may be positively correlated with a logon event using the Logon ID value. Logon IDs are only unique between reboots on the same computer.
1521912937.107336	Cpkcqe2FnRIeEE5lg5	10.47.22.25	58947	10.47.2.153	514	udp	LOCAL0	NOTICE	1 2018-03-24T09:19:27-07:00 Kramer.jerry.land EvntSLog - - - An account was logged off. Subject: Security ID: S-1-5-21-1311969832-1707640848-2310541705-500 Account Name: Administrator Account Domain: JERRY Logon ID: 0x3cb62ce Logon Type: 3 This event is generated when a logon session is destroyed. It may be positively correlated with a logon event using the Logon ID value. Logon IDs are only unique between reboots on the same computer.
1521912937.107338	Cpkcqe2FnRIeEE5lg5	10.47.22.25	58947	10.47.2.153	514	udp	LOCAL0	NOTICE	1 2018-03-24T09:19:27-07:00 Kramer.jerry.land EvntSLog - - - An account was logged off. Subject: Security ID: S-1-5-21-1311969832-1707640848-2310541705-500 Account Name: Administrator Account Domain: JERRY Logon ID: 0x3cb62ce Logon Type: 3 This event is generated when a logon session is destroyed. It may be positively correlated with a logon event using the Logon ID value. Logon IDs are only unique between reboots on the same computer.
1521912947.274009	Cpkcqe2FnRIeEE5lg5	10.47.22.25	58947	10.47.2.153	514	udp	LOCAL0	NOTICE	1 2018-03-24T09:19:37-07:00 Kramer.jerry.land EvntSLog - - - An account was logged off. Subject: Security ID: S-1-5-21-1311969832-1707640848-2310541705-1105 Account Name: PC-HELEN$ Account Domain: JERRY Logon ID: 0x3cbcbae Logon Type: 3 This event is generated when a logon session is destroyed. It may be positively correlated with a logon event using the Logon ID value. Logon IDs are only unique between reboots on the same computer.
1521912947.274014	Cpkcqe2FnRIeEE5lg5	10.47.22.25	58947	10.47.2.153	514	udp	LOCAL0	NOTICE	1 2018-03-24T09:19:37-07:00 Kramer.jerry.land EvntSLog - - - An account was logged off. Subject: Security ID: S-1-5-21-1311969832-1707640848-2310541705-1105 Account Name: PC-HELEN$ Account Domain: JERRY Logon ID: 0x3cbcbae Logon Type: 3 This event is generated when a logon session is destroyed. It may be positively correlated with a logon event using the Logon ID value. Logon IDs are only unique between reboots on the same computer.
1521912947.274016	Cpkcqe2FnRIeEE5lg5	10.47.22.25	58947	10.47.2.153	514	udp	LOCAL0	NOTICE	1 2018-03-24T09:19:37-07:00 Kramer.jerry.land EvntSLog - - - An account was logged off. Subject: Security ID: S-1-5-21-1311969832-1707640848-2310541705-1105 Account Name: PC-HELEN$ Account Domain: JERRY Logon ID: 0x3cbcbae Logon Type: 3 This event is generated when a logon session is destroyed. It may be positively correlated with a logon event using the Logon ID value. Logon IDs are only unique between reboots on the same computer.
1521912947.274018	Cpkcqe2FnRIeEE5lg5	10.47.22.25	58947	10.47.2.153	514	udp	LOCAL0	NOTICE	1 2018-03-24T09:19:37-07:00 Kramer.jerry.land EvntSLog - - - An account was logged off. Subject: Security ID: S-1-5-21-1311969832-1707640848-2310541705-1105 Account Name: PC-HELEN$ Account Domain: JERRY Logon ID: 0x3cbcbae Logon Type: 3 This event is generated when a logon session is destroyed. It may be positively correlated with a logon event using the Logon ID value. Logon IDs are only unique between reboots on the same computer.
1521912967.527262	Cpkcqe2FnRIeEE5lg5	10.47.22.25	58947	10.47.2.153	514	udp	LOCAL0	NOTICE	1 2018-03-24T09:19:57-07:00 Kramer.jerry.land EvntSLog - - - Special privileges assigned to new logon. Subject: Security ID: S-1-5-18 Account Name: KRAMER$ Account Domain: JERRY Logon ID: 0x3cc0e7f Privileges: SeSecurityPrivilege SeBackupPrivilege SeRestorePrivilege SeTakeOwnershipPrivilege SeDebugPrivilege SeSystemEnvironmentPrivilege SeLoadDriverPrivilege SeImpersonatePrivilege SeEnableDelegationPrivilege
1521912967.527309	Cpkcqe2FnRIeEE5lg5	10.47.22.25	58947	10.47.2.153	514	udp	LOCAL0	NOTICE	1 2018-03-24T09:19:57-07:00 Kramer.jerry.land EvntSLog - - - Special privileges assigned to new logon. Subject: Security ID: S-1-5-18 Account Name: KRAMER$ Account Domain: JERRY Logon ID: 0x3cc0e7f Privileges: SeSecurityPrivilege SeBackupPrivilege SeRestorePrivilege SeTakeOwnershipPrivilege SeDebugPrivilege SeSystemEnvironmentPrivilege SeLoadDriverPrivilege SeImpersonatePrivilege SeEnableDelegationPrivilege
1521912967.527509	Cpkcqe2FnRIeEE5lg5	10.47.22.25	58947	10.47.2.153	514	udp	LOCAL0	NOTICE	1 2018-03-24T09:19:57-07:00 Kramer.jerry.land EvntSLog - - - Special privileges assigned to new logon. Subject: Security ID: S-1-5-18 Account Name: KRAMER$ Account Domain: JERRY Logon ID: 0x3cc0e7f Privileges: SeSecurityPrivilege SeBackupPrivilege SeRestorePrivilege SeTakeOwnershipPrivilege SeDebugPrivilege SeSystemEnvironmentPrivilege SeLoadDriverPrivilege SeImpersonatePrivilege SeEnableDelegationPrivilege
1521912967.527510	Cpkcqe2FnRIeEE5lg5	10.47.22.25	58947	10.47.2.153	514	udp	LOCAL0	NOTICE	1 2018-03-24T09:19:57-07:00 Kramer.jerry.land EvntSLog - - - Special privileges assigned to new logon. Subject: Security ID: S-1-5-18 Account Name: KRAMER$ Account Domain: JERRY Logon ID: 0x3cc0e7f Privileges: SeSecurityPrivilege SeBackupPrivilege SeRestorePrivilege SeTakeOwnershipPrivilege SeDebugPrivilege SeSystemEnvironmentPrivilege SeLoadDriverPrivilege SeImpersonatePrivilege SeEnableDelegationPrivilege
