1521912353.021883	CBs8sZ2kIbw2QgSdy4	10.47.22.25	58947	10.47.2.153	514	udp	LOCAL0	NOTICE	1 2018-03-24T09:09:43-07:00 Kramer.jerry.land EvntSLog - - - The domain controller attempted to validate the credentials for an account. Authentication Package: MICROSOFT_AUTHENTICATION_PACKAGE_V1_0 Logon Account: Guest Source Workstation: WORKSTATION Error Code: 0x0
1521912353.021885	CBs8sZ2kIbw2QgSdy4	10.47.22.25	58947	10.47.2.153	514	udp	LOCAL0	NOTICE	1 2018-03-24T09:09:43-07:00 Kramer.jerry.land EvntSLog - - - The domain controller attempted to validate the credentials for an account. Authentication Package: MICROSOFT_AUTHENTICATION_PACKAGE_V1_0 Logon Account: Guest Source Workstation: WORKSTATION Error Code: 0x0
1521912353.021887	CBs8sZ2kIbw2QgSdy4	10.47.22.25	58947	10.47.2.153	514	udp	LOCAL0	NOTICE	1 2018-03-24T09:09:43-07:00 Kramer.jerry.land EvntSLog - - - The domain controller attempted to validate the credentials for an account. Authentication Package: MICROSOFT_AUTHENTICATION_PACKAGE_V1_0 Logon Account: Guest Source Workstation: WORKSTATION Error Code: 0x0
1521912353.021889	CBs8sZ2kIbw2QgSdy4	10.47.22.25	58947	10.47.2.153	514	udp	LOCAL0	NOTICE	1 2018-03-24T09:09:43-07:00 Kramer.jerry.land EvntSLog - - - The domain controller attempted to validate the credentials for an account. Authentication Package: MICROSOFT_AUTHENTICATION_PACKAGE_V1_0 Logon Account: Guest Source Workstation: WORKSTATION Error Code: 0x0
1521912353.038253	CBs8sZ2kIbw2QgSdy4	10.47.22.25	58947	10.47.2.153	514	udp	LOCAL0	NOTICE	1 2018-03-24T09:09:43-07:00 Kramer.jerry.land EvntSLog - - - Special privileges assigned to new logon. Subject: Security ID: S-1-5-21-1311969832-1707640848-2310541705-501 Account Name: Guest Account Domain: JERRY Logon ID: 0x3c73d99 Privileges: SeSecurityPrivilege SeBackupPrivilege SeRestorePrivilege SeTakeOwnershipPrivilege SeDebugPrivilege SeSystemEnvironmentPrivilege SeLoadDriverPrivilege SeImpersonatePrivilege SeEnableDelegationPrivilege
1521912353.038255	CBs8sZ2kIbw2QgSdy4	10.47.22.25	58947	10.47.2.153	514	udp	LOCAL0	NOTICE	1 2018-03-24T09:09:43-07:00 Kramer.jerry.land EvntSLog - - - Special privileges assigned to new logon. Subject: Security ID: S-1-5-21-1311969832-1707640848-2310541705-501 Account Name: Guest Account Domain: JERRY Logon ID: 0x3c73d99 Privileges: SeSecurityPrivilege SeBackupPrivilege SeRestorePrivilege SeTakeOwnershipPrivilege SeDebugPrivilege SeSystemEnvironmentPrivilege SeLoadDriverPrivilege SeImpersonatePrivilege SeEnableDelegationPrivilege
1521912353.038257	CBs8sZ2kIbw2QgSdy4	10.47.22.25	58947	10.47.2.153	514	udp	LOCAL0	NOTICE	1 2018-03-24T09:09:43-07:00 Kramer.jerry.land EvntSLog - - - Special privileges assigned to new logon. Subject: Security ID: S-1-5-21-1311969832-1707640848-2310541705-501 Account Name: Guest Account Domain: JERRY Logon ID: 0x3c73d99 Privileges: SeSecurityPrivilege SeBackupPrivilege SeRestorePrivilege SeTakeOwnershipPrivilege SeDebugPrivilege SeSystemEnvironmentPrivilege SeLoadDriverPrivilege SeImpersonatePrivilege SeEnableDelegationPrivilege
1521912353.038259	CBs8sZ2kIbw2QgSdy4	10.47.22.25	58947	10.47.2.153	514	udp	LOCAL0	NOTICE	1 2018-03-24T09:09:43-07:00 Kramer.jerry.land EvntSLog - - - Special privileges assigned to new logon. Subject: Security ID: S-1-5-21-1311969832-1707640848-2310541705-501 Account Name: Guest Account Domain: JERRY Logon ID: 0x3c73d99 Privileges: SeSecurityPrivilege SeBackupPrivilege SeRestorePrivilege SeTakeOwnershipPrivilege SeDebugPrivilege SeSystemEnvironmentPrivilege SeLoadDriverPrivilege SeImpersonatePrivilege SeEnableDelegationPrivilege
1521912353.053388	CBs8sZ2kIbw2QgSdy4	10.47.22.25	58947	10.47.2.153	514	udp	LOCAL0	NOTICE	1 2018-03-24T09:09:43-07:00 Kramer.jerry.land EvntSLog - - - An account was logged off. Subject: Security ID: S-1-5-21-1311969832-1707640848-2310541705-501 Account Name: Guest Account Domain: JERRY Logon ID: 0x3c73d99 Logon Type: 3 This event is generated when a logon session is destroyed. It may be positively correlated with a logon event using the Logon ID value. Logon IDs are only unique between reboots on the same computer.
1521912353.053390	CBs8sZ2kIbw2QgSdy4	10.47.22.25	58947	10.47.2.153	514	udp	LOCAL0	NOTICE	1 2018-03-24T09:09:43-07:00 Kramer.jerry.land EvntSLog - - - An account was logged off. Subject: Security ID: S-1-5-21-1311969832-1707640848-2310541705-501 Account Name: Guest Account Domain: JERRY Logon ID: 0x3c73d99 Logon Type: 3 This event is generated when a logon session is destroyed. It may be positively correlated with a logon event using the Logon ID value. Logon IDs are only unique between reboots on the same computer.
1521912353.053393	CBs8sZ2kIbw2QgSdy4	10.47.22.25	58947	10.47.2.153	514	udp	LOCAL0	NOTICE	1 2018-03-24T09:09:43-07:00 Kramer.jerry.land EvntSLog - - - An account was logged off. Subject: Security ID: S-1-5-21-1311969832-1707640848-2310541705-501 Account Name: Guest Account Domain: JERRY Logon ID: 0x3c73d99 Logon Type: 3 This event is generated when a logon session is destroyed. It may be positively correlated with a logon event using the Logon ID value. Logon IDs are only unique between reboots on the same computer.
1521912353.053395	CBs8sZ2kIbw2QgSdy4	10.47.22.25	58947	10.47.2.153	514	udp	LOCAL0	NOTICE	1 2018-03-24T09:09:43-07:00 Kramer.jerry.land EvntSLog - - - An account was logged off. Subject: Security ID: S-1-5-21-1311969832-1707640848-2310541705-501 Account Name: Guest Account Domain: JERRY Logon ID: 0x3c73d99 Logon Type: 3 This event is generated when a logon session is destroyed. It may be positively correlated with a logon event using the Logon ID value. Logon IDs are only unique between reboots on the same computer.
1521912355.050327	CBs8sZ2kIbw2QgSdy4	10.47.22.25	58947	10.47.2.153	514	udp	LOCAL0	NOTICE	1 2018-03-24T09:09:45-07:00 Kramer.jerry.land EvntSLog - - - The domain controller attempted to validate the credentials for an account. Authentication Package: MICROSOFT_AUTHENTICATION_PACKAGE_V1_0 Logon Account: Guest Source Workstation: 91CLY2nYCMVqer8z Error Code: 0x0
1521912355.050330	CBs8sZ2kIbw2QgSdy4	10.47.22.25	58947	10.47.2.153	514	udp	LOCAL0	NOTICE	1 2018-03-24T09:09:45-07:00 Kramer.jerry.land EvntSLog - - - The domain controller attempted to validate the credentials for an account. Authentication Package: MICROSOFT_AUTHENTICATION_PACKAGE_V1_0 Logon Account: Guest Source Workstation: 91CLY2nYCMVqer8z Error Code: 0x0
1521912355.050335	CBs8sZ2kIbw2QgSdy4	10.47.22.25	58947	10.47.2.153	514	udp	LOCAL0	NOTICE	1 2018-03-24T09:09:45-07:00 Kramer.jerry.land EvntSLog - - - The domain controller attempted to validate the credentials for an account. Authentication Package: MICROSOFT_AUTHENTICATION_PACKAGE_V1_0 Logon Account: Guest Source Workstation: 91CLY2nYCMVqer8z Error Code: 0x0
1521912355.050339	CBs8sZ2kIbw2QgSdy4	10.47.22.25	58947	10.47.2.153	514	udp	LOCAL0	NOTICE	1 2018-03-24T09:09:45-07:00 Kramer.jerry.land EvntSLog - - - The domain controller attempted to validate the credentials for an account. Authentication Package: MICROSOFT_AUTHENTICATION_PACKAGE_V1_0 Logon Account: Guest Source Workstation: 91CLY2nYCMVqer8z Error Code: 0x0
1521912355.065949	CBs8sZ2kIbw2QgSdy4	10.47.22.25	58947	10.47.2.153	514	udp	LOCAL0	NOTICE	1 2018-03-24T09:09:45-07:00 Kramer.jerry.land EvntSLog - - - Special privileges assigned to new logon. Subject: Security ID: S-1-5-21-1311969832-1707640848-2310541705-501 Account Name: Guest Account Domain: JERRY Logon ID: 0x3c74165 Privileges: SeSecurityPrivilege SeBackupPrivilege SeRestorePrivilege SeTakeOwnershipPrivilege SeDebugPrivilege SeSystemEnvironmentPrivilege SeLoadDriverPrivilege SeImpersonatePrivilege SeEnableDelegationPrivilege
1521912355.065952	CBs8sZ2kIbw2QgSdy4	10.47.22.25	58947	10.47.2.153	514	udp	LOCAL0	NOTICE	1 2018-03-24T09:09:45-07:00 Kramer.jerry.land EvntSLog - - - Special privileges assigned to new logon. Subject: Security ID: S-1-5-21-1311969832-1707640848-2310541705-501 Account Name: Guest Account Domain: JERRY Logon ID: 0x3c74165 Privileges: SeSecurityPrivilege SeBackupPrivilege SeRestorePrivilege SeTakeOwnershipPrivilege SeDebugPrivilege SeSystemEnvironmentPrivilege SeLoadDriverPrivilege SeImpersonatePrivilege SeEnableDelegationPrivilege
1521912355.065954	CBs8sZ2kIbw2QgSdy4	10.47.22.25	58947	10.47.2.153	514	udp	LOCAL0	NOTICE	1 2018-03-24T09:09:45-07:00 Kramer.jerry.land EvntSLog - - - Special privileges assigned to new logon. Subject: Security ID: S-1-5-21-1311969832-1707640848-2310541705-501 Account Name: Guest Account Domain: JERRY Logon ID: 0x3c74165 Privileges: SeSecurityPrivilege SeBackupPrivilege SeRestorePrivilege SeTakeOwnershipPrivilege SeDebugPrivilege SeSystemEnvironmentPrivilege SeLoadDriverPrivilege SeImpersonatePrivilege SeEnableDelegationPrivilege
1521912355.065956	CBs8sZ2kIbw2QgSdy4	10.47.22.25	58947	10.47.2.153	514	udp	LOCAL0	NOTICE	1 2018-03-24T09:09:45-07:00 Kramer.jerry.land EvntSLog - - - Special privileges assigned to new logon. Subject: Security ID: S-1-5-21-1311969832-1707640848-2310541705-501 Account Name: Guest Account Domain: JERRY Logon ID: 0x3c74165 Privileges: SeSecurityPrivilege SeBackupPrivilege SeRestorePrivilege SeTakeOwnershipPrivilege SeDebugPrivilege SeSystemEnvironmentPrivilege SeLoadDriverPrivilege SeImpersonatePrivilege SeEnableDelegationPrivilege
1521912355.081120	CBs8sZ2kIbw2QgSdy4	10.47.22.25	58947	10.47.2.153	514	udp	LOCAL0	NOTICE	1 2018-03-24T09:09:45-07:00 Kramer.jerry.land EvntSLog - - - An account was logged off. Subject: Security ID: S-1-5-21-1311969832-1707640848-2310541705-501 Account Name: Guest Account Domain: JERRY Logon ID: 0x3c74165 Logon Type: 3 This event is generated when a logon session is destroyed. It may be positively correlated with a logon event using the Logon ID value. Logon IDs are only unique between reboots on the same computer.
1521912355.081124	CBs8sZ2kIbw2QgSdy4	10.47.22.25	58947	10.47.2.153	514	udp	LOCAL0	NOTICE	1 2018-03-24T09:09:45-07:00 Kramer.jerry.land EvntSLog - - - An account was logged off. Subject: Security ID: S-1-5-21-1311969832-1707640848-2310541705-501 Account Name: Guest Account Domain: JERRY Logon ID: 0x3c74165 Logon Type: 3 This event is generated when a logon session is destroyed. It may be positively correlated with a logon event using the Logon ID value. Logon IDs are only unique between reboots on the same computer.
1521912355.081134	CBs8sZ2kIbw2QgSdy4	10.47.22.25	58947	10.47.2.153	514	udp	LOCAL0	NOTICE	1 2018-03-24T09:09:45-07:00 Kramer.jerry.land EvntSLog - - - An account was logged off. Subject: Security ID: S-1-5-21-1311969832-1707640848-2310541705-501 Account Name: Guest Account Domain: JERRY Logon ID: 0x3c74165 Logon Type: 3 This event is generated when a logon session is destroyed. It may be positively correlated with a logon event using the Logon ID value. Logon IDs are only unique between reboots on the same computer.
1521912355.081141	CBs8sZ2kIbw2QgSdy4	10.47.22.25	58947	10.47.2.153	514	udp	LOCAL0	NOTICE	1 2018-03-24T09:09:45-07:00 Kramer.jerry.land EvntSLog - - - An account was logged off. Subject: Security ID: S-1-5-21-1311969832-1707640848-2310541705-501 Account Name: Guest Account Domain: JERRY Logon ID: 0x3c74165 Logon Type: 3 This event is generated when a logon session is destroyed. It may be positively correlated with a logon event using the Logon ID value. Logon IDs are only unique between reboots on the same computer.
1521912366.203383	CBs8sZ2kIbw2QgSdy4	10.47.22.25	58947	10.47.2.153	514	udp	LOCAL0	NOTICE	1 2018-03-24T09:09:56-07:00 Kramer.jerry.land EvntSLog - - - Special privileges assigned to new logon. Subject: Security ID: S-1-5-18 Account Name: KRAMER$ Account Domain: JERRY Logon ID: 0x3c75a01 Privileges: SeSecurityPrivilege SeBackupPrivilege SeRestorePrivilege SeTakeOwnershipPrivilege SeDebugPrivilege SeSystemEnvironmentPrivilege SeLoadDriverPrivilege SeImpersonatePrivilege SeEnableDelegationPrivilege
1521912366.203387	CBs8sZ2kIbw2QgSdy4	10.47.22.25	58947	10.47.2.153	514	udp	LOCAL0	NOTICE	1 2018-03-24T09:09:56-07:00 Kramer.jerry.land EvntSLog - - - Special privileges assigned to new logon. Subject: Security ID: S-1-5-18 Account Name: KRAMER$ Account Domain: JERRY Logon ID: 0x3c75a01 Privileges: SeSecurityPrivilege SeBackupPrivilege SeRestorePrivilege SeTakeOwnershipPrivilege SeDebugPrivilege SeSystemEnvironmentPrivilege SeLoadDriverPrivilege SeImpersonatePrivilege SeEnableDelegationPrivilege
1521912366.203389	CBs8sZ2kIbw2QgSdy4	10.47.22.25	58947	10.47.2.153	514	udp	LOCAL0	NOTICE	1 2018-03-24T09:09:56-07:00 Kramer.jerry.land EvntSLog - - - Special privileges assigned to new logon. Subject: Security ID: S-1-5-18 Account Name: KRAMER$ Account Domain: JERRY Logon ID: 0x3c75a01 Privileges: SeSecurityPrivilege SeBackupPrivilege SeRestorePrivilege SeTakeOwnershipPrivilege SeDebugPrivilege SeSystemEnvironmentPrivilege SeLoadDriverPrivilege SeImpersonatePrivilege SeEnableDelegationPrivilege
1521912366.203395	CBs8sZ2kIbw2QgSdy4	10.47.22.25	58947	10.47.2.153	514	udp	LOCAL0	NOTICE	1 2018-03-24T09:09:56-07:00 Kramer.jerry.land EvntSLog - - - Special privileges assigned to new logon. Subject: Security ID: S-1-5-18 Account Name: KRAMER$ Account Domain: JERRY Logon ID: 0x3c75a01 Privileges: SeSecurityPrivilege SeBackupPrivilege SeRestorePrivilege SeTakeOwnershipPrivilege SeDebugPrivilege SeSystemEnvironmentPrivilege SeLoadDriverPrivilege SeImpersonatePrivilege SeEnableDelegationPrivilege
1521912366.219948	CBs8sZ2kIbw2QgSdy4	10.47.22.25	58947	10.47.2.153	514	udp	LOCAL0	NOTICE	1 2018-03-24T09:09:56-07:00 Kramer.jerry.land EvntSLog - - - An account was successfully logged on. Subject: Security ID: S-1-0-0 Account Name: - Account Domain: - Logon ID: 0x0 Logon Type: 3 New Logon: Security ID: S-1-5-18 Account Name: KRAMER$ Account Domain: JERRY Logon ID: 0x3c75a01 Logon GUID: {3927FFCA-9038-917B-C030-965416739BC7} Process Information: Process ID: 0x0 Process Name: - Network Information: Workstation Name: Source Network Address: 172.20.0.25 Source Port: 49389 Detailed Authentication Information: Logon Process: Kerberos Authentication Package: Kerberos Transited Services: - Package Name (NTLM only): - Key Length: 0 This event is generated when a logon session is created. It is generated on the computer that was accessed. The subject fields indicate the account on the local system which requested the logon. This is most commonly a service such as the Server service, or a local process such as Winlogon.exe or Services.exe. The logon type field indicates the kind of logon that occurred. The most common types are 2 (interactive) and 3 (network). The New Logon fields indicate the account for whom the new logon was created, i.e. the account that was logged on. The network fields indicate where a remote logon request originated. Workstation name is not always available and may be left blank in some cases. The authentication information fields provide detailed information about this specific logon request. - Logon GUID is a unique identifier that can be used to correlate this event with a KDC event. - Transited services indicate which intermediate services have participated in this logon request. - Package name indicates which sub-protocol was used among the NTLM protocols. - Key length indicates the length of the generated session key. This will be 0 if no session key was requested.
1521912366.219952	CBs8sZ2kIbw2QgSdy4	10.47.22.25	58947	10.47.2.153	514	udp	LOCAL0	NOTICE	1 2018-03-24T09:09:56-07:00 Kramer.jerry.land EvntSLog - - - An account was successfully logged on. Subject: Security ID: S-1-0-0 Account Name: - Account Domain: - Logon ID: 0x0 Logon Type: 3 New Logon: Security ID: S-1-5-18 Account Name: KRAMER$ Account Domain: JERRY Logon ID: 0x3c75a01 Logon GUID: {3927FFCA-9038-917B-C030-965416739BC7} Process Information: Process ID: 0x0 Process Name: - Network Information: Workstation Name: Source Network Address: 172.20.0.25 Source Port: 49389 Detailed Authentication Information: Logon Process: Kerberos Authentication Package: Kerberos Transited Services: - Package Name (NTLM only): - Key Length: 0 This event is generated when a logon session is created. It is generated on the computer that was accessed. The subject fields indicate the account on the local system which requested the logon. This is most commonly a service such as the Server service, or a local process such as Winlogon.exe or Services.exe. The logon type field indicates the kind of logon that occurred. The most common types are 2 (interactive) and 3 (network). The New Logon fields indicate the account for whom the new logon was created, i.e. the account that was logged on. The network fields indicate where a remote logon request originated. Workstation name is not always available and may be left blank in some cases. The authentication information fields provide detailed information about this specific logon request. - Logon GUID is a unique identifier that can be used to correlate this event with a KDC event. - Transited services indicate which intermediate services have participated in this logon request. - Package name indicates which sub-protocol was used among the NTLM protocols. - Key length indicates the length of the generated session key. This will be 0 if no session key was requested.
1521912366.220098	CBs8sZ2kIbw2QgSdy4	10.47.22.25	58947	10.47.2.153	514	udp	LOCAL0	NOTICE	1 2018-03-24T09:09:56-07:00 Kramer.jerry.land EvntSLog - - - An account was successfully logged on. Subject: Security ID: S-1-0-0 Account Name: - Account Domain: - Logon ID: 0x0 Logon Type: 3 New Logon: Security ID: S-1-5-18 Account Name: KRAMER$ Account Domain: JERRY Logon ID: 0x3c75a01 Logon GUID: {3927FFCA-9038-917B-C030-965416739BC7} Process Information: Process ID: 0x0 Process Name: - Network Information: Workstation Name: Source Network Address: 172.20.0.25 Source Port: 49389 Detailed Authentication Information: Logon Process: Kerberos Authentication Package: Kerberos Transited Services: - Package Name (NTLM only): - Key Length: 0 This event is generated when a logon session is created. It is generated on the computer that was accessed. The subject fields indicate the account on the local system which requested the logon. This is most commonly a service such as the Server service, or a local process such as Winlogon.exe or Services.exe. The logon type field indicates the kind of logon that occurred. The most common types are 2 (interactive) and 3 (network). The New Logon fields indicate the account for whom the new logon was created, i.e. the account that was logged on. The network fields indicate where a remote logon request originated. Workstation name is not always available and may be left blank in some cases. The authentication information fields provide detailed information about this specific logon request. - Logon GUID is a unique identifier that can be used to correlate this event with a KDC event. - Transited services indicate which intermediate services have participated in this logon request. - Package name indicates which sub-protocol was used among the NTLM protocols. - Key length indicates the length of the generated session key. This will be 0 if no session key was requested.
1521912366.220103	CBs8sZ2kIbw2QgSdy4	10.47.22.25	58947	10.47.2.153	514	udp	LOCAL0	NOTICE	1 2018-03-24T09:09:56-07:00 Kramer.jerry.land EvntSLog - - - An account was successfully logged on. Subject: Security ID: S-1-0-0 Account Name: - Account Domain: - Logon ID: 0x0 Logon Type: 3 New Logon: Security ID: S-1-5-18 Account Name: KRAMER$ Account Domain: JERRY Logon ID: 0x3c75a01 Logon GUID: {3927FFCA-9038-917B-C030-965416739BC7} Process Information: Process ID: 0x0 Process Name: - Network Information: Workstation Name: Source Network Address: 172.20.0.25 Source Port: 49389 Detailed Authentication Information: Logon Process: Kerberos Authentication Package: Kerberos Transited Services: - Package Name (NTLM only): - Key Length: 0 This event is generated when a logon session is created. It is generated on the computer that was accessed. The subject fields indicate the account on the local system which requested the logon. This is most commonly a service such as the Server service, or a local process such as Winlogon.exe or Services.exe. The logon type field indicates the kind of logon that occurred. The most common types are 2 (interactive) and 3 (network). The New Logon fields indicate the account for whom the new logon was created, i.e. the account that was logged on. The network fields indicate where a remote logon request originated. Workstation name is not always available and may be left blank in some cases. The authentication information fields provide detailed information about this specific logon request. - Logon GUID is a unique identifier that can be used to correlate this event with a KDC event. - Transited services indicate which intermediate services have participated in this logon request. - Package name indicates which sub-protocol was used among the NTLM protocols. - Key length indicates the length of the generated session key. This will be 0 if no session key was requested.
1521912366.233699	CBs8sZ2kIbw2QgSdy4	10.47.22.25	58947	10.47.2.153	514	udp	LOCAL0	NOTICE	1 2018-03-24T09:09:56-07:00 Kramer.jerry.land EvntSLog - - - An account was logged off. Subject: Security ID: S-1-5-18 Account Name: KRAMER$ Account Domain: JERRY Logon ID: 0x3c75a01 Logon Type: 3 This event is generated when a logon session is destroyed. It may be positively correlated with a logon event using the Logon ID value. Logon IDs are only unique between reboots on the same computer.
1521912366.233701	CBs8sZ2kIbw2QgSdy4	10.47.22.25	58947	10.47.2.153	514	udp	LOCAL0	NOTICE	1 2018-03-24T09:09:56-07:00 Kramer.jerry.land EvntSLog - - - An account was logged off. Subject: Security ID: S-1-5-18 Account Name: KRAMER$ Account Domain: JERRY Logon ID: 0x3c75a01 Logon Type: 3 This event is generated when a logon session is destroyed. It may be positively correlated with a logon event using the Logon ID value. Logon IDs are only unique between reboots on the same computer.
1521912366.233752	CBs8sZ2kIbw2QgSdy4	10.47.22.25	58947	10.47.2.153	514	udp	LOCAL0	NOTICE	1 2018-03-24T09:09:56-07:00 Kramer.jerry.land EvntSLog - - - An account was logged off. Subject: Security ID: S-1-5-18 Account Name: KRAMER$ Account Domain: JERRY Logon ID: 0x3c75a01 Logon Type: 3 This event is generated when a logon session is destroyed. It may be positively correlated with a logon event using the Logon ID value. Logon IDs are only unique between reboots on the same computer.
1521912366.233822	CBs8sZ2kIbw2QgSdy4	10.47.22.25	58947	10.47.2.153	514	udp	LOCAL0	NOTICE	1 2018-03-24T09:09:56-07:00 Kramer.jerry.land EvntSLog - - - An account was logged off. Subject: Security ID: S-1-5-18 Account Name: KRAMER$ Account Domain: JERRY Logon ID: 0x3c75a01 Logon Type: 3 This event is generated when a logon session is destroyed. It may be positively correlated with a logon event using the Logon ID value. Logon IDs are only unique between reboots on the same computer.
1521912366.249871	CBs8sZ2kIbw2QgSdy4	10.47.22.25	58947	10.47.2.153	514	udp	LOCAL0	NOTICE	1 2018-03-24T09:09:56-07:00 Kramer.jerry.land EvntSLog - - - Special privileges assigned to new logon. Subject: Security ID: S-1-5-18 Account Name: KRAMER$ Account Domain: JERRY Logon ID: 0x3c75a79 Privileges: SeSecurityPrivilege SeBackupPrivilege SeRestorePrivilege SeTakeOwnershipPrivilege SeDebugPrivilege SeSystemEnvironmentPrivilege SeLoadDriverPrivilege SeImpersonatePrivilege SeEnableDelegationPrivilege
1521912366.249872	CBs8sZ2kIbw2QgSdy4	10.47.22.25	58947	10.47.2.153	514	udp	LOCAL0	NOTICE	1 2018-03-24T09:09:56-07:00 Kramer.jerry.land EvntSLog - - - Special privileges assigned to new logon. Subject: Security ID: S-1-5-18 Account Name: KRAMER$ Account Domain: JERRY Logon ID: 0x3c75a79 Privileges: SeSecurityPrivilege SeBackupPrivilege SeRestorePrivilege SeTakeOwnershipPrivilege SeDebugPrivilege SeSystemEnvironmentPrivilege SeLoadDriverPrivilege SeImpersonatePrivilege SeEnableDelegationPrivilege
1521912366.249877	CBs8sZ2kIbw2QgSdy4	10.47.22.25	58947	10.47.2.153	514	udp	LOCAL0	NOTICE	1 2018-03-24T09:09:56-07:00 Kramer.jerry.land EvntSLog - - - Special privileges assigned to new logon. Subject: Security ID: S-1-5-18 Account Name: KRAMER$ Account Domain: JERRY Logon ID: 0x3c75a79 Privileges: SeSecurityPrivilege SeBackupPrivilege SeRestorePrivilege SeTakeOwnershipPrivilege SeDebugPrivilege SeSystemEnvironmentPrivilege SeLoadDriverPrivilege SeImpersonatePrivilege SeEnableDelegationPrivilege
1521912366.249879	CBs8sZ2kIbw2QgSdy4	10.47.22.25	58947	10.47.2.153	514	udp	LOCAL0	NOTICE	1 2018-03-24T09:09:56-07:00 Kramer.jerry.land EvntSLog - - - Special privileges assigned to new logon. Subject: Security ID: S-1-5-18 Account Name: KRAMER$ Account Domain: JERRY Logon ID: 0x3c75a79 Privileges: SeSecurityPrivilege SeBackupPrivilege SeRestorePrivilege SeTakeOwnershipPrivilege SeDebugPrivilege SeSystemEnvironmentPrivilege SeLoadDriverPrivilege SeImpersonatePrivilege SeEnableDelegationPrivilege
1521912366.265797	CBs8sZ2kIbw2QgSdy4	10.47.22.25	58947	10.47.2.153	514	udp	LOCAL0	NOTICE	1 2018-03-24T09:09:56-07:00 Kramer.jerry.land EvntSLog - - - An account was successfully logged on. Subject: Security ID: S-1-0-0 Account Name: - Account Domain: - Logon ID: 0x0 Logon Type: 3 New Logon: Security ID: S-1-5-18 Account Name: KRAMER$ Account Domain: JERRY Logon ID: 0x3c75a79 Logon GUID: {3927FFCA-9038-917B-C030-965416739BC7} Process Information: Process ID: 0x0 Process Name: - Network Information: Workstation Name: Source Network Address: 172.20.0.25 Source Port: 49391 Detailed Authentication Information: Logon Process: Kerberos Authentication Package: Kerberos Transited Services: - Package Name (NTLM only): - Key Length: 0 This event is generated when a logon session is created. It is generated on the computer that was accessed. The subject fields indicate the account on the local system which requested the logon. This is most commonly a service such as the Server service, or a local process such as Winlogon.exe or Services.exe. The logon type field indicates the kind of logon that occurred. The most common types are 2 (interactive) and 3 (network). The New Logon fields indicate the account for whom the new logon was created, i.e. the account that was logged on. The network fields indicate where a remote logon request originated. Workstation name is not always available and may be left blank in some cases. The authentication information fields provide detailed information about this specific logon request. - Logon GUID is a unique identifier that can be used to correlate this event with a KDC event. - Transited services indicate which intermediate services have participated in this logon request. - Package name indicates which sub-protocol was used among the NTLM protocols. - Key length indicates the length of the generated session key. This will be 0 if no session key was requested.
1521912366.265801	CBs8sZ2kIbw2QgSdy4	10.47.22.25	58947	10.47.2.153	514	udp	LOCAL0	NOTICE	1 2018-03-24T09:09:56-07:00 Kramer.jerry.land EvntSLog - - - An account was successfully logged on. Subject: Security ID: S-1-0-0 Account Name: - Account Domain: - Logon ID: 0x0 Logon Type: 3 New Logon: Security ID: S-1-5-18 Account Name: KRAMER$ Account Domain: JERRY Logon ID: 0x3c75a79 Logon GUID: {3927FFCA-9038-917B-C030-965416739BC7} Process Information: Process ID: 0x0 Process Name: - Network Information: Workstation Name: Source Network Address: 172.20.0.25 Source Port: 49391 Detailed Authentication Information: Logon Process: Kerberos Authentication Package: Kerberos Transited Services: - Package Name (NTLM only): - Key Length: 0 This event is generated when a logon session is created. It is generated on the computer that was accessed. The subject fields indicate the account on the local system which requested the logon. This is most commonly a service such as the Server service, or a local process such as Winlogon.exe or Services.exe. The logon type field indicates the kind of logon that occurred. The most common types are 2 (interactive) and 3 (network). The New Logon fields indicate the account for whom the new logon was created, i.e. the account that was logged on. The network fields indicate where a remote logon request originated. Workstation name is not always available and may be left blank in some cases. The authentication information fields provide detailed information about this specific logon request. - Logon GUID is a unique identifier that can be used to correlate this event with a KDC event. - Transited services indicate which intermediate services have participated in this logon request. - Package name indicates which sub-protocol was used among the NTLM protocols. - Key length indicates the length of the generated session key. This will be 0 if no session key was requested.
1521912366.265847	CBs8sZ2kIbw2QgSdy4	10.47.22.25	58947	10.47.2.153	514	udp	LOCAL0	NOTICE	1 2018-03-24T09:09:56-07:00 Kramer.jerry.land EvntSLog - - - An account was successfully logged on. Subject: Security ID: S-1-0-0 Account Name: - Account Domain: - Logon ID: 0x0 Logon Type: 3 New Logon: Security ID: S-1-5-18 Account Name: KRAMER$ Account Domain: JERRY Logon ID: 0x3c75a79 Logon GUID: {3927FFCA-9038-917B-C030-965416739BC7} Process Information: Process ID: 0x0 Process Name: - Network Information: Workstation Name: Source Network Address: 172.20.0.25 Source Port: 49391 Detailed Authentication Information: Logon Process: Kerberos Authentication Package: Kerberos Transited Services: - Package Name (NTLM only): - Key Length: 0 This event is generated when a logon session is created. It is generated on the computer that was accessed. The subject fields indicate the account on the local system which requested the logon. This is most commonly a service such as the Server service, or a local process such as Winlogon.exe or Services.exe. The logon type field indicates the kind of logon that occurred. The most common types are 2 (interactive) and 3 (network). The New Logon fields indicate the account for whom the new logon was created, i.e. the account that was logged on. The network fields indicate where a remote logon request originated. Workstation name is not always available and may be left blank in some cases. The authentication information fields provide detailed information about this specific logon request. - Logon GUID is a unique identifier that can be used to correlate this event with a KDC event. - Transited services indicate which intermediate services have participated in this logon request. - Package name indicates which sub-protocol was used among the NTLM protocols. - Key length indicates the length of the generated session key. This will be 0 if no session key was requested.
1521912366.265850	CBs8sZ2kIbw2QgSdy4	10.47.22.25	58947	10.47.2.153	514	udp	LOCAL0	NOTICE	1 2018-03-24T09:09:56-07:00 Kramer.jerry.land EvntSLog - - - An account was successfully logged on. Subject: Security ID: S-1-0-0 Account Name: - Account Domain: - Logon ID: 0x0 Logon Type: 3 New Logon: Security ID: S-1-5-18 Account Name: KRAMER$ Account Domain: JERRY Logon ID: 0x3c75a79 Logon GUID: {3927FFCA-9038-917B-C030-965416739BC7} Process Information: Process ID: 0x0 Process Name: - Network Information: Workstation Name: Source Network Address: 172.20.0.25 Source Port: 49391 Detailed Authentication Information: Logon Process: Kerberos Authentication Package: Kerberos Transited Services: - Package Name (NTLM only): - Key Length: 0 This event is generated when a logon session is created. It is generated on the computer that was accessed. The subject fields indicate the account on the local system which requested the logon. This is most commonly a service such as the Server service, or a local process such as Winlogon.exe or Services.exe. The logon type field indicates the kind of logon that occurred. The most common types are 2 (interactive) and 3 (network). The New Logon fields indicate the account for whom the new logon was created, i.e. the account that was logged on. The network fields indicate where a remote logon request originated. Workstation name is not always available and may be left blank in some cases. The authentication information fields provide detailed information about this specific logon request. - Logon GUID is a unique identifier that can be used to correlate this event with a KDC event. - Transited services indicate which intermediate services have participated in this logon request. - Package name indicates which sub-protocol was used among the NTLM protocols. - Key length indicates the length of the generated session key. This will be 0 if no session key was requested.
1521912366.280413	CBs8sZ2kIbw2QgSdy4	10.47.22.25	58947	10.47.2.153	514	udp	LOCAL0	NOTICE	1 2018-03-24T09:09:56-07:00 Kramer.jerry.land EvntSLog - - - An account was logged off. Subject: Security ID: S-1-5-18 Account Name: KRAMER$ Account Domain: JERRY Logon ID: 0x3c75a79 Logon Type: 3 This event is generated when a logon session is destroyed. It may be positively correlated with a logon event using the Logon ID value. Logon IDs are only unique between reboots on the same computer.
1521912366.280415	CBs8sZ2kIbw2QgSdy4	10.47.22.25	58947	10.47.2.153	514	udp	LOCAL0	NOTICE	1 2018-03-24T09:09:56-07:00 Kramer.jerry.land EvntSLog - - - An account was logged off. Subject: Security ID: S-1-5-18 Account Name: KRAMER$ Account Domain: JERRY Logon ID: 0x3c75a79 Logon Type: 3 This event is generated when a logon session is destroyed. It may be positively correlated with a logon event using the Logon ID value. Logon IDs are only unique between reboots on the same computer.
1521912366.280417	CBs8sZ2kIbw2QgSdy4	10.47.22.25	58947	10.47.2.153	514	udp	LOCAL0	NOTICE	1 2018-03-24T09:09:56-07:00 Kramer.jerry.land EvntSLog - - - An account was logged off. Subject: Security ID: S-1-5-18 Account Name: KRAMER$ Account Domain: JERRY Logon ID: 0x3c75a79 Logon Type: 3 This event is generated when a logon session is destroyed. It may be positively correlated with a logon event using the Logon ID value. Logon IDs are only unique between reboots on the same computer.
1521912366.280419	CBs8sZ2kIbw2QgSdy4	10.47.22.25	58947	10.47.2.153	514	udp	LOCAL0	NOTICE	1 2018-03-24T09:09:56-07:00 Kramer.jerry.land EvntSLog - - - An account was logged off. Subject: Security ID: S-1-5-18 Account Name: KRAMER$ Account Domain: JERRY Logon ID: 0x3c75a79 Logon Type: 3 This event is generated when a logon session is destroyed. It may be positively correlated with a logon event using the Logon ID value. Logon IDs are only unique between reboots on the same computer.
1521912368.230921	CBs8sZ2kIbw2QgSdy4	10.47.22.25	58947	10.47.2.153	514	udp	LOCAL0	NOTICE	1 2018-03-24T09:09:58-07:00 Kramer.jerry.land EvntSLog - - - The domain controller attempted to validate the credentials for an account. Authentication Package: MICROSOFT_AUTHENTICATION_PACKAGE_V1_0 Logon Account: Guest Source Workstation: WORKSTATION Error Code: 0x0
1521912368.230929	CBs8sZ2kIbw2QgSdy4	10.47.22.25	58947	10.47.2.153	514	udp	LOCAL0	NOTICE	1 2018-03-24T09:09:58-07:00 Kramer.jerry.land EvntSLog - - - The domain controller attempted to validate the credentials for an account. Authentication Package: MICROSOFT_AUTHENTICATION_PACKAGE_V1_0 Logon Account: Guest Source Workstation: WORKSTATION Error Code: 0x0
1521912368.231026	CBs8sZ2kIbw2QgSdy4	10.47.22.25	58947	10.47.2.153	514	udp	LOCAL0	NOTICE	1 2018-03-24T09:09:58-07:00 Kramer.jerry.land EvntSLog - - - The domain controller attempted to validate the credentials for an account. Authentication Package: MICROSOFT_AUTHENTICATION_PACKAGE_V1_0 Logon Account: Guest Source Workstation: WORKSTATION Error Code: 0x0
1521912368.231044	CBs8sZ2kIbw2QgSdy4	10.47.22.25	58947	10.47.2.153	514	udp	LOCAL0	NOTICE	1 2018-03-24T09:09:58-07:00 Kramer.jerry.land EvntSLog - - - The domain controller attempted to validate the credentials for an account. Authentication Package: MICROSOFT_AUTHENTICATION_PACKAGE_V1_0 Logon Account: Guest Source Workstation: WORKSTATION Error Code: 0x0
1521912368.248170	CBs8sZ2kIbw2QgSdy4	10.47.22.25	58947	10.47.2.153	514	udp	LOCAL0	NOTICE	1 2018-03-24T09:09:58-07:00 Kramer.jerry.land EvntSLog - - - Special privileges assigned to new logon. Subject: Security ID: S-1-5-21-1311969832-1707640848-2310541705-501 Account Name: Guest Account Domain: JERRY Logon ID: 0x3c7605c Privileges: SeSecurityPrivilege SeBackupPrivilege SeRestorePrivilege SeTakeOwnershipPrivilege SeDebugPrivilege SeSystemEnvironmentPrivilege SeLoadDriverPrivilege SeImpersonatePrivilege SeEnableDelegationPrivilege
1521912368.248240	CBs8sZ2kIbw2QgSdy4	10.47.22.25	58947	10.47.2.153	514	udp	LOCAL0	NOTICE	1 2018-03-24T09:09:58-07:00 Kramer.jerry.land EvntSLog - - - Special privileges assigned to new logon. Subject: Security ID: S-1-5-21-1311969832-1707640848-2310541705-501 Account Name: Guest Account Domain: JERRY Logon ID: 0x3c7605c Privileges: SeSecurityPrivilege SeBackupPrivilege SeRestorePrivilege SeTakeOwnershipPrivilege SeDebugPrivilege SeSystemEnvironmentPrivilege SeLoadDriverPrivilege SeImpersonatePrivilege SeEnableDelegationPrivilege
1521912368.248248	CBs8sZ2kIbw2QgSdy4	10.47.22.25	58947	10.47.2.153	514	udp	LOCAL0	NOTICE	1 2018-03-24T09:09:58-07:00 Kramer.jerry.land EvntSLog - - - Special privileges assigned to new logon. Subject: Security ID: S-1-5-21-1311969832-1707640848-2310541705-501 Account Name: Guest Account Domain: JERRY Logon ID: 0x3c7605c Privileges: SeSecurityPrivilege SeBackupPrivilege SeRestorePrivilege SeTakeOwnershipPrivilege SeDebugPrivilege SeSystemEnvironmentPrivilege SeLoadDriverPrivilege SeImpersonatePrivilege SeEnableDelegationPrivilege
1521912368.248250	CBs8sZ2kIbw2QgSdy4	10.47.22.25	58947	10.47.2.153	514	udp	LOCAL0	NOTICE	1 2018-03-24T09:09:58-07:00 Kramer.jerry.land EvntSLog - - - Special privileges assigned to new logon. Subject: Security ID: S-1-5-21-1311969832-1707640848-2310541705-501 Account Name: Guest Account Domain: JERRY Logon ID: 0x3c7605c Privileges: SeSecurityPrivilege SeBackupPrivilege SeRestorePrivilege SeTakeOwnershipPrivilege SeDebugPrivilege SeSystemEnvironmentPrivilege SeLoadDriverPrivilege SeImpersonatePrivilege SeEnableDelegationPrivilege
1521912368.262379	CBs8sZ2kIbw2QgSdy4	10.47.22.25	58947	10.47.2.153	514	udp	LOCAL0	NOTICE	1 2018-03-24T09:09:58-07:00 Kramer.jerry.land EvntSLog - - - An account was logged off. Subject: Security ID: S-1-5-21-1311969832-1707640848-2310541705-501 Account Name: Guest Account Domain: JERRY Logon ID: 0x3c7605c Logon Type: 3 This event is generated when a logon session is destroyed. It may be positively correlated with a logon event using the Logon ID value. Logon IDs are only unique between reboots on the same computer.
1521912368.262385	CBs8sZ2kIbw2QgSdy4	10.47.22.25	58947	10.47.2.153	514	udp	LOCAL0	NOTICE	1 2018-03-24T09:09:58-07:00 Kramer.jerry.land EvntSLog - - - An account was logged off. Subject: Security ID: S-1-5-21-1311969832-1707640848-2310541705-501 Account Name: Guest Account Domain: JERRY Logon ID: 0x3c7605c Logon Type: 3 This event is generated when a logon session is destroyed. It may be positively correlated with a logon event using the Logon ID value. Logon IDs are only unique between reboots on the same computer.
1521912368.262391	CBs8sZ2kIbw2QgSdy4	10.47.22.25	58947	10.47.2.153	514	udp	LOCAL0	NOTICE	1 2018-03-24T09:09:58-07:00 Kramer.jerry.land EvntSLog - - - An account was logged off. Subject: Security ID: S-1-5-21-1311969832-1707640848-2310541705-501 Account Name: Guest Account Domain: JERRY Logon ID: 0x3c7605c Logon Type: 3 This event is generated when a logon session is destroyed. It may be positively correlated with a logon event using the Logon ID value. Logon IDs are only unique between reboots on the same computer.
1521912368.262393	CBs8sZ2kIbw2QgSdy4	10.47.22.25	58947	10.47.2.153	514	udp	LOCAL0	NOTICE	1 2018-03-24T09:09:58-07:00 Kramer.jerry.land EvntSLog - - - An account was logged off. Subject: Security ID: S-1-5-21-1311969832-1707640848-2310541705-501 Account Name: Guest Account Domain: JERRY Logon ID: 0x3c7605c Logon Type: 3 This event is generated when a logon session is destroyed. It may be positively correlated with a logon event using the Logon ID value. Logon IDs are only unique between reboots on the same computer.
1521912370.258731	CBs8sZ2kIbw2QgSdy4	10.47.22.25	58947	10.47.2.153	514	udp	LOCAL0	NOTICE	1 2018-03-24T09:10:00-07:00 Kramer.jerry.land EvntSLog - - - The domain controller attempted to validate the credentials for an account. Authentication Package: MICROSOFT_AUTHENTICATION_PACKAGE_V1_0 Logon Account: Guest Source Workstation: mXnMeNeZJC55yKv8 Error Code: 0x0
1521912370.258733	CBs8sZ2kIbw2QgSdy4	10.47.22.25	58947	10.47.2.153	514	udp	LOCAL0	NOTICE	1 2018-03-24T09:10:00-07:00 Kramer.jerry.land EvntSLog - - - The domain controller attempted to validate the credentials for an account. Authentication Package: MICROSOFT_AUTHENTICATION_PACKAGE_V1_0 Logon Account: Guest Source Workstation: mXnMeNeZJC55yKv8 Error Code: 0x0
1521912370.258740	CBs8sZ2kIbw2QgSdy4	10.47.22.25	58947	10.47.2.153	514	udp	LOCAL0	NOTICE	1 2018-03-24T09:10:00-07:00 Kramer.jerry.land EvntSLog - - - The domain controller attempted to validate the credentials for an account. Authentication Package: MICROSOFT_AUTHENTICATION_PACKAGE_V1_0 Logon Account: Guest Source Workstation: mXnMeNeZJC55yKv8 Error Code: 0x0
1521912370.258744	CBs8sZ2kIbw2QgSdy4	10.47.22.25	58947	10.47.2.153	514	udp	LOCAL0	NOTICE	1 2018-03-24T09:10:00-07:00 Kramer.jerry.land EvntSLog - - - The domain controller attempted to validate the credentials for an account. Authentication Package: MICROSOFT_AUTHENTICATION_PACKAGE_V1_0 Logon Account: Guest Source Workstation: mXnMeNeZJC55yKv8 Error Code: 0x0
1521912370.274754	CBs8sZ2kIbw2QgSdy4	10.47.22.25	58947	10.47.2.153	514	udp	LOCAL0	NOTICE	1 2018-03-24T09:10:00-07:00 Kramer.jerry.land EvntSLog - - - Special privileges assigned to new logon. Subject: Security ID: S-1-5-21-1311969832-1707640848-2310541705-501 Account Name: Guest Account Domain: JERRY Logon ID: 0x3c76462 Privileges: SeSecurityPrivilege SeBackupPrivilege SeRestorePrivilege SeTakeOwnershipPrivilege SeDebugPrivilege SeSystemEnvironmentPrivilege SeLoadDriverPrivilege SeImpersonatePrivilege SeEnableDelegationPrivilege
1521912370.274757	CBs8sZ2kIbw2QgSdy4	10.47.22.25	58947	10.47.2.153	514	udp	LOCAL0	NOTICE	1 2018-03-24T09:10:00-07:00 Kramer.jerry.land EvntSLog - - - Special privileges assigned to new logon. Subject: Security ID: S-1-5-21-1311969832-1707640848-2310541705-501 Account Name: Guest Account Domain: JERRY Logon ID: 0x3c76462 Privileges: SeSecurityPrivilege SeBackupPrivilege SeRestorePrivilege SeTakeOwnershipPrivilege SeDebugPrivilege SeSystemEnvironmentPrivilege SeLoadDriverPrivilege SeImpersonatePrivilege SeEnableDelegationPrivilege
1521912370.274764	CBs8sZ2kIbw2QgSdy4	10.47.22.25	58947	10.47.2.153	514	udp	LOCAL0	NOTICE	1 2018-03-24T09:10:00-07:00 Kramer.jerry.land EvntSLog - - - Special privileges assigned to new logon. Subject: Security ID: S-1-5-21-1311969832-1707640848-2310541705-501 Account Name: Guest Account Domain: JERRY Logon ID: 0x3c76462 Privileges: SeSecurityPrivilege SeBackupPrivilege SeRestorePrivilege SeTakeOwnershipPrivilege SeDebugPrivilege SeSystemEnvironmentPrivilege SeLoadDriverPrivilege SeImpersonatePrivilege SeEnableDelegationPrivilege
1521912370.274766	CBs8sZ2kIbw2QgSdy4	10.47.22.25	58947	10.47.2.153	514	udp	LOCAL0	NOTICE	1 2018-03-24T09:10:00-07:00 Kramer.jerry.land EvntSLog - - - Special privileges assigned to new logon. Subject: Security ID: S-1-5-21-1311969832-1707640848-2310541705-501 Account Name: Guest Account Domain: JERRY Logon ID: 0x3c76462 Privileges: SeSecurityPrivilege SeBackupPrivilege SeRestorePrivilege SeTakeOwnershipPrivilege SeDebugPrivilege SeSystemEnvironmentPrivilege SeLoadDriverPrivilege SeImpersonatePrivilege SeEnableDelegationPrivilege
1521912370.290839	CBs8sZ2kIbw2QgSdy4	10.47.22.25	58947	10.47.2.153	514	udp	LOCAL0	NOTICE	1 2018-03-24T09:10:00-07:00 Kramer.jerry.land EvntSLog - - - An account was logged off. Subject: Security ID: S-1-5-21-1311969832-1707640848-2310541705-501 Account Name: Guest Account Domain: JERRY Logon ID: 0x3c76462 Logon Type: 3 This event is generated when a logon session is destroyed. It may be positively correlated with a logon event using the Logon ID value. Logon IDs are only unique between reboots on the same computer.
1521912370.290842	CBs8sZ2kIbw2QgSdy4	10.47.22.25	58947	10.47.2.153	514	udp	LOCAL0	NOTICE	1 2018-03-24T09:10:00-07:00 Kramer.jerry.land EvntSLog - - - An account was logged off. Subject: Security ID: S-1-5-21-1311969832-1707640848-2310541705-501 Account Name: Guest Account Domain: JERRY Logon ID: 0x3c76462 Logon Type: 3 This event is generated when a logon session is destroyed. It may be positively correlated with a logon event using the Logon ID value. Logon IDs are only unique between reboots on the same computer.
1521912370.290878	CBs8sZ2kIbw2QgSdy4	10.47.22.25	58947	10.47.2.153	514	udp	LOCAL0	NOTICE	1 2018-03-24T09:10:00-07:00 Kramer.jerry.land EvntSLog - - - An account was logged off. Subject: Security ID: S-1-5-21-1311969832-1707640848-2310541705-501 Account Name: Guest Account Domain: JERRY Logon ID: 0x3c76462 Logon Type: 3 This event is generated when a logon session is destroyed. It may be positively correlated with a logon event using the Logon ID value. Logon IDs are only unique between reboots on the same computer.
1521912370.290881	CBs8sZ2kIbw2QgSdy4	10.47.22.25	58947	10.47.2.153	514	udp	LOCAL0	NOTICE	1 2018-03-24T09:10:00-07:00 Kramer.jerry.land EvntSLog - - - An account was logged off. Subject: Security ID: S-1-5-21-1311969832-1707640848-2310541705-501 Account Name: Guest Account Domain: JERRY Logon ID: 0x3c76462 Logon Type: 3 This event is generated when a logon session is destroyed. It may be positively correlated with a logon event using the Logon ID value. Logon IDs are only unique between reboots on the same computer.
1521912385.471529	CBs8sZ2kIbw2QgSdy4	10.47.22.25	58947	10.47.2.153	514	udp	LOCAL0	NOTICE	1 2018-03-24T09:10:15-07:00 Kramer.jerry.land EvntSLog - - - An account was logged off. Subject: Security ID: S-1-5-21-1311969832-1707640848-2310541705-1104 Account Name: PC-SUSAN$ Account Domain: JERRY Logon ID: 0x3c737cb Logon Type: 3 This event is generated when a logon session is destroyed. It may be positively correlated with a logon event using the Logon ID value. Logon IDs are only unique between reboots on the same computer.
1521912385.471533	CBs8sZ2kIbw2QgSdy4	10.47.22.25	58947	10.47.2.153	514	udp	LOCAL0	NOTICE	1 2018-03-24T09:10:15-07:00 Kramer.jerry.land EvntSLog - - - An account was logged off. Subject: Security ID: S-1-5-21-1311969832-1707640848-2310541705-1104 Account Name: PC-SUSAN$ Account Domain: JERRY Logon ID: 0x3c737cb Logon Type: 3 This event is generated when a logon session is destroyed. It may be positively correlated with a logon event using the Logon ID value. Logon IDs are only unique between reboots on the same computer.
1521912385.471535	CBs8sZ2kIbw2QgSdy4	10.47.22.25	58947	10.47.2.153	514	udp	LOCAL0	NOTICE	1 2018-03-24T09:10:15-07:00 Kramer.jerry.land EvntSLog - - - An account was logged off. Subject: Security ID: S-1-5-21-1311969832-1707640848-2310541705-1104 Account Name: PC-SUSAN$ Account Domain: JERRY Logon ID: 0x3c737cb Logon Type: 3 This event is generated when a logon session is destroyed. It may be positively correlated with a logon event using the Logon ID value. Logon IDs are only unique between reboots on the same computer.
1521912385.471536	CBs8sZ2kIbw2QgSdy4	10.47.22.25	58947	10.47.2.153	514	udp	LOCAL0	NOTICE	1 2018-03-24T09:10:15-07:00 Kramer.jerry.land EvntSLog - - - An account was logged off. Subject: Security ID: S-1-5-21-1311969832-1707640848-2310541705-1104 Account Name: PC-SUSAN$ Account Domain: JERRY Logon ID: 0x3c737cb Logon Type: 3 This event is generated when a logon session is destroyed. It may be positively correlated with a logon event using the Logon ID value. Logon IDs are only unique between reboots on the same computer.
