1521912692.864401	CG9T461KV0VLPWsrch	10.47.22.25	58947	10.47.2.153	514	udp	LOCAL0	INFO	1 2018-03-24T09:15:23-07:00 Kramer.jerry.land EvntSLog - - - Making system calls to access specified file. \\\\jerry.land\\sysvol\\jerry.land\\Policies\\{6AC1786C-016F-11D2-945F-00C04fB984F9}\\gpt.ini
1521912692.864403	CG9T461KV0VLPWsrch	10.47.22.25	58947	10.47.2.153	514	udp	LOCAL0	INFO	1 2018-03-24T09:15:23-07:00 Kramer.jerry.land EvntSLog - - - Making system calls to access specified file. \\\\jerry.land\\sysvol\\jerry.land\\Policies\\{6AC1786C-016F-11D2-945F-00C04fB984F9}\\gpt.ini
1521912692.864405	CG9T461KV0VLPWsrch	10.47.22.25	58947	10.47.2.153	514	udp	LOCAL0	INFO	1 2018-03-24T09:15:23-07:00 Kramer.jerry.land EvntSLog - - - Making system calls to access specified file. \\\\jerry.land\\sysvol\\jerry.land\\Policies\\{6AC1786C-016F-11D2-945F-00C04fB984F9}\\gpt.ini
1521912692.864407	CG9T461KV0VLPWsrch	10.47.22.25	58947	10.47.2.153	514	udp	LOCAL0	INFO	1 2018-03-24T09:15:23-07:00 Kramer.jerry.land EvntSLog - - - Making system calls to access specified file. \\\\jerry.land\\sysvol\\jerry.land\\Policies\\{6AC1786C-016F-11D2-945F-00C04fB984F9}\\gpt.ini
1521912692.864899	CG9T461KV0VLPWsrch	10.47.22.25	58947	10.47.2.153	514	udp	LOCAL0	NOTICE	1 2018-03-24T09:15:23-07:00 Kramer.jerry.land EvntSLog - - - An account was logged off. Subject: Security ID: S-1-5-18 Account Name: KRAMER$ Account Domain: JERRY Logon ID: 0x3c9d3c0 Logon Type: 3 This event is generated when a logon session is destroyed. It may be positively correlated with a logon event using the Logon ID value. Logon IDs are only unique between reboots on the same computer.
1521912692.864901	CG9T461KV0VLPWsrch	10.47.22.25	58947	10.47.2.153	514	udp	LOCAL0	NOTICE	1 2018-03-24T09:15:23-07:00 Kramer.jerry.land EvntSLog - - - An account was logged off. Subject: Security ID: S-1-5-18 Account Name: KRAMER$ Account Domain: JERRY Logon ID: 0x3c9d3c0 Logon Type: 3 This event is generated when a logon session is destroyed. It may be positively correlated with a logon event using the Logon ID value. Logon IDs are only unique between reboots on the same computer.
1521912692.864906	CG9T461KV0VLPWsrch	10.47.22.25	58947	10.47.2.153	514	udp	LOCAL0	NOTICE	1 2018-03-24T09:15:23-07:00 Kramer.jerry.land EvntSLog - - - An account was logged off. Subject: Security ID: S-1-5-18 Account Name: KRAMER$ Account Domain: JERRY Logon ID: 0x3c9d3c0 Logon Type: 3 This event is generated when a logon session is destroyed. It may be positively correlated with a logon event using the Logon ID value. Logon IDs are only unique between reboots on the same computer.
1521912692.864911	CG9T461KV0VLPWsrch	10.47.22.25	58947	10.47.2.153	514	udp	LOCAL0	NOTICE	1 2018-03-24T09:15:23-07:00 Kramer.jerry.land EvntSLog - - - An account was logged off. Subject: Security ID: S-1-5-18 Account Name: KRAMER$ Account Domain: JERRY Logon ID: 0x3c9d3c0 Logon Type: 3 This event is generated when a logon session is destroyed. It may be positively correlated with a logon event using the Logon ID value. Logon IDs are only unique between reboots on the same computer.
1521912692.880042	CG9T461KV0VLPWsrch	10.47.22.25	58947	10.47.2.153	514	udp	LOCAL0	INFO	1 2018-03-24T09:15:23-07:00 Kramer.jerry.land EvntSLog - - - The system calls to access specified file completed. \\\\jerry.land\\sysvol\\jerry.land\\Policies\\{6AC1786C-016F-11D2-945F-00C04fB984F9}\\gpt.ini The call completed in 0 milliseconds.
1521912692.880046	CG9T461KV0VLPWsrch	10.47.22.25	58947	10.47.2.153	514	udp	LOCAL0	INFO	1 2018-03-24T09:15:23-07:00 Kramer.jerry.land EvntSLog - - - The system calls to access specified file completed. \\\\jerry.land\\sysvol\\jerry.land\\Policies\\{6AC1786C-016F-11D2-945F-00C04fB984F9}\\gpt.ini The call completed in 0 milliseconds.
1521912692.880048	CG9T461KV0VLPWsrch	10.47.22.25	58947	10.47.2.153	514	udp	LOCAL0	INFO	1 2018-03-24T09:15:23-07:00 Kramer.jerry.land EvntSLog - - - The system calls to access specified file completed. \\\\jerry.land\\sysvol\\jerry.land\\Policies\\{6AC1786C-016F-11D2-945F-00C04fB984F9}\\gpt.ini The call completed in 0 milliseconds.
1521912692.880050	CG9T461KV0VLPWsrch	10.47.22.25	58947	10.47.2.153	514	udp	LOCAL0	INFO	1 2018-03-24T09:15:23-07:00 Kramer.jerry.land EvntSLog - - - The system calls to access specified file completed. \\\\jerry.land\\sysvol\\jerry.land\\Policies\\{6AC1786C-016F-11D2-945F-00C04fB984F9}\\gpt.ini The call completed in 0 milliseconds.
1521912692.880421	CG9T461KV0VLPWsrch	10.47.22.25	58947	10.47.2.153	514	udp	LOCAL0	NOTICE	1 2018-03-24T09:15:23-07:00 Kramer.jerry.land EvntSLog - - - An account was logged off. Subject: Security ID: S-1-5-18 Account Name: KRAMER$ Account Domain: JERRY Logon ID: 0x3c9d372 Logon Type: 3 This event is generated when a logon session is destroyed. It may be positively correlated with a logon event using the Logon ID value. Logon IDs are only unique between reboots on the same computer.
1521912692.880425	CG9T461KV0VLPWsrch	10.47.22.25	58947	10.47.2.153	514	udp	LOCAL0	NOTICE	1 2018-03-24T09:15:23-07:00 Kramer.jerry.land EvntSLog - - - An account was logged off. Subject: Security ID: S-1-5-18 Account Name: KRAMER$ Account Domain: JERRY Logon ID: 0x3c9d372 Logon Type: 3 This event is generated when a logon session is destroyed. It may be positively correlated with a logon event using the Logon ID value. Logon IDs are only unique between reboots on the same computer.
1521912692.880426	CG9T461KV0VLPWsrch	10.47.22.25	58947	10.47.2.153	514	udp	LOCAL0	NOTICE	1 2018-03-24T09:15:23-07:00 Kramer.jerry.land EvntSLog - - - An account was logged off. Subject: Security ID: S-1-5-18 Account Name: KRAMER$ Account Domain: JERRY Logon ID: 0x3c9d372 Logon Type: 3 This event is generated when a logon session is destroyed. It may be positively correlated with a logon event using the Logon ID value. Logon IDs are only unique between reboots on the same computer.
1521912692.880428	CG9T461KV0VLPWsrch	10.47.22.25	58947	10.47.2.153	514	udp	LOCAL0	NOTICE	1 2018-03-24T09:15:23-07:00 Kramer.jerry.land EvntSLog - - - An account was logged off. Subject: Security ID: S-1-5-18 Account Name: KRAMER$ Account Domain: JERRY Logon ID: 0x3c9d372 Logon Type: 3 This event is generated when a logon session is destroyed. It may be positively correlated with a logon event using the Logon ID value. Logon IDs are only unique between reboots on the same computer.
1521912692.894226	CG9T461KV0VLPWsrch	10.47.22.25	58947	10.47.2.153	514	udp	LOCAL0	INFO	1 2018-03-24T09:15:23-07:00 Kramer.jerry.land EvntSLog - - - List of applicable Group Policy objects: Local Group Policy Default Domain Policy Default Domain Controllers Policy 
1521912692.894230	CG9T461KV0VLPWsrch	10.47.22.25	58947	10.47.2.153	514	udp	LOCAL0	INFO	1 2018-03-24T09:15:23-07:00 Kramer.jerry.land EvntSLog - - - List of applicable Group Policy objects: Local Group Policy Default Domain Policy Default Domain Controllers Policy 
1521912692.894232	CG9T461KV0VLPWsrch	10.47.22.25	58947	10.47.2.153	514	udp	LOCAL0	INFO	1 2018-03-24T09:15:23-07:00 Kramer.jerry.land EvntSLog - - - List of applicable Group Policy objects: Local Group Policy Default Domain Policy Default Domain Controllers Policy 
1521912692.894234	CG9T461KV0VLPWsrch	10.47.22.25	58947	10.47.2.153	514	udp	LOCAL0	INFO	1 2018-03-24T09:15:23-07:00 Kramer.jerry.land EvntSLog - - - List of applicable Group Policy objects: Local Group Policy Default Domain Policy Default Domain Controllers Policy 
1521912692.909152	CG9T461KV0VLPWsrch	10.47.22.25	58947	10.47.2.153	514	udp	LOCAL0	INFO	1 2018-03-24T09:15:23-07:00 Kramer.jerry.land EvntSLog - - - The following Group Policy objects were not applicable because they were filtered out : None
1521912692.909155	CG9T461KV0VLPWsrch	10.47.22.25	58947	10.47.2.153	514	udp	LOCAL0	INFO	1 2018-03-24T09:15:23-07:00 Kramer.jerry.land EvntSLog - - - The following Group Policy objects were not applicable because they were filtered out : None
1521912692.909157	CG9T461KV0VLPWsrch	10.47.22.25	58947	10.47.2.153	514	udp	LOCAL0	INFO	1 2018-03-24T09:15:23-07:00 Kramer.jerry.land EvntSLog - - - The following Group Policy objects were not applicable because they were filtered out : None
1521912692.909159	CG9T461KV0VLPWsrch	10.47.22.25	58947	10.47.2.153	514	udp	LOCAL0	INFO	1 2018-03-24T09:15:23-07:00 Kramer.jerry.land EvntSLog - - - The following Group Policy objects were not applicable because they were filtered out : None
1521912693.748136	CG9T461KV0VLPWsrch	10.47.22.25	58947	10.47.2.153	514	udp	LOCAL0	NOTICE	1 2018-03-24T09:15:24-07:00 Kramer.jerry.land EvntSLog - - - A Kerberos service ticket was requested. Account Information: Account Name: PC-SUSAN$@JERRY.LAND Account Domain: JERRY.LAND Logon GUID: {90E98CB6-53FB-319C-F572-E4692C9F9A40} Service Information: Service Name: krbtgt Service ID: S-1-5-21-1311969832-1707640848-2310541705-502 Network Information: Client Address: ::ffff:172.20.0.81 Client Port: 1971 Additional Information: Ticket Options: 0x60810010 Ticket Encryption Type: 0x17 Failure Code: 0x0 Transited Services: - This event is generated every time access is requested to a resource such as a computer or a Windows service. The service name indicates the resource to which access was requested. This event can be correlated with Windows logon events by comparing the Logon GUID fields in each event. The logon event occurs on the machine that was accessed, which is often a different machine than the domain controller which issued the service ticket. Ticket options, encryption types, and failure codes are defined in RFC 4120.
1521912693.748140	CG9T461KV0VLPWsrch	10.47.22.25	58947	10.47.2.153	514	udp	LOCAL0	NOTICE	1 2018-03-24T09:15:24-07:00 Kramer.jerry.land EvntSLog - - - A Kerberos service ticket was requested. Account Information: Account Name: PC-SUSAN$@JERRY.LAND Account Domain: JERRY.LAND Logon GUID: {90E98CB6-53FB-319C-F572-E4692C9F9A40} Service Information: Service Name: krbtgt Service ID: S-1-5-21-1311969832-1707640848-2310541705-502 Network Information: Client Address: ::ffff:172.20.0.81 Client Port: 1971 Additional Information: Ticket Options: 0x60810010 Ticket Encryption Type: 0x17 Failure Code: 0x0 Transited Services: - This event is generated every time access is requested to a resource such as a computer or a Windows service. The service name indicates the resource to which access was requested. This event can be correlated with Windows logon events by comparing the Logon GUID fields in each event. The logon event occurs on the machine that was accessed, which is often a different machine than the domain controller which issued the service ticket. Ticket options, encryption types, and failure codes are defined in RFC 4120.
1521912693.748142	CG9T461KV0VLPWsrch	10.47.22.25	58947	10.47.2.153	514	udp	LOCAL0	NOTICE	1 2018-03-24T09:15:24-07:00 Kramer.jerry.land EvntSLog - - - A Kerberos service ticket was requested. Account Information: Account Name: PC-SUSAN$@JERRY.LAND Account Domain: JERRY.LAND Logon GUID: {90E98CB6-53FB-319C-F572-E4692C9F9A40} Service Information: Service Name: krbtgt Service ID: S-1-5-21-1311969832-1707640848-2310541705-502 Network Information: Client Address: ::ffff:172.20.0.81 Client Port: 1971 Additional Information: Ticket Options: 0x60810010 Ticket Encryption Type: 0x17 Failure Code: 0x0 Transited Services: - This event is generated every time access is requested to a resource such as a computer or a Windows service. The service name indicates the resource to which access was requested. This event can be correlated with Windows logon events by comparing the Logon GUID fields in each event. The logon event occurs on the machine that was accessed, which is often a different machine than the domain controller which issued the service ticket. Ticket options, encryption types, and failure codes are defined in RFC 4120.
1521912693.748144	CG9T461KV0VLPWsrch	10.47.22.25	58947	10.47.2.153	514	udp	LOCAL0	NOTICE	1 2018-03-24T09:15:24-07:00 Kramer.jerry.land EvntSLog - - - A Kerberos service ticket was requested. Account Information: Account Name: PC-SUSAN$@JERRY.LAND Account Domain: JERRY.LAND Logon GUID: {90E98CB6-53FB-319C-F572-E4692C9F9A40} Service Information: Service Name: krbtgt Service ID: S-1-5-21-1311969832-1707640848-2310541705-502 Network Information: Client Address: ::ffff:172.20.0.81 Client Port: 1971 Additional Information: Ticket Options: 0x60810010 Ticket Encryption Type: 0x17 Failure Code: 0x0 Transited Services: - This event is generated every time access is requested to a resource such as a computer or a Windows service. The service name indicates the resource to which access was requested. This event can be correlated with Windows logon events by comparing the Logon GUID fields in each event. The logon event occurs on the machine that was accessed, which is often a different machine than the domain controller which issued the service ticket. Ticket options, encryption types, and failure codes are defined in RFC 4120.
1521912693.752832	CG9T461KV0VLPWsrch	10.47.22.25	58947	10.47.2.153	514	udp	LOCAL0	NOTICE	1 2018-03-24T09:15:24-07:00 Kramer.jerry.land EvntSLog - - - An account was successfully logged on. Subject: Security ID: S-1-0-0 Account Name: - Account Domain: - Logon ID: 0x0 Logon Type: 3 New Logon: Security ID: S-1-5-21-1311969832-1707640848-2310541705-1104 Account Name: PC-SUSAN$ Account Domain: JERRY Logon ID: 0x3c9d5c5 Logon GUID: {C5369958-ACFB-39E9-DC5F-42797C41B666} Process Information: Process ID: 0x0 Process Name: - Network Information: Workstation Name: Source Network Address: 172.20.0.81 Source Port: 1969 Detailed Authentication Information: Logon Process: Kerberos Authentication Package: Kerberos Transited Services: - Package Name (NTLM only): - Key Length: 0 This event is generated when a logon session is created. It is generated on the computer that was accessed. The subject fields indicate the account on the local system which requested the logon. This is most commonly a service such as the Server service, or a local process such as Winlogon.exe or Services.exe. The logon type field indicates the kind of logon that occurred. The most common types are 2 (interactive) and 3 (network). The New Logon fields indicate the account for whom the new logon was created, i.e. the account that was logged on. The network fields indicate where a remote logon request originated. Workstation name is not always available and may be left blank in some cases. The authentication information fields provide detailed information about this specific logon request. - Logon GUID is a unique identifier that can be used to correlate this event with a KDC event. - Transited services indicate which intermediate services have participated in this logon request. - Package name indicates which sub-protocol was used among the NTLM protocols. - Key length indicates the length of the generated session key. This will be 0 if no session key was requested.
1521912693.752837	CG9T461KV0VLPWsrch	10.47.22.25	58947	10.47.2.153	514	udp	LOCAL0	NOTICE	1 2018-03-24T09:15:24-07:00 Kramer.jerry.land EvntSLog - - - An account was successfully logged on. Subject: Security ID: S-1-0-0 Account Name: - Account Domain: - Logon ID: 0x0 Logon Type: 3 New Logon: Security ID: S-1-5-21-1311969832-1707640848-2310541705-1104 Account Name: PC-SUSAN$ Account Domain: JERRY Logon ID: 0x3c9d5c5 Logon GUID: {C5369958-ACFB-39E9-DC5F-42797C41B666} Process Information: Process ID: 0x0 Process Name: - Network Information: Workstation Name: Source Network Address: 172.20.0.81 Source Port: 1969 Detailed Authentication Information: Logon Process: Kerberos Authentication Package: Kerberos Transited Services: - Package Name (NTLM only): - Key Length: 0 This event is generated when a logon session is created. It is generated on the computer that was accessed. The subject fields indicate the account on the local system which requested the logon. This is most commonly a service such as the Server service, or a local process such as Winlogon.exe or Services.exe. The logon type field indicates the kind of logon that occurred. The most common types are 2 (interactive) and 3 (network). The New Logon fields indicate the account for whom the new logon was created, i.e. the account that was logged on. The network fields indicate where a remote logon request originated. Workstation name is not always available and may be left blank in some cases. The authentication information fields provide detailed information about this specific logon request. - Logon GUID is a unique identifier that can be used to correlate this event with a KDC event. - Transited services indicate which intermediate services have participated in this logon request. - Package name indicates which sub-protocol was used among the NTLM protocols. - Key length indicates the length of the generated session key. This will be 0 if no session key was requested.
1521912693.753030	CG9T461KV0VLPWsrch	10.47.22.25	58947	10.47.2.153	514	udp	LOCAL0	NOTICE	1 2018-03-24T09:15:24-07:00 Kramer.jerry.land EvntSLog - - - An account was successfully logged on. Subject: Security ID: S-1-0-0 Account Name: - Account Domain: - Logon ID: 0x0 Logon Type: 3 New Logon: Security ID: S-1-5-21-1311969832-1707640848-2310541705-1104 Account Name: PC-SUSAN$ Account Domain: JERRY Logon ID: 0x3c9d5c5 Logon GUID: {C5369958-ACFB-39E9-DC5F-42797C41B666} Process Information: Process ID: 0x0 Process Name: - Network Information: Workstation Name: Source Network Address: 172.20.0.81 Source Port: 1969 Detailed Authentication Information: Logon Process: Kerberos Authentication Package: Kerberos Transited Services: - Package Name (NTLM only): - Key Length: 0 This event is generated when a logon session is created. It is generated on the computer that was accessed. The subject fields indicate the account on the local system which requested the logon. This is most commonly a service such as the Server service, or a local process such as Winlogon.exe or Services.exe. The logon type field indicates the kind of logon that occurred. The most common types are 2 (interactive) and 3 (network). The New Logon fields indicate the account for whom the new logon was created, i.e. the account that was logged on. The network fields indicate where a remote logon request originated. Workstation name is not always available and may be left blank in some cases. The authentication information fields provide detailed information about this specific logon request. - Logon GUID is a unique identifier that can be used to correlate this event with a KDC event. - Transited services indicate which intermediate services have participated in this logon request. - Package name indicates which sub-protocol was used among the NTLM protocols. - Key length indicates the length of the generated session key. This will be 0 if no session key was requested.
1521912693.753034	CG9T461KV0VLPWsrch	10.47.22.25	58947	10.47.2.153	514	udp	LOCAL0	NOTICE	1 2018-03-24T09:15:24-07:00 Kramer.jerry.land EvntSLog - - - An account was successfully logged on. Subject: Security ID: S-1-0-0 Account Name: - Account Domain: - Logon ID: 0x0 Logon Type: 3 New Logon: Security ID: S-1-5-21-1311969832-1707640848-2310541705-1104 Account Name: PC-SUSAN$ Account Domain: JERRY Logon ID: 0x3c9d5c5 Logon GUID: {C5369958-ACFB-39E9-DC5F-42797C41B666} Process Information: Process ID: 0x0 Process Name: - Network Information: Workstation Name: Source Network Address: 172.20.0.81 Source Port: 1969 Detailed Authentication Information: Logon Process: Kerberos Authentication Package: Kerberos Transited Services: - Package Name (NTLM only): - Key Length: 0 This event is generated when a logon session is created. It is generated on the computer that was accessed. The subject fields indicate the account on the local system which requested the logon. This is most commonly a service such as the Server service, or a local process such as Winlogon.exe or Services.exe. The logon type field indicates the kind of logon that occurred. The most common types are 2 (interactive) and 3 (network). The New Logon fields indicate the account for whom the new logon was created, i.e. the account that was logged on. The network fields indicate where a remote logon request originated. Workstation name is not always available and may be left blank in some cases. The authentication information fields provide detailed information about this specific logon request. - Logon GUID is a unique identifier that can be used to correlate this event with a KDC event. - Transited services indicate which intermediate services have participated in this logon request. - Package name indicates which sub-protocol was used among the NTLM protocols. - Key length indicates the length of the generated session key. This will be 0 if no session key was requested.
1521912694.830613	CG9T461KV0VLPWsrch	10.47.22.25	58947	10.47.2.153	514	udp	LOCAL0	INFO	1 2018-03-24T09:15:25-07:00 Kramer.jerry.land EvntSLog - - - Estimated network bandwidth on one of the connections: 0 kbps.
1521912694.830616	CG9T461KV0VLPWsrch	10.47.22.25	58947	10.47.2.153	514	udp	LOCAL0	INFO	1 2018-03-24T09:15:25-07:00 Kramer.jerry.land EvntSLog - - - Estimated network bandwidth on one of the connections: 0 kbps.
1521912694.830620	CG9T461KV0VLPWsrch	10.47.22.25	58947	10.47.2.153	514	udp	LOCAL0	INFO	1 2018-03-24T09:15:25-07:00 Kramer.jerry.land EvntSLog - - - Estimated network bandwidth on one of the connections: 0 kbps.
1521912694.830621	CG9T461KV0VLPWsrch	10.47.22.25	58947	10.47.2.153	514	udp	LOCAL0	INFO	1 2018-03-24T09:15:25-07:00 Kramer.jerry.land EvntSLog - - - Estimated network bandwidth on one of the connections: 0 kbps.
1521912694.831162	CG9T461KV0VLPWsrch	10.47.22.25	58947	10.47.2.153	514	udp	LOCAL0	NOTICE	1 2018-03-24T09:15:25-07:00 Kramer.jerry.land EvntSLog - - - An account was logged off. Subject: Security ID: S-1-5-18 Account Name: KRAMER$ Account Domain: JERRY Logon ID: 0x3c9d2b2 Logon Type: 3 This event is generated when a logon session is destroyed. It may be positively correlated with a logon event using the Logon ID value. Logon IDs are only unique between reboots on the same computer.
1521912694.831167	CG9T461KV0VLPWsrch	10.47.22.25	58947	10.47.2.153	514	udp	LOCAL0	NOTICE	1 2018-03-24T09:15:25-07:00 Kramer.jerry.land EvntSLog - - - An account was logged off. Subject: Security ID: S-1-5-18 Account Name: KRAMER$ Account Domain: JERRY Logon ID: 0x3c9d2b2 Logon Type: 3 This event is generated when a logon session is destroyed. It may be positively correlated with a logon event using the Logon ID value. Logon IDs are only unique between reboots on the same computer.
1521912694.831170	CG9T461KV0VLPWsrch	10.47.22.25	58947	10.47.2.153	514	udp	LOCAL0	NOTICE	1 2018-03-24T09:15:25-07:00 Kramer.jerry.land EvntSLog - - - An account was logged off. Subject: Security ID: S-1-5-18 Account Name: KRAMER$ Account Domain: JERRY Logon ID: 0x3c9d2b2 Logon Type: 3 This event is generated when a logon session is destroyed. It may be positively correlated with a logon event using the Logon ID value. Logon IDs are only unique between reboots on the same computer.
1521912694.831172	CG9T461KV0VLPWsrch	10.47.22.25	58947	10.47.2.153	514	udp	LOCAL0	NOTICE	1 2018-03-24T09:15:25-07:00 Kramer.jerry.land EvntSLog - - - An account was logged off. Subject: Security ID: S-1-5-18 Account Name: KRAMER$ Account Domain: JERRY Logon ID: 0x3c9d2b2 Logon Type: 3 This event is generated when a logon session is destroyed. It may be positively correlated with a logon event using the Logon ID value. Logon IDs are only unique between reboots on the same computer.
1521912694.845915	CG9T461KV0VLPWsrch	10.47.22.25	58947	10.47.2.153	514	udp	LOCAL0	INFO	1 2018-03-24T09:15:25-07:00 Kramer.jerry.land EvntSLog - - - Estimated network bandwidth on one of the connections: 0 kbps.
1521912694.845918	CG9T461KV0VLPWsrch	10.47.22.25	58947	10.47.2.153	514	udp	LOCAL0	INFO	1 2018-03-24T09:15:25-07:00 Kramer.jerry.land EvntSLog - - - Estimated network bandwidth on one of the connections: 0 kbps.
1521912694.845920	CG9T461KV0VLPWsrch	10.47.22.25	58947	10.47.2.153	514	udp	LOCAL0	INFO	1 2018-03-24T09:15:25-07:00 Kramer.jerry.land EvntSLog - - - Estimated network bandwidth on one of the connections: 0 kbps.
1521912694.845922	CG9T461KV0VLPWsrch	10.47.22.25	58947	10.47.2.153	514	udp	LOCAL0	INFO	1 2018-03-24T09:15:25-07:00 Kramer.jerry.land EvntSLog - - - Estimated network bandwidth on one of the connections: 0 kbps.
1521912694.860624	CG9T461KV0VLPWsrch	10.47.22.25	58947	10.47.2.153	514	udp	LOCAL0	INFO	1 2018-03-24T09:15:25-07:00 Kramer.jerry.land EvntSLog - - - A fast link was detected. The Estimated bandwidth is 0 kbps. The slow link threshold is 500 kbps.
1521912694.860630	CG9T461KV0VLPWsrch	10.47.22.25	58947	10.47.2.153	514	udp	LOCAL0	INFO	1 2018-03-24T09:15:25-07:00 Kramer.jerry.land EvntSLog - - - A fast link was detected. The Estimated bandwidth is 0 kbps. The slow link threshold is 500 kbps.
1521912694.860636	CG9T461KV0VLPWsrch	10.47.22.25	58947	10.47.2.153	514	udp	LOCAL0	INFO	1 2018-03-24T09:15:25-07:00 Kramer.jerry.land EvntSLog - - - A fast link was detected. The Estimated bandwidth is 0 kbps. The slow link threshold is 500 kbps.
1521912694.860669	CG9T461KV0VLPWsrch	10.47.22.25	58947	10.47.2.153	514	udp	LOCAL0	INFO	1 2018-03-24T09:15:25-07:00 Kramer.jerry.land EvntSLog - - - A fast link was detected. The Estimated bandwidth is 0 kbps. The slow link threshold is 500 kbps.
1521912694.876092	CG9T461KV0VLPWsrch	10.47.22.25	58947	10.47.2.153	514	udp	LOCAL0	INFO	1 2018-03-24T09:15:25-07:00 Kramer.jerry.land EvntSLog - - - Checking for Group Policy client extensions that are not part of the system.
1521912694.876095	CG9T461KV0VLPWsrch	10.47.22.25	58947	10.47.2.153	514	udp	LOCAL0	INFO	1 2018-03-24T09:15:25-07:00 Kramer.jerry.land EvntSLog - - - Checking for Group Policy client extensions that are not part of the system.
1521912694.876097	CG9T461KV0VLPWsrch	10.47.22.25	58947	10.47.2.153	514	udp	LOCAL0	INFO	1 2018-03-24T09:15:25-07:00 Kramer.jerry.land EvntSLog - - - Checking for Group Policy client extensions that are not part of the system.
1521912694.876098	CG9T461KV0VLPWsrch	10.47.22.25	58947	10.47.2.153	514	udp	LOCAL0	INFO	1 2018-03-24T09:15:25-07:00 Kramer.jerry.land EvntSLog - - - Checking for Group Policy client extensions that are not part of the system.
1521912694.891552	CG9T461KV0VLPWsrch	10.47.22.25	58947	10.47.2.153	514	udp	LOCAL0	INFO	1 2018-03-24T09:15:25-07:00 Kramer.jerry.land EvntSLog - - - Service configuration update to standalone is not required and will be skipped.
1521912694.891555	CG9T461KV0VLPWsrch	10.47.22.25	58947	10.47.2.153	514	udp	LOCAL0	INFO	1 2018-03-24T09:15:25-07:00 Kramer.jerry.land EvntSLog - - - Service configuration update to standalone is not required and will be skipped.
1521912694.891559	CG9T461KV0VLPWsrch	10.47.22.25	58947	10.47.2.153	514	udp	LOCAL0	INFO	1 2018-03-24T09:15:25-07:00 Kramer.jerry.land EvntSLog - - - Service configuration update to standalone is not required and will be skipped.
1521912694.891563	CG9T461KV0VLPWsrch	10.47.22.25	58947	10.47.2.153	514	udp	LOCAL0	INFO	1 2018-03-24T09:15:25-07:00 Kramer.jerry.land EvntSLog - - - Service configuration update to standalone is not required and will be skipped.
1521912694.907462	CG9T461KV0VLPWsrch	10.47.22.25	58947	10.47.2.153	514	udp	LOCAL0	INFO	1 2018-03-24T09:15:25-07:00 Kramer.jerry.land EvntSLog - - - Finished checking for non-system extensions.
1521912694.907464	CG9T461KV0VLPWsrch	10.47.22.25	58947	10.47.2.153	514	udp	LOCAL0	INFO	1 2018-03-24T09:15:25-07:00 Kramer.jerry.land EvntSLog - - - Finished checking for non-system extensions.
1521912694.907466	CG9T461KV0VLPWsrch	10.47.22.25	58947	10.47.2.153	514	udp	LOCAL0	INFO	1 2018-03-24T09:15:25-07:00 Kramer.jerry.land EvntSLog - - - Finished checking for non-system extensions.
1521912694.907468	CG9T461KV0VLPWsrch	10.47.22.25	58947	10.47.2.153	514	udp	LOCAL0	INFO	1 2018-03-24T09:15:25-07:00 Kramer.jerry.land EvntSLog - - - Finished checking for non-system extensions.
1521912694.923235	CG9T461KV0VLPWsrch	10.47.22.25	58947	10.47.2.153	514	udp	LOCAL0	INFO	1 2018-03-24T09:15:25-07:00 Kramer.jerry.land EvntSLog - - - Completed periodic policy processing for computer JERRY\\KRAMER$ in 4 seconds.
1521912694.923238	CG9T461KV0VLPWsrch	10.47.22.25	58947	10.47.2.153	514	udp	LOCAL0	INFO	1 2018-03-24T09:15:25-07:00 Kramer.jerry.land EvntSLog - - - Completed periodic policy processing for computer JERRY\\KRAMER$ in 4 seconds.
1521912694.923240	CG9T461KV0VLPWsrch	10.47.22.25	58947	10.47.2.153	514	udp	LOCAL0	INFO	1 2018-03-24T09:15:25-07:00 Kramer.jerry.land EvntSLog - - - Completed periodic policy processing for computer JERRY\\KRAMER$ in 4 seconds.
1521912694.923242	CG9T461KV0VLPWsrch	10.47.22.25	58947	10.47.2.153	514	udp	LOCAL0	INFO	1 2018-03-24T09:15:25-07:00 Kramer.jerry.land EvntSLog - - - Completed periodic policy processing for computer JERRY\\KRAMER$ in 4 seconds.
1521912694.938440	CG9T461KV0VLPWsrch	10.47.22.25	58947	10.47.2.153	514	udp	LOCAL0	INFO	1 2018-03-24T09:15:25-07:00 Kramer.jerry.land EvntSLog - - - Next policy processing for JERRY\\KRAMER$ will be attempted in 5 minutes.
1521912694.938442	CG9T461KV0VLPWsrch	10.47.22.25	58947	10.47.2.153	514	udp	LOCAL0	INFO	1 2018-03-24T09:15:25-07:00 Kramer.jerry.land EvntSLog - - - Next policy processing for JERRY\\KRAMER$ will be attempted in 5 minutes.
1521912694.938445	CG9T461KV0VLPWsrch	10.47.22.25	58947	10.47.2.153	514	udp	LOCAL0	INFO	1 2018-03-24T09:15:25-07:00 Kramer.jerry.land EvntSLog - - - Next policy processing for JERRY\\KRAMER$ will be attempted in 5 minutes.
1521912694.938534	CG9T461KV0VLPWsrch	10.47.22.25	58947	10.47.2.153	514	udp	LOCAL0	INFO	1 2018-03-24T09:15:25-07:00 Kramer.jerry.land EvntSLog - - - Next policy processing for JERRY\\KRAMER$ will be attempted in 5 minutes.
1521912705.905562	CG9T461KV0VLPWsrch	10.47.22.25	58947	10.47.2.153	514	udp	LOCAL0	NOTICE	1 2018-03-24T09:15:36-07:00 Kramer.jerry.land EvntSLog - - - An account was logged off. Subject: Security ID: S-1-5-21-1311969832-1707640848-2310541705-1104 Account Name: PC-SUSAN$ Account Domain: JERRY Logon ID: 0x3c9d5c5 Logon Type: 3 This event is generated when a logon session is destroyed. It may be positively correlated with a logon event using the Logon ID value. Logon IDs are only unique between reboots on the same computer.
1521912705.905564	CG9T461KV0VLPWsrch	10.47.22.25	58947	10.47.2.153	514	udp	LOCAL0	NOTICE	1 2018-03-24T09:15:36-07:00 Kramer.jerry.land EvntSLog - - - An account was logged off. Subject: Security ID: S-1-5-21-1311969832-1707640848-2310541705-1104 Account Name: PC-SUSAN$ Account Domain: JERRY Logon ID: 0x3c9d5c5 Logon Type: 3 This event is generated when a logon session is destroyed. It may be positively correlated with a logon event using the Logon ID value. Logon IDs are only unique between reboots on the same computer.
1521912705.905565	CG9T461KV0VLPWsrch	10.47.22.25	58947	10.47.2.153	514	udp	LOCAL0	NOTICE	1 2018-03-24T09:15:36-07:00 Kramer.jerry.land EvntSLog - - - An account was logged off. Subject: Security ID: S-1-5-21-1311969832-1707640848-2310541705-1104 Account Name: PC-SUSAN$ Account Domain: JERRY Logon ID: 0x3c9d5c5 Logon Type: 3 This event is generated when a logon session is destroyed. It may be positively correlated with a logon event using the Logon ID value. Logon IDs are only unique between reboots on the same computer.
1521912705.905567	CG9T461KV0VLPWsrch	10.47.22.25	58947	10.47.2.153	514	udp	LOCAL0	NOTICE	1 2018-03-24T09:15:36-07:00 Kramer.jerry.land EvntSLog - - - An account was logged off. Subject: Security ID: S-1-5-21-1311969832-1707640848-2310541705-1104 Account Name: PC-SUSAN$ Account Domain: JERRY Logon ID: 0x3c9d5c5 Logon Type: 3 This event is generated when a logon session is destroyed. It may be positively correlated with a logon event using the Logon ID value. Logon IDs are only unique between reboots on the same computer.
1521912706.921058	CG9T461KV0VLPWsrch	10.47.22.25	58947	10.47.2.153	514	udp	LOCAL0	NOTICE	1 2018-03-24T09:15:37-07:00 Kramer.jerry.land EvntSLog - - - An account was logged off. Subject: Security ID: S-1-5-18 Account Name: KRAMER$ Account Domain: JERRY Logon ID: 0x3c9d3f3 Logon Type: 3 This event is generated when a logon session is destroyed. It may be positively correlated with a logon event using the Logon ID value. Logon IDs are only unique between reboots on the same computer.
1521912706.921060	CG9T461KV0VLPWsrch	10.47.22.25	58947	10.47.2.153	514	udp	LOCAL0	NOTICE	1 2018-03-24T09:15:37-07:00 Kramer.jerry.land EvntSLog - - - An account was logged off. Subject: Security ID: S-1-5-18 Account Name: KRAMER$ Account Domain: JERRY Logon ID: 0x3c9d3f3 Logon Type: 3 This event is generated when a logon session is destroyed. It may be positively correlated with a logon event using the Logon ID value. Logon IDs are only unique between reboots on the same computer.
1521912706.921062	CG9T461KV0VLPWsrch	10.47.22.25	58947	10.47.2.153	514	udp	LOCAL0	NOTICE	1 2018-03-24T09:15:37-07:00 Kramer.jerry.land EvntSLog - - - An account was logged off. Subject: Security ID: S-1-5-18 Account Name: KRAMER$ Account Domain: JERRY Logon ID: 0x3c9d3f3 Logon Type: 3 This event is generated when a logon session is destroyed. It may be positively correlated with a logon event using the Logon ID value. Logon IDs are only unique between reboots on the same computer.
1521912706.921064	CG9T461KV0VLPWsrch	10.47.22.25	58947	10.47.2.153	514	udp	LOCAL0	NOTICE	1 2018-03-24T09:15:37-07:00 Kramer.jerry.land EvntSLog - - - An account was logged off. Subject: Security ID: S-1-5-18 Account Name: KRAMER$ Account Domain: JERRY Logon ID: 0x3c9d3f3 Logon Type: 3 This event is generated when a logon session is destroyed. It may be positively correlated with a logon event using the Logon ID value. Logon IDs are only unique between reboots on the same computer.
1521912731.181810	CChO2A3YGYEv3SR8T	10.47.22.81	60245	10.47.2.153	514	udp	LOCAL0	INFO	1 2018-03-24T09:16:01-07:00 PC-susan.jerry.land EvntSLog - - - @cee: {"source": "PC-susan.jerry.land", "msg": "Task Scheduler successfully completed task \\"\\\\Microsoft\\\\Windows\\\\RAC\\\\RacTask\\" , instance \\"{5831CCFF-76B1-4391-86BB-23AAB8F5A373}\\" , action \\"ReliabilityAnalysisCustomHandler\\" with return code 0.", "nteventlogtype": "Microsoft-Windows-TaskScheduler/Operational", "sourceproc": "Microsoft-Windows-TaskScheduler", "id": "201", "categoryid": "201", "category": "201", "keywordid": "0x8000000000000000", "user": "NT AUTHORITY\\\\SYSTEM", "user_sid": "S-1-5-18", "TaskName": "\\\\Microsoft\\\\Windows\\\\RAC\\\\RacTask", "TaskInstanceId": "{5831CCFF-76B1-4391-86BB-23AAB8F5A373}", "ActionName": "ReliabilityAnalysisCustomHandler", "ResultCode": "0", "catname": "Action completed", "level": "Information"}
1521912731.181816	CChO2A3YGYEv3SR8T	10.47.22.81	60245	10.47.2.153	514	udp	LOCAL0	INFO	1 2018-03-24T09:16:01-07:00 PC-susan.jerry.land EvntSLog - - - @cee: {"source": "PC-susan.jerry.land", "msg": "Task Scheduler successfully completed task \\"\\\\Microsoft\\\\Windows\\\\RAC\\\\RacTask\\" , instance \\"{5831CCFF-76B1-4391-86BB-23AAB8F5A373}\\" , action \\"ReliabilityAnalysisCustomHandler\\" with return code 0.", "nteventlogtype": "Microsoft-Windows-TaskScheduler/Operational", "sourceproc": "Microsoft-Windows-TaskScheduler", "id": "201", "categoryid": "201", "category": "201", "keywordid": "0x8000000000000000", "user": "NT AUTHORITY\\\\SYSTEM", "user_sid": "S-1-5-18", "TaskName": "\\\\Microsoft\\\\Windows\\\\RAC\\\\RacTask", "TaskInstanceId": "{5831CCFF-76B1-4391-86BB-23AAB8F5A373}", "ActionName": "ReliabilityAnalysisCustomHandler", "ResultCode": "0", "catname": "Action completed", "level": "Information"}
1521912731.182025	CChO2A3YGYEv3SR8T	10.47.22.81	60245	10.47.2.153	514	udp	LOCAL0	INFO	1 2018-03-24T09:16:01-07:00 PC-susan.jerry.land EvntSLog - - - @cee: {"source": "PC-susan.jerry.land", "msg": "Task Scheduler successfully completed task \\"\\\\Microsoft\\\\Windows\\\\RAC\\\\RacTask\\" , instance \\"{5831CCFF-76B1-4391-86BB-23AAB8F5A373}\\" , action \\"ReliabilityAnalysisCustomHandler\\" with return code 0.", "nteventlogtype": "Microsoft-Windows-TaskScheduler/Operational", "sourceproc": "Microsoft-Windows-TaskScheduler", "id": "201", "categoryid": "201", "category": "201", "keywordid": "0x8000000000000000", "user": "NT AUTHORITY\\\\SYSTEM", "user_sid": "S-1-5-18", "TaskName": "\\\\Microsoft\\\\Windows\\\\RAC\\\\RacTask", "TaskInstanceId": "{5831CCFF-76B1-4391-86BB-23AAB8F5A373}", "ActionName": "ReliabilityAnalysisCustomHandler", "ResultCode": "0", "catname": "Action completed", "level": "Information"}
1521912731.182030	CChO2A3YGYEv3SR8T	10.47.22.81	60245	10.47.2.153	514	udp	LOCAL0	INFO	1 2018-03-24T09:16:01-07:00 PC-susan.jerry.land EvntSLog - - - @cee: {"source": "PC-susan.jerry.land", "msg": "Task Scheduler successfully completed task \\"\\\\Microsoft\\\\Windows\\\\RAC\\\\RacTask\\" , instance \\"{5831CCFF-76B1-4391-86BB-23AAB8F5A373}\\" , action \\"ReliabilityAnalysisCustomHandler\\" with return code 0.", "nteventlogtype": "Microsoft-Windows-TaskScheduler/Operational", "sourceproc": "Microsoft-Windows-TaskScheduler", "id": "201", "categoryid": "201", "category": "201", "keywordid": "0x8000000000000000", "user": "NT AUTHORITY\\\\SYSTEM", "user_sid": "S-1-5-18", "TaskName": "\\\\Microsoft\\\\Windows\\\\RAC\\\\RacTask", "TaskInstanceId": "{5831CCFF-76B1-4391-86BB-23AAB8F5A373}", "ActionName": "ReliabilityAnalysisCustomHandler", "ResultCode": "0", "catname": "Action completed", "level": "Information"}
1521912731.196430	CChO2A3YGYEv3SR8T	10.47.22.81	60245	10.47.2.153	514	udp	LOCAL0	INFO	1 2018-03-24T09:16:01-07:00 PC-susan.jerry.land EvntSLog - - - @cee: {"source": "PC-susan.jerry.land", "msg": "Task Scheduler successfully finished \\"{5831CCFF-76B1-4391-86BB-23AAB8F5A373}\\" instance of the \\"\\\\Microsoft\\\\Windows\\\\RAC\\\\RacTask\\" task for user \\"NT AUTHORITY\\\\LOCAL SERVICE\\".", "nteventlogtype": "Microsoft-Windows-TaskScheduler/Operational", "sourceproc": "Microsoft-Windows-TaskScheduler", "id": "102", "categoryid": "102", "category": "102", "keywordid": "0x8000000000000001", "user": "NT AUTHORITY\\\\SYSTEM", "user_sid": "S-1-5-18", "TaskName": "\\\\Microsoft\\\\Windows\\\\RAC\\\\RacTask", "UserContext": "NT AUTHORITY\\\\LOCAL SERVICE", "InstanceId": "{5831CCFF-76B1-4391-86BB-23AAB8F5A373}", "catname": "Task completed", "level": "Information"}
1521912731.196432	CChO2A3YGYEv3SR8T	10.47.22.81	60245	10.47.2.153	514	udp	LOCAL0	INFO	1 2018-03-24T09:16:01-07:00 PC-susan.jerry.land EvntSLog - - - @cee: {"source": "PC-susan.jerry.land", "msg": "Task Scheduler successfully finished \\"{5831CCFF-76B1-4391-86BB-23AAB8F5A373}\\" instance of the \\"\\\\Microsoft\\\\Windows\\\\RAC\\\\RacTask\\" task for user \\"NT AUTHORITY\\\\LOCAL SERVICE\\".", "nteventlogtype": "Microsoft-Windows-TaskScheduler/Operational", "sourceproc": "Microsoft-Windows-TaskScheduler", "id": "102", "categoryid": "102", "category": "102", "keywordid": "0x8000000000000001", "user": "NT AUTHORITY\\\\SYSTEM", "user_sid": "S-1-5-18", "TaskName": "\\\\Microsoft\\\\Windows\\\\RAC\\\\RacTask", "UserContext": "NT AUTHORITY\\\\LOCAL SERVICE", "InstanceId": "{5831CCFF-76B1-4391-86BB-23AAB8F5A373}", "catname": "Task completed", "level": "Information"}
1521912731.196434	CChO2A3YGYEv3SR8T	10.47.22.81	60245	10.47.2.153	514	udp	LOCAL0	INFO	1 2018-03-24T09:16:01-07:00 PC-susan.jerry.land EvntSLog - - - @cee: {"source": "PC-susan.jerry.land", "msg": "Task Scheduler successfully finished \\"{5831CCFF-76B1-4391-86BB-23AAB8F5A373}\\" instance of the \\"\\\\Microsoft\\\\Windows\\\\RAC\\\\RacTask\\" task for user \\"NT AUTHORITY\\\\LOCAL SERVICE\\".", "nteventlogtype": "Microsoft-Windows-TaskScheduler/Operational", "sourceproc": "Microsoft-Windows-TaskScheduler", "id": "102", "categoryid": "102", "category": "102", "keywordid": "0x8000000000000001", "user": "NT AUTHORITY\\\\SYSTEM", "user_sid": "S-1-5-18", "TaskName": "\\\\Microsoft\\\\Windows\\\\RAC\\\\RacTask", "UserContext": "NT AUTHORITY\\\\LOCAL SERVICE", "InstanceId": "{5831CCFF-76B1-4391-86BB-23AAB8F5A373}", "catname": "Task completed", "level": "Information"}
1521912731.196436	CChO2A3YGYEv3SR8T	10.47.22.81	60245	10.47.2.153	514	udp	LOCAL0	INFO	1 2018-03-24T09:16:01-07:00 PC-susan.jerry.land EvntSLog - - - @cee: {"source": "PC-susan.jerry.land", "msg": "Task Scheduler successfully finished \\"{5831CCFF-76B1-4391-86BB-23AAB8F5A373}\\" instance of the \\"\\\\Microsoft\\\\Windows\\\\RAC\\\\RacTask\\" task for user \\"NT AUTHORITY\\\\LOCAL SERVICE\\".", "nteventlogtype": "Microsoft-Windows-TaskScheduler/Operational", "sourceproc": "Microsoft-Windows-TaskScheduler", "id": "102", "categoryid": "102", "category": "102", "keywordid": "0x8000000000000001", "user": "NT AUTHORITY\\\\SYSTEM", "user_sid": "S-1-5-18", "TaskName": "\\\\Microsoft\\\\Windows\\\\RAC\\\\RacTask", "UserContext": "NT AUTHORITY\\\\LOCAL SERVICE", "InstanceId": "{5831CCFF-76B1-4391-86BB-23AAB8F5A373}", "catname": "Task completed", "level": "Information"}
1521912736.329216	CG9T461KV0VLPWsrch	10.47.22.25	58947	10.47.2.153	514	udp	LOCAL0	NOTICE	1 2018-03-24T09:16:06-07:00 Kramer.jerry.land EvntSLog - - - An account was successfully logged on. Subject: Security ID: S-1-0-0 Account Name: - Account Domain: - Logon ID: 0x0 Logon Type: 3 New Logon: Security ID: S-1-5-7 Account Name: ANONYMOUS LOGON Account Domain: NT AUTHORITY Logon ID: 0x3ca2970 Logon GUID: {00000000-0000-0000-0000-000000000000} Process Information: Process ID: 0x0 Process Name: - Network Information: Workstation Name: PC-SUSAN Source Network Address: 172.20.0.81 Source Port: 1972 Detailed Authentication Information: Logon Process: NtLmSsp Authentication Package: NTLM Transited Services: - Package Name (NTLM only): NTLM V1 Key Length: 128 This event is generated when a logon session is created. It is generated on the computer that was accessed. The subject fields indicate the account on the local system which requested the logon. This is most commonly a service such as the Server service, or a local process such as Winlogon.exe or Services.exe. The logon type field indicates the kind of logon that occurred. The most common types are 2 (interactive) and 3 (network). The New Logon fields indicate the account for whom the new logon was created, i.e. the account that was logged on. The network fields indicate where a remote logon request originated. Workstation name is not always available and may be left blank in some cases. The authentication information fields provide detailed information about this specific logon request. - Logon GUID is a unique identifier that can be used to correlate this event with a KDC event. - Transited services indicate which intermediate services have participated in this logon request. - Package name indicates which sub-protocol was used among the NTLM protocols. - Key length indicates the length of the generated session key. This will be 0 if no session key was requested.
1521912736.329219	CG9T461KV0VLPWsrch	10.47.22.25	58947	10.47.2.153	514	udp	LOCAL0	NOTICE	1 2018-03-24T09:16:06-07:00 Kramer.jerry.land EvntSLog - - - An account was successfully logged on. Subject: Security ID: S-1-0-0 Account Name: - Account Domain: - Logon ID: 0x0 Logon Type: 3 New Logon: Security ID: S-1-5-7 Account Name: ANONYMOUS LOGON Account Domain: NT AUTHORITY Logon ID: 0x3ca2970 Logon GUID: {00000000-0000-0000-0000-000000000000} Process Information: Process ID: 0x0 Process Name: - Network Information: Workstation Name: PC-SUSAN Source Network Address: 172.20.0.81 Source Port: 1972 Detailed Authentication Information: Logon Process: NtLmSsp Authentication Package: NTLM Transited Services: - Package Name (NTLM only): NTLM V1 Key Length: 128 This event is generated when a logon session is created. It is generated on the computer that was accessed. The subject fields indicate the account on the local system which requested the logon. This is most commonly a service such as the Server service, or a local process such as Winlogon.exe or Services.exe. The logon type field indicates the kind of logon that occurred. The most common types are 2 (interactive) and 3 (network). The New Logon fields indicate the account for whom the new logon was created, i.e. the account that was logged on. The network fields indicate where a remote logon request originated. Workstation name is not always available and may be left blank in some cases. The authentication information fields provide detailed information about this specific logon request. - Logon GUID is a unique identifier that can be used to correlate this event with a KDC event. - Transited services indicate which intermediate services have participated in this logon request. - Package name indicates which sub-protocol was used among the NTLM protocols. - Key length indicates the length of the generated session key. This will be 0 if no session key was requested.
1521912736.329813	CG9T461KV0VLPWsrch	10.47.22.25	58947	10.47.2.153	514	udp	LOCAL0	NOTICE	1 2018-03-24T09:16:06-07:00 Kramer.jerry.land EvntSLog - - - An account was successfully logged on. Subject: Security ID: S-1-0-0 Account Name: - Account Domain: - Logon ID: 0x0 Logon Type: 3 New Logon: Security ID: S-1-5-7 Account Name: ANONYMOUS LOGON Account Domain: NT AUTHORITY Logon ID: 0x3ca2970 Logon GUID: {00000000-0000-0000-0000-000000000000} Process Information: Process ID: 0x0 Process Name: - Network Information: Workstation Name: PC-SUSAN Source Network Address: 172.20.0.81 Source Port: 1972 Detailed Authentication Information: Logon Process: NtLmSsp Authentication Package: NTLM Transited Services: - Package Name (NTLM only): NTLM V1 Key Length: 128 This event is generated when a logon session is created. It is generated on the computer that was accessed. The subject fields indicate the account on the local system which requested the logon. This is most commonly a service such as the Server service, or a local process such as Winlogon.exe or Services.exe. The logon type field indicates the kind of logon that occurred. The most common types are 2 (interactive) and 3 (network). The New Logon fields indicate the account for whom the new logon was created, i.e. the account that was logged on. The network fields indicate where a remote logon request originated. Workstation name is not always available and may be left blank in some cases. The authentication information fields provide detailed information about this specific logon request. - Logon GUID is a unique identifier that can be used to correlate this event with a KDC event. - Transited services indicate which intermediate services have participated in this logon request. - Package name indicates which sub-protocol was used among the NTLM protocols. - Key length indicates the length of the generated session key. This will be 0 if no session key was requested.
1521912736.329819	CG9T461KV0VLPWsrch	10.47.22.25	58947	10.47.2.153	514	udp	LOCAL0	NOTICE	1 2018-03-24T09:16:06-07:00 Kramer.jerry.land EvntSLog - - - An account was successfully logged on. Subject: Security ID: S-1-0-0 Account Name: - Account Domain: - Logon ID: 0x0 Logon Type: 3 New Logon: Security ID: S-1-5-7 Account Name: ANONYMOUS LOGON Account Domain: NT AUTHORITY Logon ID: 0x3ca2970 Logon GUID: {00000000-0000-0000-0000-000000000000} Process Information: Process ID: 0x0 Process Name: - Network Information: Workstation Name: PC-SUSAN Source Network Address: 172.20.0.81 Source Port: 1972 Detailed Authentication Information: Logon Process: NtLmSsp Authentication Package: NTLM Transited Services: - Package Name (NTLM only): NTLM V1 Key Length: 128 This event is generated when a logon session is created. It is generated on the computer that was accessed. The subject fields indicate the account on the local system which requested the logon. This is most commonly a service such as the Server service, or a local process such as Winlogon.exe or Services.exe. The logon type field indicates the kind of logon that occurred. The most common types are 2 (interactive) and 3 (network). The New Logon fields indicate the account for whom the new logon was created, i.e. the account that was logged on. The network fields indicate where a remote logon request originated. Workstation name is not always available and may be left blank in some cases. The authentication information fields provide detailed information about this specific logon request. - Logon GUID is a unique identifier that can be used to correlate this event with a KDC event. - Transited services indicate which intermediate services have participated in this logon request. - Package name indicates which sub-protocol was used among the NTLM protocols. - Key length indicates the length of the generated session key. This will be 0 if no session key was requested.
