1521912967.543164	Cpkcqe2FnRIeEE5lg5	10.47.22.25	58947	10.47.2.153	514	udp	LOCAL0	NOTICE	1 2018-03-24T09:19:57-07:00 Kramer.jerry.land EvntSLog - - - An account was successfully logged on. Subject: Security ID: S-1-0-0 Account Name: - Account Domain: - Logon ID: 0x0 Logon Type: 3 New Logon: Security ID: S-1-5-18 Account Name: KRAMER$ Account Domain: JERRY Logon ID: 0x3cc0e7f Logon GUID: {3927FFCA-9038-917B-C030-965416739BC7} Process Information: Process ID: 0x0 Process Name: - Network Information: Workstation Name: Source Network Address: 172.20.0.25 Source Port: 49417 Detailed Authentication Information: Logon Process: Kerberos Authentication Package: Kerberos Transited Services: - Package Name (NTLM only): - Key Length: 0 This event is generated when a logon session is created. It is generated on the computer that was accessed. The subject fields indicate the account on the local system which requested the logon. This is most commonly a service such as the Server service, or a local process such as Winlogon.exe or Services.exe. The logon type field indicates the kind of logon that occurred. The most common types are 2 (interactive) and 3 (network). The New Logon fields indicate the account for whom the new logon was created, i.e. the account that was logged on. The network fields indicate where a remote logon request originated. Workstation name is not always available and may be left blank in some cases. The authentication information fields provide detailed information about this specific logon request. - Logon GUID is a unique identifier that can be used to correlate this event with a KDC event. - Transited services indicate which intermediate services have participated in this logon request. - Package name indicates which sub-protocol was used among the NTLM protocols. - Key length indicates the length of the generated session key. This will be 0 if no session key was requested.
1521912967.543465	Cpkcqe2FnRIeEE5lg5	10.47.22.25	58947	10.47.2.153	514	udp	LOCAL0	NOTICE	1 2018-03-24T09:19:57-07:00 Kramer.jerry.land EvntSLog - - - An account was successfully logged on. Subject: Security ID: S-1-0-0 Account Name: - Account Domain: - Logon ID: 0x0 Logon Type: 3 New Logon: Security ID: S-1-5-18 Account Name: KRAMER$ Account Domain: JERRY Logon ID: 0x3cc0e7f Logon GUID: {3927FFCA-9038-917B-C030-965416739BC7} Process Information: Process ID: 0x0 Process Name: - Network Information: Workstation Name: Source Network Address: 172.20.0.25 Source Port: 49417 Detailed Authentication Information: Logon Process: Kerberos Authentication Package: Kerberos Transited Services: - Package Name (NTLM only): - Key Length: 0 This event is generated when a logon session is created. It is generated on the computer that was accessed. The subject fields indicate the account on the local system which requested the logon. This is most commonly a service such as the Server service, or a local process such as Winlogon.exe or Services.exe. The logon type field indicates the kind of logon that occurred. The most common types are 2 (interactive) and 3 (network). The New Logon fields indicate the account for whom the new logon was created, i.e. the account that was logged on. The network fields indicate where a remote logon request originated. Workstation name is not always available and may be left blank in some cases. The authentication information fields provide detailed information about this specific logon request. - Logon GUID is a unique identifier that can be used to correlate this event with a KDC event. - Transited services indicate which intermediate services have participated in this logon request. - Package name indicates which sub-protocol was used among the NTLM protocols. - Key length indicates the length of the generated session key. This will be 0 if no session key was requested.
1521912967.543470	Cpkcqe2FnRIeEE5lg5	10.47.22.25	58947	10.47.2.153	514	udp	LOCAL0	NOTICE	1 2018-03-24T09:19:57-07:00 Kramer.jerry.land EvntSLog - - - An account was successfully logged on. Subject: Security ID: S-1-0-0 Account Name: - Account Domain: - Logon ID: 0x0 Logon Type: 3 New Logon: Security ID: S-1-5-18 Account Name: KRAMER$ Account Domain: JERRY Logon ID: 0x3cc0e7f Logon GUID: {3927FFCA-9038-917B-C030-965416739BC7} Process Information: Process ID: 0x0 Process Name: - Network Information: Workstation Name: Source Network Address: 172.20.0.25 Source Port: 49417 Detailed Authentication Information: Logon Process: Kerberos Authentication Package: Kerberos Transited Services: - Package Name (NTLM only): - Key Length: 0 This event is generated when a logon session is created. It is generated on the computer that was accessed. The subject fields indicate the account on the local system which requested the logon. This is most commonly a service such as the Server service, or a local process such as Winlogon.exe or Services.exe. The logon type field indicates the kind of logon that occurred. The most common types are 2 (interactive) and 3 (network). The New Logon fields indicate the account for whom the new logon was created, i.e. the account that was logged on. The network fields indicate where a remote logon request originated. Workstation name is not always available and may be left blank in some cases. The authentication information fields provide detailed information about this specific logon request. - Logon GUID is a unique identifier that can be used to correlate this event with a KDC event. - Transited services indicate which intermediate services have participated in this logon request. - Package name indicates which sub-protocol was used among the NTLM protocols. - Key length indicates the length of the generated session key. This will be 0 if no session key was requested.
1521912967.543473	Cpkcqe2FnRIeEE5lg5	10.47.22.25	58947	10.47.2.153	514	udp	LOCAL0	NOTICE	1 2018-03-24T09:19:57-07:00 Kramer.jerry.land EvntSLog - - - An account was successfully logged on. Subject: Security ID: S-1-0-0 Account Name: - Account Domain: - Logon ID: 0x0 Logon Type: 3 New Logon: Security ID: S-1-5-18 Account Name: KRAMER$ Account Domain: JERRY Logon ID: 0x3cc0e7f Logon GUID: {3927FFCA-9038-917B-C030-965416739BC7} Process Information: Process ID: 0x0 Process Name: - Network Information: Workstation Name: Source Network Address: 172.20.0.25 Source Port: 49417 Detailed Authentication Information: Logon Process: Kerberos Authentication Package: Kerberos Transited Services: - Package Name (NTLM only): - Key Length: 0 This event is generated when a logon session is created. It is generated on the computer that was accessed. The subject fields indicate the account on the local system which requested the logon. This is most commonly a service such as the Server service, or a local process such as Winlogon.exe or Services.exe. The logon type field indicates the kind of logon that occurred. The most common types are 2 (interactive) and 3 (network). The New Logon fields indicate the account for whom the new logon was created, i.e. the account that was logged on. The network fields indicate where a remote logon request originated. Workstation name is not always available and may be left blank in some cases. The authentication information fields provide detailed information about this specific logon request. - Logon GUID is a unique identifier that can be used to correlate this event with a KDC event. - Transited services indicate which intermediate services have participated in this logon request. - Package name indicates which sub-protocol was used among the NTLM protocols. - Key length indicates the length of the generated session key. This will be 0 if no session key was requested.
1521912967.557773	Cpkcqe2FnRIeEE5lg5	10.47.22.25	58947	10.47.2.153	514	udp	LOCAL0	NOTICE	1 2018-03-24T09:19:57-07:00 Kramer.jerry.land EvntSLog - - - An account was logged off. Subject: Security ID: S-1-5-18 Account Name: KRAMER$ Account Domain: JERRY Logon ID: 0x3cc0e7f Logon Type: 3 This event is generated when a logon session is destroyed. It may be positively correlated with a logon event using the Logon ID value. Logon IDs are only unique between reboots on the same computer.
1521912967.557777	Cpkcqe2FnRIeEE5lg5	10.47.22.25	58947	10.47.2.153	514	udp	LOCAL0	NOTICE	1 2018-03-24T09:19:57-07:00 Kramer.jerry.land EvntSLog - - - An account was logged off. Subject: Security ID: S-1-5-18 Account Name: KRAMER$ Account Domain: JERRY Logon ID: 0x3cc0e7f Logon Type: 3 This event is generated when a logon session is destroyed. It may be positively correlated with a logon event using the Logon ID value. Logon IDs are only unique between reboots on the same computer.
1521912967.557824	Cpkcqe2FnRIeEE5lg5	10.47.22.25	58947	10.47.2.153	514	udp	LOCAL0	NOTICE	1 2018-03-24T09:19:57-07:00 Kramer.jerry.land EvntSLog - - - An account was logged off. Subject: Security ID: S-1-5-18 Account Name: KRAMER$ Account Domain: JERRY Logon ID: 0x3cc0e7f Logon Type: 3 This event is generated when a logon session is destroyed. It may be positively correlated with a logon event using the Logon ID value. Logon IDs are only unique between reboots on the same computer.
1521912967.557829	Cpkcqe2FnRIeEE5lg5	10.47.22.25	58947	10.47.2.153	514	udp	LOCAL0	NOTICE	1 2018-03-24T09:19:57-07:00 Kramer.jerry.land EvntSLog - - - An account was logged off. Subject: Security ID: S-1-5-18 Account Name: KRAMER$ Account Domain: JERRY Logon ID: 0x3cc0e7f Logon Type: 3 This event is generated when a logon session is destroyed. It may be positively correlated with a logon event using the Logon ID value. Logon IDs are only unique between reboots on the same computer.
1521912967.575796	Cpkcqe2FnRIeEE5lg5	10.47.22.25	58947	10.47.2.153	514	udp	LOCAL0	NOTICE	1 2018-03-24T09:19:57-07:00 Kramer.jerry.land EvntSLog - - - A Kerberos service ticket was requested. Account Information: Account Name: KRAMER$@JERRY.LAND Account Domain: JERRY.LAND Logon GUID: {506BAFEE-322B-672F-0BB5-F2C7CD82BACA} Service Information: Service Name: KRAMER$ Service ID: S-1-5-21-1311969832-1707640848-2310541705-1000 Network Information: Client Address: ::1 Client Port: 0 Additional Information: Ticket Options: 0x40810000 Ticket Encryption Type: 0x12 Failure Code: 0x0 Transited Services: - This event is generated every time access is requested to a resource such as a computer or a Windows service. The service name indicates the resource to which access was requested. This event can be correlated with Windows logon events by comparing the Logon GUID fields in each event. The logon event occurs on the machine that was accessed, which is often a different machine than the domain controller which issued the service ticket. Ticket options, encryption types, and failure codes are defined in RFC 4120.
1521912967.575802	Cpkcqe2FnRIeEE5lg5	10.47.22.25	58947	10.47.2.153	514	udp	LOCAL0	NOTICE	1 2018-03-24T09:19:57-07:00 Kramer.jerry.land EvntSLog - - - A Kerberos service ticket was requested. Account Information: Account Name: KRAMER$@JERRY.LAND Account Domain: JERRY.LAND Logon GUID: {506BAFEE-322B-672F-0BB5-F2C7CD82BACA} Service Information: Service Name: KRAMER$ Service ID: S-1-5-21-1311969832-1707640848-2310541705-1000 Network Information: Client Address: ::1 Client Port: 0 Additional Information: Ticket Options: 0x40810000 Ticket Encryption Type: 0x12 Failure Code: 0x0 Transited Services: - This event is generated every time access is requested to a resource such as a computer or a Windows service. The service name indicates the resource to which access was requested. This event can be correlated with Windows logon events by comparing the Logon GUID fields in each event. The logon event occurs on the machine that was accessed, which is often a different machine than the domain controller which issued the service ticket. Ticket options, encryption types, and failure codes are defined in RFC 4120.
1521912967.575844	Cpkcqe2FnRIeEE5lg5	10.47.22.25	58947	10.47.2.153	514	udp	LOCAL0	NOTICE	1 2018-03-24T09:19:57-07:00 Kramer.jerry.land EvntSLog - - - A Kerberos service ticket was requested. Account Information: Account Name: KRAMER$@JERRY.LAND Account Domain: JERRY.LAND Logon GUID: {506BAFEE-322B-672F-0BB5-F2C7CD82BACA} Service Information: Service Name: KRAMER$ Service ID: S-1-5-21-1311969832-1707640848-2310541705-1000 Network Information: Client Address: ::1 Client Port: 0 Additional Information: Ticket Options: 0x40810000 Ticket Encryption Type: 0x12 Failure Code: 0x0 Transited Services: - This event is generated every time access is requested to a resource such as a computer or a Windows service. The service name indicates the resource to which access was requested. This event can be correlated with Windows logon events by comparing the Logon GUID fields in each event. The logon event occurs on the machine that was accessed, which is often a different machine than the domain controller which issued the service ticket. Ticket options, encryption types, and failure codes are defined in RFC 4120.
1521912967.575848	Cpkcqe2FnRIeEE5lg5	10.47.22.25	58947	10.47.2.153	514	udp	LOCAL0	NOTICE	1 2018-03-24T09:19:57-07:00 Kramer.jerry.land EvntSLog - - - A Kerberos service ticket was requested. Account Information: Account Name: KRAMER$@JERRY.LAND Account Domain: JERRY.LAND Logon GUID: {506BAFEE-322B-672F-0BB5-F2C7CD82BACA} Service Information: Service Name: KRAMER$ Service ID: S-1-5-21-1311969832-1707640848-2310541705-1000 Network Information: Client Address: ::1 Client Port: 0 Additional Information: Ticket Options: 0x40810000 Ticket Encryption Type: 0x12 Failure Code: 0x0 Transited Services: - This event is generated every time access is requested to a resource such as a computer or a Windows service. The service name indicates the resource to which access was requested. This event can be correlated with Windows logon events by comparing the Logon GUID fields in each event. The logon event occurs on the machine that was accessed, which is often a different machine than the domain controller which issued the service ticket. Ticket options, encryption types, and failure codes are defined in RFC 4120.
1521912967.589600	Cpkcqe2FnRIeEE5lg5	10.47.22.25	58947	10.47.2.153	514	udp	LOCAL0	NOTICE	1 2018-03-24T09:19:57-07:00 Kramer.jerry.land EvntSLog - - - Special privileges assigned to new logon. Subject: Security ID: S-1-5-18 Account Name: KRAMER$ Account Domain: JERRY Logon ID: 0x3cc0efa Privileges: SeSecurityPrivilege SeBackupPrivilege SeRestorePrivilege SeTakeOwnershipPrivilege SeDebugPrivilege SeSystemEnvironmentPrivilege SeLoadDriverPrivilege SeImpersonatePrivilege SeEnableDelegationPrivilege
1521912967.589603	Cpkcqe2FnRIeEE5lg5	10.47.22.25	58947	10.47.2.153	514	udp	LOCAL0	NOTICE	1 2018-03-24T09:19:57-07:00 Kramer.jerry.land EvntSLog - - - Special privileges assigned to new logon. Subject: Security ID: S-1-5-18 Account Name: KRAMER$ Account Domain: JERRY Logon ID: 0x3cc0efa Privileges: SeSecurityPrivilege SeBackupPrivilege SeRestorePrivilege SeTakeOwnershipPrivilege SeDebugPrivilege SeSystemEnvironmentPrivilege SeLoadDriverPrivilege SeImpersonatePrivilege SeEnableDelegationPrivilege
1521912967.589692	Cpkcqe2FnRIeEE5lg5	10.47.22.25	58947	10.47.2.153	514	udp	LOCAL0	NOTICE	1 2018-03-24T09:19:57-07:00 Kramer.jerry.land EvntSLog - - - Special privileges assigned to new logon. Subject: Security ID: S-1-5-18 Account Name: KRAMER$ Account Domain: JERRY Logon ID: 0x3cc0efa Privileges: SeSecurityPrivilege SeBackupPrivilege SeRestorePrivilege SeTakeOwnershipPrivilege SeDebugPrivilege SeSystemEnvironmentPrivilege SeLoadDriverPrivilege SeImpersonatePrivilege SeEnableDelegationPrivilege
1521912967.589696	Cpkcqe2FnRIeEE5lg5	10.47.22.25	58947	10.47.2.153	514	udp	LOCAL0	NOTICE	1 2018-03-24T09:19:57-07:00 Kramer.jerry.land EvntSLog - - - Special privileges assigned to new logon. Subject: Security ID: S-1-5-18 Account Name: KRAMER$ Account Domain: JERRY Logon ID: 0x3cc0efa Privileges: SeSecurityPrivilege SeBackupPrivilege SeRestorePrivilege SeTakeOwnershipPrivilege SeDebugPrivilege SeSystemEnvironmentPrivilege SeLoadDriverPrivilege SeImpersonatePrivilege SeEnableDelegationPrivilege
1521912967.605033	Cpkcqe2FnRIeEE5lg5	10.47.22.25	58947	10.47.2.153	514	udp	LOCAL0	NOTICE	1 2018-03-24T09:19:57-07:00 Kramer.jerry.land EvntSLog - - - An account was successfully logged on. Subject: Security ID: S-1-0-0 Account Name: - Account Domain: - Logon ID: 0x0 Logon Type: 3 New Logon: Security ID: S-1-5-18 Account Name: KRAMER$ Account Domain: JERRY Logon ID: 0x3cc0efa Logon GUID: {3927FFCA-9038-917B-C030-965416739BC7} Process Information: Process ID: 0x0 Process Name: - Network Information: Workstation Name: Source Network Address: 172.20.0.25 Source Port: 49419 Detailed Authentication Information: Logon Process: Kerberos Authentication Package: Kerberos Transited Services: - Package Name (NTLM only): - Key Length: 0 This event is generated when a logon session is created. It is generated on the computer that was accessed. The subject fields indicate the account on the local system which requested the logon. This is most commonly a service such as the Server service, or a local process such as Winlogon.exe or Services.exe. The logon type field indicates the kind of logon that occurred. The most common types are 2 (interactive) and 3 (network). The New Logon fields indicate the account for whom the new logon was created, i.e. the account that was logged on. The network fields indicate where a remote logon request originated. Workstation name is not always available and may be left blank in some cases. The authentication information fields provide detailed information about this specific logon request. - Logon GUID is a unique identifier that can be used to correlate this event with a KDC event. - Transited services indicate which intermediate services have participated in this logon request. - Package name indicates which sub-protocol was used among the NTLM protocols. - Key length indicates the length of the generated session key. This will be 0 if no session key was requested.
1521912967.605068	Cpkcqe2FnRIeEE5lg5	10.47.22.25	58947	10.47.2.153	514	udp	LOCAL0	NOTICE	1 2018-03-24T09:19:57-07:00 Kramer.jerry.land EvntSLog - - - An account was successfully logged on. Subject: Security ID: S-1-0-0 Account Name: - Account Domain: - Logon ID: 0x0 Logon Type: 3 New Logon: Security ID: S-1-5-18 Account Name: KRAMER$ Account Domain: JERRY Logon ID: 0x3cc0efa Logon GUID: {3927FFCA-9038-917B-C030-965416739BC7} Process Information: Process ID: 0x0 Process Name: - Network Information: Workstation Name: Source Network Address: 172.20.0.25 Source Port: 49419 Detailed Authentication Information: Logon Process: Kerberos Authentication Package: Kerberos Transited Services: - Package Name (NTLM only): - Key Length: 0 This event is generated when a logon session is created. It is generated on the computer that was accessed. The subject fields indicate the account on the local system which requested the logon. This is most commonly a service such as the Server service, or a local process such as Winlogon.exe or Services.exe. The logon type field indicates the kind of logon that occurred. The most common types are 2 (interactive) and 3 (network). The New Logon fields indicate the account for whom the new logon was created, i.e. the account that was logged on. The network fields indicate where a remote logon request originated. Workstation name is not always available and may be left blank in some cases. The authentication information fields provide detailed information about this specific logon request. - Logon GUID is a unique identifier that can be used to correlate this event with a KDC event. - Transited services indicate which intermediate services have participated in this logon request. - Package name indicates which sub-protocol was used among the NTLM protocols. - Key length indicates the length of the generated session key. This will be 0 if no session key was requested.
1521912967.605136	Cpkcqe2FnRIeEE5lg5	10.47.22.25	58947	10.47.2.153	514	udp	LOCAL0	NOTICE	1 2018-03-24T09:19:57-07:00 Kramer.jerry.land EvntSLog - - - An account was successfully logged on. Subject: Security ID: S-1-0-0 Account Name: - Account Domain: - Logon ID: 0x0 Logon Type: 3 New Logon: Security ID: S-1-5-18 Account Name: KRAMER$ Account Domain: JERRY Logon ID: 0x3cc0efa Logon GUID: {3927FFCA-9038-917B-C030-965416739BC7} Process Information: Process ID: 0x0 Process Name: - Network Information: Workstation Name: Source Network Address: 172.20.0.25 Source Port: 49419 Detailed Authentication Information: Logon Process: Kerberos Authentication Package: Kerberos Transited Services: - Package Name (NTLM only): - Key Length: 0 This event is generated when a logon session is created. It is generated on the computer that was accessed. The subject fields indicate the account on the local system which requested the logon. This is most commonly a service such as the Server service, or a local process such as Winlogon.exe or Services.exe. The logon type field indicates the kind of logon that occurred. The most common types are 2 (interactive) and 3 (network). The New Logon fields indicate the account for whom the new logon was created, i.e. the account that was logged on. The network fields indicate where a remote logon request originated. Workstation name is not always available and may be left blank in some cases. The authentication information fields provide detailed information about this specific logon request. - Logon GUID is a unique identifier that can be used to correlate this event with a KDC event. - Transited services indicate which intermediate services have participated in this logon request. - Package name indicates which sub-protocol was used among the NTLM protocols. - Key length indicates the length of the generated session key. This will be 0 if no session key was requested.
1521912967.605139	Cpkcqe2FnRIeEE5lg5	10.47.22.25	58947	10.47.2.153	514	udp	LOCAL0	NOTICE	1 2018-03-24T09:19:57-07:00 Kramer.jerry.land EvntSLog - - - An account was successfully logged on. Subject: Security ID: S-1-0-0 Account Name: - Account Domain: - Logon ID: 0x0 Logon Type: 3 New Logon: Security ID: S-1-5-18 Account Name: KRAMER$ Account Domain: JERRY Logon ID: 0x3cc0efa Logon GUID: {3927FFCA-9038-917B-C030-965416739BC7} Process Information: Process ID: 0x0 Process Name: - Network Information: Workstation Name: Source Network Address: 172.20.0.25 Source Port: 49419 Detailed Authentication Information: Logon Process: Kerberos Authentication Package: Kerberos Transited Services: - Package Name (NTLM only): - Key Length: 0 This event is generated when a logon session is created. It is generated on the computer that was accessed. The subject fields indicate the account on the local system which requested the logon. This is most commonly a service such as the Server service, or a local process such as Winlogon.exe or Services.exe. The logon type field indicates the kind of logon that occurred. The most common types are 2 (interactive) and 3 (network). The New Logon fields indicate the account for whom the new logon was created, i.e. the account that was logged on. The network fields indicate where a remote logon request originated. Workstation name is not always available and may be left blank in some cases. The authentication information fields provide detailed information about this specific logon request. - Logon GUID is a unique identifier that can be used to correlate this event with a KDC event. - Transited services indicate which intermediate services have participated in this logon request. - Package name indicates which sub-protocol was used among the NTLM protocols. - Key length indicates the length of the generated session key. This will be 0 if no session key was requested.
1521912967.620442	Cpkcqe2FnRIeEE5lg5	10.47.22.25	58947	10.47.2.153	514	udp	LOCAL0	NOTICE	1 2018-03-24T09:19:57-07:00 Kramer.jerry.land EvntSLog - - - An account was logged off. Subject: Security ID: S-1-5-18 Account Name: KRAMER$ Account Domain: JERRY Logon ID: 0x3cc0efa Logon Type: 3 This event is generated when a logon session is destroyed. It may be positively correlated with a logon event using the Logon ID value. Logon IDs are only unique between reboots on the same computer.
1521912967.620489	Cpkcqe2FnRIeEE5lg5	10.47.22.25	58947	10.47.2.153	514	udp	LOCAL0	NOTICE	1 2018-03-24T09:19:57-07:00 Kramer.jerry.land EvntSLog - - - An account was logged off. Subject: Security ID: S-1-5-18 Account Name: KRAMER$ Account Domain: JERRY Logon ID: 0x3cc0efa Logon Type: 3 This event is generated when a logon session is destroyed. It may be positively correlated with a logon event using the Logon ID value. Logon IDs are only unique between reboots on the same computer.
1521912967.620491	Cpkcqe2FnRIeEE5lg5	10.47.22.25	58947	10.47.2.153	514	udp	LOCAL0	NOTICE	1 2018-03-24T09:19:57-07:00 Kramer.jerry.land EvntSLog - - - An account was logged off. Subject: Security ID: S-1-5-18 Account Name: KRAMER$ Account Domain: JERRY Logon ID: 0x3cc0efa Logon Type: 3 This event is generated when a logon session is destroyed. It may be positively correlated with a logon event using the Logon ID value. Logon IDs are only unique between reboots on the same computer.
1521912967.620492	Cpkcqe2FnRIeEE5lg5	10.47.22.25	58947	10.47.2.153	514	udp	LOCAL0	NOTICE	1 2018-03-24T09:19:57-07:00 Kramer.jerry.land EvntSLog - - - An account was logged off. Subject: Security ID: S-1-5-18 Account Name: KRAMER$ Account Domain: JERRY Logon ID: 0x3cc0efa Logon Type: 3 This event is generated when a logon session is destroyed. It may be positively correlated with a logon event using the Logon ID value. Logon IDs are only unique between reboots on the same computer.
#close	2024-04-12-19-34-07
