1521912575.173840	C5Y0qR2TdfH3LoYNhf	10.47.22.25	58947	10.47.2.153	514	udp	LOCAL0	NOTICE	1 2018-03-24T09:13:25-07:00 Kramer.jerry.land EvntSLog - - - An account was logged off. Subject: Security ID: S-1-5-21-1311969832-1707640848-2310541705-501 Account Name: Guest Account Domain: JERRY Logon ID: 0x3c8e070 Logon Type: 3 This event is generated when a logon session is destroyed. It may be positively correlated with a logon event using the Logon ID value. Logon IDs are only unique between reboots on the same computer.
1521912575.187513	C5Y0qR2TdfH3LoYNhf	10.47.22.25	58947	10.47.2.153	514	udp	LOCAL0	INFO	1 2018-03-24T09:13:25-07:00 Kramer.jerry.land EvntSLog - - - Retrieving Domain Controller details.
1521912575.187518	C5Y0qR2TdfH3LoYNhf	10.47.22.25	58947	10.47.2.153	514	udp	LOCAL0	INFO	1 2018-03-24T09:13:25-07:00 Kramer.jerry.land EvntSLog - - - Retrieving Domain Controller details.
1521912575.187520	C5Y0qR2TdfH3LoYNhf	10.47.22.25	58947	10.47.2.153	514	udp	LOCAL0	INFO	1 2018-03-24T09:13:25-07:00 Kramer.jerry.land EvntSLog - - - Retrieving Domain Controller details.
1521912575.187522	C5Y0qR2TdfH3LoYNhf	10.47.22.25	58947	10.47.2.153	514	udp	LOCAL0	INFO	1 2018-03-24T09:13:25-07:00 Kramer.jerry.land EvntSLog - - - Retrieving Domain Controller details.
1521912577.278807	C5Y0qR2TdfH3LoYNhf	10.47.22.25	58947	10.47.2.153	514	udp	LOCAL0	INFO	1 2018-03-24T09:13:27-07:00 Kramer.jerry.land EvntSLog - - - List of applicable Group Policy objects: None
1521912577.278809	C5Y0qR2TdfH3LoYNhf	10.47.22.25	58947	10.47.2.153	514	udp	LOCAL0	INFO	1 2018-03-24T09:13:27-07:00 Kramer.jerry.land EvntSLog - - - List of applicable Group Policy objects: None
1521912577.278811	C5Y0qR2TdfH3LoYNhf	10.47.22.25	58947	10.47.2.153	514	udp	LOCAL0	INFO	1 2018-03-24T09:13:27-07:00 Kramer.jerry.land EvntSLog - - - List of applicable Group Policy objects: None
1521912577.278813	C5Y0qR2TdfH3LoYNhf	10.47.22.25	58947	10.47.2.153	514	udp	LOCAL0	INFO	1 2018-03-24T09:13:27-07:00 Kramer.jerry.land EvntSLog - - - List of applicable Group Policy objects: None
1521912577.295369	C5Y0qR2TdfH3LoYNhf	10.47.22.25	58947	10.47.2.153	514	udp	LOCAL0	INFO	1 2018-03-24T09:13:27-07:00 Kramer.jerry.land EvntSLog - - - The following Group Policy objects were not applicable because they were filtered out : Local Group Policy Not Applied (Empty) Default Domain Policy Not Applied (Empty) 
1521912577.295372	C5Y0qR2TdfH3LoYNhf	10.47.22.25	58947	10.47.2.153	514	udp	LOCAL0	INFO	1 2018-03-24T09:13:27-07:00 Kramer.jerry.land EvntSLog - - - The following Group Policy objects were not applicable because they were filtered out : Local Group Policy Not Applied (Empty) Default Domain Policy Not Applied (Empty) 
1521912577.295374	C5Y0qR2TdfH3LoYNhf	10.47.22.25	58947	10.47.2.153	514	udp	LOCAL0	INFO	1 2018-03-24T09:13:27-07:00 Kramer.jerry.land EvntSLog - - - The following Group Policy objects were not applicable because they were filtered out : Local Group Policy Not Applied (Empty) Default Domain Policy Not Applied (Empty) 
1521912577.295376	C5Y0qR2TdfH3LoYNhf	10.47.22.25	58947	10.47.2.153	514	udp	LOCAL0	INFO	1 2018-03-24T09:13:27-07:00 Kramer.jerry.land EvntSLog - - - The following Group Policy objects were not applicable because they were filtered out : Local Group Policy Not Applied (Empty) Default Domain Policy Not Applied (Empty) 
1521912579.150873	C5Y0qR2TdfH3LoYNhf	10.47.22.25	58947	10.47.2.153	514	udp	LOCAL0	INFO	1 2018-03-24T09:13:29-07:00 Kramer.jerry.land EvntSLog - - - Estimated network bandwidth on one of the connections: 0 kbps.
1521912579.150876	C5Y0qR2TdfH3LoYNhf	10.47.22.25	58947	10.47.2.153	514	udp	LOCAL0	INFO	1 2018-03-24T09:13:29-07:00 Kramer.jerry.land EvntSLog - - - Estimated network bandwidth on one of the connections: 0 kbps.
1521912579.150878	C5Y0qR2TdfH3LoYNhf	10.47.22.25	58947	10.47.2.153	514	udp	LOCAL0	INFO	1 2018-03-24T09:13:29-07:00 Kramer.jerry.land EvntSLog - - - Estimated network bandwidth on one of the connections: 0 kbps.
1521912579.150880	C5Y0qR2TdfH3LoYNhf	10.47.22.25	58947	10.47.2.153	514	udp	LOCAL0	INFO	1 2018-03-24T09:13:29-07:00 Kramer.jerry.land EvntSLog - - - Estimated network bandwidth on one of the connections: 0 kbps.
1521912579.167190	C5Y0qR2TdfH3LoYNhf	10.47.22.25	58947	10.47.2.153	514	udp	LOCAL0	INFO	1 2018-03-24T09:13:29-07:00 Kramer.jerry.land EvntSLog - - - Estimated network bandwidth on one of the connections: 0 kbps.
1521912579.167191	C5Y0qR2TdfH3LoYNhf	10.47.22.25	58947	10.47.2.153	514	udp	LOCAL0	INFO	1 2018-03-24T09:13:29-07:00 Kramer.jerry.land EvntSLog - - - Estimated network bandwidth on one of the connections: 0 kbps.
1521912579.167193	C5Y0qR2TdfH3LoYNhf	10.47.22.25	58947	10.47.2.153	514	udp	LOCAL0	INFO	1 2018-03-24T09:13:29-07:00 Kramer.jerry.land EvntSLog - - - Estimated network bandwidth on one of the connections: 0 kbps.
1521912579.167231	C5Y0qR2TdfH3LoYNhf	10.47.22.25	58947	10.47.2.153	514	udp	LOCAL0	INFO	1 2018-03-24T09:13:29-07:00 Kramer.jerry.land EvntSLog - - - Estimated network bandwidth on one of the connections: 0 kbps.
1521912579.182925	C5Y0qR2TdfH3LoYNhf	10.47.22.25	58947	10.47.2.153	514	udp	LOCAL0	INFO	1 2018-03-24T09:13:29-07:00 Kramer.jerry.land EvntSLog - - - A fast link was detected. The Estimated bandwidth is 0 kbps. The slow link threshold is 500 kbps.
1521912579.182929	C5Y0qR2TdfH3LoYNhf	10.47.22.25	58947	10.47.2.153	514	udp	LOCAL0	INFO	1 2018-03-24T09:13:29-07:00 Kramer.jerry.land EvntSLog - - - A fast link was detected. The Estimated bandwidth is 0 kbps. The slow link threshold is 500 kbps.
1521912579.182931	C5Y0qR2TdfH3LoYNhf	10.47.22.25	58947	10.47.2.153	514	udp	LOCAL0	INFO	1 2018-03-24T09:13:29-07:00 Kramer.jerry.land EvntSLog - - - A fast link was detected. The Estimated bandwidth is 0 kbps. The slow link threshold is 500 kbps.
1521912579.182933	C5Y0qR2TdfH3LoYNhf	10.47.22.25	58947	10.47.2.153	514	udp	LOCAL0	INFO	1 2018-03-24T09:13:29-07:00 Kramer.jerry.land EvntSLog - - - A fast link was detected. The Estimated bandwidth is 0 kbps. The slow link threshold is 500 kbps.
1521912579.198798	C5Y0qR2TdfH3LoYNhf	10.47.22.25	58947	10.47.2.153	514	udp	LOCAL0	INFO	1 2018-03-24T09:13:29-07:00 Kramer.jerry.land EvntSLog - - - Checking for Group Policy client extensions that are not part of the system.
1521912579.198802	C5Y0qR2TdfH3LoYNhf	10.47.22.25	58947	10.47.2.153	514	udp	LOCAL0	INFO	1 2018-03-24T09:13:29-07:00 Kramer.jerry.land EvntSLog - - - Checking for Group Policy client extensions that are not part of the system.
1521912579.198804	C5Y0qR2TdfH3LoYNhf	10.47.22.25	58947	10.47.2.153	514	udp	LOCAL0	INFO	1 2018-03-24T09:13:29-07:00 Kramer.jerry.land EvntSLog - - - Checking for Group Policy client extensions that are not part of the system.
1521912579.198806	C5Y0qR2TdfH3LoYNhf	10.47.22.25	58947	10.47.2.153	514	udp	LOCAL0	INFO	1 2018-03-24T09:13:29-07:00 Kramer.jerry.land EvntSLog - - - Checking for Group Policy client extensions that are not part of the system.
1521912579.213561	C5Y0qR2TdfH3LoYNhf	10.47.22.25	58947	10.47.2.153	514	udp	LOCAL0	INFO	1 2018-03-24T09:13:29-07:00 Kramer.jerry.land EvntSLog - - - Service configuration update to standalone is not required and will be skipped.
1521912579.213628	C5Y0qR2TdfH3LoYNhf	10.47.22.25	58947	10.47.2.153	514	udp	LOCAL0	INFO	1 2018-03-24T09:13:29-07:00 Kramer.jerry.land EvntSLog - - - Service configuration update to standalone is not required and will be skipped.
1521912579.213633	C5Y0qR2TdfH3LoYNhf	10.47.22.25	58947	10.47.2.153	514	udp	LOCAL0	INFO	1 2018-03-24T09:13:29-07:00 Kramer.jerry.land EvntSLog - - - Service configuration update to standalone is not required and will be skipped.
1521912579.213635	C5Y0qR2TdfH3LoYNhf	10.47.22.25	58947	10.47.2.153	514	udp	LOCAL0	INFO	1 2018-03-24T09:13:29-07:00 Kramer.jerry.land EvntSLog - - - Service configuration update to standalone is not required and will be skipped.
1521912579.230296	C5Y0qR2TdfH3LoYNhf	10.47.22.25	58947	10.47.2.153	514	udp	LOCAL0	INFO	1 2018-03-24T09:13:29-07:00 Kramer.jerry.land EvntSLog - - - Finished checking for non-system extensions.
1521912579.230300	C5Y0qR2TdfH3LoYNhf	10.47.22.25	58947	10.47.2.153	514	udp	LOCAL0	INFO	1 2018-03-24T09:13:29-07:00 Kramer.jerry.land EvntSLog - - - Finished checking for non-system extensions.
1521912579.230302	C5Y0qR2TdfH3LoYNhf	10.47.22.25	58947	10.47.2.153	514	udp	LOCAL0	INFO	1 2018-03-24T09:13:29-07:00 Kramer.jerry.land EvntSLog - - - Finished checking for non-system extensions.
1521912579.230303	C5Y0qR2TdfH3LoYNhf	10.47.22.25	58947	10.47.2.153	514	udp	LOCAL0	INFO	1 2018-03-24T09:13:29-07:00 Kramer.jerry.land EvntSLog - - - Finished checking for non-system extensions.
1521912579.245562	C5Y0qR2TdfH3LoYNhf	10.47.22.25	58947	10.47.2.153	514	udp	LOCAL0	INFO	1 2018-03-24T09:13:29-07:00 Kramer.jerry.land EvntSLog - - - Completed periodic policy processing for user JERRY\\administrator in 4 seconds.
1521912579.245566	C5Y0qR2TdfH3LoYNhf	10.47.22.25	58947	10.47.2.153	514	udp	LOCAL0	INFO	1 2018-03-24T09:13:29-07:00 Kramer.jerry.land EvntSLog - - - Completed periodic policy processing for user JERRY\\administrator in 4 seconds.
1521912579.245568	C5Y0qR2TdfH3LoYNhf	10.47.22.25	58947	10.47.2.153	514	udp	LOCAL0	INFO	1 2018-03-24T09:13:29-07:00 Kramer.jerry.land EvntSLog - - - Completed periodic policy processing for user JERRY\\administrator in 4 seconds.
1521912579.245570	C5Y0qR2TdfH3LoYNhf	10.47.22.25	58947	10.47.2.153	514	udp	LOCAL0	INFO	1 2018-03-24T09:13:29-07:00 Kramer.jerry.land EvntSLog - - - Completed periodic policy processing for user JERRY\\administrator in 4 seconds.
1521912579.260359	C5Y0qR2TdfH3LoYNhf	10.47.22.25	58947	10.47.2.153	514	udp	LOCAL0	INFO	1 2018-03-24T09:13:29-07:00 Kramer.jerry.land EvntSLog - - - Next policy processing for JERRY\\administrator will be attempted in 111 minutes.
1521912579.260363	C5Y0qR2TdfH3LoYNhf	10.47.22.25	58947	10.47.2.153	514	udp	LOCAL0	INFO	1 2018-03-24T09:13:29-07:00 Kramer.jerry.land EvntSLog - - - Next policy processing for JERRY\\administrator will be attempted in 111 minutes.
1521912579.260365	C5Y0qR2TdfH3LoYNhf	10.47.22.25	58947	10.47.2.153	514	udp	LOCAL0	INFO	1 2018-03-24T09:13:29-07:00 Kramer.jerry.land EvntSLog - - - Next policy processing for JERRY\\administrator will be attempted in 111 minutes.
1521912579.260367	C5Y0qR2TdfH3LoYNhf	10.47.22.25	58947	10.47.2.153	514	udp	LOCAL0	INFO	1 2018-03-24T09:13:29-07:00 Kramer.jerry.land EvntSLog - - - Next policy processing for JERRY\\administrator will be attempted in 111 minutes.
1521912609.168040	CiuCHK1jtiRf5w1PL8	10.47.22.81	60245	10.47.2.153	514	udp	LOCAL0	INFO	1 2018-03-24T09:14:00-07:00 PC-susan.jerry.land EvntSLog - - - @cee: {"source": "PC-susan.jerry.land", "msg": "Task Scheduler launched \\"{5831CCFF-76B1-4391-86BB-23AAB8F5A373}\\"  instance of task \\"\\\\Microsoft\\\\Windows\\\\RAC\\\\RacTask\\" due to a time trigger condition.", "nteventlogtype": "Microsoft-Windows-TaskScheduler/Operational", "sourceproc": "Microsoft-Windows-TaskScheduler", "id": "107", "categoryid": "107", "category": "107", "keywordid": "0x8000000000000000", "user": "NT AUTHORITY\\\\SYSTEM", "user_sid": "S-1-5-18", "TaskName": "\\\\Microsoft\\\\Windows\\\\RAC\\\\RacTask", "InstanceId": "{5831CCFF-76B1-4391-86BB-23AAB8F5A373}", "catname": "Task triggered on scheduler", "level": "Information"}
1521912609.168043	CiuCHK1jtiRf5w1PL8	10.47.22.81	60245	10.47.2.153	514	udp	LOCAL0	INFO	1 2018-03-24T09:14:00-07:00 PC-susan.jerry.land EvntSLog - - - @cee: {"source": "PC-susan.jerry.land", "msg": "Task Scheduler launched \\"{5831CCFF-76B1-4391-86BB-23AAB8F5A373}\\"  instance of task \\"\\\\Microsoft\\\\Windows\\\\RAC\\\\RacTask\\" due to a time trigger condition.", "nteventlogtype": "Microsoft-Windows-TaskScheduler/Operational", "sourceproc": "Microsoft-Windows-TaskScheduler", "id": "107", "categoryid": "107", "category": "107", "keywordid": "0x8000000000000000", "user": "NT AUTHORITY\\\\SYSTEM", "user_sid": "S-1-5-18", "TaskName": "\\\\Microsoft\\\\Windows\\\\RAC\\\\RacTask", "InstanceId": "{5831CCFF-76B1-4391-86BB-23AAB8F5A373}", "catname": "Task triggered on scheduler", "level": "Information"}
1521912609.168217	CiuCHK1jtiRf5w1PL8	10.47.22.81	60245	10.47.2.153	514	udp	LOCAL0	INFO	1 2018-03-24T09:14:00-07:00 PC-susan.jerry.land EvntSLog - - - @cee: {"source": "PC-susan.jerry.land", "msg": "Task Scheduler launched \\"{5831CCFF-76B1-4391-86BB-23AAB8F5A373}\\"  instance of task \\"\\\\Microsoft\\\\Windows\\\\RAC\\\\RacTask\\" due to a time trigger condition.", "nteventlogtype": "Microsoft-Windows-TaskScheduler/Operational", "sourceproc": "Microsoft-Windows-TaskScheduler", "id": "107", "categoryid": "107", "category": "107", "keywordid": "0x8000000000000000", "user": "NT AUTHORITY\\\\SYSTEM", "user_sid": "S-1-5-18", "TaskName": "\\\\Microsoft\\\\Windows\\\\RAC\\\\RacTask", "InstanceId": "{5831CCFF-76B1-4391-86BB-23AAB8F5A373}", "catname": "Task triggered on scheduler", "level": "Information"}
1521912609.168220	CiuCHK1jtiRf5w1PL8	10.47.22.81	60245	10.47.2.153	514	udp	LOCAL0	INFO	1 2018-03-24T09:14:00-07:00 PC-susan.jerry.land EvntSLog - - - @cee: {"source": "PC-susan.jerry.land", "msg": "Task Scheduler launched \\"{5831CCFF-76B1-4391-86BB-23AAB8F5A373}\\"  instance of task \\"\\\\Microsoft\\\\Windows\\\\RAC\\\\RacTask\\" due to a time trigger condition.", "nteventlogtype": "Microsoft-Windows-TaskScheduler/Operational", "sourceproc": "Microsoft-Windows-TaskScheduler", "id": "107", "categoryid": "107", "category": "107", "keywordid": "0x8000000000000000", "user": "NT AUTHORITY\\\\SYSTEM", "user_sid": "S-1-5-18", "TaskName": "\\\\Microsoft\\\\Windows\\\\RAC\\\\RacTask", "InstanceId": "{5831CCFF-76B1-4391-86BB-23AAB8F5A373}", "catname": "Task triggered on scheduler", "level": "Information"}
1521912609.181428	CiuCHK1jtiRf5w1PL8	10.47.22.81	60245	10.47.2.153	514	udp	LOCAL0	INFO	1 2018-03-24T09:14:00-07:00 PC-susan.jerry.land EvntSLog - - - @cee: {"source": "PC-susan.jerry.land", "msg": "Task Scheduler started \\"{5831CCFF-76B1-4391-86BB-23AAB8F5A373}\\" instance of the \\"\\\\Microsoft\\\\Windows\\\\RAC\\\\RacTask\\" task for user \\"NT AUTHORITY\\\\LOCAL SERVICE\\".", "nteventlogtype": "Microsoft-Windows-TaskScheduler/Operational", "sourceproc": "Microsoft-Windows-TaskScheduler", "id": "100", "categoryid": "100", "category": "100", "keywordid": "0x8000000000000001", "user": "NT AUTHORITY\\\\SYSTEM", "user_sid": "S-1-5-18", "TaskName": "\\\\Microsoft\\\\Windows\\\\RAC\\\\RacTask", "UserContext": "NT AUTHORITY\\\\LOCAL SERVICE", "InstanceId": "{5831CCFF-76B1-4391-86BB-23AAB8F5A373}", "catname": "Task Started", "level": "Information"}
1521912609.181431	CiuCHK1jtiRf5w1PL8	10.47.22.81	60245	10.47.2.153	514	udp	LOCAL0	INFO	1 2018-03-24T09:14:00-07:00 PC-susan.jerry.land EvntSLog - - - @cee: {"source": "PC-susan.jerry.land", "msg": "Task Scheduler started \\"{5831CCFF-76B1-4391-86BB-23AAB8F5A373}\\" instance of the \\"\\\\Microsoft\\\\Windows\\\\RAC\\\\RacTask\\" task for user \\"NT AUTHORITY\\\\LOCAL SERVICE\\".", "nteventlogtype": "Microsoft-Windows-TaskScheduler/Operational", "sourceproc": "Microsoft-Windows-TaskScheduler", "id": "100", "categoryid": "100", "category": "100", "keywordid": "0x8000000000000001", "user": "NT AUTHORITY\\\\SYSTEM", "user_sid": "S-1-5-18", "TaskName": "\\\\Microsoft\\\\Windows\\\\RAC\\\\RacTask", "UserContext": "NT AUTHORITY\\\\LOCAL SERVICE", "InstanceId": "{5831CCFF-76B1-4391-86BB-23AAB8F5A373}", "catname": "Task Started", "level": "Information"}
1521912609.181433	CiuCHK1jtiRf5w1PL8	10.47.22.81	60245	10.47.2.153	514	udp	LOCAL0	INFO	1 2018-03-24T09:14:00-07:00 PC-susan.jerry.land EvntSLog - - - @cee: {"source": "PC-susan.jerry.land", "msg": "Task Scheduler started \\"{5831CCFF-76B1-4391-86BB-23AAB8F5A373}\\" instance of the \\"\\\\Microsoft\\\\Windows\\\\RAC\\\\RacTask\\" task for user \\"NT AUTHORITY\\\\LOCAL SERVICE\\".", "nteventlogtype": "Microsoft-Windows-TaskScheduler/Operational", "sourceproc": "Microsoft-Windows-TaskScheduler", "id": "100", "categoryid": "100", "category": "100", "keywordid": "0x8000000000000001", "user": "NT AUTHORITY\\\\SYSTEM", "user_sid": "S-1-5-18", "TaskName": "\\\\Microsoft\\\\Windows\\\\RAC\\\\RacTask", "UserContext": "NT AUTHORITY\\\\LOCAL SERVICE", "InstanceId": "{5831CCFF-76B1-4391-86BB-23AAB8F5A373}", "catname": "Task Started", "level": "Information"}
1521912609.181436	CiuCHK1jtiRf5w1PL8	10.47.22.81	60245	10.47.2.153	514	udp	LOCAL0	INFO	1 2018-03-24T09:14:00-07:00 PC-susan.jerry.land EvntSLog - - - @cee: {"source": "PC-susan.jerry.land", "msg": "Task Scheduler started \\"{5831CCFF-76B1-4391-86BB-23AAB8F5A373}\\" instance of the \\"\\\\Microsoft\\\\Windows\\\\RAC\\\\RacTask\\" task for user \\"NT AUTHORITY\\\\LOCAL SERVICE\\".", "nteventlogtype": "Microsoft-Windows-TaskScheduler/Operational", "sourceproc": "Microsoft-Windows-TaskScheduler", "id": "100", "categoryid": "100", "category": "100", "keywordid": "0x8000000000000001", "user": "NT AUTHORITY\\\\SYSTEM", "user_sid": "S-1-5-18", "TaskName": "\\\\Microsoft\\\\Windows\\\\RAC\\\\RacTask", "UserContext": "NT AUTHORITY\\\\LOCAL SERVICE", "InstanceId": "{5831CCFF-76B1-4391-86BB-23AAB8F5A373}", "catname": "Task Started", "level": "Information"}
1521912609.193578	CiuCHK1jtiRf5w1PL8	10.47.22.81	60245	10.47.2.153	514	udp	LOCAL0	INFO	1 2018-03-24T09:14:00-07:00 PC-susan.jerry.land EvntSLog - - - @cee: {"source": "PC-susan.jerry.land", "msg": "Task Scheduler launched action \\"ReliabilityAnalysisCustomHandler\\" in instance \\"{5831CCFF-76B1-4391-86BB-23AAB8F5A373}\\" of task \\"\\\\Microsoft\\\\Windows\\\\RAC\\\\RacTask\\".", "nteventlogtype": "Microsoft-Windows-TaskScheduler/Operational", "sourceproc": "Microsoft-Windows-TaskScheduler", "id": "200", "categoryid": "200", "category": "200", "keywordid": "0x8000000000000000", "user": "NT AUTHORITY\\\\SYSTEM", "user_sid": "S-1-5-18", "TaskName": "\\\\Microsoft\\\\Windows\\\\RAC\\\\RacTask", "ActionName": "ReliabilityAnalysisCustomHandler", "TaskInstanceId": "{5831CCFF-76B1-4391-86BB-23AAB8F5A373}", "catname": "Action started", "level": "Information"}
1521912609.193582	CiuCHK1jtiRf5w1PL8	10.47.22.81	60245	10.47.2.153	514	udp	LOCAL0	INFO	1 2018-03-24T09:14:00-07:00 PC-susan.jerry.land EvntSLog - - - @cee: {"source": "PC-susan.jerry.land", "msg": "Task Scheduler launched action \\"ReliabilityAnalysisCustomHandler\\" in instance \\"{5831CCFF-76B1-4391-86BB-23AAB8F5A373}\\" of task \\"\\\\Microsoft\\\\Windows\\\\RAC\\\\RacTask\\".", "nteventlogtype": "Microsoft-Windows-TaskScheduler/Operational", "sourceproc": "Microsoft-Windows-TaskScheduler", "id": "200", "categoryid": "200", "category": "200", "keywordid": "0x8000000000000000", "user": "NT AUTHORITY\\\\SYSTEM", "user_sid": "S-1-5-18", "TaskName": "\\\\Microsoft\\\\Windows\\\\RAC\\\\RacTask", "ActionName": "ReliabilityAnalysisCustomHandler", "TaskInstanceId": "{5831CCFF-76B1-4391-86BB-23AAB8F5A373}", "catname": "Action started", "level": "Information"}
1521912609.193584	CiuCHK1jtiRf5w1PL8	10.47.22.81	60245	10.47.2.153	514	udp	LOCAL0	INFO	1 2018-03-24T09:14:00-07:00 PC-susan.jerry.land EvntSLog - - - @cee: {"source": "PC-susan.jerry.land", "msg": "Task Scheduler launched action \\"ReliabilityAnalysisCustomHandler\\" in instance \\"{5831CCFF-76B1-4391-86BB-23AAB8F5A373}\\" of task \\"\\\\Microsoft\\\\Windows\\\\RAC\\\\RacTask\\".", "nteventlogtype": "Microsoft-Windows-TaskScheduler/Operational", "sourceproc": "Microsoft-Windows-TaskScheduler", "id": "200", "categoryid": "200", "category": "200", "keywordid": "0x8000000000000000", "user": "NT AUTHORITY\\\\SYSTEM", "user_sid": "S-1-5-18", "TaskName": "\\\\Microsoft\\\\Windows\\\\RAC\\\\RacTask", "ActionName": "ReliabilityAnalysisCustomHandler", "TaskInstanceId": "{5831CCFF-76B1-4391-86BB-23AAB8F5A373}", "catname": "Action started", "level": "Information"}
1521912609.193586	CiuCHK1jtiRf5w1PL8	10.47.22.81	60245	10.47.2.153	514	udp	LOCAL0	INFO	1 2018-03-24T09:14:00-07:00 PC-susan.jerry.land EvntSLog - - - @cee: {"source": "PC-susan.jerry.land", "msg": "Task Scheduler launched action \\"ReliabilityAnalysisCustomHandler\\" in instance \\"{5831CCFF-76B1-4391-86BB-23AAB8F5A373}\\" of task \\"\\\\Microsoft\\\\Windows\\\\RAC\\\\RacTask\\".", "nteventlogtype": "Microsoft-Windows-TaskScheduler/Operational", "sourceproc": "Microsoft-Windows-TaskScheduler", "id": "200", "categoryid": "200", "category": "200", "keywordid": "0x8000000000000000", "user": "NT AUTHORITY\\\\SYSTEM", "user_sid": "S-1-5-18", "TaskName": "\\\\Microsoft\\\\Windows\\\\RAC\\\\RacTask", "ActionName": "ReliabilityAnalysisCustomHandler", "TaskInstanceId": "{5831CCFF-76B1-4391-86BB-23AAB8F5A373}", "catname": "Action started", "level": "Information"}
1521912621.356210	CJpQTB1Te5NYg97261	10.47.22.80	51899	10.47.2.153	514	udp	LOCAL0	INFO	1 2018-03-24T09:14:12-07:00 PC-newman.jerry.land EvntSLog - - - Task Scheduler launched "{5841488E-6135-4800-BF27-7AE087A465AE}" instance of task "\\Microsoft\\Windows\\Customer Experience Improvement Program\\Server\\ServerCeipAssistant" due to a time trigger condition.
1521912621.356214	CJpQTB1Te5NYg97261	10.47.22.80	51899	10.47.2.153	514	udp	LOCAL0	INFO	1 2018-03-24T09:14:12-07:00 PC-newman.jerry.land EvntSLog - - - Task Scheduler launched "{5841488E-6135-4800-BF27-7AE087A465AE}" instance of task "\\Microsoft\\Windows\\Customer Experience Improvement Program\\Server\\ServerCeipAssistant" due to a time trigger condition.
1521912621.356442	CJpQTB1Te5NYg97261	10.47.22.80	51899	10.47.2.153	514	udp	LOCAL0	INFO	1 2018-03-24T09:14:12-07:00 PC-newman.jerry.land EvntSLog - - - Task Scheduler launched "{5841488E-6135-4800-BF27-7AE087A465AE}" instance of task "\\Microsoft\\Windows\\Customer Experience Improvement Program\\Server\\ServerCeipAssistant" due to a time trigger condition.
1521912621.356450	CJpQTB1Te5NYg97261	10.47.22.80	51899	10.47.2.153	514	udp	LOCAL0	INFO	1 2018-03-24T09:14:12-07:00 PC-newman.jerry.land EvntSLog - - - Task Scheduler launched "{5841488E-6135-4800-BF27-7AE087A465AE}" instance of task "\\Microsoft\\Windows\\Customer Experience Improvement Program\\Server\\ServerCeipAssistant" due to a time trigger condition.
1521912621.369522	CJpQTB1Te5NYg97261	10.47.22.80	51899	10.47.2.153	514	udp	LOCAL0	INFO	1 2018-03-24T09:14:12-07:00 PC-newman.jerry.land EvntSLog - - - Task Scheduler started "{5841488E-6135-4800-BF27-7AE087A465AE}" instance of the "\\Microsoft\\Windows\\Customer Experience Improvement Program\\Server\\ServerCeipAssistant" task for user "NT AUTHORITY\\SYSTEM".
1521912621.369525	CJpQTB1Te5NYg97261	10.47.22.80	51899	10.47.2.153	514	udp	LOCAL0	INFO	1 2018-03-24T09:14:12-07:00 PC-newman.jerry.land EvntSLog - - - Task Scheduler started "{5841488E-6135-4800-BF27-7AE087A465AE}" instance of the "\\Microsoft\\Windows\\Customer Experience Improvement Program\\Server\\ServerCeipAssistant" task for user "NT AUTHORITY\\SYSTEM".
1521912621.369530	CJpQTB1Te5NYg97261	10.47.22.80	51899	10.47.2.153	514	udp	LOCAL0	INFO	1 2018-03-24T09:14:12-07:00 PC-newman.jerry.land EvntSLog - - - Task Scheduler started "{5841488E-6135-4800-BF27-7AE087A465AE}" instance of the "\\Microsoft\\Windows\\Customer Experience Improvement Program\\Server\\ServerCeipAssistant" task for user "NT AUTHORITY\\SYSTEM".
1521912621.369531	CJpQTB1Te5NYg97261	10.47.22.80	51899	10.47.2.153	514	udp	LOCAL0	INFO	1 2018-03-24T09:14:12-07:00 PC-newman.jerry.land EvntSLog - - - Task Scheduler started "{5841488E-6135-4800-BF27-7AE087A465AE}" instance of the "\\Microsoft\\Windows\\Customer Experience Improvement Program\\Server\\ServerCeipAssistant" task for user "NT AUTHORITY\\SYSTEM".
1521912621.385089	CJpQTB1Te5NYg97261	10.47.22.80	51899	10.47.2.153	514	udp	LOCAL0	INFO	1 2018-03-24T09:14:12-07:00 PC-newman.jerry.land EvntSLog - - - Task Scheduler launched action "C:\\Windows\\system32\\ceipdata.exe" in instance "{5841488E-6135-4800-BF27-7AE087A465AE}" of task "\\Microsoft\\Windows\\Customer Experience Improvement Program\\Server\\ServerCeipAssistant".
1521912621.385095	CJpQTB1Te5NYg97261	10.47.22.80	51899	10.47.2.153	514	udp	LOCAL0	INFO	1 2018-03-24T09:14:12-07:00 PC-newman.jerry.land EvntSLog - - - Task Scheduler launched action "C:\\Windows\\system32\\ceipdata.exe" in instance "{5841488E-6135-4800-BF27-7AE087A465AE}" of task "\\Microsoft\\Windows\\Customer Experience Improvement Program\\Server\\ServerCeipAssistant".
1521912621.385099	CJpQTB1Te5NYg97261	10.47.22.80	51899	10.47.2.153	514	udp	LOCAL0	INFO	1 2018-03-24T09:14:12-07:00 PC-newman.jerry.land EvntSLog - - - Task Scheduler launched action "C:\\Windows\\system32\\ceipdata.exe" in instance "{5841488E-6135-4800-BF27-7AE087A465AE}" of task "\\Microsoft\\Windows\\Customer Experience Improvement Program\\Server\\ServerCeipAssistant".
1521912621.385101	CJpQTB1Te5NYg97261	10.47.22.80	51899	10.47.2.153	514	udp	LOCAL0	INFO	1 2018-03-24T09:14:12-07:00 PC-newman.jerry.land EvntSLog - - - Task Scheduler launched action "C:\\Windows\\system32\\ceipdata.exe" in instance "{5841488E-6135-4800-BF27-7AE087A465AE}" of task "\\Microsoft\\Windows\\Customer Experience Improvement Program\\Server\\ServerCeipAssistant".
1521912621.400535	CJpQTB1Te5NYg97261	10.47.22.80	51899	10.47.2.153	514	udp	LOCAL0	INFO	1 2018-03-24T09:14:13-07:00 PC-newman.jerry.land EvntSLog - - - User "JERRY\\PC-NEWMAN$" updated Task Scheduler task "\\Microsoft\\Windows\\Customer Experience Improvement Program\\Server\\ServerCeipAssistant"
1521912621.400538	CJpQTB1Te5NYg97261	10.47.22.80	51899	10.47.2.153	514	udp	LOCAL0	INFO	1 2018-03-24T09:14:13-07:00 PC-newman.jerry.land EvntSLog - - - User "JERRY\\PC-NEWMAN$" updated Task Scheduler task "\\Microsoft\\Windows\\Customer Experience Improvement Program\\Server\\ServerCeipAssistant"
1521912621.400540	CJpQTB1Te5NYg97261	10.47.22.80	51899	10.47.2.153	514	udp	LOCAL0	INFO	1 2018-03-24T09:14:13-07:00 PC-newman.jerry.land EvntSLog - - - User "JERRY\\PC-NEWMAN$" updated Task Scheduler task "\\Microsoft\\Windows\\Customer Experience Improvement Program\\Server\\ServerCeipAssistant"
1521912621.400542	CJpQTB1Te5NYg97261	10.47.22.80	51899	10.47.2.153	514	udp	LOCAL0	INFO	1 2018-03-24T09:14:13-07:00 PC-newman.jerry.land EvntSLog - - - User "JERRY\\PC-NEWMAN$" updated Task Scheduler task "\\Microsoft\\Windows\\Customer Experience Improvement Program\\Server\\ServerCeipAssistant"
1521912621.415859	CJpQTB1Te5NYg97261	10.47.22.80	51899	10.47.2.153	514	udp	LOCAL0	INFO	1 2018-03-24T09:14:13-07:00 PC-newman.jerry.land EvntSLog - - - Task Scheduler successfully completed task "\\Microsoft\\Windows\\Customer Experience Improvement Program\\Server\\ServerCeipAssistant" , instance "{5841488E-6135-4800-BF27-7AE087A465AE}" , action "C:\\Windows\\system32\\ceipdata.exe" with return code 0.
1521912621.415863	CJpQTB1Te5NYg97261	10.47.22.80	51899	10.47.2.153	514	udp	LOCAL0	INFO	1 2018-03-24T09:14:13-07:00 PC-newman.jerry.land EvntSLog - - - Task Scheduler successfully completed task "\\Microsoft\\Windows\\Customer Experience Improvement Program\\Server\\ServerCeipAssistant" , instance "{5841488E-6135-4800-BF27-7AE087A465AE}" , action "C:\\Windows\\system32\\ceipdata.exe" with return code 0.
1521912621.415865	CJpQTB1Te5NYg97261	10.47.22.80	51899	10.47.2.153	514	udp	LOCAL0	INFO	1 2018-03-24T09:14:13-07:00 PC-newman.jerry.land EvntSLog - - - Task Scheduler successfully completed task "\\Microsoft\\Windows\\Customer Experience Improvement Program\\Server\\ServerCeipAssistant" , instance "{5841488E-6135-4800-BF27-7AE087A465AE}" , action "C:\\Windows\\system32\\ceipdata.exe" with return code 0.
1521912621.415867	CJpQTB1Te5NYg97261	10.47.22.80	51899	10.47.2.153	514	udp	LOCAL0	INFO	1 2018-03-24T09:14:13-07:00 PC-newman.jerry.land EvntSLog - - - Task Scheduler successfully completed task "\\Microsoft\\Windows\\Customer Experience Improvement Program\\Server\\ServerCeipAssistant" , instance "{5841488E-6135-4800-BF27-7AE087A465AE}" , action "C:\\Windows\\system32\\ceipdata.exe" with return code 0.
1521912621.432290	CJpQTB1Te5NYg97261	10.47.22.80	51899	10.47.2.153	514	udp	LOCAL0	INFO	1 2018-03-24T09:14:13-07:00 PC-newman.jerry.land EvntSLog - - - Task Scheduler successfully finished "{5841488E-6135-4800-BF27-7AE087A465AE}" instance of the "\\Microsoft\\Windows\\Customer Experience Improvement Program\\Server\\ServerCeipAssistant" task for user "NT AUTHORITY\\SYSTEM".
1521912621.432292	CJpQTB1Te5NYg97261	10.47.22.80	51899	10.47.2.153	514	udp	LOCAL0	INFO	1 2018-03-24T09:14:13-07:00 PC-newman.jerry.land EvntSLog - - - Task Scheduler successfully finished "{5841488E-6135-4800-BF27-7AE087A465AE}" instance of the "\\Microsoft\\Windows\\Customer Experience Improvement Program\\Server\\ServerCeipAssistant" task for user "NT AUTHORITY\\SYSTEM".
1521912621.432293	CJpQTB1Te5NYg97261	10.47.22.80	51899	10.47.2.153	514	udp	LOCAL0	INFO	1 2018-03-24T09:14:13-07:00 PC-newman.jerry.land EvntSLog - - - Task Scheduler successfully finished "{5841488E-6135-4800-BF27-7AE087A465AE}" instance of the "\\Microsoft\\Windows\\Customer Experience Improvement Program\\Server\\ServerCeipAssistant" task for user "NT AUTHORITY\\SYSTEM".
1521912621.432295	CJpQTB1Te5NYg97261	10.47.22.80	51899	10.47.2.153	514	udp	LOCAL0	INFO	1 2018-03-24T09:14:13-07:00 PC-newman.jerry.land EvntSLog - - - Task Scheduler successfully finished "{5841488E-6135-4800-BF27-7AE087A465AE}" instance of the "\\Microsoft\\Windows\\Customer Experience Improvement Program\\Server\\ServerCeipAssistant" task for user "NT AUTHORITY\\SYSTEM".
1521912627.775370	CbxM9c3wSRZkJJJIE5	10.47.22.82	62695	10.47.2.153	514	udp	LOCAL0	INFO	1 2018-03-24T09:14:19-07:00 PC-helen.jerry.land EvntSLog - - - @cee: {"source": "PC-helen.jerry.land", "msg": "The WinHTTP Web Proxy Auto-Discovery Service service entered the stopped state.", "nteventlogtype": "System", "sourceproc": "Service Control Manager", "id": "7036", "categoryid": "0", "category": "0", "keywordid": "0x8080000000000000", "user": "N\\\\A", "param1": "WinHTTP Web Proxy Auto-Discovery Service", "param2": "stopped", "catname": "", "keyword": "Classic", "level": "Information"}
1521912627.775373	CbxM9c3wSRZkJJJIE5	10.47.22.82	62695	10.47.2.153	514	udp	LOCAL0	INFO	1 2018-03-24T09:14:19-07:00 PC-helen.jerry.land EvntSLog - - - @cee: {"source": "PC-helen.jerry.land", "msg": "The WinHTTP Web Proxy Auto-Discovery Service service entered the stopped state.", "nteventlogtype": "System", "sourceproc": "Service Control Manager", "id": "7036", "categoryid": "0", "category": "0", "keywordid": "0x8080000000000000", "user": "N\\\\A", "param1": "WinHTTP Web Proxy Auto-Discovery Service", "param2": "stopped", "catname": "", "keyword": "Classic", "level": "Information"}
1521912627.775582	CbxM9c3wSRZkJJJIE5	10.47.22.82	62695	10.47.2.153	514	udp	LOCAL0	INFO	1 2018-03-24T09:14:19-07:00 PC-helen.jerry.land EvntSLog - - - @cee: {"source": "PC-helen.jerry.land", "msg": "The WinHTTP Web Proxy Auto-Discovery Service service entered the stopped state.", "nteventlogtype": "System", "sourceproc": "Service Control Manager", "id": "7036", "categoryid": "0", "category": "0", "keywordid": "0x8080000000000000", "user": "N\\\\A", "param1": "WinHTTP Web Proxy Auto-Discovery Service", "param2": "stopped", "catname": "", "keyword": "Classic", "level": "Information"}
1521912627.775585	CbxM9c3wSRZkJJJIE5	10.47.22.82	62695	10.47.2.153	514	udp	LOCAL0	INFO	1 2018-03-24T09:14:19-07:00 PC-helen.jerry.land EvntSLog - - - @cee: {"source": "PC-helen.jerry.land", "msg": "The WinHTTP Web Proxy Auto-Discovery Service service entered the stopped state.", "nteventlogtype": "System", "sourceproc": "Service Control Manager", "id": "7036", "categoryid": "0", "category": "0", "keywordid": "0x8080000000000000", "user": "N\\\\A", "param1": "WinHTTP Web Proxy Auto-Discovery Service", "param2": "stopped", "catname": "", "keyword": "Classic", "level": "Information"}
1521912656.219730	CG9T461KV0VLPWsrch	10.47.22.25	58947	10.47.2.153	514	udp	LOCAL0	NOTICE	1 2018-03-24T09:14:46-07:00 Kramer.jerry.land EvntSLog - - - An account failed to log on. Subject: Security ID: S-1-0-0 Account Name: - Account Domain: - Logon ID: 0x0 Logon Type: 3 Account For Which Logon Failed: Security ID: S-1-0-0 Account Name: Administrator Account Domain: WORKSTATION Failure Information: Failure Reason: Unknown user name or bad password. Status: 0xc000006d Sub Status: 0xc000006a Process Information: Caller Process ID: 0x0 Caller Process Name: - Network Information: Workstation Name: WORKSTATION Source Network Address: 10.150.0.20 Source Port: 33390 Detailed Authentication Information: Logon Process: NtLmSsp Authentication Package: NTLM Transited Services: - Package Name (NTLM only): - Key Length: 0 This event is generated when a logon request fails. It is generated on the computer where access was attempted. The Subject fields indicate the account on the local system which requested the logon. This is most commonly a service such as the Server service, or a local process such as Winlogon.exe or Services.exe. The Logon Type field indicates the kind of logon that was requested. The most common types are 2 (interactive) and 3 (network). The Process Information fields indicate which account and process on the system requested the logon. The Network Information fields indicate where a remote logon request originated. Workstation name is not always available and may be left blank in some cases. The authentication information fields provide detailed information about this specific logon request. - Transited services indicate which intermediate services have participated in this logon request. - Package name indicates which sub-protocol was used among the NTLM protocols. - Key length indicates the length of the generated session key. This will be 0 if no session key was requested.
1521912656.219734	CG9T461KV0VLPWsrch	10.47.22.25	58947	10.47.2.153	514	udp	LOCAL0	NOTICE	1 2018-03-24T09:14:46-07:00 Kramer.jerry.land EvntSLog - - - An account failed to log on. Subject: Security ID: S-1-0-0 Account Name: - Account Domain: - Logon ID: 0x0 Logon Type: 3 Account For Which Logon Failed: Security ID: S-1-0-0 Account Name: Administrator Account Domain: WORKSTATION Failure Information: Failure Reason: Unknown user name or bad password. Status: 0xc000006d Sub Status: 0xc000006a Process Information: Caller Process ID: 0x0 Caller Process Name: - Network Information: Workstation Name: WORKSTATION Source Network Address: 10.150.0.20 Source Port: 33390 Detailed Authentication Information: Logon Process: NtLmSsp Authentication Package: NTLM Transited Services: - Package Name (NTLM only): - Key Length: 0 This event is generated when a logon request fails. It is generated on the computer where access was attempted. The Subject fields indicate the account on the local system which requested the logon. This is most commonly a service such as the Server service, or a local process such as Winlogon.exe or Services.exe. The Logon Type field indicates the kind of logon that was requested. The most common types are 2 (interactive) and 3 (network). The Process Information fields indicate which account and process on the system requested the logon. The Network Information fields indicate where a remote logon request originated. Workstation name is not always available and may be left blank in some cases. The authentication information fields provide detailed information about this specific logon request. - Transited services indicate which intermediate services have participated in this logon request. - Package name indicates which sub-protocol was used among the NTLM protocols. - Key length indicates the length of the generated session key. This will be 0 if no session key was requested.
1521912656.220045	CG9T461KV0VLPWsrch	10.47.22.25	58947	10.47.2.153	514	udp	LOCAL0	NOTICE	1 2018-03-24T09:14:46-07:00 Kramer.jerry.land EvntSLog - - - An account failed to log on. Subject: Security ID: S-1-0-0 Account Name: - Account Domain: - Logon ID: 0x0 Logon Type: 3 Account For Which Logon Failed: Security ID: S-1-0-0 Account Name: Administrator Account Domain: WORKSTATION Failure Information: Failure Reason: Unknown user name or bad password. Status: 0xc000006d Sub Status: 0xc000006a Process Information: Caller Process ID: 0x0 Caller Process Name: - Network Information: Workstation Name: WORKSTATION Source Network Address: 10.150.0.20 Source Port: 33390 Detailed Authentication Information: Logon Process: NtLmSsp Authentication Package: NTLM Transited Services: - Package Name (NTLM only): - Key Length: 0 This event is generated when a logon request fails. It is generated on the computer where access was attempted. The Subject fields indicate the account on the local system which requested the logon. This is most commonly a service such as the Server service, or a local process such as Winlogon.exe or Services.exe. The Logon Type field indicates the kind of logon that was requested. The most common types are 2 (interactive) and 3 (network). The Process Information fields indicate which account and process on the system requested the logon. The Network Information fields indicate where a remote logon request originated. Workstation name is not always available and may be left blank in some cases. The authentication information fields provide detailed information about this specific logon request. - Transited services indicate which intermediate services have participated in this logon request. - Package name indicates which sub-protocol was used among the NTLM protocols. - Key length indicates the length of the generated session key. This will be 0 if no session key was requested.
1521912656.220050	CG9T461KV0VLPWsrch	10.47.22.25	58947	10.47.2.153	514	udp	LOCAL0	NOTICE	1 2018-03-24T09:14:46-07:00 Kramer.jerry.land EvntSLog - - - An account failed to log on. Subject: Security ID: S-1-0-0 Account Name: - Account Domain: - Logon ID: 0x0 Logon Type: 3 Account For Which Logon Failed: Security ID: S-1-0-0 Account Name: Administrator Account Domain: WORKSTATION Failure Information: Failure Reason: Unknown user name or bad password. Status: 0xc000006d Sub Status: 0xc000006a Process Information: Caller Process ID: 0x0 Caller Process Name: - Network Information: Workstation Name: WORKSTATION Source Network Address: 10.150.0.20 Source Port: 33390 Detailed Authentication Information: Logon Process: NtLmSsp Authentication Package: NTLM Transited Services: - Package Name (NTLM only): - Key Length: 0 This event is generated when a logon request fails. It is generated on the computer where access was attempted. The Subject fields indicate the account on the local system which requested the logon. This is most commonly a service such as the Server service, or a local process such as Winlogon.exe or Services.exe. The Logon Type field indicates the kind of logon that was requested. The most common types are 2 (interactive) and 3 (network). The Process Information fields indicate which account and process on the system requested the logon. The Network Information fields indicate where a remote logon request originated. Workstation name is not always available and may be left blank in some cases. The authentication information fields provide detailed information about this specific logon request. - Transited services indicate which intermediate services have participated in this logon request. - Package name indicates which sub-protocol was used among the NTLM protocols. - Key length indicates the length of the generated session key. This will be 0 if no session key was requested.
1521912656.233617	CG9T461KV0VLPWsrch	10.47.22.25	58947	10.47.2.153	514	udp	LOCAL0	NOTICE	1 2018-03-24T09:14:46-07:00 Kramer.jerry.land EvntSLog - - - The domain controller attempted to validate the credentials for an account. Authentication Package: MICROSOFT_AUTHENTICATION_PACKAGE_V1_0 Logon Account: Guest Source Workstation: WORKSTATION Error Code: 0x0
1521912656.233620	CG9T461KV0VLPWsrch	10.47.22.25	58947	10.47.2.153	514	udp	LOCAL0	NOTICE	1 2018-03-24T09:14:46-07:00 Kramer.jerry.land EvntSLog - - - The domain controller attempted to validate the credentials for an account. Authentication Package: MICROSOFT_AUTHENTICATION_PACKAGE_V1_0 Logon Account: Guest Source Workstation: WORKSTATION Error Code: 0x0
1521912656.233622	CG9T461KV0VLPWsrch	10.47.22.25	58947	10.47.2.153	514	udp	LOCAL0	NOTICE	1 2018-03-24T09:14:46-07:00 Kramer.jerry.land EvntSLog - - - The domain controller attempted to validate the credentials for an account. Authentication Package: MICROSOFT_AUTHENTICATION_PACKAGE_V1_0 Logon Account: Guest Source Workstation: WORKSTATION Error Code: 0x0
1521912656.233624	CG9T461KV0VLPWsrch	10.47.22.25	58947	10.47.2.153	514	udp	LOCAL0	NOTICE	1 2018-03-24T09:14:46-07:00 Kramer.jerry.land EvntSLog - - - The domain controller attempted to validate the credentials for an account. Authentication Package: MICROSOFT_AUTHENTICATION_PACKAGE_V1_0 Logon Account: Guest Source Workstation: WORKSTATION Error Code: 0x0
1521912656.250908	CG9T461KV0VLPWsrch	10.47.22.25	58947	10.47.2.153	514	udp	LOCAL0	NOTICE	1 2018-03-24T09:14:46-07:00 Kramer.jerry.land EvntSLog - - - Special privileges assigned to new logon. Subject: Security ID: S-1-5-21-1311969832-1707640848-2310541705-501 Account Name: Guest Account Domain: JERRY Logon ID: 0x3c9803a Privileges: SeSecurityPrivilege SeBackupPrivilege SeRestorePrivilege SeTakeOwnershipPrivilege SeDebugPrivilege SeSystemEnvironmentPrivilege SeLoadDriverPrivilege SeImpersonatePrivilege SeEnableDelegationPrivilege
1521912656.250912	CG9T461KV0VLPWsrch	10.47.22.25	58947	10.47.2.153	514	udp	LOCAL0	NOTICE	1 2018-03-24T09:14:46-07:00 Kramer.jerry.land EvntSLog - - - Special privileges assigned to new logon. Subject: Security ID: S-1-5-21-1311969832-1707640848-2310541705-501 Account Name: Guest Account Domain: JERRY Logon ID: 0x3c9803a Privileges: SeSecurityPrivilege SeBackupPrivilege SeRestorePrivilege SeTakeOwnershipPrivilege SeDebugPrivilege SeSystemEnvironmentPrivilege SeLoadDriverPrivilege SeImpersonatePrivilege SeEnableDelegationPrivilege
1521912656.251030	CG9T461KV0VLPWsrch	10.47.22.25	58947	10.47.2.153	514	udp	LOCAL0	NOTICE	1 2018-03-24T09:14:46-07:00 Kramer.jerry.land EvntSLog - - - Special privileges assigned to new logon. Subject: Security ID: S-1-5-21-1311969832-1707640848-2310541705-501 Account Name: Guest Account Domain: JERRY Logon ID: 0x3c9803a Privileges: SeSecurityPrivilege SeBackupPrivilege SeRestorePrivilege SeTakeOwnershipPrivilege SeDebugPrivilege SeSystemEnvironmentPrivilege SeLoadDriverPrivilege SeImpersonatePrivilege SeEnableDelegationPrivilege
1521912656.251033	CG9T461KV0VLPWsrch	10.47.22.25	58947	10.47.2.153	514	udp	LOCAL0	NOTICE	1 2018-03-24T09:14:46-07:00 Kramer.jerry.land EvntSLog - - - Special privileges assigned to new logon. Subject: Security ID: S-1-5-21-1311969832-1707640848-2310541705-501 Account Name: Guest Account Domain: JERRY Logon ID: 0x3c9803a Privileges: SeSecurityPrivilege SeBackupPrivilege SeRestorePrivilege SeTakeOwnershipPrivilege SeDebugPrivilege SeSystemEnvironmentPrivilege SeLoadDriverPrivilege SeImpersonatePrivilege SeEnableDelegationPrivilege
1521912656.265038	CG9T461KV0VLPWsrch	10.47.22.25	58947	10.47.2.153	514	udp	LOCAL0	NOTICE	1 2018-03-24T09:14:46-07:00 Kramer.jerry.land EvntSLog - - - An account was logged off. Subject: Security ID: S-1-5-21-1311969832-1707640848-2310541705-501 Account Name: Guest Account Domain: JERRY Logon ID: 0x3c9803a Logon Type: 3 This event is generated when a logon session is destroyed. It may be positively correlated with a logon event using the Logon ID value. Logon IDs are only unique between reboots on the same computer.
1521912656.265041	CG9T461KV0VLPWsrch	10.47.22.25	58947	10.47.2.153	514	udp	LOCAL0	NOTICE	1 2018-03-24T09:14:46-07:00 Kramer.jerry.land EvntSLog - - - An account was logged off. Subject: Security ID: S-1-5-21-1311969832-1707640848-2310541705-501 Account Name: Guest Account Domain: JERRY Logon ID: 0x3c9803a Logon Type: 3 This event is generated when a logon session is destroyed. It may be positively correlated with a logon event using the Logon ID value. Logon IDs are only unique between reboots on the same computer.
1521912656.265043	CG9T461KV0VLPWsrch	10.47.22.25	58947	10.47.2.153	514	udp	LOCAL0	NOTICE	1 2018-03-24T09:14:46-07:00 Kramer.jerry.land EvntSLog - - - An account was logged off. Subject: Security ID: S-1-5-21-1311969832-1707640848-2310541705-501 Account Name: Guest Account Domain: JERRY Logon ID: 0x3c9803a Logon Type: 3 This event is generated when a logon session is destroyed. It may be positively correlated with a logon event using the Logon ID value. Logon IDs are only unique between reboots on the same computer.
1521912656.265045	CG9T461KV0VLPWsrch	10.47.22.25	58947	10.47.2.153	514	udp	LOCAL0	NOTICE	1 2018-03-24T09:14:46-07:00 Kramer.jerry.land EvntSLog - - - An account was logged off. Subject: Security ID: S-1-5-21-1311969832-1707640848-2310541705-501 Account Name: Guest Account Domain: JERRY Logon ID: 0x3c9803a Logon Type: 3 This event is generated when a logon session is destroyed. It may be positively correlated with a logon event using the Logon ID value. Logon IDs are only unique between reboots on the same computer.
1521912656.297646	CG9T461KV0VLPWsrch	10.47.22.25	58947	10.47.2.153	514	udp	LOCAL0	NOTICE	1 2018-03-24T09:14:46-07:00 Kramer.jerry.land EvntSLog - - - The domain controller attempted to validate the credentials for an account. Authentication Package: MICROSOFT_AUTHENTICATION_PACKAGE_V1_0 Logon Account: Guest Source Workstation: WORKSTATION Error Code: 0x0
1521912656.297650	CG9T461KV0VLPWsrch	10.47.22.25	58947	10.47.2.153	514	udp	LOCAL0	NOTICE	1 2018-03-24T09:14:46-07:00 Kramer.jerry.land EvntSLog - - - The domain controller attempted to validate the credentials for an account. Authentication Package: MICROSOFT_AUTHENTICATION_PACKAGE_V1_0 Logon Account: Guest Source Workstation: WORKSTATION Error Code: 0x0
1521912656.297652	CG9T461KV0VLPWsrch	10.47.22.25	58947	10.47.2.153	514	udp	LOCAL0	NOTICE	1 2018-03-24T09:14:46-07:00 Kramer.jerry.land EvntSLog - - - The domain controller attempted to validate the credentials for an account. Authentication Package: MICROSOFT_AUTHENTICATION_PACKAGE_V1_0 Logon Account: Guest Source Workstation: WORKSTATION Error Code: 0x0
1521912656.297653	CG9T461KV0VLPWsrch	10.47.22.25	58947	10.47.2.153	514	udp	LOCAL0	NOTICE	1 2018-03-24T09:14:46-07:00 Kramer.jerry.land EvntSLog - - - The domain controller attempted to validate the credentials for an account. Authentication Package: MICROSOFT_AUTHENTICATION_PACKAGE_V1_0 Logon Account: Guest Source Workstation: WORKSTATION Error Code: 0x0
1521912656.314895	CG9T461KV0VLPWsrch	10.47.22.25	58947	10.47.2.153	514	udp	LOCAL0	NOTICE	1 2018-03-24T09:14:46-07:00 Kramer.jerry.land EvntSLog - - - Special privileges assigned to new logon. Subject: Security ID: S-1-5-21-1311969832-1707640848-2310541705-501 Account Name: Guest Account Domain: JERRY Logon ID: 0x3c98095 Privileges: SeSecurityPrivilege SeBackupPrivilege SeRestorePrivilege SeTakeOwnershipPrivilege SeDebugPrivilege SeSystemEnvironmentPrivilege SeLoadDriverPrivilege SeImpersonatePrivilege SeEnableDelegationPrivilege
1521912656.314896	CG9T461KV0VLPWsrch	10.47.22.25	58947	10.47.2.153	514	udp	LOCAL0	NOTICE	1 2018-03-24T09:14:46-07:00 Kramer.jerry.land EvntSLog - - - Special privileges assigned to new logon. Subject: Security ID: S-1-5-21-1311969832-1707640848-2310541705-501 Account Name: Guest Account Domain: JERRY Logon ID: 0x3c98095 Privileges: SeSecurityPrivilege SeBackupPrivilege SeRestorePrivilege SeTakeOwnershipPrivilege SeDebugPrivilege SeSystemEnvironmentPrivilege SeLoadDriverPrivilege SeImpersonatePrivilege SeEnableDelegationPrivilege
1521912656.314901	CG9T461KV0VLPWsrch	10.47.22.25	58947	10.47.2.153	514	udp	LOCAL0	NOTICE	1 2018-03-24T09:14:46-07:00 Kramer.jerry.land EvntSLog - - - Special privileges assigned to new logon. Subject: Security ID: S-1-5-21-1311969832-1707640848-2310541705-501 Account Name: Guest Account Domain: JERRY Logon ID: 0x3c98095 Privileges: SeSecurityPrivilege SeBackupPrivilege SeRestorePrivilege SeTakeOwnershipPrivilege SeDebugPrivilege SeSystemEnvironmentPrivilege SeLoadDriverPrivilege SeImpersonatePrivilege SeEnableDelegationPrivilege
1521912656.314903	CG9T461KV0VLPWsrch	10.47.22.25	58947	10.47.2.153	514	udp	LOCAL0	NOTICE	1 2018-03-24T09:14:46-07:00 Kramer.jerry.land EvntSLog - - - Special privileges assigned to new logon. Subject: Security ID: S-1-5-21-1311969832-1707640848-2310541705-501 Account Name: Guest Account Domain: JERRY Logon ID: 0x3c98095 Privileges: SeSecurityPrivilege SeBackupPrivilege SeRestorePrivilege SeTakeOwnershipPrivilege SeDebugPrivilege SeSystemEnvironmentPrivilege SeLoadDriverPrivilege SeImpersonatePrivilege SeEnableDelegationPrivilege
1521912656.329502	CG9T461KV0VLPWsrch	10.47.22.25	58947	10.47.2.153	514	udp	LOCAL0	NOTICE	1 2018-03-24T09:14:46-07:00 Kramer.jerry.land EvntSLog - - - An account was logged off. Subject: Security ID: S-1-5-21-1311969832-1707640848-2310541705-501 Account Name: Guest Account Domain: JERRY Logon ID: 0x3c98095 Logon Type: 3 This event is generated when a logon session is destroyed. It may be positively correlated with a logon event using the Logon ID value. Logon IDs are only unique between reboots on the same computer.
1521912656.329508	CG9T461KV0VLPWsrch	10.47.22.25	58947	10.47.2.153	514	udp	LOCAL0	NOTICE	1 2018-03-24T09:14:46-07:00 Kramer.jerry.land EvntSLog - - - An account was logged off. Subject: Security ID: S-1-5-21-1311969832-1707640848-2310541705-501 Account Name: Guest Account Domain: JERRY Logon ID: 0x3c98095 Logon Type: 3 This event is generated when a logon session is destroyed. It may be positively correlated with a logon event using the Logon ID value. Logon IDs are only unique between reboots on the same computer.
