1521911775.341089	CTDoHcxsI20hhvY75	10.47.22.80	51899	10.47.2.153	514	udp	LOCAL0	NOTICE	1 2018-03-24T09:00:06-07:00 PC-newman.jerry.land EvntSLog - - - An account was successfully logged on. Subject: Security ID: S-1-0-0 Account Name: - Account Domain: - Logon ID: 0x0 Logon Type: 3 New Logon: Security ID: S-1-5-18 Account Name: PC-NEWMAN$ Account Domain: JERRY Logon ID: 0x2710d5c Logon GUID: {B055E8F6-458E-966A-B0A7-8F1A85205F8C} Process Information: Process ID: 0x0 Process Name: - Network Information: Workstation Name: Source Network Address: ::1 Source Port: 0 Detailed Authentication Information: Logon Process: Kerberos Authentication Package: Kerberos Transited Services: - Package Name (NTLM only): - Key Length: 0 This event is generated when a logon session is created. It is generated on the computer that was accessed. The subject fields indicate the account on the local system which requested the logon. This is most commonly a service such as the Server service, or a local process such as Winlogon.exe or Services.exe. The logon type field indicates the kind of logon that occurred. The most common types are 2 (interactive) and 3 (network). The New Logon fields indicate the account for whom the new logon was created, i.e. the account that was logged on. The network fields indicate where a remote logon request originated. Workstation name is not always available and may be left blank in some cases. The authentication information fields provide detailed information about this specific logon request. - Logon GUID is a unique identifier that can be used to correlate this event with a KDC event. - Transited services indicate which intermediate services have participated in this logon request. - Package name indicates which sub-protocol was used among the NTLM protocols. - Key length indicates the length of the generated session key. This will be 0 if no session key was requested.
1521911775.341094	CTDoHcxsI20hhvY75	10.47.22.80	51899	10.47.2.153	514	udp	LOCAL0	NOTICE	1 2018-03-24T09:00:06-07:00 PC-newman.jerry.land EvntSLog - - - An account was successfully logged on. Subject: Security ID: S-1-0-0 Account Name: - Account Domain: - Logon ID: 0x0 Logon Type: 3 New Logon: Security ID: S-1-5-18 Account Name: PC-NEWMAN$ Account Domain: JERRY Logon ID: 0x2710d5c Logon GUID: {B055E8F6-458E-966A-B0A7-8F1A85205F8C} Process Information: Process ID: 0x0 Process Name: - Network Information: Workstation Name: Source Network Address: ::1 Source Port: 0 Detailed Authentication Information: Logon Process: Kerberos Authentication Package: Kerberos Transited Services: - Package Name (NTLM only): - Key Length: 0 This event is generated when a logon session is created. It is generated on the computer that was accessed. The subject fields indicate the account on the local system which requested the logon. This is most commonly a service such as the Server service, or a local process such as Winlogon.exe or Services.exe. The logon type field indicates the kind of logon that occurred. The most common types are 2 (interactive) and 3 (network). The New Logon fields indicate the account for whom the new logon was created, i.e. the account that was logged on. The network fields indicate where a remote logon request originated. Workstation name is not always available and may be left blank in some cases. The authentication information fields provide detailed information about this specific logon request. - Logon GUID is a unique identifier that can be used to correlate this event with a KDC event. - Transited services indicate which intermediate services have participated in this logon request. - Package name indicates which sub-protocol was used among the NTLM protocols. - Key length indicates the length of the generated session key. This will be 0 if no session key was requested.
1521911775.347422	CTDoHcxsI20hhvY75	10.47.22.80	51899	10.47.2.153	514	udp	LOCAL0	INFO	1 2018-03-24T09:00:06-07:00 PC-newman.jerry.land EvntSLog - - - Domain Controller details: Domain Controller Name : \\\\Kramer.jerry.land Domain Controller IP Address : \\\\172.20.0.25
1521911775.347426	CTDoHcxsI20hhvY75	10.47.22.80	51899	10.47.2.153	514	udp	LOCAL0	INFO	1 2018-03-24T09:00:06-07:00 PC-newman.jerry.land EvntSLog - - - Domain Controller details: Domain Controller Name : \\\\Kramer.jerry.land Domain Controller IP Address : \\\\172.20.0.25
1521911775.347427	CTDoHcxsI20hhvY75	10.47.22.80	51899	10.47.2.153	514	udp	LOCAL0	INFO	1 2018-03-24T09:00:06-07:00 PC-newman.jerry.land EvntSLog - - - Domain Controller details: Domain Controller Name : \\\\Kramer.jerry.land Domain Controller IP Address : \\\\172.20.0.25
1521911775.347429	CTDoHcxsI20hhvY75	10.47.22.80	51899	10.47.2.153	514	udp	LOCAL0	INFO	1 2018-03-24T09:00:06-07:00 PC-newman.jerry.land EvntSLog - - - Domain Controller details: Domain Controller Name : \\\\Kramer.jerry.land Domain Controller IP Address : \\\\172.20.0.25
1521911775.347674	CTDoHcxsI20hhvY75	10.47.22.80	51899	10.47.2.153	514	udp	LOCAL0	NOTICE	1 2018-03-24T09:00:06-07:00 PC-newman.jerry.land EvntSLog - - - An account was logged off. Subject: Security ID: S-1-5-18 Account Name: PC-NEWMAN$ Account Domain: JERRY Logon ID: 0x2710d5c Logon Type: 3 This event is generated when a logon session is destroyed. It may be positively correlated with a logon event using the Logon ID value. Logon IDs are only unique between reboots on the same computer.
1521911775.347677	CTDoHcxsI20hhvY75	10.47.22.80	51899	10.47.2.153	514	udp	LOCAL0	NOTICE	1 2018-03-24T09:00:06-07:00 PC-newman.jerry.land EvntSLog - - - An account was logged off. Subject: Security ID: S-1-5-18 Account Name: PC-NEWMAN$ Account Domain: JERRY Logon ID: 0x2710d5c Logon Type: 3 This event is generated when a logon session is destroyed. It may be positively correlated with a logon event using the Logon ID value. Logon IDs are only unique between reboots on the same computer.
1521911775.347679	CTDoHcxsI20hhvY75	10.47.22.80	51899	10.47.2.153	514	udp	LOCAL0	NOTICE	1 2018-03-24T09:00:06-07:00 PC-newman.jerry.land EvntSLog - - - An account was logged off. Subject: Security ID: S-1-5-18 Account Name: PC-NEWMAN$ Account Domain: JERRY Logon ID: 0x2710d5c Logon Type: 3 This event is generated when a logon session is destroyed. It may be positively correlated with a logon event using the Logon ID value. Logon IDs are only unique between reboots on the same computer.
1521911775.347681	CTDoHcxsI20hhvY75	10.47.22.80	51899	10.47.2.153	514	udp	LOCAL0	NOTICE	1 2018-03-24T09:00:06-07:00 PC-newman.jerry.land EvntSLog - - - An account was logged off. Subject: Security ID: S-1-5-18 Account Name: PC-NEWMAN$ Account Domain: JERRY Logon ID: 0x2710d5c Logon Type: 3 This event is generated when a logon session is destroyed. It may be positively correlated with a logon event using the Logon ID value. Logon IDs are only unique between reboots on the same computer.
1521911775.362565	CTDoHcxsI20hhvY75	10.47.22.80	51899	10.47.2.153	514	udp	LOCAL0	INFO	1 2018-03-24T09:00:06-07:00 PC-newman.jerry.land EvntSLog - - - Group Policy successfully discovered the Domain Controller in 1654 milliseconds.
1521911775.362568	CTDoHcxsI20hhvY75	10.47.22.80	51899	10.47.2.153	514	udp	LOCAL0	INFO	1 2018-03-24T09:00:06-07:00 PC-newman.jerry.land EvntSLog - - - Group Policy successfully discovered the Domain Controller in 1654 milliseconds.
1521911775.362570	CTDoHcxsI20hhvY75	10.47.22.80	51899	10.47.2.153	514	udp	LOCAL0	INFO	1 2018-03-24T09:00:06-07:00 PC-newman.jerry.land EvntSLog - - - Group Policy successfully discovered the Domain Controller in 1654 milliseconds.
1521911775.362572	CTDoHcxsI20hhvY75	10.47.22.80	51899	10.47.2.153	514	udp	LOCAL0	INFO	1 2018-03-24T09:00:06-07:00 PC-newman.jerry.land EvntSLog - - - Group Policy successfully discovered the Domain Controller in 1654 milliseconds.
1521911775.377996	CTDoHcxsI20hhvY75	10.47.22.80	51899	10.47.2.153	514	udp	LOCAL0	INFO	1 2018-03-24T09:00:06-07:00 PC-newman.jerry.land EvntSLog - - - Computer details: Computer role : 2 Network name : 
1521911775.378000	CTDoHcxsI20hhvY75	10.47.22.80	51899	10.47.2.153	514	udp	LOCAL0	INFO	1 2018-03-24T09:00:06-07:00 PC-newman.jerry.land EvntSLog - - - Computer details: Computer role : 2 Network name : 
1521911775.378002	CTDoHcxsI20hhvY75	10.47.22.80	51899	10.47.2.153	514	udp	LOCAL0	INFO	1 2018-03-24T09:00:06-07:00 PC-newman.jerry.land EvntSLog - - - Computer details: Computer role : 2 Network name : 
1521911775.378003	CTDoHcxsI20hhvY75	10.47.22.80	51899	10.47.2.153	514	udp	LOCAL0	INFO	1 2018-03-24T09:00:06-07:00 PC-newman.jerry.land EvntSLog - - - Computer details: Computer role : 2 Network name : 
1521911775.394023	CTDoHcxsI20hhvY75	10.47.22.80	51899	10.47.2.153	514	udp	LOCAL0	INFO	1 2018-03-24T09:00:06-07:00 PC-newman.jerry.land EvntSLog - - - Account details: Account Name : CN=PC-NEWMAN,CN=Computers,DC=jerry,DC=land Account Domain Name : jerry.land DC Name : \\\\Kramer.jerry.land DC Domain Name : jerry.land
1521911775.394025	CTDoHcxsI20hhvY75	10.47.22.80	51899	10.47.2.153	514	udp	LOCAL0	INFO	1 2018-03-24T09:00:06-07:00 PC-newman.jerry.land EvntSLog - - - Account details: Account Name : CN=PC-NEWMAN,CN=Computers,DC=jerry,DC=land Account Domain Name : jerry.land DC Name : \\\\Kramer.jerry.land DC Domain Name : jerry.land
1521911775.394053	CTDoHcxsI20hhvY75	10.47.22.80	51899	10.47.2.153	514	udp	LOCAL0	INFO	1 2018-03-24T09:00:06-07:00 PC-newman.jerry.land EvntSLog - - - Account details: Account Name : CN=PC-NEWMAN,CN=Computers,DC=jerry,DC=land Account Domain Name : jerry.land DC Name : \\\\Kramer.jerry.land DC Domain Name : jerry.land
1521911775.394056	CTDoHcxsI20hhvY75	10.47.22.80	51899	10.47.2.153	514	udp	LOCAL0	INFO	1 2018-03-24T09:00:06-07:00 PC-newman.jerry.land EvntSLog - - - Account details: Account Name : CN=PC-NEWMAN,CN=Computers,DC=jerry,DC=land Account Domain Name : jerry.land DC Name : \\\\Kramer.jerry.land DC Domain Name : jerry.land
1521911775.409710	CTDoHcxsI20hhvY75	10.47.22.80	51899	10.47.2.153	514	udp	LOCAL0	INFO	1 2018-03-24T09:00:06-07:00 PC-newman.jerry.land EvntSLog - - - The loopback policy processing mode is "No loopback mode".
1521911775.409714	CTDoHcxsI20hhvY75	10.47.22.80	51899	10.47.2.153	514	udp	LOCAL0	INFO	1 2018-03-24T09:00:06-07:00 PC-newman.jerry.land EvntSLog - - - The loopback policy processing mode is "No loopback mode".
1521911775.409715	CTDoHcxsI20hhvY75	10.47.22.80	51899	10.47.2.153	514	udp	LOCAL0	INFO	1 2018-03-24T09:00:06-07:00 PC-newman.jerry.land EvntSLog - - - The loopback policy processing mode is "No loopback mode".
1521911775.409717	CTDoHcxsI20hhvY75	10.47.22.80	51899	10.47.2.153	514	udp	LOCAL0	INFO	1 2018-03-24T09:00:06-07:00 PC-newman.jerry.land EvntSLog - - - The loopback policy processing mode is "No loopback mode".
1521911775.427463	CTDoHcxsI20hhvY75	10.47.22.80	51899	10.47.2.153	514	udp	LOCAL0	INFO	1 2018-03-24T09:00:06-07:00 PC-newman.jerry.land EvntSLog - - - Making system calls to access specified file. \\\\jerry.land\\sysvol\\jerry.land\\Policies\\{31B2F340-016D-11D2-945F-00C04FB984F9}\\gpt.ini
1521911775.427467	CTDoHcxsI20hhvY75	10.47.22.80	51899	10.47.2.153	514	udp	LOCAL0	INFO	1 2018-03-24T09:00:06-07:00 PC-newman.jerry.land EvntSLog - - - Making system calls to access specified file. \\\\jerry.land\\sysvol\\jerry.land\\Policies\\{31B2F340-016D-11D2-945F-00C04FB984F9}\\gpt.ini
1521911775.427468	CTDoHcxsI20hhvY75	10.47.22.80	51899	10.47.2.153	514	udp	LOCAL0	INFO	1 2018-03-24T09:00:06-07:00 PC-newman.jerry.land EvntSLog - - - Making system calls to access specified file. \\\\jerry.land\\sysvol\\jerry.land\\Policies\\{31B2F340-016D-11D2-945F-00C04FB984F9}\\gpt.ini
1521911775.427470	CTDoHcxsI20hhvY75	10.47.22.80	51899	10.47.2.153	514	udp	LOCAL0	INFO	1 2018-03-24T09:00:06-07:00 PC-newman.jerry.land EvntSLog - - - Making system calls to access specified file. \\\\jerry.land\\sysvol\\jerry.land\\Policies\\{31B2F340-016D-11D2-945F-00C04FB984F9}\\gpt.ini
1521911775.441435	CTDoHcxsI20hhvY75	10.47.22.80	51899	10.47.2.153	514	udp	LOCAL0	INFO	1 2018-03-24T09:00:06-07:00 PC-newman.jerry.land EvntSLog - - - The system calls to access specified file completed. \\\\jerry.land\\sysvol\\jerry.land\\Policies\\{31B2F340-016D-11D2-945F-00C04FB984F9}\\gpt.ini The call completed in 140 milliseconds.
1521911775.441438	CTDoHcxsI20hhvY75	10.47.22.80	51899	10.47.2.153	514	udp	LOCAL0	INFO	1 2018-03-24T09:00:06-07:00 PC-newman.jerry.land EvntSLog - - - The system calls to access specified file completed. \\\\jerry.land\\sysvol\\jerry.land\\Policies\\{31B2F340-016D-11D2-945F-00C04FB984F9}\\gpt.ini The call completed in 140 milliseconds.
1521911775.441440	CTDoHcxsI20hhvY75	10.47.22.80	51899	10.47.2.153	514	udp	LOCAL0	INFO	1 2018-03-24T09:00:06-07:00 PC-newman.jerry.land EvntSLog - - - The system calls to access specified file completed. \\\\jerry.land\\sysvol\\jerry.land\\Policies\\{31B2F340-016D-11D2-945F-00C04FB984F9}\\gpt.ini The call completed in 140 milliseconds.
1521911775.441442	CTDoHcxsI20hhvY75	10.47.22.80	51899	10.47.2.153	514	udp	LOCAL0	INFO	1 2018-03-24T09:00:06-07:00 PC-newman.jerry.land EvntSLog - - - The system calls to access specified file completed. \\\\jerry.land\\sysvol\\jerry.land\\Policies\\{31B2F340-016D-11D2-945F-00C04FB984F9}\\gpt.ini The call completed in 140 milliseconds.
1521911775.448792	CTDoHcxsI20hhvY75	10.47.22.80	51899	10.47.2.153	514	udp	LOCAL0	INFO	1 2018-03-24T09:00:06-07:00 PC-newman.jerry.land EvntSLog - - - List of applicable Group Policy objects: Local Group Policy Default Domain Policy 
1521911775.448797	CTDoHcxsI20hhvY75	10.47.22.80	51899	10.47.2.153	514	udp	LOCAL0	INFO	1 2018-03-24T09:00:06-07:00 PC-newman.jerry.land EvntSLog - - - List of applicable Group Policy objects: Local Group Policy Default Domain Policy 
1521911775.448799	CTDoHcxsI20hhvY75	10.47.22.80	51899	10.47.2.153	514	udp	LOCAL0	INFO	1 2018-03-24T09:00:06-07:00 PC-newman.jerry.land EvntSLog - - - List of applicable Group Policy objects: Local Group Policy Default Domain Policy 
1521911775.448801	CTDoHcxsI20hhvY75	10.47.22.80	51899	10.47.2.153	514	udp	LOCAL0	INFO	1 2018-03-24T09:00:06-07:00 PC-newman.jerry.land EvntSLog - - - List of applicable Group Policy objects: Local Group Policy Default Domain Policy 
1521911775.455355	CTDoHcxsI20hhvY75	10.47.22.80	51899	10.47.2.153	514	udp	LOCAL0	INFO	1 2018-03-24T09:00:06-07:00 PC-newman.jerry.land EvntSLog - - - The following Group Policy objects were not applicable because they were filtered out : None
1521911775.455358	CTDoHcxsI20hhvY75	10.47.22.80	51899	10.47.2.153	514	udp	LOCAL0	INFO	1 2018-03-24T09:00:06-07:00 PC-newman.jerry.land EvntSLog - - - The following Group Policy objects were not applicable because they were filtered out : None
1521911775.455364	CTDoHcxsI20hhvY75	10.47.22.80	51899	10.47.2.153	514	udp	LOCAL0	INFO	1 2018-03-24T09:00:06-07:00 PC-newman.jerry.land EvntSLog - - - The following Group Policy objects were not applicable because they were filtered out : None
1521911775.455370	CTDoHcxsI20hhvY75	10.47.22.80	51899	10.47.2.153	514	udp	LOCAL0	INFO	1 2018-03-24T09:00:06-07:00 PC-newman.jerry.land EvntSLog - - - The following Group Policy objects were not applicable because they were filtered out : None
1521911776.002443	ClIW0K7GCQpzzKukf	10.47.22.25	58947	10.47.2.153	514	udp	LOCAL0	NOTICE	1 2018-03-24T09:00:06-07:00 Kramer.jerry.land EvntSLog - - - An account was successfully logged on. Subject: Security ID: S-1-0-0 Account Name: - Account Domain: - Logon ID: 0x0 Logon Type: 3 New Logon: Security ID: S-1-5-21-1311969832-1707640848-2310541705-1103 Account Name: PC-NEWMAN$ Account Domain: JERRY Logon ID: 0x3bae50d Logon GUID: {B0C55743-B7F8-2202-8FA2-200EFD2741CF} Process Information: Process ID: 0x0 Process Name: - Network Information: Workstation Name: Source Network Address: 172.20.0.80 Source Port: 50151 Detailed Authentication Information: Logon Process: Kerberos Authentication Package: Kerberos Transited Services: - Package Name (NTLM only): - Key Length: 0 This event is generated when a logon session is created. It is generated on the computer that was accessed. The subject fields indicate the account on the local system which requested the logon. This is most commonly a service such as the Server service, or a local process such as Winlogon.exe or Services.exe. The logon type field indicates the kind of logon that occurred. The most common types are 2 (interactive) and 3 (network). The New Logon fields indicate the account for whom the new logon was created, i.e. the account that was logged on. The network fields indicate where a remote logon request originated. Workstation name is not always available and may be left blank in some cases. The authentication information fields provide detailed information about this specific logon request. - Logon GUID is a unique identifier that can be used to correlate this event with a KDC event. - Transited services indicate which intermediate services have participated in this logon request. - Package name indicates which sub-protocol was used among the NTLM protocols. - Key length indicates the length of the generated session key. This will be 0 if no session key was requested.
1521911776.002447	ClIW0K7GCQpzzKukf	10.47.22.25	58947	10.47.2.153	514	udp	LOCAL0	NOTICE	1 2018-03-24T09:00:06-07:00 Kramer.jerry.land EvntSLog - - - An account was successfully logged on. Subject: Security ID: S-1-0-0 Account Name: - Account Domain: - Logon ID: 0x0 Logon Type: 3 New Logon: Security ID: S-1-5-21-1311969832-1707640848-2310541705-1103 Account Name: PC-NEWMAN$ Account Domain: JERRY Logon ID: 0x3bae50d Logon GUID: {B0C55743-B7F8-2202-8FA2-200EFD2741CF} Process Information: Process ID: 0x0 Process Name: - Network Information: Workstation Name: Source Network Address: 172.20.0.80 Source Port: 50151 Detailed Authentication Information: Logon Process: Kerberos Authentication Package: Kerberos Transited Services: - Package Name (NTLM only): - Key Length: 0 This event is generated when a logon session is created. It is generated on the computer that was accessed. The subject fields indicate the account on the local system which requested the logon. This is most commonly a service such as the Server service, or a local process such as Winlogon.exe or Services.exe. The logon type field indicates the kind of logon that occurred. The most common types are 2 (interactive) and 3 (network). The New Logon fields indicate the account for whom the new logon was created, i.e. the account that was logged on. The network fields indicate where a remote logon request originated. Workstation name is not always available and may be left blank in some cases. The authentication information fields provide detailed information about this specific logon request. - Logon GUID is a unique identifier that can be used to correlate this event with a KDC event. - Transited services indicate which intermediate services have participated in this logon request. - Package name indicates which sub-protocol was used among the NTLM protocols. - Key length indicates the length of the generated session key. This will be 0 if no session key was requested.
1521911776.002593	ClIW0K7GCQpzzKukf	10.47.22.25	58947	10.47.2.153	514	udp	LOCAL0	NOTICE	1 2018-03-24T09:00:06-07:00 Kramer.jerry.land EvntSLog - - - An account was successfully logged on. Subject: Security ID: S-1-0-0 Account Name: - Account Domain: - Logon ID: 0x0 Logon Type: 3 New Logon: Security ID: S-1-5-21-1311969832-1707640848-2310541705-1103 Account Name: PC-NEWMAN$ Account Domain: JERRY Logon ID: 0x3bae50d Logon GUID: {B0C55743-B7F8-2202-8FA2-200EFD2741CF} Process Information: Process ID: 0x0 Process Name: - Network Information: Workstation Name: Source Network Address: 172.20.0.80 Source Port: 50151 Detailed Authentication Information: Logon Process: Kerberos Authentication Package: Kerberos Transited Services: - Package Name (NTLM only): - Key Length: 0 This event is generated when a logon session is created. It is generated on the computer that was accessed. The subject fields indicate the account on the local system which requested the logon. This is most commonly a service such as the Server service, or a local process such as Winlogon.exe or Services.exe. The logon type field indicates the kind of logon that occurred. The most common types are 2 (interactive) and 3 (network). The New Logon fields indicate the account for whom the new logon was created, i.e. the account that was logged on. The network fields indicate where a remote logon request originated. Workstation name is not always available and may be left blank in some cases. The authentication information fields provide detailed information about this specific logon request. - Logon GUID is a unique identifier that can be used to correlate this event with a KDC event. - Transited services indicate which intermediate services have participated in this logon request. - Package name indicates which sub-protocol was used among the NTLM protocols. - Key length indicates the length of the generated session key. This will be 0 if no session key was requested.
1521911776.002597	ClIW0K7GCQpzzKukf	10.47.22.25	58947	10.47.2.153	514	udp	LOCAL0	NOTICE	1 2018-03-24T09:00:06-07:00 Kramer.jerry.land EvntSLog - - - An account was successfully logged on. Subject: Security ID: S-1-0-0 Account Name: - Account Domain: - Logon ID: 0x0 Logon Type: 3 New Logon: Security ID: S-1-5-21-1311969832-1707640848-2310541705-1103 Account Name: PC-NEWMAN$ Account Domain: JERRY Logon ID: 0x3bae50d Logon GUID: {B0C55743-B7F8-2202-8FA2-200EFD2741CF} Process Information: Process ID: 0x0 Process Name: - Network Information: Workstation Name: Source Network Address: 172.20.0.80 Source Port: 50151 Detailed Authentication Information: Logon Process: Kerberos Authentication Package: Kerberos Transited Services: - Package Name (NTLM only): - Key Length: 0 This event is generated when a logon session is created. It is generated on the computer that was accessed. The subject fields indicate the account on the local system which requested the logon. This is most commonly a service such as the Server service, or a local process such as Winlogon.exe or Services.exe. The logon type field indicates the kind of logon that occurred. The most common types are 2 (interactive) and 3 (network). The New Logon fields indicate the account for whom the new logon was created, i.e. the account that was logged on. The network fields indicate where a remote logon request originated. Workstation name is not always available and may be left blank in some cases. The authentication information fields provide detailed information about this specific logon request. - Logon GUID is a unique identifier that can be used to correlate this event with a KDC event. - Transited services indicate which intermediate services have participated in this logon request. - Package name indicates which sub-protocol was used among the NTLM protocols. - Key length indicates the length of the generated session key. This will be 0 if no session key was requested.
1521911776.017932	ClIW0K7GCQpzzKukf	10.47.22.25	58947	10.47.2.153	514	udp	LOCAL0	NOTICE	1 2018-03-24T09:00:06-07:00 Kramer.jerry.land EvntSLog - - - A Kerberos service ticket was requested. Account Information: Account Name: PC-NEWMAN$@JERRY.LAND Account Domain: JERRY.LAND Logon GUID: {8FF6D09E-CEC3-F66E-DC50-C07F2B470694} Service Information: Service Name: PC-NEWMAN$ Service ID: S-1-5-21-1311969832-1707640848-2310541705-1103 Network Information: Client Address: ::ffff:172.20.0.80 Client Port: 50152 Additional Information: Ticket Options: 0x40810000 Ticket Encryption Type: 0x12 Failure Code: 0x0 Transited Services: - This event is generated every time access is requested to a resource such as a computer or a Windows service. The service name indicates the resource to which access was requested. This event can be correlated with Windows logon events by comparing the Logon GUID fields in each event. The logon event occurs on the machine that was accessed, which is often a different machine than the domain controller which issued the service ticket. Ticket options, encryption types, and failure codes are defined in RFC 4120.
1521911776.017934	ClIW0K7GCQpzzKukf	10.47.22.25	58947	10.47.2.153	514	udp	LOCAL0	NOTICE	1 2018-03-24T09:00:06-07:00 Kramer.jerry.land EvntSLog - - - A Kerberos service ticket was requested. Account Information: Account Name: PC-NEWMAN$@JERRY.LAND Account Domain: JERRY.LAND Logon GUID: {8FF6D09E-CEC3-F66E-DC50-C07F2B470694} Service Information: Service Name: PC-NEWMAN$ Service ID: S-1-5-21-1311969832-1707640848-2310541705-1103 Network Information: Client Address: ::ffff:172.20.0.80 Client Port: 50152 Additional Information: Ticket Options: 0x40810000 Ticket Encryption Type: 0x12 Failure Code: 0x0 Transited Services: - This event is generated every time access is requested to a resource such as a computer or a Windows service. The service name indicates the resource to which access was requested. This event can be correlated with Windows logon events by comparing the Logon GUID fields in each event. The logon event occurs on the machine that was accessed, which is often a different machine than the domain controller which issued the service ticket. Ticket options, encryption types, and failure codes are defined in RFC 4120.
1521911776.017937	ClIW0K7GCQpzzKukf	10.47.22.25	58947	10.47.2.153	514	udp	LOCAL0	NOTICE	1 2018-03-24T09:00:06-07:00 Kramer.jerry.land EvntSLog - - - A Kerberos service ticket was requested. Account Information: Account Name: PC-NEWMAN$@JERRY.LAND Account Domain: JERRY.LAND Logon GUID: {8FF6D09E-CEC3-F66E-DC50-C07F2B470694} Service Information: Service Name: PC-NEWMAN$ Service ID: S-1-5-21-1311969832-1707640848-2310541705-1103 Network Information: Client Address: ::ffff:172.20.0.80 Client Port: 50152 Additional Information: Ticket Options: 0x40810000 Ticket Encryption Type: 0x12 Failure Code: 0x0 Transited Services: - This event is generated every time access is requested to a resource such as a computer or a Windows service. The service name indicates the resource to which access was requested. This event can be correlated with Windows logon events by comparing the Logon GUID fields in each event. The logon event occurs on the machine that was accessed, which is often a different machine than the domain controller which issued the service ticket. Ticket options, encryption types, and failure codes are defined in RFC 4120.
1521911776.017939	ClIW0K7GCQpzzKukf	10.47.22.25	58947	10.47.2.153	514	udp	LOCAL0	NOTICE	1 2018-03-24T09:00:06-07:00 Kramer.jerry.land EvntSLog - - - A Kerberos service ticket was requested. Account Information: Account Name: PC-NEWMAN$@JERRY.LAND Account Domain: JERRY.LAND Logon GUID: {8FF6D09E-CEC3-F66E-DC50-C07F2B470694} Service Information: Service Name: PC-NEWMAN$ Service ID: S-1-5-21-1311969832-1707640848-2310541705-1103 Network Information: Client Address: ::ffff:172.20.0.80 Client Port: 50152 Additional Information: Ticket Options: 0x40810000 Ticket Encryption Type: 0x12 Failure Code: 0x0 Transited Services: - This event is generated every time access is requested to a resource such as a computer or a Windows service. The service name indicates the resource to which access was requested. This event can be correlated with Windows logon events by comparing the Logon GUID fields in each event. The logon event occurs on the machine that was accessed, which is often a different machine than the domain controller which issued the service ticket. Ticket options, encryption types, and failure codes are defined in RFC 4120.
1521911776.033539	ClIW0K7GCQpzzKukf	10.47.22.25	58947	10.47.2.153	514	udp	LOCAL0	NOTICE	1 2018-03-24T09:00:06-07:00 Kramer.jerry.land EvntSLog - - - An account was successfully logged on. Subject: Security ID: S-1-0-0 Account Name: - Account Domain: - Logon ID: 0x0 Logon Type: 3 New Logon: Security ID: S-1-5-21-1311969832-1707640848-2310541705-1103 Account Name: PC-NEWMAN$ Account Domain: JERRY Logon ID: 0x3bae53e Logon GUID: {B0C55743-B7F8-2202-8FA2-200EFD2741CF} Process Information: Process ID: 0x0 Process Name: - Network Information: Workstation Name: Source Network Address: 172.20.0.80 Source Port: 50154 Detailed Authentication Information: Logon Process: Kerberos Authentication Package: Kerberos Transited Services: - Package Name (NTLM only): - Key Length: 0 This event is generated when a logon session is created. It is generated on the computer that was accessed. The subject fields indicate the account on the local system which requested the logon. This is most commonly a service such as the Server service, or a local process such as Winlogon.exe or Services.exe. The logon type field indicates the kind of logon that occurred. The most common types are 2 (interactive) and 3 (network). The New Logon fields indicate the account for whom the new logon was created, i.e. the account that was logged on. The network fields indicate where a remote logon request originated. Workstation name is not always available and may be left blank in some cases. The authentication information fields provide detailed information about this specific logon request. - Logon GUID is a unique identifier that can be used to correlate this event with a KDC event. - Transited services indicate which intermediate services have participated in this logon request. - Package name indicates which sub-protocol was used among the NTLM protocols. - Key length indicates the length of the generated session key. This will be 0 if no session key was requested.
1521911776.033545	ClIW0K7GCQpzzKukf	10.47.22.25	58947	10.47.2.153	514	udp	LOCAL0	NOTICE	1 2018-03-24T09:00:06-07:00 Kramer.jerry.land EvntSLog - - - An account was successfully logged on. Subject: Security ID: S-1-0-0 Account Name: - Account Domain: - Logon ID: 0x0 Logon Type: 3 New Logon: Security ID: S-1-5-21-1311969832-1707640848-2310541705-1103 Account Name: PC-NEWMAN$ Account Domain: JERRY Logon ID: 0x3bae53e Logon GUID: {B0C55743-B7F8-2202-8FA2-200EFD2741CF} Process Information: Process ID: 0x0 Process Name: - Network Information: Workstation Name: Source Network Address: 172.20.0.80 Source Port: 50154 Detailed Authentication Information: Logon Process: Kerberos Authentication Package: Kerberos Transited Services: - Package Name (NTLM only): - Key Length: 0 This event is generated when a logon session is created. It is generated on the computer that was accessed. The subject fields indicate the account on the local system which requested the logon. This is most commonly a service such as the Server service, or a local process such as Winlogon.exe or Services.exe. The logon type field indicates the kind of logon that occurred. The most common types are 2 (interactive) and 3 (network). The New Logon fields indicate the account for whom the new logon was created, i.e. the account that was logged on. The network fields indicate where a remote logon request originated. Workstation name is not always available and may be left blank in some cases. The authentication information fields provide detailed information about this specific logon request. - Logon GUID is a unique identifier that can be used to correlate this event with a KDC event. - Transited services indicate which intermediate services have participated in this logon request. - Package name indicates which sub-protocol was used among the NTLM protocols. - Key length indicates the length of the generated session key. This will be 0 if no session key was requested.
1521911776.033686	ClIW0K7GCQpzzKukf	10.47.22.25	58947	10.47.2.153	514	udp	LOCAL0	NOTICE	1 2018-03-24T09:00:06-07:00 Kramer.jerry.land EvntSLog - - - An account was successfully logged on. Subject: Security ID: S-1-0-0 Account Name: - Account Domain: - Logon ID: 0x0 Logon Type: 3 New Logon: Security ID: S-1-5-21-1311969832-1707640848-2310541705-1103 Account Name: PC-NEWMAN$ Account Domain: JERRY Logon ID: 0x3bae53e Logon GUID: {B0C55743-B7F8-2202-8FA2-200EFD2741CF} Process Information: Process ID: 0x0 Process Name: - Network Information: Workstation Name: Source Network Address: 172.20.0.80 Source Port: 50154 Detailed Authentication Information: Logon Process: Kerberos Authentication Package: Kerberos Transited Services: - Package Name (NTLM only): - Key Length: 0 This event is generated when a logon session is created. It is generated on the computer that was accessed. The subject fields indicate the account on the local system which requested the logon. This is most commonly a service such as the Server service, or a local process such as Winlogon.exe or Services.exe. The logon type field indicates the kind of logon that occurred. The most common types are 2 (interactive) and 3 (network). The New Logon fields indicate the account for whom the new logon was created, i.e. the account that was logged on. The network fields indicate where a remote logon request originated. Workstation name is not always available and may be left blank in some cases. The authentication information fields provide detailed information about this specific logon request. - Logon GUID is a unique identifier that can be used to correlate this event with a KDC event. - Transited services indicate which intermediate services have participated in this logon request. - Package name indicates which sub-protocol was used among the NTLM protocols. - Key length indicates the length of the generated session key. This will be 0 if no session key was requested.
1521911776.033690	ClIW0K7GCQpzzKukf	10.47.22.25	58947	10.47.2.153	514	udp	LOCAL0	NOTICE	1 2018-03-24T09:00:06-07:00 Kramer.jerry.land EvntSLog - - - An account was successfully logged on. Subject: Security ID: S-1-0-0 Account Name: - Account Domain: - Logon ID: 0x0 Logon Type: 3 New Logon: Security ID: S-1-5-21-1311969832-1707640848-2310541705-1103 Account Name: PC-NEWMAN$ Account Domain: JERRY Logon ID: 0x3bae53e Logon GUID: {B0C55743-B7F8-2202-8FA2-200EFD2741CF} Process Information: Process ID: 0x0 Process Name: - Network Information: Workstation Name: Source Network Address: 172.20.0.80 Source Port: 50154 Detailed Authentication Information: Logon Process: Kerberos Authentication Package: Kerberos Transited Services: - Package Name (NTLM only): - Key Length: 0 This event is generated when a logon session is created. It is generated on the computer that was accessed. The subject fields indicate the account on the local system which requested the logon. This is most commonly a service such as the Server service, or a local process such as Winlogon.exe or Services.exe. The logon type field indicates the kind of logon that occurred. The most common types are 2 (interactive) and 3 (network). The New Logon fields indicate the account for whom the new logon was created, i.e. the account that was logged on. The network fields indicate where a remote logon request originated. Workstation name is not always available and may be left blank in some cases. The authentication information fields provide detailed information about this specific logon request. - Logon GUID is a unique identifier that can be used to correlate this event with a KDC event. - Transited services indicate which intermediate services have participated in this logon request. - Package name indicates which sub-protocol was used among the NTLM protocols. - Key length indicates the length of the generated session key. This will be 0 if no session key was requested.
1521911776.101252	ClIW0K7GCQpzzKukf	10.47.22.25	58947	10.47.2.153	514	udp	LOCAL0	NOTICE	1 2018-03-24T09:00:06-07:00 Kramer.jerry.land EvntSLog - - - A Kerberos service ticket was requested. Account Information: Account Name: PC-NEWMAN$@JERRY.LAND Account Domain: JERRY.LAND Logon GUID: {8FF6D09E-CEC3-F66E-DC50-C07F2B470694} Service Information: Service Name: krbtgt Service ID: S-1-5-21-1311969832-1707640848-2310541705-502 Network Information: Client Address: ::ffff:172.20.0.80 Client Port: 50157 Additional Information: Ticket Options: 0x60810010 Ticket Encryption Type: 0x17 Failure Code: 0x0 Transited Services: - This event is generated every time access is requested to a resource such as a computer or a Windows service. The service name indicates the resource to which access was requested. This event can be correlated with Windows logon events by comparing the Logon GUID fields in each event. The logon event occurs on the machine that was accessed, which is often a different machine than the domain controller which issued the service ticket. Ticket options, encryption types, and failure codes are defined in RFC 4120.
1521911776.101259	ClIW0K7GCQpzzKukf	10.47.22.25	58947	10.47.2.153	514	udp	LOCAL0	NOTICE	1 2018-03-24T09:00:06-07:00 Kramer.jerry.land EvntSLog - - - A Kerberos service ticket was requested. Account Information: Account Name: PC-NEWMAN$@JERRY.LAND Account Domain: JERRY.LAND Logon GUID: {8FF6D09E-CEC3-F66E-DC50-C07F2B470694} Service Information: Service Name: krbtgt Service ID: S-1-5-21-1311969832-1707640848-2310541705-502 Network Information: Client Address: ::ffff:172.20.0.80 Client Port: 50157 Additional Information: Ticket Options: 0x60810010 Ticket Encryption Type: 0x17 Failure Code: 0x0 Transited Services: - This event is generated every time access is requested to a resource such as a computer or a Windows service. The service name indicates the resource to which access was requested. This event can be correlated with Windows logon events by comparing the Logon GUID fields in each event. The logon event occurs on the machine that was accessed, which is often a different machine than the domain controller which issued the service ticket. Ticket options, encryption types, and failure codes are defined in RFC 4120.
1521911776.101518	ClIW0K7GCQpzzKukf	10.47.22.25	58947	10.47.2.153	514	udp	LOCAL0	NOTICE	1 2018-03-24T09:00:06-07:00 Kramer.jerry.land EvntSLog - - - A Kerberos service ticket was requested. Account Information: Account Name: PC-NEWMAN$@JERRY.LAND Account Domain: JERRY.LAND Logon GUID: {8FF6D09E-CEC3-F66E-DC50-C07F2B470694} Service Information: Service Name: krbtgt Service ID: S-1-5-21-1311969832-1707640848-2310541705-502 Network Information: Client Address: ::ffff:172.20.0.80 Client Port: 50157 Additional Information: Ticket Options: 0x60810010 Ticket Encryption Type: 0x17 Failure Code: 0x0 Transited Services: - This event is generated every time access is requested to a resource such as a computer or a Windows service. The service name indicates the resource to which access was requested. This event can be correlated with Windows logon events by comparing the Logon GUID fields in each event. The logon event occurs on the machine that was accessed, which is often a different machine than the domain controller which issued the service ticket. Ticket options, encryption types, and failure codes are defined in RFC 4120.
1521911776.101522	ClIW0K7GCQpzzKukf	10.47.22.25	58947	10.47.2.153	514	udp	LOCAL0	NOTICE	1 2018-03-24T09:00:06-07:00 Kramer.jerry.land EvntSLog - - - A Kerberos service ticket was requested. Account Information: Account Name: PC-NEWMAN$@JERRY.LAND Account Domain: JERRY.LAND Logon GUID: {8FF6D09E-CEC3-F66E-DC50-C07F2B470694} Service Information: Service Name: krbtgt Service ID: S-1-5-21-1311969832-1707640848-2310541705-502 Network Information: Client Address: ::ffff:172.20.0.80 Client Port: 50157 Additional Information: Ticket Options: 0x60810010 Ticket Encryption Type: 0x17 Failure Code: 0x0 Transited Services: - This event is generated every time access is requested to a resource such as a computer or a Windows service. The service name indicates the resource to which access was requested. This event can be correlated with Windows logon events by comparing the Logon GUID fields in each event. The logon event occurs on the machine that was accessed, which is often a different machine than the domain controller which issued the service ticket. Ticket options, encryption types, and failure codes are defined in RFC 4120.
1521911776.112735	ClIW0K7GCQpzzKukf	10.47.22.25	58947	10.47.2.153	514	udp	LOCAL0	NOTICE	1 2018-03-24T09:00:06-07:00 Kramer.jerry.land EvntSLog - - - An account was successfully logged on. Subject: Security ID: S-1-0-0 Account Name: - Account Domain: - Logon ID: 0x0 Logon Type: 3 New Logon: Security ID: S-1-5-21-1311969832-1707640848-2310541705-1103 Account Name: PC-NEWMAN$ Account Domain: JERRY Logon ID: 0x3bae561 Logon GUID: {B055E8F6-458E-966A-B0A7-8F1A85205F8C} Process Information: Process ID: 0x0 Process Name: - Network Information: Workstation Name: Source Network Address: 172.20.0.80 Source Port: 50155 Detailed Authentication Information: Logon Process: Kerberos Authentication Package: Kerberos Transited Services: - Package Name (NTLM only): - Key Length: 0 This event is generated when a logon session is created. It is generated on the computer that was accessed. The subject fields indicate the account on the local system which requested the logon. This is most commonly a service such as the Server service, or a local process such as Winlogon.exe or Services.exe. The logon type field indicates the kind of logon that occurred. The most common types are 2 (interactive) and 3 (network). The New Logon fields indicate the account for whom the new logon was created, i.e. the account that was logged on. The network fields indicate where a remote logon request originated. Workstation name is not always available and may be left blank in some cases. The authentication information fields provide detailed information about this specific logon request. - Logon GUID is a unique identifier that can be used to correlate this event with a KDC event. - Transited services indicate which intermediate services have participated in this logon request. - Package name indicates which sub-protocol was used among the NTLM protocols. - Key length indicates the length of the generated session key. This will be 0 if no session key was requested.
1521911776.112738	ClIW0K7GCQpzzKukf	10.47.22.25	58947	10.47.2.153	514	udp	LOCAL0	NOTICE	1 2018-03-24T09:00:06-07:00 Kramer.jerry.land EvntSLog - - - An account was successfully logged on. Subject: Security ID: S-1-0-0 Account Name: - Account Domain: - Logon ID: 0x0 Logon Type: 3 New Logon: Security ID: S-1-5-21-1311969832-1707640848-2310541705-1103 Account Name: PC-NEWMAN$ Account Domain: JERRY Logon ID: 0x3bae561 Logon GUID: {B055E8F6-458E-966A-B0A7-8F1A85205F8C} Process Information: Process ID: 0x0 Process Name: - Network Information: Workstation Name: Source Network Address: 172.20.0.80 Source Port: 50155 Detailed Authentication Information: Logon Process: Kerberos Authentication Package: Kerberos Transited Services: - Package Name (NTLM only): - Key Length: 0 This event is generated when a logon session is created. It is generated on the computer that was accessed. The subject fields indicate the account on the local system which requested the logon. This is most commonly a service such as the Server service, or a local process such as Winlogon.exe or Services.exe. The logon type field indicates the kind of logon that occurred. The most common types are 2 (interactive) and 3 (network). The New Logon fields indicate the account for whom the new logon was created, i.e. the account that was logged on. The network fields indicate where a remote logon request originated. Workstation name is not always available and may be left blank in some cases. The authentication information fields provide detailed information about this specific logon request. - Logon GUID is a unique identifier that can be used to correlate this event with a KDC event. - Transited services indicate which intermediate services have participated in this logon request. - Package name indicates which sub-protocol was used among the NTLM protocols. - Key length indicates the length of the generated session key. This will be 0 if no session key was requested.
1521911776.112889	ClIW0K7GCQpzzKukf	10.47.22.25	58947	10.47.2.153	514	udp	LOCAL0	NOTICE	1 2018-03-24T09:00:06-07:00 Kramer.jerry.land EvntSLog - - - An account was successfully logged on. Subject: Security ID: S-1-0-0 Account Name: - Account Domain: - Logon ID: 0x0 Logon Type: 3 New Logon: Security ID: S-1-5-21-1311969832-1707640848-2310541705-1103 Account Name: PC-NEWMAN$ Account Domain: JERRY Logon ID: 0x3bae561 Logon GUID: {B055E8F6-458E-966A-B0A7-8F1A85205F8C} Process Information: Process ID: 0x0 Process Name: - Network Information: Workstation Name: Source Network Address: 172.20.0.80 Source Port: 50155 Detailed Authentication Information: Logon Process: Kerberos Authentication Package: Kerberos Transited Services: - Package Name (NTLM only): - Key Length: 0 This event is generated when a logon session is created. It is generated on the computer that was accessed. The subject fields indicate the account on the local system which requested the logon. This is most commonly a service such as the Server service, or a local process such as Winlogon.exe or Services.exe. The logon type field indicates the kind of logon that occurred. The most common types are 2 (interactive) and 3 (network). The New Logon fields indicate the account for whom the new logon was created, i.e. the account that was logged on. The network fields indicate where a remote logon request originated. Workstation name is not always available and may be left blank in some cases. The authentication information fields provide detailed information about this specific logon request. - Logon GUID is a unique identifier that can be used to correlate this event with a KDC event. - Transited services indicate which intermediate services have participated in this logon request. - Package name indicates which sub-protocol was used among the NTLM protocols. - Key length indicates the length of the generated session key. This will be 0 if no session key was requested.
1521911776.112892	ClIW0K7GCQpzzKukf	10.47.22.25	58947	10.47.2.153	514	udp	LOCAL0	NOTICE	1 2018-03-24T09:00:06-07:00 Kramer.jerry.land EvntSLog - - - An account was successfully logged on. Subject: Security ID: S-1-0-0 Account Name: - Account Domain: - Logon ID: 0x0 Logon Type: 3 New Logon: Security ID: S-1-5-21-1311969832-1707640848-2310541705-1103 Account Name: PC-NEWMAN$ Account Domain: JERRY Logon ID: 0x3bae561 Logon GUID: {B055E8F6-458E-966A-B0A7-8F1A85205F8C} Process Information: Process ID: 0x0 Process Name: - Network Information: Workstation Name: Source Network Address: 172.20.0.80 Source Port: 50155 Detailed Authentication Information: Logon Process: Kerberos Authentication Package: Kerberos Transited Services: - Package Name (NTLM only): - Key Length: 0 This event is generated when a logon session is created. It is generated on the computer that was accessed. The subject fields indicate the account on the local system which requested the logon. This is most commonly a service such as the Server service, or a local process such as Winlogon.exe or Services.exe. The logon type field indicates the kind of logon that occurred. The most common types are 2 (interactive) and 3 (network). The New Logon fields indicate the account for whom the new logon was created, i.e. the account that was logged on. The network fields indicate where a remote logon request originated. Workstation name is not always available and may be left blank in some cases. The authentication information fields provide detailed information about this specific logon request. - Logon GUID is a unique identifier that can be used to correlate this event with a KDC event. - Transited services indicate which intermediate services have participated in this logon request. - Package name indicates which sub-protocol was used among the NTLM protocols. - Key length indicates the length of the generated session key. This will be 0 if no session key was requested.
1521911776.130805	ClIW0K7GCQpzzKukf	10.47.22.25	58947	10.47.2.153	514	udp	LOCAL0	NOTICE	1 2018-03-24T09:00:06-07:00 Kramer.jerry.land EvntSLog - - - An account was logged off. Subject: Security ID: S-1-5-21-1311969832-1707640848-2310541705-1103 Account Name: PC-NEWMAN$ Account Domain: JERRY Logon ID: 0x3bae53e Logon Type: 3 This event is generated when a logon session is destroyed. It may be positively correlated with a logon event using the Logon ID value. Logon IDs are only unique between reboots on the same computer.
1521911776.130808	ClIW0K7GCQpzzKukf	10.47.22.25	58947	10.47.2.153	514	udp	LOCAL0	NOTICE	1 2018-03-24T09:00:06-07:00 Kramer.jerry.land EvntSLog - - - An account was logged off. Subject: Security ID: S-1-5-21-1311969832-1707640848-2310541705-1103 Account Name: PC-NEWMAN$ Account Domain: JERRY Logon ID: 0x3bae53e Logon Type: 3 This event is generated when a logon session is destroyed. It may be positively correlated with a logon event using the Logon ID value. Logon IDs are only unique between reboots on the same computer.
1521911776.130810	ClIW0K7GCQpzzKukf	10.47.22.25	58947	10.47.2.153	514	udp	LOCAL0	NOTICE	1 2018-03-24T09:00:06-07:00 Kramer.jerry.land EvntSLog - - - An account was logged off. Subject: Security ID: S-1-5-21-1311969832-1707640848-2310541705-1103 Account Name: PC-NEWMAN$ Account Domain: JERRY Logon ID: 0x3bae53e Logon Type: 3 This event is generated when a logon session is destroyed. It may be positively correlated with a logon event using the Logon ID value. Logon IDs are only unique between reboots on the same computer.
1521911776.130812	ClIW0K7GCQpzzKukf	10.47.22.25	58947	10.47.2.153	514	udp	LOCAL0	NOTICE	1 2018-03-24T09:00:06-07:00 Kramer.jerry.land EvntSLog - - - An account was logged off. Subject: Security ID: S-1-5-21-1311969832-1707640848-2310541705-1103 Account Name: PC-NEWMAN$ Account Domain: JERRY Logon ID: 0x3bae53e Logon Type: 3 This event is generated when a logon session is destroyed. It may be positively correlated with a logon event using the Logon ID value. Logon IDs are only unique between reboots on the same computer.
