1521912388.623589	CBs8sZ2kIbw2QgSdy4	10.47.22.25	58947	10.47.2.153	514	udp	LOCAL0	NOTICE	1 2018-03-24T09:10:18-07:00 Kramer.jerry.land EvntSLog - - - An account was logged off. Subject: Security ID: S-1-5-18 Account Name: KRAMER$ Account Domain: JERRY Logon ID: 0x3c789ae Logon Type: 3 This event is generated when a logon session is destroyed. It may be positively correlated with a logon event using the Logon ID value. Logon IDs are only unique between reboots on the same computer.
1521912388.635957	CBs8sZ2kIbw2QgSdy4	10.47.22.25	58947	10.47.2.153	514	udp	LOCAL0	INFO	1 2018-03-24T09:10:18-07:00 Kramer.jerry.land EvntSLog - - - The system calls to access specified file completed. \\\\jerry.land\\sysvol\\jerry.land\\Policies\\{31B2F340-016D-11D2-945F-00C04FB984F9}\\gpt.ini The call completed in 62 milliseconds.
1521912388.635959	CBs8sZ2kIbw2QgSdy4	10.47.22.25	58947	10.47.2.153	514	udp	LOCAL0	INFO	1 2018-03-24T09:10:18-07:00 Kramer.jerry.land EvntSLog - - - The system calls to access specified file completed. \\\\jerry.land\\sysvol\\jerry.land\\Policies\\{31B2F340-016D-11D2-945F-00C04FB984F9}\\gpt.ini The call completed in 62 milliseconds.
1521912388.635960	CBs8sZ2kIbw2QgSdy4	10.47.22.25	58947	10.47.2.153	514	udp	LOCAL0	INFO	1 2018-03-24T09:10:18-07:00 Kramer.jerry.land EvntSLog - - - The system calls to access specified file completed. \\\\jerry.land\\sysvol\\jerry.land\\Policies\\{31B2F340-016D-11D2-945F-00C04FB984F9}\\gpt.ini The call completed in 62 milliseconds.
1521912388.635962	CBs8sZ2kIbw2QgSdy4	10.47.22.25	58947	10.47.2.153	514	udp	LOCAL0	INFO	1 2018-03-24T09:10:18-07:00 Kramer.jerry.land EvntSLog - - - The system calls to access specified file completed. \\\\jerry.land\\sysvol\\jerry.land\\Policies\\{31B2F340-016D-11D2-945F-00C04FB984F9}\\gpt.ini The call completed in 62 milliseconds.
1521912388.651465	CBs8sZ2kIbw2QgSdy4	10.47.22.25	58947	10.47.2.153	514	udp	LOCAL0	INFO	1 2018-03-24T09:10:18-07:00 Kramer.jerry.land EvntSLog - - - Making system calls to access specified file. \\\\jerry.land\\sysvol\\jerry.land\\Policies\\{6AC1786C-016F-11D2-945F-00C04fB984F9}\\gpt.ini
1521912388.651466	CBs8sZ2kIbw2QgSdy4	10.47.22.25	58947	10.47.2.153	514	udp	LOCAL0	INFO	1 2018-03-24T09:10:18-07:00 Kramer.jerry.land EvntSLog - - - Making system calls to access specified file. \\\\jerry.land\\sysvol\\jerry.land\\Policies\\{6AC1786C-016F-11D2-945F-00C04fB984F9}\\gpt.ini
1521912388.651493	CBs8sZ2kIbw2QgSdy4	10.47.22.25	58947	10.47.2.153	514	udp	LOCAL0	INFO	1 2018-03-24T09:10:18-07:00 Kramer.jerry.land EvntSLog - - - Making system calls to access specified file. \\\\jerry.land\\sysvol\\jerry.land\\Policies\\{6AC1786C-016F-11D2-945F-00C04fB984F9}\\gpt.ini
1521912388.651497	CBs8sZ2kIbw2QgSdy4	10.47.22.25	58947	10.47.2.153	514	udp	LOCAL0	INFO	1 2018-03-24T09:10:18-07:00 Kramer.jerry.land EvntSLog - - - Making system calls to access specified file. \\\\jerry.land\\sysvol\\jerry.land\\Policies\\{6AC1786C-016F-11D2-945F-00C04fB984F9}\\gpt.ini
1521912388.667361	CBs8sZ2kIbw2QgSdy4	10.47.22.25	58947	10.47.2.153	514	udp	LOCAL0	INFO	1 2018-03-24T09:10:18-07:00 Kramer.jerry.land EvntSLog - - - The system calls to access specified file completed. \\\\jerry.land\\sysvol\\jerry.land\\Policies\\{6AC1786C-016F-11D2-945F-00C04fB984F9}\\gpt.ini The call completed in 0 milliseconds.
1521912388.667363	CBs8sZ2kIbw2QgSdy4	10.47.22.25	58947	10.47.2.153	514	udp	LOCAL0	INFO	1 2018-03-24T09:10:18-07:00 Kramer.jerry.land EvntSLog - - - The system calls to access specified file completed. \\\\jerry.land\\sysvol\\jerry.land\\Policies\\{6AC1786C-016F-11D2-945F-00C04fB984F9}\\gpt.ini The call completed in 0 milliseconds.
1521912388.667366	CBs8sZ2kIbw2QgSdy4	10.47.22.25	58947	10.47.2.153	514	udp	LOCAL0	INFO	1 2018-03-24T09:10:18-07:00 Kramer.jerry.land EvntSLog - - - The system calls to access specified file completed. \\\\jerry.land\\sysvol\\jerry.land\\Policies\\{6AC1786C-016F-11D2-945F-00C04fB984F9}\\gpt.ini The call completed in 0 milliseconds.
1521912388.667368	CBs8sZ2kIbw2QgSdy4	10.47.22.25	58947	10.47.2.153	514	udp	LOCAL0	INFO	1 2018-03-24T09:10:18-07:00 Kramer.jerry.land EvntSLog - - - The system calls to access specified file completed. \\\\jerry.land\\sysvol\\jerry.land\\Policies\\{6AC1786C-016F-11D2-945F-00C04fB984F9}\\gpt.ini The call completed in 0 milliseconds.
1521912388.682769	CBs8sZ2kIbw2QgSdy4	10.47.22.25	58947	10.47.2.153	514	udp	LOCAL0	INFO	1 2018-03-24T09:10:18-07:00 Kramer.jerry.land EvntSLog - - - List of applicable Group Policy objects: Local Group Policy Default Domain Policy Default Domain Controllers Policy 
1521912388.682772	CBs8sZ2kIbw2QgSdy4	10.47.22.25	58947	10.47.2.153	514	udp	LOCAL0	INFO	1 2018-03-24T09:10:18-07:00 Kramer.jerry.land EvntSLog - - - List of applicable Group Policy objects: Local Group Policy Default Domain Policy Default Domain Controllers Policy 
1521912388.682774	CBs8sZ2kIbw2QgSdy4	10.47.22.25	58947	10.47.2.153	514	udp	LOCAL0	INFO	1 2018-03-24T09:10:18-07:00 Kramer.jerry.land EvntSLog - - - List of applicable Group Policy objects: Local Group Policy Default Domain Policy Default Domain Controllers Policy 
1521912388.682776	CBs8sZ2kIbw2QgSdy4	10.47.22.25	58947	10.47.2.153	514	udp	LOCAL0	INFO	1 2018-03-24T09:10:18-07:00 Kramer.jerry.land EvntSLog - - - List of applicable Group Policy objects: Local Group Policy Default Domain Policy Default Domain Controllers Policy 
1521912388.698192	CBs8sZ2kIbw2QgSdy4	10.47.22.25	58947	10.47.2.153	514	udp	LOCAL0	INFO	1 2018-03-24T09:10:18-07:00 Kramer.jerry.land EvntSLog - - - The following Group Policy objects were not applicable because they were filtered out : None
1521912388.698196	CBs8sZ2kIbw2QgSdy4	10.47.22.25	58947	10.47.2.153	514	udp	LOCAL0	INFO	1 2018-03-24T09:10:18-07:00 Kramer.jerry.land EvntSLog - - - The following Group Policy objects were not applicable because they were filtered out : None
1521912388.698201	CBs8sZ2kIbw2QgSdy4	10.47.22.25	58947	10.47.2.153	514	udp	LOCAL0	INFO	1 2018-03-24T09:10:18-07:00 Kramer.jerry.land EvntSLog - - - The following Group Policy objects were not applicable because they were filtered out : None
1521912388.698205	CBs8sZ2kIbw2QgSdy4	10.47.22.25	58947	10.47.2.153	514	udp	LOCAL0	INFO	1 2018-03-24T09:10:18-07:00 Kramer.jerry.land EvntSLog - - - The following Group Policy objects were not applicable because they were filtered out : None
1521912390.545791	CBs8sZ2kIbw2QgSdy4	10.47.22.25	58947	10.47.2.153	514	udp	LOCAL0	INFO	1 2018-03-24T09:10:20-07:00 Kramer.jerry.land EvntSLog - - - Estimated network bandwidth on one of the connections: 0 kbps.
1521912390.545794	CBs8sZ2kIbw2QgSdy4	10.47.22.25	58947	10.47.2.153	514	udp	LOCAL0	INFO	1 2018-03-24T09:10:20-07:00 Kramer.jerry.land EvntSLog - - - Estimated network bandwidth on one of the connections: 0 kbps.
1521912390.545797	CBs8sZ2kIbw2QgSdy4	10.47.22.25	58947	10.47.2.153	514	udp	LOCAL0	INFO	1 2018-03-24T09:10:20-07:00 Kramer.jerry.land EvntSLog - - - Estimated network bandwidth on one of the connections: 0 kbps.
1521912390.545798	CBs8sZ2kIbw2QgSdy4	10.47.22.25	58947	10.47.2.153	514	udp	LOCAL0	INFO	1 2018-03-24T09:10:20-07:00 Kramer.jerry.land EvntSLog - - - Estimated network bandwidth on one of the connections: 0 kbps.
1521912390.546285	CBs8sZ2kIbw2QgSdy4	10.47.22.25	58947	10.47.2.153	514	udp	LOCAL0	NOTICE	1 2018-03-24T09:10:20-07:00 Kramer.jerry.land EvntSLog - - - An account was logged off. Subject: Security ID: S-1-5-18 Account Name: KRAMER$ Account Domain: JERRY Logon ID: 0x3c788b5 Logon Type: 3 This event is generated when a logon session is destroyed. It may be positively correlated with a logon event using the Logon ID value. Logon IDs are only unique between reboots on the same computer.
1521912390.546287	CBs8sZ2kIbw2QgSdy4	10.47.22.25	58947	10.47.2.153	514	udp	LOCAL0	NOTICE	1 2018-03-24T09:10:20-07:00 Kramer.jerry.land EvntSLog - - - An account was logged off. Subject: Security ID: S-1-5-18 Account Name: KRAMER$ Account Domain: JERRY Logon ID: 0x3c788b5 Logon Type: 3 This event is generated when a logon session is destroyed. It may be positively correlated with a logon event using the Logon ID value. Logon IDs are only unique between reboots on the same computer.
1521912390.546292	CBs8sZ2kIbw2QgSdy4	10.47.22.25	58947	10.47.2.153	514	udp	LOCAL0	NOTICE	1 2018-03-24T09:10:20-07:00 Kramer.jerry.land EvntSLog - - - An account was logged off. Subject: Security ID: S-1-5-18 Account Name: KRAMER$ Account Domain: JERRY Logon ID: 0x3c788b5 Logon Type: 3 This event is generated when a logon session is destroyed. It may be positively correlated with a logon event using the Logon ID value. Logon IDs are only unique between reboots on the same computer.
1521912390.546314	CBs8sZ2kIbw2QgSdy4	10.47.22.25	58947	10.47.2.153	514	udp	LOCAL0	NOTICE	1 2018-03-24T09:10:20-07:00 Kramer.jerry.land EvntSLog - - - An account was logged off. Subject: Security ID: S-1-5-18 Account Name: KRAMER$ Account Domain: JERRY Logon ID: 0x3c788b5 Logon Type: 3 This event is generated when a logon session is destroyed. It may be positively correlated with a logon event using the Logon ID value. Logon IDs are only unique between reboots on the same computer.
1521912390.557053	CBs8sZ2kIbw2QgSdy4	10.47.22.25	58947	10.47.2.153	514	udp	LOCAL0	INFO	1 2018-03-24T09:10:20-07:00 Kramer.jerry.land EvntSLog - - - Estimated network bandwidth on one of the connections: 0 kbps.
1521912390.557054	CBs8sZ2kIbw2QgSdy4	10.47.22.25	58947	10.47.2.153	514	udp	LOCAL0	INFO	1 2018-03-24T09:10:20-07:00 Kramer.jerry.land EvntSLog - - - Estimated network bandwidth on one of the connections: 0 kbps.
1521912390.557102	CBs8sZ2kIbw2QgSdy4	10.47.22.25	58947	10.47.2.153	514	udp	LOCAL0	INFO	1 2018-03-24T09:10:20-07:00 Kramer.jerry.land EvntSLog - - - Estimated network bandwidth on one of the connections: 0 kbps.
1521912390.557110	CBs8sZ2kIbw2QgSdy4	10.47.22.25	58947	10.47.2.153	514	udp	LOCAL0	INFO	1 2018-03-24T09:10:20-07:00 Kramer.jerry.land EvntSLog - - - Estimated network bandwidth on one of the connections: 0 kbps.
1521912390.571823	CBs8sZ2kIbw2QgSdy4	10.47.22.25	58947	10.47.2.153	514	udp	LOCAL0	INFO	1 2018-03-24T09:10:20-07:00 Kramer.jerry.land EvntSLog - - - A fast link was detected. The Estimated bandwidth is 0 kbps. The slow link threshold is 500 kbps.
1521912390.571824	CBs8sZ2kIbw2QgSdy4	10.47.22.25	58947	10.47.2.153	514	udp	LOCAL0	INFO	1 2018-03-24T09:10:20-07:00 Kramer.jerry.land EvntSLog - - - A fast link was detected. The Estimated bandwidth is 0 kbps. The slow link threshold is 500 kbps.
1521912390.571831	CBs8sZ2kIbw2QgSdy4	10.47.22.25	58947	10.47.2.153	514	udp	LOCAL0	INFO	1 2018-03-24T09:10:20-07:00 Kramer.jerry.land EvntSLog - - - A fast link was detected. The Estimated bandwidth is 0 kbps. The slow link threshold is 500 kbps.
1521912390.571835	CBs8sZ2kIbw2QgSdy4	10.47.22.25	58947	10.47.2.153	514	udp	LOCAL0	INFO	1 2018-03-24T09:10:20-07:00 Kramer.jerry.land EvntSLog - - - A fast link was detected. The Estimated bandwidth is 0 kbps. The slow link threshold is 500 kbps.
1521912390.586870	CBs8sZ2kIbw2QgSdy4	10.47.22.25	58947	10.47.2.153	514	udp	LOCAL0	INFO	1 2018-03-24T09:10:20-07:00 Kramer.jerry.land EvntSLog - - - Checking for Group Policy client extensions that are not part of the system.
1521912390.586874	CBs8sZ2kIbw2QgSdy4	10.47.22.25	58947	10.47.2.153	514	udp	LOCAL0	INFO	1 2018-03-24T09:10:20-07:00 Kramer.jerry.land EvntSLog - - - Checking for Group Policy client extensions that are not part of the system.
1521912390.586876	CBs8sZ2kIbw2QgSdy4	10.47.22.25	58947	10.47.2.153	514	udp	LOCAL0	INFO	1 2018-03-24T09:10:20-07:00 Kramer.jerry.land EvntSLog - - - Checking for Group Policy client extensions that are not part of the system.
1521912390.586878	CBs8sZ2kIbw2QgSdy4	10.47.22.25	58947	10.47.2.153	514	udp	LOCAL0	INFO	1 2018-03-24T09:10:20-07:00 Kramer.jerry.land EvntSLog - - - Checking for Group Policy client extensions that are not part of the system.
1521912390.602568	CBs8sZ2kIbw2QgSdy4	10.47.22.25	58947	10.47.2.153	514	udp	LOCAL0	INFO	1 2018-03-24T09:10:20-07:00 Kramer.jerry.land EvntSLog - - - Service configuration update to standalone is not required and will be skipped.
1521912390.602570	CBs8sZ2kIbw2QgSdy4	10.47.22.25	58947	10.47.2.153	514	udp	LOCAL0	INFO	1 2018-03-24T09:10:20-07:00 Kramer.jerry.land EvntSLog - - - Service configuration update to standalone is not required and will be skipped.
1521912390.602572	CBs8sZ2kIbw2QgSdy4	10.47.22.25	58947	10.47.2.153	514	udp	LOCAL0	INFO	1 2018-03-24T09:10:20-07:00 Kramer.jerry.land EvntSLog - - - Service configuration update to standalone is not required and will be skipped.
1521912390.602574	CBs8sZ2kIbw2QgSdy4	10.47.22.25	58947	10.47.2.153	514	udp	LOCAL0	INFO	1 2018-03-24T09:10:20-07:00 Kramer.jerry.land EvntSLog - - - Service configuration update to standalone is not required and will be skipped.
1521912390.618736	CBs8sZ2kIbw2QgSdy4	10.47.22.25	58947	10.47.2.153	514	udp	LOCAL0	INFO	1 2018-03-24T09:10:20-07:00 Kramer.jerry.land EvntSLog - - - Finished checking for non-system extensions.
1521912390.618738	CBs8sZ2kIbw2QgSdy4	10.47.22.25	58947	10.47.2.153	514	udp	LOCAL0	INFO	1 2018-03-24T09:10:20-07:00 Kramer.jerry.land EvntSLog - - - Finished checking for non-system extensions.
1521912390.618740	CBs8sZ2kIbw2QgSdy4	10.47.22.25	58947	10.47.2.153	514	udp	LOCAL0	INFO	1 2018-03-24T09:10:20-07:00 Kramer.jerry.land EvntSLog - - - Finished checking for non-system extensions.
1521912390.618742	CBs8sZ2kIbw2QgSdy4	10.47.22.25	58947	10.47.2.153	514	udp	LOCAL0	INFO	1 2018-03-24T09:10:20-07:00 Kramer.jerry.land EvntSLog - - - Finished checking for non-system extensions.
1521912390.634028	CBs8sZ2kIbw2QgSdy4	10.47.22.25	58947	10.47.2.153	514	udp	LOCAL0	INFO	1 2018-03-24T09:10:20-07:00 Kramer.jerry.land EvntSLog - - - Completed periodic policy processing for computer JERRY\\KRAMER$ in 4 seconds.
1521912390.634030	CBs8sZ2kIbw2QgSdy4	10.47.22.25	58947	10.47.2.153	514	udp	LOCAL0	INFO	1 2018-03-24T09:10:20-07:00 Kramer.jerry.land EvntSLog - - - Completed periodic policy processing for computer JERRY\\KRAMER$ in 4 seconds.
1521912390.634035	CBs8sZ2kIbw2QgSdy4	10.47.22.25	58947	10.47.2.153	514	udp	LOCAL0	INFO	1 2018-03-24T09:10:20-07:00 Kramer.jerry.land EvntSLog - - - Completed periodic policy processing for computer JERRY\\KRAMER$ in 4 seconds.
1521912390.634040	CBs8sZ2kIbw2QgSdy4	10.47.22.25	58947	10.47.2.153	514	udp	LOCAL0	INFO	1 2018-03-24T09:10:20-07:00 Kramer.jerry.land EvntSLog - - - Completed periodic policy processing for computer JERRY\\KRAMER$ in 4 seconds.
1521912390.652392	CBs8sZ2kIbw2QgSdy4	10.47.22.25	58947	10.47.2.153	514	udp	LOCAL0	INFO	1 2018-03-24T09:10:20-07:00 Kramer.jerry.land EvntSLog - - - Next policy processing for JERRY\\KRAMER$ will be attempted in 5 minutes.
1521912390.652396	CBs8sZ2kIbw2QgSdy4	10.47.22.25	58947	10.47.2.153	514	udp	LOCAL0	INFO	1 2018-03-24T09:10:20-07:00 Kramer.jerry.land EvntSLog - - - Next policy processing for JERRY\\KRAMER$ will be attempted in 5 minutes.
1521912390.652398	CBs8sZ2kIbw2QgSdy4	10.47.22.25	58947	10.47.2.153	514	udp	LOCAL0	INFO	1 2018-03-24T09:10:20-07:00 Kramer.jerry.land EvntSLog - - - Next policy processing for JERRY\\KRAMER$ will be attempted in 5 minutes.
1521912390.652400	CBs8sZ2kIbw2QgSdy4	10.47.22.25	58947	10.47.2.153	514	udp	LOCAL0	INFO	1 2018-03-24T09:10:20-07:00 Kramer.jerry.land EvntSLog - - - Next policy processing for JERRY\\KRAMER$ will be attempted in 5 minutes.
1521912543.168943	CIOnAT24kNeGY6CfPe	10.47.22.81	60245	10.47.2.153	514	udp	LOCAL0	INFO	1 2018-03-24T09:12:54-07:00 PC-susan.jerry.land EvntSLog - - - @cee: {"source": "PC-susan.jerry.land", "msg": "Task Scheduler is shutting down Task Engine \\"S-1-5-18:NT AUTHORITY\\\\System:Service:\\"", "nteventlogtype": "Microsoft-Windows-TaskScheduler/Operational", "sourceproc": "Microsoft-Windows-TaskScheduler", "id": "301", "categoryid": "301", "category": "301", "keywordid": "0x8000000000000000", "user": "NT AUTHORITY\\\\SYSTEM", "user_sid": "S-1-5-18", "TaskEngineName": "S-1-5-18:NT AUTHORITY\\\\System:Service:", "catname": "Task engine properly shut down", "level": "Information"}
1521912543.168949	CIOnAT24kNeGY6CfPe	10.47.22.81	60245	10.47.2.153	514	udp	LOCAL0	INFO	1 2018-03-24T09:12:54-07:00 PC-susan.jerry.land EvntSLog - - - @cee: {"source": "PC-susan.jerry.land", "msg": "Task Scheduler is shutting down Task Engine \\"S-1-5-18:NT AUTHORITY\\\\System:Service:\\"", "nteventlogtype": "Microsoft-Windows-TaskScheduler/Operational", "sourceproc": "Microsoft-Windows-TaskScheduler", "id": "301", "categoryid": "301", "category": "301", "keywordid": "0x8000000000000000", "user": "NT AUTHORITY\\\\SYSTEM", "user_sid": "S-1-5-18", "TaskEngineName": "S-1-5-18:NT AUTHORITY\\\\System:Service:", "catname": "Task engine properly shut down", "level": "Information"}
1521912543.169179	CIOnAT24kNeGY6CfPe	10.47.22.81	60245	10.47.2.153	514	udp	LOCAL0	INFO	1 2018-03-24T09:12:54-07:00 PC-susan.jerry.land EvntSLog - - - @cee: {"source": "PC-susan.jerry.land", "msg": "Task Scheduler is shutting down Task Engine \\"S-1-5-18:NT AUTHORITY\\\\System:Service:\\"", "nteventlogtype": "Microsoft-Windows-TaskScheduler/Operational", "sourceproc": "Microsoft-Windows-TaskScheduler", "id": "301", "categoryid": "301", "category": "301", "keywordid": "0x8000000000000000", "user": "NT AUTHORITY\\\\SYSTEM", "user_sid": "S-1-5-18", "TaskEngineName": "S-1-5-18:NT AUTHORITY\\\\System:Service:", "catname": "Task engine properly shut down", "level": "Information"}
1521912543.169181	CIOnAT24kNeGY6CfPe	10.47.22.81	60245	10.47.2.153	514	udp	LOCAL0	INFO	1 2018-03-24T09:12:54-07:00 PC-susan.jerry.land EvntSLog - - - @cee: {"source": "PC-susan.jerry.land", "msg": "Task Scheduler is shutting down Task Engine \\"S-1-5-18:NT AUTHORITY\\\\System:Service:\\"", "nteventlogtype": "Microsoft-Windows-TaskScheduler/Operational", "sourceproc": "Microsoft-Windows-TaskScheduler", "id": "301", "categoryid": "301", "category": "301", "keywordid": "0x8000000000000000", "user": "NT AUTHORITY\\\\SYSTEM", "user_sid": "S-1-5-18", "TaskEngineName": "S-1-5-18:NT AUTHORITY\\\\System:Service:", "catname": "Task engine properly shut down", "level": "Information"}
1521912543.198644	CIOnAT24kNeGY6CfPe	10.47.22.81	60245	10.47.2.153	514	udp	LOCAL0	INFO	1 2018-03-24T09:12:54-07:00 PC-susan.jerry.land EvntSLog - - - @cee: {"source": "PC-susan.jerry.land", "msg": "Task Scheduler shutdown Task Engine \\"S-1-5-18:NT AUTHORITY\\\\System:Service:\\"  process.", "nteventlogtype": "Microsoft-Windows-TaskScheduler/Operational", "sourceproc": "Microsoft-Windows-TaskScheduler", "id": "318", "categoryid": "318", "category": "318", "keywordid": "0x8000000000000000", "user": "NT AUTHORITY\\\\SYSTEM", "user_sid": "S-1-5-18", "TaskEngineName": "S-1-5-18:NT AUTHORITY\\\\System:Service:", "catname": "Task engine properly shut down", "level": "Information"}
1521912543.198646	CIOnAT24kNeGY6CfPe	10.47.22.81	60245	10.47.2.153	514	udp	LOCAL0	INFO	1 2018-03-24T09:12:54-07:00 PC-susan.jerry.land EvntSLog - - - @cee: {"source": "PC-susan.jerry.land", "msg": "Task Scheduler shutdown Task Engine \\"S-1-5-18:NT AUTHORITY\\\\System:Service:\\"  process.", "nteventlogtype": "Microsoft-Windows-TaskScheduler/Operational", "sourceproc": "Microsoft-Windows-TaskScheduler", "id": "318", "categoryid": "318", "category": "318", "keywordid": "0x8000000000000000", "user": "NT AUTHORITY\\\\SYSTEM", "user_sid": "S-1-5-18", "TaskEngineName": "S-1-5-18:NT AUTHORITY\\\\System:Service:", "catname": "Task engine properly shut down", "level": "Information"}
1521912543.198675	CIOnAT24kNeGY6CfPe	10.47.22.81	60245	10.47.2.153	514	udp	LOCAL0	INFO	1 2018-03-24T09:12:54-07:00 PC-susan.jerry.land EvntSLog - - - @cee: {"source": "PC-susan.jerry.land", "msg": "Task Scheduler shutdown Task Engine \\"S-1-5-18:NT AUTHORITY\\\\System:Service:\\"  process.", "nteventlogtype": "Microsoft-Windows-TaskScheduler/Operational", "sourceproc": "Microsoft-Windows-TaskScheduler", "id": "318", "categoryid": "318", "category": "318", "keywordid": "0x8000000000000000", "user": "NT AUTHORITY\\\\SYSTEM", "user_sid": "S-1-5-18", "TaskEngineName": "S-1-5-18:NT AUTHORITY\\\\System:Service:", "catname": "Task engine properly shut down", "level": "Information"}
1521912543.198679	CIOnAT24kNeGY6CfPe	10.47.22.81	60245	10.47.2.153	514	udp	LOCAL0	INFO	1 2018-03-24T09:12:54-07:00 PC-susan.jerry.land EvntSLog - - - @cee: {"source": "PC-susan.jerry.land", "msg": "Task Scheduler shutdown Task Engine \\"S-1-5-18:NT AUTHORITY\\\\System:Service:\\"  process.", "nteventlogtype": "Microsoft-Windows-TaskScheduler/Operational", "sourceproc": "Microsoft-Windows-TaskScheduler", "id": "318", "categoryid": "318", "category": "318", "keywordid": "0x8000000000000000", "user": "NT AUTHORITY\\\\SYSTEM", "user_sid": "S-1-5-18", "TaskEngineName": "S-1-5-18:NT AUTHORITY\\\\System:Service:", "catname": "Task engine properly shut down", "level": "Information"}
1521912543.215002	CIOnAT24kNeGY6CfPe	10.47.22.81	60245	10.47.2.153	514	udp	LOCAL0	INFO	1 2018-03-24T09:12:54-07:00 PC-susan.jerry.land EvntSLog - - - @cee: {"source": "PC-susan.jerry.land", "msg": "Task Scheduler shutdown Task Engine \\"S-1-5-18:NT AUTHORITY\\\\System:Service:\\"  process.", "nteventlogtype": "Microsoft-Windows-TaskScheduler/Operational", "sourceproc": "Microsoft-Windows-TaskScheduler", "id": "318", "categoryid": "318", "category": "318", "keywordid": "0x8000000000000000", "user": "NT AUTHORITY\\\\SYSTEM", "user_sid": "S-1-5-18", "TaskEngineName": "S-1-5-18:NT AUTHORITY\\\\System:Service:", "catname": "Task engine properly shut down", "level": "Information"}
1521912543.215004	CIOnAT24kNeGY6CfPe	10.47.22.81	60245	10.47.2.153	514	udp	LOCAL0	INFO	1 2018-03-24T09:12:54-07:00 PC-susan.jerry.land EvntSLog - - - @cee: {"source": "PC-susan.jerry.land", "msg": "Task Scheduler shutdown Task Engine \\"S-1-5-18:NT AUTHORITY\\\\System:Service:\\"  process.", "nteventlogtype": "Microsoft-Windows-TaskScheduler/Operational", "sourceproc": "Microsoft-Windows-TaskScheduler", "id": "318", "categoryid": "318", "category": "318", "keywordid": "0x8000000000000000", "user": "NT AUTHORITY\\\\SYSTEM", "user_sid": "S-1-5-18", "TaskEngineName": "S-1-5-18:NT AUTHORITY\\\\System:Service:", "catname": "Task engine properly shut down", "level": "Information"}
1521912543.215006	CIOnAT24kNeGY6CfPe	10.47.22.81	60245	10.47.2.153	514	udp	LOCAL0	INFO	1 2018-03-24T09:12:54-07:00 PC-susan.jerry.land EvntSLog - - - @cee: {"source": "PC-susan.jerry.land", "msg": "Task Scheduler shutdown Task Engine \\"S-1-5-18:NT AUTHORITY\\\\System:Service:\\"  process.", "nteventlogtype": "Microsoft-Windows-TaskScheduler/Operational", "sourceproc": "Microsoft-Windows-TaskScheduler", "id": "318", "categoryid": "318", "category": "318", "keywordid": "0x8000000000000000", "user": "NT AUTHORITY\\\\SYSTEM", "user_sid": "S-1-5-18", "TaskEngineName": "S-1-5-18:NT AUTHORITY\\\\System:Service:", "catname": "Task engine properly shut down", "level": "Information"}
1521912543.215114	CIOnAT24kNeGY6CfPe	10.47.22.81	60245	10.47.2.153	514	udp	LOCAL0	INFO	1 2018-03-24T09:12:54-07:00 PC-susan.jerry.land EvntSLog - - - @cee: {"source": "PC-susan.jerry.land", "msg": "Task Scheduler shutdown Task Engine \\"S-1-5-18:NT AUTHORITY\\\\System:Service:\\"  process.", "nteventlogtype": "Microsoft-Windows-TaskScheduler/Operational", "sourceproc": "Microsoft-Windows-TaskScheduler", "id": "318", "categoryid": "318", "category": "318", "keywordid": "0x8000000000000000", "user": "NT AUTHORITY\\\\SYSTEM", "user_sid": "S-1-5-18", "TaskEngineName": "S-1-5-18:NT AUTHORITY\\\\System:Service:", "catname": "Task engine properly shut down", "level": "Information"}
1521912543.767366	CGBc2r3M6weVuES46a	10.47.22.82	62695	10.47.2.153	514	udp	LOCAL0	INFO	1 2018-03-24T09:12:54-07:00 PC-helen.jerry.land EvntSLog - - - @cee: {"source": "PC-helen.jerry.land", "msg": "Task Scheduler is shutting down Task Engine \\"S-1-5-18:NT AUTHORITY\\\\System:Service:\\"", "nteventlogtype": "Microsoft-Windows-TaskScheduler/Operational", "sourceproc": "Microsoft-Windows-TaskScheduler", "id": "301", "categoryid": "301", "category": "301", "keywordid": "0x8000000000000000", "user": "NT AUTHORITY\\\\SYSTEM", "user_sid": "S-1-5-18", "TaskEngineName": "S-1-5-18:NT AUTHORITY\\\\System:Service:", "catname": "Task engine properly shut down", "level": "Information"}
1521912543.767373	CGBc2r3M6weVuES46a	10.47.22.82	62695	10.47.2.153	514	udp	LOCAL0	INFO	1 2018-03-24T09:12:54-07:00 PC-helen.jerry.land EvntSLog - - - @cee: {"source": "PC-helen.jerry.land", "msg": "Task Scheduler is shutting down Task Engine \\"S-1-5-18:NT AUTHORITY\\\\System:Service:\\"", "nteventlogtype": "Microsoft-Windows-TaskScheduler/Operational", "sourceproc": "Microsoft-Windows-TaskScheduler", "id": "301", "categoryid": "301", "category": "301", "keywordid": "0x8000000000000000", "user": "NT AUTHORITY\\\\SYSTEM", "user_sid": "S-1-5-18", "TaskEngineName": "S-1-5-18:NT AUTHORITY\\\\System:Service:", "catname": "Task engine properly shut down", "level": "Information"}
1521912543.767441	CGBc2r3M6weVuES46a	10.47.22.82	62695	10.47.2.153	514	udp	LOCAL0	INFO	1 2018-03-24T09:12:54-07:00 PC-helen.jerry.land EvntSLog - - - @cee: {"source": "PC-helen.jerry.land", "msg": "Task Scheduler is shutting down Task Engine \\"S-1-5-18:NT AUTHORITY\\\\System:Service:\\"", "nteventlogtype": "Microsoft-Windows-TaskScheduler/Operational", "sourceproc": "Microsoft-Windows-TaskScheduler", "id": "301", "categoryid": "301", "category": "301", "keywordid": "0x8000000000000000", "user": "NT AUTHORITY\\\\SYSTEM", "user_sid": "S-1-5-18", "TaskEngineName": "S-1-5-18:NT AUTHORITY\\\\System:Service:", "catname": "Task engine properly shut down", "level": "Information"}
1521912543.767562	CGBc2r3M6weVuES46a	10.47.22.82	62695	10.47.2.153	514	udp	LOCAL0	INFO	1 2018-03-24T09:12:54-07:00 PC-helen.jerry.land EvntSLog - - - @cee: {"source": "PC-helen.jerry.land", "msg": "Task Scheduler is shutting down Task Engine \\"S-1-5-18:NT AUTHORITY\\\\System:Service:\\"", "nteventlogtype": "Microsoft-Windows-TaskScheduler/Operational", "sourceproc": "Microsoft-Windows-TaskScheduler", "id": "301", "categoryid": "301", "category": "301", "keywordid": "0x8000000000000000", "user": "NT AUTHORITY\\\\SYSTEM", "user_sid": "S-1-5-18", "TaskEngineName": "S-1-5-18:NT AUTHORITY\\\\System:Service:", "catname": "Task engine properly shut down", "level": "Information"}
1521912543.782158	CGBc2r3M6weVuES46a	10.47.22.82	62695	10.47.2.153	514	udp	LOCAL0	INFO	1 2018-03-24T09:12:54-07:00 PC-helen.jerry.land EvntSLog - - - @cee: {"source": "PC-helen.jerry.land", "msg": "Task Scheduler shutdown Task Engine \\"S-1-5-18:NT AUTHORITY\\\\System:Service:\\"  process.", "nteventlogtype": "Microsoft-Windows-TaskScheduler/Operational", "sourceproc": "Microsoft-Windows-TaskScheduler", "id": "318", "categoryid": "318", "category": "318", "keywordid": "0x8000000000000000", "user": "NT AUTHORITY\\\\SYSTEM", "user_sid": "S-1-5-18", "TaskEngineName": "S-1-5-18:NT AUTHORITY\\\\System:Service:", "catname": "Task engine properly shut down", "level": "Information"}
1521912543.782163	CGBc2r3M6weVuES46a	10.47.22.82	62695	10.47.2.153	514	udp	LOCAL0	INFO	1 2018-03-24T09:12:54-07:00 PC-helen.jerry.land EvntSLog - - - @cee: {"source": "PC-helen.jerry.land", "msg": "Task Scheduler shutdown Task Engine \\"S-1-5-18:NT AUTHORITY\\\\System:Service:\\"  process.", "nteventlogtype": "Microsoft-Windows-TaskScheduler/Operational", "sourceproc": "Microsoft-Windows-TaskScheduler", "id": "318", "categoryid": "318", "category": "318", "keywordid": "0x8000000000000000", "user": "NT AUTHORITY\\\\SYSTEM", "user_sid": "S-1-5-18", "TaskEngineName": "S-1-5-18:NT AUTHORITY\\\\System:Service:", "catname": "Task engine properly shut down", "level": "Information"}
1521912543.782203	CGBc2r3M6weVuES46a	10.47.22.82	62695	10.47.2.153	514	udp	LOCAL0	INFO	1 2018-03-24T09:12:54-07:00 PC-helen.jerry.land EvntSLog - - - @cee: {"source": "PC-helen.jerry.land", "msg": "Task Scheduler shutdown Task Engine \\"S-1-5-18:NT AUTHORITY\\\\System:Service:\\"  process.", "nteventlogtype": "Microsoft-Windows-TaskScheduler/Operational", "sourceproc": "Microsoft-Windows-TaskScheduler", "id": "318", "categoryid": "318", "category": "318", "keywordid": "0x8000000000000000", "user": "NT AUTHORITY\\\\SYSTEM", "user_sid": "S-1-5-18", "TaskEngineName": "S-1-5-18:NT AUTHORITY\\\\System:Service:", "catname": "Task engine properly shut down", "level": "Information"}
1521912543.782207	CGBc2r3M6weVuES46a	10.47.22.82	62695	10.47.2.153	514	udp	LOCAL0	INFO	1 2018-03-24T09:12:54-07:00 PC-helen.jerry.land EvntSLog - - - @cee: {"source": "PC-helen.jerry.land", "msg": "Task Scheduler shutdown Task Engine \\"S-1-5-18:NT AUTHORITY\\\\System:Service:\\"  process.", "nteventlogtype": "Microsoft-Windows-TaskScheduler/Operational", "sourceproc": "Microsoft-Windows-TaskScheduler", "id": "318", "categoryid": "318", "category": "318", "keywordid": "0x8000000000000000", "user": "NT AUTHORITY\\\\SYSTEM", "user_sid": "S-1-5-18", "TaskEngineName": "S-1-5-18:NT AUTHORITY\\\\System:Service:", "catname": "Task engine properly shut down", "level": "Information"}
1521912543.796281	CGBc2r3M6weVuES46a	10.47.22.82	62695	10.47.2.153	514	udp	LOCAL0	INFO	1 2018-03-24T09:12:54-07:00 PC-helen.jerry.land EvntSLog - - - @cee: {"source": "PC-helen.jerry.land", "msg": "Task Scheduler shutdown Task Engine \\"S-1-5-18:NT AUTHORITY\\\\System:Service:\\"  process.", "nteventlogtype": "Microsoft-Windows-TaskScheduler/Operational", "sourceproc": "Microsoft-Windows-TaskScheduler", "id": "318", "categoryid": "318", "category": "318", "keywordid": "0x8000000000000000", "user": "NT AUTHORITY\\\\SYSTEM", "user_sid": "S-1-5-18", "TaskEngineName": "S-1-5-18:NT AUTHORITY\\\\System:Service:", "catname": "Task engine properly shut down", "level": "Information"}
1521912543.796287	CGBc2r3M6weVuES46a	10.47.22.82	62695	10.47.2.153	514	udp	LOCAL0	INFO	1 2018-03-24T09:12:54-07:00 PC-helen.jerry.land EvntSLog - - - @cee: {"source": "PC-helen.jerry.land", "msg": "Task Scheduler shutdown Task Engine \\"S-1-5-18:NT AUTHORITY\\\\System:Service:\\"  process.", "nteventlogtype": "Microsoft-Windows-TaskScheduler/Operational", "sourceproc": "Microsoft-Windows-TaskScheduler", "id": "318", "categoryid": "318", "category": "318", "keywordid": "0x8000000000000000", "user": "NT AUTHORITY\\\\SYSTEM", "user_sid": "S-1-5-18", "TaskEngineName": "S-1-5-18:NT AUTHORITY\\\\System:Service:", "catname": "Task engine properly shut down", "level": "Information"}
1521912543.796291	CGBc2r3M6weVuES46a	10.47.22.82	62695	10.47.2.153	514	udp	LOCAL0	INFO	1 2018-03-24T09:12:54-07:00 PC-helen.jerry.land EvntSLog - - - @cee: {"source": "PC-helen.jerry.land", "msg": "Task Scheduler shutdown Task Engine \\"S-1-5-18:NT AUTHORITY\\\\System:Service:\\"  process.", "nteventlogtype": "Microsoft-Windows-TaskScheduler/Operational", "sourceproc": "Microsoft-Windows-TaskScheduler", "id": "318", "categoryid": "318", "category": "318", "keywordid": "0x8000000000000000", "user": "NT AUTHORITY\\\\SYSTEM", "user_sid": "S-1-5-18", "TaskEngineName": "S-1-5-18:NT AUTHORITY\\\\System:Service:", "catname": "Task engine properly shut down", "level": "Information"}
1521912543.796293	CGBc2r3M6weVuES46a	10.47.22.82	62695	10.47.2.153	514	udp	LOCAL0	INFO	1 2018-03-24T09:12:54-07:00 PC-helen.jerry.land EvntSLog - - - @cee: {"source": "PC-helen.jerry.land", "msg": "Task Scheduler shutdown Task Engine \\"S-1-5-18:NT AUTHORITY\\\\System:Service:\\"  process.", "nteventlogtype": "Microsoft-Windows-TaskScheduler/Operational", "sourceproc": "Microsoft-Windows-TaskScheduler", "id": "318", "categoryid": "318", "category": "318", "keywordid": "0x8000000000000000", "user": "NT AUTHORITY\\\\SYSTEM", "user_sid": "S-1-5-18", "TaskEngineName": "S-1-5-18:NT AUTHORITY\\\\System:Service:", "catname": "Task engine properly shut down", "level": "Information"}
1521912544.675477	C5Y0qR2TdfH3LoYNhf	10.47.22.25	58947	10.47.2.153	514	udp	LOCAL0	NOTICE	1 2018-03-24T09:12:54-07:00 Kramer.jerry.land EvntSLog - - - A Kerberos service ticket was requested. Account Information: Account Name: PC-NEWMAN$@JERRY.LAND Account Domain: JERRY.LAND Logon GUID: {822D621B-0F1A-1304-94A2-F5C898115940} Service Information: Service Name: krbtgt Service ID: S-1-5-21-1311969832-1707640848-2310541705-502 Network Information: Client Address: ::ffff:172.20.0.80 Client Port: 50181 Additional Information: Ticket Options: 0x60810010 Ticket Encryption Type: 0x17 Failure Code: 0x0 Transited Services: - This event is generated every time access is requested to a resource such as a computer or a Windows service. The service name indicates the resource to which access was requested. This event can be correlated with Windows logon events by comparing the Logon GUID fields in each event. The logon event occurs on the machine that was accessed, which is often a different machine than the domain controller which issued the service ticket. Ticket options, encryption types, and failure codes are defined in RFC 4120.
1521912544.675519	C5Y0qR2TdfH3LoYNhf	10.47.22.25	58947	10.47.2.153	514	udp	LOCAL0	NOTICE	1 2018-03-24T09:12:54-07:00 Kramer.jerry.land EvntSLog - - - A Kerberos service ticket was requested. Account Information: Account Name: PC-NEWMAN$@JERRY.LAND Account Domain: JERRY.LAND Logon GUID: {822D621B-0F1A-1304-94A2-F5C898115940} Service Information: Service Name: krbtgt Service ID: S-1-5-21-1311969832-1707640848-2310541705-502 Network Information: Client Address: ::ffff:172.20.0.80 Client Port: 50181 Additional Information: Ticket Options: 0x60810010 Ticket Encryption Type: 0x17 Failure Code: 0x0 Transited Services: - This event is generated every time access is requested to a resource such as a computer or a Windows service. The service name indicates the resource to which access was requested. This event can be correlated with Windows logon events by comparing the Logon GUID fields in each event. The logon event occurs on the machine that was accessed, which is often a different machine than the domain controller which issued the service ticket. Ticket options, encryption types, and failure codes are defined in RFC 4120.
1521912544.675777	C5Y0qR2TdfH3LoYNhf	10.47.22.25	58947	10.47.2.153	514	udp	LOCAL0	NOTICE	1 2018-03-24T09:12:54-07:00 Kramer.jerry.land EvntSLog - - - A Kerberos service ticket was requested. Account Information: Account Name: PC-NEWMAN$@JERRY.LAND Account Domain: JERRY.LAND Logon GUID: {822D621B-0F1A-1304-94A2-F5C898115940} Service Information: Service Name: krbtgt Service ID: S-1-5-21-1311969832-1707640848-2310541705-502 Network Information: Client Address: ::ffff:172.20.0.80 Client Port: 50181 Additional Information: Ticket Options: 0x60810010 Ticket Encryption Type: 0x17 Failure Code: 0x0 Transited Services: - This event is generated every time access is requested to a resource such as a computer or a Windows service. The service name indicates the resource to which access was requested. This event can be correlated with Windows logon events by comparing the Logon GUID fields in each event. The logon event occurs on the machine that was accessed, which is often a different machine than the domain controller which issued the service ticket. Ticket options, encryption types, and failure codes are defined in RFC 4120.
1521912544.675781	C5Y0qR2TdfH3LoYNhf	10.47.22.25	58947	10.47.2.153	514	udp	LOCAL0	NOTICE	1 2018-03-24T09:12:54-07:00 Kramer.jerry.land EvntSLog - - - A Kerberos service ticket was requested. Account Information: Account Name: PC-NEWMAN$@JERRY.LAND Account Domain: JERRY.LAND Logon GUID: {822D621B-0F1A-1304-94A2-F5C898115940} Service Information: Service Name: krbtgt Service ID: S-1-5-21-1311969832-1707640848-2310541705-502 Network Information: Client Address: ::ffff:172.20.0.80 Client Port: 50181 Additional Information: Ticket Options: 0x60810010 Ticket Encryption Type: 0x17 Failure Code: 0x0 Transited Services: - This event is generated every time access is requested to a resource such as a computer or a Windows service. The service name indicates the resource to which access was requested. This event can be correlated with Windows logon events by comparing the Logon GUID fields in each event. The logon event occurs on the machine that was accessed, which is often a different machine than the domain controller which issued the service ticket. Ticket options, encryption types, and failure codes are defined in RFC 4120.
1521912544.690189	C5Y0qR2TdfH3LoYNhf	10.47.22.25	58947	10.47.2.153	514	udp	LOCAL0	NOTICE	1 2018-03-24T09:12:54-07:00 Kramer.jerry.land EvntSLog - - - An account was successfully logged on. Subject: Security ID: S-1-0-0 Account Name: - Account Domain: - Logon ID: 0x0 Logon Type: 3 New Logon: Security ID: S-1-5-21-1311969832-1707640848-2310541705-1103 Account Name: PC-NEWMAN$ Account Domain: JERRY Logon ID: 0x3c8a897 Logon GUID: {E6679B1A-EBA3-D900-7CD6-5CFC27AA1E09} Process Information: Process ID: 0x0 Process Name: - Network Information: Workstation Name: Source Network Address: 172.20.0.80 Source Port: 50179 Detailed Authentication Information: Logon Process: Kerberos Authentication Package: Kerberos Transited Services: - Package Name (NTLM only): - Key Length: 0 This event is generated when a logon session is created. It is generated on the computer that was accessed. The subject fields indicate the account on the local system which requested the logon. This is most commonly a service such as the Server service, or a local process such as Winlogon.exe or Services.exe. The logon type field indicates the kind of logon that occurred. The most common types are 2 (interactive) and 3 (network). The New Logon fields indicate the account for whom the new logon was created, i.e. the account that was logged on. The network fields indicate where a remote logon request originated. Workstation name is not always available and may be left blank in some cases. The authentication information fields provide detailed information about this specific logon request. - Logon GUID is a unique identifier that can be used to correlate this event with a KDC event. - Transited services indicate which intermediate services have participated in this logon request. - Package name indicates which sub-protocol was used among the NTLM protocols. - Key length indicates the length of the generated session key. This will be 0 if no session key was requested.
1521912544.690194	C5Y0qR2TdfH3LoYNhf	10.47.22.25	58947	10.47.2.153	514	udp	LOCAL0	NOTICE	1 2018-03-24T09:12:54-07:00 Kramer.jerry.land EvntSLog - - - An account was successfully logged on. Subject: Security ID: S-1-0-0 Account Name: - Account Domain: - Logon ID: 0x0 Logon Type: 3 New Logon: Security ID: S-1-5-21-1311969832-1707640848-2310541705-1103 Account Name: PC-NEWMAN$ Account Domain: JERRY Logon ID: 0x3c8a897 Logon GUID: {E6679B1A-EBA3-D900-7CD6-5CFC27AA1E09} Process Information: Process ID: 0x0 Process Name: - Network Information: Workstation Name: Source Network Address: 172.20.0.80 Source Port: 50179 Detailed Authentication Information: Logon Process: Kerberos Authentication Package: Kerberos Transited Services: - Package Name (NTLM only): - Key Length: 0 This event is generated when a logon session is created. It is generated on the computer that was accessed. The subject fields indicate the account on the local system which requested the logon. This is most commonly a service such as the Server service, or a local process such as Winlogon.exe or Services.exe. The logon type field indicates the kind of logon that occurred. The most common types are 2 (interactive) and 3 (network). The New Logon fields indicate the account for whom the new logon was created, i.e. the account that was logged on. The network fields indicate where a remote logon request originated. Workstation name is not always available and may be left blank in some cases. The authentication information fields provide detailed information about this specific logon request. - Logon GUID is a unique identifier that can be used to correlate this event with a KDC event. - Transited services indicate which intermediate services have participated in this logon request. - Package name indicates which sub-protocol was used among the NTLM protocols. - Key length indicates the length of the generated session key. This will be 0 if no session key was requested.
1521912544.690269	C5Y0qR2TdfH3LoYNhf	10.47.22.25	58947	10.47.2.153	514	udp	LOCAL0	NOTICE	1 2018-03-24T09:12:54-07:00 Kramer.jerry.land EvntSLog - - - An account was successfully logged on. Subject: Security ID: S-1-0-0 Account Name: - Account Domain: - Logon ID: 0x0 Logon Type: 3 New Logon: Security ID: S-1-5-21-1311969832-1707640848-2310541705-1103 Account Name: PC-NEWMAN$ Account Domain: JERRY Logon ID: 0x3c8a897 Logon GUID: {E6679B1A-EBA3-D900-7CD6-5CFC27AA1E09} Process Information: Process ID: 0x0 Process Name: - Network Information: Workstation Name: Source Network Address: 172.20.0.80 Source Port: 50179 Detailed Authentication Information: Logon Process: Kerberos Authentication Package: Kerberos Transited Services: - Package Name (NTLM only): - Key Length: 0 This event is generated when a logon session is created. It is generated on the computer that was accessed. The subject fields indicate the account on the local system which requested the logon. This is most commonly a service such as the Server service, or a local process such as Winlogon.exe or Services.exe. The logon type field indicates the kind of logon that occurred. The most common types are 2 (interactive) and 3 (network). The New Logon fields indicate the account for whom the new logon was created, i.e. the account that was logged on. The network fields indicate where a remote logon request originated. Workstation name is not always available and may be left blank in some cases. The authentication information fields provide detailed information about this specific logon request. - Logon GUID is a unique identifier that can be used to correlate this event with a KDC event. - Transited services indicate which intermediate services have participated in this logon request. - Package name indicates which sub-protocol was used among the NTLM protocols. - Key length indicates the length of the generated session key. This will be 0 if no session key was requested.
1521912544.690273	C5Y0qR2TdfH3LoYNhf	10.47.22.25	58947	10.47.2.153	514	udp	LOCAL0	NOTICE	1 2018-03-24T09:12:54-07:00 Kramer.jerry.land EvntSLog - - - An account was successfully logged on. Subject: Security ID: S-1-0-0 Account Name: - Account Domain: - Logon ID: 0x0 Logon Type: 3 New Logon: Security ID: S-1-5-21-1311969832-1707640848-2310541705-1103 Account Name: PC-NEWMAN$ Account Domain: JERRY Logon ID: 0x3c8a897 Logon GUID: {E6679B1A-EBA3-D900-7CD6-5CFC27AA1E09} Process Information: Process ID: 0x0 Process Name: - Network Information: Workstation Name: Source Network Address: 172.20.0.80 Source Port: 50179 Detailed Authentication Information: Logon Process: Kerberos Authentication Package: Kerberos Transited Services: - Package Name (NTLM only): - Key Length: 0 This event is generated when a logon session is created. It is generated on the computer that was accessed. The subject fields indicate the account on the local system which requested the logon. This is most commonly a service such as the Server service, or a local process such as Winlogon.exe or Services.exe. The logon type field indicates the kind of logon that occurred. The most common types are 2 (interactive) and 3 (network). The New Logon fields indicate the account for whom the new logon was created, i.e. the account that was logged on. The network fields indicate where a remote logon request originated. Workstation name is not always available and may be left blank in some cases. The authentication information fields provide detailed information about this specific logon request. - Logon GUID is a unique identifier that can be used to correlate this event with a KDC event. - Transited services indicate which intermediate services have participated in this logon request. - Package name indicates which sub-protocol was used among the NTLM protocols. - Key length indicates the length of the generated session key. This will be 0 if no session key was requested.
1521912558.873279	C5Y0qR2TdfH3LoYNhf	10.47.22.25	58947	10.47.2.153	514	udp	LOCAL0	NOTICE	1 2018-03-24T09:13:09-07:00 Kramer.jerry.land EvntSLog - - - An account was logged off. Subject: Security ID: S-1-5-21-1311969832-1707640848-2310541705-1103 Account Name: PC-NEWMAN$ Account Domain: JERRY Logon ID: 0x3c8a897 Logon Type: 3 This event is generated when a logon session is destroyed. It may be positively correlated with a logon event using the Logon ID value. Logon IDs are only unique between reboots on the same computer.
1521912558.873283	C5Y0qR2TdfH3LoYNhf	10.47.22.25	58947	10.47.2.153	514	udp	LOCAL0	NOTICE	1 2018-03-24T09:13:09-07:00 Kramer.jerry.land EvntSLog - - - An account was logged off. Subject: Security ID: S-1-5-21-1311969832-1707640848-2310541705-1103 Account Name: PC-NEWMAN$ Account Domain: JERRY Logon ID: 0x3c8a897 Logon Type: 3 This event is generated when a logon session is destroyed. It may be positively correlated with a logon event using the Logon ID value. Logon IDs are only unique between reboots on the same computer.
1521912558.873285	C5Y0qR2TdfH3LoYNhf	10.47.22.25	58947	10.47.2.153	514	udp	LOCAL0	NOTICE	1 2018-03-24T09:13:09-07:00 Kramer.jerry.land EvntSLog - - - An account was logged off. Subject: Security ID: S-1-5-21-1311969832-1707640848-2310541705-1103 Account Name: PC-NEWMAN$ Account Domain: JERRY Logon ID: 0x3c8a897 Logon Type: 3 This event is generated when a logon session is destroyed. It may be positively correlated with a logon event using the Logon ID value. Logon IDs are only unique between reboots on the same computer.
1521912558.873287	C5Y0qR2TdfH3LoYNhf	10.47.22.25	58947	10.47.2.153	514	udp	LOCAL0	NOTICE	1 2018-03-24T09:13:09-07:00 Kramer.jerry.land EvntSLog - - - An account was logged off. Subject: Security ID: S-1-5-21-1311969832-1707640848-2310541705-1103 Account Name: PC-NEWMAN$ Account Domain: JERRY Logon ID: 0x3c8a897 Logon Type: 3 This event is generated when a logon session is destroyed. It may be positively correlated with a logon event using the Logon ID value. Logon IDs are only unique between reboots on the same computer.
1521912572.053606	C5Y0qR2TdfH3LoYNhf	10.47.22.25	58947	10.47.2.153	514	udp	LOCAL0	NOTICE	1 2018-03-24T09:13:22-07:00 Kramer.jerry.land EvntSLog - - - The domain controller attempted to validate the credentials for an account. Authentication Package: MICROSOFT_AUTHENTICATION_PACKAGE_V1_0 Logon Account: Guest Source Workstation: WORKSTATION Error Code: 0x0
1521912572.053609	C5Y0qR2TdfH3LoYNhf	10.47.22.25	58947	10.47.2.153	514	udp	LOCAL0	NOTICE	1 2018-03-24T09:13:22-07:00 Kramer.jerry.land EvntSLog - - - The domain controller attempted to validate the credentials for an account. Authentication Package: MICROSOFT_AUTHENTICATION_PACKAGE_V1_0 Logon Account: Guest Source Workstation: WORKSTATION Error Code: 0x0
1521912572.053620	C5Y0qR2TdfH3LoYNhf	10.47.22.25	58947	10.47.2.153	514	udp	LOCAL0	NOTICE	1 2018-03-24T09:13:22-07:00 Kramer.jerry.land EvntSLog - - - The domain controller attempted to validate the credentials for an account. Authentication Package: MICROSOFT_AUTHENTICATION_PACKAGE_V1_0 Logon Account: Guest Source Workstation: WORKSTATION Error Code: 0x0
1521912572.053622	C5Y0qR2TdfH3LoYNhf	10.47.22.25	58947	10.47.2.153	514	udp	LOCAL0	NOTICE	1 2018-03-24T09:13:22-07:00 Kramer.jerry.land EvntSLog - - - The domain controller attempted to validate the credentials for an account. Authentication Package: MICROSOFT_AUTHENTICATION_PACKAGE_V1_0 Logon Account: Guest Source Workstation: WORKSTATION Error Code: 0x0
1521912572.068808	C5Y0qR2TdfH3LoYNhf	10.47.22.25	58947	10.47.2.153	514	udp	LOCAL0	NOTICE	1 2018-03-24T09:13:22-07:00 Kramer.jerry.land EvntSLog - - - Special privileges assigned to new logon. Subject: Security ID: S-1-5-21-1311969832-1707640848-2310541705-501 Account Name: Guest Account Domain: JERRY Logon ID: 0x3c8d8fd Privileges: SeSecurityPrivilege SeBackupPrivilege SeRestorePrivilege SeTakeOwnershipPrivilege SeDebugPrivilege SeSystemEnvironmentPrivilege SeLoadDriverPrivilege SeImpersonatePrivilege SeEnableDelegationPrivilege
1521912572.068811	C5Y0qR2TdfH3LoYNhf	10.47.22.25	58947	10.47.2.153	514	udp	LOCAL0	NOTICE	1 2018-03-24T09:13:22-07:00 Kramer.jerry.land EvntSLog - - - Special privileges assigned to new logon. Subject: Security ID: S-1-5-21-1311969832-1707640848-2310541705-501 Account Name: Guest Account Domain: JERRY Logon ID: 0x3c8d8fd Privileges: SeSecurityPrivilege SeBackupPrivilege SeRestorePrivilege SeTakeOwnershipPrivilege SeDebugPrivilege SeSystemEnvironmentPrivilege SeLoadDriverPrivilege SeImpersonatePrivilege SeEnableDelegationPrivilege
1521912572.068813	C5Y0qR2TdfH3LoYNhf	10.47.22.25	58947	10.47.2.153	514	udp	LOCAL0	NOTICE	1 2018-03-24T09:13:22-07:00 Kramer.jerry.land EvntSLog - - - Special privileges assigned to new logon. Subject: Security ID: S-1-5-21-1311969832-1707640848-2310541705-501 Account Name: Guest Account Domain: JERRY Logon ID: 0x3c8d8fd Privileges: SeSecurityPrivilege SeBackupPrivilege SeRestorePrivilege SeTakeOwnershipPrivilege SeDebugPrivilege SeSystemEnvironmentPrivilege SeLoadDriverPrivilege SeImpersonatePrivilege SeEnableDelegationPrivilege
1521912572.068815	C5Y0qR2TdfH3LoYNhf	10.47.22.25	58947	10.47.2.153	514	udp	LOCAL0	NOTICE	1 2018-03-24T09:13:22-07:00 Kramer.jerry.land EvntSLog - - - Special privileges assigned to new logon. Subject: Security ID: S-1-5-21-1311969832-1707640848-2310541705-501 Account Name: Guest Account Domain: JERRY Logon ID: 0x3c8d8fd Privileges: SeSecurityPrivilege SeBackupPrivilege SeRestorePrivilege SeTakeOwnershipPrivilege SeDebugPrivilege SeSystemEnvironmentPrivilege SeLoadDriverPrivilege SeImpersonatePrivilege SeEnableDelegationPrivilege
