1521911793.256781	ClIW0K7GCQpzzKukf	10.47.22.25	58947	10.47.2.153	514	udp	LOCAL0	NOTICE	1 2018-03-24T09:00:24-07:00 Kramer.jerry.land EvntSLog - - - A Kerberos service ticket was requested. Account Information: Account Name: PC-SUSAN$@JERRY.LAND Account Domain: JERRY.LAND Logon GUID: {595936B7-2FB0-42D4-F004-1532BAF447EA} Service Information: Service Name: krbtgt Service ID: S-1-5-21-1311969832-1707640848-2310541705-502 Network Information: Client Address: ::ffff:172.20.0.81 Client Port: 1954 Additional Information: Ticket Options: 0x60810010 Ticket Encryption Type: 0x17 Failure Code: 0x0 Transited Services: - This event is generated every time access is requested to a resource such as a computer or a Windows service. The service name indicates the resource to which access was requested. This event can be correlated with Windows logon events by comparing the Logon GUID fields in each event. The logon event occurs on the machine that was accessed, which is often a different machine than the domain controller which issued the service ticket. Ticket options, encryption types, and failure codes are defined in RFC 4120.
1521911793.256784	ClIW0K7GCQpzzKukf	10.47.22.25	58947	10.47.2.153	514	udp	LOCAL0	NOTICE	1 2018-03-24T09:00:24-07:00 Kramer.jerry.land EvntSLog - - - A Kerberos service ticket was requested. Account Information: Account Name: PC-SUSAN$@JERRY.LAND Account Domain: JERRY.LAND Logon GUID: {595936B7-2FB0-42D4-F004-1532BAF447EA} Service Information: Service Name: krbtgt Service ID: S-1-5-21-1311969832-1707640848-2310541705-502 Network Information: Client Address: ::ffff:172.20.0.81 Client Port: 1954 Additional Information: Ticket Options: 0x60810010 Ticket Encryption Type: 0x17 Failure Code: 0x0 Transited Services: - This event is generated every time access is requested to a resource such as a computer or a Windows service. The service name indicates the resource to which access was requested. This event can be correlated with Windows logon events by comparing the Logon GUID fields in each event. The logon event occurs on the machine that was accessed, which is often a different machine than the domain controller which issued the service ticket. Ticket options, encryption types, and failure codes are defined in RFC 4120.
1521911793.256786	ClIW0K7GCQpzzKukf	10.47.22.25	58947	10.47.2.153	514	udp	LOCAL0	NOTICE	1 2018-03-24T09:00:24-07:00 Kramer.jerry.land EvntSLog - - - A Kerberos service ticket was requested. Account Information: Account Name: PC-SUSAN$@JERRY.LAND Account Domain: JERRY.LAND Logon GUID: {595936B7-2FB0-42D4-F004-1532BAF447EA} Service Information: Service Name: krbtgt Service ID: S-1-5-21-1311969832-1707640848-2310541705-502 Network Information: Client Address: ::ffff:172.20.0.81 Client Port: 1954 Additional Information: Ticket Options: 0x60810010 Ticket Encryption Type: 0x17 Failure Code: 0x0 Transited Services: - This event is generated every time access is requested to a resource such as a computer or a Windows service. The service name indicates the resource to which access was requested. This event can be correlated with Windows logon events by comparing the Logon GUID fields in each event. The logon event occurs on the machine that was accessed, which is often a different machine than the domain controller which issued the service ticket. Ticket options, encryption types, and failure codes are defined in RFC 4120.
1521911793.256788	ClIW0K7GCQpzzKukf	10.47.22.25	58947	10.47.2.153	514	udp	LOCAL0	NOTICE	1 2018-03-24T09:00:24-07:00 Kramer.jerry.land EvntSLog - - - A Kerberos service ticket was requested. Account Information: Account Name: PC-SUSAN$@JERRY.LAND Account Domain: JERRY.LAND Logon GUID: {595936B7-2FB0-42D4-F004-1532BAF447EA} Service Information: Service Name: krbtgt Service ID: S-1-5-21-1311969832-1707640848-2310541705-502 Network Information: Client Address: ::ffff:172.20.0.81 Client Port: 1954 Additional Information: Ticket Options: 0x60810010 Ticket Encryption Type: 0x17 Failure Code: 0x0 Transited Services: - This event is generated every time access is requested to a resource such as a computer or a Windows service. The service name indicates the resource to which access was requested. This event can be correlated with Windows logon events by comparing the Logon GUID fields in each event. The logon event occurs on the machine that was accessed, which is often a different machine than the domain controller which issued the service ticket. Ticket options, encryption types, and failure codes are defined in RFC 4120.
1521911793.272688	ClIW0K7GCQpzzKukf	10.47.22.25	58947	10.47.2.153	514	udp	LOCAL0	NOTICE	1 2018-03-24T09:00:24-07:00 Kramer.jerry.land EvntSLog - - - An account was successfully logged on. Subject: Security ID: S-1-0-0 Account Name: - Account Domain: - Logon ID: 0x0 Logon Type: 3 New Logon: Security ID: S-1-5-21-1311969832-1707640848-2310541705-1104 Account Name: PC-SUSAN$ Account Domain: JERRY Logon ID: 0x3bb12fd Logon GUID: {C5369958-ACFB-39E9-DC5F-42797C41B666} Process Information: Process ID: 0x0 Process Name: - Network Information: Workstation Name: Source Network Address: 172.20.0.81 Source Port: 1952 Detailed Authentication Information: Logon Process: Kerberos Authentication Package: Kerberos Transited Services: - Package Name (NTLM only): - Key Length: 0 This event is generated when a logon session is created. It is generated on the computer that was accessed. The subject fields indicate the account on the local system which requested the logon. This is most commonly a service such as the Server service, or a local process such as Winlogon.exe or Services.exe. The logon type field indicates the kind of logon that occurred. The most common types are 2 (interactive) and 3 (network). The New Logon fields indicate the account for whom the new logon was created, i.e. the account that was logged on. The network fields indicate where a remote logon request originated. Workstation name is not always available and may be left blank in some cases. The authentication information fields provide detailed information about this specific logon request. - Logon GUID is a unique identifier that can be used to correlate this event with a KDC event. - Transited services indicate which intermediate services have participated in this logon request. - Package name indicates which sub-protocol was used among the NTLM protocols. - Key length indicates the length of the generated session key. This will be 0 if no session key was requested.
1521911793.272692	ClIW0K7GCQpzzKukf	10.47.22.25	58947	10.47.2.153	514	udp	LOCAL0	NOTICE	1 2018-03-24T09:00:24-07:00 Kramer.jerry.land EvntSLog - - - An account was successfully logged on. Subject: Security ID: S-1-0-0 Account Name: - Account Domain: - Logon ID: 0x0 Logon Type: 3 New Logon: Security ID: S-1-5-21-1311969832-1707640848-2310541705-1104 Account Name: PC-SUSAN$ Account Domain: JERRY Logon ID: 0x3bb12fd Logon GUID: {C5369958-ACFB-39E9-DC5F-42797C41B666} Process Information: Process ID: 0x0 Process Name: - Network Information: Workstation Name: Source Network Address: 172.20.0.81 Source Port: 1952 Detailed Authentication Information: Logon Process: Kerberos Authentication Package: Kerberos Transited Services: - Package Name (NTLM only): - Key Length: 0 This event is generated when a logon session is created. It is generated on the computer that was accessed. The subject fields indicate the account on the local system which requested the logon. This is most commonly a service such as the Server service, or a local process such as Winlogon.exe or Services.exe. The logon type field indicates the kind of logon that occurred. The most common types are 2 (interactive) and 3 (network). The New Logon fields indicate the account for whom the new logon was created, i.e. the account that was logged on. The network fields indicate where a remote logon request originated. Workstation name is not always available and may be left blank in some cases. The authentication information fields provide detailed information about this specific logon request. - Logon GUID is a unique identifier that can be used to correlate this event with a KDC event. - Transited services indicate which intermediate services have participated in this logon request. - Package name indicates which sub-protocol was used among the NTLM protocols. - Key length indicates the length of the generated session key. This will be 0 if no session key was requested.
1521911793.272700	ClIW0K7GCQpzzKukf	10.47.22.25	58947	10.47.2.153	514	udp	LOCAL0	NOTICE	1 2018-03-24T09:00:24-07:00 Kramer.jerry.land EvntSLog - - - An account was successfully logged on. Subject: Security ID: S-1-0-0 Account Name: - Account Domain: - Logon ID: 0x0 Logon Type: 3 New Logon: Security ID: S-1-5-21-1311969832-1707640848-2310541705-1104 Account Name: PC-SUSAN$ Account Domain: JERRY Logon ID: 0x3bb12fd Logon GUID: {C5369958-ACFB-39E9-DC5F-42797C41B666} Process Information: Process ID: 0x0 Process Name: - Network Information: Workstation Name: Source Network Address: 172.20.0.81 Source Port: 1952 Detailed Authentication Information: Logon Process: Kerberos Authentication Package: Kerberos Transited Services: - Package Name (NTLM only): - Key Length: 0 This event is generated when a logon session is created. It is generated on the computer that was accessed. The subject fields indicate the account on the local system which requested the logon. This is most commonly a service such as the Server service, or a local process such as Winlogon.exe or Services.exe. The logon type field indicates the kind of logon that occurred. The most common types are 2 (interactive) and 3 (network). The New Logon fields indicate the account for whom the new logon was created, i.e. the account that was logged on. The network fields indicate where a remote logon request originated. Workstation name is not always available and may be left blank in some cases. The authentication information fields provide detailed information about this specific logon request. - Logon GUID is a unique identifier that can be used to correlate this event with a KDC event. - Transited services indicate which intermediate services have participated in this logon request. - Package name indicates which sub-protocol was used among the NTLM protocols. - Key length indicates the length of the generated session key. This will be 0 if no session key was requested.
1521911793.272706	ClIW0K7GCQpzzKukf	10.47.22.25	58947	10.47.2.153	514	udp	LOCAL0	NOTICE	1 2018-03-24T09:00:24-07:00 Kramer.jerry.land EvntSLog - - - An account was successfully logged on. Subject: Security ID: S-1-0-0 Account Name: - Account Domain: - Logon ID: 0x0 Logon Type: 3 New Logon: Security ID: S-1-5-21-1311969832-1707640848-2310541705-1104 Account Name: PC-SUSAN$ Account Domain: JERRY Logon ID: 0x3bb12fd Logon GUID: {C5369958-ACFB-39E9-DC5F-42797C41B666} Process Information: Process ID: 0x0 Process Name: - Network Information: Workstation Name: Source Network Address: 172.20.0.81 Source Port: 1952 Detailed Authentication Information: Logon Process: Kerberos Authentication Package: Kerberos Transited Services: - Package Name (NTLM only): - Key Length: 0 This event is generated when a logon session is created. It is generated on the computer that was accessed. The subject fields indicate the account on the local system which requested the logon. This is most commonly a service such as the Server service, or a local process such as Winlogon.exe or Services.exe. The logon type field indicates the kind of logon that occurred. The most common types are 2 (interactive) and 3 (network). The New Logon fields indicate the account for whom the new logon was created, i.e. the account that was logged on. The network fields indicate where a remote logon request originated. Workstation name is not always available and may be left blank in some cases. The authentication information fields provide detailed information about this specific logon request. - Logon GUID is a unique identifier that can be used to correlate this event with a KDC event. - Transited services indicate which intermediate services have participated in this logon request. - Package name indicates which sub-protocol was used among the NTLM protocols. - Key length indicates the length of the generated session key. This will be 0 if no session key was requested.
1521911805.437573	ClIW0K7GCQpzzKukf	10.47.22.25	58947	10.47.2.153	514	udp	LOCAL0	NOTICE	1 2018-03-24T09:00:36-07:00 Kramer.jerry.land EvntSLog - - - An account was logged off. Subject: Security ID: S-1-5-21-1311969832-1707640848-2310541705-1104 Account Name: PC-SUSAN$ Account Domain: JERRY Logon ID: 0x3bb12fd Logon Type: 3 This event is generated when a logon session is destroyed. It may be positively correlated with a logon event using the Logon ID value. Logon IDs are only unique between reboots on the same computer.
1521911805.437576	ClIW0K7GCQpzzKukf	10.47.22.25	58947	10.47.2.153	514	udp	LOCAL0	NOTICE	1 2018-03-24T09:00:36-07:00 Kramer.jerry.land EvntSLog - - - An account was logged off. Subject: Security ID: S-1-5-21-1311969832-1707640848-2310541705-1104 Account Name: PC-SUSAN$ Account Domain: JERRY Logon ID: 0x3bb12fd Logon Type: 3 This event is generated when a logon session is destroyed. It may be positively correlated with a logon event using the Logon ID value. Logon IDs are only unique between reboots on the same computer.
1521911805.437578	ClIW0K7GCQpzzKukf	10.47.22.25	58947	10.47.2.153	514	udp	LOCAL0	NOTICE	1 2018-03-24T09:00:36-07:00 Kramer.jerry.land EvntSLog - - - An account was logged off. Subject: Security ID: S-1-5-21-1311969832-1707640848-2310541705-1104 Account Name: PC-SUSAN$ Account Domain: JERRY Logon ID: 0x3bb12fd Logon Type: 3 This event is generated when a logon session is destroyed. It may be positively correlated with a logon event using the Logon ID value. Logon IDs are only unique between reboots on the same computer.
1521911805.437580	ClIW0K7GCQpzzKukf	10.47.22.25	58947	10.47.2.153	514	udp	LOCAL0	NOTICE	1 2018-03-24T09:00:36-07:00 Kramer.jerry.land EvntSLog - - - An account was logged off. Subject: Security ID: S-1-5-21-1311969832-1707640848-2310541705-1104 Account Name: PC-SUSAN$ Account Domain: JERRY Logon ID: 0x3bb12fd Logon Type: 3 This event is generated when a logon session is destroyed. It may be positively correlated with a logon event using the Logon ID value. Logon IDs are only unique between reboots on the same computer.
1521911815.810266	C1F6Ct4NTSrnuhxncf	10.47.22.82	62695	10.47.2.153	514	udp	LOCAL0	INFO	1 2018-03-24T09:00:47-07:00 PC-helen.jerry.land EvntSLog - - - @cee: {"source": "PC-helen.jerry.land", "msg": "Task Scheduler launched \\"{1C056058-E4E9-4E18-9ECA-ACD687FFCF0E}\\"  instance of task \\"\\\\Microsoft\\\\Windows\\\\RAC\\\\RacTask\\" due to a time trigger condition.", "nteventlogtype": "Microsoft-Windows-TaskScheduler/Operational", "sourceproc": "Microsoft-Windows-TaskScheduler", "id": "107", "categoryid": "107", "category": "107", "keywordid": "0x8000000000000000", "user": "NT AUTHORITY\\\\SYSTEM", "user_sid": "S-1-5-18", "TaskName": "\\\\Microsoft\\\\Windows\\\\RAC\\\\RacTask", "InstanceId": "{1C056058-E4E9-4E18-9ECA-ACD687FFCF0E}", "catname": "Task triggered on scheduler", "level": "Information"}
1521911815.810271	C1F6Ct4NTSrnuhxncf	10.47.22.82	62695	10.47.2.153	514	udp	LOCAL0	INFO	1 2018-03-24T09:00:47-07:00 PC-helen.jerry.land EvntSLog - - - @cee: {"source": "PC-helen.jerry.land", "msg": "Task Scheduler launched \\"{1C056058-E4E9-4E18-9ECA-ACD687FFCF0E}\\"  instance of task \\"\\\\Microsoft\\\\Windows\\\\RAC\\\\RacTask\\" due to a time trigger condition.", "nteventlogtype": "Microsoft-Windows-TaskScheduler/Operational", "sourceproc": "Microsoft-Windows-TaskScheduler", "id": "107", "categoryid": "107", "category": "107", "keywordid": "0x8000000000000000", "user": "NT AUTHORITY\\\\SYSTEM", "user_sid": "S-1-5-18", "TaskName": "\\\\Microsoft\\\\Windows\\\\RAC\\\\RacTask", "InstanceId": "{1C056058-E4E9-4E18-9ECA-ACD687FFCF0E}", "catname": "Task triggered on scheduler", "level": "Information"}
1521911815.810483	C1F6Ct4NTSrnuhxncf	10.47.22.82	62695	10.47.2.153	514	udp	LOCAL0	INFO	1 2018-03-24T09:00:47-07:00 PC-helen.jerry.land EvntSLog - - - @cee: {"source": "PC-helen.jerry.land", "msg": "Task Scheduler launched \\"{1C056058-E4E9-4E18-9ECA-ACD687FFCF0E}\\"  instance of task \\"\\\\Microsoft\\\\Windows\\\\RAC\\\\RacTask\\" due to a time trigger condition.", "nteventlogtype": "Microsoft-Windows-TaskScheduler/Operational", "sourceproc": "Microsoft-Windows-TaskScheduler", "id": "107", "categoryid": "107", "category": "107", "keywordid": "0x8000000000000000", "user": "NT AUTHORITY\\\\SYSTEM", "user_sid": "S-1-5-18", "TaskName": "\\\\Microsoft\\\\Windows\\\\RAC\\\\RacTask", "InstanceId": "{1C056058-E4E9-4E18-9ECA-ACD687FFCF0E}", "catname": "Task triggered on scheduler", "level": "Information"}
1521911815.810487	C1F6Ct4NTSrnuhxncf	10.47.22.82	62695	10.47.2.153	514	udp	LOCAL0	INFO	1 2018-03-24T09:00:47-07:00 PC-helen.jerry.land EvntSLog - - - @cee: {"source": "PC-helen.jerry.land", "msg": "Task Scheduler launched \\"{1C056058-E4E9-4E18-9ECA-ACD687FFCF0E}\\"  instance of task \\"\\\\Microsoft\\\\Windows\\\\RAC\\\\RacTask\\" due to a time trigger condition.", "nteventlogtype": "Microsoft-Windows-TaskScheduler/Operational", "sourceproc": "Microsoft-Windows-TaskScheduler", "id": "107", "categoryid": "107", "category": "107", "keywordid": "0x8000000000000000", "user": "NT AUTHORITY\\\\SYSTEM", "user_sid": "S-1-5-18", "TaskName": "\\\\Microsoft\\\\Windows\\\\RAC\\\\RacTask", "InstanceId": "{1C056058-E4E9-4E18-9ECA-ACD687FFCF0E}", "catname": "Task triggered on scheduler", "level": "Information"}
1521911815.828470	C1F6Ct4NTSrnuhxncf	10.47.22.82	62695	10.47.2.153	514	udp	LOCAL0	INFO	1 2018-03-24T09:00:47-07:00 PC-helen.jerry.land EvntSLog - - - @cee: {"source": "PC-helen.jerry.land", "msg": "Task Scheduler started \\"{1C056058-E4E9-4E18-9ECA-ACD687FFCF0E}\\" instance of the \\"\\\\Microsoft\\\\Windows\\\\RAC\\\\RacTask\\" task for user \\"NT AUTHORITY\\\\LOCAL SERVICE\\".", "nteventlogtype": "Microsoft-Windows-TaskScheduler/Operational", "sourceproc": "Microsoft-Windows-TaskScheduler", "id": "100", "categoryid": "100", "category": "100", "keywordid": "0x8000000000000001", "user": "NT AUTHORITY\\\\SYSTEM", "user_sid": "S-1-5-18", "TaskName": "\\\\Microsoft\\\\Windows\\\\RAC\\\\RacTask", "UserContext": "NT AUTHORITY\\\\LOCAL SERVICE", "InstanceId": "{1C056058-E4E9-4E18-9ECA-ACD687FFCF0E}", "catname": "Task Started", "level": "Information"}
1521911815.828474	C1F6Ct4NTSrnuhxncf	10.47.22.82	62695	10.47.2.153	514	udp	LOCAL0	INFO	1 2018-03-24T09:00:47-07:00 PC-helen.jerry.land EvntSLog - - - @cee: {"source": "PC-helen.jerry.land", "msg": "Task Scheduler started \\"{1C056058-E4E9-4E18-9ECA-ACD687FFCF0E}\\" instance of the \\"\\\\Microsoft\\\\Windows\\\\RAC\\\\RacTask\\" task for user \\"NT AUTHORITY\\\\LOCAL SERVICE\\".", "nteventlogtype": "Microsoft-Windows-TaskScheduler/Operational", "sourceproc": "Microsoft-Windows-TaskScheduler", "id": "100", "categoryid": "100", "category": "100", "keywordid": "0x8000000000000001", "user": "NT AUTHORITY\\\\SYSTEM", "user_sid": "S-1-5-18", "TaskName": "\\\\Microsoft\\\\Windows\\\\RAC\\\\RacTask", "UserContext": "NT AUTHORITY\\\\LOCAL SERVICE", "InstanceId": "{1C056058-E4E9-4E18-9ECA-ACD687FFCF0E}", "catname": "Task Started", "level": "Information"}
1521911815.828476	C1F6Ct4NTSrnuhxncf	10.47.22.82	62695	10.47.2.153	514	udp	LOCAL0	INFO	1 2018-03-24T09:00:47-07:00 PC-helen.jerry.land EvntSLog - - - @cee: {"source": "PC-helen.jerry.land", "msg": "Task Scheduler started \\"{1C056058-E4E9-4E18-9ECA-ACD687FFCF0E}\\" instance of the \\"\\\\Microsoft\\\\Windows\\\\RAC\\\\RacTask\\" task for user \\"NT AUTHORITY\\\\LOCAL SERVICE\\".", "nteventlogtype": "Microsoft-Windows-TaskScheduler/Operational", "sourceproc": "Microsoft-Windows-TaskScheduler", "id": "100", "categoryid": "100", "category": "100", "keywordid": "0x8000000000000001", "user": "NT AUTHORITY\\\\SYSTEM", "user_sid": "S-1-5-18", "TaskName": "\\\\Microsoft\\\\Windows\\\\RAC\\\\RacTask", "UserContext": "NT AUTHORITY\\\\LOCAL SERVICE", "InstanceId": "{1C056058-E4E9-4E18-9ECA-ACD687FFCF0E}", "catname": "Task Started", "level": "Information"}
1521911815.828478	C1F6Ct4NTSrnuhxncf	10.47.22.82	62695	10.47.2.153	514	udp	LOCAL0	INFO	1 2018-03-24T09:00:47-07:00 PC-helen.jerry.land EvntSLog - - - @cee: {"source": "PC-helen.jerry.land", "msg": "Task Scheduler started \\"{1C056058-E4E9-4E18-9ECA-ACD687FFCF0E}\\" instance of the \\"\\\\Microsoft\\\\Windows\\\\RAC\\\\RacTask\\" task for user \\"NT AUTHORITY\\\\LOCAL SERVICE\\".", "nteventlogtype": "Microsoft-Windows-TaskScheduler/Operational", "sourceproc": "Microsoft-Windows-TaskScheduler", "id": "100", "categoryid": "100", "category": "100", "keywordid": "0x8000000000000001", "user": "NT AUTHORITY\\\\SYSTEM", "user_sid": "S-1-5-18", "TaskName": "\\\\Microsoft\\\\Windows\\\\RAC\\\\RacTask", "UserContext": "NT AUTHORITY\\\\LOCAL SERVICE", "InstanceId": "{1C056058-E4E9-4E18-9ECA-ACD687FFCF0E}", "catname": "Task Started", "level": "Information"}
1521911815.843551	C1F6Ct4NTSrnuhxncf	10.47.22.82	62695	10.47.2.153	514	udp	LOCAL0	INFO	1 2018-03-24T09:00:47-07:00 PC-helen.jerry.land EvntSLog - - - @cee: {"source": "PC-helen.jerry.land", "msg": "Task Scheduler launched action \\"ReliabilityAnalysisCustomHandler\\" in instance \\"{1C056058-E4E9-4E18-9ECA-ACD687FFCF0E}\\" of task \\"\\\\Microsoft\\\\Windows\\\\RAC\\\\RacTask\\".", "nteventlogtype": "Microsoft-Windows-TaskScheduler/Operational", "sourceproc": "Microsoft-Windows-TaskScheduler", "id": "200", "categoryid": "200", "category": "200", "keywordid": "0x8000000000000000", "user": "NT AUTHORITY\\\\SYSTEM", "user_sid": "S-1-5-18", "TaskName": "\\\\Microsoft\\\\Windows\\\\RAC\\\\RacTask", "ActionName": "ReliabilityAnalysisCustomHandler", "TaskInstanceId": "{1C056058-E4E9-4E18-9ECA-ACD687FFCF0E}", "catname": "Action started", "level": "Information"}
1521911815.843557	C1F6Ct4NTSrnuhxncf	10.47.22.82	62695	10.47.2.153	514	udp	LOCAL0	INFO	1 2018-03-24T09:00:47-07:00 PC-helen.jerry.land EvntSLog - - - @cee: {"source": "PC-helen.jerry.land", "msg": "Task Scheduler launched action \\"ReliabilityAnalysisCustomHandler\\" in instance \\"{1C056058-E4E9-4E18-9ECA-ACD687FFCF0E}\\" of task \\"\\\\Microsoft\\\\Windows\\\\RAC\\\\RacTask\\".", "nteventlogtype": "Microsoft-Windows-TaskScheduler/Operational", "sourceproc": "Microsoft-Windows-TaskScheduler", "id": "200", "categoryid": "200", "category": "200", "keywordid": "0x8000000000000000", "user": "NT AUTHORITY\\\\SYSTEM", "user_sid": "S-1-5-18", "TaskName": "\\\\Microsoft\\\\Windows\\\\RAC\\\\RacTask", "ActionName": "ReliabilityAnalysisCustomHandler", "TaskInstanceId": "{1C056058-E4E9-4E18-9ECA-ACD687FFCF0E}", "catname": "Action started", "level": "Information"}
1521911815.843559	C1F6Ct4NTSrnuhxncf	10.47.22.82	62695	10.47.2.153	514	udp	LOCAL0	INFO	1 2018-03-24T09:00:47-07:00 PC-helen.jerry.land EvntSLog - - - @cee: {"source": "PC-helen.jerry.land", "msg": "Task Scheduler launched action \\"ReliabilityAnalysisCustomHandler\\" in instance \\"{1C056058-E4E9-4E18-9ECA-ACD687FFCF0E}\\" of task \\"\\\\Microsoft\\\\Windows\\\\RAC\\\\RacTask\\".", "nteventlogtype": "Microsoft-Windows-TaskScheduler/Operational", "sourceproc": "Microsoft-Windows-TaskScheduler", "id": "200", "categoryid": "200", "category": "200", "keywordid": "0x8000000000000000", "user": "NT AUTHORITY\\\\SYSTEM", "user_sid": "S-1-5-18", "TaskName": "\\\\Microsoft\\\\Windows\\\\RAC\\\\RacTask", "ActionName": "ReliabilityAnalysisCustomHandler", "TaskInstanceId": "{1C056058-E4E9-4E18-9ECA-ACD687FFCF0E}", "catname": "Action started", "level": "Information"}
1521911815.843561	C1F6Ct4NTSrnuhxncf	10.47.22.82	62695	10.47.2.153	514	udp	LOCAL0	INFO	1 2018-03-24T09:00:47-07:00 PC-helen.jerry.land EvntSLog - - - @cee: {"source": "PC-helen.jerry.land", "msg": "Task Scheduler launched action \\"ReliabilityAnalysisCustomHandler\\" in instance \\"{1C056058-E4E9-4E18-9ECA-ACD687FFCF0E}\\" of task \\"\\\\Microsoft\\\\Windows\\\\RAC\\\\RacTask\\".", "nteventlogtype": "Microsoft-Windows-TaskScheduler/Operational", "sourceproc": "Microsoft-Windows-TaskScheduler", "id": "200", "categoryid": "200", "category": "200", "keywordid": "0x8000000000000000", "user": "NT AUTHORITY\\\\SYSTEM", "user_sid": "S-1-5-18", "TaskName": "\\\\Microsoft\\\\Windows\\\\RAC\\\\RacTask", "ActionName": "ReliabilityAnalysisCustomHandler", "TaskInstanceId": "{1C056058-E4E9-4E18-9ECA-ACD687FFCF0E}", "catname": "Action started", "level": "Information"}
1521911860.170117	ClIW0K7GCQpzzKukf	10.47.22.25	58947	10.47.2.153	514	udp	LOCAL0	NOTICE	1 2018-03-24T09:01:30-07:00 Kramer.jerry.land EvntSLog - - - An operation was performed on an object. Subject : Security ID: S-1-5-18 Account Name: KRAMER$ Account Domain: JERRY Logon ID: 0x51398f Object: Object Server: DS Object Type: %%{19195a5b-6da0-11d0-afd3-00c04fd930c9} Object Name: %%{11c201e6-6afc-4048-b486-14a59837ee16} Handle ID: 0x0 Operation: Operation Type: Object Access Accesses: Control Access Access Mask: 0x100 Properties: Control Access {1131f6aa-9c07-11d1-f79f-00c04fc2dcd2} {19195a5b-6da0-11d0-afd3-00c04fd930c9} Additional Information: Parameter 1: - Parameter 2: 
1521911860.170120	ClIW0K7GCQpzzKukf	10.47.22.25	58947	10.47.2.153	514	udp	LOCAL0	NOTICE	1 2018-03-24T09:01:30-07:00 Kramer.jerry.land EvntSLog - - - An operation was performed on an object. Subject : Security ID: S-1-5-18 Account Name: KRAMER$ Account Domain: JERRY Logon ID: 0x51398f Object: Object Server: DS Object Type: %%{19195a5b-6da0-11d0-afd3-00c04fd930c9} Object Name: %%{11c201e6-6afc-4048-b486-14a59837ee16} Handle ID: 0x0 Operation: Operation Type: Object Access Accesses: Control Access Access Mask: 0x100 Properties: Control Access {1131f6aa-9c07-11d1-f79f-00c04fc2dcd2} {19195a5b-6da0-11d0-afd3-00c04fd930c9} Additional Information: Parameter 1: - Parameter 2: 
1521911860.170248	ClIW0K7GCQpzzKukf	10.47.22.25	58947	10.47.2.153	514	udp	LOCAL0	NOTICE	1 2018-03-24T09:01:30-07:00 Kramer.jerry.land EvntSLog - - - An operation was performed on an object. Subject : Security ID: S-1-5-18 Account Name: KRAMER$ Account Domain: JERRY Logon ID: 0x51398f Object: Object Server: DS Object Type: %%{19195a5b-6da0-11d0-afd3-00c04fd930c9} Object Name: %%{11c201e6-6afc-4048-b486-14a59837ee16} Handle ID: 0x0 Operation: Operation Type: Object Access Accesses: Control Access Access Mask: 0x100 Properties: Control Access {1131f6aa-9c07-11d1-f79f-00c04fc2dcd2} {19195a5b-6da0-11d0-afd3-00c04fd930c9} Additional Information: Parameter 1: - Parameter 2: 
1521911860.170419	ClIW0K7GCQpzzKukf	10.47.22.25	58947	10.47.2.153	514	udp	LOCAL0	NOTICE	1 2018-03-24T09:01:30-07:00 Kramer.jerry.land EvntSLog - - - An operation was performed on an object. Subject : Security ID: S-1-5-18 Account Name: KRAMER$ Account Domain: JERRY Logon ID: 0x51398f Object: Object Server: DS Object Type: %%{19195a5b-6da0-11d0-afd3-00c04fd930c9} Object Name: %%{11c201e6-6afc-4048-b486-14a59837ee16} Handle ID: 0x0 Operation: Operation Type: Object Access Accesses: Control Access Access Mask: 0x100 Properties: Control Access {1131f6aa-9c07-11d1-f79f-00c04fc2dcd2} {19195a5b-6da0-11d0-afd3-00c04fd930c9} Additional Information: Parameter 1: - Parameter 2: 
1521911864.239391	ClIW0K7GCQpzzKukf	10.47.22.25	58947	10.47.2.153	514	udp	LOCAL0	INFO	1 2018-03-24T09:01:34-07:00 Kramer.jerry.land EvntSLog - - - Task Scheduler started Task Engine "S-1-5-19:NT AUTHORITY\\LocalService:Service:" process. Command="taskeng.exe" , ProcessID=4684, ThreadID=1984
1521911864.239394	ClIW0K7GCQpzzKukf	10.47.22.25	58947	10.47.2.153	514	udp	LOCAL0	INFO	1 2018-03-24T09:01:34-07:00 Kramer.jerry.land EvntSLog - - - Task Scheduler started Task Engine "S-1-5-19:NT AUTHORITY\\LocalService:Service:" process. Command="taskeng.exe" , ProcessID=4684, ThreadID=1984
1521911864.239396	ClIW0K7GCQpzzKukf	10.47.22.25	58947	10.47.2.153	514	udp	LOCAL0	INFO	1 2018-03-24T09:01:34-07:00 Kramer.jerry.land EvntSLog - - - Task Scheduler started Task Engine "S-1-5-19:NT AUTHORITY\\LocalService:Service:" process. Command="taskeng.exe" , ProcessID=4684, ThreadID=1984
1521911864.239398	ClIW0K7GCQpzzKukf	10.47.22.25	58947	10.47.2.153	514	udp	LOCAL0	INFO	1 2018-03-24T09:01:34-07:00 Kramer.jerry.land EvntSLog - - - Task Scheduler started Task Engine "S-1-5-19:NT AUTHORITY\\LocalService:Service:" process. Command="taskeng.exe" , ProcessID=4684, ThreadID=1984
1521911864.254513	ClIW0K7GCQpzzKukf	10.47.22.25	58947	10.47.2.153	514	udp	LOCAL0	INFO	1 2018-03-24T09:01:34-07:00 Kramer.jerry.land EvntSLog - - - Task Scheduler started Task Engine "S-1-5-19:NT AUTHORITY\\LocalService:Service:" process.
1521911864.254517	ClIW0K7GCQpzzKukf	10.47.22.25	58947	10.47.2.153	514	udp	LOCAL0	INFO	1 2018-03-24T09:01:34-07:00 Kramer.jerry.land EvntSLog - - - Task Scheduler started Task Engine "S-1-5-19:NT AUTHORITY\\LocalService:Service:" process.
1521911864.254519	ClIW0K7GCQpzzKukf	10.47.22.25	58947	10.47.2.153	514	udp	LOCAL0	INFO	1 2018-03-24T09:01:34-07:00 Kramer.jerry.land EvntSLog - - - Task Scheduler started Task Engine "S-1-5-19:NT AUTHORITY\\LocalService:Service:" process.
1521911864.254521	ClIW0K7GCQpzzKukf	10.47.22.25	58947	10.47.2.153	514	udp	LOCAL0	INFO	1 2018-03-24T09:01:34-07:00 Kramer.jerry.land EvntSLog - - - Task Scheduler started Task Engine "S-1-5-19:NT AUTHORITY\\LocalService:Service:" process.
1521911864.269517	ClIW0K7GCQpzzKukf	10.47.22.25	58947	10.47.2.153	514	udp	LOCAL0	INFO	1 2018-03-24T09:01:34-07:00 Kramer.jerry.land EvntSLog - - - Task Engine "S-1-5-19:NT AUTHORITY\\LocalService:Service:" received a message from Task Scheduler service requesting to launch task "\\Microsoft\\Windows\\RAC\\RACAgent" .
1521911864.269520	ClIW0K7GCQpzzKukf	10.47.22.25	58947	10.47.2.153	514	udp	LOCAL0	INFO	1 2018-03-24T09:01:34-07:00 Kramer.jerry.land EvntSLog - - - Task Engine "S-1-5-19:NT AUTHORITY\\LocalService:Service:" received a message from Task Scheduler service requesting to launch task "\\Microsoft\\Windows\\RAC\\RACAgent" .
1521911864.269522	ClIW0K7GCQpzzKukf	10.47.22.25	58947	10.47.2.153	514	udp	LOCAL0	INFO	1 2018-03-24T09:01:34-07:00 Kramer.jerry.land EvntSLog - - - Task Engine "S-1-5-19:NT AUTHORITY\\LocalService:Service:" received a message from Task Scheduler service requesting to launch task "\\Microsoft\\Windows\\RAC\\RACAgent" .
1521911864.269524	ClIW0K7GCQpzzKukf	10.47.22.25	58947	10.47.2.153	514	udp	LOCAL0	INFO	1 2018-03-24T09:01:34-07:00 Kramer.jerry.land EvntSLog - - - Task Engine "S-1-5-19:NT AUTHORITY\\LocalService:Service:" received a message from Task Scheduler service requesting to launch task "\\Microsoft\\Windows\\RAC\\RACAgent" .
1521911864.285016	ClIW0K7GCQpzzKukf	10.47.22.25	58947	10.47.2.153	514	udp	LOCAL0	INFO	1 2018-03-24T09:01:34-07:00 Kramer.jerry.land EvntSLog - - - Task Scheduler started "{51925DB2-5E9A-48D0-B562-B3FB1DA495E1}" instance of the "\\Microsoft\\Windows\\RAC\\RACAgent" task for user "NT AUTHORITY\\LOCAL SERVICE".
1521911864.285020	ClIW0K7GCQpzzKukf	10.47.22.25	58947	10.47.2.153	514	udp	LOCAL0	INFO	1 2018-03-24T09:01:34-07:00 Kramer.jerry.land EvntSLog - - - Task Scheduler started "{51925DB2-5E9A-48D0-B562-B3FB1DA495E1}" instance of the "\\Microsoft\\Windows\\RAC\\RACAgent" task for user "NT AUTHORITY\\LOCAL SERVICE".
1521911864.285021	ClIW0K7GCQpzzKukf	10.47.22.25	58947	10.47.2.153	514	udp	LOCAL0	INFO	1 2018-03-24T09:01:34-07:00 Kramer.jerry.land EvntSLog - - - Task Scheduler started "{51925DB2-5E9A-48D0-B562-B3FB1DA495E1}" instance of the "\\Microsoft\\Windows\\RAC\\RACAgent" task for user "NT AUTHORITY\\LOCAL SERVICE".
1521911864.285023	ClIW0K7GCQpzzKukf	10.47.22.25	58947	10.47.2.153	514	udp	LOCAL0	INFO	1 2018-03-24T09:01:34-07:00 Kramer.jerry.land EvntSLog - - - Task Scheduler started "{51925DB2-5E9A-48D0-B562-B3FB1DA495E1}" instance of the "\\Microsoft\\Windows\\RAC\\RACAgent" task for user "NT AUTHORITY\\LOCAL SERVICE".
1521911864.300493	ClIW0K7GCQpzzKukf	10.47.22.25	58947	10.47.2.153	514	udp	LOCAL0	INFO	1 2018-03-24T09:01:34-07:00 Kramer.jerry.land EvntSLog - - - Task Scheduler launched action "%%windir%%\\system32\\RacAgent.exe" in instance "{51925DB2-5E9A-48D0-B562-B3FB1DA495E1}" of task "\\Microsoft\\Windows\\RAC\\RACAgent".
1521911864.300496	ClIW0K7GCQpzzKukf	10.47.22.25	58947	10.47.2.153	514	udp	LOCAL0	INFO	1 2018-03-24T09:01:34-07:00 Kramer.jerry.land EvntSLog - - - Task Scheduler launched action "%%windir%%\\system32\\RacAgent.exe" in instance "{51925DB2-5E9A-48D0-B562-B3FB1DA495E1}" of task "\\Microsoft\\Windows\\RAC\\RACAgent".
1521911864.300498	ClIW0K7GCQpzzKukf	10.47.22.25	58947	10.47.2.153	514	udp	LOCAL0	INFO	1 2018-03-24T09:01:34-07:00 Kramer.jerry.land EvntSLog - - - Task Scheduler launched action "%%windir%%\\system32\\RacAgent.exe" in instance "{51925DB2-5E9A-48D0-B562-B3FB1DA495E1}" of task "\\Microsoft\\Windows\\RAC\\RACAgent".
1521911864.300500	ClIW0K7GCQpzzKukf	10.47.22.25	58947	10.47.2.153	514	udp	LOCAL0	INFO	1 2018-03-24T09:01:34-07:00 Kramer.jerry.land EvntSLog - - - Task Scheduler launched action "%%windir%%\\system32\\RacAgent.exe" in instance "{51925DB2-5E9A-48D0-B562-B3FB1DA495E1}" of task "\\Microsoft\\Windows\\RAC\\RACAgent".
1521911864.316172	ClIW0K7GCQpzzKukf	10.47.22.25	58947	10.47.2.153	514	udp	LOCAL0	INFO	1 2018-03-24T09:01:34-07:00 Kramer.jerry.land EvntSLog - - - Task Scheduler launch task "\\Microsoft\\Windows\\RAC\\RACAgent" , instance "C:\\Windows\\system32\\RacAgent.exe" with process ID 3388.
1521911864.316176	ClIW0K7GCQpzzKukf	10.47.22.25	58947	10.47.2.153	514	udp	LOCAL0	INFO	1 2018-03-24T09:01:34-07:00 Kramer.jerry.land EvntSLog - - - Task Scheduler launch task "\\Microsoft\\Windows\\RAC\\RACAgent" , instance "C:\\Windows\\system32\\RacAgent.exe" with process ID 3388.
1521911864.316178	ClIW0K7GCQpzzKukf	10.47.22.25	58947	10.47.2.153	514	udp	LOCAL0	INFO	1 2018-03-24T09:01:34-07:00 Kramer.jerry.land EvntSLog - - - Task Scheduler launch task "\\Microsoft\\Windows\\RAC\\RACAgent" , instance "C:\\Windows\\system32\\RacAgent.exe" with process ID 3388.
1521911864.316180	ClIW0K7GCQpzzKukf	10.47.22.25	58947	10.47.2.153	514	udp	LOCAL0	INFO	1 2018-03-24T09:01:34-07:00 Kramer.jerry.land EvntSLog - - - Task Scheduler launch task "\\Microsoft\\Windows\\RAC\\RACAgent" , instance "C:\\Windows\\system32\\RacAgent.exe" with process ID 3388.
1521911865.256365	ClIW0K7GCQpzzKukf	10.47.22.25	58947	10.47.2.153	514	udp	LOCAL0	WARNING	1 2018-03-24T09:01:35-07:00 Kramer.jerry.land EvntSLog - - - Reliability Analysis encountered an error. Reliability Analysis error code is 2147749898. Windows error code is 2147942405.
1521911865.256369	ClIW0K7GCQpzzKukf	10.47.22.25	58947	10.47.2.153	514	udp	LOCAL0	WARNING	1 2018-03-24T09:01:35-07:00 Kramer.jerry.land EvntSLog - - - Reliability Analysis encountered an error. Reliability Analysis error code is 2147749898. Windows error code is 2147942405.
1521911865.256371	ClIW0K7GCQpzzKukf	10.47.22.25	58947	10.47.2.153	514	udp	LOCAL0	WARNING	1 2018-03-24T09:01:35-07:00 Kramer.jerry.land EvntSLog - - - Reliability Analysis encountered an error. Reliability Analysis error code is 2147749898. Windows error code is 2147942405.
1521911865.256373	ClIW0K7GCQpzzKukf	10.47.22.25	58947	10.47.2.153	514	udp	LOCAL0	INFO	1 2018-03-24T09:01:35-07:00 Kramer.jerry.land EvntSLog - - - Task Scheduler successfully completed task "\\Microsoft\\Windows\\RAC\\RACAgent" , instance "{51925DB2-5E9A-48D0-B562-B3FB1DA495E1}" , action "C:\\Windows\\system32\\RacAgent.exe" with return code 2147942405.
1521911865.256375	ClIW0K7GCQpzzKukf	10.47.22.25	58947	10.47.2.153	514	udp	LOCAL0	WARNING	1 2018-03-24T09:01:35-07:00 Kramer.jerry.land EvntSLog - - - Reliability Analysis encountered an error. Reliability Analysis error code is 2147749898. Windows error code is 2147942405.
1521911865.256376	ClIW0K7GCQpzzKukf	10.47.22.25	58947	10.47.2.153	514	udp	LOCAL0	INFO	1 2018-03-24T09:01:35-07:00 Kramer.jerry.land EvntSLog - - - Task Scheduler successfully completed task "\\Microsoft\\Windows\\RAC\\RACAgent" , instance "{51925DB2-5E9A-48D0-B562-B3FB1DA495E1}" , action "C:\\Windows\\system32\\RacAgent.exe" with return code 2147942405.
1521911865.256378	ClIW0K7GCQpzzKukf	10.47.22.25	58947	10.47.2.153	514	udp	LOCAL0	INFO	1 2018-03-24T09:01:35-07:00 Kramer.jerry.land EvntSLog - - - Task Scheduler successfully completed task "\\Microsoft\\Windows\\RAC\\RACAgent" , instance "{51925DB2-5E9A-48D0-B562-B3FB1DA495E1}" , action "C:\\Windows\\system32\\RacAgent.exe" with return code 2147942405.
1521911865.256380	ClIW0K7GCQpzzKukf	10.47.22.25	58947	10.47.2.153	514	udp	LOCAL0	INFO	1 2018-03-24T09:01:35-07:00 Kramer.jerry.land EvntSLog - - - Task Scheduler successfully completed task "\\Microsoft\\Windows\\RAC\\RACAgent" , instance "{51925DB2-5E9A-48D0-B562-B3FB1DA495E1}" , action "C:\\Windows\\system32\\RacAgent.exe" with return code 2147942405.
1521911865.269293	ClIW0K7GCQpzzKukf	10.47.22.25	58947	10.47.2.153	514	udp	LOCAL0	INFO	1 2018-03-24T09:01:35-07:00 Kramer.jerry.land EvntSLog - - - Task Scheduler successfully finished "{51925DB2-5E9A-48D0-B562-B3FB1DA495E1}" instance of the "\\Microsoft\\Windows\\RAC\\RACAgent" task for user "NT AUTHORITY\\LOCAL SERVICE".
1521911865.269297	ClIW0K7GCQpzzKukf	10.47.22.25	58947	10.47.2.153	514	udp	LOCAL0	INFO	1 2018-03-24T09:01:35-07:00 Kramer.jerry.land EvntSLog - - - Task Scheduler successfully finished "{51925DB2-5E9A-48D0-B562-B3FB1DA495E1}" instance of the "\\Microsoft\\Windows\\RAC\\RACAgent" task for user "NT AUTHORITY\\LOCAL SERVICE".
1521911865.269299	ClIW0K7GCQpzzKukf	10.47.22.25	58947	10.47.2.153	514	udp	LOCAL0	INFO	1 2018-03-24T09:01:35-07:00 Kramer.jerry.land EvntSLog - - - Task Scheduler successfully finished "{51925DB2-5E9A-48D0-B562-B3FB1DA495E1}" instance of the "\\Microsoft\\Windows\\RAC\\RACAgent" task for user "NT AUTHORITY\\LOCAL SERVICE".
1521911865.269300	ClIW0K7GCQpzzKukf	10.47.22.25	58947	10.47.2.153	514	udp	LOCAL0	INFO	1 2018-03-24T09:01:35-07:00 Kramer.jerry.land EvntSLog - - - Task Scheduler successfully finished "{51925DB2-5E9A-48D0-B562-B3FB1DA495E1}" instance of the "\\Microsoft\\Windows\\RAC\\RACAgent" task for user "NT AUTHORITY\\LOCAL SERVICE".
1521911865.269545	ClIW0K7GCQpzzKukf	10.47.22.25	58947	10.47.2.153	514	udp	LOCAL0	INFO	1 2018-03-24T09:01:35-07:00 Kramer.jerry.land EvntSLog - - - Reliability Analysis execution time was 373 milliseconds.
1521911865.269549	ClIW0K7GCQpzzKukf	10.47.22.25	58947	10.47.2.153	514	udp	LOCAL0	INFO	1 2018-03-24T09:01:35-07:00 Kramer.jerry.land EvntSLog - - - Reliability Analysis execution time was 373 milliseconds.
1521911865.269551	ClIW0K7GCQpzzKukf	10.47.22.25	58947	10.47.2.153	514	udp	LOCAL0	INFO	1 2018-03-24T09:01:35-07:00 Kramer.jerry.land EvntSLog - - - Reliability Analysis execution time was 373 milliseconds.
1521911865.269553	ClIW0K7GCQpzzKukf	10.47.22.25	58947	10.47.2.153	514	udp	LOCAL0	INFO	1 2018-03-24T09:01:35-07:00 Kramer.jerry.land EvntSLog - - - Reliability Analysis execution time was 373 milliseconds.
1521911865.284099	ClIW0K7GCQpzzKukf	10.47.22.25	58947	10.47.2.153	514	udp	LOCAL0	INFO	1 2018-03-24T09:01:35-07:00 Kramer.jerry.land EvntSLog - - - Task Scheduler has no tasks running for Task Engine "S-1-5-19:NT AUTHORITY\\LocalService:Service:" , and the idle timer has started.
1521911865.284101	ClIW0K7GCQpzzKukf	10.47.22.25	58947	10.47.2.153	514	udp	LOCAL0	INFO	1 2018-03-24T09:01:35-07:00 Kramer.jerry.land EvntSLog - - - Task Scheduler has no tasks running for Task Engine "S-1-5-19:NT AUTHORITY\\LocalService:Service:" , and the idle timer has started.
1521911865.284145	ClIW0K7GCQpzzKukf	10.47.22.25	58947	10.47.2.153	514	udp	LOCAL0	INFO	1 2018-03-24T09:01:35-07:00 Kramer.jerry.land EvntSLog - - - Task Scheduler has no tasks running for Task Engine "S-1-5-19:NT AUTHORITY\\LocalService:Service:" , and the idle timer has started.
1521911865.284147	ClIW0K7GCQpzzKukf	10.47.22.25	58947	10.47.2.153	514	udp	LOCAL0	INFO	1 2018-03-24T09:01:35-07:00 Kramer.jerry.land EvntSLog - - - Task Scheduler has no tasks running for Task Engine "S-1-5-19:NT AUTHORITY\\LocalService:Service:" , and the idle timer has started.
1521911869.298088	ClIW0K7GCQpzzKukf	10.47.22.25	58947	10.47.2.153	514	udp	LOCAL0	NOTICE	1 2018-03-24T09:01:39-07:00 Kramer.jerry.land EvntSLog - - - An account was logged off. Subject: Security ID: S-1-5-21-1311969832-1707640848-2310541705-1103 Account Name: PC-NEWMAN$ Account Domain: JERRY Logon ID: 0x3bae18e Logon Type: 3 This event is generated when a logon session is destroyed. It may be positively correlated with a logon event using the Logon ID value. Logon IDs are only unique between reboots on the same computer.
1521911869.298092	ClIW0K7GCQpzzKukf	10.47.22.25	58947	10.47.2.153	514	udp	LOCAL0	NOTICE	1 2018-03-24T09:01:39-07:00 Kramer.jerry.land EvntSLog - - - An account was logged off. Subject: Security ID: S-1-5-21-1311969832-1707640848-2310541705-1103 Account Name: PC-NEWMAN$ Account Domain: JERRY Logon ID: 0x3bae18e Logon Type: 3 This event is generated when a logon session is destroyed. It may be positively correlated with a logon event using the Logon ID value. Logon IDs are only unique between reboots on the same computer.
1521911869.298094	ClIW0K7GCQpzzKukf	10.47.22.25	58947	10.47.2.153	514	udp	LOCAL0	NOTICE	1 2018-03-24T09:01:39-07:00 Kramer.jerry.land EvntSLog - - - An account was logged off. Subject: Security ID: S-1-5-21-1311969832-1707640848-2310541705-1103 Account Name: PC-NEWMAN$ Account Domain: JERRY Logon ID: 0x3bae18e Logon Type: 3 This event is generated when a logon session is destroyed. It may be positively correlated with a logon event using the Logon ID value. Logon IDs are only unique between reboots on the same computer.
1521911869.298095	ClIW0K7GCQpzzKukf	10.47.22.25	58947	10.47.2.153	514	udp	LOCAL0	NOTICE	1 2018-03-24T09:01:39-07:00 Kramer.jerry.land EvntSLog - - - An account was logged off. Subject: Security ID: S-1-5-21-1311969832-1707640848-2310541705-1103 Account Name: PC-NEWMAN$ Account Domain: JERRY Logon ID: 0x3bae18e Logon Type: 3 This event is generated when a logon session is destroyed. It may be positively correlated with a logon event using the Logon ID value. Logon IDs are only unique between reboots on the same computer.
