1521912692.740018	CG9T461KV0VLPWsrch	10.47.22.25	58947	10.47.2.153	514	udp	LOCAL0	INFO	1 2018-03-24T09:15:23-07:00 Kramer.jerry.land EvntSLog - - - The LDAP call to connect and bind to Active Directory completed. Kramer.jerry.land The call completed in 109 milliseconds.
1521912692.740020	CG9T461KV0VLPWsrch	10.47.22.25	58947	10.47.2.153	514	udp	LOCAL0	INFO	1 2018-03-24T09:15:23-07:00 Kramer.jerry.land EvntSLog - - - The LDAP call to connect and bind to Active Directory completed. Kramer.jerry.land The call completed in 109 milliseconds.
1521912692.740022	CG9T461KV0VLPWsrch	10.47.22.25	58947	10.47.2.153	514	udp	LOCAL0	INFO	1 2018-03-24T09:15:23-07:00 Kramer.jerry.land EvntSLog - - - The LDAP call to connect and bind to Active Directory completed. Kramer.jerry.land The call completed in 109 milliseconds.
1521912692.740023	CG9T461KV0VLPWsrch	10.47.22.25	58947	10.47.2.153	514	udp	LOCAL0	INFO	1 2018-03-24T09:15:23-07:00 Kramer.jerry.land EvntSLog - - - The LDAP call to connect and bind to Active Directory completed. Kramer.jerry.land The call completed in 109 milliseconds.
1521912692.740680	CG9T461KV0VLPWsrch	10.47.22.25	58947	10.47.2.153	514	udp	LOCAL0	NOTICE	1 2018-03-24T09:15:23-07:00 Kramer.jerry.land EvntSLog - - - An account was successfully logged on. Subject: Security ID: S-1-0-0 Account Name: - Account Domain: - Logon ID: 0x0 Logon Type: 3 New Logon: Security ID: S-1-5-18 Account Name: KRAMER$ Account Domain: JERRY Logon ID: 0x3c9d2b2 Logon GUID: {8A226FDA-FE88-F8FC-B6A3-39969F997F6A} Process Information: Process ID: 0x0 Process Name: - Network Information: Workstation Name: Source Network Address: 172.20.0.25 Source Port: 49408 Detailed Authentication Information: Logon Process: Kerberos Authentication Package: Kerberos Transited Services: - Package Name (NTLM only): - Key Length: 0 This event is generated when a logon session is created. It is generated on the computer that was accessed. The subject fields indicate the account on the local system which requested the logon. This is most commonly a service such as the Server service, or a local process such as Winlogon.exe or Services.exe. The logon type field indicates the kind of logon that occurred. The most common types are 2 (interactive) and 3 (network). The New Logon fields indicate the account for whom the new logon was created, i.e. the account that was logged on. The network fields indicate where a remote logon request originated. Workstation name is not always available and may be left blank in some cases. The authentication information fields provide detailed information about this specific logon request. - Logon GUID is a unique identifier that can be used to correlate this event with a KDC event. - Transited services indicate which intermediate services have participated in this logon request. - Package name indicates which sub-protocol was used among the NTLM protocols. - Key length indicates the length of the generated session key. This will be 0 if no session key was requested.
1521912692.740683	CG9T461KV0VLPWsrch	10.47.22.25	58947	10.47.2.153	514	udp	LOCAL0	NOTICE	1 2018-03-24T09:15:23-07:00 Kramer.jerry.land EvntSLog - - - An account was successfully logged on. Subject: Security ID: S-1-0-0 Account Name: - Account Domain: - Logon ID: 0x0 Logon Type: 3 New Logon: Security ID: S-1-5-18 Account Name: KRAMER$ Account Domain: JERRY Logon ID: 0x3c9d2b2 Logon GUID: {8A226FDA-FE88-F8FC-B6A3-39969F997F6A} Process Information: Process ID: 0x0 Process Name: - Network Information: Workstation Name: Source Network Address: 172.20.0.25 Source Port: 49408 Detailed Authentication Information: Logon Process: Kerberos Authentication Package: Kerberos Transited Services: - Package Name (NTLM only): - Key Length: 0 This event is generated when a logon session is created. It is generated on the computer that was accessed. The subject fields indicate the account on the local system which requested the logon. This is most commonly a service such as the Server service, or a local process such as Winlogon.exe or Services.exe. The logon type field indicates the kind of logon that occurred. The most common types are 2 (interactive) and 3 (network). The New Logon fields indicate the account for whom the new logon was created, i.e. the account that was logged on. The network fields indicate where a remote logon request originated. Workstation name is not always available and may be left blank in some cases. The authentication information fields provide detailed information about this specific logon request. - Logon GUID is a unique identifier that can be used to correlate this event with a KDC event. - Transited services indicate which intermediate services have participated in this logon request. - Package name indicates which sub-protocol was used among the NTLM protocols. - Key length indicates the length of the generated session key. This will be 0 if no session key was requested.
1521912692.740689	CG9T461KV0VLPWsrch	10.47.22.25	58947	10.47.2.153	514	udp	LOCAL0	NOTICE	1 2018-03-24T09:15:23-07:00 Kramer.jerry.land EvntSLog - - - An account was successfully logged on. Subject: Security ID: S-1-0-0 Account Name: - Account Domain: - Logon ID: 0x0 Logon Type: 3 New Logon: Security ID: S-1-5-18 Account Name: KRAMER$ Account Domain: JERRY Logon ID: 0x3c9d2b2 Logon GUID: {8A226FDA-FE88-F8FC-B6A3-39969F997F6A} Process Information: Process ID: 0x0 Process Name: - Network Information: Workstation Name: Source Network Address: 172.20.0.25 Source Port: 49408 Detailed Authentication Information: Logon Process: Kerberos Authentication Package: Kerberos Transited Services: - Package Name (NTLM only): - Key Length: 0 This event is generated when a logon session is created. It is generated on the computer that was accessed. The subject fields indicate the account on the local system which requested the logon. This is most commonly a service such as the Server service, or a local process such as Winlogon.exe or Services.exe. The logon type field indicates the kind of logon that occurred. The most common types are 2 (interactive) and 3 (network). The New Logon fields indicate the account for whom the new logon was created, i.e. the account that was logged on. The network fields indicate where a remote logon request originated. Workstation name is not always available and may be left blank in some cases. The authentication information fields provide detailed information about this specific logon request. - Logon GUID is a unique identifier that can be used to correlate this event with a KDC event. - Transited services indicate which intermediate services have participated in this logon request. - Package name indicates which sub-protocol was used among the NTLM protocols. - Key length indicates the length of the generated session key. This will be 0 if no session key was requested.
1521912692.740693	CG9T461KV0VLPWsrch	10.47.22.25	58947	10.47.2.153	514	udp	LOCAL0	NOTICE	1 2018-03-24T09:15:23-07:00 Kramer.jerry.land EvntSLog - - - An account was successfully logged on. Subject: Security ID: S-1-0-0 Account Name: - Account Domain: - Logon ID: 0x0 Logon Type: 3 New Logon: Security ID: S-1-5-18 Account Name: KRAMER$ Account Domain: JERRY Logon ID: 0x3c9d2b2 Logon GUID: {8A226FDA-FE88-F8FC-B6A3-39969F997F6A} Process Information: Process ID: 0x0 Process Name: - Network Information: Workstation Name: Source Network Address: 172.20.0.25 Source Port: 49408 Detailed Authentication Information: Logon Process: Kerberos Authentication Package: Kerberos Transited Services: - Package Name (NTLM only): - Key Length: 0 This event is generated when a logon session is created. It is generated on the computer that was accessed. The subject fields indicate the account on the local system which requested the logon. This is most commonly a service such as the Server service, or a local process such as Winlogon.exe or Services.exe. The logon type field indicates the kind of logon that occurred. The most common types are 2 (interactive) and 3 (network). The New Logon fields indicate the account for whom the new logon was created, i.e. the account that was logged on. The network fields indicate where a remote logon request originated. Workstation name is not always available and may be left blank in some cases. The authentication information fields provide detailed information about this specific logon request. - Logon GUID is a unique identifier that can be used to correlate this event with a KDC event. - Transited services indicate which intermediate services have participated in this logon request. - Package name indicates which sub-protocol was used among the NTLM protocols. - Key length indicates the length of the generated session key. This will be 0 if no session key was requested.
1521912692.755351	CG9T461KV0VLPWsrch	10.47.22.25	58947	10.47.2.153	514	udp	LOCAL0	INFO	1 2018-03-24T09:15:23-07:00 Kramer.jerry.land EvntSLog - - - Domain Controller details: Domain Controller Name : \\\\Kramer.jerry.land Domain Controller IP Address : \\\\172.20.0.25
1521912692.755353	CG9T461KV0VLPWsrch	10.47.22.25	58947	10.47.2.153	514	udp	LOCAL0	INFO	1 2018-03-24T09:15:23-07:00 Kramer.jerry.land EvntSLog - - - Domain Controller details: Domain Controller Name : \\\\Kramer.jerry.land Domain Controller IP Address : \\\\172.20.0.25
1521912692.755355	CG9T461KV0VLPWsrch	10.47.22.25	58947	10.47.2.153	514	udp	LOCAL0	INFO	1 2018-03-24T09:15:23-07:00 Kramer.jerry.land EvntSLog - - - Domain Controller details: Domain Controller Name : \\\\Kramer.jerry.land Domain Controller IP Address : \\\\172.20.0.25
1521912692.755356	CG9T461KV0VLPWsrch	10.47.22.25	58947	10.47.2.153	514	udp	LOCAL0	INFO	1 2018-03-24T09:15:23-07:00 Kramer.jerry.land EvntSLog - - - Domain Controller details: Domain Controller Name : \\\\Kramer.jerry.land Domain Controller IP Address : \\\\172.20.0.25
1521912692.755560	CG9T461KV0VLPWsrch	10.47.22.25	58947	10.47.2.153	514	udp	LOCAL0	NOTICE	1 2018-03-24T09:15:23-07:00 Kramer.jerry.land EvntSLog - - - Special privileges assigned to new logon. Subject: Security ID: S-1-5-18 Account Name: KRAMER$ Account Domain: JERRY Logon ID: 0x3c9d372 Privileges: SeSecurityPrivilege SeBackupPrivilege SeRestorePrivilege SeTakeOwnershipPrivilege SeDebugPrivilege SeSystemEnvironmentPrivilege SeLoadDriverPrivilege SeImpersonatePrivilege SeEnableDelegationPrivilege
1521912692.755562	CG9T461KV0VLPWsrch	10.47.22.25	58947	10.47.2.153	514	udp	LOCAL0	NOTICE	1 2018-03-24T09:15:23-07:00 Kramer.jerry.land EvntSLog - - - Special privileges assigned to new logon. Subject: Security ID: S-1-5-18 Account Name: KRAMER$ Account Domain: JERRY Logon ID: 0x3c9d372 Privileges: SeSecurityPrivilege SeBackupPrivilege SeRestorePrivilege SeTakeOwnershipPrivilege SeDebugPrivilege SeSystemEnvironmentPrivilege SeLoadDriverPrivilege SeImpersonatePrivilege SeEnableDelegationPrivilege
1521912692.755564	CG9T461KV0VLPWsrch	10.47.22.25	58947	10.47.2.153	514	udp	LOCAL0	NOTICE	1 2018-03-24T09:15:23-07:00 Kramer.jerry.land EvntSLog - - - Special privileges assigned to new logon. Subject: Security ID: S-1-5-18 Account Name: KRAMER$ Account Domain: JERRY Logon ID: 0x3c9d372 Privileges: SeSecurityPrivilege SeBackupPrivilege SeRestorePrivilege SeTakeOwnershipPrivilege SeDebugPrivilege SeSystemEnvironmentPrivilege SeLoadDriverPrivilege SeImpersonatePrivilege SeEnableDelegationPrivilege
1521912692.755565	CG9T461KV0VLPWsrch	10.47.22.25	58947	10.47.2.153	514	udp	LOCAL0	NOTICE	1 2018-03-24T09:15:23-07:00 Kramer.jerry.land EvntSLog - - - Special privileges assigned to new logon. Subject: Security ID: S-1-5-18 Account Name: KRAMER$ Account Domain: JERRY Logon ID: 0x3c9d372 Privileges: SeSecurityPrivilege SeBackupPrivilege SeRestorePrivilege SeTakeOwnershipPrivilege SeDebugPrivilege SeSystemEnvironmentPrivilege SeLoadDriverPrivilege SeImpersonatePrivilege SeEnableDelegationPrivilege
1521912692.770770	CG9T461KV0VLPWsrch	10.47.22.25	58947	10.47.2.153	514	udp	LOCAL0	INFO	1 2018-03-24T09:15:23-07:00 Kramer.jerry.land EvntSLog - - - Group Policy successfully discovered the Domain Controller in 2121 milliseconds.
1521912692.770772	CG9T461KV0VLPWsrch	10.47.22.25	58947	10.47.2.153	514	udp	LOCAL0	INFO	1 2018-03-24T09:15:23-07:00 Kramer.jerry.land EvntSLog - - - Group Policy successfully discovered the Domain Controller in 2121 milliseconds.
1521912692.770774	CG9T461KV0VLPWsrch	10.47.22.25	58947	10.47.2.153	514	udp	LOCAL0	INFO	1 2018-03-24T09:15:23-07:00 Kramer.jerry.land EvntSLog - - - Group Policy successfully discovered the Domain Controller in 2121 milliseconds.
1521912692.770776	CG9T461KV0VLPWsrch	10.47.22.25	58947	10.47.2.153	514	udp	LOCAL0	INFO	1 2018-03-24T09:15:23-07:00 Kramer.jerry.land EvntSLog - - - Group Policy successfully discovered the Domain Controller in 2121 milliseconds.
1521912692.771520	CG9T461KV0VLPWsrch	10.47.22.25	58947	10.47.2.153	514	udp	LOCAL0	NOTICE	1 2018-03-24T09:15:23-07:00 Kramer.jerry.land EvntSLog - - - An account was successfully logged on. Subject: Security ID: S-1-0-0 Account Name: - Account Domain: - Logon ID: 0x0 Logon Type: 3 New Logon: Security ID: S-1-5-18 Account Name: KRAMER$ Account Domain: JERRY Logon ID: 0x3c9d372 Logon GUID: {8A226FDA-FE88-F8FC-B6A3-39969F997F6A} Process Information: Process ID: 0x0 Process Name: - Network Information: Workstation Name: Source Network Address: ::1 Source Port: 0 Detailed Authentication Information: Logon Process: Kerberos Authentication Package: Kerberos Transited Services: - Package Name (NTLM only): - Key Length: 0 This event is generated when a logon session is created. It is generated on the computer that was accessed. The subject fields indicate the account on the local system which requested the logon. This is most commonly a service such as the Server service, or a local process such as Winlogon.exe or Services.exe. The logon type field indicates the kind of logon that occurred. The most common types are 2 (interactive) and 3 (network). The New Logon fields indicate the account for whom the new logon was created, i.e. the account that was logged on. The network fields indicate where a remote logon request originated. Workstation name is not always available and may be left blank in some cases. The authentication information fields provide detailed information about this specific logon request. - Logon GUID is a unique identifier that can be used to correlate this event with a KDC event. - Transited services indicate which intermediate services have participated in this logon request. - Package name indicates which sub-protocol was used among the NTLM protocols. - Key length indicates the length of the generated session key. This will be 0 if no session key was requested.
1521912692.771528	CG9T461KV0VLPWsrch	10.47.22.25	58947	10.47.2.153	514	udp	LOCAL0	NOTICE	1 2018-03-24T09:15:23-07:00 Kramer.jerry.land EvntSLog - - - An account was successfully logged on. Subject: Security ID: S-1-0-0 Account Name: - Account Domain: - Logon ID: 0x0 Logon Type: 3 New Logon: Security ID: S-1-5-18 Account Name: KRAMER$ Account Domain: JERRY Logon ID: 0x3c9d372 Logon GUID: {8A226FDA-FE88-F8FC-B6A3-39969F997F6A} Process Information: Process ID: 0x0 Process Name: - Network Information: Workstation Name: Source Network Address: ::1 Source Port: 0 Detailed Authentication Information: Logon Process: Kerberos Authentication Package: Kerberos Transited Services: - Package Name (NTLM only): - Key Length: 0 This event is generated when a logon session is created. It is generated on the computer that was accessed. The subject fields indicate the account on the local system which requested the logon. This is most commonly a service such as the Server service, or a local process such as Winlogon.exe or Services.exe. The logon type field indicates the kind of logon that occurred. The most common types are 2 (interactive) and 3 (network). The New Logon fields indicate the account for whom the new logon was created, i.e. the account that was logged on. The network fields indicate where a remote logon request originated. Workstation name is not always available and may be left blank in some cases. The authentication information fields provide detailed information about this specific logon request. - Logon GUID is a unique identifier that can be used to correlate this event with a KDC event. - Transited services indicate which intermediate services have participated in this logon request. - Package name indicates which sub-protocol was used among the NTLM protocols. - Key length indicates the length of the generated session key. This will be 0 if no session key was requested.
1521912692.771635	CG9T461KV0VLPWsrch	10.47.22.25	58947	10.47.2.153	514	udp	LOCAL0	NOTICE	1 2018-03-24T09:15:23-07:00 Kramer.jerry.land EvntSLog - - - An account was successfully logged on. Subject: Security ID: S-1-0-0 Account Name: - Account Domain: - Logon ID: 0x0 Logon Type: 3 New Logon: Security ID: S-1-5-18 Account Name: KRAMER$ Account Domain: JERRY Logon ID: 0x3c9d372 Logon GUID: {8A226FDA-FE88-F8FC-B6A3-39969F997F6A} Process Information: Process ID: 0x0 Process Name: - Network Information: Workstation Name: Source Network Address: ::1 Source Port: 0 Detailed Authentication Information: Logon Process: Kerberos Authentication Package: Kerberos Transited Services: - Package Name (NTLM only): - Key Length: 0 This event is generated when a logon session is created. It is generated on the computer that was accessed. The subject fields indicate the account on the local system which requested the logon. This is most commonly a service such as the Server service, or a local process such as Winlogon.exe or Services.exe. The logon type field indicates the kind of logon that occurred. The most common types are 2 (interactive) and 3 (network). The New Logon fields indicate the account for whom the new logon was created, i.e. the account that was logged on. The network fields indicate where a remote logon request originated. Workstation name is not always available and may be left blank in some cases. The authentication information fields provide detailed information about this specific logon request. - Logon GUID is a unique identifier that can be used to correlate this event with a KDC event. - Transited services indicate which intermediate services have participated in this logon request. - Package name indicates which sub-protocol was used among the NTLM protocols. - Key length indicates the length of the generated session key. This will be 0 if no session key was requested.
1521912692.771639	CG9T461KV0VLPWsrch	10.47.22.25	58947	10.47.2.153	514	udp	LOCAL0	NOTICE	1 2018-03-24T09:15:23-07:00 Kramer.jerry.land EvntSLog - - - An account was successfully logged on. Subject: Security ID: S-1-0-0 Account Name: - Account Domain: - Logon ID: 0x0 Logon Type: 3 New Logon: Security ID: S-1-5-18 Account Name: KRAMER$ Account Domain: JERRY Logon ID: 0x3c9d372 Logon GUID: {8A226FDA-FE88-F8FC-B6A3-39969F997F6A} Process Information: Process ID: 0x0 Process Name: - Network Information: Workstation Name: Source Network Address: ::1 Source Port: 0 Detailed Authentication Information: Logon Process: Kerberos Authentication Package: Kerberos Transited Services: - Package Name (NTLM only): - Key Length: 0 This event is generated when a logon session is created. It is generated on the computer that was accessed. The subject fields indicate the account on the local system which requested the logon. This is most commonly a service such as the Server service, or a local process such as Winlogon.exe or Services.exe. The logon type field indicates the kind of logon that occurred. The most common types are 2 (interactive) and 3 (network). The New Logon fields indicate the account for whom the new logon was created, i.e. the account that was logged on. The network fields indicate where a remote logon request originated. Workstation name is not always available and may be left blank in some cases. The authentication information fields provide detailed information about this specific logon request. - Logon GUID is a unique identifier that can be used to correlate this event with a KDC event. - Transited services indicate which intermediate services have participated in this logon request. - Package name indicates which sub-protocol was used among the NTLM protocols. - Key length indicates the length of the generated session key. This will be 0 if no session key was requested.
1521912692.786120	CG9T461KV0VLPWsrch	10.47.22.25	58947	10.47.2.153	514	udp	LOCAL0	INFO	1 2018-03-24T09:15:23-07:00 Kramer.jerry.land EvntSLog - - - Computer details: Computer role : 3 Network name : 
1521912692.786124	CG9T461KV0VLPWsrch	10.47.22.25	58947	10.47.2.153	514	udp	LOCAL0	INFO	1 2018-03-24T09:15:23-07:00 Kramer.jerry.land EvntSLog - - - Computer details: Computer role : 3 Network name : 
1521912692.786128	CG9T461KV0VLPWsrch	10.47.22.25	58947	10.47.2.153	514	udp	LOCAL0	INFO	1 2018-03-24T09:15:23-07:00 Kramer.jerry.land EvntSLog - - - Computer details: Computer role : 3 Network name : 
1521912692.786132	CG9T461KV0VLPWsrch	10.47.22.25	58947	10.47.2.153	514	udp	LOCAL0	INFO	1 2018-03-24T09:15:23-07:00 Kramer.jerry.land EvntSLog - - - Computer details: Computer role : 3 Network name : 
1521912692.786136	CG9T461KV0VLPWsrch	10.47.22.25	58947	10.47.2.153	514	udp	LOCAL0	NOTICE	1 2018-03-24T09:15:23-07:00 Kramer.jerry.land EvntSLog - - - Special privileges assigned to new logon. Subject: Security ID: S-1-5-18 Account Name: KRAMER$ Account Domain: JERRY Logon ID: 0x3c9d3c0 Privileges: SeSecurityPrivilege SeBackupPrivilege SeRestorePrivilege SeTakeOwnershipPrivilege SeDebugPrivilege SeSystemEnvironmentPrivilege SeLoadDriverPrivilege SeImpersonatePrivilege SeEnableDelegationPrivilege
1521912692.786138	CG9T461KV0VLPWsrch	10.47.22.25	58947	10.47.2.153	514	udp	LOCAL0	NOTICE	1 2018-03-24T09:15:23-07:00 Kramer.jerry.land EvntSLog - - - Special privileges assigned to new logon. Subject: Security ID: S-1-5-18 Account Name: KRAMER$ Account Domain: JERRY Logon ID: 0x3c9d3c0 Privileges: SeSecurityPrivilege SeBackupPrivilege SeRestorePrivilege SeTakeOwnershipPrivilege SeDebugPrivilege SeSystemEnvironmentPrivilege SeLoadDriverPrivilege SeImpersonatePrivilege SeEnableDelegationPrivilege
1521912692.786175	CG9T461KV0VLPWsrch	10.47.22.25	58947	10.47.2.153	514	udp	LOCAL0	NOTICE	1 2018-03-24T09:15:23-07:00 Kramer.jerry.land EvntSLog - - - Special privileges assigned to new logon. Subject: Security ID: S-1-5-18 Account Name: KRAMER$ Account Domain: JERRY Logon ID: 0x3c9d3c0 Privileges: SeSecurityPrivilege SeBackupPrivilege SeRestorePrivilege SeTakeOwnershipPrivilege SeDebugPrivilege SeSystemEnvironmentPrivilege SeLoadDriverPrivilege SeImpersonatePrivilege SeEnableDelegationPrivilege
1521912692.786179	CG9T461KV0VLPWsrch	10.47.22.25	58947	10.47.2.153	514	udp	LOCAL0	NOTICE	1 2018-03-24T09:15:23-07:00 Kramer.jerry.land EvntSLog - - - Special privileges assigned to new logon. Subject: Security ID: S-1-5-18 Account Name: KRAMER$ Account Domain: JERRY Logon ID: 0x3c9d3c0 Privileges: SeSecurityPrivilege SeBackupPrivilege SeRestorePrivilege SeTakeOwnershipPrivilege SeDebugPrivilege SeSystemEnvironmentPrivilege SeLoadDriverPrivilege SeImpersonatePrivilege SeEnableDelegationPrivilege
1521912692.803735	CG9T461KV0VLPWsrch	10.47.22.25	58947	10.47.2.153	514	udp	LOCAL0	INFO	1 2018-03-24T09:15:23-07:00 Kramer.jerry.land EvntSLog - - - Account details: Account Name : CN=KRAMER,OU=Domain Controllers,DC=jerry,DC=land Account Domain Name : jerry.land DC Name : \\\\Kramer.jerry.land DC Domain Name : jerry.land
1521912692.803737	CG9T461KV0VLPWsrch	10.47.22.25	58947	10.47.2.153	514	udp	LOCAL0	INFO	1 2018-03-24T09:15:23-07:00 Kramer.jerry.land EvntSLog - - - Account details: Account Name : CN=KRAMER,OU=Domain Controllers,DC=jerry,DC=land Account Domain Name : jerry.land DC Name : \\\\Kramer.jerry.land DC Domain Name : jerry.land
1521912692.803738	CG9T461KV0VLPWsrch	10.47.22.25	58947	10.47.2.153	514	udp	LOCAL0	INFO	1 2018-03-24T09:15:23-07:00 Kramer.jerry.land EvntSLog - - - Account details: Account Name : CN=KRAMER,OU=Domain Controllers,DC=jerry,DC=land Account Domain Name : jerry.land DC Name : \\\\Kramer.jerry.land DC Domain Name : jerry.land
1521912692.803740	CG9T461KV0VLPWsrch	10.47.22.25	58947	10.47.2.153	514	udp	LOCAL0	INFO	1 2018-03-24T09:15:23-07:00 Kramer.jerry.land EvntSLog - - - Account details: Account Name : CN=KRAMER,OU=Domain Controllers,DC=jerry,DC=land Account Domain Name : jerry.land DC Name : \\\\Kramer.jerry.land DC Domain Name : jerry.land
1521912692.804307	CG9T461KV0VLPWsrch	10.47.22.25	58947	10.47.2.153	514	udp	LOCAL0	NOTICE	1 2018-03-24T09:15:23-07:00 Kramer.jerry.land EvntSLog - - - An account was successfully logged on. Subject: Security ID: S-1-0-0 Account Name: - Account Domain: - Logon ID: 0x0 Logon Type: 3 New Logon: Security ID: S-1-5-18 Account Name: KRAMER$ Account Domain: JERRY Logon ID: 0x3c9d3c0 Logon GUID: {8A226FDA-FE88-F8FC-B6A3-39969F997F6A} Process Information: Process ID: 0x0 Process Name: - Network Information: Workstation Name: Source Network Address: 172.20.0.25 Source Port: 49409 Detailed Authentication Information: Logon Process: Kerberos Authentication Package: Kerberos Transited Services: - Package Name (NTLM only): - Key Length: 0 This event is generated when a logon session is created. It is generated on the computer that was accessed. The subject fields indicate the account on the local system which requested the logon. This is most commonly a service such as the Server service, or a local process such as Winlogon.exe or Services.exe. The logon type field indicates the kind of logon that occurred. The most common types are 2 (interactive) and 3 (network). The New Logon fields indicate the account for whom the new logon was created, i.e. the account that was logged on. The network fields indicate where a remote logon request originated. Workstation name is not always available and may be left blank in some cases. The authentication information fields provide detailed information about this specific logon request. - Logon GUID is a unique identifier that can be used to correlate this event with a KDC event. - Transited services indicate which intermediate services have participated in this logon request. - Package name indicates which sub-protocol was used among the NTLM protocols. - Key length indicates the length of the generated session key. This will be 0 if no session key was requested.
1521912692.804310	CG9T461KV0VLPWsrch	10.47.22.25	58947	10.47.2.153	514	udp	LOCAL0	NOTICE	1 2018-03-24T09:15:23-07:00 Kramer.jerry.land EvntSLog - - - An account was successfully logged on. Subject: Security ID: S-1-0-0 Account Name: - Account Domain: - Logon ID: 0x0 Logon Type: 3 New Logon: Security ID: S-1-5-18 Account Name: KRAMER$ Account Domain: JERRY Logon ID: 0x3c9d3c0 Logon GUID: {8A226FDA-FE88-F8FC-B6A3-39969F997F6A} Process Information: Process ID: 0x0 Process Name: - Network Information: Workstation Name: Source Network Address: 172.20.0.25 Source Port: 49409 Detailed Authentication Information: Logon Process: Kerberos Authentication Package: Kerberos Transited Services: - Package Name (NTLM only): - Key Length: 0 This event is generated when a logon session is created. It is generated on the computer that was accessed. The subject fields indicate the account on the local system which requested the logon. This is most commonly a service such as the Server service, or a local process such as Winlogon.exe or Services.exe. The logon type field indicates the kind of logon that occurred. The most common types are 2 (interactive) and 3 (network). The New Logon fields indicate the account for whom the new logon was created, i.e. the account that was logged on. The network fields indicate where a remote logon request originated. Workstation name is not always available and may be left blank in some cases. The authentication information fields provide detailed information about this specific logon request. - Logon GUID is a unique identifier that can be used to correlate this event with a KDC event. - Transited services indicate which intermediate services have participated in this logon request. - Package name indicates which sub-protocol was used among the NTLM protocols. - Key length indicates the length of the generated session key. This will be 0 if no session key was requested.
1521912692.804384	CG9T461KV0VLPWsrch	10.47.22.25	58947	10.47.2.153	514	udp	LOCAL0	NOTICE	1 2018-03-24T09:15:23-07:00 Kramer.jerry.land EvntSLog - - - An account was successfully logged on. Subject: Security ID: S-1-0-0 Account Name: - Account Domain: - Logon ID: 0x0 Logon Type: 3 New Logon: Security ID: S-1-5-18 Account Name: KRAMER$ Account Domain: JERRY Logon ID: 0x3c9d3c0 Logon GUID: {8A226FDA-FE88-F8FC-B6A3-39969F997F6A} Process Information: Process ID: 0x0 Process Name: - Network Information: Workstation Name: Source Network Address: 172.20.0.25 Source Port: 49409 Detailed Authentication Information: Logon Process: Kerberos Authentication Package: Kerberos Transited Services: - Package Name (NTLM only): - Key Length: 0 This event is generated when a logon session is created. It is generated on the computer that was accessed. The subject fields indicate the account on the local system which requested the logon. This is most commonly a service such as the Server service, or a local process such as Winlogon.exe or Services.exe. The logon type field indicates the kind of logon that occurred. The most common types are 2 (interactive) and 3 (network). The New Logon fields indicate the account for whom the new logon was created, i.e. the account that was logged on. The network fields indicate where a remote logon request originated. Workstation name is not always available and may be left blank in some cases. The authentication information fields provide detailed information about this specific logon request. - Logon GUID is a unique identifier that can be used to correlate this event with a KDC event. - Transited services indicate which intermediate services have participated in this logon request. - Package name indicates which sub-protocol was used among the NTLM protocols. - Key length indicates the length of the generated session key. This will be 0 if no session key was requested.
1521912692.804390	CG9T461KV0VLPWsrch	10.47.22.25	58947	10.47.2.153	514	udp	LOCAL0	NOTICE	1 2018-03-24T09:15:23-07:00 Kramer.jerry.land EvntSLog - - - An account was successfully logged on. Subject: Security ID: S-1-0-0 Account Name: - Account Domain: - Logon ID: 0x0 Logon Type: 3 New Logon: Security ID: S-1-5-18 Account Name: KRAMER$ Account Domain: JERRY Logon ID: 0x3c9d3c0 Logon GUID: {8A226FDA-FE88-F8FC-B6A3-39969F997F6A} Process Information: Process ID: 0x0 Process Name: - Network Information: Workstation Name: Source Network Address: 172.20.0.25 Source Port: 49409 Detailed Authentication Information: Logon Process: Kerberos Authentication Package: Kerberos Transited Services: - Package Name (NTLM only): - Key Length: 0 This event is generated when a logon session is created. It is generated on the computer that was accessed. The subject fields indicate the account on the local system which requested the logon. This is most commonly a service such as the Server service, or a local process such as Winlogon.exe or Services.exe. The logon type field indicates the kind of logon that occurred. The most common types are 2 (interactive) and 3 (network). The New Logon fields indicate the account for whom the new logon was created, i.e. the account that was logged on. The network fields indicate where a remote logon request originated. Workstation name is not always available and may be left blank in some cases. The authentication information fields provide detailed information about this specific logon request. - Logon GUID is a unique identifier that can be used to correlate this event with a KDC event. - Transited services indicate which intermediate services have participated in this logon request. - Package name indicates which sub-protocol was used among the NTLM protocols. - Key length indicates the length of the generated session key. This will be 0 if no session key was requested.
1521912692.817455	CG9T461KV0VLPWsrch	10.47.22.25	58947	10.47.2.153	514	udp	LOCAL0	INFO	1 2018-03-24T09:15:23-07:00 Kramer.jerry.land EvntSLog - - - The loopback policy processing mode is "No loopback mode".
1521912692.817458	CG9T461KV0VLPWsrch	10.47.22.25	58947	10.47.2.153	514	udp	LOCAL0	INFO	1 2018-03-24T09:15:23-07:00 Kramer.jerry.land EvntSLog - - - The loopback policy processing mode is "No loopback mode".
1521912692.817460	CG9T461KV0VLPWsrch	10.47.22.25	58947	10.47.2.153	514	udp	LOCAL0	INFO	1 2018-03-24T09:15:23-07:00 Kramer.jerry.land EvntSLog - - - The loopback policy processing mode is "No loopback mode".
1521912692.817462	CG9T461KV0VLPWsrch	10.47.22.25	58947	10.47.2.153	514	udp	LOCAL0	INFO	1 2018-03-24T09:15:23-07:00 Kramer.jerry.land EvntSLog - - - The loopback policy processing mode is "No loopback mode".
1521912692.817813	CG9T461KV0VLPWsrch	10.47.22.25	58947	10.47.2.153	514	udp	LOCAL0	NOTICE	1 2018-03-24T09:15:23-07:00 Kramer.jerry.land EvntSLog - - - A Kerberos service ticket was requested. Account Information: Account Name: KRAMER$@JERRY.LAND Account Domain: JERRY.LAND Logon GUID: {74175AA6-90CA-0CF7-9B08-B57ECC60A042} Service Information: Service Name: krbtgt Service ID: S-1-5-21-1311969832-1707640848-2310541705-502 Network Information: Client Address: ::1 Client Port: 0 Additional Information: Ticket Options: 0x60810010 Ticket Encryption Type: 0x17 Failure Code: 0x0 Transited Services: - This event is generated every time access is requested to a resource such as a computer or a Windows service. The service name indicates the resource to which access was requested. This event can be correlated with Windows logon events by comparing the Logon GUID fields in each event. The logon event occurs on the machine that was accessed, which is often a different machine than the domain controller which issued the service ticket. Ticket options, encryption types, and failure codes are defined in RFC 4120.
1521912692.817817	CG9T461KV0VLPWsrch	10.47.22.25	58947	10.47.2.153	514	udp	LOCAL0	NOTICE	1 2018-03-24T09:15:23-07:00 Kramer.jerry.land EvntSLog - - - A Kerberos service ticket was requested. Account Information: Account Name: KRAMER$@JERRY.LAND Account Domain: JERRY.LAND Logon GUID: {74175AA6-90CA-0CF7-9B08-B57ECC60A042} Service Information: Service Name: krbtgt Service ID: S-1-5-21-1311969832-1707640848-2310541705-502 Network Information: Client Address: ::1 Client Port: 0 Additional Information: Ticket Options: 0x60810010 Ticket Encryption Type: 0x17 Failure Code: 0x0 Transited Services: - This event is generated every time access is requested to a resource such as a computer or a Windows service. The service name indicates the resource to which access was requested. This event can be correlated with Windows logon events by comparing the Logon GUID fields in each event. The logon event occurs on the machine that was accessed, which is often a different machine than the domain controller which issued the service ticket. Ticket options, encryption types, and failure codes are defined in RFC 4120.
1521912692.817819	CG9T461KV0VLPWsrch	10.47.22.25	58947	10.47.2.153	514	udp	LOCAL0	NOTICE	1 2018-03-24T09:15:23-07:00 Kramer.jerry.land EvntSLog - - - A Kerberos service ticket was requested. Account Information: Account Name: KRAMER$@JERRY.LAND Account Domain: JERRY.LAND Logon GUID: {74175AA6-90CA-0CF7-9B08-B57ECC60A042} Service Information: Service Name: krbtgt Service ID: S-1-5-21-1311969832-1707640848-2310541705-502 Network Information: Client Address: ::1 Client Port: 0 Additional Information: Ticket Options: 0x60810010 Ticket Encryption Type: 0x17 Failure Code: 0x0 Transited Services: - This event is generated every time access is requested to a resource such as a computer or a Windows service. The service name indicates the resource to which access was requested. This event can be correlated with Windows logon events by comparing the Logon GUID fields in each event. The logon event occurs on the machine that was accessed, which is often a different machine than the domain controller which issued the service ticket. Ticket options, encryption types, and failure codes are defined in RFC 4120.
1521912692.817821	CG9T461KV0VLPWsrch	10.47.22.25	58947	10.47.2.153	514	udp	LOCAL0	NOTICE	1 2018-03-24T09:15:23-07:00 Kramer.jerry.land EvntSLog - - - A Kerberos service ticket was requested. Account Information: Account Name: KRAMER$@JERRY.LAND Account Domain: JERRY.LAND Logon GUID: {74175AA6-90CA-0CF7-9B08-B57ECC60A042} Service Information: Service Name: krbtgt Service ID: S-1-5-21-1311969832-1707640848-2310541705-502 Network Information: Client Address: ::1 Client Port: 0 Additional Information: Ticket Options: 0x60810010 Ticket Encryption Type: 0x17 Failure Code: 0x0 Transited Services: - This event is generated every time access is requested to a resource such as a computer or a Windows service. The service name indicates the resource to which access was requested. This event can be correlated with Windows logon events by comparing the Logon GUID fields in each event. The logon event occurs on the machine that was accessed, which is often a different machine than the domain controller which issued the service ticket. Ticket options, encryption types, and failure codes are defined in RFC 4120.
1521912692.834718	CG9T461KV0VLPWsrch	10.47.22.25	58947	10.47.2.153	514	udp	LOCAL0	INFO	1 2018-03-24T09:15:23-07:00 Kramer.jerry.land EvntSLog - - - Making system calls to access specified file. \\\\jerry.land\\sysvol\\jerry.land\\Policies\\{31B2F340-016D-11D2-945F-00C04FB984F9}\\gpt.ini
1521912692.834721	CG9T461KV0VLPWsrch	10.47.22.25	58947	10.47.2.153	514	udp	LOCAL0	INFO	1 2018-03-24T09:15:23-07:00 Kramer.jerry.land EvntSLog - - - Making system calls to access specified file. \\\\jerry.land\\sysvol\\jerry.land\\Policies\\{31B2F340-016D-11D2-945F-00C04FB984F9}\\gpt.ini
1521912692.834723	CG9T461KV0VLPWsrch	10.47.22.25	58947	10.47.2.153	514	udp	LOCAL0	INFO	1 2018-03-24T09:15:23-07:00 Kramer.jerry.land EvntSLog - - - Making system calls to access specified file. \\\\jerry.land\\sysvol\\jerry.land\\Policies\\{31B2F340-016D-11D2-945F-00C04FB984F9}\\gpt.ini
1521912692.834725	CG9T461KV0VLPWsrch	10.47.22.25	58947	10.47.2.153	514	udp	LOCAL0	INFO	1 2018-03-24T09:15:23-07:00 Kramer.jerry.land EvntSLog - - - Making system calls to access specified file. \\\\jerry.land\\sysvol\\jerry.land\\Policies\\{31B2F340-016D-11D2-945F-00C04FB984F9}\\gpt.ini
1521912692.835017	CG9T461KV0VLPWsrch	10.47.22.25	58947	10.47.2.153	514	udp	LOCAL0	NOTICE	1 2018-03-24T09:15:23-07:00 Kramer.jerry.land EvntSLog - - - Special privileges assigned to new logon. Subject: Security ID: S-1-5-18 Account Name: KRAMER$ Account Domain: JERRY Logon ID: 0x3c9d3f3 Privileges: SeSecurityPrivilege SeBackupPrivilege SeRestorePrivilege SeTakeOwnershipPrivilege SeDebugPrivilege SeSystemEnvironmentPrivilege SeLoadDriverPrivilege SeImpersonatePrivilege SeEnableDelegationPrivilege
1521912692.835021	CG9T461KV0VLPWsrch	10.47.22.25	58947	10.47.2.153	514	udp	LOCAL0	NOTICE	1 2018-03-24T09:15:23-07:00 Kramer.jerry.land EvntSLog - - - Special privileges assigned to new logon. Subject: Security ID: S-1-5-18 Account Name: KRAMER$ Account Domain: JERRY Logon ID: 0x3c9d3f3 Privileges: SeSecurityPrivilege SeBackupPrivilege SeRestorePrivilege SeTakeOwnershipPrivilege SeDebugPrivilege SeSystemEnvironmentPrivilege SeLoadDriverPrivilege SeImpersonatePrivilege SeEnableDelegationPrivilege
1521912692.835023	CG9T461KV0VLPWsrch	10.47.22.25	58947	10.47.2.153	514	udp	LOCAL0	NOTICE	1 2018-03-24T09:15:23-07:00 Kramer.jerry.land EvntSLog - - - Special privileges assigned to new logon. Subject: Security ID: S-1-5-18 Account Name: KRAMER$ Account Domain: JERRY Logon ID: 0x3c9d3f3 Privileges: SeSecurityPrivilege SeBackupPrivilege SeRestorePrivilege SeTakeOwnershipPrivilege SeDebugPrivilege SeSystemEnvironmentPrivilege SeLoadDriverPrivilege SeImpersonatePrivilege SeEnableDelegationPrivilege
1521912692.835025	CG9T461KV0VLPWsrch	10.47.22.25	58947	10.47.2.153	514	udp	LOCAL0	NOTICE	1 2018-03-24T09:15:23-07:00 Kramer.jerry.land EvntSLog - - - Special privileges assigned to new logon. Subject: Security ID: S-1-5-18 Account Name: KRAMER$ Account Domain: JERRY Logon ID: 0x3c9d3f3 Privileges: SeSecurityPrivilege SeBackupPrivilege SeRestorePrivilege SeTakeOwnershipPrivilege SeDebugPrivilege SeSystemEnvironmentPrivilege SeLoadDriverPrivilege SeImpersonatePrivilege SeEnableDelegationPrivilege
1521912692.849295	CG9T461KV0VLPWsrch	10.47.22.25	58947	10.47.2.153	514	udp	LOCAL0	INFO	1 2018-03-24T09:15:23-07:00 Kramer.jerry.land EvntSLog - - - The system calls to access specified file completed. \\\\jerry.land\\sysvol\\jerry.land\\Policies\\{31B2F340-016D-11D2-945F-00C04FB984F9}\\gpt.ini The call completed in 125 milliseconds.
1521912692.849299	CG9T461KV0VLPWsrch	10.47.22.25	58947	10.47.2.153	514	udp	LOCAL0	INFO	1 2018-03-24T09:15:23-07:00 Kramer.jerry.land EvntSLog - - - The system calls to access specified file completed. \\\\jerry.land\\sysvol\\jerry.land\\Policies\\{31B2F340-016D-11D2-945F-00C04FB984F9}\\gpt.ini The call completed in 125 milliseconds.
1521912692.849301	CG9T461KV0VLPWsrch	10.47.22.25	58947	10.47.2.153	514	udp	LOCAL0	INFO	1 2018-03-24T09:15:23-07:00 Kramer.jerry.land EvntSLog - - - The system calls to access specified file completed. \\\\jerry.land\\sysvol\\jerry.land\\Policies\\{31B2F340-016D-11D2-945F-00C04FB984F9}\\gpt.ini The call completed in 125 milliseconds.
1521912692.849303	CG9T461KV0VLPWsrch	10.47.22.25	58947	10.47.2.153	514	udp	LOCAL0	INFO	1 2018-03-24T09:15:23-07:00 Kramer.jerry.land EvntSLog - - - The system calls to access specified file completed. \\\\jerry.land\\sysvol\\jerry.land\\Policies\\{31B2F340-016D-11D2-945F-00C04FB984F9}\\gpt.ini The call completed in 125 milliseconds.
1521912692.850048	CG9T461KV0VLPWsrch	10.47.22.25	58947	10.47.2.153	514	udp	LOCAL0	NOTICE	1 2018-03-24T09:15:23-07:00 Kramer.jerry.land EvntSLog - - - An account was successfully logged on. Subject: Security ID: S-1-0-0 Account Name: - Account Domain: - Logon ID: 0x0 Logon Type: 3 New Logon: Security ID: S-1-5-18 Account Name: KRAMER$ Account Domain: JERRY Logon ID: 0x3c9d3f3 Logon GUID: {3CDA3321-6B83-0DB5-0F99-4AA9FC563A93} Process Information: Process ID: 0x0 Process Name: - Network Information: Workstation Name: Source Network Address: ::1 Source Port: 49410 Detailed Authentication Information: Logon Process: Kerberos Authentication Package: Kerberos Transited Services: - Package Name (NTLM only): - Key Length: 0 This event is generated when a logon session is created. It is generated on the computer that was accessed. The subject fields indicate the account on the local system which requested the logon. This is most commonly a service such as the Server service, or a local process such as Winlogon.exe or Services.exe. The logon type field indicates the kind of logon that occurred. The most common types are 2 (interactive) and 3 (network). The New Logon fields indicate the account for whom the new logon was created, i.e. the account that was logged on. The network fields indicate where a remote logon request originated. Workstation name is not always available and may be left blank in some cases. The authentication information fields provide detailed information about this specific logon request. - Logon GUID is a unique identifier that can be used to correlate this event with a KDC event. - Transited services indicate which intermediate services have participated in this logon request. - Package name indicates which sub-protocol was used among the NTLM protocols. - Key length indicates the length of the generated session key. This will be 0 if no session key was requested.
1521912692.850052	CG9T461KV0VLPWsrch	10.47.22.25	58947	10.47.2.153	514	udp	LOCAL0	NOTICE	1 2018-03-24T09:15:23-07:00 Kramer.jerry.land EvntSLog - - - An account was successfully logged on. Subject: Security ID: S-1-0-0 Account Name: - Account Domain: - Logon ID: 0x0 Logon Type: 3 New Logon: Security ID: S-1-5-18 Account Name: KRAMER$ Account Domain: JERRY Logon ID: 0x3c9d3f3 Logon GUID: {3CDA3321-6B83-0DB5-0F99-4AA9FC563A93} Process Information: Process ID: 0x0 Process Name: - Network Information: Workstation Name: Source Network Address: ::1 Source Port: 49410 Detailed Authentication Information: Logon Process: Kerberos Authentication Package: Kerberos Transited Services: - Package Name (NTLM only): - Key Length: 0 This event is generated when a logon session is created. It is generated on the computer that was accessed. The subject fields indicate the account on the local system which requested the logon. This is most commonly a service such as the Server service, or a local process such as Winlogon.exe or Services.exe. The logon type field indicates the kind of logon that occurred. The most common types are 2 (interactive) and 3 (network). The New Logon fields indicate the account for whom the new logon was created, i.e. the account that was logged on. The network fields indicate where a remote logon request originated. Workstation name is not always available and may be left blank in some cases. The authentication information fields provide detailed information about this specific logon request. - Logon GUID is a unique identifier that can be used to correlate this event with a KDC event. - Transited services indicate which intermediate services have participated in this logon request. - Package name indicates which sub-protocol was used among the NTLM protocols. - Key length indicates the length of the generated session key. This will be 0 if no session key was requested.
1521912692.850147	CG9T461KV0VLPWsrch	10.47.22.25	58947	10.47.2.153	514	udp	LOCAL0	NOTICE	1 2018-03-24T09:15:23-07:00 Kramer.jerry.land EvntSLog - - - An account was successfully logged on. Subject: Security ID: S-1-0-0 Account Name: - Account Domain: - Logon ID: 0x0 Logon Type: 3 New Logon: Security ID: S-1-5-18 Account Name: KRAMER$ Account Domain: JERRY Logon ID: 0x3c9d3f3 Logon GUID: {3CDA3321-6B83-0DB5-0F99-4AA9FC563A93} Process Information: Process ID: 0x0 Process Name: - Network Information: Workstation Name: Source Network Address: ::1 Source Port: 49410 Detailed Authentication Information: Logon Process: Kerberos Authentication Package: Kerberos Transited Services: - Package Name (NTLM only): - Key Length: 0 This event is generated when a logon session is created. It is generated on the computer that was accessed. The subject fields indicate the account on the local system which requested the logon. This is most commonly a service such as the Server service, or a local process such as Winlogon.exe or Services.exe. The logon type field indicates the kind of logon that occurred. The most common types are 2 (interactive) and 3 (network). The New Logon fields indicate the account for whom the new logon was created, i.e. the account that was logged on. The network fields indicate where a remote logon request originated. Workstation name is not always available and may be left blank in some cases. The authentication information fields provide detailed information about this specific logon request. - Logon GUID is a unique identifier that can be used to correlate this event with a KDC event. - Transited services indicate which intermediate services have participated in this logon request. - Package name indicates which sub-protocol was used among the NTLM protocols. - Key length indicates the length of the generated session key. This will be 0 if no session key was requested.
1521912692.850151	CG9T461KV0VLPWsrch	10.47.22.25	58947	10.47.2.153	514	udp	LOCAL0	NOTICE	1 2018-03-24T09:15:23-07:00 Kramer.jerry.land EvntSLog - - - An account was successfully logged on. Subject: Security ID: S-1-0-0 Account Name: - Account Domain: - Logon ID: 0x0 Logon Type: 3 New Logon: Security ID: S-1-5-18 Account Name: KRAMER$ Account Domain: JERRY Logon ID: 0x3c9d3f3 Logon GUID: {3CDA3321-6B83-0DB5-0F99-4AA9FC563A93} Process Information: Process ID: 0x0 Process Name: - Network Information: Workstation Name: Source Network Address: ::1 Source Port: 49410 Detailed Authentication Information: Logon Process: Kerberos Authentication Package: Kerberos Transited Services: - Package Name (NTLM only): - Key Length: 0 This event is generated when a logon session is created. It is generated on the computer that was accessed. The subject fields indicate the account on the local system which requested the logon. This is most commonly a service such as the Server service, or a local process such as Winlogon.exe or Services.exe. The logon type field indicates the kind of logon that occurred. The most common types are 2 (interactive) and 3 (network). The New Logon fields indicate the account for whom the new logon was created, i.e. the account that was logged on. The network fields indicate where a remote logon request originated. Workstation name is not always available and may be left blank in some cases. The authentication information fields provide detailed information about this specific logon request. - Logon GUID is a unique identifier that can be used to correlate this event with a KDC event. - Transited services indicate which intermediate services have participated in this logon request. - Package name indicates which sub-protocol was used among the NTLM protocols. - Key length indicates the length of the generated session key. This will be 0 if no session key was requested.
