1521912323.645986	CBs8sZ2kIbw2QgSdy4	10.47.22.25	58947	10.47.2.153	514	udp	LOCAL0	NOTICE	1 2018-03-24T09:09:14-07:00 Kramer.jerry.land EvntSLog - - - An account was logged off. Subject: Security ID: S-1-5-21-1311969832-1707640848-2310541705-501 Account Name: Guest Account Domain: JERRY Logon ID: 0x3c70663 Logon Type: 3 This event is generated when a logon session is destroyed. It may be positively correlated with a logon event using the Logon ID value. Logon IDs are only unique between reboots on the same computer.
1521912323.645988	CBs8sZ2kIbw2QgSdy4	10.47.22.25	58947	10.47.2.153	514	udp	LOCAL0	NOTICE	1 2018-03-24T09:09:14-07:00 Kramer.jerry.land EvntSLog - - - An account was logged off. Subject: Security ID: S-1-5-21-1311969832-1707640848-2310541705-501 Account Name: Guest Account Domain: JERRY Logon ID: 0x3c70663 Logon Type: 3 This event is generated when a logon session is destroyed. It may be positively correlated with a logon event using the Logon ID value. Logon IDs are only unique between reboots on the same computer.
1521912331.152322	CjiINg3TvK3kLQG6mf	10.47.22.81	60245	10.47.2.153	514	udp	LOCAL0	INFO	1 2018-03-24T09:09:21-07:00 PC-susan.jerry.land EvntSLog - - - @cee: {"source": "PC-susan.jerry.land", "msg": "The WinHTTP Web Proxy Auto-Discovery Service service entered the stopped state.", "nteventlogtype": "System", "sourceproc": "Service Control Manager", "id": "7036", "categoryid": "0", "category": "0", "keywordid": "0x8080000000000000", "user": "N\\\\A", "param1": "WinHTTP Web Proxy Auto-Discovery Service", "param2": "stopped", "catname": "", "keyword": "Classic", "level": "Information"}
1521912331.152432	CjiINg3TvK3kLQG6mf	10.47.22.81	60245	10.47.2.153	514	udp	LOCAL0	INFO	1 2018-03-24T09:09:21-07:00 PC-susan.jerry.land EvntSLog - - - @cee: {"source": "PC-susan.jerry.land", "msg": "The WinHTTP Web Proxy Auto-Discovery Service service entered the stopped state.", "nteventlogtype": "System", "sourceproc": "Service Control Manager", "id": "7036", "categoryid": "0", "category": "0", "keywordid": "0x8080000000000000", "user": "N\\\\A", "param1": "WinHTTP Web Proxy Auto-Discovery Service", "param2": "stopped", "catname": "", "keyword": "Classic", "level": "Information"}
1521912331.152520	CjiINg3TvK3kLQG6mf	10.47.22.81	60245	10.47.2.153	514	udp	LOCAL0	INFO	1 2018-03-24T09:09:21-07:00 PC-susan.jerry.land EvntSLog - - - @cee: {"source": "PC-susan.jerry.land", "msg": "The WinHTTP Web Proxy Auto-Discovery Service service entered the stopped state.", "nteventlogtype": "System", "sourceproc": "Service Control Manager", "id": "7036", "categoryid": "0", "category": "0", "keywordid": "0x8080000000000000", "user": "N\\\\A", "param1": "WinHTTP Web Proxy Auto-Discovery Service", "param2": "stopped", "catname": "", "keyword": "Classic", "level": "Information"}
1521912331.152610	CjiINg3TvK3kLQG6mf	10.47.22.81	60245	10.47.2.153	514	udp	LOCAL0	INFO	1 2018-03-24T09:09:21-07:00 PC-susan.jerry.land EvntSLog - - - @cee: {"source": "PC-susan.jerry.land", "msg": "The WinHTTP Web Proxy Auto-Discovery Service service entered the stopped state.", "nteventlogtype": "System", "sourceproc": "Service Control Manager", "id": "7036", "categoryid": "0", "category": "0", "keywordid": "0x8080000000000000", "user": "N\\\\A", "param1": "WinHTTP Web Proxy Auto-Discovery Service", "param2": "stopped", "catname": "", "keyword": "Classic", "level": "Information"}
1521912337.810131	CBs8sZ2kIbw2QgSdy4	10.47.22.25	58947	10.47.2.153	514	udp	LOCAL0	NOTICE	1 2018-03-24T09:09:27-07:00 Kramer.jerry.land EvntSLog - - - The domain controller attempted to validate the credentials for an account. Authentication Package: MICROSOFT_AUTHENTICATION_PACKAGE_V1_0 Logon Account: Guest Source Workstation: WORKSTATION Error Code: 0x0
1521912337.810135	CBs8sZ2kIbw2QgSdy4	10.47.22.25	58947	10.47.2.153	514	udp	LOCAL0	NOTICE	1 2018-03-24T09:09:27-07:00 Kramer.jerry.land EvntSLog - - - The domain controller attempted to validate the credentials for an account. Authentication Package: MICROSOFT_AUTHENTICATION_PACKAGE_V1_0 Logon Account: Guest Source Workstation: WORKSTATION Error Code: 0x0
1521912337.810137	CBs8sZ2kIbw2QgSdy4	10.47.22.25	58947	10.47.2.153	514	udp	LOCAL0	NOTICE	1 2018-03-24T09:09:27-07:00 Kramer.jerry.land EvntSLog - - - The domain controller attempted to validate the credentials for an account. Authentication Package: MICROSOFT_AUTHENTICATION_PACKAGE_V1_0 Logon Account: Guest Source Workstation: WORKSTATION Error Code: 0x0
1521912337.810139	CBs8sZ2kIbw2QgSdy4	10.47.22.25	58947	10.47.2.153	514	udp	LOCAL0	NOTICE	1 2018-03-24T09:09:27-07:00 Kramer.jerry.land EvntSLog - - - The domain controller attempted to validate the credentials for an account. Authentication Package: MICROSOFT_AUTHENTICATION_PACKAGE_V1_0 Logon Account: Guest Source Workstation: WORKSTATION Error Code: 0x0
1521912337.825948	CBs8sZ2kIbw2QgSdy4	10.47.22.25	58947	10.47.2.153	514	udp	LOCAL0	NOTICE	1 2018-03-24T09:09:27-07:00 Kramer.jerry.land EvntSLog - - - Special privileges assigned to new logon. Subject: Security ID: S-1-5-21-1311969832-1707640848-2310541705-501 Account Name: Guest Account Domain: JERRY Logon ID: 0x3c71d33 Privileges: SeSecurityPrivilege SeBackupPrivilege SeRestorePrivilege SeTakeOwnershipPrivilege SeDebugPrivilege SeSystemEnvironmentPrivilege SeLoadDriverPrivilege SeImpersonatePrivilege SeEnableDelegationPrivilege
1521912337.825950	CBs8sZ2kIbw2QgSdy4	10.47.22.25	58947	10.47.2.153	514	udp	LOCAL0	NOTICE	1 2018-03-24T09:09:27-07:00 Kramer.jerry.land EvntSLog - - - Special privileges assigned to new logon. Subject: Security ID: S-1-5-21-1311969832-1707640848-2310541705-501 Account Name: Guest Account Domain: JERRY Logon ID: 0x3c71d33 Privileges: SeSecurityPrivilege SeBackupPrivilege SeRestorePrivilege SeTakeOwnershipPrivilege SeDebugPrivilege SeSystemEnvironmentPrivilege SeLoadDriverPrivilege SeImpersonatePrivilege SeEnableDelegationPrivilege
1521912337.825952	CBs8sZ2kIbw2QgSdy4	10.47.22.25	58947	10.47.2.153	514	udp	LOCAL0	NOTICE	1 2018-03-24T09:09:27-07:00 Kramer.jerry.land EvntSLog - - - Special privileges assigned to new logon. Subject: Security ID: S-1-5-21-1311969832-1707640848-2310541705-501 Account Name: Guest Account Domain: JERRY Logon ID: 0x3c71d33 Privileges: SeSecurityPrivilege SeBackupPrivilege SeRestorePrivilege SeTakeOwnershipPrivilege SeDebugPrivilege SeSystemEnvironmentPrivilege SeLoadDriverPrivilege SeImpersonatePrivilege SeEnableDelegationPrivilege
1521912337.825953	CBs8sZ2kIbw2QgSdy4	10.47.22.25	58947	10.47.2.153	514	udp	LOCAL0	NOTICE	1 2018-03-24T09:09:27-07:00 Kramer.jerry.land EvntSLog - - - Special privileges assigned to new logon. Subject: Security ID: S-1-5-21-1311969832-1707640848-2310541705-501 Account Name: Guest Account Domain: JERRY Logon ID: 0x3c71d33 Privileges: SeSecurityPrivilege SeBackupPrivilege SeRestorePrivilege SeTakeOwnershipPrivilege SeDebugPrivilege SeSystemEnvironmentPrivilege SeLoadDriverPrivilege SeImpersonatePrivilege SeEnableDelegationPrivilege
1521912337.841143	CBs8sZ2kIbw2QgSdy4	10.47.22.25	58947	10.47.2.153	514	udp	LOCAL0	NOTICE	1 2018-03-24T09:09:27-07:00 Kramer.jerry.land EvntSLog - - - An account was logged off. Subject: Security ID: S-1-5-21-1311969832-1707640848-2310541705-501 Account Name: Guest Account Domain: JERRY Logon ID: 0x3c71d33 Logon Type: 3 This event is generated when a logon session is destroyed. It may be positively correlated with a logon event using the Logon ID value. Logon IDs are only unique between reboots on the same computer.
1521912337.841145	CBs8sZ2kIbw2QgSdy4	10.47.22.25	58947	10.47.2.153	514	udp	LOCAL0	NOTICE	1 2018-03-24T09:09:27-07:00 Kramer.jerry.land EvntSLog - - - An account was logged off. Subject: Security ID: S-1-5-21-1311969832-1707640848-2310541705-501 Account Name: Guest Account Domain: JERRY Logon ID: 0x3c71d33 Logon Type: 3 This event is generated when a logon session is destroyed. It may be positively correlated with a logon event using the Logon ID value. Logon IDs are only unique between reboots on the same computer.
1521912337.841147	CBs8sZ2kIbw2QgSdy4	10.47.22.25	58947	10.47.2.153	514	udp	LOCAL0	NOTICE	1 2018-03-24T09:09:27-07:00 Kramer.jerry.land EvntSLog - - - An account was logged off. Subject: Security ID: S-1-5-21-1311969832-1707640848-2310541705-501 Account Name: Guest Account Domain: JERRY Logon ID: 0x3c71d33 Logon Type: 3 This event is generated when a logon session is destroyed. It may be positively correlated with a logon event using the Logon ID value. Logon IDs are only unique between reboots on the same computer.
1521912337.841149	CBs8sZ2kIbw2QgSdy4	10.47.22.25	58947	10.47.2.153	514	udp	LOCAL0	NOTICE	1 2018-03-24T09:09:27-07:00 Kramer.jerry.land EvntSLog - - - An account was logged off. Subject: Security ID: S-1-5-21-1311969832-1707640848-2310541705-501 Account Name: Guest Account Domain: JERRY Logon ID: 0x3c71d33 Logon Type: 3 This event is generated when a logon session is destroyed. It may be positively correlated with a logon event using the Logon ID value. Logon IDs are only unique between reboots on the same computer.
1521912339.838278	CBs8sZ2kIbw2QgSdy4	10.47.22.25	58947	10.47.2.153	514	udp	LOCAL0	NOTICE	1 2018-03-24T09:09:29-07:00 Kramer.jerry.land EvntSLog - - - The domain controller attempted to validate the credentials for an account. Authentication Package: MICROSOFT_AUTHENTICATION_PACKAGE_V1_0 Logon Account: Guest Source Workstation: OELVz6yYqPB89jiV Error Code: 0x0
1521912339.838280	CBs8sZ2kIbw2QgSdy4	10.47.22.25	58947	10.47.2.153	514	udp	LOCAL0	NOTICE	1 2018-03-24T09:09:29-07:00 Kramer.jerry.land EvntSLog - - - The domain controller attempted to validate the credentials for an account. Authentication Package: MICROSOFT_AUTHENTICATION_PACKAGE_V1_0 Logon Account: Guest Source Workstation: OELVz6yYqPB89jiV Error Code: 0x0
1521912339.838451	CBs8sZ2kIbw2QgSdy4	10.47.22.25	58947	10.47.2.153	514	udp	LOCAL0	NOTICE	1 2018-03-24T09:09:29-07:00 Kramer.jerry.land EvntSLog - - - The domain controller attempted to validate the credentials for an account. Authentication Package: MICROSOFT_AUTHENTICATION_PACKAGE_V1_0 Logon Account: Guest Source Workstation: OELVz6yYqPB89jiV Error Code: 0x0
1521912339.838453	CBs8sZ2kIbw2QgSdy4	10.47.22.25	58947	10.47.2.153	514	udp	LOCAL0	NOTICE	1 2018-03-24T09:09:29-07:00 Kramer.jerry.land EvntSLog - - - The domain controller attempted to validate the credentials for an account. Authentication Package: MICROSOFT_AUTHENTICATION_PACKAGE_V1_0 Logon Account: Guest Source Workstation: OELVz6yYqPB89jiV Error Code: 0x0
1521912339.853701	CBs8sZ2kIbw2QgSdy4	10.47.22.25	58947	10.47.2.153	514	udp	LOCAL0	NOTICE	1 2018-03-24T09:09:29-07:00 Kramer.jerry.land EvntSLog - - - Special privileges assigned to new logon. Subject: Security ID: S-1-5-21-1311969832-1707640848-2310541705-501 Account Name: Guest Account Domain: JERRY Logon ID: 0x3c725fe Privileges: SeSecurityPrivilege SeBackupPrivilege SeRestorePrivilege SeTakeOwnershipPrivilege SeDebugPrivilege SeSystemEnvironmentPrivilege SeLoadDriverPrivilege SeImpersonatePrivilege SeEnableDelegationPrivilege
1521912339.853705	CBs8sZ2kIbw2QgSdy4	10.47.22.25	58947	10.47.2.153	514	udp	LOCAL0	NOTICE	1 2018-03-24T09:09:29-07:00 Kramer.jerry.land EvntSLog - - - Special privileges assigned to new logon. Subject: Security ID: S-1-5-21-1311969832-1707640848-2310541705-501 Account Name: Guest Account Domain: JERRY Logon ID: 0x3c725fe Privileges: SeSecurityPrivilege SeBackupPrivilege SeRestorePrivilege SeTakeOwnershipPrivilege SeDebugPrivilege SeSystemEnvironmentPrivilege SeLoadDriverPrivilege SeImpersonatePrivilege SeEnableDelegationPrivilege
1521912339.853707	CBs8sZ2kIbw2QgSdy4	10.47.22.25	58947	10.47.2.153	514	udp	LOCAL0	NOTICE	1 2018-03-24T09:09:29-07:00 Kramer.jerry.land EvntSLog - - - Special privileges assigned to new logon. Subject: Security ID: S-1-5-21-1311969832-1707640848-2310541705-501 Account Name: Guest Account Domain: JERRY Logon ID: 0x3c725fe Privileges: SeSecurityPrivilege SeBackupPrivilege SeRestorePrivilege SeTakeOwnershipPrivilege SeDebugPrivilege SeSystemEnvironmentPrivilege SeLoadDriverPrivilege SeImpersonatePrivilege SeEnableDelegationPrivilege
1521912339.853709	CBs8sZ2kIbw2QgSdy4	10.47.22.25	58947	10.47.2.153	514	udp	LOCAL0	NOTICE	1 2018-03-24T09:09:29-07:00 Kramer.jerry.land EvntSLog - - - Special privileges assigned to new logon. Subject: Security ID: S-1-5-21-1311969832-1707640848-2310541705-501 Account Name: Guest Account Domain: JERRY Logon ID: 0x3c725fe Privileges: SeSecurityPrivilege SeBackupPrivilege SeRestorePrivilege SeTakeOwnershipPrivilege SeDebugPrivilege SeSystemEnvironmentPrivilege SeLoadDriverPrivilege SeImpersonatePrivilege SeEnableDelegationPrivilege
1521912339.868493	CBs8sZ2kIbw2QgSdy4	10.47.22.25	58947	10.47.2.153	514	udp	LOCAL0	NOTICE	1 2018-03-24T09:09:29-07:00 Kramer.jerry.land EvntSLog - - - An account was logged off. Subject: Security ID: S-1-5-21-1311969832-1707640848-2310541705-501 Account Name: Guest Account Domain: JERRY Logon ID: 0x3c725fe Logon Type: 3 This event is generated when a logon session is destroyed. It may be positively correlated with a logon event using the Logon ID value. Logon IDs are only unique between reboots on the same computer.
1521912339.868533	CBs8sZ2kIbw2QgSdy4	10.47.22.25	58947	10.47.2.153	514	udp	LOCAL0	NOTICE	1 2018-03-24T09:09:29-07:00 Kramer.jerry.land EvntSLog - - - An account was logged off. Subject: Security ID: S-1-5-21-1311969832-1707640848-2310541705-501 Account Name: Guest Account Domain: JERRY Logon ID: 0x3c725fe Logon Type: 3 This event is generated when a logon session is destroyed. It may be positively correlated with a logon event using the Logon ID value. Logon IDs are only unique between reboots on the same computer.
1521912339.868537	CBs8sZ2kIbw2QgSdy4	10.47.22.25	58947	10.47.2.153	514	udp	LOCAL0	NOTICE	1 2018-03-24T09:09:29-07:00 Kramer.jerry.land EvntSLog - - - An account was logged off. Subject: Security ID: S-1-5-21-1311969832-1707640848-2310541705-501 Account Name: Guest Account Domain: JERRY Logon ID: 0x3c725fe Logon Type: 3 This event is generated when a logon session is destroyed. It may be positively correlated with a logon event using the Logon ID value. Logon IDs are only unique between reboots on the same computer.
1521912339.868539	CBs8sZ2kIbw2QgSdy4	10.47.22.25	58947	10.47.2.153	514	udp	LOCAL0	NOTICE	1 2018-03-24T09:09:29-07:00 Kramer.jerry.land EvntSLog - - - An account was logged off. Subject: Security ID: S-1-5-21-1311969832-1707640848-2310541705-501 Account Name: Guest Account Domain: JERRY Logon ID: 0x3c725fe Logon Type: 3 This event is generated when a logon session is destroyed. It may be positively correlated with a logon event using the Logon ID value. Logon IDs are only unique between reboots on the same computer.
1521912349.156455	CjiINg3TvK3kLQG6mf	10.47.22.81	60245	10.47.2.153	514	udp	LOCAL0	INFO	1 2018-03-24T09:09:40-07:00 PC-susan.jerry.land EvntSLog - - - @cee: {"source": "PC-susan.jerry.land", "msg": "Starting periodic policy processing for computer JERRY\\\\PC-SUSAN$. \\r\\nActivity id: {BF2F7168-C9AE-4A67-BD4F-8FDE926C7671}", "nteventlogtype": "Microsoft-Windows-GroupPolicy/Operational", "sourceproc": "Microsoft-Windows-GroupPolicy", "id": "4006", "categoryid": "0", "category": "0", "keywordid": "0x4000000000000000", "user": "NT AUTHORITY\\\\SYSTEM", "user_sid": "S-1-5-18", "PolicyActivityId": "{BF2F7168-C9AE-4A67-BD4F-8FDE926C7671}", "PrincipalSamName": "JERRY\\\\PC-SUSAN$", "IsMachine": "1", "IsDomainJoined": "true", "IsBackgroundProcessing": "true", "IsAsyncProcessing": "false", "IsServiceRestart": "false", "ReasonForSyncProcessing": "0", "catname": "", "level": "Information"}
1521912349.156457	CjiINg3TvK3kLQG6mf	10.47.22.81	60245	10.47.2.153	514	udp	LOCAL0	INFO	1 2018-03-24T09:09:40-07:00 PC-susan.jerry.land EvntSLog - - - @cee: {"source": "PC-susan.jerry.land", "msg": "Starting periodic policy processing for computer JERRY\\\\PC-SUSAN$. \\r\\nActivity id: {BF2F7168-C9AE-4A67-BD4F-8FDE926C7671}", "nteventlogtype": "Microsoft-Windows-GroupPolicy/Operational", "sourceproc": "Microsoft-Windows-GroupPolicy", "id": "4006", "categoryid": "0", "category": "0", "keywordid": "0x4000000000000000", "user": "NT AUTHORITY\\\\SYSTEM", "user_sid": "S-1-5-18", "PolicyActivityId": "{BF2F7168-C9AE-4A67-BD4F-8FDE926C7671}", "PrincipalSamName": "JERRY\\\\PC-SUSAN$", "IsMachine": "1", "IsDomainJoined": "true", "IsBackgroundProcessing": "true", "IsAsyncProcessing": "false", "IsServiceRestart": "false", "ReasonForSyncProcessing": "0", "catname": "", "level": "Information"}
1521912349.156463	CjiINg3TvK3kLQG6mf	10.47.22.81	60245	10.47.2.153	514	udp	LOCAL0	INFO	1 2018-03-24T09:09:40-07:00 PC-susan.jerry.land EvntSLog - - - @cee: {"source": "PC-susan.jerry.land", "msg": "Starting periodic policy processing for computer JERRY\\\\PC-SUSAN$. \\r\\nActivity id: {BF2F7168-C9AE-4A67-BD4F-8FDE926C7671}", "nteventlogtype": "Microsoft-Windows-GroupPolicy/Operational", "sourceproc": "Microsoft-Windows-GroupPolicy", "id": "4006", "categoryid": "0", "category": "0", "keywordid": "0x4000000000000000", "user": "NT AUTHORITY\\\\SYSTEM", "user_sid": "S-1-5-18", "PolicyActivityId": "{BF2F7168-C9AE-4A67-BD4F-8FDE926C7671}", "PrincipalSamName": "JERRY\\\\PC-SUSAN$", "IsMachine": "1", "IsDomainJoined": "true", "IsBackgroundProcessing": "true", "IsAsyncProcessing": "false", "IsServiceRestart": "false", "ReasonForSyncProcessing": "0", "catname": "", "level": "Information"}
1521912349.156466	CjiINg3TvK3kLQG6mf	10.47.22.81	60245	10.47.2.153	514	udp	LOCAL0	INFO	1 2018-03-24T09:09:40-07:00 PC-susan.jerry.land EvntSLog - - - @cee: {"source": "PC-susan.jerry.land", "msg": "Starting periodic policy processing for computer JERRY\\\\PC-SUSAN$. \\r\\nActivity id: {BF2F7168-C9AE-4A67-BD4F-8FDE926C7671}", "nteventlogtype": "Microsoft-Windows-GroupPolicy/Operational", "sourceproc": "Microsoft-Windows-GroupPolicy", "id": "4006", "categoryid": "0", "category": "0", "keywordid": "0x4000000000000000", "user": "NT AUTHORITY\\\\SYSTEM", "user_sid": "S-1-5-18", "PolicyActivityId": "{BF2F7168-C9AE-4A67-BD4F-8FDE926C7671}", "PrincipalSamName": "JERRY\\\\PC-SUSAN$", "IsMachine": "1", "IsDomainJoined": "true", "IsBackgroundProcessing": "true", "IsAsyncProcessing": "false", "IsServiceRestart": "false", "ReasonForSyncProcessing": "0", "catname": "", "level": "Information"}
1521912349.168975	CjiINg3TvK3kLQG6mf	10.47.22.81	60245	10.47.2.153	514	udp	LOCAL0	INFO	1 2018-03-24T09:09:40-07:00 PC-susan.jerry.land EvntSLog - - - @cee: {"source": "PC-susan.jerry.land", "msg": "Attempting to retrieve the account information.", "nteventlogtype": "Microsoft-Windows-GroupPolicy/Operational", "sourceproc": "Microsoft-Windows-GroupPolicy", "id": "5320", "categoryid": "0", "category": "0", "keywordid": "0x4000000000000000", "user": "NT AUTHORITY\\\\SYSTEM", "user_sid": "S-1-5-18", "InfoDescription": "%%4114", "catname": "", "level": "Information"}
1521912349.168978	CjiINg3TvK3kLQG6mf	10.47.22.81	60245	10.47.2.153	514	udp	LOCAL0	INFO	1 2018-03-24T09:09:40-07:00 PC-susan.jerry.land EvntSLog - - - @cee: {"source": "PC-susan.jerry.land", "msg": "Attempting to retrieve the account information.", "nteventlogtype": "Microsoft-Windows-GroupPolicy/Operational", "sourceproc": "Microsoft-Windows-GroupPolicy", "id": "5320", "categoryid": "0", "category": "0", "keywordid": "0x4000000000000000", "user": "NT AUTHORITY\\\\SYSTEM", "user_sid": "S-1-5-18", "InfoDescription": "%%4114", "catname": "", "level": "Information"}
1521912349.168979	CjiINg3TvK3kLQG6mf	10.47.22.81	60245	10.47.2.153	514	udp	LOCAL0	INFO	1 2018-03-24T09:09:40-07:00 PC-susan.jerry.land EvntSLog - - - @cee: {"source": "PC-susan.jerry.land", "msg": "Attempting to retrieve the account information.", "nteventlogtype": "Microsoft-Windows-GroupPolicy/Operational", "sourceproc": "Microsoft-Windows-GroupPolicy", "id": "5320", "categoryid": "0", "category": "0", "keywordid": "0x4000000000000000", "user": "NT AUTHORITY\\\\SYSTEM", "user_sid": "S-1-5-18", "InfoDescription": "%%4114", "catname": "", "level": "Information"}
1521912349.168981	CjiINg3TvK3kLQG6mf	10.47.22.81	60245	10.47.2.153	514	udp	LOCAL0	INFO	1 2018-03-24T09:09:40-07:00 PC-susan.jerry.land EvntSLog - - - @cee: {"source": "PC-susan.jerry.land", "msg": "Attempting to retrieve the account information.", "nteventlogtype": "Microsoft-Windows-GroupPolicy/Operational", "sourceproc": "Microsoft-Windows-GroupPolicy", "id": "5320", "categoryid": "0", "category": "0", "keywordid": "0x4000000000000000", "user": "NT AUTHORITY\\\\SYSTEM", "user_sid": "S-1-5-18", "InfoDescription": "%%4114", "catname": "", "level": "Information"}
1521912349.186565	CjiINg3TvK3kLQG6mf	10.47.22.81	60245	10.47.2.153	514	udp	LOCAL0	INFO	1 2018-03-24T09:09:40-07:00 PC-susan.jerry.land EvntSLog - - - @cee: {"source": "PC-susan.jerry.land", "msg": "Making system call to get account information. \\r\\n", "nteventlogtype": "Microsoft-Windows-GroupPolicy/Operational", "sourceproc": "Microsoft-Windows-GroupPolicy", "id": "4017", "categoryid": "0", "category": "0", "keywordid": "0x4000000000000000", "user": "NT AUTHORITY\\\\SYSTEM", "user_sid": "S-1-5-18", "OperationDescription": "%%4117", "catname": "", "level": "Information"}
1521912349.186569	CjiINg3TvK3kLQG6mf	10.47.22.81	60245	10.47.2.153	514	udp	LOCAL0	INFO	1 2018-03-24T09:09:40-07:00 PC-susan.jerry.land EvntSLog - - - @cee: {"source": "PC-susan.jerry.land", "msg": "Making system call to get account information. \\r\\n", "nteventlogtype": "Microsoft-Windows-GroupPolicy/Operational", "sourceproc": "Microsoft-Windows-GroupPolicy", "id": "4017", "categoryid": "0", "category": "0", "keywordid": "0x4000000000000000", "user": "NT AUTHORITY\\\\SYSTEM", "user_sid": "S-1-5-18", "OperationDescription": "%%4117", "catname": "", "level": "Information"}
1521912349.186576	CjiINg3TvK3kLQG6mf	10.47.22.81	60245	10.47.2.153	514	udp	LOCAL0	INFO	1 2018-03-24T09:09:40-07:00 PC-susan.jerry.land EvntSLog - - - @cee: {"source": "PC-susan.jerry.land", "msg": "Making system call to get account information. \\r\\n", "nteventlogtype": "Microsoft-Windows-GroupPolicy/Operational", "sourceproc": "Microsoft-Windows-GroupPolicy", "id": "4017", "categoryid": "0", "category": "0", "keywordid": "0x4000000000000000", "user": "NT AUTHORITY\\\\SYSTEM", "user_sid": "S-1-5-18", "OperationDescription": "%%4117", "catname": "", "level": "Information"}
1521912349.186579	CjiINg3TvK3kLQG6mf	10.47.22.81	60245	10.47.2.153	514	udp	LOCAL0	INFO	1 2018-03-24T09:09:40-07:00 PC-susan.jerry.land EvntSLog - - - @cee: {"source": "PC-susan.jerry.land", "msg": "Making system call to get account information. \\r\\n", "nteventlogtype": "Microsoft-Windows-GroupPolicy/Operational", "sourceproc": "Microsoft-Windows-GroupPolicy", "id": "4017", "categoryid": "0", "category": "0", "keywordid": "0x4000000000000000", "user": "NT AUTHORITY\\\\SYSTEM", "user_sid": "S-1-5-18", "OperationDescription": "%%4117", "catname": "", "level": "Information"}
1521912349.201964	CjiINg3TvK3kLQG6mf	10.47.22.81	60245	10.47.2.153	514	udp	LOCAL0	INFO	1 2018-03-24T09:09:40-07:00 PC-susan.jerry.land EvntSLog - - - @cee: {"source": "PC-susan.jerry.land", "msg": "The system call to get account information completed. \\r\\nCN=PC-SUSAN,CN=Computers,DC=jerry,DC=land\\r\\nThe call completed in 0 milliseconds.", "nteventlogtype": "Microsoft-Windows-GroupPolicy/Operational", "sourceproc": "Microsoft-Windows-GroupPolicy", "id": "5017", "categoryid": "0", "category": "0", "keywordid": "0x4000000000000000", "user": "NT AUTHORITY\\\\SYSTEM", "user_sid": "S-1-5-18", "OperationElaspedTimeInMilliSeconds": "0", "ErrorCode": "0", "OperationDescription": "%%4118", "Parameter": "CN=PC-SUSAN,CN=Computers,DC=jerry,DC=land", "catname": "", "level": "Information"}
1521912349.201968	CjiINg3TvK3kLQG6mf	10.47.22.81	60245	10.47.2.153	514	udp	LOCAL0	INFO	1 2018-03-24T09:09:40-07:00 PC-susan.jerry.land EvntSLog - - - @cee: {"source": "PC-susan.jerry.land", "msg": "The system call to get account information completed. \\r\\nCN=PC-SUSAN,CN=Computers,DC=jerry,DC=land\\r\\nThe call completed in 0 milliseconds.", "nteventlogtype": "Microsoft-Windows-GroupPolicy/Operational", "sourceproc": "Microsoft-Windows-GroupPolicy", "id": "5017", "categoryid": "0", "category": "0", "keywordid": "0x4000000000000000", "user": "NT AUTHORITY\\\\SYSTEM", "user_sid": "S-1-5-18", "OperationElaspedTimeInMilliSeconds": "0", "ErrorCode": "0", "OperationDescription": "%%4118", "Parameter": "CN=PC-SUSAN,CN=Computers,DC=jerry,DC=land", "catname": "", "level": "Information"}
1521912349.202058	CjiINg3TvK3kLQG6mf	10.47.22.81	60245	10.47.2.153	514	udp	LOCAL0	INFO	1 2018-03-24T09:09:40-07:00 PC-susan.jerry.land EvntSLog - - - @cee: {"source": "PC-susan.jerry.land", "msg": "The system call to get account information completed. \\r\\nCN=PC-SUSAN,CN=Computers,DC=jerry,DC=land\\r\\nThe call completed in 0 milliseconds.", "nteventlogtype": "Microsoft-Windows-GroupPolicy/Operational", "sourceproc": "Microsoft-Windows-GroupPolicy", "id": "5017", "categoryid": "0", "category": "0", "keywordid": "0x4000000000000000", "user": "NT AUTHORITY\\\\SYSTEM", "user_sid": "S-1-5-18", "OperationElaspedTimeInMilliSeconds": "0", "ErrorCode": "0", "OperationDescription": "%%4118", "Parameter": "CN=PC-SUSAN,CN=Computers,DC=jerry,DC=land", "catname": "", "level": "Information"}
1521912349.202064	CjiINg3TvK3kLQG6mf	10.47.22.81	60245	10.47.2.153	514	udp	LOCAL0	INFO	1 2018-03-24T09:09:40-07:00 PC-susan.jerry.land EvntSLog - - - @cee: {"source": "PC-susan.jerry.land", "msg": "The system call to get account information completed. \\r\\nCN=PC-SUSAN,CN=Computers,DC=jerry,DC=land\\r\\nThe call completed in 0 milliseconds.", "nteventlogtype": "Microsoft-Windows-GroupPolicy/Operational", "sourceproc": "Microsoft-Windows-GroupPolicy", "id": "5017", "categoryid": "0", "category": "0", "keywordid": "0x4000000000000000", "user": "NT AUTHORITY\\\\SYSTEM", "user_sid": "S-1-5-18", "OperationElaspedTimeInMilliSeconds": "0", "ErrorCode": "0", "OperationDescription": "%%4118", "Parameter": "CN=PC-SUSAN,CN=Computers,DC=jerry,DC=land", "catname": "", "level": "Information"}
1521912349.217288	CjiINg3TvK3kLQG6mf	10.47.22.81	60245	10.47.2.153	514	udp	LOCAL0	INFO	1 2018-03-24T09:09:40-07:00 PC-susan.jerry.land EvntSLog - - - @cee: {"source": "PC-susan.jerry.land", "msg": "Retrieved account information.", "nteventlogtype": "Microsoft-Windows-GroupPolicy/Operational", "sourceproc": "Microsoft-Windows-GroupPolicy", "id": "5320", "categoryid": "0", "category": "0", "keywordid": "0x4000000000000000", "user": "NT AUTHORITY\\\\SYSTEM", "user_sid": "S-1-5-18", "InfoDescription": "%%4115", "catname": "", "level": "Information"}
1521912349.217293	CjiINg3TvK3kLQG6mf	10.47.22.81	60245	10.47.2.153	514	udp	LOCAL0	INFO	1 2018-03-24T09:09:40-07:00 PC-susan.jerry.land EvntSLog - - - @cee: {"source": "PC-susan.jerry.land", "msg": "Retrieved account information.", "nteventlogtype": "Microsoft-Windows-GroupPolicy/Operational", "sourceproc": "Microsoft-Windows-GroupPolicy", "id": "5320", "categoryid": "0", "category": "0", "keywordid": "0x4000000000000000", "user": "NT AUTHORITY\\\\SYSTEM", "user_sid": "S-1-5-18", "InfoDescription": "%%4115", "catname": "", "level": "Information"}
1521912349.217297	CjiINg3TvK3kLQG6mf	10.47.22.81	60245	10.47.2.153	514	udp	LOCAL0	INFO	1 2018-03-24T09:09:40-07:00 PC-susan.jerry.land EvntSLog - - - @cee: {"source": "PC-susan.jerry.land", "msg": "Retrieved account information.", "nteventlogtype": "Microsoft-Windows-GroupPolicy/Operational", "sourceproc": "Microsoft-Windows-GroupPolicy", "id": "5320", "categoryid": "0", "category": "0", "keywordid": "0x4000000000000000", "user": "NT AUTHORITY\\\\SYSTEM", "user_sid": "S-1-5-18", "InfoDescription": "%%4115", "catname": "", "level": "Information"}
1521912349.217299	CjiINg3TvK3kLQG6mf	10.47.22.81	60245	10.47.2.153	514	udp	LOCAL0	INFO	1 2018-03-24T09:09:40-07:00 PC-susan.jerry.land EvntSLog - - - @cee: {"source": "PC-susan.jerry.land", "msg": "Retrieved account information.", "nteventlogtype": "Microsoft-Windows-GroupPolicy/Operational", "sourceproc": "Microsoft-Windows-GroupPolicy", "id": "5320", "categoryid": "0", "category": "0", "keywordid": "0x4000000000000000", "user": "NT AUTHORITY\\\\SYSTEM", "user_sid": "S-1-5-18", "InfoDescription": "%%4115", "catname": "", "level": "Information"}
1521912349.234974	CjiINg3TvK3kLQG6mf	10.47.22.81	60245	10.47.2.153	514	udp	LOCAL0	INFO	1 2018-03-24T09:09:40-07:00 PC-susan.jerry.land EvntSLog - - - @cee: {"source": "PC-susan.jerry.land", "msg": "Group Policy is trying to discover the Domain Controller information.", "nteventlogtype": "Microsoft-Windows-GroupPolicy/Operational", "sourceproc": "Microsoft-Windows-GroupPolicy", "id": "4326", "categoryid": "0", "category": "0", "keywordid": "0x4000000000000000", "user": "NT AUTHORITY\\\\SYSTEM", "user_sid": "S-1-5-18", "catname": "", "level": "Information"}
1521912349.234978	CjiINg3TvK3kLQG6mf	10.47.22.81	60245	10.47.2.153	514	udp	LOCAL0	INFO	1 2018-03-24T09:09:40-07:00 PC-susan.jerry.land EvntSLog - - - @cee: {"source": "PC-susan.jerry.land", "msg": "Group Policy is trying to discover the Domain Controller information.", "nteventlogtype": "Microsoft-Windows-GroupPolicy/Operational", "sourceproc": "Microsoft-Windows-GroupPolicy", "id": "4326", "categoryid": "0", "category": "0", "keywordid": "0x4000000000000000", "user": "NT AUTHORITY\\\\SYSTEM", "user_sid": "S-1-5-18", "catname": "", "level": "Information"}
1521912349.234980	CjiINg3TvK3kLQG6mf	10.47.22.81	60245	10.47.2.153	514	udp	LOCAL0	INFO	1 2018-03-24T09:09:40-07:00 PC-susan.jerry.land EvntSLog - - - @cee: {"source": "PC-susan.jerry.land", "msg": "Group Policy is trying to discover the Domain Controller information.", "nteventlogtype": "Microsoft-Windows-GroupPolicy/Operational", "sourceproc": "Microsoft-Windows-GroupPolicy", "id": "4326", "categoryid": "0", "category": "0", "keywordid": "0x4000000000000000", "user": "NT AUTHORITY\\\\SYSTEM", "user_sid": "S-1-5-18", "catname": "", "level": "Information"}
1521912349.234982	CjiINg3TvK3kLQG6mf	10.47.22.81	60245	10.47.2.153	514	udp	LOCAL0	INFO	1 2018-03-24T09:09:40-07:00 PC-susan.jerry.land EvntSLog - - - @cee: {"source": "PC-susan.jerry.land", "msg": "Group Policy is trying to discover the Domain Controller information.", "nteventlogtype": "Microsoft-Windows-GroupPolicy/Operational", "sourceproc": "Microsoft-Windows-GroupPolicy", "id": "4326", "categoryid": "0", "category": "0", "keywordid": "0x4000000000000000", "user": "NT AUTHORITY\\\\SYSTEM", "user_sid": "S-1-5-18", "catname": "", "level": "Information"}
1521912349.250433	CjiINg3TvK3kLQG6mf	10.47.22.81	60245	10.47.2.153	514	udp	LOCAL0	INFO	1 2018-03-24T09:09:40-07:00 PC-susan.jerry.land EvntSLog - - - @cee: {"source": "PC-susan.jerry.land", "msg": "Retrieving Domain Controller details.", "nteventlogtype": "Microsoft-Windows-GroupPolicy/Operational", "sourceproc": "Microsoft-Windows-GroupPolicy", "id": "5320", "categoryid": "0", "category": "0", "keywordid": "0x4000000000000000", "user": "NT AUTHORITY\\\\SYSTEM", "user_sid": "S-1-5-18", "InfoDescription": "%%4096", "catname": "", "level": "Information"}
1521912349.250437	CjiINg3TvK3kLQG6mf	10.47.22.81	60245	10.47.2.153	514	udp	LOCAL0	INFO	1 2018-03-24T09:09:40-07:00 PC-susan.jerry.land EvntSLog - - - @cee: {"source": "PC-susan.jerry.land", "msg": "Retrieving Domain Controller details.", "nteventlogtype": "Microsoft-Windows-GroupPolicy/Operational", "sourceproc": "Microsoft-Windows-GroupPolicy", "id": "5320", "categoryid": "0", "category": "0", "keywordid": "0x4000000000000000", "user": "NT AUTHORITY\\\\SYSTEM", "user_sid": "S-1-5-18", "InfoDescription": "%%4096", "catname": "", "level": "Information"}
1521912349.250474	CjiINg3TvK3kLQG6mf	10.47.22.81	60245	10.47.2.153	514	udp	LOCAL0	INFO	1 2018-03-24T09:09:40-07:00 PC-susan.jerry.land EvntSLog - - - @cee: {"source": "PC-susan.jerry.land", "msg": "Retrieving Domain Controller details.", "nteventlogtype": "Microsoft-Windows-GroupPolicy/Operational", "sourceproc": "Microsoft-Windows-GroupPolicy", "id": "5320", "categoryid": "0", "category": "0", "keywordid": "0x4000000000000000", "user": "NT AUTHORITY\\\\SYSTEM", "user_sid": "S-1-5-18", "InfoDescription": "%%4096", "catname": "", "level": "Information"}
1521912349.250476	CjiINg3TvK3kLQG6mf	10.47.22.81	60245	10.47.2.153	514	udp	LOCAL0	INFO	1 2018-03-24T09:09:40-07:00 PC-susan.jerry.land EvntSLog - - - @cee: {"source": "PC-susan.jerry.land", "msg": "Retrieving Domain Controller details.", "nteventlogtype": "Microsoft-Windows-GroupPolicy/Operational", "sourceproc": "Microsoft-Windows-GroupPolicy", "id": "5320", "categoryid": "0", "category": "0", "keywordid": "0x4000000000000000", "user": "NT AUTHORITY\\\\SYSTEM", "user_sid": "S-1-5-18", "InfoDescription": "%%4096", "catname": "", "level": "Information"}
1521912350.993248	CBs8sZ2kIbw2QgSdy4	10.47.22.25	58947	10.47.2.153	514	udp	LOCAL0	NOTICE	1 2018-03-24T09:09:40-07:00 Kramer.jerry.land EvntSLog - - - An account was successfully logged on. Subject: Security ID: S-1-0-0 Account Name: - Account Domain: - Logon ID: 0x0 Logon Type: 3 New Logon: Security ID: S-1-5-21-1311969832-1707640848-2310541705-1104 Account Name: PC-SUSAN$ Account Domain: JERRY Logon ID: 0x3c737cb Logon GUID: {7E7B449D-BC48-FB90-8FE3-A3EABA336F36} Process Information: Process ID: 0x0 Process Name: - Network Information: Workstation Name: Source Network Address: 172.20.0.81 Source Port: 1963 Detailed Authentication Information: Logon Process: Kerberos Authentication Package: Kerberos Transited Services: - Package Name (NTLM only): - Key Length: 0 This event is generated when a logon session is created. It is generated on the computer that was accessed. The subject fields indicate the account on the local system which requested the logon. This is most commonly a service such as the Server service, or a local process such as Winlogon.exe or Services.exe. The logon type field indicates the kind of logon that occurred. The most common types are 2 (interactive) and 3 (network). The New Logon fields indicate the account for whom the new logon was created, i.e. the account that was logged on. The network fields indicate where a remote logon request originated. Workstation name is not always available and may be left blank in some cases. The authentication information fields provide detailed information about this specific logon request. - Logon GUID is a unique identifier that can be used to correlate this event with a KDC event. - Transited services indicate which intermediate services have participated in this logon request. - Package name indicates which sub-protocol was used among the NTLM protocols. - Key length indicates the length of the generated session key. This will be 0 if no session key was requested.
1521912350.993252	CBs8sZ2kIbw2QgSdy4	10.47.22.25	58947	10.47.2.153	514	udp	LOCAL0	NOTICE	1 2018-03-24T09:09:40-07:00 Kramer.jerry.land EvntSLog - - - An account was successfully logged on. Subject: Security ID: S-1-0-0 Account Name: - Account Domain: - Logon ID: 0x0 Logon Type: 3 New Logon: Security ID: S-1-5-21-1311969832-1707640848-2310541705-1104 Account Name: PC-SUSAN$ Account Domain: JERRY Logon ID: 0x3c737cb Logon GUID: {7E7B449D-BC48-FB90-8FE3-A3EABA336F36} Process Information: Process ID: 0x0 Process Name: - Network Information: Workstation Name: Source Network Address: 172.20.0.81 Source Port: 1963 Detailed Authentication Information: Logon Process: Kerberos Authentication Package: Kerberos Transited Services: - Package Name (NTLM only): - Key Length: 0 This event is generated when a logon session is created. It is generated on the computer that was accessed. The subject fields indicate the account on the local system which requested the logon. This is most commonly a service such as the Server service, or a local process such as Winlogon.exe or Services.exe. The logon type field indicates the kind of logon that occurred. The most common types are 2 (interactive) and 3 (network). The New Logon fields indicate the account for whom the new logon was created, i.e. the account that was logged on. The network fields indicate where a remote logon request originated. Workstation name is not always available and may be left blank in some cases. The authentication information fields provide detailed information about this specific logon request. - Logon GUID is a unique identifier that can be used to correlate this event with a KDC event. - Transited services indicate which intermediate services have participated in this logon request. - Package name indicates which sub-protocol was used among the NTLM protocols. - Key length indicates the length of the generated session key. This will be 0 if no session key was requested.
1521912350.993262	CBs8sZ2kIbw2QgSdy4	10.47.22.25	58947	10.47.2.153	514	udp	LOCAL0	NOTICE	1 2018-03-24T09:09:40-07:00 Kramer.jerry.land EvntSLog - - - An account was successfully logged on. Subject: Security ID: S-1-0-0 Account Name: - Account Domain: - Logon ID: 0x0 Logon Type: 3 New Logon: Security ID: S-1-5-21-1311969832-1707640848-2310541705-1104 Account Name: PC-SUSAN$ Account Domain: JERRY Logon ID: 0x3c737cb Logon GUID: {7E7B449D-BC48-FB90-8FE3-A3EABA336F36} Process Information: Process ID: 0x0 Process Name: - Network Information: Workstation Name: Source Network Address: 172.20.0.81 Source Port: 1963 Detailed Authentication Information: Logon Process: Kerberos Authentication Package: Kerberos Transited Services: - Package Name (NTLM only): - Key Length: 0 This event is generated when a logon session is created. It is generated on the computer that was accessed. The subject fields indicate the account on the local system which requested the logon. This is most commonly a service such as the Server service, or a local process such as Winlogon.exe or Services.exe. The logon type field indicates the kind of logon that occurred. The most common types are 2 (interactive) and 3 (network). The New Logon fields indicate the account for whom the new logon was created, i.e. the account that was logged on. The network fields indicate where a remote logon request originated. Workstation name is not always available and may be left blank in some cases. The authentication information fields provide detailed information about this specific logon request. - Logon GUID is a unique identifier that can be used to correlate this event with a KDC event. - Transited services indicate which intermediate services have participated in this logon request. - Package name indicates which sub-protocol was used among the NTLM protocols. - Key length indicates the length of the generated session key. This will be 0 if no session key was requested.
1521912350.993267	CBs8sZ2kIbw2QgSdy4	10.47.22.25	58947	10.47.2.153	514	udp	LOCAL0	NOTICE	1 2018-03-24T09:09:40-07:00 Kramer.jerry.land EvntSLog - - - An account was successfully logged on. Subject: Security ID: S-1-0-0 Account Name: - Account Domain: - Logon ID: 0x0 Logon Type: 3 New Logon: Security ID: S-1-5-21-1311969832-1707640848-2310541705-1104 Account Name: PC-SUSAN$ Account Domain: JERRY Logon ID: 0x3c737cb Logon GUID: {7E7B449D-BC48-FB90-8FE3-A3EABA336F36} Process Information: Process ID: 0x0 Process Name: - Network Information: Workstation Name: Source Network Address: 172.20.0.81 Source Port: 1963 Detailed Authentication Information: Logon Process: Kerberos Authentication Package: Kerberos Transited Services: - Package Name (NTLM only): - Key Length: 0 This event is generated when a logon session is created. It is generated on the computer that was accessed. The subject fields indicate the account on the local system which requested the logon. This is most commonly a service such as the Server service, or a local process such as Winlogon.exe or Services.exe. The logon type field indicates the kind of logon that occurred. The most common types are 2 (interactive) and 3 (network). The New Logon fields indicate the account for whom the new logon was created, i.e. the account that was logged on. The network fields indicate where a remote logon request originated. Workstation name is not always available and may be left blank in some cases. The authentication information fields provide detailed information about this specific logon request. - Logon GUID is a unique identifier that can be used to correlate this event with a KDC event. - Transited services indicate which intermediate services have participated in this logon request. - Package name indicates which sub-protocol was used among the NTLM protocols. - Key length indicates the length of the generated session key. This will be 0 if no session key was requested.
1521912351.008577	CBs8sZ2kIbw2QgSdy4	10.47.22.25	58947	10.47.2.153	514	udp	LOCAL0	NOTICE	1 2018-03-24T09:09:41-07:00 Kramer.jerry.land EvntSLog - - - An account was successfully logged on. Subject: Security ID: S-1-0-0 Account Name: - Account Domain: - Logon ID: 0x0 Logon Type: 3 New Logon: Security ID: S-1-5-21-1311969832-1707640848-2310541705-1104 Account Name: PC-SUSAN$ Account Domain: JERRY Logon ID: 0x3c7387f Logon GUID: {83DED0CB-45B0-227F-3DF3-B6CBA6350137} Process Information: Process ID: 0x0 Process Name: - Network Information: Workstation Name: Source Network Address: 172.20.0.81 Source Port: 1964 Detailed Authentication Information: Logon Process: Kerberos Authentication Package: Kerberos Transited Services: - Package Name (NTLM only): - Key Length: 0 This event is generated when a logon session is created. It is generated on the computer that was accessed. The subject fields indicate the account on the local system which requested the logon. This is most commonly a service such as the Server service, or a local process such as Winlogon.exe or Services.exe. The logon type field indicates the kind of logon that occurred. The most common types are 2 (interactive) and 3 (network). The New Logon fields indicate the account for whom the new logon was created, i.e. the account that was logged on. The network fields indicate where a remote logon request originated. Workstation name is not always available and may be left blank in some cases. The authentication information fields provide detailed information about this specific logon request. - Logon GUID is a unique identifier that can be used to correlate this event with a KDC event. - Transited services indicate which intermediate services have participated in this logon request. - Package name indicates which sub-protocol was used among the NTLM protocols. - Key length indicates the length of the generated session key. This will be 0 if no session key was requested.
1521912351.008581	CBs8sZ2kIbw2QgSdy4	10.47.22.25	58947	10.47.2.153	514	udp	LOCAL0	NOTICE	1 2018-03-24T09:09:41-07:00 Kramer.jerry.land EvntSLog - - - An account was successfully logged on. Subject: Security ID: S-1-0-0 Account Name: - Account Domain: - Logon ID: 0x0 Logon Type: 3 New Logon: Security ID: S-1-5-21-1311969832-1707640848-2310541705-1104 Account Name: PC-SUSAN$ Account Domain: JERRY Logon ID: 0x3c7387f Logon GUID: {83DED0CB-45B0-227F-3DF3-B6CBA6350137} Process Information: Process ID: 0x0 Process Name: - Network Information: Workstation Name: Source Network Address: 172.20.0.81 Source Port: 1964 Detailed Authentication Information: Logon Process: Kerberos Authentication Package: Kerberos Transited Services: - Package Name (NTLM only): - Key Length: 0 This event is generated when a logon session is created. It is generated on the computer that was accessed. The subject fields indicate the account on the local system which requested the logon. This is most commonly a service such as the Server service, or a local process such as Winlogon.exe or Services.exe. The logon type field indicates the kind of logon that occurred. The most common types are 2 (interactive) and 3 (network). The New Logon fields indicate the account for whom the new logon was created, i.e. the account that was logged on. The network fields indicate where a remote logon request originated. Workstation name is not always available and may be left blank in some cases. The authentication information fields provide detailed information about this specific logon request. - Logon GUID is a unique identifier that can be used to correlate this event with a KDC event. - Transited services indicate which intermediate services have participated in this logon request. - Package name indicates which sub-protocol was used among the NTLM protocols. - Key length indicates the length of the generated session key. This will be 0 if no session key was requested.
1521912351.008727	CBs8sZ2kIbw2QgSdy4	10.47.22.25	58947	10.47.2.153	514	udp	LOCAL0	NOTICE	1 2018-03-24T09:09:41-07:00 Kramer.jerry.land EvntSLog - - - An account was successfully logged on. Subject: Security ID: S-1-0-0 Account Name: - Account Domain: - Logon ID: 0x0 Logon Type: 3 New Logon: Security ID: S-1-5-21-1311969832-1707640848-2310541705-1104 Account Name: PC-SUSAN$ Account Domain: JERRY Logon ID: 0x3c7387f Logon GUID: {83DED0CB-45B0-227F-3DF3-B6CBA6350137} Process Information: Process ID: 0x0 Process Name: - Network Information: Workstation Name: Source Network Address: 172.20.0.81 Source Port: 1964 Detailed Authentication Information: Logon Process: Kerberos Authentication Package: Kerberos Transited Services: - Package Name (NTLM only): - Key Length: 0 This event is generated when a logon session is created. It is generated on the computer that was accessed. The subject fields indicate the account on the local system which requested the logon. This is most commonly a service such as the Server service, or a local process such as Winlogon.exe or Services.exe. The logon type field indicates the kind of logon that occurred. The most common types are 2 (interactive) and 3 (network). The New Logon fields indicate the account for whom the new logon was created, i.e. the account that was logged on. The network fields indicate where a remote logon request originated. Workstation name is not always available and may be left blank in some cases. The authentication information fields provide detailed information about this specific logon request. - Logon GUID is a unique identifier that can be used to correlate this event with a KDC event. - Transited services indicate which intermediate services have participated in this logon request. - Package name indicates which sub-protocol was used among the NTLM protocols. - Key length indicates the length of the generated session key. This will be 0 if no session key was requested.
1521912351.008730	CBs8sZ2kIbw2QgSdy4	10.47.22.25	58947	10.47.2.153	514	udp	LOCAL0	NOTICE	1 2018-03-24T09:09:41-07:00 Kramer.jerry.land EvntSLog - - - An account was successfully logged on. Subject: Security ID: S-1-0-0 Account Name: - Account Domain: - Logon ID: 0x0 Logon Type: 3 New Logon: Security ID: S-1-5-21-1311969832-1707640848-2310541705-1104 Account Name: PC-SUSAN$ Account Domain: JERRY Logon ID: 0x3c7387f Logon GUID: {83DED0CB-45B0-227F-3DF3-B6CBA6350137} Process Information: Process ID: 0x0 Process Name: - Network Information: Workstation Name: Source Network Address: 172.20.0.81 Source Port: 1964 Detailed Authentication Information: Logon Process: Kerberos Authentication Package: Kerberos Transited Services: - Package Name (NTLM only): - Key Length: 0 This event is generated when a logon session is created. It is generated on the computer that was accessed. The subject fields indicate the account on the local system which requested the logon. This is most commonly a service such as the Server service, or a local process such as Winlogon.exe or Services.exe. The logon type field indicates the kind of logon that occurred. The most common types are 2 (interactive) and 3 (network). The New Logon fields indicate the account for whom the new logon was created, i.e. the account that was logged on. The network fields indicate where a remote logon request originated. Workstation name is not always available and may be left blank in some cases. The authentication information fields provide detailed information about this specific logon request. - Logon GUID is a unique identifier that can be used to correlate this event with a KDC event. - Transited services indicate which intermediate services have participated in this logon request. - Package name indicates which sub-protocol was used among the NTLM protocols. - Key length indicates the length of the generated session key. This will be 0 if no session key was requested.
