1521912084.382327	CBs8sZ2kIbw2QgSdy4	10.47.22.25	58947	10.47.2.153	514	udp	LOCAL0	INFO	1 2018-03-24T09:05:14-07:00 Kramer.jerry.land EvntSLog - - - Making system calls to access specified file. \\\\jerry.land\\sysvol\\jerry.land\\Policies\\{31B2F340-016D-11D2-945F-00C04FB984F9}\\gpt.ini
1521912084.382331	CBs8sZ2kIbw2QgSdy4	10.47.22.25	58947	10.47.2.153	514	udp	LOCAL0	INFO	1 2018-03-24T09:05:14-07:00 Kramer.jerry.land EvntSLog - - - Making system calls to access specified file. \\\\jerry.land\\sysvol\\jerry.land\\Policies\\{31B2F340-016D-11D2-945F-00C04FB984F9}\\gpt.ini
1521912084.382333	CBs8sZ2kIbw2QgSdy4	10.47.22.25	58947	10.47.2.153	514	udp	LOCAL0	INFO	1 2018-03-24T09:05:14-07:00 Kramer.jerry.land EvntSLog - - - Making system calls to access specified file. \\\\jerry.land\\sysvol\\jerry.land\\Policies\\{31B2F340-016D-11D2-945F-00C04FB984F9}\\gpt.ini
1521912084.382576	CBs8sZ2kIbw2QgSdy4	10.47.22.25	58947	10.47.2.153	514	udp	LOCAL0	NOTICE	1 2018-03-24T09:05:14-07:00 Kramer.jerry.land EvntSLog - - - An account was logged off. Subject: Security ID: S-1-5-18 Account Name: KRAMER$ Account Domain: JERRY Logon ID: 0x3bd92a4 Logon Type: 3 This event is generated when a logon session is destroyed. It may be positively correlated with a logon event using the Logon ID value. Logon IDs are only unique between reboots on the same computer.
1521912084.382580	CBs8sZ2kIbw2QgSdy4	10.47.22.25	58947	10.47.2.153	514	udp	LOCAL0	NOTICE	1 2018-03-24T09:05:14-07:00 Kramer.jerry.land EvntSLog - - - An account was logged off. Subject: Security ID: S-1-5-18 Account Name: KRAMER$ Account Domain: JERRY Logon ID: 0x3bd92a4 Logon Type: 3 This event is generated when a logon session is destroyed. It may be positively correlated with a logon event using the Logon ID value. Logon IDs are only unique between reboots on the same computer.
1521912084.382582	CBs8sZ2kIbw2QgSdy4	10.47.22.25	58947	10.47.2.153	514	udp	LOCAL0	NOTICE	1 2018-03-24T09:05:14-07:00 Kramer.jerry.land EvntSLog - - - An account was logged off. Subject: Security ID: S-1-5-18 Account Name: KRAMER$ Account Domain: JERRY Logon ID: 0x3bd92a4 Logon Type: 3 This event is generated when a logon session is destroyed. It may be positively correlated with a logon event using the Logon ID value. Logon IDs are only unique between reboots on the same computer.
1521912084.382749	CBs8sZ2kIbw2QgSdy4	10.47.22.25	58947	10.47.2.153	514	udp	LOCAL0	INFO	1 2018-03-24T09:05:14-07:00 Kramer.jerry.land EvntSLog - - - Making system calls to access specified file. \\\\jerry.land\\sysvol\\jerry.land\\Policies\\{31B2F340-016D-11D2-945F-00C04FB984F9}\\gpt.ini
1521912084.382977	CBs8sZ2kIbw2QgSdy4	10.47.22.25	58947	10.47.2.153	514	udp	LOCAL0	NOTICE	1 2018-03-24T09:05:14-07:00 Kramer.jerry.land EvntSLog - - - An account was logged off. Subject: Security ID: S-1-5-18 Account Name: KRAMER$ Account Domain: JERRY Logon ID: 0x3bd92a4 Logon Type: 3 This event is generated when a logon session is destroyed. It may be positively correlated with a logon event using the Logon ID value. Logon IDs are only unique between reboots on the same computer.
1521912084.479657	CBs8sZ2kIbw2QgSdy4	10.47.22.25	58947	10.47.2.153	514	udp	LOCAL0	INFO	1 2018-03-24T09:05:14-07:00 Kramer.jerry.land EvntSLog - - - The system calls to access specified file completed. \\\\jerry.land\\sysvol\\jerry.land\\Policies\\{31B2F340-016D-11D2-945F-00C04FB984F9}\\gpt.ini The call completed in 63 milliseconds.
1521912084.479659	CBs8sZ2kIbw2QgSdy4	10.47.22.25	58947	10.47.2.153	514	udp	LOCAL0	INFO	1 2018-03-24T09:05:14-07:00 Kramer.jerry.land EvntSLog - - - The system calls to access specified file completed. \\\\jerry.land\\sysvol\\jerry.land\\Policies\\{31B2F340-016D-11D2-945F-00C04FB984F9}\\gpt.ini The call completed in 63 milliseconds.
1521912084.479705	CBs8sZ2kIbw2QgSdy4	10.47.22.25	58947	10.47.2.153	514	udp	LOCAL0	INFO	1 2018-03-24T09:05:14-07:00 Kramer.jerry.land EvntSLog - - - The system calls to access specified file completed. \\\\jerry.land\\sysvol\\jerry.land\\Policies\\{31B2F340-016D-11D2-945F-00C04FB984F9}\\gpt.ini The call completed in 63 milliseconds.
1521912084.479864	CBs8sZ2kIbw2QgSdy4	10.47.22.25	58947	10.47.2.153	514	udp	LOCAL0	INFO	1 2018-03-24T09:05:14-07:00 Kramer.jerry.land EvntSLog - - - The system calls to access specified file completed. \\\\jerry.land\\sysvol\\jerry.land\\Policies\\{31B2F340-016D-11D2-945F-00C04FB984F9}\\gpt.ini The call completed in 63 milliseconds.
1521912084.488169	CBs8sZ2kIbw2QgSdy4	10.47.22.25	58947	10.47.2.153	514	udp	LOCAL0	INFO	1 2018-03-24T09:05:14-07:00 Kramer.jerry.land EvntSLog - - - Making system calls to access specified file. \\\\jerry.land\\sysvol\\jerry.land\\Policies\\{6AC1786C-016F-11D2-945F-00C04fB984F9}\\gpt.ini
1521912084.488173	CBs8sZ2kIbw2QgSdy4	10.47.22.25	58947	10.47.2.153	514	udp	LOCAL0	INFO	1 2018-03-24T09:05:14-07:00 Kramer.jerry.land EvntSLog - - - Making system calls to access specified file. \\\\jerry.land\\sysvol\\jerry.land\\Policies\\{6AC1786C-016F-11D2-945F-00C04fB984F9}\\gpt.ini
1521912084.488177	CBs8sZ2kIbw2QgSdy4	10.47.22.25	58947	10.47.2.153	514	udp	LOCAL0	INFO	1 2018-03-24T09:05:14-07:00 Kramer.jerry.land EvntSLog - - - Making system calls to access specified file. \\\\jerry.land\\sysvol\\jerry.land\\Policies\\{6AC1786C-016F-11D2-945F-00C04fB984F9}\\gpt.ini
1521912084.488652	CBs8sZ2kIbw2QgSdy4	10.47.22.25	58947	10.47.2.153	514	udp	LOCAL0	INFO	1 2018-03-24T09:05:14-07:00 Kramer.jerry.land EvntSLog - - - Making system calls to access specified file. \\\\jerry.land\\sysvol\\jerry.land\\Policies\\{6AC1786C-016F-11D2-945F-00C04fB984F9}\\gpt.ini
1521912084.504486	CBs8sZ2kIbw2QgSdy4	10.47.22.25	58947	10.47.2.153	514	udp	LOCAL0	INFO	1 2018-03-24T09:05:14-07:00 Kramer.jerry.land EvntSLog - - - The system calls to access specified file completed. \\\\jerry.land\\sysvol\\jerry.land\\Policies\\{6AC1786C-016F-11D2-945F-00C04fB984F9}\\gpt.ini The call completed in 0 milliseconds.
1521912084.504491	CBs8sZ2kIbw2QgSdy4	10.47.22.25	58947	10.47.2.153	514	udp	LOCAL0	INFO	1 2018-03-24T09:05:14-07:00 Kramer.jerry.land EvntSLog - - - The system calls to access specified file completed. \\\\jerry.land\\sysvol\\jerry.land\\Policies\\{6AC1786C-016F-11D2-945F-00C04fB984F9}\\gpt.ini The call completed in 0 milliseconds.
1521912084.504493	CBs8sZ2kIbw2QgSdy4	10.47.22.25	58947	10.47.2.153	514	udp	LOCAL0	INFO	1 2018-03-24T09:05:14-07:00 Kramer.jerry.land EvntSLog - - - The system calls to access specified file completed. \\\\jerry.land\\sysvol\\jerry.land\\Policies\\{6AC1786C-016F-11D2-945F-00C04fB984F9}\\gpt.ini The call completed in 0 milliseconds.
1521912084.504495	CBs8sZ2kIbw2QgSdy4	10.47.22.25	58947	10.47.2.153	514	udp	LOCAL0	INFO	1 2018-03-24T09:05:14-07:00 Kramer.jerry.land EvntSLog - - - The system calls to access specified file completed. \\\\jerry.land\\sysvol\\jerry.land\\Policies\\{6AC1786C-016F-11D2-945F-00C04fB984F9}\\gpt.ini The call completed in 0 milliseconds.
1521912084.520099	CBs8sZ2kIbw2QgSdy4	10.47.22.25	58947	10.47.2.153	514	udp	LOCAL0	INFO	1 2018-03-24T09:05:14-07:00 Kramer.jerry.land EvntSLog - - - List of applicable Group Policy objects: Local Group Policy Default Domain Policy Default Domain Controllers Policy 
1521912084.520101	CBs8sZ2kIbw2QgSdy4	10.47.22.25	58947	10.47.2.153	514	udp	LOCAL0	INFO	1 2018-03-24T09:05:14-07:00 Kramer.jerry.land EvntSLog - - - List of applicable Group Policy objects: Local Group Policy Default Domain Policy Default Domain Controllers Policy 
1521912084.520103	CBs8sZ2kIbw2QgSdy4	10.47.22.25	58947	10.47.2.153	514	udp	LOCAL0	INFO	1 2018-03-24T09:05:14-07:00 Kramer.jerry.land EvntSLog - - - List of applicable Group Policy objects: Local Group Policy Default Domain Policy Default Domain Controllers Policy 
1521912084.520106	CBs8sZ2kIbw2QgSdy4	10.47.22.25	58947	10.47.2.153	514	udp	LOCAL0	INFO	1 2018-03-24T09:05:14-07:00 Kramer.jerry.land EvntSLog - - - List of applicable Group Policy objects: Local Group Policy Default Domain Policy Default Domain Controllers Policy 
1521912084.534575	CBs8sZ2kIbw2QgSdy4	10.47.22.25	58947	10.47.2.153	514	udp	LOCAL0	INFO	1 2018-03-24T09:05:14-07:00 Kramer.jerry.land EvntSLog - - - The following Group Policy objects were not applicable because they were filtered out : None
1521912084.534576	CBs8sZ2kIbw2QgSdy4	10.47.22.25	58947	10.47.2.153	514	udp	LOCAL0	INFO	1 2018-03-24T09:05:14-07:00 Kramer.jerry.land EvntSLog - - - The following Group Policy objects were not applicable because they were filtered out : None
1521912084.534577	CBs8sZ2kIbw2QgSdy4	10.47.22.25	58947	10.47.2.153	514	udp	LOCAL0	INFO	1 2018-03-24T09:05:14-07:00 Kramer.jerry.land EvntSLog - - - The following Group Policy objects were not applicable because they were filtered out : None
1521912084.534578	CBs8sZ2kIbw2QgSdy4	10.47.22.25	58947	10.47.2.153	514	udp	LOCAL0	INFO	1 2018-03-24T09:05:14-07:00 Kramer.jerry.land EvntSLog - - - The following Group Policy objects were not applicable because they were filtered out : None
1521912086.300697	CBs8sZ2kIbw2QgSdy4	10.47.22.25	58947	10.47.2.153	514	udp	LOCAL0	INFO	1 2018-03-24T09:05:16-07:00 Kramer.jerry.land EvntSLog - - - Estimated network bandwidth on one of the connections: 0 kbps.
1521912086.300701	CBs8sZ2kIbw2QgSdy4	10.47.22.25	58947	10.47.2.153	514	udp	LOCAL0	INFO	1 2018-03-24T09:05:16-07:00 Kramer.jerry.land EvntSLog - - - Estimated network bandwidth on one of the connections: 0 kbps.
1521912086.300703	CBs8sZ2kIbw2QgSdy4	10.47.22.25	58947	10.47.2.153	514	udp	LOCAL0	INFO	1 2018-03-24T09:05:16-07:00 Kramer.jerry.land EvntSLog - - - Estimated network bandwidth on one of the connections: 0 kbps.
1521912086.300704	CBs8sZ2kIbw2QgSdy4	10.47.22.25	58947	10.47.2.153	514	udp	LOCAL0	INFO	1 2018-03-24T09:05:16-07:00 Kramer.jerry.land EvntSLog - - - Estimated network bandwidth on one of the connections: 0 kbps.
1521912086.300996	CBs8sZ2kIbw2QgSdy4	10.47.22.25	58947	10.47.2.153	514	udp	LOCAL0	NOTICE	1 2018-03-24T09:05:16-07:00 Kramer.jerry.land EvntSLog - - - An account was logged off. Subject: Security ID: S-1-5-18 Account Name: KRAMER$ Account Domain: JERRY Logon ID: 0x3bd91e4 Logon Type: 3 This event is generated when a logon session is destroyed. It may be positively correlated with a logon event using the Logon ID value. Logon IDs are only unique between reboots on the same computer.
1521912086.301000	CBs8sZ2kIbw2QgSdy4	10.47.22.25	58947	10.47.2.153	514	udp	LOCAL0	NOTICE	1 2018-03-24T09:05:16-07:00 Kramer.jerry.land EvntSLog - - - An account was logged off. Subject: Security ID: S-1-5-18 Account Name: KRAMER$ Account Domain: JERRY Logon ID: 0x3bd91e4 Logon Type: 3 This event is generated when a logon session is destroyed. It may be positively correlated with a logon event using the Logon ID value. Logon IDs are only unique between reboots on the same computer.
1521912086.301002	CBs8sZ2kIbw2QgSdy4	10.47.22.25	58947	10.47.2.153	514	udp	LOCAL0	NOTICE	1 2018-03-24T09:05:16-07:00 Kramer.jerry.land EvntSLog - - - An account was logged off. Subject: Security ID: S-1-5-18 Account Name: KRAMER$ Account Domain: JERRY Logon ID: 0x3bd91e4 Logon Type: 3 This event is generated when a logon session is destroyed. It may be positively correlated with a logon event using the Logon ID value. Logon IDs are only unique between reboots on the same computer.
1521912086.301003	CBs8sZ2kIbw2QgSdy4	10.47.22.25	58947	10.47.2.153	514	udp	LOCAL0	NOTICE	1 2018-03-24T09:05:16-07:00 Kramer.jerry.land EvntSLog - - - An account was logged off. Subject: Security ID: S-1-5-18 Account Name: KRAMER$ Account Domain: JERRY Logon ID: 0x3bd91e4 Logon Type: 3 This event is generated when a logon session is destroyed. It may be positively correlated with a logon event using the Logon ID value. Logon IDs are only unique between reboots on the same computer.
1521912086.314991	CBs8sZ2kIbw2QgSdy4	10.47.22.25	58947	10.47.2.153	514	udp	LOCAL0	INFO	1 2018-03-24T09:05:16-07:00 Kramer.jerry.land EvntSLog - - - Estimated network bandwidth on one of the connections: 0 kbps.
1521912086.314995	CBs8sZ2kIbw2QgSdy4	10.47.22.25	58947	10.47.2.153	514	udp	LOCAL0	INFO	1 2018-03-24T09:05:16-07:00 Kramer.jerry.land EvntSLog - - - Estimated network bandwidth on one of the connections: 0 kbps.
1521912086.314996	CBs8sZ2kIbw2QgSdy4	10.47.22.25	58947	10.47.2.153	514	udp	LOCAL0	INFO	1 2018-03-24T09:05:16-07:00 Kramer.jerry.land EvntSLog - - - Estimated network bandwidth on one of the connections: 0 kbps.
1521912086.314998	CBs8sZ2kIbw2QgSdy4	10.47.22.25	58947	10.47.2.153	514	udp	LOCAL0	INFO	1 2018-03-24T09:05:16-07:00 Kramer.jerry.land EvntSLog - - - Estimated network bandwidth on one of the connections: 0 kbps.
1521912086.329494	CBs8sZ2kIbw2QgSdy4	10.47.22.25	58947	10.47.2.153	514	udp	LOCAL0	INFO	1 2018-03-24T09:05:16-07:00 Kramer.jerry.land EvntSLog - - - A fast link was detected. The Estimated bandwidth is 0 kbps. The slow link threshold is 500 kbps.
1521912086.329496	CBs8sZ2kIbw2QgSdy4	10.47.22.25	58947	10.47.2.153	514	udp	LOCAL0	INFO	1 2018-03-24T09:05:16-07:00 Kramer.jerry.land EvntSLog - - - A fast link was detected. The Estimated bandwidth is 0 kbps. The slow link threshold is 500 kbps.
1521912086.329505	CBs8sZ2kIbw2QgSdy4	10.47.22.25	58947	10.47.2.153	514	udp	LOCAL0	INFO	1 2018-03-24T09:05:16-07:00 Kramer.jerry.land EvntSLog - - - A fast link was detected. The Estimated bandwidth is 0 kbps. The slow link threshold is 500 kbps.
1521912086.329507	CBs8sZ2kIbw2QgSdy4	10.47.22.25	58947	10.47.2.153	514	udp	LOCAL0	INFO	1 2018-03-24T09:05:16-07:00 Kramer.jerry.land EvntSLog - - - A fast link was detected. The Estimated bandwidth is 0 kbps. The slow link threshold is 500 kbps.
1521912086.344742	CBs8sZ2kIbw2QgSdy4	10.47.22.25	58947	10.47.2.153	514	udp	LOCAL0	INFO	1 2018-03-24T09:05:16-07:00 Kramer.jerry.land EvntSLog - - - Checking for Group Policy client extensions that are not part of the system.
1521912086.344745	CBs8sZ2kIbw2QgSdy4	10.47.22.25	58947	10.47.2.153	514	udp	LOCAL0	INFO	1 2018-03-24T09:05:16-07:00 Kramer.jerry.land EvntSLog - - - Checking for Group Policy client extensions that are not part of the system.
1521912086.344747	CBs8sZ2kIbw2QgSdy4	10.47.22.25	58947	10.47.2.153	514	udp	LOCAL0	INFO	1 2018-03-24T09:05:16-07:00 Kramer.jerry.land EvntSLog - - - Checking for Group Policy client extensions that are not part of the system.
1521912086.344991	CBs8sZ2kIbw2QgSdy4	10.47.22.25	58947	10.47.2.153	514	udp	LOCAL0	INFO	1 2018-03-24T09:05:16-07:00 Kramer.jerry.land EvntSLog - - - Checking for Group Policy client extensions that are not part of the system.
1521912086.360629	CBs8sZ2kIbw2QgSdy4	10.47.22.25	58947	10.47.2.153	514	udp	LOCAL0	INFO	1 2018-03-24T09:05:16-07:00 Kramer.jerry.land EvntSLog - - - Service configuration update to standalone is not required and will be skipped.
1521912086.360632	CBs8sZ2kIbw2QgSdy4	10.47.22.25	58947	10.47.2.153	514	udp	LOCAL0	INFO	1 2018-03-24T09:05:16-07:00 Kramer.jerry.land EvntSLog - - - Service configuration update to standalone is not required and will be skipped.
1521912086.360636	CBs8sZ2kIbw2QgSdy4	10.47.22.25	58947	10.47.2.153	514	udp	LOCAL0	INFO	1 2018-03-24T09:05:16-07:00 Kramer.jerry.land EvntSLog - - - Service configuration update to standalone is not required and will be skipped.
1521912086.360638	CBs8sZ2kIbw2QgSdy4	10.47.22.25	58947	10.47.2.153	514	udp	LOCAL0	INFO	1 2018-03-24T09:05:16-07:00 Kramer.jerry.land EvntSLog - - - Service configuration update to standalone is not required and will be skipped.
1521912086.376102	CBs8sZ2kIbw2QgSdy4	10.47.22.25	58947	10.47.2.153	514	udp	LOCAL0	INFO	1 2018-03-24T09:05:16-07:00 Kramer.jerry.land EvntSLog - - - Finished checking for non-system extensions.
1521912086.376104	CBs8sZ2kIbw2QgSdy4	10.47.22.25	58947	10.47.2.153	514	udp	LOCAL0	INFO	1 2018-03-24T09:05:16-07:00 Kramer.jerry.land EvntSLog - - - Finished checking for non-system extensions.
1521912086.376106	CBs8sZ2kIbw2QgSdy4	10.47.22.25	58947	10.47.2.153	514	udp	LOCAL0	INFO	1 2018-03-24T09:05:16-07:00 Kramer.jerry.land EvntSLog - - - Finished checking for non-system extensions.
1521912086.376107	CBs8sZ2kIbw2QgSdy4	10.47.22.25	58947	10.47.2.153	514	udp	LOCAL0	INFO	1 2018-03-24T09:05:16-07:00 Kramer.jerry.land EvntSLog - - - Finished checking for non-system extensions.
1521912086.391505	CBs8sZ2kIbw2QgSdy4	10.47.22.25	58947	10.47.2.153	514	udp	LOCAL0	INFO	1 2018-03-24T09:05:16-07:00 Kramer.jerry.land EvntSLog - - - Completed periodic policy processing for computer JERRY\\KRAMER$ in 4 seconds.
1521912086.391507	CBs8sZ2kIbw2QgSdy4	10.47.22.25	58947	10.47.2.153	514	udp	LOCAL0	INFO	1 2018-03-24T09:05:16-07:00 Kramer.jerry.land EvntSLog - - - Completed periodic policy processing for computer JERRY\\KRAMER$ in 4 seconds.
1521912086.391509	CBs8sZ2kIbw2QgSdy4	10.47.22.25	58947	10.47.2.153	514	udp	LOCAL0	INFO	1 2018-03-24T09:05:16-07:00 Kramer.jerry.land EvntSLog - - - Completed periodic policy processing for computer JERRY\\KRAMER$ in 4 seconds.
1521912086.391511	CBs8sZ2kIbw2QgSdy4	10.47.22.25	58947	10.47.2.153	514	udp	LOCAL0	INFO	1 2018-03-24T09:05:16-07:00 Kramer.jerry.land EvntSLog - - - Completed periodic policy processing for computer JERRY\\KRAMER$ in 4 seconds.
1521912086.407065	CBs8sZ2kIbw2QgSdy4	10.47.22.25	58947	10.47.2.153	514	udp	LOCAL0	INFO	1 2018-03-24T09:05:16-07:00 Kramer.jerry.land EvntSLog - - - Next policy processing for JERRY\\KRAMER$ will be attempted in 5 minutes.
1521912086.407068	CBs8sZ2kIbw2QgSdy4	10.47.22.25	58947	10.47.2.153	514	udp	LOCAL0	INFO	1 2018-03-24T09:05:16-07:00 Kramer.jerry.land EvntSLog - - - Next policy processing for JERRY\\KRAMER$ will be attempted in 5 minutes.
1521912086.407071	CBs8sZ2kIbw2QgSdy4	10.47.22.25	58947	10.47.2.153	514	udp	LOCAL0	INFO	1 2018-03-24T09:05:16-07:00 Kramer.jerry.land EvntSLog - - - Next policy processing for JERRY\\KRAMER$ will be attempted in 5 minutes.
1521912086.407072	CBs8sZ2kIbw2QgSdy4	10.47.22.25	58947	10.47.2.153	514	udp	LOCAL0	INFO	1 2018-03-24T09:05:16-07:00 Kramer.jerry.land EvntSLog - - - Next policy processing for JERRY\\KRAMER$ will be attempted in 5 minutes.
1521912130.915207	CBs8sZ2kIbw2QgSdy4	10.47.22.25	58947	10.47.2.153	514	udp	LOCAL0	NOTICE	1 2018-03-24T09:06:01-07:00 Kramer.jerry.land EvntSLog - - - An account was logged off. Subject: Security ID: S-1-5-18 Account Name: KRAMER$ Account Domain: JERRY Logon ID: 0x3bca9c0 Logon Type: 3 This event is generated when a logon session is destroyed. It may be positively correlated with a logon event using the Logon ID value. Logon IDs are only unique between reboots on the same computer.
1521912130.915211	CBs8sZ2kIbw2QgSdy4	10.47.22.25	58947	10.47.2.153	514	udp	LOCAL0	NOTICE	1 2018-03-24T09:06:01-07:00 Kramer.jerry.land EvntSLog - - - An account was logged off. Subject: Security ID: S-1-5-18 Account Name: KRAMER$ Account Domain: JERRY Logon ID: 0x3bca9c0 Logon Type: 3 This event is generated when a logon session is destroyed. It may be positively correlated with a logon event using the Logon ID value. Logon IDs are only unique between reboots on the same computer.
1521912130.915340	CBs8sZ2kIbw2QgSdy4	10.47.22.25	58947	10.47.2.153	514	udp	LOCAL0	NOTICE	1 2018-03-24T09:06:01-07:00 Kramer.jerry.land EvntSLog - - - An account was logged off. Subject: Security ID: S-1-5-18 Account Name: KRAMER$ Account Domain: JERRY Logon ID: 0x3bca9c0 Logon Type: 3 This event is generated when a logon session is destroyed. It may be positively correlated with a logon event using the Logon ID value. Logon IDs are only unique between reboots on the same computer.
1521912130.915382	CBs8sZ2kIbw2QgSdy4	10.47.22.25	58947	10.47.2.153	514	udp	LOCAL0	NOTICE	1 2018-03-24T09:06:01-07:00 Kramer.jerry.land EvntSLog - - - An account was logged off. Subject: Security ID: S-1-5-18 Account Name: KRAMER$ Account Domain: JERRY Logon ID: 0x3bca9c0 Logon Type: 3 This event is generated when a logon session is destroyed. It may be positively correlated with a logon event using the Logon ID value. Logon IDs are only unique between reboots on the same computer.
1521912150.197957	CBs8sZ2kIbw2QgSdy4	10.47.22.25	58947	10.47.2.153	514	udp	LOCAL0	NOTICE	1 2018-03-24T09:06:20-07:00 Kramer.jerry.land EvntSLog - - - A Kerberos service ticket was requested. Account Information: Account Name: KRAMER$@JERRY.LAND Account Domain: JERRY.LAND Logon GUID: {713E9C41-8C09-2430-4550-9F1F4C94D858} Service Information: Service Name: krbtgt Service ID: S-1-5-21-1311969832-1707640848-2310541705-502 Network Information: Client Address: ::1 Client Port: 0 Additional Information: Ticket Options: 0x60810010 Ticket Encryption Type: 0x17 Failure Code: 0x0 Transited Services: - This event is generated every time access is requested to a resource such as a computer or a Windows service. The service name indicates the resource to which access was requested. This event can be correlated with Windows logon events by comparing the Logon GUID fields in each event. The logon event occurs on the machine that was accessed, which is often a different machine than the domain controller which issued the service ticket. Ticket options, encryption types, and failure codes are defined in RFC 4120.
1521912150.197961	CBs8sZ2kIbw2QgSdy4	10.47.22.25	58947	10.47.2.153	514	udp	LOCAL0	NOTICE	1 2018-03-24T09:06:20-07:00 Kramer.jerry.land EvntSLog - - - A Kerberos service ticket was requested. Account Information: Account Name: KRAMER$@JERRY.LAND Account Domain: JERRY.LAND Logon GUID: {713E9C41-8C09-2430-4550-9F1F4C94D858} Service Information: Service Name: krbtgt Service ID: S-1-5-21-1311969832-1707640848-2310541705-502 Network Information: Client Address: ::1 Client Port: 0 Additional Information: Ticket Options: 0x60810010 Ticket Encryption Type: 0x17 Failure Code: 0x0 Transited Services: - This event is generated every time access is requested to a resource such as a computer or a Windows service. The service name indicates the resource to which access was requested. This event can be correlated with Windows logon events by comparing the Logon GUID fields in each event. The logon event occurs on the machine that was accessed, which is often a different machine than the domain controller which issued the service ticket. Ticket options, encryption types, and failure codes are defined in RFC 4120.
1521912150.197963	CBs8sZ2kIbw2QgSdy4	10.47.22.25	58947	10.47.2.153	514	udp	LOCAL0	NOTICE	1 2018-03-24T09:06:20-07:00 Kramer.jerry.land EvntSLog - - - A Kerberos service ticket was requested. Account Information: Account Name: KRAMER$@JERRY.LAND Account Domain: JERRY.LAND Logon GUID: {713E9C41-8C09-2430-4550-9F1F4C94D858} Service Information: Service Name: krbtgt Service ID: S-1-5-21-1311969832-1707640848-2310541705-502 Network Information: Client Address: ::1 Client Port: 0 Additional Information: Ticket Options: 0x60810010 Ticket Encryption Type: 0x17 Failure Code: 0x0 Transited Services: - This event is generated every time access is requested to a resource such as a computer or a Windows service. The service name indicates the resource to which access was requested. This event can be correlated with Windows logon events by comparing the Logon GUID fields in each event. The logon event occurs on the machine that was accessed, which is often a different machine than the domain controller which issued the service ticket. Ticket options, encryption types, and failure codes are defined in RFC 4120.
1521912150.197966	CBs8sZ2kIbw2QgSdy4	10.47.22.25	58947	10.47.2.153	514	udp	LOCAL0	NOTICE	1 2018-03-24T09:06:20-07:00 Kramer.jerry.land EvntSLog - - - A Kerberos service ticket was requested. Account Information: Account Name: KRAMER$@JERRY.LAND Account Domain: JERRY.LAND Logon GUID: {713E9C41-8C09-2430-4550-9F1F4C94D858} Service Information: Service Name: krbtgt Service ID: S-1-5-21-1311969832-1707640848-2310541705-502 Network Information: Client Address: ::1 Client Port: 0 Additional Information: Ticket Options: 0x60810010 Ticket Encryption Type: 0x17 Failure Code: 0x0 Transited Services: - This event is generated every time access is requested to a resource such as a computer or a Windows service. The service name indicates the resource to which access was requested. This event can be correlated with Windows logon events by comparing the Logon GUID fields in each event. The logon event occurs on the machine that was accessed, which is often a different machine than the domain controller which issued the service ticket. Ticket options, encryption types, and failure codes are defined in RFC 4120.
1521912150.213123	CBs8sZ2kIbw2QgSdy4	10.47.22.25	58947	10.47.2.153	514	udp	LOCAL0	NOTICE	1 2018-03-24T09:06:20-07:00 Kramer.jerry.land EvntSLog - - - Special privileges assigned to new logon. Subject: Security ID: S-1-5-18 Account Name: KRAMER$ Account Domain: JERRY Logon ID: 0x3be0ecf Privileges: SeSecurityPrivilege SeBackupPrivilege SeRestorePrivilege SeTakeOwnershipPrivilege SeDebugPrivilege SeSystemEnvironmentPrivilege SeLoadDriverPrivilege SeImpersonatePrivilege SeEnableDelegationPrivilege
1521912150.213126	CBs8sZ2kIbw2QgSdy4	10.47.22.25	58947	10.47.2.153	514	udp	LOCAL0	NOTICE	1 2018-03-24T09:06:20-07:00 Kramer.jerry.land EvntSLog - - - Special privileges assigned to new logon. Subject: Security ID: S-1-5-18 Account Name: KRAMER$ Account Domain: JERRY Logon ID: 0x3be0ecf Privileges: SeSecurityPrivilege SeBackupPrivilege SeRestorePrivilege SeTakeOwnershipPrivilege SeDebugPrivilege SeSystemEnvironmentPrivilege SeLoadDriverPrivilege SeImpersonatePrivilege SeEnableDelegationPrivilege
1521912150.213128	CBs8sZ2kIbw2QgSdy4	10.47.22.25	58947	10.47.2.153	514	udp	LOCAL0	NOTICE	1 2018-03-24T09:06:20-07:00 Kramer.jerry.land EvntSLog - - - Special privileges assigned to new logon. Subject: Security ID: S-1-5-18 Account Name: KRAMER$ Account Domain: JERRY Logon ID: 0x3be0ecf Privileges: SeSecurityPrivilege SeBackupPrivilege SeRestorePrivilege SeTakeOwnershipPrivilege SeDebugPrivilege SeSystemEnvironmentPrivilege SeLoadDriverPrivilege SeImpersonatePrivilege SeEnableDelegationPrivilege
1521912150.213130	CBs8sZ2kIbw2QgSdy4	10.47.22.25	58947	10.47.2.153	514	udp	LOCAL0	NOTICE	1 2018-03-24T09:06:20-07:00 Kramer.jerry.land EvntSLog - - - Special privileges assigned to new logon. Subject: Security ID: S-1-5-18 Account Name: KRAMER$ Account Domain: JERRY Logon ID: 0x3be0ecf Privileges: SeSecurityPrivilege SeBackupPrivilege SeRestorePrivilege SeTakeOwnershipPrivilege SeDebugPrivilege SeSystemEnvironmentPrivilege SeLoadDriverPrivilege SeImpersonatePrivilege SeEnableDelegationPrivilege
1521912150.228514	CBs8sZ2kIbw2QgSdy4	10.47.22.25	58947	10.47.2.153	514	udp	LOCAL0	NOTICE	1 2018-03-24T09:06:20-07:00 Kramer.jerry.land EvntSLog - - - An account was successfully logged on. Subject: Security ID: S-1-0-0 Account Name: - Account Domain: - Logon ID: 0x0 Logon Type: 3 New Logon: Security ID: S-1-5-18 Account Name: KRAMER$ Account Domain: JERRY Logon ID: 0x3be0ecf Logon GUID: {3CDA3321-6B83-0DB5-0F99-4AA9FC563A93} Process Information: Process ID: 0x0 Process Name: - Network Information: Workstation Name: Source Network Address: ::1 Source Port: 49384 Detailed Authentication Information: Logon Process: Kerberos Authentication Package: Kerberos Transited Services: - Package Name (NTLM only): - Key Length: 0 This event is generated when a logon session is created. It is generated on the computer that was accessed. The subject fields indicate the account on the local system which requested the logon. This is most commonly a service such as the Server service, or a local process such as Winlogon.exe or Services.exe. The logon type field indicates the kind of logon that occurred. The most common types are 2 (interactive) and 3 (network). The New Logon fields indicate the account for whom the new logon was created, i.e. the account that was logged on. The network fields indicate where a remote logon request originated. Workstation name is not always available and may be left blank in some cases. The authentication information fields provide detailed information about this specific logon request. - Logon GUID is a unique identifier that can be used to correlate this event with a KDC event. - Transited services indicate which intermediate services have participated in this logon request. - Package name indicates which sub-protocol was used among the NTLM protocols. - Key length indicates the length of the generated session key. This will be 0 if no session key was requested.
1521912150.228519	CBs8sZ2kIbw2QgSdy4	10.47.22.25	58947	10.47.2.153	514	udp	LOCAL0	NOTICE	1 2018-03-24T09:06:20-07:00 Kramer.jerry.land EvntSLog - - - An account was successfully logged on. Subject: Security ID: S-1-0-0 Account Name: - Account Domain: - Logon ID: 0x0 Logon Type: 3 New Logon: Security ID: S-1-5-18 Account Name: KRAMER$ Account Domain: JERRY Logon ID: 0x3be0ecf Logon GUID: {3CDA3321-6B83-0DB5-0F99-4AA9FC563A93} Process Information: Process ID: 0x0 Process Name: - Network Information: Workstation Name: Source Network Address: ::1 Source Port: 49384 Detailed Authentication Information: Logon Process: Kerberos Authentication Package: Kerberos Transited Services: - Package Name (NTLM only): - Key Length: 0 This event is generated when a logon session is created. It is generated on the computer that was accessed. The subject fields indicate the account on the local system which requested the logon. This is most commonly a service such as the Server service, or a local process such as Winlogon.exe or Services.exe. The logon type field indicates the kind of logon that occurred. The most common types are 2 (interactive) and 3 (network). The New Logon fields indicate the account for whom the new logon was created, i.e. the account that was logged on. The network fields indicate where a remote logon request originated. Workstation name is not always available and may be left blank in some cases. The authentication information fields provide detailed information about this specific logon request. - Logon GUID is a unique identifier that can be used to correlate this event with a KDC event. - Transited services indicate which intermediate services have participated in this logon request. - Package name indicates which sub-protocol was used among the NTLM protocols. - Key length indicates the length of the generated session key. This will be 0 if no session key was requested.
1521912150.228662	CBs8sZ2kIbw2QgSdy4	10.47.22.25	58947	10.47.2.153	514	udp	LOCAL0	NOTICE	1 2018-03-24T09:06:20-07:00 Kramer.jerry.land EvntSLog - - - An account was successfully logged on. Subject: Security ID: S-1-0-0 Account Name: - Account Domain: - Logon ID: 0x0 Logon Type: 3 New Logon: Security ID: S-1-5-18 Account Name: KRAMER$ Account Domain: JERRY Logon ID: 0x3be0ecf Logon GUID: {3CDA3321-6B83-0DB5-0F99-4AA9FC563A93} Process Information: Process ID: 0x0 Process Name: - Network Information: Workstation Name: Source Network Address: ::1 Source Port: 49384 Detailed Authentication Information: Logon Process: Kerberos Authentication Package: Kerberos Transited Services: - Package Name (NTLM only): - Key Length: 0 This event is generated when a logon session is created. It is generated on the computer that was accessed. The subject fields indicate the account on the local system which requested the logon. This is most commonly a service such as the Server service, or a local process such as Winlogon.exe or Services.exe. The logon type field indicates the kind of logon that occurred. The most common types are 2 (interactive) and 3 (network). The New Logon fields indicate the account for whom the new logon was created, i.e. the account that was logged on. The network fields indicate where a remote logon request originated. Workstation name is not always available and may be left blank in some cases. The authentication information fields provide detailed information about this specific logon request. - Logon GUID is a unique identifier that can be used to correlate this event with a KDC event. - Transited services indicate which intermediate services have participated in this logon request. - Package name indicates which sub-protocol was used among the NTLM protocols. - Key length indicates the length of the generated session key. This will be 0 if no session key was requested.
1521912150.228666	CBs8sZ2kIbw2QgSdy4	10.47.22.25	58947	10.47.2.153	514	udp	LOCAL0	NOTICE	1 2018-03-24T09:06:20-07:00 Kramer.jerry.land EvntSLog - - - An account was successfully logged on. Subject: Security ID: S-1-0-0 Account Name: - Account Domain: - Logon ID: 0x0 Logon Type: 3 New Logon: Security ID: S-1-5-18 Account Name: KRAMER$ Account Domain: JERRY Logon ID: 0x3be0ecf Logon GUID: {3CDA3321-6B83-0DB5-0F99-4AA9FC563A93} Process Information: Process ID: 0x0 Process Name: - Network Information: Workstation Name: Source Network Address: ::1 Source Port: 49384 Detailed Authentication Information: Logon Process: Kerberos Authentication Package: Kerberos Transited Services: - Package Name (NTLM only): - Key Length: 0 This event is generated when a logon session is created. It is generated on the computer that was accessed. The subject fields indicate the account on the local system which requested the logon. This is most commonly a service such as the Server service, or a local process such as Winlogon.exe or Services.exe. The logon type field indicates the kind of logon that occurred. The most common types are 2 (interactive) and 3 (network). The New Logon fields indicate the account for whom the new logon was created, i.e. the account that was logged on. The network fields indicate where a remote logon request originated. Workstation name is not always available and may be left blank in some cases. The authentication information fields provide detailed information about this specific logon request. - Logon GUID is a unique identifier that can be used to correlate this event with a KDC event. - Transited services indicate which intermediate services have participated in this logon request. - Package name indicates which sub-protocol was used among the NTLM protocols. - Key length indicates the length of the generated session key. This will be 0 if no session key was requested.
1521912156.266450	CBs8sZ2kIbw2QgSdy4	10.47.22.25	58947	10.47.2.153	514	udp	LOCAL0	NOTICE	1 2018-03-24T09:06:26-07:00 Kramer.jerry.land EvntSLog - - - An account failed to log on. Subject: Security ID: S-1-0-0 Account Name: - Account Domain: - Logon ID: 0x0 Logon Type: 3 Account For Which Logon Failed: Security ID: S-1-0-0 Account Name: administrator Account Domain: WORKSTATION Failure Information: Failure Reason: Unknown user name or bad password. Status: 0xc000006d Sub Status: 0xc000006a Process Information: Caller Process ID: 0x0 Caller Process Name: - Network Information: Workstation Name: WORKSTATION Source Network Address: 10.150.0.20 Source Port: 38370 Detailed Authentication Information: Logon Process: NtLmSsp Authentication Package: NTLM Transited Services: - Package Name (NTLM only): - Key Length: 0 This event is generated when a logon request fails. It is generated on the computer where access was attempted. The Subject fields indicate the account on the local system which requested the logon. This is most commonly a service such as the Server service, or a local process such as Winlogon.exe or Services.exe. The Logon Type field indicates the kind of logon that was requested. The most common types are 2 (interactive) and 3 (network). The Process Information fields indicate which account and process on the system requested the logon. The Network Information fields indicate where a remote logon request originated. Workstation name is not always available and may be left blank in some cases. The authentication information fields provide detailed information about this specific logon request. - Transited services indicate which intermediate services have participated in this logon request. - Package name indicates which sub-protocol was used among the NTLM protocols. - Key length indicates the length of the generated session key. This will be 0 if no session key was requested.
1521912156.266490	CBs8sZ2kIbw2QgSdy4	10.47.22.25	58947	10.47.2.153	514	udp	LOCAL0	NOTICE	1 2018-03-24T09:06:26-07:00 Kramer.jerry.land EvntSLog - - - An account failed to log on. Subject: Security ID: S-1-0-0 Account Name: - Account Domain: - Logon ID: 0x0 Logon Type: 3 Account For Which Logon Failed: Security ID: S-1-0-0 Account Name: administrator Account Domain: WORKSTATION Failure Information: Failure Reason: Unknown user name or bad password. Status: 0xc000006d Sub Status: 0xc000006a Process Information: Caller Process ID: 0x0 Caller Process Name: - Network Information: Workstation Name: WORKSTATION Source Network Address: 10.150.0.20 Source Port: 38370 Detailed Authentication Information: Logon Process: NtLmSsp Authentication Package: NTLM Transited Services: - Package Name (NTLM only): - Key Length: 0 This event is generated when a logon request fails. It is generated on the computer where access was attempted. The Subject fields indicate the account on the local system which requested the logon. This is most commonly a service such as the Server service, or a local process such as Winlogon.exe or Services.exe. The Logon Type field indicates the kind of logon that was requested. The most common types are 2 (interactive) and 3 (network). The Process Information fields indicate which account and process on the system requested the logon. The Network Information fields indicate where a remote logon request originated. Workstation name is not always available and may be left blank in some cases. The authentication information fields provide detailed information about this specific logon request. - Transited services indicate which intermediate services have participated in this logon request. - Package name indicates which sub-protocol was used among the NTLM protocols. - Key length indicates the length of the generated session key. This will be 0 if no session key was requested.
1521912156.266657	CBs8sZ2kIbw2QgSdy4	10.47.22.25	58947	10.47.2.153	514	udp	LOCAL0	NOTICE	1 2018-03-24T09:06:26-07:00 Kramer.jerry.land EvntSLog - - - An account failed to log on. Subject: Security ID: S-1-0-0 Account Name: - Account Domain: - Logon ID: 0x0 Logon Type: 3 Account For Which Logon Failed: Security ID: S-1-0-0 Account Name: administrator Account Domain: WORKSTATION Failure Information: Failure Reason: Unknown user name or bad password. Status: 0xc000006d Sub Status: 0xc000006a Process Information: Caller Process ID: 0x0 Caller Process Name: - Network Information: Workstation Name: WORKSTATION Source Network Address: 10.150.0.20 Source Port: 38370 Detailed Authentication Information: Logon Process: NtLmSsp Authentication Package: NTLM Transited Services: - Package Name (NTLM only): - Key Length: 0 This event is generated when a logon request fails. It is generated on the computer where access was attempted. The Subject fields indicate the account on the local system which requested the logon. This is most commonly a service such as the Server service, or a local process such as Winlogon.exe or Services.exe. The Logon Type field indicates the kind of logon that was requested. The most common types are 2 (interactive) and 3 (network). The Process Information fields indicate which account and process on the system requested the logon. The Network Information fields indicate where a remote logon request originated. Workstation name is not always available and may be left blank in some cases. The authentication information fields provide detailed information about this specific logon request. - Transited services indicate which intermediate services have participated in this logon request. - Package name indicates which sub-protocol was used among the NTLM protocols. - Key length indicates the length of the generated session key. This will be 0 if no session key was requested.
1521912156.266661	CBs8sZ2kIbw2QgSdy4	10.47.22.25	58947	10.47.2.153	514	udp	LOCAL0	NOTICE	1 2018-03-24T09:06:26-07:00 Kramer.jerry.land EvntSLog - - - An account failed to log on. Subject: Security ID: S-1-0-0 Account Name: - Account Domain: - Logon ID: 0x0 Logon Type: 3 Account For Which Logon Failed: Security ID: S-1-0-0 Account Name: administrator Account Domain: WORKSTATION Failure Information: Failure Reason: Unknown user name or bad password. Status: 0xc000006d Sub Status: 0xc000006a Process Information: Caller Process ID: 0x0 Caller Process Name: - Network Information: Workstation Name: WORKSTATION Source Network Address: 10.150.0.20 Source Port: 38370 Detailed Authentication Information: Logon Process: NtLmSsp Authentication Package: NTLM Transited Services: - Package Name (NTLM only): - Key Length: 0 This event is generated when a logon request fails. It is generated on the computer where access was attempted. The Subject fields indicate the account on the local system which requested the logon. This is most commonly a service such as the Server service, or a local process such as Winlogon.exe or Services.exe. The Logon Type field indicates the kind of logon that was requested. The most common types are 2 (interactive) and 3 (network). The Process Information fields indicate which account and process on the system requested the logon. The Network Information fields indicate where a remote logon request originated. Workstation name is not always available and may be left blank in some cases. The authentication information fields provide detailed information about this specific logon request. - Transited services indicate which intermediate services have participated in this logon request. - Package name indicates which sub-protocol was used among the NTLM protocols. - Key length indicates the length of the generated session key. This will be 0 if no session key was requested.
1521912156.282481	CBs8sZ2kIbw2QgSdy4	10.47.22.25	58947	10.47.2.153	514	udp	LOCAL0	NOTICE	1 2018-03-24T09:06:26-07:00 Kramer.jerry.land EvntSLog - - - The domain controller attempted to validate the credentials for an account. Authentication Package: MICROSOFT_AUTHENTICATION_PACKAGE_V1_0 Logon Account: guest Source Workstation: WORKSTATION Error Code: 0x0
1521912156.282485	CBs8sZ2kIbw2QgSdy4	10.47.22.25	58947	10.47.2.153	514	udp	LOCAL0	NOTICE	1 2018-03-24T09:06:26-07:00 Kramer.jerry.land EvntSLog - - - The domain controller attempted to validate the credentials for an account. Authentication Package: MICROSOFT_AUTHENTICATION_PACKAGE_V1_0 Logon Account: guest Source Workstation: WORKSTATION Error Code: 0x0
1521912156.282487	CBs8sZ2kIbw2QgSdy4	10.47.22.25	58947	10.47.2.153	514	udp	LOCAL0	NOTICE	1 2018-03-24T09:06:26-07:00 Kramer.jerry.land EvntSLog - - - The domain controller attempted to validate the credentials for an account. Authentication Package: MICROSOFT_AUTHENTICATION_PACKAGE_V1_0 Logon Account: guest Source Workstation: WORKSTATION Error Code: 0x0
1521912156.282489	CBs8sZ2kIbw2QgSdy4	10.47.22.25	58947	10.47.2.153	514	udp	LOCAL0	NOTICE	1 2018-03-24T09:06:26-07:00 Kramer.jerry.land EvntSLog - - - The domain controller attempted to validate the credentials for an account. Authentication Package: MICROSOFT_AUTHENTICATION_PACKAGE_V1_0 Logon Account: guest Source Workstation: WORKSTATION Error Code: 0x0
1521912156.297560	CBs8sZ2kIbw2QgSdy4	10.47.22.25	58947	10.47.2.153	514	udp	LOCAL0	NOTICE	1 2018-03-24T09:06:26-07:00 Kramer.jerry.land EvntSLog - - - Special privileges assigned to new logon. Subject: Security ID: S-1-5-21-1311969832-1707640848-2310541705-501 Account Name: Guest Account Domain: JERRY Logon ID: 0x3be18e4 Privileges: SeSecurityPrivilege SeBackupPrivilege SeRestorePrivilege SeTakeOwnershipPrivilege SeDebugPrivilege SeSystemEnvironmentPrivilege SeLoadDriverPrivilege SeImpersonatePrivilege SeEnableDelegationPrivilege
1521912156.297563	CBs8sZ2kIbw2QgSdy4	10.47.22.25	58947	10.47.2.153	514	udp	LOCAL0	NOTICE	1 2018-03-24T09:06:26-07:00 Kramer.jerry.land EvntSLog - - - Special privileges assigned to new logon. Subject: Security ID: S-1-5-21-1311969832-1707640848-2310541705-501 Account Name: Guest Account Domain: JERRY Logon ID: 0x3be18e4 Privileges: SeSecurityPrivilege SeBackupPrivilege SeRestorePrivilege SeTakeOwnershipPrivilege SeDebugPrivilege SeSystemEnvironmentPrivilege SeLoadDriverPrivilege SeImpersonatePrivilege SeEnableDelegationPrivilege
1521912156.297565	CBs8sZ2kIbw2QgSdy4	10.47.22.25	58947	10.47.2.153	514	udp	LOCAL0	NOTICE	1 2018-03-24T09:06:26-07:00 Kramer.jerry.land EvntSLog - - - Special privileges assigned to new logon. Subject: Security ID: S-1-5-21-1311969832-1707640848-2310541705-501 Account Name: Guest Account Domain: JERRY Logon ID: 0x3be18e4 Privileges: SeSecurityPrivilege SeBackupPrivilege SeRestorePrivilege SeTakeOwnershipPrivilege SeDebugPrivilege SeSystemEnvironmentPrivilege SeLoadDriverPrivilege SeImpersonatePrivilege SeEnableDelegationPrivilege
1521912156.297567	CBs8sZ2kIbw2QgSdy4	10.47.22.25	58947	10.47.2.153	514	udp	LOCAL0	NOTICE	1 2018-03-24T09:06:26-07:00 Kramer.jerry.land EvntSLog - - - Special privileges assigned to new logon. Subject: Security ID: S-1-5-21-1311969832-1707640848-2310541705-501 Account Name: Guest Account Domain: JERRY Logon ID: 0x3be18e4 Privileges: SeSecurityPrivilege SeBackupPrivilege SeRestorePrivilege SeTakeOwnershipPrivilege SeDebugPrivilege SeSystemEnvironmentPrivilege SeLoadDriverPrivilege SeImpersonatePrivilege SeEnableDelegationPrivilege
1521912156.313589	CBs8sZ2kIbw2QgSdy4	10.47.22.25	58947	10.47.2.153	514	udp	LOCAL0	NOTICE	1 2018-03-24T09:06:26-07:00 Kramer.jerry.land EvntSLog - - - An account was successfully logged on. Subject: Security ID: S-1-0-0 Account Name: - Account Domain: - Logon ID: 0x0 Logon Type: 3 New Logon: Security ID: S-1-5-21-1311969832-1707640848-2310541705-501 Account Name: Guest Account Domain: JERRY Logon ID: 0x3be18e4 Logon GUID: {00000000-0000-0000-0000-000000000000} Process Information: Process ID: 0x0 Process Name: - Network Information: Workstation Name: WORKSTATION Source Network Address: 10.150.0.20 Source Port: 42314 Detailed Authentication Information: Logon Process: NtLmSsp Authentication Package: NTLM Transited Services: - Package Name (NTLM only): NTLM V2 Key Length: 128 This event is generated when a logon session is created. It is generated on the computer that was accessed. The subject fields indicate the account on the local system which requested the logon. This is most commonly a service such as the Server service, or a local process such as Winlogon.exe or Services.exe. The logon type field indicates the kind of logon that occurred. The most common types are 2 (interactive) and 3 (network). The New Logon fields indicate the account for whom the new logon was created, i.e. the account that was logged on. The network fields indicate where a remote logon request originated. Workstation name is not always available and may be left blank in some cases. The authentication information fields provide detailed information about this specific logon request. - Logon GUID is a unique identifier that can be used to correlate this event with a KDC event. - Transited services indicate which intermediate services have participated in this logon request. - Package name indicates which sub-protocol was used among the NTLM protocols. - Key length indicates the length of the generated session key. This will be 0 if no session key was requested.
1521912156.313593	CBs8sZ2kIbw2QgSdy4	10.47.22.25	58947	10.47.2.153	514	udp	LOCAL0	NOTICE	1 2018-03-24T09:06:26-07:00 Kramer.jerry.land EvntSLog - - - An account was successfully logged on. Subject: Security ID: S-1-0-0 Account Name: - Account Domain: - Logon ID: 0x0 Logon Type: 3 New Logon: Security ID: S-1-5-21-1311969832-1707640848-2310541705-501 Account Name: Guest Account Domain: JERRY Logon ID: 0x3be18e4 Logon GUID: {00000000-0000-0000-0000-000000000000} Process Information: Process ID: 0x0 Process Name: - Network Information: Workstation Name: WORKSTATION Source Network Address: 10.150.0.20 Source Port: 42314 Detailed Authentication Information: Logon Process: NtLmSsp Authentication Package: NTLM Transited Services: - Package Name (NTLM only): NTLM V2 Key Length: 128 This event is generated when a logon session is created. It is generated on the computer that was accessed. The subject fields indicate the account on the local system which requested the logon. This is most commonly a service such as the Server service, or a local process such as Winlogon.exe or Services.exe. The logon type field indicates the kind of logon that occurred. The most common types are 2 (interactive) and 3 (network). The New Logon fields indicate the account for whom the new logon was created, i.e. the account that was logged on. The network fields indicate where a remote logon request originated. Workstation name is not always available and may be left blank in some cases. The authentication information fields provide detailed information about this specific logon request. - Logon GUID is a unique identifier that can be used to correlate this event with a KDC event. - Transited services indicate which intermediate services have participated in this logon request. - Package name indicates which sub-protocol was used among the NTLM protocols. - Key length indicates the length of the generated session key. This will be 0 if no session key was requested.
