1521911777.016085	ClIW0K7GCQpzzKukf	10.47.22.25	58947	10.47.2.153	514	udp	LOCAL0	NOTICE	1 2018-03-24T09:00:07-07:00 Kramer.jerry.land EvntSLog - - - An account was logged off. Subject: Security ID: S-1-5-21-1311969832-1707640848-2310541705-1103 Account Name: PC-NEWMAN$ Account Domain: JERRY Logon ID: 0x3bae50d Logon Type: 3 This event is generated when a logon session is destroyed. It may be positively correlated with a logon event using the Logon ID value. Logon IDs are only unique between reboots on the same computer.
1521911777.016088	ClIW0K7GCQpzzKukf	10.47.22.25	58947	10.47.2.153	514	udp	LOCAL0	NOTICE	1 2018-03-24T09:00:07-07:00 Kramer.jerry.land EvntSLog - - - An account was logged off. Subject: Security ID: S-1-5-21-1311969832-1707640848-2310541705-1103 Account Name: PC-NEWMAN$ Account Domain: JERRY Logon ID: 0x3bae50d Logon Type: 3 This event is generated when a logon session is destroyed. It may be positively correlated with a logon event using the Logon ID value. Logon IDs are only unique between reboots on the same computer.
1521911777.016090	ClIW0K7GCQpzzKukf	10.47.22.25	58947	10.47.2.153	514	udp	LOCAL0	NOTICE	1 2018-03-24T09:00:07-07:00 Kramer.jerry.land EvntSLog - - - An account was logged off. Subject: Security ID: S-1-5-21-1311969832-1707640848-2310541705-1103 Account Name: PC-NEWMAN$ Account Domain: JERRY Logon ID: 0x3bae50d Logon Type: 3 This event is generated when a logon session is destroyed. It may be positively correlated with a logon event using the Logon ID value. Logon IDs are only unique between reboots on the same computer.
1521911777.016092	ClIW0K7GCQpzzKukf	10.47.22.25	58947	10.47.2.153	514	udp	LOCAL0	NOTICE	1 2018-03-24T09:00:07-07:00 Kramer.jerry.land EvntSLog - - - An account was logged off. Subject: Security ID: S-1-5-21-1311969832-1707640848-2310541705-1103 Account Name: PC-NEWMAN$ Account Domain: JERRY Logon ID: 0x3bae50d Logon Type: 3 This event is generated when a logon session is destroyed. It may be positively correlated with a logon event using the Logon ID value. Logon IDs are only unique between reboots on the same computer.
1521911777.334848	CTDoHcxsI20hhvY75	10.47.22.80	51899	10.47.2.153	514	udp	LOCAL0	INFO	1 2018-03-24T09:00:07-07:00 PC-newman.jerry.land EvntSLog - - - Estimated network bandwidth on one of the connections: 0 kbps.
1521911777.334852	CTDoHcxsI20hhvY75	10.47.22.80	51899	10.47.2.153	514	udp	LOCAL0	INFO	1 2018-03-24T09:00:07-07:00 PC-newman.jerry.land EvntSLog - - - Estimated network bandwidth on one of the connections: 0 kbps.
1521911777.334865	CTDoHcxsI20hhvY75	10.47.22.80	51899	10.47.2.153	514	udp	LOCAL0	INFO	1 2018-03-24T09:00:07-07:00 PC-newman.jerry.land EvntSLog - - - Estimated network bandwidth on one of the connections: 0 kbps.
1521911777.334870	CTDoHcxsI20hhvY75	10.47.22.80	51899	10.47.2.153	514	udp	LOCAL0	INFO	1 2018-03-24T09:00:07-07:00 PC-newman.jerry.land EvntSLog - - - Estimated network bandwidth on one of the connections: 0 kbps.
1521911777.349995	CTDoHcxsI20hhvY75	10.47.22.80	51899	10.47.2.153	514	udp	LOCAL0	INFO	1 2018-03-24T09:00:07-07:00 PC-newman.jerry.land EvntSLog - - - Estimated network bandwidth on one of the connections: 350224 kbps.
1521911777.350005	CTDoHcxsI20hhvY75	10.47.22.80	51899	10.47.2.153	514	udp	LOCAL0	INFO	1 2018-03-24T09:00:07-07:00 PC-newman.jerry.land EvntSLog - - - Estimated network bandwidth on one of the connections: 350224 kbps.
1521911777.350014	CTDoHcxsI20hhvY75	10.47.22.80	51899	10.47.2.153	514	udp	LOCAL0	INFO	1 2018-03-24T09:00:07-07:00 PC-newman.jerry.land EvntSLog - - - Estimated network bandwidth on one of the connections: 350224 kbps.
1521911777.350018	CTDoHcxsI20hhvY75	10.47.22.80	51899	10.47.2.153	514	udp	LOCAL0	INFO	1 2018-03-24T09:00:07-07:00 PC-newman.jerry.land EvntSLog - - - Estimated network bandwidth on one of the connections: 350224 kbps.
1521911777.361387	CTDoHcxsI20hhvY75	10.47.22.80	51899	10.47.2.153	514	udp	LOCAL0	INFO	1 2018-03-24T09:00:07-07:00 PC-newman.jerry.land EvntSLog - - - A fast link was detected. The Estimated bandwidth is 350224 kbps. The slow link threshold is 500 kbps.
1521911777.361390	CTDoHcxsI20hhvY75	10.47.22.80	51899	10.47.2.153	514	udp	LOCAL0	INFO	1 2018-03-24T09:00:07-07:00 PC-newman.jerry.land EvntSLog - - - A fast link was detected. The Estimated bandwidth is 350224 kbps. The slow link threshold is 500 kbps.
1521911777.361391	CTDoHcxsI20hhvY75	10.47.22.80	51899	10.47.2.153	514	udp	LOCAL0	INFO	1 2018-03-24T09:00:07-07:00 PC-newman.jerry.land EvntSLog - - - A fast link was detected. The Estimated bandwidth is 350224 kbps. The slow link threshold is 500 kbps.
1521911777.361393	CTDoHcxsI20hhvY75	10.47.22.80	51899	10.47.2.153	514	udp	LOCAL0	INFO	1 2018-03-24T09:00:07-07:00 PC-newman.jerry.land EvntSLog - - - A fast link was detected. The Estimated bandwidth is 350224 kbps. The slow link threshold is 500 kbps.
1521911777.368978	CTDoHcxsI20hhvY75	10.47.22.80	51899	10.47.2.153	514	udp	LOCAL0	INFO	1 2018-03-24T09:00:07-07:00 PC-newman.jerry.land EvntSLog - - - Checking for Group Policy client extensions that are not part of the system.
1521911777.368980	CTDoHcxsI20hhvY75	10.47.22.80	51899	10.47.2.153	514	udp	LOCAL0	INFO	1 2018-03-24T09:00:07-07:00 PC-newman.jerry.land EvntSLog - - - Checking for Group Policy client extensions that are not part of the system.
1521911777.369046	CTDoHcxsI20hhvY75	10.47.22.80	51899	10.47.2.153	514	udp	LOCAL0	INFO	1 2018-03-24T09:00:07-07:00 PC-newman.jerry.land EvntSLog - - - Checking for Group Policy client extensions that are not part of the system.
1521911777.369048	CTDoHcxsI20hhvY75	10.47.22.80	51899	10.47.2.153	514	udp	LOCAL0	INFO	1 2018-03-24T09:00:07-07:00 PC-newman.jerry.land EvntSLog - - - Checking for Group Policy client extensions that are not part of the system.
1521911777.379041	CTDoHcxsI20hhvY75	10.47.22.80	51899	10.47.2.153	514	udp	LOCAL0	INFO	1 2018-03-24T09:00:07-07:00 PC-newman.jerry.land EvntSLog - - - Service configuration update to standalone is not required and will be skipped.
1521911777.379043	CTDoHcxsI20hhvY75	10.47.22.80	51899	10.47.2.153	514	udp	LOCAL0	INFO	1 2018-03-24T09:00:07-07:00 PC-newman.jerry.land EvntSLog - - - Service configuration update to standalone is not required and will be skipped.
1521911777.379049	CTDoHcxsI20hhvY75	10.47.22.80	51899	10.47.2.153	514	udp	LOCAL0	INFO	1 2018-03-24T09:00:07-07:00 PC-newman.jerry.land EvntSLog - - - Service configuration update to standalone is not required and will be skipped.
1521911777.379057	CTDoHcxsI20hhvY75	10.47.22.80	51899	10.47.2.153	514	udp	LOCAL0	INFO	1 2018-03-24T09:00:07-07:00 PC-newman.jerry.land EvntSLog - - - Service configuration update to standalone is not required and will be skipped.
1521911777.387918	CTDoHcxsI20hhvY75	10.47.22.80	51899	10.47.2.153	514	udp	LOCAL0	INFO	1 2018-03-24T09:00:07-07:00 PC-newman.jerry.land EvntSLog - - - Finished checking for non-system extensions.
1521911777.387920	CTDoHcxsI20hhvY75	10.47.22.80	51899	10.47.2.153	514	udp	LOCAL0	INFO	1 2018-03-24T09:00:07-07:00 PC-newman.jerry.land EvntSLog - - - Finished checking for non-system extensions.
1521911777.387922	CTDoHcxsI20hhvY75	10.47.22.80	51899	10.47.2.153	514	udp	LOCAL0	INFO	1 2018-03-24T09:00:07-07:00 PC-newman.jerry.land EvntSLog - - - Finished checking for non-system extensions.
1521911777.387924	CTDoHcxsI20hhvY75	10.47.22.80	51899	10.47.2.153	514	udp	LOCAL0	INFO	1 2018-03-24T09:00:07-07:00 PC-newman.jerry.land EvntSLog - - - Finished checking for non-system extensions.
1521911777.401360	CTDoHcxsI20hhvY75	10.47.22.80	51899	10.47.2.153	514	udp	LOCAL0	INFO	1 2018-03-24T09:00:07-07:00 PC-newman.jerry.land EvntSLog - - - Completed periodic policy processing for computer JERRY\\PC-NEWMAN$ in 2 seconds.
1521911777.401362	CTDoHcxsI20hhvY75	10.47.22.80	51899	10.47.2.153	514	udp	LOCAL0	INFO	1 2018-03-24T09:00:07-07:00 PC-newman.jerry.land EvntSLog - - - Completed periodic policy processing for computer JERRY\\PC-NEWMAN$ in 2 seconds.
1521911777.401391	CTDoHcxsI20hhvY75	10.47.22.80	51899	10.47.2.153	514	udp	LOCAL0	INFO	1 2018-03-24T09:00:07-07:00 PC-newman.jerry.land EvntSLog - - - Completed periodic policy processing for computer JERRY\\PC-NEWMAN$ in 2 seconds.
1521911777.401395	CTDoHcxsI20hhvY75	10.47.22.80	51899	10.47.2.153	514	udp	LOCAL0	INFO	1 2018-03-24T09:00:07-07:00 PC-newman.jerry.land EvntSLog - - - Completed periodic policy processing for computer JERRY\\PC-NEWMAN$ in 2 seconds.
1521911777.412687	CTDoHcxsI20hhvY75	10.47.22.80	51899	10.47.2.153	514	udp	LOCAL0	INFO	1 2018-03-24T09:00:07-07:00 PC-newman.jerry.land EvntSLog - - - Next policy processing for JERRY\\PC-NEWMAN$ will be attempted in 94 minutes.
1521911777.412690	CTDoHcxsI20hhvY75	10.47.22.80	51899	10.47.2.153	514	udp	LOCAL0	INFO	1 2018-03-24T09:00:07-07:00 PC-newman.jerry.land EvntSLog - - - Next policy processing for JERRY\\PC-NEWMAN$ will be attempted in 94 minutes.
1521911777.412737	CTDoHcxsI20hhvY75	10.47.22.80	51899	10.47.2.153	514	udp	LOCAL0	INFO	1 2018-03-24T09:00:07-07:00 PC-newman.jerry.land EvntSLog - - - Next policy processing for JERRY\\PC-NEWMAN$ will be attempted in 94 minutes.
1521911777.412747	CTDoHcxsI20hhvY75	10.47.22.80	51899	10.47.2.153	514	udp	LOCAL0	INFO	1 2018-03-24T09:00:07-07:00 PC-newman.jerry.land EvntSLog - - - Next policy processing for JERRY\\PC-NEWMAN$ will be attempted in 94 minutes.
1521911778.032089	ClIW0K7GCQpzzKukf	10.47.22.25	58947	10.47.2.153	514	udp	LOCAL0	INFO	1 2018-03-24T09:00:08-07:00 Kramer.jerry.land EvntSLog - - - Starting periodic policy processing for computer JERRY\\KRAMER$. Activity id: {4C4F0B87-2C68-449D-B4A0-F2E8AAB8711A}
1521911778.032091	ClIW0K7GCQpzzKukf	10.47.22.25	58947	10.47.2.153	514	udp	LOCAL0	INFO	1 2018-03-24T09:00:08-07:00 Kramer.jerry.land EvntSLog - - - Starting periodic policy processing for computer JERRY\\KRAMER$. Activity id: {4C4F0B87-2C68-449D-B4A0-F2E8AAB8711A}
1521911778.032092	ClIW0K7GCQpzzKukf	10.47.22.25	58947	10.47.2.153	514	udp	LOCAL0	INFO	1 2018-03-24T09:00:08-07:00 Kramer.jerry.land EvntSLog - - - Starting periodic policy processing for computer JERRY\\KRAMER$. Activity id: {4C4F0B87-2C68-449D-B4A0-F2E8AAB8711A}
1521911778.032094	ClIW0K7GCQpzzKukf	10.47.22.25	58947	10.47.2.153	514	udp	LOCAL0	INFO	1 2018-03-24T09:00:08-07:00 Kramer.jerry.land EvntSLog - - - Starting periodic policy processing for computer JERRY\\KRAMER$. Activity id: {4C4F0B87-2C68-449D-B4A0-F2E8AAB8711A}
1521911778.032295	ClIW0K7GCQpzzKukf	10.47.22.25	58947	10.47.2.153	514	udp	LOCAL0	NOTICE	1 2018-03-24T09:00:08-07:00 Kramer.jerry.land EvntSLog - - - Special privileges assigned to new logon. Subject: Security ID: S-1-5-18 Account Name: KRAMER$ Account Domain: JERRY Logon ID: 0x3bae917 Privileges: SeSecurityPrivilege SeBackupPrivilege SeRestorePrivilege SeTakeOwnershipPrivilege SeDebugPrivilege SeSystemEnvironmentPrivilege SeLoadDriverPrivilege SeImpersonatePrivilege SeEnableDelegationPrivilege
1521911778.032297	ClIW0K7GCQpzzKukf	10.47.22.25	58947	10.47.2.153	514	udp	LOCAL0	NOTICE	1 2018-03-24T09:00:08-07:00 Kramer.jerry.land EvntSLog - - - Special privileges assigned to new logon. Subject: Security ID: S-1-5-18 Account Name: KRAMER$ Account Domain: JERRY Logon ID: 0x3bae917 Privileges: SeSecurityPrivilege SeBackupPrivilege SeRestorePrivilege SeTakeOwnershipPrivilege SeDebugPrivilege SeSystemEnvironmentPrivilege SeLoadDriverPrivilege SeImpersonatePrivilege SeEnableDelegationPrivilege
1521911778.032305	ClIW0K7GCQpzzKukf	10.47.22.25	58947	10.47.2.153	514	udp	LOCAL0	NOTICE	1 2018-03-24T09:00:08-07:00 Kramer.jerry.land EvntSLog - - - Special privileges assigned to new logon. Subject: Security ID: S-1-5-18 Account Name: KRAMER$ Account Domain: JERRY Logon ID: 0x3bae917 Privileges: SeSecurityPrivilege SeBackupPrivilege SeRestorePrivilege SeTakeOwnershipPrivilege SeDebugPrivilege SeSystemEnvironmentPrivilege SeLoadDriverPrivilege SeImpersonatePrivilege SeEnableDelegationPrivilege
1521911778.032306	ClIW0K7GCQpzzKukf	10.47.22.25	58947	10.47.2.153	514	udp	LOCAL0	NOTICE	1 2018-03-24T09:00:08-07:00 Kramer.jerry.land EvntSLog - - - Special privileges assigned to new logon. Subject: Security ID: S-1-5-18 Account Name: KRAMER$ Account Domain: JERRY Logon ID: 0x3bae917 Privileges: SeSecurityPrivilege SeBackupPrivilege SeRestorePrivilege SeTakeOwnershipPrivilege SeDebugPrivilege SeSystemEnvironmentPrivilege SeLoadDriverPrivilege SeImpersonatePrivilege SeEnableDelegationPrivilege
1521911778.049286	ClIW0K7GCQpzzKukf	10.47.22.25	58947	10.47.2.153	514	udp	LOCAL0	INFO	1 2018-03-24T09:00:08-07:00 Kramer.jerry.land EvntSLog - - - Attempting to retrieve the account information.
1521911778.049288	ClIW0K7GCQpzzKukf	10.47.22.25	58947	10.47.2.153	514	udp	LOCAL0	INFO	1 2018-03-24T09:00:08-07:00 Kramer.jerry.land EvntSLog - - - Attempting to retrieve the account information.
1521911778.049290	ClIW0K7GCQpzzKukf	10.47.22.25	58947	10.47.2.153	514	udp	LOCAL0	INFO	1 2018-03-24T09:00:08-07:00 Kramer.jerry.land EvntSLog - - - Attempting to retrieve the account information.
1521911778.049293	ClIW0K7GCQpzzKukf	10.47.22.25	58947	10.47.2.153	514	udp	LOCAL0	INFO	1 2018-03-24T09:00:08-07:00 Kramer.jerry.land EvntSLog - - - Attempting to retrieve the account information.
1521911778.050206	ClIW0K7GCQpzzKukf	10.47.22.25	58947	10.47.2.153	514	udp	LOCAL0	NOTICE	1 2018-03-24T09:00:08-07:00 Kramer.jerry.land EvntSLog - - - An account was successfully logged on. Subject: Security ID: S-1-0-0 Account Name: - Account Domain: - Logon ID: 0x0 Logon Type: 3 New Logon: Security ID: S-1-5-18 Account Name: KRAMER$ Account Domain: JERRY Logon ID: 0x3bae917 Logon GUID: {36E8BD46-704C-22FA-2CEC-973EB8EFD26B} Process Information: Process ID: 0x0 Process Name: - Network Information: Workstation Name: Source Network Address: ::1 Source Port: 49365 Detailed Authentication Information: Logon Process: Kerberos Authentication Package: Kerberos Transited Services: - Package Name (NTLM only): - Key Length: 0 This event is generated when a logon session is created. It is generated on the computer that was accessed. The subject fields indicate the account on the local system which requested the logon. This is most commonly a service such as the Server service, or a local process such as Winlogon.exe or Services.exe. The logon type field indicates the kind of logon that occurred. The most common types are 2 (interactive) and 3 (network). The New Logon fields indicate the account for whom the new logon was created, i.e. the account that was logged on. The network fields indicate where a remote logon request originated. Workstation name is not always available and may be left blank in some cases. The authentication information fields provide detailed information about this specific logon request. - Logon GUID is a unique identifier that can be used to correlate this event with a KDC event. - Transited services indicate which intermediate services have participated in this logon request. - Package name indicates which sub-protocol was used among the NTLM protocols. - Key length indicates the length of the generated session key. This will be 0 if no session key was requested.
1521911778.050212	ClIW0K7GCQpzzKukf	10.47.22.25	58947	10.47.2.153	514	udp	LOCAL0	NOTICE	1 2018-03-24T09:00:08-07:00 Kramer.jerry.land EvntSLog - - - An account was successfully logged on. Subject: Security ID: S-1-0-0 Account Name: - Account Domain: - Logon ID: 0x0 Logon Type: 3 New Logon: Security ID: S-1-5-18 Account Name: KRAMER$ Account Domain: JERRY Logon ID: 0x3bae917 Logon GUID: {36E8BD46-704C-22FA-2CEC-973EB8EFD26B} Process Information: Process ID: 0x0 Process Name: - Network Information: Workstation Name: Source Network Address: ::1 Source Port: 49365 Detailed Authentication Information: Logon Process: Kerberos Authentication Package: Kerberos Transited Services: - Package Name (NTLM only): - Key Length: 0 This event is generated when a logon session is created. It is generated on the computer that was accessed. The subject fields indicate the account on the local system which requested the logon. This is most commonly a service such as the Server service, or a local process such as Winlogon.exe or Services.exe. The logon type field indicates the kind of logon that occurred. The most common types are 2 (interactive) and 3 (network). The New Logon fields indicate the account for whom the new logon was created, i.e. the account that was logged on. The network fields indicate where a remote logon request originated. Workstation name is not always available and may be left blank in some cases. The authentication information fields provide detailed information about this specific logon request. - Logon GUID is a unique identifier that can be used to correlate this event with a KDC event. - Transited services indicate which intermediate services have participated in this logon request. - Package name indicates which sub-protocol was used among the NTLM protocols. - Key length indicates the length of the generated session key. This will be 0 if no session key was requested.
1521911778.050218	ClIW0K7GCQpzzKukf	10.47.22.25	58947	10.47.2.153	514	udp	LOCAL0	NOTICE	1 2018-03-24T09:00:08-07:00 Kramer.jerry.land EvntSLog - - - An account was successfully logged on. Subject: Security ID: S-1-0-0 Account Name: - Account Domain: - Logon ID: 0x0 Logon Type: 3 New Logon: Security ID: S-1-5-18 Account Name: KRAMER$ Account Domain: JERRY Logon ID: 0x3bae917 Logon GUID: {36E8BD46-704C-22FA-2CEC-973EB8EFD26B} Process Information: Process ID: 0x0 Process Name: - Network Information: Workstation Name: Source Network Address: ::1 Source Port: 49365 Detailed Authentication Information: Logon Process: Kerberos Authentication Package: Kerberos Transited Services: - Package Name (NTLM only): - Key Length: 0 This event is generated when a logon session is created. It is generated on the computer that was accessed. The subject fields indicate the account on the local system which requested the logon. This is most commonly a service such as the Server service, or a local process such as Winlogon.exe or Services.exe. The logon type field indicates the kind of logon that occurred. The most common types are 2 (interactive) and 3 (network). The New Logon fields indicate the account for whom the new logon was created, i.e. the account that was logged on. The network fields indicate where a remote logon request originated. Workstation name is not always available and may be left blank in some cases. The authentication information fields provide detailed information about this specific logon request. - Logon GUID is a unique identifier that can be used to correlate this event with a KDC event. - Transited services indicate which intermediate services have participated in this logon request. - Package name indicates which sub-protocol was used among the NTLM protocols. - Key length indicates the length of the generated session key. This will be 0 if no session key was requested.
1521911778.050222	ClIW0K7GCQpzzKukf	10.47.22.25	58947	10.47.2.153	514	udp	LOCAL0	NOTICE	1 2018-03-24T09:00:08-07:00 Kramer.jerry.land EvntSLog - - - An account was successfully logged on. Subject: Security ID: S-1-0-0 Account Name: - Account Domain: - Logon ID: 0x0 Logon Type: 3 New Logon: Security ID: S-1-5-18 Account Name: KRAMER$ Account Domain: JERRY Logon ID: 0x3bae917 Logon GUID: {36E8BD46-704C-22FA-2CEC-973EB8EFD26B} Process Information: Process ID: 0x0 Process Name: - Network Information: Workstation Name: Source Network Address: ::1 Source Port: 49365 Detailed Authentication Information: Logon Process: Kerberos Authentication Package: Kerberos Transited Services: - Package Name (NTLM only): - Key Length: 0 This event is generated when a logon session is created. It is generated on the computer that was accessed. The subject fields indicate the account on the local system which requested the logon. This is most commonly a service such as the Server service, or a local process such as Winlogon.exe or Services.exe. The logon type field indicates the kind of logon that occurred. The most common types are 2 (interactive) and 3 (network). The New Logon fields indicate the account for whom the new logon was created, i.e. the account that was logged on. The network fields indicate where a remote logon request originated. Workstation name is not always available and may be left blank in some cases. The authentication information fields provide detailed information about this specific logon request. - Logon GUID is a unique identifier that can be used to correlate this event with a KDC event. - Transited services indicate which intermediate services have participated in this logon request. - Package name indicates which sub-protocol was used among the NTLM protocols. - Key length indicates the length of the generated session key. This will be 0 if no session key was requested.
1521911778.062126	ClIW0K7GCQpzzKukf	10.47.22.25	58947	10.47.2.153	514	udp	LOCAL0	INFO	1 2018-03-24T09:00:08-07:00 Kramer.jerry.land EvntSLog - - - Making system call to get account information. 
1521911778.062129	ClIW0K7GCQpzzKukf	10.47.22.25	58947	10.47.2.153	514	udp	LOCAL0	INFO	1 2018-03-24T09:00:08-07:00 Kramer.jerry.land EvntSLog - - - Making system call to get account information. 
1521911778.062131	ClIW0K7GCQpzzKukf	10.47.22.25	58947	10.47.2.153	514	udp	LOCAL0	INFO	1 2018-03-24T09:00:08-07:00 Kramer.jerry.land EvntSLog - - - Making system call to get account information. 
1521911778.062133	ClIW0K7GCQpzzKukf	10.47.22.25	58947	10.47.2.153	514	udp	LOCAL0	INFO	1 2018-03-24T09:00:08-07:00 Kramer.jerry.land EvntSLog - - - Making system call to get account information. 
1521911778.076301	ClIW0K7GCQpzzKukf	10.47.22.25	58947	10.47.2.153	514	udp	LOCAL0	INFO	1 2018-03-24T09:00:08-07:00 Kramer.jerry.land EvntSLog - - - The system call to get account information completed. CN=KRAMER,OU=Domain Controllers,DC=jerry,DC=land The call completed in 0 milliseconds.
1521911778.076303	ClIW0K7GCQpzzKukf	10.47.22.25	58947	10.47.2.153	514	udp	LOCAL0	INFO	1 2018-03-24T09:00:08-07:00 Kramer.jerry.land EvntSLog - - - The system call to get account information completed. CN=KRAMER,OU=Domain Controllers,DC=jerry,DC=land The call completed in 0 milliseconds.
1521911778.076309	ClIW0K7GCQpzzKukf	10.47.22.25	58947	10.47.2.153	514	udp	LOCAL0	INFO	1 2018-03-24T09:00:08-07:00 Kramer.jerry.land EvntSLog - - - The system call to get account information completed. CN=KRAMER,OU=Domain Controllers,DC=jerry,DC=land The call completed in 0 milliseconds.
1521911778.076311	ClIW0K7GCQpzzKukf	10.47.22.25	58947	10.47.2.153	514	udp	LOCAL0	INFO	1 2018-03-24T09:00:08-07:00 Kramer.jerry.land EvntSLog - - - The system call to get account information completed. CN=KRAMER,OU=Domain Controllers,DC=jerry,DC=land The call completed in 0 milliseconds.
1521911778.091867	ClIW0K7GCQpzzKukf	10.47.22.25	58947	10.47.2.153	514	udp	LOCAL0	INFO	1 2018-03-24T09:00:08-07:00 Kramer.jerry.land EvntSLog - - - Retrieved account information.
1521911778.091869	ClIW0K7GCQpzzKukf	10.47.22.25	58947	10.47.2.153	514	udp	LOCAL0	INFO	1 2018-03-24T09:00:08-07:00 Kramer.jerry.land EvntSLog - - - Retrieved account information.
1521911778.091880	ClIW0K7GCQpzzKukf	10.47.22.25	58947	10.47.2.153	514	udp	LOCAL0	INFO	1 2018-03-24T09:00:08-07:00 Kramer.jerry.land EvntSLog - - - Retrieved account information.
1521911778.091918	ClIW0K7GCQpzzKukf	10.47.22.25	58947	10.47.2.153	514	udp	LOCAL0	INFO	1 2018-03-24T09:00:08-07:00 Kramer.jerry.land EvntSLog - - - Retrieved account information.
1521911778.109255	ClIW0K7GCQpzzKukf	10.47.22.25	58947	10.47.2.153	514	udp	LOCAL0	INFO	1 2018-03-24T09:00:08-07:00 Kramer.jerry.land EvntSLog - - - Group Policy is trying to discover the Domain Controller information.
1521911778.109257	ClIW0K7GCQpzzKukf	10.47.22.25	58947	10.47.2.153	514	udp	LOCAL0	INFO	1 2018-03-24T09:00:08-07:00 Kramer.jerry.land EvntSLog - - - Group Policy is trying to discover the Domain Controller information.
1521911778.109259	ClIW0K7GCQpzzKukf	10.47.22.25	58947	10.47.2.153	514	udp	LOCAL0	INFO	1 2018-03-24T09:00:08-07:00 Kramer.jerry.land EvntSLog - - - Group Policy is trying to discover the Domain Controller information.
1521911778.109260	ClIW0K7GCQpzzKukf	10.47.22.25	58947	10.47.2.153	514	udp	LOCAL0	INFO	1 2018-03-24T09:00:08-07:00 Kramer.jerry.land EvntSLog - - - Group Policy is trying to discover the Domain Controller information.
1521911778.123068	ClIW0K7GCQpzzKukf	10.47.22.25	58947	10.47.2.153	514	udp	LOCAL0	INFO	1 2018-03-24T09:00:08-07:00 Kramer.jerry.land EvntSLog - - - Retrieving Domain Controller details.
1521911778.123070	ClIW0K7GCQpzzKukf	10.47.22.25	58947	10.47.2.153	514	udp	LOCAL0	INFO	1 2018-03-24T09:00:08-07:00 Kramer.jerry.land EvntSLog - - - Retrieving Domain Controller details.
1521911778.123071	ClIW0K7GCQpzzKukf	10.47.22.25	58947	10.47.2.153	514	udp	LOCAL0	INFO	1 2018-03-24T09:00:08-07:00 Kramer.jerry.land EvntSLog - - - Retrieving Domain Controller details.
1521911778.123073	ClIW0K7GCQpzzKukf	10.47.22.25	58947	10.47.2.153	514	udp	LOCAL0	INFO	1 2018-03-24T09:00:08-07:00 Kramer.jerry.land EvntSLog - - - Retrieving Domain Controller details.
1521911780.059066	ClIW0K7GCQpzzKukf	10.47.22.25	58947	10.47.2.153	514	udp	LOCAL0	INFO	1 2018-03-24T09:00:10-07:00 Kramer.jerry.land EvntSLog - - - Making LDAP calls to connect and bind to Active Directory. Kramer.jerry.land
1521911780.059070	ClIW0K7GCQpzzKukf	10.47.22.25	58947	10.47.2.153	514	udp	LOCAL0	INFO	1 2018-03-24T09:00:10-07:00 Kramer.jerry.land EvntSLog - - - Making LDAP calls to connect and bind to Active Directory. Kramer.jerry.land
1521911780.059071	ClIW0K7GCQpzzKukf	10.47.22.25	58947	10.47.2.153	514	udp	LOCAL0	INFO	1 2018-03-24T09:00:10-07:00 Kramer.jerry.land EvntSLog - - - Making LDAP calls to connect and bind to Active Directory. Kramer.jerry.land
1521911780.059073	ClIW0K7GCQpzzKukf	10.47.22.25	58947	10.47.2.153	514	udp	LOCAL0	INFO	1 2018-03-24T09:00:10-07:00 Kramer.jerry.land EvntSLog - - - Making LDAP calls to connect and bind to Active Directory. Kramer.jerry.land
1521911780.059260	ClIW0K7GCQpzzKukf	10.47.22.25	58947	10.47.2.153	514	udp	LOCAL0	NOTICE	1 2018-03-24T09:00:10-07:00 Kramer.jerry.land EvntSLog - - - Special privileges assigned to new logon. Subject: Security ID: S-1-5-18 Account Name: KRAMER$ Account Domain: JERRY Logon ID: 0x3baf470 Privileges: SeSecurityPrivilege SeBackupPrivilege SeRestorePrivilege SeTakeOwnershipPrivilege SeDebugPrivilege SeSystemEnvironmentPrivilege SeLoadDriverPrivilege SeImpersonatePrivilege SeEnableDelegationPrivilege
1521911780.059263	ClIW0K7GCQpzzKukf	10.47.22.25	58947	10.47.2.153	514	udp	LOCAL0	NOTICE	1 2018-03-24T09:00:10-07:00 Kramer.jerry.land EvntSLog - - - Special privileges assigned to new logon. Subject: Security ID: S-1-5-18 Account Name: KRAMER$ Account Domain: JERRY Logon ID: 0x3baf470 Privileges: SeSecurityPrivilege SeBackupPrivilege SeRestorePrivilege SeTakeOwnershipPrivilege SeDebugPrivilege SeSystemEnvironmentPrivilege SeLoadDriverPrivilege SeImpersonatePrivilege SeEnableDelegationPrivilege
1521911780.059269	ClIW0K7GCQpzzKukf	10.47.22.25	58947	10.47.2.153	514	udp	LOCAL0	NOTICE	1 2018-03-24T09:00:10-07:00 Kramer.jerry.land EvntSLog - - - Special privileges assigned to new logon. Subject: Security ID: S-1-5-18 Account Name: KRAMER$ Account Domain: JERRY Logon ID: 0x3baf470 Privileges: SeSecurityPrivilege SeBackupPrivilege SeRestorePrivilege SeTakeOwnershipPrivilege SeDebugPrivilege SeSystemEnvironmentPrivilege SeLoadDriverPrivilege SeImpersonatePrivilege SeEnableDelegationPrivilege
1521911780.059273	ClIW0K7GCQpzzKukf	10.47.22.25	58947	10.47.2.153	514	udp	LOCAL0	NOTICE	1 2018-03-24T09:00:10-07:00 Kramer.jerry.land EvntSLog - - - Special privileges assigned to new logon. Subject: Security ID: S-1-5-18 Account Name: KRAMER$ Account Domain: JERRY Logon ID: 0x3baf470 Privileges: SeSecurityPrivilege SeBackupPrivilege SeRestorePrivilege SeTakeOwnershipPrivilege SeDebugPrivilege SeSystemEnvironmentPrivilege SeLoadDriverPrivilege SeImpersonatePrivilege SeEnableDelegationPrivilege
1521911780.075945	ClIW0K7GCQpzzKukf	10.47.22.25	58947	10.47.2.153	514	udp	LOCAL0	INFO	1 2018-03-24T09:00:10-07:00 Kramer.jerry.land EvntSLog - - - The LDAP call to connect and bind to Active Directory completed. Kramer.jerry.land The call completed in 109 milliseconds.
1521911780.075947	ClIW0K7GCQpzzKukf	10.47.22.25	58947	10.47.2.153	514	udp	LOCAL0	INFO	1 2018-03-24T09:00:10-07:00 Kramer.jerry.land EvntSLog - - - The LDAP call to connect and bind to Active Directory completed. Kramer.jerry.land The call completed in 109 milliseconds.
1521911780.075951	ClIW0K7GCQpzzKukf	10.47.22.25	58947	10.47.2.153	514	udp	LOCAL0	INFO	1 2018-03-24T09:00:10-07:00 Kramer.jerry.land EvntSLog - - - The LDAP call to connect and bind to Active Directory completed. Kramer.jerry.land The call completed in 109 milliseconds.
1521911780.075955	ClIW0K7GCQpzzKukf	10.47.22.25	58947	10.47.2.153	514	udp	LOCAL0	INFO	1 2018-03-24T09:00:10-07:00 Kramer.jerry.land EvntSLog - - - The LDAP call to connect and bind to Active Directory completed. Kramer.jerry.land The call completed in 109 milliseconds.
1521911780.076524	ClIW0K7GCQpzzKukf	10.47.22.25	58947	10.47.2.153	514	udp	LOCAL0	NOTICE	1 2018-03-24T09:00:10-07:00 Kramer.jerry.land EvntSLog - - - An account was successfully logged on. Subject: Security ID: S-1-0-0 Account Name: - Account Domain: - Logon ID: 0x0 Logon Type: 3 New Logon: Security ID: S-1-5-18 Account Name: KRAMER$ Account Domain: JERRY Logon ID: 0x3baf470 Logon GUID: {8A226FDA-FE88-F8FC-B6A3-39969F997F6A} Process Information: Process ID: 0x0 Process Name: - Network Information: Workstation Name: Source Network Address: 172.20.0.25 Source Port: 49367 Detailed Authentication Information: Logon Process: Kerberos Authentication Package: Kerberos Transited Services: - Package Name (NTLM only): - Key Length: 0 This event is generated when a logon session is created. It is generated on the computer that was accessed. The subject fields indicate the account on the local system which requested the logon. This is most commonly a service such as the Server service, or a local process such as Winlogon.exe or Services.exe. The logon type field indicates the kind of logon that occurred. The most common types are 2 (interactive) and 3 (network). The New Logon fields indicate the account for whom the new logon was created, i.e. the account that was logged on. The network fields indicate where a remote logon request originated. Workstation name is not always available and may be left blank in some cases. The authentication information fields provide detailed information about this specific logon request. - Logon GUID is a unique identifier that can be used to correlate this event with a KDC event. - Transited services indicate which intermediate services have participated in this logon request. - Package name indicates which sub-protocol was used among the NTLM protocols. - Key length indicates the length of the generated session key. This will be 0 if no session key was requested.
1521911780.076529	ClIW0K7GCQpzzKukf	10.47.22.25	58947	10.47.2.153	514	udp	LOCAL0	NOTICE	1 2018-03-24T09:00:10-07:00 Kramer.jerry.land EvntSLog - - - An account was successfully logged on. Subject: Security ID: S-1-0-0 Account Name: - Account Domain: - Logon ID: 0x0 Logon Type: 3 New Logon: Security ID: S-1-5-18 Account Name: KRAMER$ Account Domain: JERRY Logon ID: 0x3baf470 Logon GUID: {8A226FDA-FE88-F8FC-B6A3-39969F997F6A} Process Information: Process ID: 0x0 Process Name: - Network Information: Workstation Name: Source Network Address: 172.20.0.25 Source Port: 49367 Detailed Authentication Information: Logon Process: Kerberos Authentication Package: Kerberos Transited Services: - Package Name (NTLM only): - Key Length: 0 This event is generated when a logon session is created. It is generated on the computer that was accessed. The subject fields indicate the account on the local system which requested the logon. This is most commonly a service such as the Server service, or a local process such as Winlogon.exe or Services.exe. The logon type field indicates the kind of logon that occurred. The most common types are 2 (interactive) and 3 (network). The New Logon fields indicate the account for whom the new logon was created, i.e. the account that was logged on. The network fields indicate where a remote logon request originated. Workstation name is not always available and may be left blank in some cases. The authentication information fields provide detailed information about this specific logon request. - Logon GUID is a unique identifier that can be used to correlate this event with a KDC event. - Transited services indicate which intermediate services have participated in this logon request. - Package name indicates which sub-protocol was used among the NTLM protocols. - Key length indicates the length of the generated session key. This will be 0 if no session key was requested.
1521911780.076698	ClIW0K7GCQpzzKukf	10.47.22.25	58947	10.47.2.153	514	udp	LOCAL0	NOTICE	1 2018-03-24T09:00:10-07:00 Kramer.jerry.land EvntSLog - - - An account was successfully logged on. Subject: Security ID: S-1-0-0 Account Name: - Account Domain: - Logon ID: 0x0 Logon Type: 3 New Logon: Security ID: S-1-5-18 Account Name: KRAMER$ Account Domain: JERRY Logon ID: 0x3baf470 Logon GUID: {8A226FDA-FE88-F8FC-B6A3-39969F997F6A} Process Information: Process ID: 0x0 Process Name: - Network Information: Workstation Name: Source Network Address: 172.20.0.25 Source Port: 49367 Detailed Authentication Information: Logon Process: Kerberos Authentication Package: Kerberos Transited Services: - Package Name (NTLM only): - Key Length: 0 This event is generated when a logon session is created. It is generated on the computer that was accessed. The subject fields indicate the account on the local system which requested the logon. This is most commonly a service such as the Server service, or a local process such as Winlogon.exe or Services.exe. The logon type field indicates the kind of logon that occurred. The most common types are 2 (interactive) and 3 (network). The New Logon fields indicate the account for whom the new logon was created, i.e. the account that was logged on. The network fields indicate where a remote logon request originated. Workstation name is not always available and may be left blank in some cases. The authentication information fields provide detailed information about this specific logon request. - Logon GUID is a unique identifier that can be used to correlate this event with a KDC event. - Transited services indicate which intermediate services have participated in this logon request. - Package name indicates which sub-protocol was used among the NTLM protocols. - Key length indicates the length of the generated session key. This will be 0 if no session key was requested.
1521911780.076702	ClIW0K7GCQpzzKukf	10.47.22.25	58947	10.47.2.153	514	udp	LOCAL0	NOTICE	1 2018-03-24T09:00:10-07:00 Kramer.jerry.land EvntSLog - - - An account was successfully logged on. Subject: Security ID: S-1-0-0 Account Name: - Account Domain: - Logon ID: 0x0 Logon Type: 3 New Logon: Security ID: S-1-5-18 Account Name: KRAMER$ Account Domain: JERRY Logon ID: 0x3baf470 Logon GUID: {8A226FDA-FE88-F8FC-B6A3-39969F997F6A} Process Information: Process ID: 0x0 Process Name: - Network Information: Workstation Name: Source Network Address: 172.20.0.25 Source Port: 49367 Detailed Authentication Information: Logon Process: Kerberos Authentication Package: Kerberos Transited Services: - Package Name (NTLM only): - Key Length: 0 This event is generated when a logon session is created. It is generated on the computer that was accessed. The subject fields indicate the account on the local system which requested the logon. This is most commonly a service such as the Server service, or a local process such as Winlogon.exe or Services.exe. The logon type field indicates the kind of logon that occurred. The most common types are 2 (interactive) and 3 (network). The New Logon fields indicate the account for whom the new logon was created, i.e. the account that was logged on. The network fields indicate where a remote logon request originated. Workstation name is not always available and may be left blank in some cases. The authentication information fields provide detailed information about this specific logon request. - Logon GUID is a unique identifier that can be used to correlate this event with a KDC event. - Transited services indicate which intermediate services have participated in this logon request. - Package name indicates which sub-protocol was used among the NTLM protocols. - Key length indicates the length of the generated session key. This will be 0 if no session key was requested.
1521911780.090251	ClIW0K7GCQpzzKukf	10.47.22.25	58947	10.47.2.153	514	udp	LOCAL0	INFO	1 2018-03-24T09:00:10-07:00 Kramer.jerry.land EvntSLog - - - Domain Controller details: Domain Controller Name : \\\\Kramer.jerry.land Domain Controller IP Address : \\\\172.20.0.25
1521911780.090256	ClIW0K7GCQpzzKukf	10.47.22.25	58947	10.47.2.153	514	udp	LOCAL0	INFO	1 2018-03-24T09:00:10-07:00 Kramer.jerry.land EvntSLog - - - Domain Controller details: Domain Controller Name : \\\\Kramer.jerry.land Domain Controller IP Address : \\\\172.20.0.25
1521911780.090260	ClIW0K7GCQpzzKukf	10.47.22.25	58947	10.47.2.153	514	udp	LOCAL0	INFO	1 2018-03-24T09:00:10-07:00 Kramer.jerry.land EvntSLog - - - Domain Controller details: Domain Controller Name : \\\\Kramer.jerry.land Domain Controller IP Address : \\\\172.20.0.25
1521911780.090262	ClIW0K7GCQpzzKukf	10.47.22.25	58947	10.47.2.153	514	udp	LOCAL0	INFO	1 2018-03-24T09:00:10-07:00 Kramer.jerry.land EvntSLog - - - Domain Controller details: Domain Controller Name : \\\\Kramer.jerry.land Domain Controller IP Address : \\\\172.20.0.25
1521911780.090605	ClIW0K7GCQpzzKukf	10.47.22.25	58947	10.47.2.153	514	udp	LOCAL0	NOTICE	1 2018-03-24T09:00:10-07:00 Kramer.jerry.land EvntSLog - - - Special privileges assigned to new logon. Subject: Security ID: S-1-5-18 Account Name: KRAMER$ Account Domain: JERRY Logon ID: 0x3baf530 Privileges: SeSecurityPrivilege SeBackupPrivilege SeRestorePrivilege SeTakeOwnershipPrivilege SeDebugPrivilege SeSystemEnvironmentPrivilege SeLoadDriverPrivilege SeImpersonatePrivilege SeEnableDelegationPrivilege
1521911780.090609	ClIW0K7GCQpzzKukf	10.47.22.25	58947	10.47.2.153	514	udp	LOCAL0	NOTICE	1 2018-03-24T09:00:10-07:00 Kramer.jerry.land EvntSLog - - - Special privileges assigned to new logon. Subject: Security ID: S-1-5-18 Account Name: KRAMER$ Account Domain: JERRY Logon ID: 0x3baf530 Privileges: SeSecurityPrivilege SeBackupPrivilege SeRestorePrivilege SeTakeOwnershipPrivilege SeDebugPrivilege SeSystemEnvironmentPrivilege SeLoadDriverPrivilege SeImpersonatePrivilege SeEnableDelegationPrivilege
1521911780.090611	ClIW0K7GCQpzzKukf	10.47.22.25	58947	10.47.2.153	514	udp	LOCAL0	NOTICE	1 2018-03-24T09:00:10-07:00 Kramer.jerry.land EvntSLog - - - Special privileges assigned to new logon. Subject: Security ID: S-1-5-18 Account Name: KRAMER$ Account Domain: JERRY Logon ID: 0x3baf530 Privileges: SeSecurityPrivilege SeBackupPrivilege SeRestorePrivilege SeTakeOwnershipPrivilege SeDebugPrivilege SeSystemEnvironmentPrivilege SeLoadDriverPrivilege SeImpersonatePrivilege SeEnableDelegationPrivilege
1521911780.090612	ClIW0K7GCQpzzKukf	10.47.22.25	58947	10.47.2.153	514	udp	LOCAL0	NOTICE	1 2018-03-24T09:00:10-07:00 Kramer.jerry.land EvntSLog - - - Special privileges assigned to new logon. Subject: Security ID: S-1-5-18 Account Name: KRAMER$ Account Domain: JERRY Logon ID: 0x3baf530 Privileges: SeSecurityPrivilege SeBackupPrivilege SeRestorePrivilege SeTakeOwnershipPrivilege SeDebugPrivilege SeSystemEnvironmentPrivilege SeLoadDriverPrivilege SeImpersonatePrivilege SeEnableDelegationPrivilege
1521911780.106171	ClIW0K7GCQpzzKukf	10.47.22.25	58947	10.47.2.153	514	udp	LOCAL0	INFO	1 2018-03-24T09:00:10-07:00 Kramer.jerry.land EvntSLog - - - Group Policy successfully discovered the Domain Controller in 2121 milliseconds.
1521911780.106175	ClIW0K7GCQpzzKukf	10.47.22.25	58947	10.47.2.153	514	udp	LOCAL0	INFO	1 2018-03-24T09:00:10-07:00 Kramer.jerry.land EvntSLog - - - Group Policy successfully discovered the Domain Controller in 2121 milliseconds.
1521911780.106177	ClIW0K7GCQpzzKukf	10.47.22.25	58947	10.47.2.153	514	udp	LOCAL0	INFO	1 2018-03-24T09:00:10-07:00 Kramer.jerry.land EvntSLog - - - Group Policy successfully discovered the Domain Controller in 2121 milliseconds.
1521911780.106179	ClIW0K7GCQpzzKukf	10.47.22.25	58947	10.47.2.153	514	udp	LOCAL0	INFO	1 2018-03-24T09:00:10-07:00 Kramer.jerry.land EvntSLog - - - Group Policy successfully discovered the Domain Controller in 2121 milliseconds.
1521911780.106723	ClIW0K7GCQpzzKukf	10.47.22.25	58947	10.47.2.153	514	udp	LOCAL0	NOTICE	1 2018-03-24T09:00:10-07:00 Kramer.jerry.land EvntSLog - - - An account was successfully logged on. Subject: Security ID: S-1-0-0 Account Name: - Account Domain: - Logon ID: 0x0 Logon Type: 3 New Logon: Security ID: S-1-5-18 Account Name: KRAMER$ Account Domain: JERRY Logon ID: 0x3baf530 Logon GUID: {8A226FDA-FE88-F8FC-B6A3-39969F997F6A} Process Information: Process ID: 0x0 Process Name: - Network Information: Workstation Name: Source Network Address: ::1 Source Port: 0 Detailed Authentication Information: Logon Process: Kerberos Authentication Package: Kerberos Transited Services: - Package Name (NTLM only): - Key Length: 0 This event is generated when a logon session is created. It is generated on the computer that was accessed. The subject fields indicate the account on the local system which requested the logon. This is most commonly a service such as the Server service, or a local process such as Winlogon.exe or Services.exe. The logon type field indicates the kind of logon that occurred. The most common types are 2 (interactive) and 3 (network). The New Logon fields indicate the account for whom the new logon was created, i.e. the account that was logged on. The network fields indicate where a remote logon request originated. Workstation name is not always available and may be left blank in some cases. The authentication information fields provide detailed information about this specific logon request. - Logon GUID is a unique identifier that can be used to correlate this event with a KDC event. - Transited services indicate which intermediate services have participated in this logon request. - Package name indicates which sub-protocol was used among the NTLM protocols. - Key length indicates the length of the generated session key. This will be 0 if no session key was requested.
1521911780.106727	ClIW0K7GCQpzzKukf	10.47.22.25	58947	10.47.2.153	514	udp	LOCAL0	NOTICE	1 2018-03-24T09:00:10-07:00 Kramer.jerry.land EvntSLog - - - An account was successfully logged on. Subject: Security ID: S-1-0-0 Account Name: - Account Domain: - Logon ID: 0x0 Logon Type: 3 New Logon: Security ID: S-1-5-18 Account Name: KRAMER$ Account Domain: JERRY Logon ID: 0x3baf530 Logon GUID: {8A226FDA-FE88-F8FC-B6A3-39969F997F6A} Process Information: Process ID: 0x0 Process Name: - Network Information: Workstation Name: Source Network Address: ::1 Source Port: 0 Detailed Authentication Information: Logon Process: Kerberos Authentication Package: Kerberos Transited Services: - Package Name (NTLM only): - Key Length: 0 This event is generated when a logon session is created. It is generated on the computer that was accessed. The subject fields indicate the account on the local system which requested the logon. This is most commonly a service such as the Server service, or a local process such as Winlogon.exe or Services.exe. The logon type field indicates the kind of logon that occurred. The most common types are 2 (interactive) and 3 (network). The New Logon fields indicate the account for whom the new logon was created, i.e. the account that was logged on. The network fields indicate where a remote logon request originated. Workstation name is not always available and may be left blank in some cases. The authentication information fields provide detailed information about this specific logon request. - Logon GUID is a unique identifier that can be used to correlate this event with a KDC event. - Transited services indicate which intermediate services have participated in this logon request. - Package name indicates which sub-protocol was used among the NTLM protocols. - Key length indicates the length of the generated session key. This will be 0 if no session key was requested.
1521911780.106872	ClIW0K7GCQpzzKukf	10.47.22.25	58947	10.47.2.153	514	udp	LOCAL0	NOTICE	1 2018-03-24T09:00:10-07:00 Kramer.jerry.land EvntSLog - - - An account was successfully logged on. Subject: Security ID: S-1-0-0 Account Name: - Account Domain: - Logon ID: 0x0 Logon Type: 3 New Logon: Security ID: S-1-5-18 Account Name: KRAMER$ Account Domain: JERRY Logon ID: 0x3baf530 Logon GUID: {8A226FDA-FE88-F8FC-B6A3-39969F997F6A} Process Information: Process ID: 0x0 Process Name: - Network Information: Workstation Name: Source Network Address: ::1 Source Port: 0 Detailed Authentication Information: Logon Process: Kerberos Authentication Package: Kerberos Transited Services: - Package Name (NTLM only): - Key Length: 0 This event is generated when a logon session is created. It is generated on the computer that was accessed. The subject fields indicate the account on the local system which requested the logon. This is most commonly a service such as the Server service, or a local process such as Winlogon.exe or Services.exe. The logon type field indicates the kind of logon that occurred. The most common types are 2 (interactive) and 3 (network). The New Logon fields indicate the account for whom the new logon was created, i.e. the account that was logged on. The network fields indicate where a remote logon request originated. Workstation name is not always available and may be left blank in some cases. The authentication information fields provide detailed information about this specific logon request. - Logon GUID is a unique identifier that can be used to correlate this event with a KDC event. - Transited services indicate which intermediate services have participated in this logon request. - Package name indicates which sub-protocol was used among the NTLM protocols. - Key length indicates the length of the generated session key. This will be 0 if no session key was requested.
1521911780.106876	ClIW0K7GCQpzzKukf	10.47.22.25	58947	10.47.2.153	514	udp	LOCAL0	NOTICE	1 2018-03-24T09:00:10-07:00 Kramer.jerry.land EvntSLog - - - An account was successfully logged on. Subject: Security ID: S-1-0-0 Account Name: - Account Domain: - Logon ID: 0x0 Logon Type: 3 New Logon: Security ID: S-1-5-18 Account Name: KRAMER$ Account Domain: JERRY Logon ID: 0x3baf530 Logon GUID: {8A226FDA-FE88-F8FC-B6A3-39969F997F6A} Process Information: Process ID: 0x0 Process Name: - Network Information: Workstation Name: Source Network Address: ::1 Source Port: 0 Detailed Authentication Information: Logon Process: Kerberos Authentication Package: Kerberos Transited Services: - Package Name (NTLM only): - Key Length: 0 This event is generated when a logon session is created. It is generated on the computer that was accessed. The subject fields indicate the account on the local system which requested the logon. This is most commonly a service such as the Server service, or a local process such as Winlogon.exe or Services.exe. The logon type field indicates the kind of logon that occurred. The most common types are 2 (interactive) and 3 (network). The New Logon fields indicate the account for whom the new logon was created, i.e. the account that was logged on. The network fields indicate where a remote logon request originated. Workstation name is not always available and may be left blank in some cases. The authentication information fields provide detailed information about this specific logon request. - Logon GUID is a unique identifier that can be used to correlate this event with a KDC event. - Transited services indicate which intermediate services have participated in this logon request. - Package name indicates which sub-protocol was used among the NTLM protocols. - Key length indicates the length of the generated session key. This will be 0 if no session key was requested.
1521911780.121764	ClIW0K7GCQpzzKukf	10.47.22.25	58947	10.47.2.153	514	udp	LOCAL0	INFO	1 2018-03-24T09:00:10-07:00 Kramer.jerry.land EvntSLog - - - Computer details: Computer role : 3 Network name : 
1521911780.121766	ClIW0K7GCQpzzKukf	10.47.22.25	58947	10.47.2.153	514	udp	LOCAL0	INFO	1 2018-03-24T09:00:10-07:00 Kramer.jerry.land EvntSLog - - - Computer details: Computer role : 3 Network name : 
1521911780.121770	ClIW0K7GCQpzzKukf	10.47.22.25	58947	10.47.2.153	514	udp	LOCAL0	INFO	1 2018-03-24T09:00:10-07:00 Kramer.jerry.land EvntSLog - - - Computer details: Computer role : 3 Network name : 
1521911780.121772	ClIW0K7GCQpzzKukf	10.47.22.25	58947	10.47.2.153	514	udp	LOCAL0	INFO	1 2018-03-24T09:00:10-07:00 Kramer.jerry.land EvntSLog - - - Computer details: Computer role : 3 Network name : 
1521911780.122106	ClIW0K7GCQpzzKukf	10.47.22.25	58947	10.47.2.153	514	udp	LOCAL0	NOTICE	1 2018-03-24T09:00:10-07:00 Kramer.jerry.land EvntSLog - - - Special privileges assigned to new logon. Subject: Security ID: S-1-5-18 Account Name: KRAMER$ Account Domain: JERRY Logon ID: 0x3baf57e Privileges: SeSecurityPrivilege SeBackupPrivilege SeRestorePrivilege SeTakeOwnershipPrivilege SeDebugPrivilege SeSystemEnvironmentPrivilege SeLoadDriverPrivilege SeImpersonatePrivilege SeEnableDelegationPrivilege
